 ************************************************************************
 * RTSIM - DAVIDSON METHOD SPARSE MATRIX EIGENVALUE/EIGENVECTOR PROGRAM *
 * QUANTUM CHEMISTRY GROUP - INDIANA UNIVERSITY - 13Aug 2013  12:23:59  *
 ************************************************************************



                 DIAGONALIZATION RUN TITLE
                 -------------------------
 )* WATER TEST *



 ) DAVIDSON
 ) LAST=2
 ) COEFF
 ) NOVLP
 ) MAXITR=1000 END

 THE CI MATRIX IS TITLED:  H2O  -SINGLET A1-  STO-3G HF SD-CI TEST
 THE MATRIX IS DATED:     13Aug 2013  12:23:45 
 THE SPIN MULTIPLICITY IS 3 AND THE DIMENSION IS    225.

 ROOTS  1 THROUGH  2 WILL BE OBTAINED.

  
  
  
 AMOUNT OF CORE AVAILABLE                      80000000
 MAXIMUM NUMBER OF VECTORS PER ITERATION              2
 MAXIMUM NUMBER OF VECTORS ON DISK                   16
 NUMBER OF SOLUTIONS SOUGHT                           2
 NUMBER OF SOLUTIONS INVESTIGATED                     2
 SIZE OF MATRIX DIAGONALISED                        225
  
  
 INITIAL GUESS AT ROOTS (OBTAINED FROM DIAGONAL ELEMENTS OF HAMILTONIAN MATRIX)

                1        -644.43677
                2        -642.29758


 ITERATION       ROOT           EIGENVALUE          NORM OF RESIDUAL
     1             1          -644.43676811              2.11047
     1             2          -642.29757709              1.97664
     2             1          -645.09241433              2.14947
     2             2          -643.33897829              6.31518
     2             1          -645.09241433              0.70138
     2             2          -643.33897829              1.58174
     3             1          -645.14326977              0.69594
     3             2          -643.76753940              2.90516
     3             1          -645.14326977              0.13045
     3             2          -643.76753940              0.60139
     4             1          -645.14496264              0.15187
     4             2          -643.81389303              0.91459
     4             1          -645.14496264              0.02238
     4             2          -643.81389303              0.15762
     5             1          -645.14501514              0.02975
     5             2          -643.81696401              0.25128
     5             1          -645.14501514              0.00405
     5             2          -643.81696401              0.03424
     6             1          -645.14501724              0.00735
     6             2          -643.81714930              0.08249
     6             1          -645.14501724              0.00109
     6             2          -643.81714930              0.01028
     7             1          -645.14501736              0.00162
     7             2          -643.81716128              0.01678
     7             1          -645.14501736              0.00020
     7             2          -643.81716128              0.00193
     8             1          -645.14501737              0.00027
     8             2          -643.81716170              0.00294
  truncating with vlp=false 
 TRUNCATION TO 1 VECTOR PER ROOT HAS BEEN PERFORMED
     8             1          -645.14501737              0.00004
     8             2          -643.81716170              0.00045
     ROOT    ITERATION     NUMBER OF PRODUCTS       EIGENVALUE
       1         8                14                -645.1450173663


     9             2          -643.81716173              0.00049
     9             2          -643.81716173              0.00014
    10             2          -643.81716173              0.00022
    10             2          -643.81716173              0.00003
     ROOT    ITERATION     NUMBER OF PRODUCTS       EIGENVALUE
       2        10                16                -643.8171617305


  all roots converged 
  

 ************************************
 COMPLETED CI VECTOR OPTIMISATION
 ************************************





 ********************************
 RESULTS FOR ROOT   01
 TOTAL CI ENERGY =   -645.1450174
 ********************************

       CONF.                                                                           COEFF.
        NO.        SPACE ORBITAL PRODUCTS                                             CONTRIB.      CI COEFFICIENTS

       -----       ----------------------                                             --------   ---------------------
   1.     1   D 1 - 8 S 9 - 10  END                                                     0.9418    0.94185
   2.    20   D 1 - 8 S 9 S 13  END                                                     0.1364    0.13645
   3.     6   D 1 - 5 S 6 D 7 - 9 S 10  END                                             0.1364    0.13644
   4.    42   D 1 - 6 S 7 D 8 S 9 - 11  END                                             0.1041   -0.03567 -0.07718 -0.06001
   5.    35   D 1 - 7 S 8 - 10 S 12  END                                                0.1041    0.09726  0.03362 -0.01543
   6.    29   D 1 - 8 S 10 S 14  END                                                    0.0904    0.09041
   7.     9   D 1 - 4 S 5 D 6 - 8 S 9 D 10  END                                         0.0904   -0.09041
   8.    53   D 1 - 5 S 6 D 7 - 8 S 9 - 10 S 14  END                                    0.0615   -0.05038 -0.01314  0.03277
   9.    60   D 1 - 4 S 5 D 6 - 8 S 9 - 10 S 13  END                                    0.0615    0.00377 -0.05143 -0.03355
  10.    94   S 1 D 2 - 8 S 9 - 10 S 15  END                                            0.0605    0.03394 -0.02580 -0.04287
  11.    73   D 1 - 3 S 4 D 5 - 8 S 9 - 10 S 18  END                                    0.0605    0.03585 -0.02355 -0.04261
  12.    39   D 1 - 7 S 8 - 10 S 16  END                                                0.0592    0.03716 -0.02409 -0.03933
  13.    74   D 1 - 2 S 3 D 4 - 8 S 9 - 11  END                                         0.0592   -0.03108  0.02417  0.04425
  14.    78   D 1 - 2 S 3 D 4 - 8 S 9 - 10 S 15  END                                    0.0518    0.00811 -0.03547 -0.03686
  15.    71   D 1 - 3 S 4 D 5 - 8 S 9 - 10 S 16  END                                    0.0518   -0.04411  0.00146  0.02711
  16.    15   D 1 S 2 D 3 - 8 S 9 D 10  END                                             0.0426    0.04262
  17.    32   D 1 - 8 S 10 S 17  END                                                    0.0426   -0.04262
  18.    41   D 1 - 7 S 8 - 10 S 18  END                                                0.0394   -0.01567  0.02253  0.02830
  19.    90   S 1 D 2 - 8 S 9 - 11  END                                                 0.0394   -0.02851  0.00871  0.02581
  20.    84   D 1 S 2 D 3 - 8 S 9 - 10 S 13  END                                        0.0362   -0.02354  0.01601  0.02238
  21.    56   D 1 - 5 S 6 D 7 - 8 S 9 - 10 S 17  END                                    0.0362    0.01797 -0.01334 -0.02846
  22.    67   D 1 - 3 S 4 D 5 - 8 S 9 - 10 S 12  END                                    0.0230   -0.02207 -0.00336  0.00561
  23.    46   D 1 - 6 S 7 D 8 S 9 - 10 S 15  END                                        0.0230    0.00436  0.01588  0.01608




 POSITION OF FIRST SPIN COUPLING FOR TEN MOST IMPORTANT CONFIGURATIONS
       1     20      6     58     37     29      9     91    112    214



 ********************************
 RESULTS FOR ROOT   02
 TOTAL CI ENERGY =   -643.8171617
 ********************************

       CONF.                                                                           COEFF.
        NO.        SPACE ORBITAL PRODUCTS                                             CONTRIB.      CI COEFFICIENTS

       -----       ----------------------                                             --------   ---------------------
   1.    18   D 1 - 8 S 9 S 11  END                                                     0.6670    0.66702
   2.     2   D 1 - 7 S 8 D 9 S 10  END                                                 0.6670    0.66702
   3.    22   D 1 - 8 S 9 S 15  END                                                     0.1862   -0.18615
   4.    10   D 1 - 3 S 4 D 5 - 9 S 10  END                                             0.1862   -0.18615
   5.    13   D 1 - 2 S 3 D 4 - 8 S 9 D 10  END                                         0.0647    0.06472
   6.    31   D 1 - 8 S 10 S 16  END                                                    0.0647   -0.06472
   7.    69   D 1 - 3 S 4 D 5 - 8 S 9 - 10 S 14  END                                    0.0605    0.04789  0.01185 -0.03510
   8.    62   D 1 - 4 S 5 D 6 - 8 S 9 - 10 S 15  END                                    0.0605   -0.00711  0.05073  0.03226
   9.    44   D 1 - 6 S 7 D 8 S 9 - 10 S 13  END                                        0.0598    0.01763  0.04414  0.03630
  10.    51   D 1 - 5 S 6 D 7 - 8 S 9 - 10 S 12  END                                    0.0598   -0.05632 -0.01678  0.01109
  11.    17   S 1 D 2 - 8 S 9 D 10  END                                                 0.0506    0.05056
  12.    33   D 1 - 8 S 10 S 18  END                                                    0.0506    0.05056
  13.    37   D 1 - 7 S 8 - 10 S 14  END                                                0.0476    0.01971 -0.01419  0.04090
  14.    58   D 1 - 4 S 5 D 6 - 8 S 9 - 11  END                                         0.0476    0.03328 -0.02378  0.02429
  15.    92   S 1 D 2 - 8 S 9 - 10 S 13  END                                            0.0439   -0.02856  0.01576  0.02933
  16.    57   D 1 - 5 S 6 D 7 - 8 S 9 - 10 S 18  END                                    0.0439   -0.02185  0.01989  0.03242
  17.    72   D 1 - 3 S 4 D 5 - 8 S 9 - 10 S 17  END                                    0.0401   -0.02621  0.00609  0.02969
  18.    86   D 1 S 2 D 3 - 8 S 9 - 10 S 15  END                                        0.0401    0.01838 -0.02544 -0.02492
  19.    82   D 1 S 2 D 3 - 8 S 9 - 11  END                                             0.0253    0.00908  0.01162 -0.02053
  20.    40   D 1 - 7 S 8 - 10 S 17  END                                                0.0253   -0.00826  0.02388  0.00071
  21.     5   D 1 - 6 S 7 D 8 S 9 D 10  END                                             0.0040   -0.00399
  22.    27   D 1 - 8 S 10 S 12  END                                                    0.0040   -0.00399
  23.    76   D 1 - 2 S 3 D 4 - 8 S 9 - 10 S 13  END                                    0.0016    0.00036  0.00140 -0.00077
  24.    55   D 1 - 5 S 6 D 7 - 8 S 9 - 10 S 16  END                                    0.0016    0.00016  0.00155 -0.00051




 POSITION OF FIRST SPIN COUPLING FOR TEN MOST IMPORTANT CONFIGURATIONS
      18      2     22     10     13     31    139    118     64     85



 ELAPSED TIME =       0.00 CPU SECONDS. (      0.00 WALL CLOCK SECONDS)
