nohup: ignoring input

   CheMPS2: a spin-adapted implementation of DMRG for ab initio quantum chemistry
   Copyright (C) 2013-2016 Sebastian Wouters

   This program is free software; you can redistribute it and/or modify
   it under the terms of the GNU General Public License as published by
   the Free Software Foundation; either version 2 of the License, or
   (at your option) any later version.

   This program is distributed in the hope that it will be useful,
   but WITHOUT ANY WARRANTY; without even the implied warranty of
   MERCHANTABILITY or FITNESS FOR A PARTICULAR PURPOSE.  See the
   GNU General Public License for more details.

   You should have received a copy of the GNU General Public License along
   with this program; if not, write to the Free Software Foundation, Inc.,
   51 Franklin Street, Fifth Floor, Boston, MA 02110-1301 USA.

   Stats: nIt(DAVIDSON) = 19
Energy at sites (16, 17) is 31.9306968064154
   Stats: nIt(DAVIDSON) = 19
Energy at sites (15, 16) is 27.9596980657157
   Stats: nIt(DAVIDSON) = 51
Energy at sites (14, 15) is 20.7118432775883
   Stats: nIt(DAVIDSON) = 43
Energy at sites (13, 14) is 10.0200695862904
   Stats: nIt(DAVIDSON) = 59
Energy at sites (12, 13) is -2.93608168423498
   Stats: nIt(DAVIDSON) = 54
Energy at sites (11, 12) is -13.4253590729675
   Stats: nIt(DAVIDSON) = 15
Energy at sites (10, 11) is -25.3194873823877
   Stats: nIt(DAVIDSON) = 16
Energy at sites (9, 10) is -33.517318379938
   Stats: nIt(DAVIDSON) = 10
Energy at sites (8, 9) is -33.9836067656955
   Stats: nIt(DAVIDSON) = 11
Energy at sites (7, 8) is -34.1728911083678
   Stats: nIt(DAVIDSON) = 10
Energy at sites (6, 7) is -34.25631707234
   Stats: nIt(DAVIDSON) = 11
Energy at sites (5, 6) is -34.3778488689085
   Stats: nIt(DAVIDSON) = 7
Energy at sites (4, 5) is -34.3775216261276
   Stats: nIt(DAVIDSON) = 1
Energy at sites (3, 4) is -34.377521626128
   Stats: nIt(DAVIDSON) = 1
Energy at sites (2, 3) is -34.3775216261275
   Stats: nIt(DAVIDSON) = 1
Energy at sites (1, 2) is -34.3775216261274
******************************************************************
***  Information on left sweep 0 of instruction 0:
***     Elapsed wall time        = 599.261789 seconds
***       |--> S.join            = 0.057983 seconds
***       |--> S.solve           = 588.454567 seconds
***       |--> S.split           = 1.435142 seconds
***       |--> Tensor update     = 9.313612 seconds
***              |--> create     = 0.109037 seconds
***              |--> destroy    = 0.022357 seconds
***              |--> disk write = 0.3875 seconds
***              |--> disk read  = 0.216578 seconds
***              |--> calc       = 8.578063 seconds
***     Disk write bandwidth     = 2717.55816059728 MB/s
***     Disk read  bandwidth     = 4862.02521982418 MB/s
***     Minimum energy           = -34.3778488689085
***     Maximum discarded weight = 0
******************************************************************
   Stats: nIt(DAVIDSON) = 1
Energy at sites (0, 1) is -34.3775216261275
   Stats: nIt(DAVIDSON) = 1
Energy at sites (1, 2) is -34.3775216261274
   Stats: nIt(DAVIDSON) = 1
Energy at sites (2, 3) is -34.3775216261275
   Stats: nIt(DAVIDSON) = 1
Energy at sites (3, 4) is -34.377521626128
   Stats: nIt(DAVIDSON) = 1
Energy at sites (4, 5) is -34.3775216261274
   Stats: nIt(DAVIDSON) = 9
Energy at sites (5, 6) is -34.3778488689098
   Stats: nIt(DAVIDSON) = 11
Energy at sites (6, 7) is -34.3908174330716
   Stats: nIt(DAVIDSON) = 14
Energy at sites (7, 8) is -34.4467075259952
   Stats: nIt(DAVIDSON) = 18
Energy at sites (8, 9) is -34.825462537179
   Stats: nIt(DAVIDSON) = 18
Energy at sites (9, 10) is -35.083287763033
   Stats: nIt(DAVIDSON) = 13
Energy at sites (10, 11) is -35.2020398136831
   Stats: nIt(DAVIDSON) = 13
Energy at sites (11, 12) is -35.2952418139907
   Stats: nIt(DAVIDSON) = 4
Energy at sites (12, 13) is -35.2952414329464
   Stats: nIt(DAVIDSON) = 1
Energy at sites (13, 14) is -35.2952414329462
   Stats: nIt(DAVIDSON) = 1
Energy at sites (14, 15) is -35.2952414329461
   Stats: nIt(DAVIDSON) = 1
Energy at sites (15, 16) is -35.2952414329463
******************************************************************
***  Information on right sweep 0 of instruction 0:
***     Elapsed wall time        = 352.618882 seconds
***       |--> S.join            = 0.048988 seconds
***       |--> S.solve           = 338.146833 seconds
***       |--> S.split           = 0.972005 seconds
***       |--> Tensor update     = 13.450592 seconds
***              |--> create     = 0.101328 seconds
***              |--> destroy    = 0.021765 seconds
***              |--> disk write = 0.460062 seconds
***              |--> disk read  = 0.219396 seconds
***              |--> calc       = 12.647964 seconds
***     Disk write bandwidth     = 2851.60052375796 MB/s
***     Disk read  bandwidth     = 4799.78571729405 MB/s
***     Minimum energy           = -35.2952418139907
***     Maximum discarded weight = 7.03860911242331e-09
***     Energy difference with respect to previous leftright sweep = 35.2952414329463
******************************************************************
   Stats: nIt(DAVIDSON) = 1
Energy at sites (16, 17) is -35.295241432946
   Stats: nIt(DAVIDSON) = 1
Energy at sites (15, 16) is -35.2952414329463
   Stats: nIt(DAVIDSON) = 1
Energy at sites (14, 15) is -35.2952414329461
   Stats: nIt(DAVIDSON) = 1
Energy at sites (13, 14) is -35.2952414329465
   Stats: nIt(DAVIDSON) = 1
Energy at sites (12, 13) is -35.2952414329461
   Stats: nIt(DAVIDSON) = 6
Energy at sites (11, 12) is -35.2952418106966
   Stats: nIt(DAVIDSON) = 14
Energy at sites (10, 11) is -35.3358744726209
   Stats: nIt(DAVIDSON) = 21
Energy at sites (9, 10) is -35.5192536279401
   Stats: nIt(DAVIDSON) = 30
Energy at sites (8, 9) is -36.8081909844823
   Stats: nIt(DAVIDSON) = 28
Energy at sites (7, 8) is -37.234289292685
   Stats: nIt(DAVIDSON) = 16
Energy at sites (6, 7) is -37.2478740254097
   Stats: nIt(DAVIDSON) = 7
Energy at sites (5, 6) is -37.2478671022724
   Stats: nIt(DAVIDSON) = 1
Energy at sites (4, 5) is -37.2478671022714
   Stats: nIt(DAVIDSON) = 1
Energy at sites (3, 4) is -37.247867102272
   Stats: nIt(DAVIDSON) = 1
Energy at sites (2, 3) is -37.247867102272
   Stats: nIt(DAVIDSON) = 1
Energy at sites (1, 2) is -37.2478671022722
******************************************************************
***  Information on left sweep 1 of instruction 0:
***     Elapsed wall time        = 780.16131 seconds
***       |--> S.join            = 0.04901 seconds
***       |--> S.solve           = 764.653589 seconds
***       |--> S.split           = 1.484382 seconds
***       |--> Tensor update     = 13.9739 seconds
***              |--> create     = 0.091045 seconds
***              |--> destroy    = 0.020485 seconds
***              |--> disk write = 0.503652 seconds
***              |--> disk read  = 0.284091 seconds
***              |--> calc       = 13.07456 seconds
***     Disk write bandwidth     = 2721.31214994838 MB/s
***     Disk read  bandwidth     = 4617.93242362881 MB/s
***     Minimum energy           = -37.2478740254097
***     Maximum discarded weight = 3.90976245106451e-05
******************************************************************
   Stats: nIt(DAVIDSON) = 1
Energy at sites (0, 1) is -37.2478671022721
   Stats: nIt(DAVIDSON) = 1
Energy at sites (1, 2) is -37.2478671022722
   Stats: nIt(DAVIDSON) = 1
Energy at sites (2, 3) is -37.247867102272
   Stats: nIt(DAVIDSON) = 1
Energy at sites (3, 4) is -37.2478671022717
   Stats: nIt(DAVIDSON) = 1
Energy at sites (4, 5) is -37.2478671022716
   Stats: nIt(DAVIDSON) = 1
Energy at sites (5, 6) is -37.2478671022721
   Stats: nIt(DAVIDSON) = 9
Energy at sites (6, 7) is -37.2478751305719
   Stats: nIt(DAVIDSON) = 22
Energy at sites (7, 8) is -37.2489682131049
   Stats: nIt(DAVIDSON) = 31
Energy at sites (8, 9) is -37.3158052741579
   Stats: nIt(DAVIDSON) = 31
Energy at sites (9, 10) is -37.3992587954122
   Stats: nIt(DAVIDSON) = 16
Energy at sites (10, 11) is -37.4042759167173
   Stats: nIt(DAVIDSON) = 10
Energy at sites (11, 12) is -37.4041782972444
   Stats: nIt(DAVIDSON) = 4
Energy at sites (12, 13) is -37.4041783020942
   Stats: nIt(DAVIDSON) = 1
Energy at sites (13, 14) is -37.4041783020949
   Stats: nIt(DAVIDSON) = 1
Energy at sites (14, 15) is -37.4041783020947
   Stats: nIt(DAVIDSON) = 1
Energy at sites (15, 16) is -37.4041783020947
******************************************************************
***  Information on right sweep 1 of instruction 0:
***     Elapsed wall time        = 746.011335 seconds
***       |--> S.join            = 0.029761 seconds
***       |--> S.solve           = 731.862858 seconds
***       |--> S.split           = 1.216139 seconds
***       |--> Tensor update     = 12.902188 seconds
***              |--> create     = 0.082211 seconds
***              |--> destroy    = 0.024507 seconds
***              |--> disk write = 0.493987 seconds
***              |--> disk read  = 0.271298 seconds
***              |--> calc       = 12.030121 seconds
***     Disk write bandwidth     = 2884.12573448625 MB/s
***     Disk read  bandwidth     = 5051.98824519827 MB/s
***     Minimum energy           = -37.4042759167173
***     Maximum discarded weight = 0.000297893965312952
***     Energy difference with respect to previous leftright sweep = 2.10893686914847
******************************************************************
   Stats: nIt(DAVIDSON) = 1
Energy at sites (16, 17) is -37.4041783020949
   Stats: nIt(DAVIDSON) = 1
Energy at sites (15, 16) is -37.4041783020949
   Stats: nIt(DAVIDSON) = 1
Energy at sites (14, 15) is -37.4041783020949
   Stats: nIt(DAVIDSON) = 1
Energy at sites (13, 14) is -37.404178302095
   Stats: nIt(DAVIDSON) = 1
Energy at sites (12, 13) is -37.4041783020945
   Stats: nIt(DAVIDSON) = 1
Energy at sites (11, 12) is -37.4041783020945
   Stats: nIt(DAVIDSON) = 12
Energy at sites (10, 11) is -37.4043476688527
   Stats: nIt(DAVIDSON) = 26
Energy at sites (9, 10) is -37.4104565634944
   Stats: nIt(DAVIDSON) = 32
Energy at sites (8, 9) is -37.4312742233525
   Stats: nIt(DAVIDSON) = 26
Energy at sites (7, 8) is -37.4150788008048
   Stats: nIt(DAVIDSON) = 12
Energy at sites (6, 7) is -37.4144327313888
   Stats: nIt(DAVIDSON) = 6
Energy at sites (5, 6) is -37.4144313074457
   Stats: nIt(DAVIDSON) = 2
Energy at sites (4, 5) is -37.4144313075015
   Stats: nIt(DAVIDSON) = 1
Energy at sites (3, 4) is -37.4144313075016
   Stats: nIt(DAVIDSON) = 1
Energy at sites (2, 3) is -37.4144313075016
   Stats: nIt(DAVIDSON) = 1
Energy at sites (1, 2) is -37.4144313075012
******************************************************************
***  Information on left sweep 2 of instruction 0:
***     Elapsed wall time        = 831.298522 seconds
***       |--> S.join            = 0.035244 seconds
***       |--> S.solve           = 815.616357 seconds
***       |--> S.split           = 1.279676 seconds
***       |--> Tensor update     = 14.366849 seconds
***              |--> create     = 0.080409 seconds
***              |--> destroy    = 0.026502 seconds
***              |--> disk write = 0.502369 seconds
***              |--> disk read  = 0.282007 seconds
***              |--> calc       = 13.475501 seconds
***     Disk write bandwidth     = 2873.97968763355 MB/s
***     Disk read  bandwidth     = 5052.07537118462 MB/s
***     Minimum energy           = -37.4312742233525
***     Maximum discarded weight = 0.000587916602975381
******************************************************************
   Stats: nIt(DAVIDSON) = 1
Energy at sites (0, 1) is -37.4144313075013
   Stats: nIt(DAVIDSON) = 1
Energy at sites (1, 2) is -37.4144313075015
   Stats: nIt(DAVIDSON) = 1
Energy at sites (2, 3) is -37.4144313075016
   Stats: nIt(DAVIDSON) = 1
Energy at sites (3, 4) is -37.4144313075016
   Stats: nIt(DAVIDSON) = 1
Energy at sites (4, 5) is -37.4144313075015
   Stats: nIt(DAVIDSON) = 1
Energy at sites (5, 6) is -37.4144313075014
   Stats: nIt(DAVIDSON) = 7
Energy at sites (6, 7) is -37.414432883736
   Stats: nIt(DAVIDSON) = 19
Energy at sites (7, 8) is -37.4151258199436
   Stats: nIt(DAVIDSON) = 30
Energy at sites (8, 9) is -37.4328731823279
   Stats: nIt(DAVIDSON) = 27
Energy at sites (9, 10) is -37.422082998709
   Stats: nIt(DAVIDSON) = 15
Energy at sites (10, 11) is -37.4161217294463
   Stats: nIt(DAVIDSON) = 9
Energy at sites (11, 12) is -37.4160074890036
   Stats: nIt(DAVIDSON) = 5
Energy at sites (12, 13) is -37.4160075112289
   Stats: nIt(DAVIDSON) = 1
Energy at sites (13, 14) is -37.4160075112292
   Stats: nIt(DAVIDSON) = 1
Energy at sites (14, 15) is -37.4160075112297
   Stats: nIt(DAVIDSON) = 1
Energy at sites (15, 16) is -37.4160075112292
******************************************************************
***  Information on right sweep 2 of instruction 0:
***     Elapsed wall time        = 820.274056 seconds
***       |--> S.join            = 0.043867 seconds
***       |--> S.solve           = 804.937723 seconds
***       |--> S.split           = 1.327548 seconds
***       |--> Tensor update     = 13.96452 seconds
***              |--> create     = 0.080193 seconds
***              |--> destroy    = 0.025389 seconds
***              |--> disk write = 0.504756 seconds
***              |--> disk read  = 0.434236 seconds
***              |--> calc       = 12.919881 seconds
***     Disk write bandwidth     = 2834.43430764304 MB/s
***     Disk read  bandwidth     = 3324.91617852223 MB/s
***     Minimum energy           = -37.4328731823279
***     Maximum discarded weight = 0.000595565750250125
***     Energy difference with respect to previous leftright sweep = 0.0118292091344756
******************************************************************
   Stats: nIt(DAVIDSON) = 1
Energy at sites (16, 17) is -37.4160075112292
   Stats: nIt(DAVIDSON) = 1
Energy at sites (15, 16) is -37.4160075112293
   Stats: nIt(DAVIDSON) = 1
Energy at sites (14, 15) is -37.4160075112295
   Stats: nIt(DAVIDSON) = 1
Energy at sites (13, 14) is -37.4160075112293
   Stats: nIt(DAVIDSON) = 1
Energy at sites (12, 13) is -37.4160075112295
   Stats: nIt(DAVIDSON) = 2
Energy at sites (11, 12) is -37.4160075112391
   Stats: nIt(DAVIDSON) = 11
Energy at sites (10, 11) is -37.4161226508514
   Stats: nIt(DAVIDSON) = 26
Energy at sites (9, 10) is -37.4221836116916
   Stats: nIt(DAVIDSON) = 30
Energy at sites (8, 9) is -37.4347891032584
   Stats: nIt(DAVIDSON) = 26
Energy at sites (7, 8) is -37.4171187532801
   Stats: nIt(DAVIDSON) = 12
Energy at sites (6, 7) is -37.4164342980759
   Stats: nIt(DAVIDSON) = 6
Energy at sites (5, 6) is -37.4164331896475
   Stats: nIt(DAVIDSON) = 3
Energy at sites (4, 5) is -37.41643318974
   Stats: nIt(DAVIDSON) = 1
Energy at sites (3, 4) is -37.4164331897396
   Stats: nIt(DAVIDSON) = 1
Energy at sites (2, 3) is -37.4164331897398
   Stats: nIt(DAVIDSON) = 1
Energy at sites (1, 2) is -37.4164331897398
******************************************************************
***  Information on left sweep 3 of instruction 0:
***     Elapsed wall time        = 1055.221713 seconds
***       |--> S.join            = 0.062038 seconds
***       |--> S.solve           = 1033.426837 seconds
***       |--> S.split           = 1.457926 seconds
***       |--> Tensor update     = 20.274455 seconds
***              |--> create     = 0.080385 seconds
***              |--> destroy    = 0.022791 seconds
***              |--> disk write = 0.513409 seconds
***              |--> disk read  = 2.689007 seconds
***              |--> calc       = 16.968779 seconds
***     Disk write bandwidth     = 2792.42644359752 MB/s
***     Disk read  bandwidth     = 532.05429490837 MB/s
***     Minimum energy           = -37.4347891032584
***     Maximum discarded weight = 0.000608568973364832
******************************************************************
   Stats: nIt(DAVIDSON) = 1
Energy at sites (0, 1) is -37.4164331897401
   Stats: nIt(DAVIDSON) = 1
Energy at sites (1, 2) is -37.4164331897399
   Stats: nIt(DAVIDSON) = 1
Energy at sites (2, 3) is -37.41643318974
   Stats: nIt(DAVIDSON) = 1
Energy at sites (3, 4) is -37.4164331897396
   Stats: nIt(DAVIDSON) = 1
Energy at sites (4, 5) is -37.4164331897398
   Stats: nIt(DAVIDSON) = 1
Energy at sites (5, 6) is -37.4164331897392
   Stats: nIt(DAVIDSON) = 7
Energy at sites (6, 7) is -37.4164343499716
   Stats: nIt(DAVIDSON) = 17
Energy at sites (7, 8) is -37.4171198879251
   Stats: nIt(DAVIDSON) = 30
Energy at sites (8, 9) is -37.4348557342148
   Stats: nIt(DAVIDSON) = 27
Energy at sites (9, 10) is -37.4228115708308
   Stats: nIt(DAVIDSON) = 15
Energy at sites (10, 11) is -37.4167660382273
   Stats: nIt(DAVIDSON) = 9
Energy at sites (11, 12) is -37.4166567891241
   Stats: nIt(DAVIDSON) = 4
Energy at sites (12, 13) is -37.4166568003239
   Stats: nIt(DAVIDSON) = 2
Energy at sites (13, 14) is -37.4166568003319
   Stats: nIt(DAVIDSON) = 1
Energy at sites (14, 15) is -37.4166568003321
   Stats: nIt(DAVIDSON) = 1
Energy at sites (15, 16) is -37.4166568003324
******************************************************************
***  Information on right sweep 3 of instruction 0:
***     Elapsed wall time        = 1082.449483 seconds
***       |--> S.join            = 0.07575 seconds
***       |--> S.solve           = 1063.678612 seconds
***       |--> S.split           = 1.426005 seconds
***       |--> Tensor update     = 17.268649 seconds
***              |--> create     = 0.079616 seconds
***              |--> destroy    = 0.024892 seconds
***              |--> disk write = 0.506068 seconds
***              |--> disk read  = 0.475866 seconds
***              |--> calc       = 16.18213 seconds
***     Disk write bandwidth     = 2826.27433973987 MB/s
***     Disk read  bandwidth     = 3012.73229854824 MB/s
***     Minimum energy           = -37.4348557342148
***     Maximum discarded weight = 0.000608965212025502
***     Energy difference with respect to previous leftright sweep = 0.000649289103137107
******************************************************************
   Stats: nIt(DAVIDSON) = 1
Energy at sites (16, 17) is -37.4166568003318
   Stats: nIt(DAVIDSON) = 1
Energy at sites (15, 16) is -37.4166568003323
   Stats: nIt(DAVIDSON) = 1
Energy at sites (14, 15) is -37.416656800332
   Stats: nIt(DAVIDSON) = 1
Energy at sites (13, 14) is -37.4166568003315
   Stats: nIt(DAVIDSON) = 1
Energy at sites (12, 13) is -37.4166568003321
   Stats: nIt(DAVIDSON) = 2
Energy at sites (11, 12) is -37.4166568003387
   Stats: nIt(DAVIDSON) = 11
Energy at sites (10, 11) is -37.4167663897445
   Stats: nIt(DAVIDSON) = 26
Energy at sites (9, 10) is -37.4228263616172
   Stats: nIt(DAVIDSON) = 30
Energy at sites (8, 9) is -37.4350666354167
   Stats: nIt(DAVIDSON) = 25
Energy at sites (7, 8) is -37.4173219467302
   Stats: nIt(DAVIDSON) = 12
Energy at sites (6, 7) is -37.4166341073824
   Stats: nIt(DAVIDSON) = 6
Energy at sites (5, 6) is -37.4166330484588
   Stats: nIt(DAVIDSON) = 2
Energy at sites (4, 5) is -37.4166330485602
   Stats: nIt(DAVIDSON) = 2
Energy at sites (3, 4) is -37.4166330485622
   Stats: nIt(DAVIDSON) = 1
Energy at sites (2, 3) is -37.4166330485618
   Stats: nIt(DAVIDSON) = 1
Energy at sites (1, 2) is -37.4166330485618
******************************************************************
***  Information on left sweep 4 of instruction 0:
***     Elapsed wall time        = 1135.156355 seconds
***       |--> S.join            = 0.077831 seconds
***       |--> S.solve           = 1115.185859 seconds
***       |--> S.split           = 1.445573 seconds
***       |--> Tensor update     = 18.446638 seconds
***              |--> create     = 0.077112 seconds
***              |--> destroy    = 0.021722 seconds
***              |--> disk write = 0.509914 seconds
***              |--> disk read  = 0.296416 seconds
***              |--> calc       = 17.541402 seconds
***     Disk write bandwidth     = 2807.02419379232 MB/s
***     Disk read  bandwidth     = 4825.26922488488 MB/s
***     Minimum energy           = -37.4350666354167
***     Maximum discarded weight = 0.000613373924202228
******************************************************************
   Stats: nIt(DAVIDSON) = 1
Energy at sites (0, 1) is -37.4166330485618
   Stats: nIt(DAVIDSON) = 1
Energy at sites (1, 2) is -37.416633048562
   Stats: nIt(DAVIDSON) = 1
Energy at sites (2, 3) is -37.4166330485617
   Stats: nIt(DAVIDSON) = 1
Energy at sites (3, 4) is -37.4166330485617
   Stats: nIt(DAVIDSON) = 1
Energy at sites (4, 5) is -37.4166330485622
   Stats: nIt(DAVIDSON) = 1
Energy at sites (5, 6) is -37.4166330485627
   Stats: nIt(DAVIDSON) = 7
Energy at sites (6, 7) is -37.4166341387374
   Stats: nIt(DAVIDSON) = 17
Energy at sites (7, 8) is -37.4173225525124
   Stats: nIt(DAVIDSON) = 30
Energy at sites (8, 9) is -37.4350795706821
   Stats: nIt(DAVIDSON) = 27
Energy at sites (9, 10) is -37.4229313532172
   Stats: nIt(DAVIDSON) = 15
Energy at sites (10, 11) is -37.4168542572539
   Stats: nIt(DAVIDSON) = 9
Energy at sites (11, 12) is -37.4167442997513
   Stats: nIt(DAVIDSON) = 5
Energy at sites (12, 13) is -37.416744319448
   Stats: nIt(DAVIDSON) = 2
Energy at sites (13, 14) is -37.4167443194831
   Stats: nIt(DAVIDSON) = 1
Energy at sites (14, 15) is -37.4167443194835
   Stats: nIt(DAVIDSON) = 1
Energy at sites (15, 16) is -37.4167443194835
******************************************************************
***  Information on right sweep 4 of instruction 0:
***     Elapsed wall time        = 1089.338289 seconds
***       |--> S.join            = 0.078011 seconds
***       |--> S.solve           = 1070.63417 seconds
***       |--> S.split           = 1.448251 seconds
***       |--> Tensor update     = 17.1774 seconds
***              |--> create     = 0.077429 seconds
***              |--> destroy    = 0.026191 seconds
***              |--> disk write = 0.521121 seconds
***              |--> disk read  = 0.31056 seconds
***              |--> calc       = 16.242009 seconds
***     Disk write bandwidth     = 2746.30322039906 MB/s
***     Disk read  bandwidth     = 4608.90306141621 MB/s
***     Minimum energy           = -37.4350795706821
***     Maximum discarded weight = 0.000613236791002709
***     Energy difference with respect to previous leftright sweep = 8.75191511795492e-05
******************************************************************
***  Information on completed instruction 0:
***     The reduced virtual dimension DSU(2)               = 1000
***     Minimum energy encountered during all instructions = -37.4350795706821
***     Minimum energy encountered during the last sweep   = -37.4350795706821
***     Maximum discarded weight during the last sweep     = 0.000613236791002709
******************************************************************
   Stats: nIt(DAVIDSON) = 1
********************************************
***  2-RDM and Correlations calculation  ***
********************************************
   N(N-1)                     = 306
   Double trace of DMRG 2-RDM = 306
   Energy obtained by Heff at edge   = -37.4167443194832
   Econst + 0.5 * trace(2DM-A * Ham) = -37.4167443195025
   NOON of irrep Ag = [ 1.97363635292111 , 1.96609822562241 , 1.94287550960758 , 1.8705160611445 , 1.18473902149111 , 0.246319998859794 , 0.0817997091497777 , 0.0428067608913009 , 0.028258495073506 ].
   NOON of irrep Au = [ 1.97185536126492 , 1.95733275956786 , 1.91836605678811 , 1.75322605269404 , 0.814769602850306 , 0.129608307160101 , 0.0572890719765817 , 0.0340252447627576 , 0.0264774081742487 ].
   Single-orbital entropies (Hamiltonian index order is used!) = [ 0.141436735190673 , 0.150014341099492 , 0.175592803521295 , 0.216745062680503 , 0.281273484650273 , 0.385038312146429 , 0.553463794445269 , 0.779157099706878 , 1.26447970425842 , 1.26335984388151 , 0.778834291115923 , 0.553914552146399 , 0.385736128362514 , 0.282037057461607 , 0.217430388268183 , 0.176206381584166 , 0.150565105998395 , 0.142034129125409 ].
   Idistance(0) = 2.60656970573081
   Idistance(1) = 10.4718585427337
   Idistance(2) = 80.7157019457566
***************************************************
***  Timing information 2-RDM and Correlations  ***
***************************************************
***     Elapsed wall time        = 77.091011 seconds
***       |--> MPS gauge change  = 0.391415 seconds
***       |--> Diagram calc      = 34.117807 seconds
***       |--> Tensor update     = 42.5406 seconds
***              |--> create     = 0.168592 seconds
***              |--> destroy    = 0.0472670000000001 seconds
***              |--> disk write = 1.073379 seconds
***              |--> disk read  = 0.674294 seconds
***              |--> calc       = 40.576591 seconds
***     Disk write bandwidth     = 2666.86459292583 MB/s
***     Disk read  bandwidth     = 4245.2646025178 MB/s
***************************************************
   Stats: nIt(DAVIDSON) = 14
Energy at sites (16, 17) is 32.5902341976609
   Stats: nIt(DAVIDSON) = 18
Energy at sites (15, 16) is 22.6367353846803
   Stats: nIt(DAVIDSON) = 14
Energy at sites (14, 15) is 14.0329757905886
   Stats: nIt(DAVIDSON) = 19
Energy at sites (13, 14) is 3.05857316162133
   Stats: nIt(DAVIDSON) = 11
Energy at sites (12, 13) is -14.342787237511
   Stats: nIt(DAVIDSON) = 10
Energy at sites (11, 12) is -21.8152667508225
   Stats: nIt(DAVIDSON) = 11
Energy at sites (10, 11) is -29.9055125602549
   Stats: nIt(DAVIDSON) = 10
Energy at sites (9, 10) is -31.2412204239522
   Stats: nIt(DAVIDSON) = 10
Energy at sites (8, 9) is -31.7665247836991
   Stats: nIt(DAVIDSON) = 12
Energy at sites (7, 8) is -32.2449275197744
   Stats: nIt(DAVIDSON) = 11
Energy at sites (6, 7) is -32.323080846358
   Stats: nIt(DAVIDSON) = 11
Energy at sites (5, 6) is -32.3745292969928
   Stats: nIt(DAVIDSON) = 7
Energy at sites (4, 5) is -32.3743339447539
   Stats: nIt(DAVIDSON) = 1
Energy at sites (3, 4) is -32.3743339447538
   Stats: nIt(DAVIDSON) = 1
Energy at sites (2, 3) is -32.3743339447536
   Stats: nIt(DAVIDSON) = 1
Energy at sites (1, 2) is -32.3743339447534
******************************************************************
***  Information on left sweep 0 of instruction 0:
***     Elapsed wall time        = 403.151799 seconds
***       |--> S.join            = 0.060969 seconds
***       |--> S.solve           = 391.219169 seconds
***       |--> S.split           = 1.28699 seconds
***       |--> Tensor update     = 10.584087 seconds
***              |--> create     = 0.105933 seconds
***              |--> destroy    = 0.029793 seconds
***              |--> disk write = 0.46086 seconds
***              |--> disk read  = 0.24321 seconds
***              |--> calc       = 9.744187 seconds
***     Disk write bandwidth     = 2287.27281349678 MB/s
***     Disk read  bandwidth     = 4333.97636195556 MB/s
***     Minimum energy           = -32.3745292969928
***     Maximum discarded weight = 0
******************************************************************
   Stats: nIt(DAVIDSON) = 1
Energy at sites (0, 1) is -32.3743339447536
   Stats: nIt(DAVIDSON) = 1
Energy at sites (1, 2) is -32.3743339447533
   Stats: nIt(DAVIDSON) = 1
Energy at sites (2, 3) is -32.3743339447536
   Stats: nIt(DAVIDSON) = 1
Energy at sites (3, 4) is -32.374333944754
   Stats: nIt(DAVIDSON) = 1
Energy at sites (4, 5) is -32.3743339447532
   Stats: nIt(DAVIDSON) = 9
Energy at sites (5, 6) is -32.3745292969939
   Stats: nIt(DAVIDSON) = 12
Energy at sites (6, 7) is -32.3913082347837
   Stats: nIt(DAVIDSON) = 16
Energy at sites (7, 8) is -32.4676608686909
   Stats: nIt(DAVIDSON) = 20
Energy at sites (8, 9) is -33.7279795513462
   Stats: nIt(DAVIDSON) = 16
Energy at sites (9, 10) is -33.9541298302509
   Stats: nIt(DAVIDSON) = 14
Energy at sites (10, 11) is -34.0961131023739
   Stats: nIt(DAVIDSON) = 14
Energy at sites (11, 12) is -34.1787180110107
   Stats: nIt(DAVIDSON) = 5
Energy at sites (12, 13) is -34.1787174323607
   Stats: nIt(DAVIDSON) = 1
Energy at sites (13, 14) is -34.1787174323609
   Stats: nIt(DAVIDSON) = 1
Energy at sites (14, 15) is -34.1787174323608
   Stats: nIt(DAVIDSON) = 1
Energy at sites (15, 16) is -34.1787174323607
******************************************************************
***  Information on right sweep 0 of instruction 0:
***     Elapsed wall time        = 450.359256 seconds
***       |--> S.join            = 0.055066 seconds
***       |--> S.solve           = 434.298048 seconds
***       |--> S.split           = 0.959035 seconds
***       |--> Tensor update     = 15.046457 seconds
***              |--> create     = 0.098812 seconds
***              |--> destroy    = 0.028088 seconds
***              |--> disk write = 0.460343 seconds
***              |--> disk read  = 0.283125 seconds
***              |--> calc       = 14.175973 seconds
***     Disk write bandwidth     = 2877.66254130285 MB/s
***     Disk read  bandwidth     = 3723.13483029801 MB/s
***     Minimum energy           = -34.1787180110107
***     Maximum discarded weight = 1.11023407247933e-08
***     Energy difference with respect to previous leftright sweep = 34.1787174323607
******************************************************************
The overlap between the current state and state 0 is : 0.0103908166821499
   Stats: nIt(DAVIDSON) = 1
Energy at sites (16, 17) is -34.1787174323604
   Stats: nIt(DAVIDSON) = 1
Energy at sites (15, 16) is -34.1787174323607
   Stats: nIt(DAVIDSON) = 1
Energy at sites (14, 15) is -34.1787174323608
   Stats: nIt(DAVIDSON) = 1
Energy at sites (13, 14) is -34.1787174323607
   Stats: nIt(DAVIDSON) = 1
Energy at sites (12, 13) is -34.1787174323602
   Stats: nIt(DAVIDSON) = 7
Energy at sites (11, 12) is -34.1787180052799
   Stats: nIt(DAVIDSON) = 14
Energy at sites (10, 11) is -34.207467053928
   Stats: nIt(DAVIDSON) = 19
Energy at sites (9, 10) is -34.4408101286475
   Stats: nIt(DAVIDSON) = 32
Energy at sites (8, 9) is -35.7133692673947
   Stats: nIt(DAVIDSON) = 28
Energy at sites (7, 8) is -36.2439833953966
   Stats: nIt(DAVIDSON) = 18
Energy at sites (6, 7) is -36.2599368285758
   Stats: nIt(DAVIDSON) = 8
Energy at sites (5, 6) is -36.2599268438962
   Stats: nIt(DAVIDSON) = 1
Energy at sites (4, 5) is -36.2599268438959
   Stats: nIt(DAVIDSON) = 1
Energy at sites (3, 4) is -36.2599268438964
   Stats: nIt(DAVIDSON) = 1
Energy at sites (2, 3) is -36.2599268438963
   Stats: nIt(DAVIDSON) = 1
Energy at sites (1, 2) is -36.2599268438964
******************************************************************
***  Information on left sweep 1 of instruction 0:
***     Elapsed wall time        = 955.502052 seconds
***       |--> S.join            = 0.068335 seconds
***       |--> S.solve           = 937.262168 seconds
***       |--> S.split           = 1.457351 seconds
***       |--> Tensor update     = 16.713762 seconds
***              |--> create     = 0.085842 seconds
***              |--> destroy    = 0.030172 seconds
***              |--> disk write = 0.542936 seconds
***              |--> disk read  = 0.300777 seconds
***              |--> calc       = 15.75392 seconds
***     Disk write bandwidth     = 2548.83647363755 MB/s
***     Disk read  bandwidth     = 4404.29889004471 MB/s
***     Minimum energy           = -36.2599368285758
***     Maximum discarded weight = 2.85376721950503e-05
******************************************************************
   Stats: nIt(DAVIDSON) = 1
Energy at sites (0, 1) is -36.2599268438965
   Stats: nIt(DAVIDSON) = 1
Energy at sites (1, 2) is -36.259926843896
   Stats: nIt(DAVIDSON) = 1
Energy at sites (2, 3) is -36.2599268438963
   Stats: nIt(DAVIDSON) = 1
Energy at sites (3, 4) is -36.2599268438965
   Stats: nIt(DAVIDSON) = 1
Energy at sites (4, 5) is -36.2599268438957
   Stats: nIt(DAVIDSON) = 1
Energy at sites (5, 6) is -36.2599268438967
   Stats: nIt(DAVIDSON) = 9
Energy at sites (6, 7) is -36.2599394048334
   Stats: nIt(DAVIDSON) = 22
Energy at sites (7, 8) is -36.2618204365871
   Stats: nIt(DAVIDSON) = 36
Energy at sites (8, 9) is -36.3503111239566
   Stats: nIt(DAVIDSON) = 36
Energy at sites (9, 10) is -36.4977579006488
   Stats: nIt(DAVIDSON) = 20
Energy at sites (10, 11) is -36.5072535965507
   Stats: nIt(DAVIDSON) = 11
Energy at sites (11, 12) is -36.5072154504581
   Stats: nIt(DAVIDSON) = 3
Energy at sites (12, 13) is -36.5072154510904
   Stats: nIt(DAVIDSON) = 1
Energy at sites (13, 14) is -36.5072154510901
   Stats: nIt(DAVIDSON) = 1
Energy at sites (14, 15) is -36.5072154510898
   Stats: nIt(DAVIDSON) = 1
Energy at sites (15, 16) is -36.50721545109
******************************************************************
***  Information on right sweep 1 of instruction 0:
***     Elapsed wall time        = 1070.334181 seconds
***       |--> S.join            = 0.067466 seconds
***       |--> S.solve           = 1052.426531 seconds
***       |--> S.split           = 1.224485 seconds
***       |--> Tensor update     = 16.615282 seconds
***              |--> create     = 0.080624 seconds
***              |--> destroy    = 0.027844 seconds
***              |--> disk write = 0.511658 seconds
***              |--> disk read  = 0.280105 seconds
***              |--> calc       = 15.714976 seconds
***     Disk write bandwidth     = 2824.8704881552 MB/s
***     Disk read  bandwidth     = 4940.48688759886 MB/s
***     Minimum energy           = -36.5072535965507
***     Maximum discarded weight = 0.000263998638039672
***     Energy difference with respect to previous leftright sweep = 2.32849801872931
******************************************************************
The overlap between the current state and state 0 is : -0.00134053910421249
   Stats: nIt(DAVIDSON) = 1
Energy at sites (16, 17) is -36.50721545109
   Stats: nIt(DAVIDSON) = 1
Energy at sites (15, 16) is -36.50721545109
   Stats: nIt(DAVIDSON) = 1
Energy at sites (14, 15) is -36.5072154510901
   Stats: nIt(DAVIDSON) = 1
Energy at sites (13, 14) is -36.5072154510899
   Stats: nIt(DAVIDSON) = 1
Energy at sites (12, 13) is -36.5072154510901
   Stats: nIt(DAVIDSON) = 1
Energy at sites (11, 12) is -36.5072154510897
   Stats: nIt(DAVIDSON) = 13
Energy at sites (10, 11) is -36.5073787471559
   Stats: nIt(DAVIDSON) = 25
Energy at sites (9, 10) is -36.5148667598396
   Stats: nIt(DAVIDSON) = 36
Energy at sites (8, 9) is -36.5383113892038
   Stats: nIt(DAVIDSON) = 27
Energy at sites (7, 8) is -36.5260977568248
   Stats: nIt(DAVIDSON) = 13
Energy at sites (6, 7) is -36.5250805941356
   Stats: nIt(DAVIDSON) = 6
Energy at sites (5, 6) is -36.525080106649
   Stats: nIt(DAVIDSON) = 3
Energy at sites (4, 5) is -36.5250801071986
   Stats: nIt(DAVIDSON) = 1
Energy at sites (3, 4) is -36.5250801071988
   Stats: nIt(DAVIDSON) = 1
Energy at sites (2, 3) is -36.5250801071989
   Stats: nIt(DAVIDSON) = 1
Energy at sites (1, 2) is -36.525080107199
******************************************************************
***  Information on left sweep 2 of instruction 0:
***     Elapsed wall time        = 1061.760466 seconds
***       |--> S.join            = 0.058658 seconds
***       |--> S.solve           = 1043.949114 seconds
***       |--> S.split           = 1.360807 seconds
***       |--> Tensor update     = 16.391494 seconds
***              |--> create     = 0.078344 seconds
***              |--> destroy    = 0.02515 seconds
***              |--> disk write = 0.515384 seconds
***              |--> disk read  = 0.291154 seconds
***              |--> calc       = 15.48137 seconds
***     Disk write bandwidth     = 2846.85090152061 MB/s
***     Disk read  bandwidth     = 4964.27177448538 MB/s
***     Minimum energy           = -36.5383113892038
***     Maximum discarded weight = 0.000565608271408238
******************************************************************
   Stats: nIt(DAVIDSON) = 1
Energy at sites (0, 1) is -36.5250801071988
   Stats: nIt(DAVIDSON) = 1
Energy at sites (1, 2) is -36.5250801071989
   Stats: nIt(DAVIDSON) = 1
Energy at sites (2, 3) is -36.5250801071989
   Stats: nIt(DAVIDSON) = 1
Energy at sites (3, 4) is -36.525080107199
   Stats: nIt(DAVIDSON) = 1
Energy at sites (4, 5) is -36.5250801071989
   Stats: nIt(DAVIDSON) = 1
Energy at sites (5, 6) is -36.5250801071993
   Stats: nIt(DAVIDSON) = 7
Energy at sites (6, 7) is -36.5250807208035
   Stats: nIt(DAVIDSON) = 21
Energy at sites (7, 8) is -36.526213321178
   Stats: nIt(DAVIDSON) = 30
Energy at sites (8, 9) is -36.5418468961843
   Stats: nIt(DAVIDSON) = 28
Energy at sites (9, 10) is -36.5342738726399
   Stats: nIt(DAVIDSON) = 18
Energy at sites (10, 11) is -36.5274593544974
   Stats: nIt(DAVIDSON) = 9
Energy at sites (11, 12) is -36.5273508637897
   Stats: nIt(DAVIDSON) = 4
Energy at sites (12, 13) is -36.5273508868969
   Stats: nIt(DAVIDSON) = 1
Energy at sites (13, 14) is -36.527350886897
   Stats: nIt(DAVIDSON) = 1
Energy at sites (14, 15) is -36.527350886897
   Stats: nIt(DAVIDSON) = 1
Energy at sites (15, 16) is -36.5273508868974
******************************************************************
***  Information on right sweep 2 of instruction 0:
***     Elapsed wall time        = 882.714765 seconds
***       |--> S.join            = 0.037058 seconds
***       |--> S.solve           = 866.722351 seconds
***       |--> S.split           = 1.363095 seconds
***       |--> Tensor update     = 14.591855 seconds
***              |--> create     = 0.080381 seconds
***              |--> destroy    = 0.032914 seconds
***              |--> disk write = 0.512867 seconds
***              |--> disk read  = 0.291824 seconds
***              |--> calc       = 13.673804 seconds
***     Disk write bandwidth     = 2833.79124991035 MB/s
***     Disk read  bandwidth     = 5027.7612705922 MB/s
***     Minimum energy           = -36.5418468961843
***     Maximum discarded weight = 0.000562337038774171
***     Energy difference with respect to previous leftright sweep = 0.0201354358074468
******************************************************************
The overlap between the current state and state 0 is : -0.00170309164853565
   Stats: nIt(DAVIDSON) = 1
Energy at sites (16, 17) is -36.5273508868971
   Stats: nIt(DAVIDSON) = 1
Energy at sites (15, 16) is -36.5273508868972
   Stats: nIt(DAVIDSON) = 1
Energy at sites (14, 15) is -36.5273508868971
   Stats: nIt(DAVIDSON) = 1
Energy at sites (13, 14) is -36.5273508868971
   Stats: nIt(DAVIDSON) = 1
Energy at sites (12, 13) is -36.5273508868971
   Stats: nIt(DAVIDSON) = 2
Energy at sites (11, 12) is -36.5273508869192
   Stats: nIt(DAVIDSON) = 12
Energy at sites (10, 11) is -36.5274617921913
   Stats: nIt(DAVIDSON) = 26
Energy at sites (9, 10) is -36.5346273505265
   Stats: nIt(DAVIDSON) = 30
Energy at sites (8, 9) is -36.5441562119368
   Stats: nIt(DAVIDSON) = 26
Energy at sites (7, 8) is -36.5290023649228
   Stats: nIt(DAVIDSON) = 14
Energy at sites (6, 7) is -36.5279956940664
   Stats: nIt(DAVIDSON) = 5
Energy at sites (5, 6) is -36.5279957616874
   Stats: nIt(DAVIDSON) = 4
Energy at sites (4, 5) is -36.5279957641077
   Stats: nIt(DAVIDSON) = 1
Energy at sites (3, 4) is -36.5279957641079
   Stats: nIt(DAVIDSON) = 1
Energy at sites (2, 3) is -36.5279957641077
   Stats: nIt(DAVIDSON) = 1
Energy at sites (1, 2) is -36.5279957641078
******************************************************************
***  Information on left sweep 3 of instruction 0:
***     Elapsed wall time        = 918.905275 seconds
***       |--> S.join            = 0.038349 seconds
***       |--> S.solve           = 901.556281 seconds
***       |--> S.split           = 1.409216 seconds
***       |--> Tensor update     = 15.901038 seconds
***              |--> create     = 0.079745 seconds
***              |--> destroy    = 0.028095 seconds
***              |--> disk write = 0.509099 seconds
***              |--> disk read  = 0.292405 seconds
***              |--> calc       = 14.991634 seconds
***     Disk write bandwidth     = 2855.78224472994 MB/s
***     Disk read  bandwidth     = 4970.35966200227 MB/s
***     Minimum energy           = -36.5441562119368
***     Maximum discarded weight = 0.000566648589570473
******************************************************************
   Stats: nIt(DAVIDSON) = 1
Energy at sites (0, 1) is -36.5279957641078
   Stats: nIt(DAVIDSON) = 1
Energy at sites (1, 2) is -36.5279957641078
   Stats: nIt(DAVIDSON) = 1
Energy at sites (2, 3) is -36.5279957641079
   Stats: nIt(DAVIDSON) = 1
Energy at sites (3, 4) is -36.5279957641077
   Stats: nIt(DAVIDSON) = 1
Energy at sites (4, 5) is -36.5279957641071
   Stats: nIt(DAVIDSON) = 2
Energy at sites (5, 6) is -36.52799576411
   Stats: nIt(DAVIDSON) = 5
Energy at sites (6, 7) is -36.5279958564611
   Stats: nIt(DAVIDSON) = 21
Energy at sites (7, 8) is -36.5290096007957
   Stats: nIt(DAVIDSON) = 30
Energy at sites (8, 9) is -36.5443851168624
   Stats: nIt(DAVIDSON) = 27
Energy at sites (9, 10) is -36.5352458867501
   Stats: nIt(DAVIDSON) = 18
Energy at sites (10, 11) is -36.5283213408969
   Stats: nIt(DAVIDSON) = 9
Energy at sites (11, 12) is -36.5282162206059
   Stats: nIt(DAVIDSON) = 4
Energy at sites (12, 13) is -36.5282162513855
   Stats: nIt(DAVIDSON) = 3
Energy at sites (13, 14) is -36.5282162517643
   Stats: nIt(DAVIDSON) = 1
Energy at sites (14, 15) is -36.528216251764
   Stats: nIt(DAVIDSON) = 1
Energy at sites (15, 16) is -36.5282162517638
******************************************************************
***  Information on right sweep 3 of instruction 0:
***     Elapsed wall time        = 907.154263 seconds
***       |--> S.join            = 0.03883 seconds
***       |--> S.solve           = 891.213451 seconds
***       |--> S.split           = 1.41236 seconds
***       |--> Tensor update     = 14.489239 seconds
***              |--> create     = 0.080361 seconds
***              |--> destroy    = 0.032083 seconds
***              |--> disk write = 0.506986 seconds
***              |--> disk read  = 0.289083 seconds
***              |--> calc       = 13.580658 seconds
***     Disk write bandwidth     = 2866.71427354118 MB/s
***     Disk read  bandwidth     = 5029.26801302659 MB/s
***     Minimum energy           = -36.5443851168624
***     Maximum discarded weight = 0.000564800074122916
***     Energy difference with respect to previous leftright sweep = 0.000865364866399432
******************************************************************
The overlap between the current state and state 0 is : 0.0017694905691718
   Stats: nIt(DAVIDSON) = 1
Energy at sites (16, 17) is -36.5282162517637
   Stats: nIt(DAVIDSON) = 1
Energy at sites (15, 16) is -36.5282162517639
   Stats: nIt(DAVIDSON) = 1
Energy at sites (14, 15) is -36.5282162517642
   Stats: nIt(DAVIDSON) = 1
Energy at sites (13, 14) is -36.5282162517644
   Stats: nIt(DAVIDSON) = 1
Energy at sites (12, 13) is -36.5282162517634
   Stats: nIt(DAVIDSON) = 2
Energy at sites (11, 12) is -36.5282162517944
   Stats: nIt(DAVIDSON) = 12
Energy at sites (10, 11) is -36.5283218720545
   Stats: nIt(DAVIDSON) = 25
Energy at sites (9, 10) is -36.5352923441474
   Stats: nIt(DAVIDSON) = 29
Energy at sites (8, 9) is -36.5446075928265
   Stats: nIt(DAVIDSON) = 25
Energy at sites (7, 8) is -36.5292268955121
   Stats: nIt(DAVIDSON) = 14
Energy at sites (6, 7) is -36.5282336771809
   Stats: nIt(DAVIDSON) = 5
Energy at sites (5, 6) is -36.5282337042505
   Stats: nIt(DAVIDSON) = 3
Energy at sites (4, 5) is -36.5282337047449
   Stats: nIt(DAVIDSON) = 1
Energy at sites (3, 4) is -36.5282337047447
   Stats: nIt(DAVIDSON) = 1
Energy at sites (2, 3) is -36.5282337047447
   Stats: nIt(DAVIDSON) = 1
Energy at sites (1, 2) is -36.5282337047444
******************************************************************
***  Information on left sweep 4 of instruction 0:
***     Elapsed wall time        = 902.145318 seconds
***       |--> S.join            = 0.038884 seconds
***       |--> S.solve           = 884.870258 seconds
***       |--> S.split           = 1.430385 seconds
***       |--> Tensor update     = 15.805403 seconds
***              |--> create     = 0.079633 seconds
***              |--> destroy    = 0.009084 seconds
***              |--> disk write = 0.505552 seconds
***              |--> disk read  = 0.290237 seconds
***              |--> calc       = 14.92083 seconds
***     Disk write bandwidth     = 2873.5200004434 MB/s
***     Disk read  bandwidth     = 5007.57657598978 MB/s
***     Minimum energy           = -36.5446075928265
***     Maximum discarded weight = 0.000567367717500017
******************************************************************
   Stats: nIt(DAVIDSON) = 1
Energy at sites (0, 1) is -36.5282337047447
   Stats: nIt(DAVIDSON) = 1
Energy at sites (1, 2) is -36.5282337047447
   Stats: nIt(DAVIDSON) = 1
Energy at sites (2, 3) is -36.5282337047448
   Stats: nIt(DAVIDSON) = 1
Energy at sites (3, 4) is -36.5282337047448
   Stats: nIt(DAVIDSON) = 1
Energy at sites (4, 5) is -36.5282337047443
   Stats: nIt(DAVIDSON) = 1
Energy at sites (5, 6) is -36.5282337047454
   Stats: nIt(DAVIDSON) = 5
Energy at sites (6, 7) is -36.5282337329174
   Stats: nIt(DAVIDSON) = 21
Energy at sites (7, 8) is -36.5292246882259
   Stats: nIt(DAVIDSON) = 30
Energy at sites (8, 9) is -36.5445927648202
   Stats: nIt(DAVIDSON) = 27
Energy at sites (9, 10) is -36.5354397733976
   Stats: nIt(DAVIDSON) = 18
Energy at sites (10, 11) is -36.5285130069739
   Stats: nIt(DAVIDSON) = 9
Energy at sites (11, 12) is -36.528408794048
   Stats: nIt(DAVIDSON) = 4
Energy at sites (12, 13) is -36.5284088215811
   Stats: nIt(DAVIDSON) = 3
Energy at sites (13, 14) is -36.5284088221917
   Stats: nIt(DAVIDSON) = 1
Energy at sites (14, 15) is -36.5284088221912
   Stats: nIt(DAVIDSON) = 1
Energy at sites (15, 16) is -36.5284088221914
******************************************************************
***  Information on right sweep 4 of instruction 0:
***     Elapsed wall time        = 912.741543 seconds
***       |--> S.join            = 0.039067 seconds
***       |--> S.solve           = 896.94675 seconds
***       |--> S.split           = 1.426421 seconds
***       |--> Tensor update     = 14.3289 seconds
***              |--> create     = 0.079872 seconds
***              |--> destroy    = 0.032417 seconds
***              |--> disk write = 0.511129 seconds
***              |--> disk read  = 0.290209 seconds
***              |--> calc       = 13.415196 seconds
***     Disk write bandwidth     = 2843.39168891126 MB/s
***     Disk read  bandwidth     = 5005.75028088088 MB/s
***     Minimum energy           = -36.5445927648202
***     Maximum discarded weight = 0.000564814588773054
***     Energy difference with respect to previous leftright sweep = 0.000192570427543615
******************************************************************
The overlap between the current state and state 0 is : 0.00179142297109005
   Stats: nIt(DAVIDSON) = 1
Energy at sites (16, 17) is -36.5284088221911
   Stats: nIt(DAVIDSON) = 1
Energy at sites (15, 16) is -36.5284088221914
   Stats: nIt(DAVIDSON) = 1
Energy at sites (14, 15) is -36.5284088221915
   Stats: nIt(DAVIDSON) = 1
Energy at sites (13, 14) is -36.5284088221914
   Stats: nIt(DAVIDSON) = 1
Energy at sites (12, 13) is -36.5284088221912
   Stats: nIt(DAVIDSON) = 2
Energy at sites (11, 12) is -36.528408822223
   Stats: nIt(DAVIDSON) = 12
Energy at sites (10, 11) is -36.5285135601223
   Stats: nIt(DAVIDSON) = 25
Energy at sites (9, 10) is -36.5354498475818
   Stats: nIt(DAVIDSON) = 29
Energy at sites (8, 9) is -36.5446849828309
   Stats: nIt(DAVIDSON) = 25
Energy at sites (7, 8) is -36.5294408961349
   Stats: nIt(DAVIDSON) = 14
Energy at sites (6, 7) is -36.5284271441449
   Stats: nIt(DAVIDSON) = 5
Energy at sites (5, 6) is -36.5284271269599
   Stats: nIt(DAVIDSON) = 3
Energy at sites (4, 5) is -36.5284271271248
   Stats: nIt(DAVIDSON) = 1
Energy at sites (3, 4) is -36.5284271271246
   Stats: nIt(DAVIDSON) = 1
Energy at sites (2, 3) is -36.5284271271246
   Stats: nIt(DAVIDSON) = 1
Energy at sites (1, 2) is -36.5284271271249
******************************************************************
***  Information on left sweep 5 of instruction 0:
***     Elapsed wall time        = 906.643555 seconds
***       |--> S.join            = 0.039244 seconds
***       |--> S.solve           = 889.21755 seconds
***       |--> S.split           = 1.428944 seconds
***       |--> Tensor update     = 15.957415 seconds
***              |--> create     = 0.079643 seconds
***              |--> destroy    = 0.027085 seconds
***              |--> disk write = 0.509543 seconds
***              |--> disk read  = 0.293509 seconds
***              |--> calc       = 15.047559 seconds
***     Disk write bandwidth     = 2853.48319812301 MB/s
***     Disk read  bandwidth     = 4951.60267849205 MB/s
***     Minimum energy           = -36.5446849828309
***     Maximum discarded weight = 0.000563207999043785
******************************************************************
   Stats: nIt(DAVIDSON) = 1
Energy at sites (0, 1) is -36.5284271271244
   Stats: nIt(DAVIDSON) = 1
Energy at sites (1, 2) is -36.5284271271249
   Stats: nIt(DAVIDSON) = 1
Energy at sites (2, 3) is -36.5284271271247
   Stats: nIt(DAVIDSON) = 1
Energy at sites (3, 4) is -36.5284271271246
   Stats: nIt(DAVIDSON) = 1
Energy at sites (4, 5) is -36.5284271271243
   Stats: nIt(DAVIDSON) = 1
Energy at sites (5, 6) is -36.5284271271256
   Stats: nIt(DAVIDSON) = 5
Energy at sites (6, 7) is -36.5284271566372
   Stats: nIt(DAVIDSON) = 21
Energy at sites (7, 8) is -36.5294417490898
   Stats: nIt(DAVIDSON) = 30
Energy at sites (8, 9) is -36.5446682217429
   Stats: nIt(DAVIDSON) = 27
Energy at sites (9, 10) is -36.5355722544948
   Stats: nIt(DAVIDSON) = 18
Energy at sites (10, 11) is -36.528641281379
   Stats: nIt(DAVIDSON) = 9
Energy at sites (11, 12) is -36.5285397404579
   Stats: nIt(DAVIDSON) = 4
Energy at sites (12, 13) is -36.5285397435672
   Stats: nIt(DAVIDSON) = 2
Energy at sites (13, 14) is -36.5285397437084
   Stats: nIt(DAVIDSON) = 1
Energy at sites (14, 15) is -36.5285397437087
   Stats: nIt(DAVIDSON) = 1
Energy at sites (15, 16) is -36.5285397437085
******************************************************************
***  Information on right sweep 5 of instruction 0:
***     Elapsed wall time        = 915.683975 seconds
***       |--> S.join            = 0.039141 seconds
***       |--> S.solve           = 899.720245 seconds
***       |--> S.split           = 1.409225 seconds
***       |--> Tensor update     = 14.514963 seconds
***              |--> create     = 0.080237 seconds
***              |--> destroy    = 0.033253 seconds
***              |--> disk write = 0.511405 seconds
***              |--> disk read  = 0.291105 seconds
***              |--> calc       = 13.598894 seconds
***     Disk write bandwidth     = 2844.16610555609 MB/s
***     Disk read  bandwidth     = 4994.66649223199 MB/s
***     Minimum energy           = -36.5446682217429
***     Maximum discarded weight = 0.000561836476748541
***     Energy difference with respect to previous leftright sweep = 0.000130921517154547
******************************************************************
The overlap between the current state and state 0 is : -0.00180104921457769
   Stats: nIt(DAVIDSON) = 1
Energy at sites (16, 17) is -36.5285397437087
   Stats: nIt(DAVIDSON) = 1
Energy at sites (15, 16) is -36.5285397437084
   Stats: nIt(DAVIDSON) = 1
Energy at sites (14, 15) is -36.5285397437087
   Stats: nIt(DAVIDSON) = 1
Energy at sites (13, 14) is -36.5285397437083
   Stats: nIt(DAVIDSON) = 1
Energy at sites (12, 13) is -36.5285397437082
   Stats: nIt(DAVIDSON) = 2
Energy at sites (11, 12) is -36.5285397437121
   Stats: nIt(DAVIDSON) = 12
Energy at sites (10, 11) is -36.5286413962104
   Stats: nIt(DAVIDSON) = 25
Energy at sites (9, 10) is -36.5355667668547
   Stats: nIt(DAVIDSON) = 29
Energy at sites (8, 9) is -36.5447231715646
   Stats: nIt(DAVIDSON) = 26
Energy at sites (7, 8) is -36.5295446606059
   Stats: nIt(DAVIDSON) = 14
Energy at sites (6, 7) is -36.5285281555296
   Stats: nIt(DAVIDSON) = 4
Energy at sites (5, 6) is -36.5285281320925
   Stats: nIt(DAVIDSON) = 3
Energy at sites (4, 5) is -36.5285281322341
   Stats: nIt(DAVIDSON) = 1
Energy at sites (3, 4) is -36.5285281322342
   Stats: nIt(DAVIDSON) = 1
Energy at sites (2, 3) is -36.5285281322339
   Stats: nIt(DAVIDSON) = 1
Energy at sites (1, 2) is -36.5285281322344
******************************************************************
***  Information on left sweep 6 of instruction 0:
***     Elapsed wall time        = 915.380017 seconds
***       |--> S.join            = 0.039309 seconds
***       |--> S.solve           = 898.110073 seconds
***       |--> S.split           = 1.43473 seconds
***       |--> Tensor update     = 15.795512 seconds
***              |--> create     = 0.079761 seconds
***              |--> destroy    = 0.027984 seconds
***              |--> disk write = 0.507417 seconds
***              |--> disk read  = 0.294448 seconds
***              |--> calc       = 14.885832 seconds
***     Disk write bandwidth     = 2866.61054921067 MB/s
***     Disk read  bandwidth     = 4939.82220022522 MB/s
***     Minimum energy           = -36.5447231715646
***     Maximum discarded weight = 0.000561585759769847
******************************************************************
   Stats: nIt(DAVIDSON) = 1
Energy at sites (0, 1) is -36.5285281322342
   Stats: nIt(DAVIDSON) = 1
Energy at sites (1, 2) is -36.5285281322342
   Stats: nIt(DAVIDSON) = 1
Energy at sites (2, 3) is -36.5285281322338
   Stats: nIt(DAVIDSON) = 1
Energy at sites (3, 4) is -36.528528132234
   Stats: nIt(DAVIDSON) = 1
Energy at sites (4, 5) is -36.5285281322337
   Stats: nIt(DAVIDSON) = 1
Energy at sites (5, 6) is -36.5285281322344
   Stats: nIt(DAVIDSON) = 5
Energy at sites (6, 7) is -36.5285281618729
   Stats: nIt(DAVIDSON) = 21
Energy at sites (7, 8) is -36.5295450234659
   Stats: nIt(DAVIDSON) = 30
Energy at sites (8, 9) is -36.5447330172444
   Stats: nIt(DAVIDSON) = 27
Energy at sites (9, 10) is -36.5356372964363
   Stats: nIt(DAVIDSON) = 18
Energy at sites (10, 11) is -36.5286686888047
   Stats: nIt(DAVIDSON) = 9
Energy at sites (11, 12) is -36.5285706134975
   Stats: nIt(DAVIDSON) = 4
Energy at sites (12, 13) is -36.5285706121558
   Stats: nIt(DAVIDSON) = 2
Energy at sites (13, 14) is -36.5285706122341
   Stats: nIt(DAVIDSON) = 1
Energy at sites (14, 15) is -36.528570612234
   Stats: nIt(DAVIDSON) = 1
Energy at sites (15, 16) is -36.5285706122343
******************************************************************
***  Information on right sweep 6 of instruction 0:
***     Elapsed wall time        = 918.389513 seconds
***       |--> S.join            = 0.039399 seconds
***       |--> S.solve           = 902.230869 seconds
***       |--> S.split           = 1.405582 seconds
***       |--> Tensor update     = 14.713269 seconds
***              |--> create     = 0.080093 seconds
***              |--> destroy    = 0.032469 seconds
***              |--> disk write = 0.508605 seconds
***              |--> disk read  = 0.291666 seconds
***              |--> calc       = 13.800369 seconds
***     Disk write bandwidth     = 2860.63491296717 MB/s
***     Disk read  bandwidth     = 4987.09799924855 MB/s
***     Minimum energy           = -36.5447330172444
***     Maximum discarded weight = 0.000561355817408747
***     Energy difference with respect to previous leftright sweep = 3.08685258119112e-05
******************************************************************
The overlap between the current state and state 0 is : 0.00180572721647976
***  Information on completed instruction 0:
***     The reduced virtual dimension DSU(2)               = 1000
***     Minimum energy encountered during all instructions = -36.5447330172444
***     Minimum energy encountered during the last sweep   = -36.5447330172444
***     Maximum discarded weight during the last sweep     = 0.000561355817408747
******************************************************************
   Stats: nIt(DAVIDSON) = 1
********************************************
***  2-RDM and Correlations calculation  ***
********************************************
   N(N-1)                     = 306
   Double trace of DMRG 2-RDM = 306
   Energy obtained by Heff at edge   = -36.5285706122343
   Econst + 0.5 * trace(2DM-A * Ham) = -36.5286358252513
   NOON of irrep Ag = [ 1.9706918204737 , 1.9597851943267 , 1.93401651111694 , 1.64805288151898 , 1.58985811423009 , 0.395164291777063 , 0.081171243951471 , 0.0530000799299789 , 0.0333360723282805 ].
   NOON of irrep Au = [ 1.96679612473326 , 1.94720327372241 , 1.91899547329841 , 1.6045042227977 , 0.409310231166681 , 0.352066769556347 , 0.0661926364099835 , 0.0404527105826226 , 0.0294023480793974 ].
   Single-orbital entropies (Hamiltonian index order is used!) = [ 0.153362597465057 , 0.172595904598635 , 0.209965874990943 , 0.254386584511082 , 0.336598165393792 , 0.428739384220131 , 0.930174934768706 , 0.949702471992847 , 0.990192783544946 , 0.988869526093319 , 0.948888838830346 , 0.930207993277942 , 0.429604270226917 , 0.33740528072435 , 0.255132200501135 , 0.210899737860587 , 0.173232780414053 , 0.153843682534176 ].
   Idistance(0) = 2.43246410371642
   Idistance(1) = 9.78373198736624
   Idistance(2) = 65.5001211498064
***************************************************
***  Timing information 2-RDM and Correlations  ***
***************************************************
***     Elapsed wall time        = 66.149103 seconds
***       |--> MPS gauge change  = 0.206284 seconds
***       |--> Diagram calc      = 28.566168 seconds
***       |--> Tensor update     = 37.372804 seconds
***              |--> create     = 0.165965 seconds
***              |--> destroy    = 0.0542370000000001 seconds
***              |--> disk write = 1.027552 seconds
***              |--> disk read  = 0.656109 seconds
***              |--> calc       = 35.468571 seconds
***     Disk write bandwidth     = 2832.08129035551 MB/s
***     Disk read  bandwidth     = 4435.40752232843 MB/s
***************************************************
   Stats: nIt(DAVIDSON) = 20
Energy at sites (16, 17) is 31.838887381398
   Stats: nIt(DAVIDSON) = 19
Energy at sites (15, 16) is 24.2559276051366
   Stats: nIt(DAVIDSON) = 21
Energy at sites (14, 15) is 14.9649791206409
   Stats: nIt(DAVIDSON) = 25
Energy at sites (13, 14) is 10.2218808273737
   Stats: nIt(DAVIDSON) = 54
Energy at sites (12, 13) is -0.413192998807233
   Stats: nIt(DAVIDSON) = 39
Energy at sites (11, 12) is -15.4548271544433
   Stats: nIt(DAVIDSON) = 20
Energy at sites (10, 11) is -23.4560272211521
   Stats: nIt(DAVIDSON) = 16
Energy at sites (9, 10) is -29.9768121300538
   Stats: nIt(DAVIDSON) = 16
Energy at sites (8, 9) is -30.9504119012996
   Stats: nIt(DAVIDSON) = 11
Energy at sites (7, 8) is -30.9729742021809
   Stats: nIt(DAVIDSON) = 10
Energy at sites (6, 7) is -31.0477422957727
   Stats: nIt(DAVIDSON) = 11
Energy at sites (5, 6) is -31.1852254716386
   Stats: nIt(DAVIDSON) = 6
Energy at sites (4, 5) is -31.1849804537603
   Stats: nIt(DAVIDSON) = 1
Energy at sites (3, 4) is -31.18498045376
   Stats: nIt(DAVIDSON) = 1
Energy at sites (2, 3) is -31.1849804537604
   Stats: nIt(DAVIDSON) = 1
Energy at sites (1, 2) is -31.1849804537604
******************************************************************
***  Information on left sweep 0 of instruction 0:
***     Elapsed wall time        = 522.284413 seconds
***       |--> S.join            = 0.027383 seconds
***       |--> S.solve           = 513.027169 seconds
***       |--> S.split           = 1.169984 seconds
***       |--> Tensor update     = 8.059448 seconds
***              |--> create     = 0.106709 seconds
***              |--> destroy    = 0.021525 seconds
***              |--> disk write = 0.381151 seconds
***              |--> disk read  = 0.213994 seconds
***              |--> calc       = 7.336002 seconds
***     Disk write bandwidth     = 2768.21672752682 MB/s
***     Disk read  bandwidth     = 4930.33611882627 MB/s
***     Minimum energy           = -31.1852254716386
***     Maximum discarded weight = 0
******************************************************************
   Stats: nIt(DAVIDSON) = 1
Energy at sites (0, 1) is -31.1849804537607
   Stats: nIt(DAVIDSON) = 1
Energy at sites (1, 2) is -31.1849804537604
   Stats: nIt(DAVIDSON) = 1
Energy at sites (2, 3) is -31.1849804537602
   Stats: nIt(DAVIDSON) = 1
Energy at sites (3, 4) is -31.18498045376
   Stats: nIt(DAVIDSON) = 1
Energy at sites (4, 5) is -31.1849804537609
   Stats: nIt(DAVIDSON) = 8
Energy at sites (5, 6) is -31.1852254716389
   Stats: nIt(DAVIDSON) = 11
Energy at sites (6, 7) is -31.2183146620775
   Stats: nIt(DAVIDSON) = 15
Energy at sites (7, 8) is -31.3264646749916
   Stats: nIt(DAVIDSON) = 23
Energy at sites (8, 9) is -32.0523425202551
   Stats: nIt(DAVIDSON) = 19
Energy at sites (9, 10) is -32.7969980146607
   Stats: nIt(DAVIDSON) = 15
Energy at sites (10, 11) is -32.916094402475
   Stats: nIt(DAVIDSON) = 15
Energy at sites (11, 12) is -33.0839097053284
   Stats: nIt(DAVIDSON) = 5
Energy at sites (12, 13) is -33.0839085996072
   Stats: nIt(DAVIDSON) = 1
Energy at sites (13, 14) is -33.0839085996068
   Stats: nIt(DAVIDSON) = 1
Energy at sites (14, 15) is -33.0839085996074
   Stats: nIt(DAVIDSON) = 1
Energy at sites (15, 16) is -33.083908599607
******************************************************************
***  Information on right sweep 0 of instruction 0:
***     Elapsed wall time        = 346.503987 seconds
***       |--> S.join            = 0.020599 seconds
***       |--> S.solve           = 334.031432 seconds
***       |--> S.split           = 0.826347 seconds
***       |--> Tensor update     = 11.625216 seconds
***              |--> create     = 0.098171 seconds
***              |--> destroy    = 0.026857 seconds
***              |--> disk write = 0.453148 seconds
***              |--> disk read  = 0.217278 seconds
***              |--> calc       = 10.829686 seconds
***     Disk write bandwidth     = 2918.59517173279 MB/s
***     Disk read  bandwidth     = 4856.03040304851 MB/s
***     Minimum energy           = -33.0839097053284
***     Maximum discarded weight = 2.17548654555908e-08
***     Energy difference with respect to previous leftright sweep = 33.083908599607
******************************************************************
The overlap between the current state and state 0 is : -0.00383527657886372
The overlap between the current state and state 1 is : -0.0102723437640446
   Stats: nIt(DAVIDSON) = 1
Energy at sites (16, 17) is -33.0839085996073
   Stats: nIt(DAVIDSON) = 1
Energy at sites (15, 16) is -33.0839085996069
   Stats: nIt(DAVIDSON) = 1
Energy at sites (14, 15) is -33.0839085996074
   Stats: nIt(DAVIDSON) = 1
Energy at sites (13, 14) is -33.083908599607
   Stats: nIt(DAVIDSON) = 1
Energy at sites (12, 13) is -33.0839085996068
   Stats: nIt(DAVIDSON) = 7
Energy at sites (11, 12) is -33.0839096973233
   Stats: nIt(DAVIDSON) = 16
Energy at sites (10, 11) is -33.1703173467612
   Stats: nIt(DAVIDSON) = 24
Energy at sites (9, 10) is -33.5467147570629
   Stats: nIt(DAVIDSON) = 44
Energy at sites (8, 9) is -34.8029225032919
   Stats: nIt(DAVIDSON) = 30
Energy at sites (7, 8) is -35.2756194963049
   Stats: nIt(DAVIDSON) = 17
Energy at sites (6, 7) is -35.2870832828779
   Stats: nIt(DAVIDSON) = 7
Energy at sites (5, 6) is -35.2870734730995
   Stats: nIt(DAVIDSON) = 1
Energy at sites (4, 5) is -35.2870734730993
   Stats: nIt(DAVIDSON) = 1
Energy at sites (3, 4) is -35.2870734730994
   Stats: nIt(DAVIDSON) = 1
Energy at sites (2, 3) is -35.2870734730995
   Stats: nIt(DAVIDSON) = 1
Energy at sites (1, 2) is -35.2870734730997
******************************************************************
***  Information on left sweep 1 of instruction 0:
***     Elapsed wall time        = 876.201247 seconds
***       |--> S.join            = 0.02928 seconds
***       |--> S.solve           = 861.791591 seconds
***       |--> S.split           = 1.351024 seconds
***       |--> Tensor update     = 13.028953 seconds
***              |--> create     = 0.085976 seconds
***              |--> destroy    = 0.028907 seconds
***              |--> disk write = 0.481972 seconds
***              |--> disk read  = 0.264817 seconds
***              |--> calc       = 12.167214 seconds
***     Disk write bandwidth     = 2862.8952512524 MB/s
***     Disk read  bandwidth     = 4994.22455839456 MB/s
***     Minimum energy           = -35.2870832828779
***     Maximum discarded weight = 0.000134999353300531
******************************************************************
   Stats: nIt(DAVIDSON) = 1
Energy at sites (0, 1) is -35.2870734730997
   Stats: nIt(DAVIDSON) = 1
Energy at sites (1, 2) is -35.2870734730997
   Stats: nIt(DAVIDSON) = 1
Energy at sites (2, 3) is -35.2870734730996
   Stats: nIt(DAVIDSON) = 1
Energy at sites (3, 4) is -35.2870734730995
   Stats: nIt(DAVIDSON) = 1
Energy at sites (4, 5) is -35.2870734730989
   Stats: nIt(DAVIDSON) = 1
Energy at sites (5, 6) is -35.2870734730995
   Stats: nIt(DAVIDSON) = 9
Energy at sites (6, 7) is -35.28708524774
   Stats: nIt(DAVIDSON) = 22
Energy at sites (7, 8) is -35.2896424304308
   Stats: nIt(DAVIDSON) = 45
Energy at sites (8, 9) is -35.4131687272717
   Stats: nIt(DAVIDSON) = 41
Energy at sites (9, 10) is -35.5000972512253
   Stats: nIt(DAVIDSON) = 18
Energy at sites (10, 11) is -35.4963609719709
   Stats: nIt(DAVIDSON) = 11
Energy at sites (11, 12) is -35.4962687636608
   Stats: nIt(DAVIDSON) = 3
Energy at sites (12, 13) is -35.4962687648735
   Stats: nIt(DAVIDSON) = 1
Energy at sites (13, 14) is -35.4962687648732
   Stats: nIt(DAVIDSON) = 1
Energy at sites (14, 15) is -35.496268764873
   Stats: nIt(DAVIDSON) = 1
Energy at sites (15, 16) is -35.496268764873
******************************************************************
***  Information on right sweep 1 of instruction 0:
***     Elapsed wall time        = 975.78538 seconds
***       |--> S.join            = 0.030156 seconds
***       |--> S.solve           = 961.535941 seconds
***       |--> S.split           = 1.173901 seconds
***       |--> Tensor update     = 13.044989 seconds
***              |--> create     = 0.082652 seconds
***              |--> destroy    = 0.026877 seconds
***              |--> disk write = 0.497305 seconds
***              |--> disk read  = 0.276459 seconds
***              |--> calc       = 12.161627 seconds
***     Disk write bandwidth     = 2856.0293436211 MB/s
***     Disk read  bandwidth     = 4991.10302083355 MB/s
***     Minimum energy           = -35.5000972512253
***     Maximum discarded weight = 0.00109877424576495
***     Energy difference with respect to previous leftright sweep = 2.41236016526608
******************************************************************
The overlap between the current state and state 0 is : 0.00224110239761319
The overlap between the current state and state 1 is : 0.000868140234458064
   Stats: nIt(DAVIDSON) = 1
Energy at sites (16, 17) is -35.4962687648729
   Stats: nIt(DAVIDSON) = 1
Energy at sites (15, 16) is -35.496268764873
   Stats: nIt(DAVIDSON) = 1
Energy at sites (14, 15) is -35.496268764873
   Stats: nIt(DAVIDSON) = 1
Energy at sites (13, 14) is -35.4962687648732
   Stats: nIt(DAVIDSON) = 1
Energy at sites (12, 13) is -35.4962687648732
   Stats: nIt(DAVIDSON) = 1
Energy at sites (11, 12) is -35.496268764873
   Stats: nIt(DAVIDSON) = 13
Energy at sites (10, 11) is -35.4964712524182
   Stats: nIt(DAVIDSON) = 30
Energy at sites (9, 10) is -35.5089047292866
   Stats: nIt(DAVIDSON) = 48
Energy at sites (8, 9) is -35.570425732367
   Stats: nIt(DAVIDSON) = 32
Energy at sites (7, 8) is -35.5141285582006
   Stats: nIt(DAVIDSON) = 13
Energy at sites (6, 7) is -35.512420384661
   Stats: nIt(DAVIDSON) = 6
Energy at sites (5, 6) is -35.5124180805036
   Stats: nIt(DAVIDSON) = 2
Energy at sites (4, 5) is -35.5124180805212
   Stats: nIt(DAVIDSON) = 1
Energy at sites (3, 4) is -35.5124180805211
   Stats: nIt(DAVIDSON) = 1
Energy at sites (2, 3) is -35.5124180805208
   Stats: nIt(DAVIDSON) = 1
Energy at sites (1, 2) is -35.5124180805211
******************************************************************
***  Information on left sweep 2 of instruction 0:
***     Elapsed wall time        = 1123.199308 seconds
***       |--> S.join            = 0.033808 seconds
***       |--> S.solve           = 1107.278899 seconds
***       |--> S.split           = 1.298579 seconds
***       |--> Tensor update     = 14.587634 seconds
***              |--> create     = 0.080338 seconds
***              |--> destroy    = 0.025815 seconds
***              |--> disk write = 0.502292 seconds
***              |--> disk read  = 0.283553 seconds
***              |--> calc       = 13.695562 seconds
***     Disk write bandwidth     = 2856.93650265678 MB/s
***     Disk read  bandwidth     = 5009.00245361358 MB/s
***     Minimum energy           = -35.570425732367
***     Maximum discarded weight = 0.00214847384898273
******************************************************************
   Stats: nIt(DAVIDSON) = 1
Energy at sites (0, 1) is -35.5124180805209
   Stats: nIt(DAVIDSON) = 1
Energy at sites (1, 2) is -35.5124180805211
   Stats: nIt(DAVIDSON) = 1
Energy at sites (2, 3) is -35.5124180805208
   Stats: nIt(DAVIDSON) = 1
Energy at sites (3, 4) is -35.5124180805211
   Stats: nIt(DAVIDSON) = 1
Energy at sites (4, 5) is -35.5124180805205
   Stats: nIt(DAVIDSON) = 1
Energy at sites (5, 6) is -35.5124180805219
   Stats: nIt(DAVIDSON) = 8
Energy at sites (6, 7) is -35.512420565918
   Stats: nIt(DAVIDSON) = 22
Energy at sites (7, 8) is -35.5141764127898
   Stats: nIt(DAVIDSON) = 49
Energy at sites (8, 9) is -35.572151145167
   Stats: nIt(DAVIDSON) = 37
Energy at sites (9, 10) is -35.5263003387361
   Stats: nIt(DAVIDSON) = 16
Energy at sites (10, 11) is -35.5145624835686
   Stats: nIt(DAVIDSON) = 9
Energy at sites (11, 12) is -35.5144142160586
   Stats: nIt(DAVIDSON) = 5
Energy at sites (12, 13) is -35.514414241964
   Stats: nIt(DAVIDSON) = 3
Energy at sites (13, 14) is -35.5144142420614
   Stats: nIt(DAVIDSON) = 1
Energy at sites (14, 15) is -35.5144142420615
   Stats: nIt(DAVIDSON) = 1
Energy at sites (15, 16) is -35.5144142420619
******************************************************************
***  Information on right sweep 2 of instruction 0:
***     Elapsed wall time        = 1155.088188 seconds
***       |--> S.join            = 0.034861 seconds
***       |--> S.solve           = 1140.296016 seconds
***       |--> S.split           = 1.306727 seconds
***       |--> Tensor update     = 13.4502 seconds
***              |--> create     = 0.080192 seconds
***              |--> destroy    = 0.030427 seconds
***              |--> disk write = 0.499974 seconds
***              |--> disk read  = 0.28601 seconds
***              |--> calc       = 12.553531 seconds
***     Disk write bandwidth     = 2858.60767775061 MB/s
***     Disk read  bandwidth     = 5017.36425227258 MB/s
***     Minimum energy           = -35.572151145167
***     Maximum discarded weight = 0.00215422549910778
***     Energy difference with respect to previous leftright sweep = 0.0181454771889094
******************************************************************
The overlap between the current state and state 0 is : -0.00198664606597328
The overlap between the current state and state 1 is : -0.000610582505720585
   Stats: nIt(DAVIDSON) = 1
Energy at sites (16, 17) is -35.5144142420614
   Stats: nIt(DAVIDSON) = 1
Energy at sites (15, 16) is -35.5144142420618
   Stats: nIt(DAVIDSON) = 1
Energy at sites (14, 15) is -35.5144142420616
   Stats: nIt(DAVIDSON) = 1
Energy at sites (13, 14) is -35.5144142420617
   Stats: nIt(DAVIDSON) = 1
Energy at sites (12, 13) is -35.5144142420616
   Stats: nIt(DAVIDSON) = 2
Energy at sites (11, 12) is -35.5144142420911
   Stats: nIt(DAVIDSON) = 12
Energy at sites (10, 11) is -35.5145628480648
   Stats: nIt(DAVIDSON) = 30
Energy at sites (9, 10) is -35.5264004592674
   Stats: nIt(DAVIDSON) = 50
Energy at sites (8, 9) is -35.574908389417
   Stats: nIt(DAVIDSON) = 32
Energy at sites (7, 8) is -35.5157236977716
   Stats: nIt(DAVIDSON) = 13
Energy at sites (6, 7) is -35.5140255265196
   Stats: nIt(DAVIDSON) = 6
Energy at sites (5, 6) is -35.514023651578
   Stats: nIt(DAVIDSON) = 3
Energy at sites (4, 5) is -35.5140236519198
   Stats: nIt(DAVIDSON) = 1
Energy at sites (3, 4) is -35.5140236519189
   Stats: nIt(DAVIDSON) = 1
Energy at sites (2, 3) is -35.5140236519192
   Stats: nIt(DAVIDSON) = 1
Energy at sites (1, 2) is -35.5140236519193
******************************************************************
***  Information on left sweep 3 of instruction 0:
***     Elapsed wall time        = 1194.33329 seconds
***       |--> S.join            = 0.036646 seconds
***       |--> S.solve           = 1178.21829 seconds
***       |--> S.split           = 1.314988 seconds
***       |--> Tensor update     = 14.76298 seconds
***              |--> create     = 0.079882 seconds
***              |--> destroy    = 0.026224 seconds
***              |--> disk write = 0.502992 seconds
***              |--> disk read  = 0.289636 seconds
***              |--> calc       = 13.864181 seconds
***     Disk write bandwidth     = 2844.33331498512 MB/s
***     Disk read  bandwidth     = 4934.57137605713 MB/s
***     Minimum energy           = -35.574908389417
***     Maximum discarded weight = 0.00220881589064343
******************************************************************
   Stats: nIt(DAVIDSON) = 1
Energy at sites (0, 1) is -35.5140236519193
   Stats: nIt(DAVIDSON) = 1
Energy at sites (1, 2) is -35.5140236519194
   Stats: nIt(DAVIDSON) = 1
Energy at sites (2, 3) is -35.5140236519193
   Stats: nIt(DAVIDSON) = 1
Energy at sites (3, 4) is -35.5140236519186
   Stats: nIt(DAVIDSON) = 1
Energy at sites (4, 5) is -35.5140236519188
   Stats: nIt(DAVIDSON) = 1
Energy at sites (5, 6) is -35.5140236519194
   Stats: nIt(DAVIDSON) = 8
Energy at sites (6, 7) is -35.5140255706293
   Stats: nIt(DAVIDSON) = 22
Energy at sites (7, 8) is -35.5157235274549
   Stats: nIt(DAVIDSON) = 49
Energy at sites (8, 9) is -35.5747390660513
   Stats: nIt(DAVIDSON) = 37
Energy at sites (9, 10) is -35.5261120267268
   Stats: nIt(DAVIDSON) = 16
Energy at sites (10, 11) is -35.5144731928119
   Stats: nIt(DAVIDSON) = 9
Energy at sites (11, 12) is -35.5143346799767
   Stats: nIt(DAVIDSON) = 4
Energy at sites (12, 13) is -35.5143346866526
   Stats: nIt(DAVIDSON) = 2
Energy at sites (13, 14) is -35.5143346866611
   Stats: nIt(DAVIDSON) = 1
Energy at sites (14, 15) is -35.514334686661
   Stats: nIt(DAVIDSON) = 1
Energy at sites (15, 16) is -35.5143346866611
******************************************************************
***  Information on right sweep 3 of instruction 0:
***     Elapsed wall time        = 1182.712925 seconds
***       |--> S.join            = 0.035501 seconds
***       |--> S.solve           = 1167.713656 seconds
***       |--> S.split           = 1.340042 seconds
***       |--> Tensor update     = 13.623323 seconds
***              |--> create     = 0.08017 seconds
***              |--> destroy    = 0.028758 seconds
***              |--> disk write = 0.502736 seconds
***              |--> disk read  = 0.287519 seconds
***              |--> calc       = 12.724076 seconds
***     Disk write bandwidth     = 2844.30329718689 MB/s
***     Disk read  bandwidth     = 4975.93864325834 MB/s
***     Minimum energy           = -35.5747390660513
***     Maximum discarded weight = 0.00220234302295984
***     Energy difference with respect to previous leftright sweep = 7.95554008732324e-05
******************************************************************
The overlap between the current state and state 0 is : -0.00187968690937613
The overlap between the current state and state 1 is : -0.000563351358857066
***  Information on completed instruction 0:
***     The reduced virtual dimension DSU(2)               = 1000
***     Minimum energy encountered during all instructions = -35.574908389417
***     Minimum energy encountered during the last sweep   = -35.5747390660513
***     Maximum discarded weight during the last sweep     = 0.00220234302295984
******************************************************************
   Stats: nIt(DAVIDSON) = 1
********************************************
***  2-RDM and Correlations calculation  ***
********************************************
   N(N-1)                     = 306
   Double trace of DMRG 2-RDM = 306
   Energy obtained by Heff at edge   = -35.5143346866611
   Econst + 0.5 * trace(2DM-A * Ham) = -35.5144116984184
   NOON of irrep Ag = [ 1.97202538584467 , 1.96370513549742 , 1.93119648237395 , 1.80384475624716 , 1.01068135277592 , 0.555883105579405 , 0.109343683171384 , 0.0487195080864184 , 0.0310386570527786 ].
   NOON of irrep Au = [ 1.96932716552325 , 1.95171784745431 , 1.89111781412451 , 1.44850969223888 , 0.981616741738669 , 0.19681968675301 , 0.0693627093569108 , 0.0366816999916382 , 0.0284085761897248 ].
   Single-orbital entropies (Hamiltonian index order is used!) = [ 0.148579682012971 , 0.164983647953194 , 0.193635504146672 , 0.250291098498478 , 0.345654840078141 , 0.500794402433183 , 0.693106797347677 , 1.25249289666366 , 1.37814127593647 , 1.38062926119035 , 1.25379818934342 , 0.69587086238538 , 0.503025073997116 , 0.347948407962016 , 0.25250809402384 , 0.195733419370932 , 0.167073732889249 , 0.150627665342015 ].
   Idistance(0) = 2.09365985402198
   Idistance(1) = 7.97326031316638
   Idistance(2) = 62.3462440890647
***************************************************
***  Timing information 2-RDM and Correlations  ***
***************************************************
***     Elapsed wall time        = 60.223076 seconds
***       |--> MPS gauge change  = 0.186513 seconds
***       |--> Diagram calc      = 25.740672 seconds
***       |--> Tensor update     = 34.292005 seconds
***              |--> create     = 0.166133 seconds
***              |--> destroy    = 0.0532340000000001 seconds
***              |--> disk write = 1.004133 seconds
***              |--> disk read  = 0.640369 seconds
***              |--> calc       = 32.427793 seconds
***     Disk write bandwidth     = 2848.3399554344 MB/s
***     Disk read  bandwidth     = 4466.35009575763 MB/s
***************************************************
