  n         j          <1Ag|X|jBu>            <1Ag|Y|j Bu>
  
  1      1       -1.765357        0.461618
  4      2       -0.347433        0.172264
  5      3        0.174798       -0.408612
  7      4        0.061110       -0.136181
  9      5        0.077013       -0.424091
 11      6        0.011572        0.076323
 12      7        0.105343       -0.000651
 14      8        0.009679       -0.163413
 15      9        0.000527        0.239901
 19     10        0.010196       -0.031320
 21     11       -0.012091        0.035505
 22     12        0.011687        0.012455
 23     13        0.007900       -0.012981
 24     14       -0.020913        0.031701
 25     15        0.015407       -0.032627
 28     16        0.004732       -0.004333
 30     17       -0.035258        0.032203
  
 Pointers to non-zero dipole Bu states
 Total # of nonzero dipole states=          17
           1           4           5           7           9          11
          12          14          15          19          21          22
          23          24          25          28          30
