 ************************************************************************
 * RTSIM - DAVIDSON METHOD SPARSE MATRIX EIGENVALUE/EIGENVECTOR PROGRAM *
 * QUANTUM CHEMISTRY GROUP - INDIANA UNIVERSITY - 29Oct 2010  16:41:08  *
 ************************************************************************



                 DIAGONALIZATION RUN TITLE
                 -------------------------
 )* WATER TEST *



 ) DAVIDSON
 ) LAST=2
 ) COEFF
 ) NOVLP
 ) MAXITR=1000 END

 THE CI MATRIX IS TITLED:  H2O  -SINGLET A1-  STO-3G HF SD-CI TEST
 THE MATRIX IS DATED:     29Oct 2010  16:39:41 
 THE SPIN MULTIPLICITY IS 1 AND THE DIMENSION IS    900.

 ROOTS  1 THROUGH  2 WILL BE OBTAINED.

  
  
  
 AMOUNT OF CORE AVAILABLE                      30000000
 MAXIMUM NUMBER OF VECTORS PER ITERATION              2
 MAXIMUM NUMBER OF VECTORS ON DISK                   16
 NUMBER OF SOLUTIONS SOUGHT                           2
 NUMBER OF SOLUTIONS INVESTIGATED                     2
 SIZE OF MATRIX DIAGONALISED                        900
  
  
 INITIAL GUESS AT ROOTS (OBTAINED FROM DIAGONAL ELEMENTS OF HAMILTONIAN MATRIX)

                1        -141.46536
                2        -135.16610


 ITERATION       ROOT           EIGENVALUE          NORM OF RESIDUAL
     1             1          -141.46536459              3.44967
     1             2          -135.16610112              3.87598
     2             1          -142.49488865              3.65548
     2             2          -135.38884753             11.70028
     2             1          -142.49488865              1.59852
     2             2          -135.38884753              3.42801
     3             1          -142.62123254              1.89020
     3             2          -136.27107902              6.37793
     3             1          -142.62123254              0.77627
     3             2          -136.27107902              2.04215
     4             1          -142.64551430              0.98649
     4             2          -136.52847543              3.97209
     4             1          -142.64551430              0.34793
     4             2          -136.52847543              1.03198
     5             1          -142.64950390              0.48587
     5             2          -136.57498110              1.94234
     5             1          -142.64950390              0.14597
     5             2          -136.57498110              0.51234
     6             1          -142.65037252              0.30079
     6             2          -136.59142020              3.52956
     6             1          -142.65037252              0.07751
     6             2          -136.59142020              0.51937
     7             1          -142.65057930              0.19169
     7             2          -137.93996019            394.39380
     7             1          -142.65057930              0.04390
     7             2          -137.93996019              3.80969
     8             1          -142.65064898              0.12647
     8             2          -138.65767003             13.40521
  truncating with vlp=false 
 TRUNCATION TO 1 VECTOR PER ROOT HAS BEEN PERFORMED
     8             1          -142.65064898              0.02107
     8             2          -138.65767003              1.76027
     9             1          -142.65065895              0.02339
     9             2          -138.77845464              3.42282
     9             1          -142.65065895              0.00983
     9             2          -138.77845464              1.04045
    10             1          -142.65066179              0.02321
    10             2          -138.84855421              6.67465
    10             1          -142.65066179              0.00445
    10             2          -138.84855421              0.73985
    11             1          -142.65066240              0.01268
    11             2          -138.87769313              5.11052
    11             1          -142.65066240              0.00169
    11             2          -138.87769313              0.43024
    12             1          -142.65066249              0.00541
    12             2          -138.88767694              2.85877
    12             1          -142.65066249              0.00081
    12             2          -138.88767694              0.24294
    13             1          -142.65066251              0.00289
    13             2          -138.89081761              1.44703
    13             1          -142.65066251              0.00040
    13             2          -138.89081761              0.17164
    14             1          -142.65066252              0.00154
    14             2          -138.89217669              0.91559
    14             1          -142.65066252              0.00020
    14             2          -138.89217669              0.11987
    15             1          -142.65066252              0.00075
    15             2          -138.89291810              0.70636
  truncating with vlp=false 
 TRUNCATION TO 1 VECTOR PER ROOT HAS BEEN PERFORMED
    15             1          -142.65066252              0.00008
    15             2          -138.89291810              0.07813
     ROOT    ITERATION     NUMBER OF PRODUCTS       EIGENVALUE
       1        15                28                -142.6506625221


    16             2          -138.89310072              0.07893
    16             2          -138.89310072              0.04418
    17             2          -138.89319479              0.12049
    17             2          -138.89319479              0.03141
    18             2          -138.89323840              0.08183
    18             2          -138.89323840              0.02314
    19             2          -138.89326331              0.06516
    19             2          -138.89326331              0.01655
    20             2          -138.89327469              0.04562
    20             2          -138.89327469              0.01032
    21             2          -138.89327960              0.03156
    21             2          -138.89327960              0.00621
    22             2          -138.89328128              0.01845
    22             2          -138.89328128              0.00381
    23             2          -138.89328204              0.01567
    23             2          -138.89328204              0.00323
    24             2          -138.89328253              0.01793
    24             2          -138.89328253              0.00185
    25             2          -138.89328267              0.00854
    25             2          -138.89328267              0.00116
    26             2          -138.89328273              0.00633
    26             2          -138.89328273              0.00064
    27             2          -138.89328275              0.00344
    27             2          -138.89328275              0.00033
    28             2          -138.89328275              0.00208
    28             2          -138.89328275              0.00021
    29             2          -138.89328275              0.00151
  truncating with vlp=false 
 TRUNCATION TO 1 VECTOR PER ROOT HAS BEEN PERFORMED
    29             2          -138.89328275              0.00014
    30             2          -138.89328275              0.00014
    30             2          -138.89328275              0.00007
     ROOT    ITERATION     NUMBER OF PRODUCTS       EIGENVALUE
       2        30                43                -138.8932827548


  all roots converged 
  

 ************************************
 COMPLETED CI VECTOR OPTIMISATION
 ************************************





 ********************************
 RESULTS FOR ROOT   01
 TOTAL CI ENERGY =   -142.6506625
 ********************************

       CONF.                                                                           COEFF.
        NO.        SPACE ORBITAL PRODUCTS                                             CONTRIB.      CI COEFFICIENTS

       -----       ----------------------                                             --------   ---------------------
   1.     1   D 1 - 2 ; D 1 - 2  END                                                    0.9361   -0.93614
   2.    10   D 1 - 3 ; D 1  END                                                        0.1591    0.15908
   3.    28   D 1 S 2 - 3 ; D 1 S 2 - 3  END                                            0.1453   -0.08937 -0.11460
   4.    17   D 1 - 2 S 3 - 4 ; S 1 - 2  END                                            0.1006    0.03721  0.09347
   5.    43   S 1 D 2 S 3 ; D 1 S 2 S 4  END                                            0.0938   -0.06118 -0.07116
   6.    34   D 1 S 2 S 4 ; S 1 D 2 S 3  END                                            0.0737    0.05368  0.05047
   7.    39   D 1 ; D 1 - 3  END                                                        0.0647    0.06470
   8.    36   D 1 D 3 ; D 1 - 2  END                                                    0.0571    0.05715
   9.    13   D 1 - 2 ; D 1 D 3  END                                                    0.0571    0.05715
  10.    32   D 1 S 2 - 3 ; S 1 D 2 S 3  END                                            0.0489    0.04885  0.00102
  11.    30   D 1 S 2 S 4 ; D 1 S 2 - 3  END                                            0.0489   -0.04885 -0.00102
  12.    54   S 1 - 2 ; D 1 - 2 S 3 - 4  END                                            0.0473   -0.01025 -0.04613
  13.    44   S 1 D 2 S 4 ; D 1 S 2 - 3  END                                            0.0457    0.04149  0.01909
  14.    33   D 1 S 2 - 3 ; S 1 D 2 S 4  END                                            0.0457   -0.04149 -0.01909
  15.    51   S 1 - 4 ; D 1 - 2  END                                                    0.0455    0.01564  0.04270
  16.    20   D 1 - 2 ; S 1 - 4  END                                                    0.0455   -0.01564 -0.04270
  17.    49   S 1 D 2 S 4 ; S 1 D 2 S 4  END                                            0.0387    0.03146  0.02259
  18.    46   S 1 D 2 S 3 ; S 1 D 2 S 3  END                                            0.0375   -0.02608 -0.02692
  19.    31   D 1 S 2 S 4 ; D 1 S 2 S 4  END                                            0.0375    0.02608  0.02692
  20.    19   D 1 - 2 ; S 1 - 2 D 3  END                                                0.0353   -0.03533
  21.    37   D 1 S 3 - 4 ; D 1 - 2  END                                                0.0353   -0.03533
  22.    24   D 1 - 2 D 4 ; D 2  END                                                    0.0329    0.03288
  23.    12   D 1 - 2 D 4 ; D 1  END                                                    0.0328    0.03283
  24.    22   D 1 - 3 ; D 2  END                                                        0.0328    0.03283
  25.    25   D 1 - 2 ; D 2 - 3  END                                                    0.0303    0.03030
  26.    38   D 1 D 4 ; D 1 - 2  END                                                    0.0303    0.03030
  27.    16   D 1 - 3 ; S 1 - 2  END                                                    0.0287    0.02871
  28.    11   D 1 - 2 S 3 - 4 ; D 1  END                                                0.0287    0.02871
  29.    15   D 1 - 2 ; D 1 D 4  END                                                    0.0263    0.02631
  30.    56   D 2 - 3 ; D 1 - 2  END                                                    0.0263    0.02631
  31.    61   D 2 ; D 1 - 2 D 4  END                                                    0.0262    0.02619
  32.   218   D 1 D 3 ; D 1 D 3  END                                                    0.0250   -0.02500
  33.    42   S 1 D 2 S 3 ; D 1 S 2 - 3  END                                            0.0226   -0.01693 -0.01494
  34.    29   D 1 S 2 - 3 ; D 1 S 2 S 4  END                                            0.0226   -0.01693 -0.01494
  35.    45   S 1 D 2 S 4 ; D 1 S 2 S 4  END                                            0.0220    0.01767  0.01304
  36.    47   S 1 D 2 S 3 ; S 1 D 2 S 4  END                                            0.0220   -0.01767 -0.01304
  37.   201   D 1 S 2 D 3 S 4 ; S 1 S 3  END                                            0.0216   -0.01496 -0.01556
  38.    48   S 1 D 2 S 4 ; S 1 D 2 S 3  END                                            0.0186   -0.01830 -0.00317
  39.    35   D 1 S 2 S 4 ; S 1 D 2 S 4  END                                            0.0186   -0.01830 -0.00317
  40.   282   S 1 - 4 ; S 1 - 4  END                                                    0.0182    0.00892  0.00364  0.00270 -0.00074
                                                                                                  0.00270  0.00775  0.00062  0.00707
                                                                                                  0.00150 -0.00074  0.00062  0.00293
                                                                                                  0.00150  0.01002
  41.    59   D 2 ; D 1 - 3  END                                                        0.0167    0.01666
  42.    41   D 1 ; D 1 - 2 D 4  END                                                    0.0167    0.01666
  43.    58   D 2 D 4 ; D 1 - 2  END                                                    0.0162    0.01616
  44.    27   D 1 - 2 ; D 2 D 4  END                                                    0.0162    0.01616
  45.   232   D 1 S 3 - 4 ; S 1 - 2 D 3  END                                            0.0156   -0.00622 -0.01433
  46.   268   S 1 - 2 D 3 ; D 1 S 3 - 4  END                                            0.0153    0.00437  0.01470
  47.    26   D 1 - 2 ; D 2 S 3 - 4  END                                                0.0153    0.01533
  48.    52   S 1 - 2 D 4 ; D 1 - 2  END                                                0.0153   -0.01533
  49.     6   D 1 S 2 - 3 ; D 1 - 2  END                                                0.0138    0.01384
  50.     2   D 1 - 2 ; D 1 S 2 - 3  END                                                0.0138    0.01384
  51.    21   D 1 - 2 ; S 1 - 2 D 4  END                                                0.0132    0.01316
  52.    57   D 2 S 3 - 4 ; D 1 - 2  END                                                0.0132    0.01316
  53.    60   D 2 ; D 1 - 2 S 3 - 4  END                                                0.0127   -0.01270
  54.    55   S 1 - 2 ; D 1 - 2 D 4  END                                                0.0127    0.01270
  55.    14   D 1 - 2 ; D 1 S 3 - 4  END                                                0.0122   -0.01217
  56.    50   S 1 - 2 D 3 ; D 1 - 2  END                                                0.0122    0.01217
  57.   190   D 1 - 4  END                                                              0.0119   -0.01191
  58.   303   S 1 S 3 ; D 1 S 2 D 3 S 4  END                                            0.0107    0.00672  0.00834
  59.    53   S 1 - 2 ; D 1 - 3  END                                                    0.0107   -0.01067
  60.    40   D 1 ; D 1 - 2 S 3 - 4  END                                                0.0107    0.01067
  61.   251   S 1 D 2 - 3 S 4 ; S 1 S 4  END                                            0.0100   -0.00695 -0.00715
  62.   211   D 1 S 2 - 3 D 4 ; S 2 - 3  END                                            0.0090    0.00475  0.00761
  63.   318   D 2 - 3 ; D 1 D 4  END                                                    0.0089   -0.00888
  64.     7   D 1 S 2 S 4 ; D 1 - 2  END                                                0.0085   -0.00850
  65.     4   D 1 - 2 ; S 1 D 2 S 3  END                                                0.0085    0.00850
  66.   191   D 1 - 3 ; D 3  END                                                        0.0080   -0.00805
  67.   217   D 1 D 3 - 4 ; D 1  END                                                    0.0080   -0.00805
  68.    80   D 1 S 2 - 3 ; D 1 D 3  END                                                0.0075    0.00750
  69.   102   D 1 D 3 ; D 1 S 2 - 3  END                                                0.0075    0.00750
  70.    78   D 1 S 2 D 3 S 4 ; D 1  END                                                0.0074    0.00738
  71.    62   D 1 - 3 ; S 1 S 3  END                                                    0.0074   -0.00738
  72.    18   D 1 - 2 D 4 ; S 1 - 2  END                                                0.0073   -0.00726
  73.    23   D 1 - 2 S 3 - 4 ; D 2  END                                                0.0073   -0.00726
  74.   299   S 1 D 3 S 4 ; D 1 S 2 - 3  END                                            0.0068   -0.00647 -0.00224
  75.   205   D 1 S 2 - 3 ; S 1 D 3 S 4  END                                            0.0068    0.00647  0.00224
  76.    64   D 1 - 2 S 3 - 4 ; S 1 S 3  END                                            0.0066    0.00436  0.00494
  77.    86   D 1 S 2 D 3 S 4 ; S 1 - 2  END                                            0.0066   -0.00436 -0.00494
  78.   246   D 1 D 4 ; D 2 - 3  END                                                    0.0061   -0.00611
  79.   353   S 2 - 3 ; D 1 S 2 - 3 D 4  END                                            0.0059    0.00349  0.00476
  80.   203   D 1 S 2 - 3 D 4 ; S 1 S 3  END                                            0.0058   -0.00577  0.00075
  81.   209   D 1 S 2 D 3 S 4 ; S 2 - 3  END                                            0.0058    0.00577 -0.00075
  82.   278   S 1 - 2 D 3 ; S 1 - 2 D 3  END                                            0.0056   -0.00552 -0.00090
  83.   222   D 1 S 3 - 4 ; D 1 S 3 - 4  END                                            0.0056    0.00552  0.00090
  84.   261   S 1 D 2 S 3 D 4 ; S 2 S 4  END                                            0.0056    0.00359  0.00425
  85.   230   D 1 D 3 ; S 1 - 4  END                                                    0.0054    0.00026  0.00541
  86.   270   S 1 - 4 ; D 1 D 3  END                                                    0.0054   -0.00026 -0.00541
  87.   240   D 1 D 3 ; D 2 - 3  END                                                    0.0054   -0.00539
  88.   224   D 1 D 4 ; D 1 D 3  END                                                    0.0054   -0.00539
  89.   281   S 1 - 4 ; S 1 - 2 D 3  END                                                0.0054    0.00094 -0.00310  0.00095  0.00038
                                                                                                  0.00415
  90.   233   D 1 S 3 - 4 ; S 1 - 4  END                                                0.0054   -0.00094  0.00310 -0.00038 -0.00095
                                                                                                 -0.00415
  91.   332   D 2 S 3 - 4 ; S 1 - 2 D 4  END                                            0.0053   -0.00181 -0.00494
  92.   271   S 1 - 4 ; D 1 S 3 - 4  END                                                0.0051    0.00134  0.00120  0.00410  0.00059
                                                                                                  0.00243
  93.   279   S 1 - 2 D 3 ; S 1 - 4  END                                                0.0051    0.00134  0.00120  0.00059  0.00410
                                                                                                  0.00243
  94.   220   D 1 D 3 ; D 1 D 4  END                                                    0.0050   -0.00500
  95.   316   D 2 - 3 ; D 1 D 3  END                                                    0.0050   -0.00500
  96.   262   S 1 D 2 S 3 ; S 2 D 3 S 4  END                                            0.0049    0.00317  0.00376
  97.   302   S 1 S 3 D 4 ; D 1 S 2 S 4  END                                            0.0049    0.00317  0.00376
  98.   129   S 1 D 2 S 3 ; S 1 - 4  END                                                0.0049   -0.00095 -0.00351 -0.00296 -0.00081
                                                                                                 -0.00109
  99.   145   S 1 - 4 ; D 1 S 2 S 4  END                                                0.0049    0.00095  0.00351  0.00081  0.00296
                                                                                                  0.00109
 100.    63   D 1 - 3 ; S 1 S 4  END                                                    0.0048   -0.00479




 POSITION OF FIRST SPIN COUPLING FOR TEN MOST IMPORTANT CONFIGURATIONS
       1     10     30     17     54     42     49     46     13     38



 ********************************
 RESULTS FOR ROOT   02
 TOTAL CI ENERGY =   -138.8932828
 ********************************

       CONF.                                                                           COEFF.
        NO.        SPACE ORBITAL PRODUCTS                                             CONTRIB.      CI COEFFICIENTS

       -----       ----------------------                                             --------   ---------------------
   1.    10   D 1 - 3 ; D 1  END                                                        0.5782    0.57820
   2.     6   D 1 S 2 - 3 ; D 1 - 2  END                                                0.3740    0.37405
   3.     2   D 1 - 2 ; D 1 S 2 - 3  END                                                0.3740    0.37405
   4.    28   D 1 S 2 - 3 ; D 1 S 2 - 3  END                                            0.3122    0.01657 -0.31175
   5.    13   D 1 - 2 ; D 1 D 3  END                                                    0.1524   -0.15241
   6.    36   D 1 D 3 ; D 1 - 2  END                                                    0.1524   -0.15241
   7.    17   D 1 - 2 S 3 - 4 ; S 1 - 2  END                                            0.1463    0.10020  0.10660
   8.     1   D 1 - 2 ; D 1 - 2  END                                                    0.1267    0.12668
   9.     7   D 1 S 2 S 4 ; D 1 - 2  END                                                0.1021   -0.10210
  10.     4   D 1 - 2 ; S 1 D 2 S 3  END                                                0.1021    0.10210
  11.    78   D 1 S 2 D 3 S 4 ; D 1  END                                                0.0922    0.09219
  12.    62   D 1 - 3 ; S 1 S 3  END                                                    0.0922   -0.09219
  13.    30   D 1 S 2 S 4 ; D 1 S 2 - 3  END                                            0.0760    0.03946  0.06498
  14.    32   D 1 S 2 - 3 ; S 1 D 2 S 3  END                                            0.0760   -0.03946 -0.06498
  15.    50   S 1 - 2 D 3 ; D 1 - 2  END                                                0.0738   -0.07384
  16.    14   D 1 - 2 ; D 1 S 3 - 4  END                                                0.0738    0.07384
  17.    43   S 1 D 2 S 3 ; D 1 S 2 S 4  END                                            0.0714   -0.00468 -0.07127
  18.    39   D 1 ; D 1 - 3  END                                                        0.0696    0.06955
  19.    29   D 1 S 2 - 3 ; D 1 S 2 S 4  END                                            0.0694    0.06045  0.03402
  20.    42   S 1 D 2 S 3 ; D 1 S 2 - 3  END                                            0.0694    0.06044  0.03402
  21.    80   D 1 S 2 - 3 ; D 1 D 3  END                                                0.0680    0.06798
  22.   102   D 1 D 3 ; D 1 S 2 - 3  END                                                0.0680    0.06798
  23.    33   D 1 S 2 - 3 ; S 1 D 2 S 4  END                                            0.0668    0.06617  0.00941
  24.    44   S 1 D 2 S 4 ; D 1 S 2 - 3  END                                            0.0668   -0.06617 -0.00941
  25.    20   D 1 - 2 ; S 1 - 4  END                                                    0.0657    0.00682  0.06531
  26.    51   S 1 - 4 ; D 1 - 2  END                                                    0.0657   -0.00682 -0.06531
  27.   201   D 1 S 2 D 3 S 4 ; S 1 S 3  END                                            0.0632   -0.02607 -0.05758
  28.   218   D 1 D 3 ; D 1 D 3  END                                                    0.0599   -0.05990
  29.    22   D 1 - 3 ; D 2  END                                                        0.0572   -0.05723
  30.    12   D 1 - 2 D 4 ; D 1  END                                                    0.0572   -0.05723
  31.    11   D 1 - 2 S 3 - 4 ; D 1  END                                                0.0562   -0.05625
  32.    16   D 1 - 3 ; S 1 - 2  END                                                    0.0562   -0.05625
  33.    56   D 2 - 3 ; D 1 - 2  END                                                    0.0550   -0.05496
  34.    15   D 1 - 2 ; D 1 D 4  END                                                    0.0550   -0.05496
  35.    54   S 1 - 2 ; D 1 - 2 S 3 - 4  END                                            0.0498   -0.02078 -0.04530
  36.    46   S 1 D 2 S 3 ; S 1 D 2 S 3  END                                            0.0486    0.04422  0.02010
  37.    31   D 1 S 2 S 4 ; D 1 S 2 S 4  END                                            0.0486   -0.04422 -0.02010
  38.    40   D 1 ; D 1 - 2 S 3 - 4  END                                                0.0425   -0.04251
  39.    53   S 1 - 2 ; D 1 - 3  END                                                    0.0425    0.04251
  40.    64   D 1 - 2 S 3 - 4 ; S 1 S 3  END                                            0.0423    0.01096  0.04091
  41.    86   D 1 S 2 D 3 S 4 ; S 1 - 2  END                                            0.0423   -0.01096 -0.04091
  42.    81   D 1 S 2 - 3 ; D 1 S 3 - 4  END                                            0.0421    0.03362  0.02531
  43.   142   S 1 - 2 D 3 ; D 1 S 2 - 3  END                                            0.0421   -0.03362 -0.02531
  44.   103   D 1 D 3 ; D 1 S 2 S 4  END                                                0.0419   -0.04195
  45.   120   S 1 D 2 S 3 ; D 1 D 3  END                                                0.0419   -0.04195
  46.     5   D 1 - 2 ; S 1 D 2 S 4  END                                                0.0399    0.03993
  47.     9   S 1 D 2 S 4 ; D 1 - 2  END                                                0.0399   -0.03993
  48.    63   D 1 - 3 ; S 1 S 4  END                                                    0.0397   -0.03973
  49.   118   S 1 D 2 - 3 S 4 ; D 1  END                                                0.0397    0.03973
  50.     8   S 1 D 2 S 3 ; D 1 - 2  END                                                0.0360    0.03603
  51.     3   D 1 - 2 ; D 1 S 2 S 4  END                                                0.0360    0.03603
  52.   268   S 1 - 2 D 3 ; D 1 S 3 - 4  END                                            0.0358    0.01083  0.03407
  53.    34   D 1 S 2 S 4 ; S 1 D 2 S 3  END                                            0.0339   -0.00305  0.03377
  54.    65   D 1 - 2 S 3 - 4 ; S 1 S 4  END                                            0.0321    0.02924  0.01328
  55.   126   S 1 D 2 - 3 S 4 ; S 1 - 2  END                                            0.0321   -0.02924 -0.01328
  56.    82   D 1 S 2 - 3 ; D 1 D 4  END                                                0.0301   -0.03011
  57.   166   D 2 - 3 ; D 1 S 2 - 3  END                                                0.0301   -0.03011
  58.   251   S 1 D 2 - 3 S 4 ; S 1 S 4  END                                            0.0300   -0.02162 -0.02083
  59.    37   D 1 S 3 - 4 ; D 1 - 2  END                                                0.0298    0.02977
  60.    19   D 1 - 2 ; S 1 - 2 D 3  END                                                0.0298    0.02977
  61.   104   D 1 S 3 - 4 ; D 1 S 2 - 3  END                                            0.0290   -0.00766  0.02794
  62.    88   D 1 S 2 - 3 ; S 1 - 2 D 3  END                                            0.0290   -0.00766  0.02794
  63.    24   D 1 - 2 D 4 ; D 2  END                                                    0.0276    0.02762
  64.   190   D 1 - 4  END                                                              0.0275   -0.02750
  65.   144   S 1 - 4 ; D 1 S 2 - 3  END                                                0.0268   -0.00497 -0.00091 -0.00276 -0.02003
                                                                                                  0.01683
  66.    89   D 1 S 2 - 3 ; S 1 - 4  END                                                0.0268    0.00497  0.00091  0.02003  0.00276
                                                                                                 -0.01683
  67.    83   D 1 S 2 S 4 ; D 1 D 3  END                                                0.0261   -0.02612
  68.   110   D 1 D 3 ; S 1 D 2 S 3  END                                                0.0261    0.02612
  69.   303   S 1 S 3 ; D 1 S 2 D 3 S 4  END                                            0.0230    0.00565  0.02225
  70.    79   D 1 S 2 - 3 D 4 ; D 1  END                                                0.0227   -0.02274
  71.    70   D 1 - 3 ; S 2 - 3  END                                                    0.0227   -0.02274
  72.   232   D 1 S 3 - 4 ; S 1 - 2 D 3  END                                            0.0227   -0.01644 -0.01570
  73.    71   D 1 - 3 ; S 2 S 4  END                                                    0.0225    0.02248
  74.   119   S 1 D 2 S 3 D 4 ; D 1  END                                                0.0225    0.02248
  75.   211   D 1 S 2 - 3 D 4 ; S 2 - 3  END                                            0.0221    0.00586  0.02128
  76.    87   D 1 S 2 - 3 D 4 ; S 1 - 2  END                                            0.0220   -0.01103  0.01898
  77.    72   D 1 - 2 S 3 - 4 ; S 2 - 3  END                                            0.0220   -0.01103  0.01898
  78.   148   S 1 - 2 ; D 1 S 2 D 3 S 4  END                                            0.0217   -0.00073  0.02171
  79.   161   S 1 S 3 ; D 1 - 2 S 3 - 4  END                                            0.0217    0.00073 -0.02171
  80.   184   S 2 - 3 ; D 1 - 3  END                                                    0.0215   -0.02155
  81.   109   D 1 ; D 1 S 2 - 3 D 4  END                                                0.0215   -0.02155
  82.    23   D 1 - 2 S 3 - 4 ; D 2  END                                                0.0209    0.02087
  83.    18   D 1 - 2 D 4 ; S 1 - 2  END                                                0.0209    0.02087
  84.   152   S 1 - 4 ; S 1 D 2 S 3  END                                                0.0207   -0.00088  0.01515 -0.01138  0.00701
                                                                                                 -0.00445
  85.    92   D 1 S 2 S 4 ; S 1 - 4  END                                                0.0207   -0.00088  0.01515  0.00701 -0.01138
                                                                                                 -0.00445
  86.   282   S 1 - 4 ; S 1 - 4  END                                                    0.0205   -0.00946  0.00147 -0.00343 -0.00013
                                                                                                 -0.00343  0.00566 -0.00376  0.00764
                                                                                                 -0.00204 -0.00013 -0.00376  0.01048
                                                                                                 -0.00204  0.00823
  87.    57   D 2 S 3 - 4 ; D 1 - 2  END                                                0.0201   -0.02005
  88.    21   D 1 - 2 ; S 1 - 2 D 4  END                                                0.0201   -0.02005
  89.    47   S 1 D 2 S 3 ; S 1 D 2 S 4  END                                            0.0194    0.01875  0.00490
  90.    45   S 1 D 2 S 4 ; D 1 S 2 S 4  END                                            0.0194   -0.01875 -0.00490
  91.   112   D 1 S 3 - 4 ; S 1 D 2 S 3  END                                            0.0192    0.01652  0.00979
  92.    91   D 1 S 2 S 4 ; S 1 - 2 D 3  END                                            0.0192   -0.01652 -0.00980
  93.    38   D 1 D 4 ; D 1 - 2  END                                                    0.0187   -0.01869
  94.    25   D 1 - 2 ; D 2 - 3  END                                                    0.0187   -0.01869
  95.    49   S 1 D 2 S 4 ; S 1 D 2 S 4  END                                            0.0177    0.00076  0.01772
  96.    97   D 1 S 2 - 3 ; D 2 S 3 - 4  END                                            0.0176    0.00125 -0.01757
  97.   146   S 1 - 2 D 4 ; D 1 S 2 - 3  END                                            0.0176   -0.00125  0.01757
  98.   143   S 1 - 2 D 3 ; D 1 S 2 S 4  END                                            0.0166    0.01242 -0.01109
  99.   121   S 1 D 2 S 3 ; D 1 S 3 - 4  END                                            0.0166   -0.01242  0.01109
 100.   108   D 1 ; D 1 S 2 D 3 S 4  END                                                0.0162    0.01624




 POSITION OF FIRST SPIN COUPLING FOR TEN MOST IMPORTANT CONFIGURATIONS
      10      6      2     30     13     46     17      1      7      4



 ELAPSED TIME =       0.05 CPU SECONDS. (      0.07 WALL CLOCK SECONDS)
