 ************************************************************************
 * RTSIM - DAVIDSON METHOD SPARSE MATRIX EIGENVALUE/EIGENVECTOR PROGRAM *
 * QUANTUM CHEMISTRY GROUP - INDIANA UNIVERSITY -  9Apr 2016  11:33:41  *
 ************************************************************************



                 DIAGONALIZATION RUN TITLE
                 -------------------------
 )* WATER TEST *



 ) DAVIDSON
 ) LAST=3
 ) COEFF
 ) NOVLP
 ) MAXITR=1000 END

 THE CI MATRIX IS TITLED:  H2O  -SINGLET A1-  STO-3G HF SD-CI TEST
 THE MATRIX IS DATED:      9Apr 2016  11:32:48 
 THE SPIN MULTIPLICITY IS 1 AND THE DIMENSION IS 253219.

 ROOTS  1 THROUGH  3 WILL BE OBTAINED.

  
  
  
 AMOUNT OF CORE AVAILABLE                      80000000
 MAXIMUM NUMBER OF VECTORS PER ITERATION              3
 MAXIMUM NUMBER OF VECTORS ON DISK                   19
 NUMBER OF SOLUTIONS SOUGHT                           3
 NUMBER OF SOLUTIONS INVESTIGATED                     3
 SIZE OF MATRIX DIAGONALISED                     253219
  
  
 INITIAL GUESS AT ROOTS (OBTAINED FROM DIAGONAL ELEMENTS OF HAMILTONIAN MATRIX)

                1        -396.36145
              245        -393.99228
              145        -393.87436


 ITERATION       ROOT           EIGENVALUE          NORM OF RESIDUAL
     1             1          -396.76215599              4.87751
     1             2          -394.27602303              5.28721
     1             3          -393.18991716              5.47391
     2             1          -398.33499241              5.08632
     2             2          -395.80439938              9.96123
     2             3          -395.25851900             10.70383
     2             1          -398.33499241              2.81052
     2             2          -395.80439938              3.71169
     2             3          -395.25851900              4.05738
     3             1          -398.75673002              3.53556
     3             2          -396.79763313             15.09643
     3             3          -396.35114755             15.71133
     3             1          -398.75673002              1.45714
     3             2          -396.79763313              2.58062
     3             3          -396.35114755              2.78978
     4             1          -398.84290194              1.95788
     4             2          -397.34195282             15.26506
     4             3          -396.73991890             14.52645
     4             1          -398.84290194              0.74058
     4             2          -397.34195282              2.46720
     4             3          -396.73991890              1.78769
     5             1          -398.86583225              1.36534
     5             2          -397.96496783             15.94729
     5             3          -396.89902050             11.30091
     5             1          -398.86583225              0.40237
     5             2          -397.96496783              3.18287
     5             3          -396.89902050              1.15014
     6             1          -398.87214858              1.07921
     6             2          -398.60593828             15.18728
     6             3          -396.95918058              6.51565
  truncating with vlp=false 
 TRUNCATION TO 1 VECTOR PER ROOT HAS BEEN PERFORMED
     6             1          -398.87214858              0.24050
     6             2          -398.60593828              2.66463
     6             3          -396.95918058              0.74888
     7             1          -398.87381718              1.54979
     7             2          -398.81994301              3.38076
     7             3          -396.97463413              0.99997
     7             1          -398.87381718              0.16414
     7             2          -398.81994301              1.60804
     7             3          -396.97463413              0.42319
     8             1          -398.94904079            621.81802
     8             2          -398.87443659            622.10856
     8             3          -396.98374903              1.59760
     8             1          -398.94904079              1.13603
     8             2          -398.87443659              0.10019
     8             3          -396.98374903              0.32136
     9             1          -399.02319319              5.58645
     9             2          -398.87478653              1.15654
     9             3          -396.98990019              1.92862
     9             1          -399.02319319              0.86674
     9             2          -398.87478653              0.06104
     9             3          -396.98990019              0.27813
    10             1          -399.05895562              4.48430
    10             2          -398.87490009              0.28789
    10             3          -396.99530737              2.99106
    10             1          -399.05895562              0.59300
    10             2          -398.87490009              0.03249
    10             3          -396.99530737              0.27041
    11             1          -399.07189862              2.79385
    11             2          -398.87492925              0.10612
    11             3          -397.00035352              4.21507
  truncating with vlp=false 
 TRUNCATION TO 1 VECTOR PER ROOT HAS BEEN PERFORMED
    11             1          -399.07189862              0.33004
    11             2          -398.87492925              0.01502
    11             3          -397.00035352              0.27405
    12             1          -399.07505499              0.37855
    12             2          -398.87493483              0.01460
    12             3          -397.00274466              0.47552
    12             1          -399.07505499              0.21146
    12             2          -398.87493483              0.00822
    12             3          -397.00274466              0.16197
    13             1          -399.07721316              0.86478
    13             2          -398.87493756              0.02684
    13             3          -397.00430223              0.84917
    13             1          -399.07721316              0.18352
    13             2          -398.87493756              0.00580
    13             3          -397.00430223              0.14392
    14             1          -399.07906341              1.41211
    14             2          -398.87493896              0.03244
    14             3          -397.00559389              1.29602
    14             1          -399.07906341              0.15692
    14             2          -398.87493896              0.00393
    14             3          -397.00559389              0.13715
    15             1          -399.08015066              1.15825
    15             2          -398.87493951              0.02026
    15             3          -397.00674383              2.40136
    15             1          -399.08015066              0.12335
    15             2          -398.87493951              0.00231
    15             3          -397.00674383              0.17697
    16             1          -399.08073999              0.82469
    16             2          -398.87493967              0.00937
    16             3          -397.27770691           1151.52829
  truncating with vlp=false 
 TRUNCATION TO 1 VECTOR PER ROOT HAS BEEN PERFORMED
    16             1          -399.08073999              0.09036
    16             2          -398.87493967              0.00150
    16             3          -397.27770691              2.56135
    17             1          -399.08097580              0.16863
    17             2          -398.87493973              0.00181
    17             3          -397.48737157              3.93204
    17             1          -399.08097580              0.06332
    17             2          -398.87493973              0.00093
    17             3          -397.48737157              1.65424
    18             1          -399.08112414              0.27118
    18             2          -398.87493976              0.00325
    18             3          -397.59473283              6.20257
    18             1          -399.08112414              0.04555
    18             2          -398.87493976              0.00064
    18             3          -397.59473283              1.21503
    19             1          -399.08121082              0.27627
    19             2          -398.87493977              0.00298
    19             3          -397.66224756              7.60660
    19             1          -399.08121082              0.03165
    19             2          -398.87493977              0.00039
    19             3          -397.66224756              0.91152
    20             1          -399.08124508              0.16848
    20             2          -398.87493978              0.00178
    20             3          -397.69616561              6.09589
    20             1          -399.08124508              0.01915
    20             2          -398.87493978              0.00024
    20             3          -397.69616561              0.61342
    21             1          -399.08125936              0.11439
    21             2          -398.87493978              0.00109
    21             3          -397.71458961              5.12910
  truncating with vlp=false 
 TRUNCATION TO 1 VECTOR PER ROOT HAS BEEN PERFORMED
    21             1          -399.08125936              0.01466
    21             2          -398.87493978              0.00015
    21             3          -397.71458961              0.55940
    22             1          -399.08126559              0.01685
    22             2          -398.87493978              0.00015
    22             3          -397.72401612              0.66569
    22             1          -399.08126559              0.01022
    22             2          -398.87493978              0.00010
    22             3          -397.72401612              0.39644
    23             1          -399.08127047              0.04790
    23             2          -398.87493978              0.00038
    23             3          -397.73273590              2.25463
    23             1          -399.08127047              0.00883
    23             2          -398.87493978              0.00008
    23             3          -397.73273590              0.39277
     ROOT    ITERATION     NUMBER OF PRODUCTS       EIGENVALUE
       2        23                66                -398.8749397818


    24             1          -399.08127389              0.05532
    24             3          -397.74111247              3.36834
    24             1          -399.08127389              0.00652
    24             3          -397.74111247              0.35627
    25             1          -399.08127579              0.04506
    25             3          -397.74852208              3.94700
    25             1          -399.08127579              0.00537
    25             3          -397.74852208              0.37968
    26             1          -399.08127692              0.03771
    26             3          -397.75717598              5.73983
    26             1          -399.08127692              0.00453
    26             3          -397.75717598              0.47669
    27             1          -399.08127776              0.03638
    27             3          -397.77391369             12.62795
    27             1          -399.08127776              0.00239
    27             3          -397.77391369              0.47090
    28             1          -399.08127795              0.01364
    28             3          -397.78963333             14.07315
  truncating with vlp=false 
 TRUNCATION TO 1 VECTOR PER ROOT HAS BEEN PERFORMED
    28             1          -399.08127795              0.00165
    28             3          -397.78963333              0.61697
    29             1          -399.08127802              0.00188
    29             3          -397.80244723              0.82795
    29             1          -399.08127802              0.00117
    29             3          -397.80244723              0.44711
    30             1          -399.08127810              0.00594
    30             3          -397.81775256              3.04309
    30             1          -399.08127810              0.00098
    30             3          -397.81775256              0.48969
    31             1          -399.08127814              0.00533
    31             3          -397.83169883              4.42163
    31             1          -399.08127814              0.00079
    31             3          -397.83169883              0.52830
    32             1          -399.08127816              0.00549
    32             3          -397.85045400              7.75686
    32             1          -399.08127816              0.00061
    32             3          -397.85045400              0.61443
    33             1          -399.08127818              0.00454
    33             3          -397.87340217             11.22627
    33             1          -399.08127818              0.00047
    33             3          -397.87340217              0.67807
    34             1          -399.08127819              0.00358
    34             3          -397.90577976             16.82555
    34             1          -399.08127819              0.00032
    34             3          -397.90577976              0.70677
    35             1          -399.08127819              0.00174
    35             3          -397.92719002             10.60599
    35             1          -399.08127819              0.00020
    35             3          -397.92719002              0.58258
    36             1          -399.08127819              0.00161
    36             3          -397.95099640             11.82162
  truncating with vlp=false 
 TRUNCATION TO 1 VECTOR PER ROOT HAS BEEN PERFORMED
    36             1          -399.08127819              0.00018
    36             3          -397.95099640              0.69754
    37             1          -399.08127819              0.00022
    37             3          -397.96429396              0.88275
    37             1          -399.08127819              0.00011
    37             3          -397.96429396              0.47082
    38             1          -399.08127820              0.00053
    38             3          -397.97571296              2.57466
    38             1          -399.08127820              0.00010
    38             3          -397.97571296              0.48799
    39             1          -399.08127820              0.00080
    39             3          -397.99030974              5.36924
    39             1          -399.08127820              0.00008
    39             3          -397.99030974              0.48452
     ROOT    ITERATION     NUMBER OF PRODUCTS       EIGENVALUE
       1        39                98                -399.0812781957


    40             3          -397.99993177              4.24960
    40             3          -397.99993177              0.38939
    41             3          -398.00661799              3.39127
    41             3          -398.00661799              0.31808
    42             3          -398.01114620              2.66270
    42             3          -398.01114620              0.25675
    43             3          -398.01391707              2.00905
    43             3          -398.01391707              0.19666
    44             3          -398.01533935              1.33902
    44             3          -398.01533935              0.15036
    45             3          -398.01764303              2.87915
    45             3          -398.01764303              0.25641
    46             3          -398.02170067              5.50205
    46             3          -398.02170067              0.26359
    47             3          -398.02439251              3.81851
    47             3          -398.02439251              0.19066
    48             3          -398.02583782              2.23372
    48             3          -398.02583782              0.14133
    49             3          -398.02660138              1.33985
  truncating with vlp=false 
 TRUNCATION TO 1 VECTOR PER ROOT HAS BEEN PERFORMED
    49             3          -398.02660138              0.10342
    50             3          -398.02685953              0.09419
    50             3          -398.02685953              0.06759
    51             3          -398.02707443              0.28522
    51             3          -398.02707443              0.05744
    52             3          -398.02722638              0.36046
    52             3          -398.02722638              0.05238
    53             3          -398.02733714              0.36409
    53             3          -398.02733714              0.03882
    54             3          -398.02739028              0.22650
    54             3          -398.02739028              0.02535
    55             3          -398.02742266              0.19920
    55             3          -398.02742266              0.02519
    56             3          -398.02745294              0.23726
    56             3          -398.02745294              0.02218
    57             3          -398.02747357              0.19728
    57             3          -398.02747357              0.01836
    58             3          -398.02748898              0.18197
    58             3          -398.02748898              0.01630
    59             3          -398.02749938              0.14687
    59             3          -398.02749938              0.01305
    60             3          -398.02750611              0.11431
    60             3          -398.02750611              0.01027
    61             3          -398.02751097              0.10040
    61             3          -398.02751097              0.00912
    62             3          -398.02751500              0.10055
    62             3          -398.02751500              0.00970
    63             3          -398.02752077              0.16460
    63             3          -398.02752077              0.00959
    64             3          -398.02752424              0.11096
    64             3          -398.02752424              0.00763
    65             3          -398.02752696              0.09828
  truncating with vlp=false 
 TRUNCATION TO 1 VECTOR PER ROOT HAS BEEN PERFORMED
    65             3          -398.02752696              0.00675
    66             3          -398.02752809              0.00611
    66             3          -398.02752809              0.00451
    67             3          -398.02752922              0.02340
    67             3          -398.02752922              0.00490
    68             3          -398.02753039              0.03942
    68             3          -398.02753039              0.00429
    69             3          -398.02753112              0.03214
    69             3          -398.02753112              0.00362
    70             3          -398.02753167              0.03070
    70             3          -398.02753167              0.00305
    71             3          -398.02753212              0.03115
    71             3          -398.02753212              0.00281
    72             3          -398.02753245              0.02756
    72             3          -398.02753245              0.00245
    73             3          -398.02753271              0.02602
    73             3          -398.02753271              0.00230
    74             3          -398.02753295              0.02697
    74             3          -398.02753295              0.00213
    75             3          -398.02753315              0.02639
    75             3          -398.02753315              0.00190
    76             3          -398.02753329              0.02049
    76             3          -398.02753329              0.00148
    77             3          -398.02753339              0.01653
    77             3          -398.02753339              0.00127
    78             3          -398.02753346              0.01476
    78             3          -398.02753346              0.00113
    79             3          -398.02753352              0.01255
    79             3          -398.02753352              0.00098
    80             3          -398.02753356              0.01237
    80             3          -398.02753356              0.00095
    81             3          -398.02753360              0.01133
  truncating with vlp=false 
 TRUNCATION TO 1 VECTOR PER ROOT HAS BEEN PERFORMED
    81             3          -398.02753360              0.00096
    82             3          -398.02753362              0.00087
    82             3          -398.02753362              0.00058
    83             3          -398.02753364              0.00231
    83             3          -398.02753364              0.00049
    84             3          -398.02753365              0.00287
    84             3          -398.02753365              0.00043
    85             3          -398.02753366              0.00331
    85             3          -398.02753366              0.00037
    86             3          -398.02753366              0.00296
    86             3          -398.02753366              0.00029
    87             3          -398.02753367              0.00264
    87             3          -398.02753367              0.00027
    88             3          -398.02753367              0.00252
    88             3          -398.02753367              0.00022
    89             3          -398.02753367              0.00191
    89             3          -398.02753367              0.00018
    90             3          -398.02753367              0.00167
    90             3          -398.02753367              0.00016
    91             3          -398.02753367              0.00158
    91             3          -398.02753367              0.00014
    92             3          -398.02753367              0.00144
    92             3          -398.02753367              0.00012
    93             3          -398.02753367              0.00124
    93             3          -398.02753367              0.00010
    94             3          -398.02753368              0.00108
    94             3          -398.02753368              0.00010
     ROOT    ITERATION     NUMBER OF PRODUCTS       EIGENVALUE
       3        94               153                -398.0275336751


  all roots converged 
  

 ************************************
 COMPLETED CI VECTOR OPTIMISATION
 ************************************





 ********************************
 RESULTS FOR ROOT   01
 TOTAL CI ENERGY =   -399.0812782
 ********************************

       CONF.                                                                           COEFF.
        NO.        SPACE ORBITAL PRODUCTS                                             CONTRIB.      CI COEFFICIENTS

       -----       ----------------------                                             --------   ---------------------
   1.     5   D 1 - 3 S 4 D 5 ; D 1 - 3 S 4  END                                        0.3776   -0.37755
   2.    69   D 1 - 4 S 5 ; D 1 - 3 S 5  END                                            0.3776    0.37755
   3.     2   D 1 - 4 S 5 ; D 1 - 2 S 3 D 4  END                                        0.3114    0.31138
   4.   109   D 1 - 4 S 6 ; D 1 - 3 S 4  END                                            0.3114   -0.31138
   5.   161   D 1 - 3 S 4 - 6 ; D 1 - 3 S 4  END                                        0.1708   -0.01619 -0.17003
   6.    73   D 1 - 4 S 5 ; D 1 - 2 S 3 - 5  END                                        0.1708   -0.01619 -0.17003
   7.     6   D 1 - 3 S 4 D 5 ; D 1 - 2 S 3 D 4  END                                    0.1285    0.12848
   8.  1053   D 1 - 4 S 6 ; D 1 - 3 S 5  END                                            0.1285   -0.12848
   9.  1065   D 1 - 4 S 6 ; D 1 - 2 S 3 - 5  END                                        0.1262    0.09014  0.08838
  10.   164   D 1 - 3 S 4 - 6 ; D 1 - 2 S 3 D 4  END                                    0.1262    0.09014  0.08838
  11.  1555   D 1 - 3 S 4 ; D 1 - 3 S 4 D 5  END                                        0.1133   -0.11325
  12.   189   D 1 - 3 S 5 ; D 1 - 4 S 5  END                                            0.1133    0.11325
  13.   245   D 1 - 2 S 3 D 4 ; D 1 - 4 S 5  END                                        0.1111    0.11106
  14.   174   D 1 - 3 S 4 ; D 1 - 4 S 6  END                                            0.1111   -0.11106
  15.  1549   D 1 - 3 S 4 D 6 ; D 1 - 3 S 4  END                                        0.0915    0.09152
  16.    77   D 1 - 4 S 5 ; D 1 - 2 D 4 S 5  END                                        0.0915   -0.09152
  17.    74   D 1 - 4 S 5 ; D 1 - 2 S 3 - 4 S 6  END                                    0.0776    0.03555 -0.06901
  18.   233   D 1 - 2 S 3 D 4 S 5 - 6 ; D 1 - 3 S 4  END                                0.0776    0.03555 -0.06901
  19.     3   D 1 - 4 S 5 ; D 1 S 2 D 3 - 4  END                                        0.0621    0.06207
  20.   110   D 1 - 4 S 7 ; D 1 - 3 S 4  END                                            0.0621    0.06207
  21.   115   D 1 - 4 S 6 ; D 1 S 2 D 3 - 4  END                                        0.0610   -0.06104
  22.   113   D 1 - 4 S 7 ; D 1 - 2 S 3 D 4  END                                        0.0610   -0.06104
  23.   122   D 1 - 3 S 4 D 5 ; D 1 - 3 S 6  END                                        0.0581    0.05808
  24.   193   D 1 - 2 S 3 D 4 - 5 ; D 1 - 3 S 5  END                                    0.0581   -0.05808
  25.  2192   D 1 - 2 S 3 D 4 ; D 1 - 3 S 4 - 6  END                                    0.0570    0.04237  0.03808
  26.   262   D 1 - 2 S 3 - 5 ; D 1 - 4 S 6  END                                        0.0570    0.04237  0.03808
  27.  1057   D 1 - 4 S 7 ; D 1 - 3 S 5  END                                            0.0557    0.05569
  28.     7   D 1 - 3 S 4 D 5 ; D 1 S 2 D 3 - 4  END                                    0.0557    0.05569
  29.   234   D 1 - 2 S 3 D 4 S 5 S 7 ; D 1 - 3 S 4  END                                0.0522    0.02075 -0.04788
  30.    82   D 1 - 4 S 5 ; D 1 S 2 D 3 S 4 S 6  END                                    0.0522   -0.02075  0.04788
  31.   236   D 1 - 2 S 3 D 4 S 5 - 6 ; D 1 - 2 S 3 D 4  END                            0.0504   -0.05029 -0.00323
  32.  1066   D 1 - 4 S 6 ; D 1 - 2 S 3 - 4 S 6  END                                    0.0504   -0.05029 -0.00323
  33.   331   D 1 S 2 D 3 - 4 S 5 S 8 ; D 1 - 3 S 4  END                                0.0457   -0.02173  0.04018
  34.    95   D 1 - 4 S 5 ; S 1 D 2 - 3 S 4 S 7  END                                    0.0457   -0.02173  0.04018
  35.   804   D 1 - 4 S 5 ; D 1 - 2 S 3 S 5 - 6  END                                    0.0434    0.04070  0.01509
  36.   249   D 1 - 2 S 3 - 4 D 5 S 6 ; D 1 - 3 S 4  END                                0.0434    0.04070  0.01509
  37.  1572   D 1 - 3 S 4 ; D 1 - 2 S 3 D 4 S 5 - 6  END                                0.0421   -0.04207  0.00094
  38.  2433   D 1 - 2 S 3 - 4 S 6 ; D 1 - 4 S 5  END                                    0.0421   -0.04207  0.00094
  39.    83   D 1 - 4 S 5 ; D 1 S 2 D 3 S 4 S 7  END                                    0.0416   -0.01781  0.03765
  40.   330   D 1 S 2 D 3 - 4 S 5 S 7 ; D 1 - 3 S 4  END                                0.0416    0.01781 -0.03765
  41.  1093   D 1 - 4 S 7 ; D 1 S 2 D 3 S 4 - 5  END                                    0.0415   -0.03957 -0.01235
  42.   168   D 1 - 3 S 4 - 5 S 7 ; D 1 S 2 D 3 - 4  END                                0.0415   -0.03957 -0.01235
  43.  1797   D 1 - 3 S 6 ; D 1 - 4 S 5  END                                            0.0402    0.04021
  44.  1571   D 1 - 3 S 4 ; D 1 - 2 S 3 D 4 - 5  END                                    0.0402   -0.04021
  45.  9282   D 1 - 3 S 4 D 6 ; D 1 - 3 S 5  END                                        0.0395    0.03949
  46.   129   D 1 - 3 S 4 D 5 ; D 1 - 2 D 4 S 5  END                                    0.0395   -0.03949
  47.  1445   D 1 - 3 S 4 - 5 S 7 ; D 1 - 2 S 3 - 5  END                                0.0391    0.02022 -0.01786  0.00743 -0.00900
                                                                                                  0.02571
  48.  1465   D 1 - 3 S 4 - 6 ; D 1 S 2 D 3 S 4 - 5  END                                0.0391    0.02022 -0.01786 -0.00900  0.00743
                                                                                                  0.02571
  49.  3189   D 1 S 2 D 3 - 4 ; D 1 - 3 S 4 - 5 S 7  END                                0.0386    0.02450  0.02987
  50.   359   D 1 S 2 D 3 S 4 - 5 ; D 1 - 4 S 7  END                                    0.0386    0.02450  0.02987
  51. 10015   D 1 - 3 S 5 D 6 ; D 1 - 3 S 5  END                                        0.0371   -0.03711
  52.  1195   D 1 - 3 S 4 D 5 ; D 1 - 2 S 4 D 5  END                                    0.0371    0.03711
  53.  1055   D 1 - 4 S 6 ; D 1 - 3 S 7  END                                            0.0361    0.03606
  54.    14   D 1 S 2 D 3 - 5 ; D 1 - 2 S 3 D 4  END                                    0.0361   -0.03606
  55.  1077   D 1 - 4 S 6 ; D 1 - 2 D 4 S 5  END                                        0.0359    0.03592
  56.  1565   D 1 - 3 S 4 D 6 ; D 1 - 2 S 3 D 4  END                                    0.0359   -0.03592
  57.  1798   D 1 - 3 S 6 ; D 1 - 4 S 6  END                                            0.0349   -0.03494
  58.  2207   D 1 - 2 S 3 D 4 ; D 1 - 2 S 3 D 4 - 5  END                                0.0349    0.03494
  59.  4658   S 1 D 2 - 4 ; D 1 - 3 S 4 - 5 S 8  END                                    0.0347    0.02185  0.02701
  60.   484   S 1 D 2 - 3 S 4 - 5 ; D 1 - 4 S 8  END                                    0.0347    0.02185  0.02701
  61.   342   D 1 S 2 D 3 - 4 ; D 1 - 4 S 6  END                                        0.0347    0.03474
  62.   247   D 1 - 2 S 3 D 4 ; D 1 - 4 S 7  END                                        0.0347   -0.03474
  63.  2065   D 1 - 2 S 3 D 4 S 5 - 6 ; D 1 - 3 S 5  END                                0.0345   -0.03024 -0.01657
  64.   126   D 1 - 3 S 4 D 5 ; D 1 - 2 S 3 - 4 S 6  END                                0.0345   -0.03024 -0.01657
  65.   180   D 1 - 3 D 5 S 6 ; D 1 - 2 S 3 D 4  END                                    0.0326    0.03259
  66.  7583   D 1 - 4 S 6 ; D 1 - 2 S 3 D 5  END                                        0.0326   -0.03259
  67.   281   D 1 - 2 D 4 S 5 ; D 1 - 4 S 5  END                                        0.0322   -0.03220
  68.  1559   D 1 - 3 S 4 ; D 1 - 3 S 4 D 6  END                                        0.0322    0.03220
  69.  1566   D 1 - 3 S 4 S 6 - 7 ; D 1 - 2 S 3 D 4  END                                0.0315   -0.01985  0.02444
  70.  1101   D 1 - 4 S 6 ; D 1 S 2 - 3 D 4 S 5  END                                    0.0315    0.01985 -0.02444
  71.    71   D 1 - 4 S 5 ; D 1 - 3 S 7  END                                            0.0314   -0.03143
  72.    13   D 1 S 2 D 3 - 5 ; D 1 - 3 S 4  END                                        0.0314    0.03143
  73.  1556   D 1 - 3 S 4 ; D 1 - 3 S 4 - 6  END                                        0.0286    0.00695 -0.02771
  74.   261   D 1 - 2 S 3 - 5 ; D 1 - 4 S 5  END                                        0.0286    0.00695 -0.02771
  75.  9322   D 1 - 3 S 4 D 6 ; D 1 - 2 S 3 - 5  END                                    0.0284   -0.01586 -0.02350
  76.  1453   D 1 - 3 S 4 - 6 ; D 1 - 2 D 4 S 5  END                                    0.0284   -0.01586 -0.02350
  77.   252   D 1 - 2 S 3 - 4 D 5 S 6 ; D 1 - 2 S 3 D 4  END                            0.0283   -0.02830  0.00134
  78.  7584   D 1 - 4 S 6 ; D 1 - 2 S 3 S 5 - 6  END                                    0.0283   -0.02830  0.00134
  79.   341   D 1 S 2 D 3 - 4 ; D 1 - 4 S 5  END                                        0.0282   -0.02816
  80.   175   D 1 - 3 S 4 ; D 1 - 4 S 7  END                                            0.0282    0.02816
  81.  1429   D 1 - 3 S 4 - 6 ; D 1 - 3 S 5  END                                        0.0279   -0.00734 -0.02690
  82.   125   D 1 - 3 S 4 D 5 ; D 1 - 2 S 3 - 5  END                                    0.0279   -0.00734 -0.02690
  83.   357   D 1 S 2 D 3 S 4 - 5 ; D 1 - 4 S 5  END                                    0.0278    0.00844  0.02653
  84.  1557   D 1 - 3 S 4 ; D 1 - 3 S 4 - 5 S 7  END                                    0.0278    0.00844  0.02653
  85.   162   D 1 - 3 S 4 - 5 S 7 ; D 1 - 3 S 4  END                                    0.0275    0.02751  0.00047
  86.    81   D 1 - 4 S 5 ; D 1 S 2 D 3 S 4 - 5  END                                    0.0275   -0.02751 -0.00047
  87.  1442   D 1 - 3 S 4 - 6 ; D 1 - 2 S 3 - 4 S 6  END                                0.0271   -0.01623 -0.00967 -0.00757  0.01779
                                                                                                 -0.00251
  88.  2077   D 1 - 2 S 3 D 4 S 5 - 6 ; D 1 - 2 S 3 - 5  END                            0.0271    0.01623  0.00967 -0.01779  0.00757
                                                                                                  0.00251
  89.  1089   D 1 - 4 S 6 ; D 1 S 2 D 3 S 4 - 5  END                                    0.0265    0.01667  0.02056
  90.   165   D 1 - 3 S 4 - 5 S 7 ; D 1 - 2 S 3 D 4  END                                0.0265   -0.01667 -0.02056
  91.  1433   D 1 - 3 S 4 - 5 S 7 ; D 1 - 3 S 5  END                                    0.0259    0.02471 -0.00786
  92.   133   D 1 - 3 S 4 D 5 ; D 1 S 2 D 3 S 4 - 5  END                                0.0259   -0.02471  0.00786
  93.   237   D 1 - 2 S 3 D 4 S 5 S 7 ; D 1 - 2 S 3 D 4  END                            0.0256   -0.00022  0.02558
  94.  1090   D 1 - 4 S 6 ; D 1 S 2 D 3 S 4 S 6  END                                    0.0256    0.00022 -0.02558
  95.    93   D 1 - 4 S 5 ; S 1 D 2 - 3 S 4 - 5  END                                    0.0255    0.01722 -0.01886
  96.   163   D 1 - 3 S 4 - 5 S 8 ; D 1 - 3 S 4  END                                    0.0255    0.01722 -0.01886
  97.  8695   D 1 - 3 S 4 - 6 ; D 1 - 2 S 3 D 5  END                                    0.0254    0.01614 -0.01963
  98.  1625   D 1 - 3 D 5 S 6 ; D 1 - 2 S 3 - 5  END                                    0.0254    0.01614 -0.01963
  99.   334   D 1 S 2 D 3 - 4 S 5 S 8 ; D 1 - 2 S 3 D 4  END                            0.0253    0.01160 -0.02248
 100.  1127   D 1 - 4 S 6 ; S 1 D 2 - 3 S 4 S 7  END                                    0.0253    0.01160 -0.02248




 POSITION OF FIRST SPIN COUPLING FOR TEN MOST IMPORTANT CONFIGURATIONS
       5     81      2    145    221     85      6   1817   1829    227



 ********************************
 RESULTS FOR ROOT   02
 TOTAL CI ENERGY =   -398.8749398
 ********************************

       CONF.                                                                           COEFF.
        NO.        SPACE ORBITAL PRODUCTS                                             CONTRIB.      CI COEFFICIENTS

       -----       ----------------------                                             --------   ---------------------
   1.     1   D 1 - 4 S 5 ; D 1 - 3 S 4  END                                            0.8559   -0.85594
   2.   173   D 1 - 3 S 4 ; D 1 - 4 S 5  END                                            0.2558   -0.25583
   3.   112   D 1 - 4 S 6 ; D 1 - 2 S 3 D 4  END                                        0.1114   -0.11141
   4.   161   D 1 - 3 S 4 - 6 ; D 1 - 3 S 4  END                                        0.0934    0.00242 -0.09342
   5.    73   D 1 - 4 S 5 ; D 1 - 2 S 3 - 5  END                                        0.0934   -0.00242  0.09342
   6.  1441   D 1 - 3 S 4 - 6 ; D 1 - 2 S 3 - 5  END                                    0.0847    0.03597  0.01403  0.05192  0.05192
                                                                                                  0.01727
   7.  1739   D 1 - 3 S 5 ; D 1 - 3 S 4 D 5  END                                        0.0748    0.07477
   8.    74   D 1 - 4 S 5 ; D 1 - 2 S 3 - 4 S 6  END                                    0.0733   -0.00678 -0.07301
   9.   233   D 1 - 2 S 3 D 4 S 5 - 6 ; D 1 - 3 S 4  END                                0.0733    0.00678  0.07301
  10.   121   D 1 - 3 S 4 D 5 ; D 1 - 3 S 5  END                                        0.0594    0.05940
  11.  2376   D 1 - 2 S 3 - 5 ; D 1 - 3 S 4 - 6  END                                    0.0578   -0.00722  0.02600  0.00682  0.00682
                                                                                                 -0.05019
  12.   246   D 1 - 2 S 3 D 4 ; D 1 - 4 S 6  END                                        0.0560   -0.05596
  13.   234   D 1 - 2 S 3 D 4 S 5 S 7 ; D 1 - 3 S 4  END                                0.0514   -0.00649 -0.05100
  14.    82   D 1 - 4 S 5 ; D 1 S 2 D 3 S 4 S 6  END                                    0.0514   -0.00649 -0.05100
  15.    69   D 1 - 4 S 5 ; D 1 - 3 S 5  END                                            0.0511    0.05114
  16.     5   D 1 - 3 S 4 D 5 ; D 1 - 3 S 4  END                                        0.0511    0.05114
  17.   109   D 1 - 4 S 6 ; D 1 - 3 S 4  END                                            0.0511    0.05108
  18.     2   D 1 - 4 S 5 ; D 1 - 2 S 3 D 4  END                                        0.0511    0.05108
  19.  1469   D 1 - 3 S 4 - 5 S 7 ; D 1 S 2 D 3 S 4 - 5  END                            0.0462   -0.01741 -0.01094 -0.02924 -0.02924
                                                                                                  0.00176
  20.  2078   D 1 - 2 S 3 D 4 S 5 - 6 ; D 1 - 2 S 3 - 4 S 6  END                        0.0439    0.02047  0.01151  0.02588  0.02588
                                                                                                  0.00615
  21.  1509   D 1 - 3 S 4 - 5 S 8 ; S 1 D 2 - 3 S 4 - 5  END                            0.0407    0.01687  0.00922  0.02516  0.02516
                                                                                                 -0.00470
  22.  3373   D 1 S 2 D 3 S 4 - 5 ; D 1 - 3 S 4 - 5 S 7  END                            0.0404   -0.00325  0.01494  0.00609  0.00609
                                                                                                 -0.03635
  23.   813   D 1 - 4 S 5 D 6 ; D 1 - 2 S 4  END                                        0.0370    0.03703
  24.  1442   D 1 - 3 S 4 - 6 ; D 1 - 2 S 3 - 4 S 6  END                                0.0352    0.02723 -0.00028  0.00235  0.00277
                                                                                                 -0.02203
  25.  2077   D 1 - 2 S 3 D 4 S 5 - 6 ; D 1 - 2 S 3 - 5  END                            0.0352    0.02723 -0.00028  0.00277  0.00235
                                                                                                 -0.02203
  26.    83   D 1 - 4 S 5 ; D 1 S 2 D 3 S 4 S 7  END                                    0.0348    0.00445  0.03456
  27.   330   D 1 S 2 D 3 - 4 S 5 S 7 ; D 1 - 3 S 4  END                                0.0348    0.00445  0.03456
  28.  1733   D 1 - 3 S 5 D 6 ; D 1 - 3 S 4  END                                        0.0342    0.03424
  29.   819   D 1 - 4 S 5 ; D 1 - 2 S 4 D 5  END                                        0.0342    0.03424
  30.   846   D 1 - 4 S 5 - 7 ; D 1 S 2 - 4  END                                        0.0339    0.01091  0.02505 -0.01342 -0.01342
                                                                                                  0.00654
  31.   261   D 1 - 2 S 3 - 5 ; D 1 - 4 S 5  END                                        0.0325   -0.02715 -0.01791
  32.  1556   D 1 - 3 S 4 ; D 1 - 3 S 4 - 6  END                                        0.0325    0.02715  0.01791
  33.  3075   D 1 S 2 D 3 - 4 S 5 - 6 ; D 1 - 2 S 3 - 4 S 7  END                        0.0310    0.01988  0.01016  0.01516  0.01516
                                                                                                 -0.00005
  34.   116   D 1 - 4 S 7 ; D 1 S 2 D 3 - 4  END                                        0.0305    0.03053
  35.  1429   D 1 - 3 S 4 - 6 ; D 1 - 3 S 5  END                                        0.0302    0.00014  0.03019
  36.   125   D 1 - 3 S 4 D 5 ; D 1 - 2 S 3 - 5  END                                    0.0302   -0.00014 -0.03019
  37.  2106   D 1 - 2 S 3 D 4 S 5 S 7 ; D 1 S 2 D 3 S 4 S 6  END                        0.0294   -0.01733 -0.00831 -0.01572 -0.01572
                                                                                                 -0.00022
  38.  4842   S 1 D 2 - 3 S 4 - 5 ; D 1 - 3 S 4 - 5 S 8  END                            0.0286    0.00181  0.01076  0.00662  0.00662
                                                                                                 -0.02467
  39.  2370   D 1 - 2 S 3 - 7 ; D 1 - 3 S 4  END                                        0.0268   -0.00976 -0.00577 -0.01980 -0.01019
                                                                                                  0.00967
  40.   852   D 1 - 4 S 5 ; D 1 S 2 - 6  END                                            0.0268    0.00976  0.00577  0.01019  0.01980
                                                                                                 -0.00967
  41.   177   D 1 - 3 D 5 S 6 ; D 1 - 3 S 4  END                                        0.0258   -0.02584
  42.   803   D 1 - 4 S 5 ; D 1 - 2 S 3 D 5  END                                        0.0258   -0.02584
  43.  1069   D 1 - 4 S 7 ; D 1 - 2 S 3 - 5  END                                        0.0256    0.02285  0.01164
  44.   167   D 1 - 3 S 4 - 6 ; D 1 S 2 D 3 - 4  END                                    0.0256    0.02285  0.01164
  45.   164   D 1 - 3 S 4 - 6 ; D 1 - 2 S 3 D 4  END                                    0.0256   -0.02483  0.00616
  46.  1065   D 1 - 4 S 6 ; D 1 - 2 S 3 - 5  END                                        0.0256    0.02483 -0.00616
  47.     6   D 1 - 3 S 4 D 5 ; D 1 - 2 S 3 D 4  END                                    0.0250    0.02505
  48.  1053   D 1 - 4 S 6 ; D 1 - 3 S 5  END                                            0.0250    0.02505
  49.   804   D 1 - 4 S 5 ; D 1 - 2 S 3 S 5 - 6  END                                    0.0248   -0.01276  0.02126
  50.   249   D 1 - 2 S 3 - 4 D 5 S 6 ; D 1 - 3 S 4  END                                0.0248    0.01276 -0.02126
  51.   189   D 1 - 3 S 5 ; D 1 - 4 S 5  END                                            0.0238   -0.02378
  52.  1555   D 1 - 3 S 4 ; D 1 - 3 S 4 D 5  END                                        0.0238   -0.02378
  53.  2647   D 1 - 2 D 4 S 5 ; D 1 - 3 S 4 D 5  END                                    0.0237    0.02366
  54.  1743   D 1 - 3 S 5 ; D 1 - 3 S 4 D 6  END                                        0.0237    0.02366
  55.   927   D 1 - 4 S 5 - 6 S 8 ; S 1 D 2 S 3 - 4  END                                0.0236   -0.00580 -0.01890  0.00861  0.00861
                                                                                                 -0.00431
  56.  2651   D 1 - 2 D 4 S 5 ; D 1 - 3 S 4 D 6  END                                    0.0233    0.02325
  57.  2101   D 1 - 2 S 3 D 4 S 5 - 6 ; D 1 S 2 D 3 S 4 - 5  END                        0.0229   -0.00993 -0.01154 -0.01192 -0.01206
                                                                                                 -0.00227
  58.  1446   D 1 - 3 S 4 - 5 S 7 ; D 1 - 2 S 3 - 4 S 6  END                            0.0229    0.00993  0.01154  0.01206  0.01192
                                                                                                  0.00227
  59.    95   D 1 - 4 S 5 ; S 1 D 2 - 3 S 4 S 7  END                                    0.0224   -0.00270 -0.02222
  60.   331   D 1 S 2 D 3 - 4 S 5 S 8 ; D 1 - 3 S 4  END                                0.0224    0.00270  0.02222
  61.   126   D 1 - 3 S 4 D 5 ; D 1 - 2 S 3 - 4 S 6  END                                0.0224    0.01067 -0.01964
  62.  2065   D 1 - 2 S 3 D 4 S 5 - 6 ; D 1 - 3 S 5  END                                0.0224   -0.01067  0.01964
  63.  1467   D 1 - 3 S 4 - 6 ; D 1 S 2 D 3 S 4 S 7  END                                0.0223   -0.01837  0.00079 -0.00466 -0.00403
                                                                                                  0.01100
  64.  3077   D 1 S 2 D 3 - 4 S 5 S 7 ; D 1 - 2 S 3 - 5  END                            0.0223    0.01837 -0.00079  0.00403  0.00466
                                                                                                 -0.01100
  65.  3367   D 1 S 2 D 3 S 4 - 6 S 8 ; D 1 - 3 S 4  END                                0.0219    0.00559  0.00315  0.01801  0.00594
                                                                                                 -0.00896
  66.   933   D 1 - 4 S 5 ; S 1 D 2 S 3 - 5 S 7  END                                    0.0219    0.00559  0.00315  0.00594  0.01801
                                                                                                 -0.00896
  67.   197   D 1 - 2 S 3 D 4 - 5 ; D 1 - 2 S 3 - 5  END                                0.0219   -0.00638 -0.02092
  68.  1430   D 1 - 3 S 4 - 6 ; D 1 - 3 S 6  END                                        0.0219    0.00638  0.02092
  69.  2081   D 1 - 2 S 3 D 4 S 5 S 7 ; D 1 - 2 S 3 - 5  END                            0.0215    0.01582  0.00242  0.00964  0.01072
                                                                                                 -0.00060
  70.  1466   D 1 - 3 S 4 - 6 ; D 1 S 2 D 3 S 4 S 6  END                                0.0215   -0.01582 -0.00242 -0.01072 -0.00964
                                                                                                  0.00060
  71.  3648   D 1 S 2 - 3 D 4 S 5 ; D 1 - 3 S 4 S 6 - 7  END                            0.0213   -0.00157  0.00423  0.00028  0.00028
                                                                                                 -0.02080
  72.  2191   D 1 - 2 S 3 D 4 ; D 1 - 3 S 4 D 5  END                                    0.0209    0.02086
  73.   190   D 1 - 3 S 5 ; D 1 - 4 S 6  END                                            0.0209    0.02086
  74.  1550   D 1 - 3 S 4 S 6 - 7 ; D 1 - 3 S 4  END                                    0.0208    0.00339 -0.02054
  75.    85   D 1 - 4 S 5 ; D 1 S 2 - 3 D 4 S 5  END                                    0.0208    0.00339 -0.02054
  76.   174   D 1 - 3 S 4 ; D 1 - 4 S 6  END                                            0.0205    0.02046
  77.   245   D 1 - 2 S 3 D 4 ; D 1 - 4 S 5  END                                        0.0205    0.02046
  78.  2082   D 1 - 2 S 3 D 4 S 5 S 7 ; D 1 - 2 S 3 - 4 S 6  END                        0.0204    0.01644  0.00001  0.00295  0.00297
                                                                                                 -0.01134
  79.  2102   D 1 - 2 S 3 D 4 S 5 - 6 ; D 1 S 2 D 3 S 4 S 6  END                        0.0204   -0.01644 -0.00001 -0.00297 -0.00295
                                                                                                  0.01134
  80.  4544   S 1 D 2 - 4 S 5 - 6 ; D 1 - 2 S 3 - 4 S 8  END                            0.0203    0.01429  0.00502  0.00951  0.00951
                                                                                                  0.00042
  81.  2069   D 1 - 2 S 3 D 4 S 5 S 7 ; D 1 - 3 S 5  END                                0.0199   -0.00887  0.01782
  82.   134   D 1 - 3 S 4 D 5 ; D 1 S 2 D 3 S 4 S 6  END                                0.0199   -0.00887  0.01782
  83.  1503   D 1 - 3 S 4 - 6 ; S 1 D 2 - 3 S 4 S 7  END                                0.0196   -0.01505 -0.00234 -0.00923 -0.00736
                                                                                                  0.00360
  84.  3081   D 1 S 2 D 3 - 4 S 5 S 8 ; D 1 - 2 S 3 - 5  END                            0.0196   -0.01505 -0.00234 -0.00736 -0.00923
                                                                                                  0.00360
  85.   820   D 1 - 4 S 5 ; D 1 - 2 S 4 - 6  END                                        0.0194   -0.00199 -0.01926
  86.  2369   D 1 - 2 S 3 - 5 D 6 ; D 1 - 3 S 4  END                                    0.0194    0.00199  0.01926
  87.  2146   D 1 - 2 S 3 D 4 S 5 S 8 ; S 1 D 2 - 3 S 4 S 6  END                        0.0193    0.01197  0.00518  0.00985  0.00985
                                                                                                 -0.00295
  88.   823   D 1 - 4 S 5 ; D 1 - 2 S 4 D 6  END                                        0.0190    0.01899
  89.  2641   D 1 - 2 D 4 S 5 D 6 ; D 1 - 3 S 4  END                                    0.0190    0.01899
  90.  2192   D 1 - 2 S 3 D 4 ; D 1 - 3 S 4 - 6  END                                    0.0190    0.00791  0.01726
  91.   262   D 1 - 2 S 3 - 5 ; D 1 - 4 S 6  END                                        0.0190   -0.00791 -0.01726
  92.  3103   D 1 S 2 D 3 - 4 S 5 S 7 ; D 1 S 2 D 3 S 4 S 7  END                        0.0190   -0.01176 -0.00469 -0.00988 -0.00988
                                                                                                  0.00218
  93.   358   D 1 S 2 D 3 S 4 - 5 ; D 1 - 4 S 6  END                                    0.0189   -0.01556 -0.01069
  94.  2193   D 1 - 2 S 3 D 4 ; D 1 - 3 S 4 - 5 S 7  END                                0.0189    0.01556  0.01069
  95.  3366   D 1 S 2 D 3 S 4 - 7 ; D 1 - 3 S 4  END                                    0.0187   -0.00245  0.00056 -0.01667  0.00264
                                                                                                  0.00771
  96.   853   D 1 - 4 S 5 ; D 1 S 2 - 5 S 7  END                                        0.0187    0.00245 -0.00056 -0.00264  0.01667
                                                                                                 -0.00771
  97.   165   D 1 - 3 S 4 - 5 S 7 ; D 1 - 2 S 3 D 4  END                                0.0184    0.01842 -0.00107
  98.  1089   D 1 - 4 S 6 ; D 1 S 2 D 3 S 4 - 5  END                                    0.0184    0.01842 -0.00107
  99.  3644   D 1 S 2 - 3 D 4 S 5 ; D 1 - 3 S 4 - 6  END                                0.0182   -0.00584  0.00574  0.00041 -0.00014
                                                                                                 -0.01630
 100.  2380   D 1 - 2 S 3 - 5 ; D 1 - 3 S 4 S 6 - 7  END                                0.0182   -0.00584  0.00574 -0.00014  0.00041
                                                                                                 -0.01630




 POSITION OF FIRST SPIN COUPLING FOR TEN MOST IMPORTANT CONFIGURATIONS
       1    245    148    221     85   2569   3302     87    329    157



 ********************************
 RESULTS FOR ROOT   03
 TOTAL CI ENERGY =   -398.0275337
 ********************************

       CONF.                                                                           COEFF.
        NO.        SPACE ORBITAL PRODUCTS                                             CONTRIB.      CI COEFFICIENTS

       -----       ----------------------                                             --------   ---------------------
   1.     3   D 1 - 4 S 5 ; D 1 S 2 D 3 - 4  END                                        0.3006    0.30062
   2.   110   D 1 - 4 S 7 ; D 1 - 3 S 4  END                                            0.3006    0.30062
   3.  1053   D 1 - 4 S 6 ; D 1 - 3 S 5  END                                            0.2116   -0.21165
   4.     6   D 1 - 3 S 4 D 5 ; D 1 - 2 S 3 D 4  END                                    0.2116    0.21165
   5.    73   D 1 - 4 S 5 ; D 1 - 2 S 3 - 5  END                                        0.2109   -0.20046  0.06549
   6.   161   D 1 - 3 S 4 - 6 ; D 1 - 3 S 4  END                                        0.2109   -0.20046  0.06549
   7.   174   D 1 - 3 S 4 ; D 1 - 4 S 6  END                                            0.1876    0.18760
   8.   245   D 1 - 2 S 3 D 4 ; D 1 - 4 S 5  END                                        0.1876   -0.18760
   9.   189   D 1 - 3 S 5 ; D 1 - 4 S 5  END                                            0.1872   -0.18721
  10.  1555   D 1 - 3 S 4 ; D 1 - 3 S 4 D 5  END                                        0.1872    0.18721
  11.     9   D 1 - 2 S 3 D 4 - 5 ; D 1 - 3 S 4  END                                    0.1114    0.11138
  12.    70   D 1 - 4 S 5 ; D 1 - 3 S 6  END                                            0.1114   -0.11138
  13.    10   D 1 - 2 S 3 D 4 - 5 ; D 1 - 2 S 3 D 4  END                                0.1004   -0.10037
  14.  1054   D 1 - 4 S 6 ; D 1 - 3 S 6  END                                            0.1004    0.10037
  15.    81   D 1 - 4 S 5 ; D 1 S 2 D 3 S 4 - 5  END                                    0.0813   -0.00936 -0.08075
  16.   162   D 1 - 3 S 4 - 5 S 7 ; D 1 - 3 S 4  END                                    0.0813    0.00936  0.08075
  17.     4   D 1 - 4 S 5 ; S 1 D 2 - 4  END                                            0.0809   -0.08090
  18.   111   D 1 - 4 S 8 ; D 1 - 3 S 4  END                                            0.0809    0.08090
  19.    85   D 1 - 4 S 5 ; D 1 S 2 - 3 D 4 S 5  END                                    0.0794   -0.05836  0.05388
  20.  1550   D 1 - 3 S 4 S 6 - 7 ; D 1 - 3 S 4  END                                    0.0794    0.05836 -0.05388
  21.   341   D 1 S 2 D 3 - 4 ; D 1 - 4 S 5  END                                        0.0764   -0.07636
  22.   175   D 1 - 3 S 4 ; D 1 - 4 S 7  END                                            0.0764    0.07636
  23.  1571   D 1 - 3 S 4 ; D 1 - 2 S 3 D 4 - 5  END                                    0.0749    0.07490
  24.  1797   D 1 - 3 S 6 ; D 1 - 4 S 5  END                                            0.0749   -0.07490
  25.    74   D 1 - 4 S 5 ; D 1 - 2 S 3 - 4 S 6  END                                    0.0729    0.04922  0.05374
  26.   233   D 1 - 2 S 3 D 4 S 5 - 6 ; D 1 - 3 S 4  END                                0.0729    0.04922  0.05374
  27.   190   D 1 - 3 S 5 ; D 1 - 4 S 6  END                                            0.0676   -0.06758
  28.  2191   D 1 - 2 S 3 D 4 ; D 1 - 3 S 4 D 5  END                                    0.0676    0.06758
  29.  1057   D 1 - 4 S 7 ; D 1 - 3 S 5  END                                            0.0673    0.06734
  30.     7   D 1 - 3 S 4 D 5 ; D 1 S 2 D 3 - 4  END                                    0.0673    0.06734
  31.   165   D 1 - 3 S 4 - 5 S 7 ; D 1 - 2 S 3 D 4  END                                0.0672   -0.03831 -0.05524
  32.  1089   D 1 - 4 S 6 ; D 1 S 2 D 3 S 4 - 5  END                                    0.0672    0.03831  0.05524
  33.  1069   D 1 - 4 S 7 ; D 1 - 2 S 3 - 5  END                                        0.0660   -0.05598 -0.03501
  34.   167   D 1 - 3 S 4 - 6 ; D 1 S 2 D 3 - 4  END                                    0.0660    0.05598  0.03501
  35.  1559   D 1 - 3 S 4 ; D 1 - 3 S 4 D 6  END                                        0.0592   -0.05923
  36.   281   D 1 - 2 D 4 S 5 ; D 1 - 4 S 5  END                                        0.0592    0.05923
  37.    13   D 1 S 2 D 3 - 5 ; D 1 - 3 S 4  END                                        0.0587    0.05872
  38.    71   D 1 - 4 S 5 ; D 1 - 3 S 7  END                                            0.0587   -0.05872
  39.  2192   D 1 - 2 S 3 D 4 ; D 1 - 3 S 4 - 6  END                                    0.0574   -0.05743  0.00084
  40.   262   D 1 - 2 S 3 - 5 ; D 1 - 4 S 6  END                                        0.0574   -0.05743  0.00084
  41.   453   S 1 D 2 - 4 S 5 - 6 ; D 1 - 3 S 4  END                                    0.0565   -0.03973  0.04018
  42.    76   D 1 - 4 S 5 ; D 1 - 2 S 3 - 4 S 8  END                                    0.0565   -0.03973  0.04018
  43.  1572   D 1 - 3 S 4 ; D 1 - 2 S 3 D 4 S 5 - 6  END                                0.0546    0.03526 -0.04168
  44.  2433   D 1 - 2 S 3 - 4 S 6 ; D 1 - 4 S 5  END                                    0.0546    0.03526 -0.04168
  45.  1070   D 1 - 4 S 7 ; D 1 - 2 S 3 - 4 S 6  END                                    0.0525    0.04956 -0.01731
  46.   239   D 1 - 2 S 3 D 4 S 5 - 6 ; D 1 S 2 D 3 - 4  END                            0.0525   -0.04956  0.01731
  47.  1065   D 1 - 4 S 6 ; D 1 - 2 S 3 - 5  END                                        0.0510   -0.04740  0.01870
  48.   164   D 1 - 3 S 4 - 6 ; D 1 - 2 S 3 D 4  END                                    0.0510   -0.04740  0.01870
  49.  1090   D 1 - 4 S 6 ; D 1 S 2 D 3 S 4 S 6  END                                    0.0493   -0.02283 -0.04373
  50.   237   D 1 - 2 S 3 D 4 S 5 S 7 ; D 1 - 2 S 3 D 4  END                            0.0493    0.02283  0.04373
  51.  1588   D 1 - 3 S 4 ; D 1 S 2 D 3 - 4 S 5 - 6  END                                0.0491   -0.04812  0.00993
  52.  2437   D 1 - 2 S 3 - 4 S 7 ; D 1 - 4 S 5  END                                    0.0491    0.04812 -0.00993
  53.   118   D 1 - 4 S 6 ; S 1 D 2 - 4  END                                            0.0484    0.04842
  54.   114   D 1 - 4 S 8 ; D 1 - 2 S 3 D 4  END                                        0.0484   -0.04842
  55.  1179   D 1 - 3 S 4 D 5 ; D 1 - 2 S 3 D 5  END                                    0.0483   -0.04831
  56.  1613   D 1 - 3 D 5 S 6 ; D 1 - 3 S 5  END                                        0.0483    0.04831
  57.    86   D 1 - 4 S 5 ; D 1 S 2 - 3 D 4 S 6  END                                    0.0483   -0.00811 -0.04761
  58.  2186   D 1 - 2 S 3 D 4 S 6 - 7 ; D 1 - 3 S 4  END                                0.0483    0.00811  0.04761
  59.  1556   D 1 - 3 S 4 ; D 1 - 3 S 4 - 6  END                                        0.0455   -0.03850 -0.02419
  60.   261   D 1 - 2 S 3 - 5 ; D 1 - 4 S 5  END                                        0.0455   -0.03850 -0.02419
  61.     8   D 1 - 3 S 4 D 5 ; S 1 D 2 - 4  END                                        0.0434   -0.04344
  62.  1061   D 1 - 4 S 8 ; D 1 - 3 S 5  END                                            0.0434    0.04344
  63.  3188   D 1 S 2 D 3 - 4 ; D 1 - 3 S 4 - 6  END                                    0.0409   -0.01766 -0.03689
  64.   263   D 1 - 2 S 3 - 5 ; D 1 - 4 S 7  END                                        0.0409   -0.01766 -0.03689
  65.    93   D 1 - 4 S 5 ; S 1 D 2 - 3 S 4 - 5  END                                    0.0403    0.03357 -0.02231
  66.   163   D 1 - 3 S 4 - 5 S 8 ; D 1 - 3 S 4  END                                    0.0403    0.03357 -0.02231
  67.   113   D 1 - 4 S 7 ; D 1 - 2 S 3 D 4  END                                        0.0399    0.03990
  68.   115   D 1 - 4 S 6 ; D 1 S 2 D 3 - 4  END                                        0.0399    0.03990
  69.  1802   D 1 - 3 S 7 ; D 1 - 4 S 6  END                                            0.0397    0.03967
  70.  2223   D 1 - 2 S 3 D 4 ; D 1 S 2 D 3 - 5  END                                    0.0397    0.03967
  71.    18   S 1 D 2 - 5 ; D 1 - 2 S 3 D 4  END                                        0.0393    0.03933
  72.  1056   D 1 - 4 S 6 ; D 1 - 3 S 8  END                                            0.0393   -0.03933
  73.  2193   D 1 - 2 S 3 D 4 ; D 1 - 3 S 4 - 5 S 7  END                                0.0393   -0.02110 -0.03318
  74.   358   D 1 S 2 D 3 S 4 - 5 ; D 1 - 4 S 6  END                                    0.0393   -0.02110 -0.03318
  75.   466   S 1 D 2 - 4 ; D 1 - 4 S 6  END                                            0.0392   -0.03916
  76.   248   D 1 - 2 S 3 D 4 ; D 1 - 4 S 8  END                                        0.0392    0.03916
  77.    69   D 1 - 4 S 5 ; D 1 - 3 S 5  END                                            0.0384    0.03843
  78.     5   D 1 - 3 S 4 D 5 ; D 1 - 3 S 4  END                                        0.0384   -0.03843
  79.   465   S 1 D 2 - 4 ; D 1 - 4 S 5  END                                            0.0383    0.03827
  80.   176   D 1 - 3 S 4 ; D 1 - 4 S 8  END                                            0.0383   -0.03827
  81.   235   D 1 - 2 S 3 D 4 S 5 S 8 ; D 1 - 3 S 4  END                                0.0375    0.01851 -0.03258
  82.    94   D 1 - 4 S 5 ; S 1 D 2 - 3 S 4 S 6  END                                    0.0375    0.01851 -0.03258
  83.  1113   D 1 - 4 S 6 ; D 1 D 3 - 4 S 5  END                                        0.0373    0.03734
  84.  1568   D 1 - 3 S 4 D 7 ; D 1 - 2 S 3 D 4  END                                    0.0373   -0.03734
  85.  1582   D 1 - 3 S 4 S 6 - 7 ; D 1 S 2 D 3 - 4  END                                0.0370    0.00874  0.03597
  86.  1105   D 1 - 4 S 7 ; D 1 S 2 - 3 D 4 S 5  END                                    0.0370    0.00874  0.03597
  87.  1551   D 1 - 3 S 4 S 6 S 8 ; D 1 - 3 S 4  END                                    0.0365    0.03166 -0.01822
  88.    97   D 1 - 4 S 5 ; S 1 D 2 S 3 D 4 S 5  END                                    0.0365    0.03166 -0.01822
  89.  2188   D 1 - 2 S 3 D 4 D 7 ; D 1 - 3 S 4  END                                    0.0354   -0.03543
  90.    90   D 1 - 4 S 5 ; D 1 D 3 - 4 S 6  END                                        0.0354    0.03543
  91.  1094   D 1 - 4 S 7 ; D 1 S 2 D 3 S 4 S 6  END                                    0.0350   -0.00023  0.03505
  92.   240   D 1 - 2 S 3 D 4 S 5 S 7 ; D 1 S 2 D 3 - 4  END                            0.0350   -0.00023  0.03505
  93.   168   D 1 - 3 S 4 - 5 S 7 ; D 1 S 2 D 3 - 4  END                                0.0338    0.03314 -0.00665
  94.  1093   D 1 - 4 S 7 ; D 1 S 2 D 3 S 4 - 5  END                                    0.0338    0.03314 -0.00665
  95.   481   S 1 D 2 - 3 S 4 - 5 ; D 1 - 4 S 5  END                                    0.0336   -0.01273 -0.03110
  96.  1558   D 1 - 3 S 4 ; D 1 - 3 S 4 - 5 S 8  END                                    0.0336   -0.01273 -0.03110
  97.  2208   D 1 - 2 S 3 D 4 ; D 1 - 2 S 3 D 4 S 5 - 6  END                            0.0316   -0.02249 -0.02219
  98.  2434   D 1 - 2 S 3 - 4 S 6 ; D 1 - 4 S 6  END                                    0.0316   -0.02249 -0.02219
  99.    77   D 1 - 4 S 5 ; D 1 - 2 D 4 S 5  END                                        0.0310   -0.03097
 100.  1549   D 1 - 3 S 4 D 6 ; D 1 - 3 S 4  END                                        0.0310    0.03097




 POSITION OF FIRST SPIN COUPLING FOR TEN MOST IMPORTANT CONFIGURATIONS
       3    146   1817      6     85    221    246    353    261   3010



 ELAPSED TIME =     175.02 CPU SECONDS. (    174.95 WALL CLOCK SECONDS)
