 ************************************************************************
 * CISTAR - CONFIGURATION INTERACTION/PERTURBATION THEORY PROGRAM       *
 * QUANTUM CHEMISTRY GROUP - INDIANA UNIVERSITY -  5Jul 2016  17:26:13  *
 ************************************************************************



 THE TRANSFORMED INTEGRALS ARE TITLED: dumm                                    
 THE FILE IS DATED:                      4Jul 2016  22:11:17 
 THE NUMBER OF ORBITALS FROM FILE 16 IS  22.


                         CI RUN TITLE
                         -- --- -----
 )* h2o  -singlet a1-  sto-3g hf sd-ci test case *


 ) $
 ) $ general options list input
 ) $
 )MRSDCI=6      $ request up to sd excitations from these configurations
 )ISYMMETRY=2     $ specify ag overall symmetry
 )MULTIPLICITY=1  $ specify spin multiplicity
 )END
 TIME TO PROCESS FORMULA FILE = 0.0 CPU SEC. ( 0.0 WALL CLOCK SEC.)

            THE REFERENCE SPACE CONFIGURATIONS
            --- --------- ----- --------------
 ) $
 ) $ specify the hartree-fock configuration
 ) $
 ) D 1 - 3 ; D 1 - 3 ; D 1 - 2 S 3 ; D 1 - 2 S 3  END
 ) D 1 - 3 S 4 ; D 1 - 2 S 3 ; D 1 - 3 ; D 1 - 2  END
 ) D 1 - 3 S 4 ; D 1 - 2 S 3 ; D 1 - 2 S 3 - 4 ; D 1 - 2  END
 ) D 1 - 2 S 3 - 4 ; D 1 - 3 ; D 1 - 2 S 3 ; D 1 - 2 S 3  END
 ) D 1 - 3 ; D 1 - 3 ; D 1 - 3 S 4 ; D 1 S 2  END
 ) D 1 - 2 S 3 ; D 1 - 3 S 4 ; D 1 - 3 ; D 1 - 2  END

               INTERNALLY GENERATED ORBITAL SETS (MR SD-CI TYPE 1)
               ---------- --------- ------- ---------------------
 MIN. MAX.
 OCC. OCC.
   0   2   0000110000100001100011
   0   2   0000000001000000000000
   0   4   0001000000000010000000
   4  10   0010000010000100001100
  12  14   1100001100011000010000
 THE REFERENCE SPACE CONTAINS   8 SPIN-ADAPTED CONFIGURATIONS.


      7492 SPACE ORBITAL PRODUCTS (    30940 SPIN-ADAPTED CONFIGURATIONS)
 WERE GENERATED IN     0.0 CPU SECONDS.
 TIME IN DIAGC    0.0


 THE TOTAL NUMBER OF SPACE ORBITAL PRODUCTS IS           7492
 THE TOTAL NUMBER OF SPIN-ADAPTED CONFIGURATIONS IS     30940
 THE MAX. NUMBER OF SPIN COUPLINGS IN A S.O.P. IS   14
 THERE WILL BE         2 INTEGRAL LOADS UTILIZING  79995967 WORDS OF MEMORY.
 writ50, first, nrec= T       15872
 A TOTAL OF   789470 NONZERO S.O.P. PAIRS WERE FOUND.
 TIME TO FIND (I,J) PAIRS =    0.25 CPU SECONDS.
 THE VALUE OF THE H(1,1) ELEMENT IS  -336.6070239

          HAMILTONIAN MATRIX STORAGE DATA
 I/O   NO. OF    NO. OF     FILE SIZE    PERCENT NONZERO
 FILE  RECORDS   ELEMENTS   (IN BYTES)    IN ALL BLOCKS
  12         4      61880       495060
  13        93      88727      1488372
  17      2014    7989639     36209064      65.2
  20       375    2982895     24001500
 TOTAL ELAPSED TIME =     0.9 CPU SECONDS AND        0.9 WALL CLOCK SECONDS.
