 ************************************************************************
 * RTSIM - DAVIDSON METHOD SPARSE MATRIX EIGENVALUE/EIGENVECTOR PROGRAM *
 * QUANTUM CHEMISTRY GROUP - INDIANA UNIVERSITY -  4Jul 2016  22:22:33  *
 ************************************************************************



                 DIAGONALIZATION RUN TITLE
                 -------------------------
 )* WATER TEST *



 ) DAVIDSON
 ) LAST=5
 ) COEFF
 ) NOVLP
 ) MAXITR=1000 END

 THE CI MATRIX IS TITLED:  H2O  -SINGLET A1-  STO-3G HF SD-CI TEST
 THE MATRIX IS DATED:      4Jul 2016  22:22:16 
 THE SPIN MULTIPLICITY IS 1 AND THE DIMENSION IS  69476.

 ROOTS  1 THROUGH  5 WILL BE OBTAINED.

  
  
  
 AMOUNT OF CORE AVAILABLE                      80000000
 MAXIMUM NUMBER OF VECTORS PER ITERATION              5
 MAXIMUM NUMBER OF VECTORS ON DISK                   25
 NUMBER OF SOLUTIONS SOUGHT                           5
 NUMBER OF SOLUTIONS INVESTIGATED                     5
 SIZE OF MATRIX DIAGONALISED                      69476
  
  
 INITIAL GUESS AT ROOTS (OBTAINED FROM DIAGONAL ELEMENTS OF HAMILTONIAN MATRIX)

                1        -340.19001
                2        -337.32047
               26        -335.66067
               21        -335.66067
               19        -335.31268


 ITERATION       ROOT           EIGENVALUE          NORM OF RESIDUAL
     1             1          -340.33676964              7.13660
     1             2          -337.37661638              6.97870
     1             3          -335.82147977              5.68953
     1             4          -335.42419034              5.35799
     1             5          -335.18543645              4.88890
     2             1          -343.65177437              8.57108
     2             2          -340.58046828              9.84801
     2             3          -338.45331762             11.16444
     2             4          -337.68258812              9.34525
     2             5          -336.36761246             12.09751
     2             1          -343.65177437              2.69639
     2             2          -340.58046828              3.25621
     2             3          -338.45331762              2.93528
     2             4          -337.68258812              2.07501
     2             5          -336.36761246              3.51029
     3             1          -344.01106197              3.41970
     3             2          -341.19383840              5.01063
     3             3          -339.17506341              8.33055
     3             4          -337.97002916              3.70970
     3             5          -337.46755073             12.20977
     3             1          -344.01106197              0.95534
     3             2          -341.19383840              1.34112
     3             3          -339.17506341              1.52185
     3             4          -337.97002916              0.72287
     3             5          -337.46755073              1.81705
     4             1          -344.07327355              1.74624
     4             2          -341.32467296              2.80652
     4             3          -339.38268235              4.25666
     4             4          -338.00336338              1.45134
     4             5          -337.86006957              7.47654
     4             1          -344.07327355              0.42105
     4             2          -341.32467296              0.73022
     4             3          -339.38268235              0.94644
     4             4          -338.00336338              0.28237
     4             5          -337.86006957              1.57143
     5             1          -344.08416807              0.75168
     5             2          -341.37229029              2.17928
     5             3          -339.52000249              6.15909
     5             4          -338.40587062            476.30546
     5             5          -338.00826444            442.93971
  truncating with vlp=false 
 TRUNCATION TO 1 VECTOR PER ROOT HAS BEEN PERFORMED
     5             1          -344.08416807              0.15264
     5             2          -341.37229029              0.38712
     5             3          -339.52000249              0.87091
     5             4          -338.40587062              1.68085
     5             5          -338.00826444              0.12018
     6             1          -344.08541860              0.16936
     6             2          -341.38137320              0.53231
     6             3          -339.57497634              2.05291
     6             4          -338.58795547              2.88049
     6             5          -338.00916896              0.20696
     6             1          -344.08541860              0.06646
     6             2          -341.38137320              0.19317
     6             3          -339.57497634              0.49264
     6             4          -338.58795547              0.80461
     6             5          -338.00916896              0.05931
     7             1          -344.08571606              0.13319
     7             2          -341.38508338              0.61615
     7             3          -339.60802739              2.51731
     7             4          -338.67733597              4.10208
     7             5          -338.00953621              0.19937
     7             1          -344.08571606              0.02764
     7             2          -341.38508338              0.13052
     7             3          -339.60802739              0.44183
     7             4          -338.67733597              0.73496
     7             5          -338.00953621              0.03671
     8             1          -344.08576276              0.05486
     8             2          -341.38652907              0.43224
     8             3          -339.63346993              2.83277
     8             4          -338.77062600              6.95724
     8             5          -338.00981710              0.75787
     8             1          -344.08576276              0.01160
     8             2          -341.38652907              0.07934
     8             3          -339.63346993              0.38194
     8             4          -338.77062600              0.85341
     8             5          -338.00981710              0.08716
     9             1          -344.08577022              0.02061
     9             2          -341.38697386              0.21779
     9             3          -339.65157431              2.74379
     9             4          -338.91548249             13.15489
     9             5          -338.42043431            723.83180
  truncating with vlp=false 
 TRUNCATION TO 1 VECTOR PER ROOT HAS BEEN PERFORMED
     9             1          -344.08577022              0.00335
     9             2          -341.38697386              0.03654
     9             3          -339.65157431              0.29966
     9             4          -338.91548249              0.99452
     9             5          -338.42043431              1.36437
    10             1          -344.08577079              0.00393
    10             2          -341.38706479              0.06723
    10             3          -339.66083915              1.31761
    10             4          -339.02814564              5.79504
    10             5          -338.54413625              5.81341
    10             1          -344.08577079              0.00140
    10             2          -341.38706479              0.02085
    10             3          -339.66083915              0.24657
    10             4          -339.02814564              0.87151
    10             5          -338.54413625              0.74130
    11             1          -344.08577090              0.00252
    11             2          -341.38709774              0.05708
    11             3          -339.66833942              1.67117
    11             4          -339.12297742              5.70621
    11             5          -338.59672702              4.94167
    11             1          -344.08577090              0.00051
    11             2          -341.38709774              0.01001
    11             3          -339.66833942              0.19675
    11             4          -339.12297742              0.71237
    11             5          -338.59672702              0.48941
    12             1          -344.08577091              0.00092
    12             2          -341.38710411              0.02406
    12             3          -339.67176431              1.03501
    12             4          -339.17122429              3.74236
    12             5          -338.62136468              3.28510
    12             1          -344.08577091              0.00017
    12             2          -341.38710411              0.00392
    12             3          -339.67176431              0.11160
    12             4          -339.17122429              0.44727
    12             5          -338.62136468              0.35598
    13             1          -344.08577092              0.00033
    13             2          -341.38710508              0.00931
    13             3          -339.67278313              0.50492
    13             4          -339.18976230              2.41252
    13             5          -338.63811823              3.51031
  truncating with vlp=false 
 TRUNCATION TO 1 VECTOR PER ROOT HAS BEEN PERFORMED
    13             1          -344.08577092              0.00007
    13             2          -341.38710508              0.00163
    13             3          -339.67278313              0.06624
    13             4          -339.18976230              0.30393
    13             5          -338.63811823              0.36149
     ROOT    ITERATION     NUMBER OF PRODUCTS       EIGENVALUE
       1        13                60                -344.0857709161


    14             2          -341.38710523              0.00199
    14             3          -339.67309816              0.12795
    14             4          -339.19681502              0.62047
    14             5          -338.64872428              0.78053
    14             2          -341.38710523              0.00074
    14             3          -339.67309816              0.04048
    14             4          -339.19681502              0.20099
    14             5          -338.64872428              0.25939
    15             2          -341.38710527              0.00180
    15             3          -339.67328073              0.16482
    15             4          -339.20198177              0.96913
    15             5          -338.65911792              1.54074
    15             2          -341.38710527              0.00038
    15             3          -339.67328073              0.02959
    15             4          -339.20198177              0.17037
    15             5          -338.65911792              0.27099
    16             2          -341.38710528              0.00073
    16             3          -339.67336079              0.12799
    16             4          -339.20536708              1.05665
    16             5          -338.67266194              3.02135
    16             2          -341.38710528              0.00016
    16             3          -339.67336079              0.02051
    16             4          -339.20536708              0.14777
    16             5          -338.67266194              0.36328
    17             2          -341.38710528              0.00038
    17             3          -339.67340045              0.09649
    17             4          -339.20806047              1.15594
    17             5          -338.70543512              8.28094
    17             2          -341.38710528              0.00008
    17             3          -339.67340045              0.01384
    17             4          -339.20806047              0.12223
    17             5          -338.70543512              0.56553
     ROOT    ITERATION     NUMBER OF PRODUCTS       EIGENVALUE
       2        17                76                -341.3871052792


    18             3          -339.67341781              0.05624
    18             4          -339.20962986              0.77755
    18             5          -338.74903586              9.11722
  truncating with vlp=false 
 TRUNCATION TO 1 VECTOR PER ROOT HAS BEEN PERFORMED
    18             3          -339.67341781              0.00729
    18             4          -339.20962986              0.07919
    18             5          -338.74903586              0.47777
    19             3          -339.67342119              0.00994
    19             4          -339.21004625              0.13587
    19             5          -338.76457587              0.65023
    19             3          -339.67342119              0.00377
    19             4          -339.21004625              0.04348
    19             5          -338.76457587              0.27278
    20             3          -339.67342210              0.00789
    20             4          -339.21021655              0.12680
    20             5          -338.77257379              0.79760
    20             3          -339.67342210              0.00299
    20             4          -339.21021655              0.03467
    20             5          -338.77257379              0.20458
    21             3          -339.67342267              0.00578
    21             4          -339.21031137              0.08899
    21             5          -338.77615128              0.61188
    21             3          -339.67342267              0.00200
    21             4          -339.21031137              0.02045
    21             5          -338.77615128              0.13676
    22             3          -339.67342305              0.00601
    22             4          -339.21035052              0.06164
    22             5          -338.77802190              0.47170
    22             3          -339.67342305              0.00118
    22             4          -339.21035052              0.01216
    22             5          -338.77802190              0.09083
    23             3          -339.67342316              0.00332
    23             4          -339.21036397              0.03934
    23             5          -338.77888865              0.37753
    23             3          -339.67342316              0.00065
    23             4          -339.21036397              0.00806
    23             5          -338.77888865              0.07065
    24             3          -339.67342320              0.00265
    24             4          -339.21037446              0.05616
    24             5          -338.77993973              0.71946
  truncating with vlp=false 
 TRUNCATION TO 1 VECTOR PER ROOT HAS BEEN PERFORMED
    24             3          -339.67342320              0.00041
    24             4          -339.21037446              0.00754
    24             5          -338.77993973              0.08814
    25             3          -339.67342321              0.00054
    25             4          -339.21037804              0.01009
    25             5          -338.78046286              0.12786
    25             3          -339.67342321              0.00021
    25             4          -339.21037804              0.00380
    25             5          -338.78046286              0.04899
    26             3          -339.67342322              0.00078
    26             4          -339.21038003              0.01666
    26             5          -338.78089233              0.29396
    26             3          -339.67342322              0.00016
    26             4          -339.21038003              0.00348
    26             5          -338.78089233              0.05866
    27             3          -339.67342322              0.00056
    27             4          -339.21038141              0.01778
    27             5          -338.78139035              0.44657
    27             3          -339.67342322              0.00013
    27             4          -339.21038141              0.00309
    27             5          -338.78139035              0.06279
    28             3          -339.67342322              0.00037
    28             4          -339.21038244              0.01671
    28             5          -338.78195232              0.58141
    28             3          -339.67342322              0.00010
    28             4          -339.21038244              0.00248
    28             5          -338.78195232              0.06735
     ROOT    ITERATION     NUMBER OF PRODUCTS       EIGENVALUE
       3        28               109                -339.6734232230


    29             4          -339.21038299              0.01096
    29             5          -338.78247995              0.61220
    29             4          -339.21038299              0.00145
    29             5          -338.78247995              0.05358
    30             4          -339.21038320              0.00578
    30             5          -338.78285313              0.48128
    30             4          -339.21038320              0.00093
    30             5          -338.78285313              0.04793
    31             4          -339.21038328              0.00352
    31             5          -338.78312316              0.38911
    31             4          -339.21038328              0.00055
    31             5          -338.78312316              0.03516
    32             4          -339.21038331              0.00163
    32             5          -338.78324060              0.21337
  truncating with vlp=false 
 TRUNCATION TO 1 VECTOR PER ROOT HAS BEEN PERFORMED
    32             4          -339.21038331              0.00025
    32             5          -338.78324060              0.01995
    33             4          -339.21038331              0.00035
    33             5          -338.78326854              0.03081
    33             4          -339.21038331              0.00014
    33             5          -338.78326854              0.01154
    34             4          -339.21038331              0.00039
    34             5          -338.78328484              0.04161
    34             4          -339.21038331              0.00009
    34             5          -338.78328484              0.00857
     ROOT    ITERATION     NUMBER OF PRODUCTS       EIGENVALUE
       4        34               121                -339.2103833118


    35             5          -338.78329114              0.02765
    35             5          -338.78329114              0.00519
    36             5          -338.78329254              0.01299
    36             5          -338.78329254              0.00452
    37             5          -338.78329262              0.00262
    37             5          -338.78329262              0.00444
    38             5          -338.78329367              0.00972
    38             5          -338.78329367              0.00404
    39             5          -338.78329491              0.01138
    39             5          -338.78329491              0.00281
    40             5          -338.78329573              0.01187
    40             5          -338.78329573              0.00224
    41             5          -338.78329622              0.00913
    41             5          -338.78329622              0.00136
    42             5          -338.78329647              0.00762
    42             5          -338.78329647              0.00137
    43             5          -338.78329671              0.00928
    43             5          -338.78329671              0.00132
    44             5          -338.78329695              0.01118
    44             5          -338.78329695              0.00138
    45             5          -338.78329720              0.01350
    45             5          -338.78329720              0.00130
    46             5          -338.78329739              0.01180
    46             5          -338.78329739              0.00102
    47             5          -338.78329749              0.00711
    47             5          -338.78329749              0.00071
    48             5          -338.78329754              0.00397
    48             5          -338.78329754              0.00049
    49             5          -338.78329757              0.00274
    49             5          -338.78329757              0.00031
    50             5          -338.78329758              0.00124
  truncating with vlp=false 
 TRUNCATION TO 1 VECTOR PER ROOT HAS BEEN PERFORMED
    50             5          -338.78329758              0.00020
    51             5          -338.78329758              0.00026
    51             5          -338.78329758              0.00012
    52             5          -338.78329758              0.00050
    52             5          -338.78329758              0.00009
     ROOT    ITERATION     NUMBER OF PRODUCTS       EIGENVALUE
       5        52               139                -338.7832975807


  all roots converged 
  

 ************************************
 COMPLETED CI VECTOR OPTIMISATION
 ************************************





 ********************************
 RESULTS FOR ROOT   01
 TOTAL CI ENERGY =   -344.0857709
 ********************************

       CONF.                                                                           COEFF.
        NO.        SPACE ORBITAL PRODUCTS                                             CONTRIB.      CI COEFFICIENTS

       -----       ----------------------                                             --------   ---------------------
   1.     1   D 1 - 3 ; D 1 - 3 ; D 1 - 3 ; D 1 - 2  END                                0.8228   -0.82280
   2.     2   D 1 - 4 ; D 1 - 3 ; D 1 - 2 ; D 1 - 2  END                                0.2365    0.23647
   3.     3   D 1 - 3 S 4 ; D 1 - 3 S 4 ; D 1 - 2 S 3 ; D 1 S 2  END                    0.1584    0.03720 -0.15395
   4.     4   D 1 - 3 S 4 - 5 ; D 1 - 3 ; D 1 S 2 - 3 ; D 1 - 2  END                    0.1068    0.02479  0.10390
   5.     5   D 1 - 3 S 4 S 6 ; D 1 - 3 ; S 1 D 2 S 3 ; D 1 - 2  END                    0.0942    0.02049  0.09198
   6.     7   D 1 - 3 S 4 ; D 1 - 3 S 5 ; D 1 - 2 S 3 ; S 1 D 2  END                    0.0834   -0.02007  0.08097
   7.     6   D 1 - 3 S 4 ; D 1 - 2 S 3 ; D 1 - 2 S 3 ; D 1 - 2 S 3  END                0.0782   -0.01970  0.07564
   8.     8   D 1 - 2 S 3 - 4 ; D 1 - 3 ; D 1 - 2 S 3 - 4 ; D 1 - 2  END                0.0739   -0.03817 -0.06328
   9.     9   D 1 - 3 S 5 ; D 1 - 3 S 4 ; D 1 S 2 D 3 ; D 1 S 2  END                    0.0678   -0.00899  0.06718
  10.    10   D 1 - 3 ; D 1 - 3 S 4 - 5 ; D 1 - 3 ; S 1 - 2  END                        0.0674    0.00637  0.06713
  11.    37   D 1 - 3 ; D 1 - 4 ; D 1 - 3 ; D 1  END                                    0.0609    0.06092
  12.   230   D 1 - 2 S 3 ; D 1 - 2 S 3 ; D 1 - 3 S 4 ; D 1 - 2 S 3  END                0.0513   -0.00358  0.05114
  13.  5659   D 1 - 3 S 4 ; D 1 S 2 D 3 ; D 1 - 2 S 3 ; D 1 - 2 S 4  END                0.0512   -0.02537  0.04449
  14.   168   D 1 - 3 ; D 1 - 2 S 3 - 4 ; D 1 - 3 ; D 1 S 2 - 3  END                    0.0472    0.01501  0.04479
  15.  5834   S 1 D 2 - 3 S 4 ; D 1 - 3 ; D 1 - 2 S 3 S 6 ; D 1 - 2  END                0.0431    0.02571  0.03461
  16.  5775   D 1 S 2 D 3 S 4 ; D 1 - 3 ; D 1 - 2 S 3 S 5 ; D 1 - 2  END                0.0427    0.02328  0.03585
  17.   123   D 1 - 3 S 6 ; D 1 - 3 S 4 ; S 1 D 2 - 3 ; D 1 S 2  END                    0.0425   -0.00549  0.04213
  18.  5645   D 1 - 3 ; D 1 S 2 D 3 S 4 ; D 1 - 3 ; D 1 S 2 S 4  END                    0.0423    0.02902  0.03079
  19.   203   D 1 - 2 S 3 ; D 1 - 3 S 4 ; D 1 - 3 S 4 ; D 1 S 2  END                    0.0421    0.01925 -0.03744
  20.  5691   D 1 - 3 ; D 1 S 2 - 3 ; D 1 - 3 ; D 1 - 2 S 3 - 4  END                    0.0384   -0.00470 -0.03812
  21.   111   D 1 - 3 D 5 ; D 1 - 3 ; D 1 D 3 ; D 1 - 2  END                            0.0383    0.03829
  22.  5718   D 1 - 3 S 4 ; S 1 D 2 - 3 ; D 1 - 2 S 3 ; D 1 - 2 S 5  END                0.0375   -0.02168  0.03062
  23.    94   D 1 - 3 S 5 ; D 1 - 3 S 5 ; D 1 S 2 D 3 ; S 1 D 2  END                    0.0371    0.00330 -0.03690
  24.   199   D 1 - 3 ; D 1 - 2 ; D 1 - 3 ; D 1 - 3  END                                0.0363    0.03631
  25.   180   D 1 - 3 S 5 ; D 1 - 2 S 3 ; D 1 S 2 D 3 ; D 1 - 2 S 3  END                0.0362    0.01444 -0.03315
  26.    44   D 1 - 3 S 4 S 6 ; D 1 - 3 ; D 1 - 3 ; S 1 - 2  END                        0.0351    0.00156  0.03502
  27.   139   D 1 - 3 ; D 1 - 3 S 4 - 5 ; S 1 D 2 S 3 ; D 1 - 2  END                    0.0351    0.00156  0.03502
  28.    98   D 1 - 4 ; D 1 - 3 ; D 1 S 2 - 3 ; D 1 - 2  END                            0.0335   -0.03355
  29.    75   D 1 - 3 S 4 - 5 ; D 1 - 3 ; D 1 - 2 ; D 1 - 2  END                        0.0335   -0.03355
  30.   147   D 1 - 3 S 5 - 6 ; D 1 - 3 ; S 1 - 2 D 3 ; D 1 - 2  END                    0.0335   -0.00273 -0.03341
  31.    80   D 1 - 3 ; D 1 - 4 ; D 1 - 2 ; D 1 - 2  END                                0.0335    0.03348
  32.    31   D 1 - 4 ; D 1 - 3 ; D 1 - 3 ; D 1  END                                    0.0335    0.03348
  33.   215   D 1 - 2 S 3 S 5 ; D 1 - 3 ; D 1 S 2 D 3 S 4 ; D 1 - 2  END                0.0333    0.01728  0.02846
  34.    72   D 1 - 3 S 6 ; D 1 - 3 S 4 ; D 1 - 2 S 3 ; S 1 D 2  END                    0.0332    0.00255  0.03313
  35.   120   D 1 - 3 S 4 ; D 1 - 3 S 5 ; S 1 D 2 - 3 ; D 1 S 2  END                    0.0332    0.00255  0.03313
  36.  5693   D 1 - 2 S 3 ; D 1 S 2 D 3 ; D 1 - 3 S 4 ; D 1 - 2 S 4  END                0.0331   -0.00398  0.03288
  37.  5787   D 1 S 2 D 3 S 5 ; D 1 - 3 ; D 1 S 2 D 3 S 5 ; D 1 - 2  END                0.0319   -0.02409 -0.02093
  38.   240   D 1 - 2 ; D 1 - 3 ; D 1 - 4 ; D 1 - 2  END                                0.0313    0.03132
  39.  5807   D 1 S 2 D 3 ; D 1 - 2 S 3 ; D 1 - 3 S 5 ; D 1 - 2 S 3  END                0.0313    0.00460 -0.03092
  40.    63   D 1 - 3 S 4 ; D 1 - 3 S 5 ; D 1 - 2 S 3 ; D 1 S 2  END                    0.0312   -0.00490  0.03084
  41.    69   D 1 - 3 S 4 ; D 1 - 3 S 4 ; D 1 - 2 S 3 ; S 1 D 2  END                    0.0312    0.00490 -0.03083
  42.   174   D 1 - 3 ; D 1 - 2 S 3 S 5 ; D 1 - 3 ; S 1 D 2 S 3  END                    0.0309   -0.01404 -0.02749
  43.   131   D 1 - 3 S 6 ; D 1 - 3 S 5 ; S 1 D 2 - 3 ; S 1 D 2  END                    0.0297    0.00183 -0.02963
  44.  5761   D 1 S 2 D 3 ; D 1 - 3 S 4 ; D 1 - 3 S 5 ; D 1 S 2  END                    0.0293   -0.01884  0.02248
  45.   209   D 1 - 2 S 3 ; D 1 - 3 S 5 ; D 1 - 3 S 4 ; S 1 D 2  END                    0.0290   -0.01619  0.02402
  46.   101   D 1 - 3 S 5 - 6 ; D 1 - 3 ; D 1 S 2 - 3 ; D 1 - 2  END                    0.0288    0.00187  0.02876
  47.   144   D 1 - 3 S 4 - 5 ; D 1 - 3 ; S 1 - 2 D 3 ; D 1 - 2  END                    0.0288   -0.00187 -0.02876
  48.   186   D 1 - 3 S 6 ; D 1 - 2 S 3 ; S 1 D 2 - 3 ; D 1 - 2 S 3  END                0.0287    0.01411 -0.02498
  49.  5704   D 1 - 3 ; S 1 D 2 - 3 S 4 ; D 1 - 3 ; D 1 S 2 S 5  END                    0.0284    0.01912  0.02094
  50.  5671   D 1 - 3 S 5 ; D 1 S 2 D 3 ; D 1 S 2 D 3 ; D 1 - 2 S 4  END                0.0277    0.01738 -0.02160
  51.  5750   D 1 - 3 ; S 1 D 2 S 3 ; D 1 - 3 ; D 1 - 2 S 3 S 5  END                    0.0276   -0.00429 -0.02725
  52.  5809   D 1 S 2 - 3 ; D 1 - 3 ; D 1 - 3 S 4 - 5 ; D 1 - 2  END                    0.0275    0.00388  0.02723
  53.    86   D 1 - 3 S 4 ; D 1 - 3 S 5 ; D 1 S 2 D 3 ; D 1 S 2  END                    0.0273   -0.00026 -0.02730
  54.    70   D 1 - 3 S 5 ; D 1 - 3 S 4 ; D 1 - 2 S 3 ; S 1 D 2  END                    0.0273   -0.00026 -0.02730
  55.  2188   D 1 - 4 ; D 1 - 4 ; D 1 - 2 ; D 1  END                                    0.0272   -0.02725
  56.    93   D 1 - 3 S 5 ; D 1 - 3 S 4 ; D 1 S 2 D 3 ; S 1 D 2  END                    0.0270   -0.00212 -0.02691
  57.    87   D 1 - 3 S 5 ; D 1 - 3 S 5 ; D 1 S 2 D 3 ; D 1 S 2  END                    0.0270    0.00212  0.02691
  58.  5866   S 1 D 2 - 3 ; D 1 - 2 S 3 ; D 1 - 3 S 6 ; D 1 - 2 S 3  END                0.0268    0.00416 -0.02646
  59.   177   D 1 - 3 ; D 1 - 2 S 3 - 4 ; D 1 - 2 S 3 - 4 ; D 1 - 2  END                0.0266   -0.00388 -0.02633
  60.   200   D 1 - 2 S 3 - 4 ; D 1 - 3 ; D 1 - 3 ; D 1 S 2 - 3  END                    0.0266    0.00388  0.02633
  61.  5716   D 1 - 3 ; S 1 D 2 - 3 S 5 ; D 1 - 3 ; S 1 D 2 S 5  END                    0.0266   -0.02040 -0.01706
  62.   126   D 1 - 3 S 4 ; D 1 - 3 S 4 ; S 1 D 2 - 3 ; S 1 D 2  END                    0.0262   -0.00075 -0.02621
  63.    67   D 1 - 3 S 6 ; D 1 - 3 S 5 ; D 1 - 2 S 3 ; D 1 S 2  END                    0.0262   -0.00075 -0.02621
  64.   103   D 1 - 3 ; D 1 - 4 ; D 1 S 2 - 3 ; D 1 - 2  END                            0.0262    0.02621
  65.    32   D 1 - 3 S 4 - 5 ; D 1 - 3 ; D 1 - 3 ; D 1  END                            0.0262    0.02621
  66.  5752   D 1 - 2 S 3 ; S 1 D 2 - 3 ; D 1 - 3 S 4 ; D 1 - 2 S 5  END                0.0250   -0.00360  0.02475
  67.    64   D 1 - 3 S 5 ; D 1 - 3 S 4 ; D 1 - 2 S 3 ; D 1 S 2  END                    0.0249    0.00594  0.02419
  68.    85   D 1 - 3 S 4 ; D 1 - 3 S 4 ; D 1 S 2 D 3 ; D 1 S 2  END                    0.0249   -0.00594 -0.02419
  69.  5858   S 1 D 2 - 3 S 6 ; D 1 - 3 ; S 1 D 2 - 3 S 6 ; D 1 - 2  END                0.0247   -0.01906 -0.01577
  70.    60   D 1 - 3 ; D 1 - 3 D 5 ; D 1 - 3 ; D 2  END                                0.0244    0.02438
  71.  5820   S 1 D 2 - 3 ; D 1 - 3 S 4 ; D 1 - 3 S 6 ; D 1 S 2  END                    0.0242   -0.01658  0.01766
  72.   134   D 1 - 3 S 4 - 5 ; D 1 - 3 ; S 1 D 2 S 3 ; D 1 - 2  END                    0.0239    0.00386  0.02363
  73.    99   D 1 - 3 S 4 S 6 ; D 1 - 3 ; D 1 S 2 - 3 ; D 1 - 2  END                    0.0239    0.00386  0.02363
  74.   110   D 1 - 3 S 4 S 6 ; D 1 - 3 ; D 1 D 3 ; D 1 - 2  END                        0.0239   -0.02387
  75.   135   D 1 - 3 D 5 ; D 1 - 3 ; S 1 D 2 S 3 ; D 1 - 2  END                        0.0239   -0.02387
  76.  2320   D 1 - 4 S 5 ; D 1 - 3 S 4 ; D 1 S 2 ; D 1 S 2  END                        0.0237    0.00297 -0.02353
  77.   284   D 1 - 2 S 3 ; D 1 S 2 D 3 ; D 1 - 3 S 4 ; D 1 - 2 S 3  END                0.0235   -0.00251 -0.02339
  78.  5631   D 1 - 2 S 3 ; D 1 - 2 S 3 ; D 1 - 3 S 4 ; D 1 - 2 S 4  END                0.0235   -0.00251 -0.02339
  79. 11157   D 1 S 2 D 3 ; D 1 S 2 D 3 ; D 1 - 3 S 5 ; D 1 - 2 S 4  END                0.0231    0.00241 -0.02296
  80.  5607   D 1 - 2 S 3 ; D 1 - 3 S 4 ; D 1 - 2 S 3 ; D 1 - 2 S 4  END                0.0230   -0.01501 -0.01740
  81.   242   D 1 - 3 S 4 ; D 1 S 2 D 3 ; D 1 - 3 S 4 ; D 1 S 2  END                    0.0230    0.01501  0.01740
  82.   241   D 1 - 2 ; D 1 - 3 ; D 1 - 3 ; D 1 - 3  END                                0.0229    0.02291
  83.   198   D 1 - 3 ; D 1 - 2 ; D 1 - 4 ; D 1 - 2  END                                0.0229    0.02291
  84.   255   D 1 - 3 ; D 1 S 2 D 3 S 4 ; D 1 - 2 S 3 - 4 ; D 1 - 2  END                0.0229    0.01877  0.01313
  85.  5581   D 1 - 2 S 3 - 4 ; D 1 - 3 ; D 1 - 3 ; D 1 S 2 S 4  END                    0.0229   -0.01877 -0.01313
  86.    45   D 1 - 3 D 5 ; D 1 - 3 ; D 1 - 3 ; S 1 - 2  END                            0.0227   -0.02266
  87.   115   D 1 - 3 ; D 1 - 3 S 4 - 5 ; D 1 D 3 ; D 1 - 2  END                        0.0227   -0.02266
  88.  5657   D 1 - 3 ; D 1 S 2 D 3 S 5 ; D 1 - 3 ; S 1 D 2 S 4  END                    0.0221   -0.01508 -0.01614
  89.  2202   D 1 - 4 ; D 1 - 3 S 4 - 5 ; D 1 - 2 ; S 1 - 2  END                        0.0218   -0.00230 -0.02172
  90.    39   D 1 - 3 ; D 1 - 3 D 5 ; D 1 - 3 ; D 1  END                                0.0218    0.02179
  91.    58   D 1 - 3 ; D 1 - 4 ; D 1 - 3 ; D 2  END                                    0.0218    0.02179
  92.   104   D 1 - 3 ; D 1 - 3 S 4 - 5 ; D 1 S 2 - 3 ; D 1 - 2  END                    0.0218   -0.00284 -0.02157
  93.    43   D 1 - 3 S 4 - 5 ; D 1 - 3 ; D 1 - 3 ; S 1 - 2  END                        0.0218   -0.00284 -0.02157
  94.   159   D 1 - 3 D 6 ; D 1 - 3 ; D 2 - 3 ; D 1 - 2  END                            0.0214    0.02141
  95.  5683   D 1 - 3 S 6 ; D 1 S 2 D 3 ; S 1 D 2 - 3 ; D 1 - 2 S 4  END                0.0213    0.01436 -0.01574
  96.  5757   D 1 S 2 D 3 S 5 ; D 1 - 3 ; D 1 - 3 ; D 1 S 2 S 4  END                    0.0213   -0.01758 -0.01197
  97.  5675   D 1 - 3 ; D 1 S 2 D 3 S 4 ; D 1 S 2 D 3 S 5 ; D 1 - 2  END                0.0213    0.01758  0.01197
  98.  5730   D 1 - 3 S 5 ; S 1 D 2 - 3 ; D 1 S 2 D 3 ; D 1 - 2 S 5  END                0.0212    0.01524 -0.01478
  99.    77   D 1 - 3 D 5 ; D 1 - 3 ; D 1 - 2 ; D 1 - 2  END                            0.0212    0.02117
 100.   108   D 1 - 4 ; D 1 - 3 ; D 1 D 3 ; D 1 - 2  END                                0.0212    0.02117




 POSITION OF FIRST SPIN COUPLING FOR TEN MOST IMPORTANT CONFIGURATIONS
       1      2      3      5      7     11      9     13     15     17



 ********************************
 RESULTS FOR ROOT   02
 TOTAL CI ENERGY =   -341.3871053
 ********************************

       CONF.                                                                           COEFF.
        NO.        SPACE ORBITAL PRODUCTS                                             CONTRIB.      CI COEFFICIENTS

       -----       ----------------------                                             --------   ---------------------
   1.     2   D 1 - 4 ; D 1 - 3 ; D 1 - 2 ; D 1 - 2  END                                0.7292   -0.72918
   2.     3   D 1 - 3 S 4 ; D 1 - 3 S 4 ; D 1 - 2 S 3 ; D 1 S 2  END                    0.2791   -0.23145  0.15595
   3.     1   D 1 - 3 ; D 1 - 3 ; D 1 - 3 ; D 1 - 2  END                                0.2789   -0.27889
   4.     4   D 1 - 3 S 4 - 5 ; D 1 - 3 ; D 1 S 2 - 3 ; D 1 - 2  END                    0.1427   -0.11515 -0.08432
   5.    31   D 1 - 4 ; D 1 - 3 ; D 1 - 3 ; D 1  END                                    0.1046    0.10463
   6.    80   D 1 - 3 ; D 1 - 4 ; D 1 - 2 ; D 1 - 2  END                                0.1046    0.10463
   7.     7   D 1 - 3 S 4 ; D 1 - 3 S 5 ; D 1 - 2 S 3 ; S 1 D 2  END                    0.1021    0.08357 -0.05872
   8.     5   D 1 - 3 S 4 S 6 ; D 1 - 3 ; S 1 D 2 S 3 ; D 1 - 2  END                    0.1001   -0.08939 -0.04510
   9.    18   D 1 - 2 S 3 - 4 ; D 1 - 3 ; D 1 - 3 ; D 1 - 2  END                        0.0977    0.09767
  10.    13   D 1 - 3 ; D 1 - 3 ; D 1 - 2 S 3 - 4 ; D 1 - 2  END                        0.0977    0.09767
  11.  2320   D 1 - 4 S 5 ; D 1 - 3 S 4 ; D 1 S 2 ; D 1 S 2  END                        0.0536   -0.01498  0.05145
  12.  2202   D 1 - 4 ; D 1 - 3 S 4 - 5 ; D 1 - 2 ; S 1 - 2  END                        0.0518    0.00996  0.05084
  13.     8   D 1 - 2 S 3 - 4 ; D 1 - 3 ; D 1 - 2 S 3 - 4 ; D 1 - 2  END                0.0508    0.00843  0.05012
  14.  2188   D 1 - 4 ; D 1 - 4 ; D 1 - 2 ; D 1  END                                    0.0506    0.05061
  15.   108   D 1 - 4 ; D 1 - 3 ; D 1 D 3 ; D 1 - 2  END                                0.0494    0.04940
  16.    77   D 1 - 3 D 5 ; D 1 - 3 ; D 1 - 2 ; D 1 - 2  END                            0.0494    0.04940
  17.    85   D 1 - 3 S 4 ; D 1 - 3 S 4 ; D 1 S 2 D 3 ; D 1 S 2  END                    0.0481    0.00414 -0.04790
  18.    64   D 1 - 3 S 5 ; D 1 - 3 S 4 ; D 1 - 2 S 3 ; D 1 S 2  END                    0.0481   -0.00414  0.04790
  19.    37   D 1 - 3 ; D 1 - 4 ; D 1 - 3 ; D 1  END                                    0.0474   -0.04738
  20.    11   D 1 - 3 ; D 1 - 3 ; D 1 - 3 ; D 1 S 2 - 3  END                            0.0468   -0.04681
  21.    16   D 1 - 3 ; D 1 - 2 S 3 - 4 ; D 1 - 3 ; D 1 - 2  END                        0.0468    0.04681
  22.  3249   D 1 - 2 S 3 D 4 ; D 1 - 2 S 3 ; D 1 - 2 S 4 ; D 1 - 2 S 3  END            0.0446   -0.00284  0.04449
  23.    81   D 1 - 3 ; D 1 - 3 S 4 - 5 ; D 1 - 2 ; D 1 - 2  END                        0.0443    0.04430
  24.    42   D 1 - 4 ; D 1 - 3 ; D 1 - 3 ; S 1 - 2  END                                0.0443    0.04430
  25.     6   D 1 - 3 S 4 ; D 1 - 2 S 3 ; D 1 - 2 S 3 ; D 1 - 2 S 3  END                0.0443    0.04235 -0.01290
  26.  5659   D 1 - 3 S 4 ; D 1 S 2 D 3 ; D 1 - 2 S 3 ; D 1 - 2 S 4  END                0.0420    0.01927 -0.03732
  27.  2490   D 1 - 4 S 6 ; D 1 - 3 S 4 ; S 1 D 2 ; D 1 S 2  END                        0.0405   -0.01189  0.03873
  28.  2749   D 1 - 4 ; D 1 - 2 S 3 - 4 ; D 1 - 2 ; D 1 S 2 - 3  END                    0.0398    0.01505  0.03687
  29.  8891   D 1 - 4 ; D 1 S 2 D 3 S 4 ; D 1 - 2 ; D 1 S 2 S 4  END                    0.0376    0.02533  0.02773
  30.    79   D 1 - 3 D 6 ; D 1 - 3 ; D 1 - 2 ; D 1 - 2  END                            0.0373    0.03732
  31.   154   D 1 - 4 ; D 1 - 3 ; D 2 - 3 ; D 1 - 2  END                                0.0373    0.03732
  32.   556   D 1 - 4 ; D 1 - 3 ; D 1 - 2 ; D 1 S 2 - 3  END                            0.0357    0.03574
  33.   822   D 1 - 4 ; D 1 - 2 S 3 - 4 ; D 1 - 2 ; D 1 - 2  END                        0.0357   -0.03574
  34.  3048   D 1 - 2 S 3 D 4 ; D 1 - 3 S 4 ; D 1 - 2 S 4 ; D 1 S 2  END                0.0354    0.01540 -0.03187
  35.    69   D 1 - 3 S 4 ; D 1 - 3 S 4 ; D 1 - 2 S 3 ; S 1 D 2  END                    0.0340   -0.03332 -0.00674
  36.    63   D 1 - 3 S 4 ; D 1 - 3 S 5 ; D 1 - 2 S 3 ; D 1 S 2  END                    0.0340    0.03332  0.00674
  37.  2342   D 1 - 4 S 5 ; D 1 - 3 S 5 ; D 1 S 2 ; S 1 D 2  END                        0.0337    0.00562 -0.03318
  38.  5775   D 1 S 2 D 3 S 4 ; D 1 - 3 ; D 1 - 2 S 3 S 5 ; D 1 - 2  END                0.0336   -0.01106 -0.03169
  39.  9157   D 1 - 4 ; D 1 S 2 - 3 ; D 1 - 2 ; D 1 - 2 S 3 - 4  END                    0.0331   -0.00357 -0.03295
  40.    52   D 1 - 4 ; D 1 - 3 ; D 1 - 3 ; D 2  END                                    0.0331    0.03312
  41.    82   D 1 - 3 ; D 1 - 3 D 5 ; D 1 - 2 ; D 1 - 2  END                            0.0331    0.03312
  42.  5834   S 1 D 2 - 3 S 4 ; D 1 - 3 ; D 1 - 2 S 3 S 6 ; D 1 - 2  END                0.0331   -0.00849 -0.03196
  43.    25   D 1 S 2 D 3 S 4 ; D 1 - 3 ; D 1 - 3 ; D 1 - 2  END                        0.0328    0.03283
  44.  5461   D 1 - 3 ; D 1 - 3 ; D 1 - 2 S 3 S 5 ; D 1 - 2  END                        0.0328   -0.03283
  45.  2408   D 1 - 5 ; D 1 - 3 ; D 1 ; D 1 - 2  END                                    0.0318    0.03185
  46.  2577   D 1 - 4 S 5 - 6 ; D 1 - 3 ; S 1 - 2 ; D 1 - 2  END                        0.0303   -0.00553 -0.02974
  47.  2811   D 1 - 4 S 5 ; D 1 - 2 S 3 ; D 1 S 2 ; D 1 - 2 S 3  END                    0.0302    0.01371 -0.02695
  48.  5718   D 1 - 3 S 4 ; S 1 D 2 - 3 ; D 1 - 2 S 3 ; D 1 - 2 S 5  END                0.0297    0.00820 -0.02857
  49.  2953   D 1 - 4 ; D 1 - 2 ; D 1 - 2 ; D 1 - 3  END                                0.0296    0.02959
  50.  9227   D 1 - 2 S 3 D 4 ; D 1 S 2 D 3 ; D 1 - 2 S 4 ; D 1 - 2 S 4  END            0.0292   -0.00387  0.02899
  51.  3110   D 1 - 2 S 3 D 4 S 5 ; D 1 - 3 ; D 1 S 2 S 4 ; D 1 - 2  END                0.0289    0.01470  0.02483
  52.    83   D 1 - 3 ; D 1 - 3 ; D 1 - 2 D 4 ; D 1 - 2  END                            0.0282    0.02819
  53.   231   D 1 - 2 D 4 ; D 1 - 3 ; D 1 - 3 ; D 1 - 2  END                            0.0282    0.02819
  54.  9903   D 1 S 2 D 3 - 4 S 5 ; D 1 - 3 ; D 1 S 2 S 5 ; D 1 - 2  END                0.0277   -0.02084 -0.01831
  55.     9   D 1 - 3 S 5 ; D 1 - 3 S 4 ; D 1 S 2 D 3 ; D 1 S 2  END                    0.0272    0.02077 -0.01764
  56. 10069   D 1 S 2 D 3 - 4 ; D 1 - 2 S 3 ; D 1 - 2 S 5 ; D 1 - 2 S 3  END            0.0270    0.00385 -0.02671
  57.  9803   D 1 S 2 D 3 - 4 ; D 1 - 3 S 4 ; D 1 - 2 S 5 ; D 1 S 2  END                0.0267   -0.01651  0.02094
  58.  5966   D 1 - 4 ; D 1 - 3 ; D 1 - 2 S 3 S 6 ; S 1 - 2  END                        0.0265   -0.00575 -0.02590
  59.  1840   S 1 D 2 - 3 S 4 ; D 1 - 3 S 4 - 5 ; D 1 - 2 ; D 1 - 2  END                0.0265    0.00575  0.02590
  60.   120   D 1 - 3 S 4 ; D 1 - 3 S 5 ; S 1 D 2 - 3 ; D 1 S 2  END                    0.0265    0.00176  0.02644
  61.    72   D 1 - 3 S 6 ; D 1 - 3 S 4 ; D 1 - 2 S 3 ; S 1 D 2  END                    0.0265    0.00176  0.02644
  62.  3345   D 1 - 2 D 4 ; D 1 - 3 ; D 1 - 2 D 4 ; D 1 - 2  END                        0.0265    0.02645
  63.    44   D 1 - 3 S 4 S 6 ; D 1 - 3 ; D 1 - 3 ; S 1 - 2  END                        0.0260    0.00114  0.02601
  64.   139   D 1 - 3 ; D 1 - 3 S 4 - 5 ; S 1 D 2 S 3 ; D 1 - 2  END                    0.0260    0.00114  0.02601
  65.  2506   D 1 - 4 S 6 ; D 1 - 3 S 5 ; S 1 D 2 ; S 1 D 2  END                        0.0258    0.00459 -0.02543
  66.  2761   D 1 - 4 ; D 1 - 2 S 3 S 5 ; D 1 - 2 ; S 1 D 2 S 3  END                    0.0256   -0.01276 -0.02218
  67.  9348   D 1 - 4 ; S 1 D 2 - 3 S 4 ; D 1 - 2 ; D 1 S 2 S 5  END                    0.0252    0.01661  0.01891
  68.    78   D 1 - 3 S 5 - 6 ; D 1 - 3 ; D 1 - 2 ; D 1 - 2  END                        0.0252   -0.02517
  69.   143   D 1 - 4 ; D 1 - 3 ; S 1 - 2 D 3 ; D 1 - 2  END                            0.0252    0.02517
  70.  6238   D 1 - 4 ; D 1 - 3 ; S 1 D 2 S 3 ; D 1 S 2 S 5  END                        0.0250   -0.01623 -0.01900
  71.  1451   D 1 - 3 S 4 S 6 ; S 1 D 2 - 3 S 4 ; D 1 - 2 ; D 1 - 2  END                0.0250    0.01623  0.01900
  72.  3060   D 1 - 2 S 3 D 4 ; D 1 - 3 S 5 ; D 1 - 2 S 4 ; S 1 D 2  END                0.0243   -0.01366  0.02010
  73.   828   D 1 - 3 S 4 ; D 1 - 2 S 3 ; D 1 - 2 S 4 ; D 1 - 2 S 3  END                0.0240   -0.00677 -0.02307
  74.  1130   D 1 - 2 S 3 D 4 ; D 1 - 2 S 3 ; D 1 - 2 S 3 ; D 1 - 2 S 3  END            0.0240    0.00677  0.02307
  75. 10139   D 1 S 2 - 3 D 4 ; D 1 - 3 ; D 1 - 2 S 4 - 5 ; D 1 - 2  END                0.0240    0.00371  0.02368
  76.  9614   D 1 - 4 ; S 1 D 2 S 3 ; D 1 - 2 ; D 1 - 2 S 3 S 5  END                    0.0238   -0.00348 -0.02357
  77.  8991   D 1 - 4 S 5 ; D 1 S 2 D 3 ; D 1 S 2 ; D 1 - 2 S 4  END                    0.0236    0.01442 -0.01871
  78. 10260   S 1 D 2 - 4 ; D 1 - 3 S 4 ; D 1 - 2 S 6 ; D 1 S 2  END                    0.0232   -0.01545  0.01735
  79.  9366   D 1 - 4 ; S 1 D 2 - 3 S 5 ; D 1 - 2 ; S 1 D 2 S 5  END                    0.0232   -0.01770 -0.01504
  80.    99   D 1 - 3 S 4 S 6 ; D 1 - 3 ; D 1 S 2 - 3 ; D 1 - 2  END                    0.0230   -0.02267  0.00383
  81.   134   D 1 - 3 S 4 - 5 ; D 1 - 3 ; S 1 D 2 S 3 ; D 1 - 2  END                    0.0230   -0.02267  0.00383
  82.   599   D 1 - 4 ; D 1 - 3 ; D 1 S 2 - 3 ; D 1 S 2 - 3  END                        0.0229    0.00048 -0.02286
  83.   824   D 1 - 3 S 4 - 5 ; D 1 - 2 S 3 - 4 ; D 1 - 2 ; D 1 - 2  END                0.0229   -0.00048  0.02286
  84.  2870   D 1 - 4 S 6 ; D 1 - 2 S 3 ; S 1 D 2 ; D 1 - 2 S 3  END                    0.0226    0.01239 -0.01896
  85.  1418   D 1 - 4 S 6 ; S 1 D 2 - 3 ; D 1 - 2 S 3 ; D 1 S 2  END                    0.0226    0.02254  0.00220
  86.  6292   D 1 - 3 S 4 ; D 1 - 3 S 4 ; S 1 D 2 ; D 1 - 2 S 5  END                    0.0226   -0.02254 -0.00220
  87.    67   D 1 - 3 S 6 ; D 1 - 3 S 5 ; D 1 - 2 S 3 ; D 1 S 2  END                    0.0226   -0.00210 -0.02246
  88.   126   D 1 - 3 S 4 ; D 1 - 3 S 4 ; S 1 D 2 - 3 ; S 1 D 2  END                    0.0226   -0.00210 -0.02246
  89.   971   D 1 - 2 S 3 D 4 ; D 1 - 3 S 4 ; D 1 - 2 S 3 ; D 1 S 2  END                0.0225   -0.02010  0.01001
  90.   559   D 1 - 3 S 4 ; D 1 - 3 S 4 ; D 1 - 2 S 4 ; D 1 S 2  END                    0.0225    0.02010 -0.01001
  91.  1807   S 1 D 2 - 4 ; D 1 - 3 S 5 ; D 1 - 2 S 3 ; D 1 S 2  END                    0.0225    0.02225 -0.00307
  92.  6032   D 1 - 3 S 4 ; D 1 - 3 S 4 ; D 1 - 2 S 6 ; S 1 D 2  END                    0.0225   -0.02225  0.00307
  93.   144   D 1 - 3 S 4 - 5 ; D 1 - 3 ; S 1 - 2 D 3 ; D 1 - 2  END                    0.0223   -0.00018 -0.02232
  94.   101   D 1 - 3 S 5 - 6 ; D 1 - 3 ; D 1 S 2 - 3 ; D 1 - 2  END                    0.0223    0.00018  0.02232
  95. 10526   S 1 D 2 - 4 ; D 1 - 2 S 3 ; D 1 - 2 S 6 ; D 1 - 2 S 3  END                0.0221    0.00286 -0.02190
  96.  2321   D 1 - 4 S 5 ; D 1 - 3 S 5 ; D 1 S 2 ; D 1 S 2  END                        0.0219    0.00247  0.02172
  97.  2341   D 1 - 4 S 5 ; D 1 - 3 S 4 ; D 1 S 2 ; S 1 D 2  END                        0.0219   -0.00247 -0.02172
  98.    32   D 1 - 3 S 4 - 5 ; D 1 - 3 ; D 1 - 3 ; D 1  END                            0.0219    0.02185
  99.   103   D 1 - 3 ; D 1 - 4 ; D 1 S 2 - 3 ; D 1 - 2  END                            0.0219    0.02185
 100.  3678   D 1 - 2 S 3 D 4 ; D 1 S 2 D 3 ; D 1 - 2 S 4 ; D 1 - 2 S 3  END            0.0218   -0.00201 -0.02167




 POSITION OF FIRST SPIN COUPLING FOR TEN MOST IMPORTANT CONFIGURATIONS
       2      3      1      5     39    103     11      7     26     21



 ********************************
 RESULTS FOR ROOT   03
 TOTAL CI ENERGY =   -339.6734232
 ********************************

       CONF.                                                                           COEFF.
        NO.        SPACE ORBITAL PRODUCTS                                             CONTRIB.      CI COEFFICIENTS

       -----       ----------------------                                             --------   ---------------------
   1.    18   D 1 - 2 S 3 - 4 ; D 1 - 3 ; D 1 - 3 ; D 1 - 2  END                        0.3718   -0.37176
   2.    13   D 1 - 3 ; D 1 - 3 ; D 1 - 2 S 3 - 4 ; D 1 - 2  END                        0.3718   -0.37176
   3.     3   D 1 - 3 S 4 ; D 1 - 3 S 4 ; D 1 - 2 S 3 ; D 1 S 2  END                    0.2828   -0.24284  0.14487
   4.    98   D 1 - 4 ; D 1 - 3 ; D 1 S 2 - 3 ; D 1 - 2  END                            0.2816   -0.28160
   5.    75   D 1 - 3 S 4 - 5 ; D 1 - 3 ; D 1 - 2 ; D 1 - 2  END                        0.2816   -0.28160
   6.     6   D 1 - 3 S 4 ; D 1 - 2 S 3 ; D 1 - 2 S 3 ; D 1 - 2 S 3  END                0.2606    0.15179 -0.21181
   7.     8   D 1 - 2 S 3 - 4 ; D 1 - 3 ; D 1 - 2 S 3 - 4 ; D 1 - 2  END                0.1920    0.14266  0.12848
   8.    69   D 1 - 3 S 4 ; D 1 - 3 S 4 ; D 1 - 2 S 3 ; S 1 D 2  END                    0.1286    0.05555 -0.11596
   9.    63   D 1 - 3 S 4 ; D 1 - 3 S 5 ; D 1 - 2 S 3 ; D 1 S 2  END                    0.1286   -0.05555  0.11596
  10.     4   D 1 - 3 S 4 - 5 ; D 1 - 3 ; D 1 S 2 - 3 ; D 1 - 2  END                    0.1180   -0.09870 -0.06460
  11.     2   D 1 - 4 ; D 1 - 3 ; D 1 - 2 ; D 1 - 2  END                                0.1014    0.10136
  12.    37   D 1 - 3 ; D 1 - 4 ; D 1 - 3 ; D 1  END                                    0.0985   -0.09848
  13.    25   D 1 S 2 D 3 S 4 ; D 1 - 3 ; D 1 - 3 ; D 1 - 2  END                        0.0965   -0.09649
  14.  5461   D 1 - 3 ; D 1 - 3 ; D 1 - 2 S 3 S 5 ; D 1 - 2  END                        0.0965    0.09649
  15.    16   D 1 - 3 ; D 1 - 2 S 3 - 4 ; D 1 - 3 ; D 1 - 2  END                        0.0908   -0.09078
  16.    11   D 1 - 3 ; D 1 - 3 ; D 1 - 3 ; D 1 S 2 - 3  END                            0.0908    0.09078
  17.   134   D 1 - 3 S 4 - 5 ; D 1 - 3 ; S 1 D 2 S 3 ; D 1 - 2  END                    0.0891    0.04781  0.07523
  18.    99   D 1 - 3 S 4 S 6 ; D 1 - 3 ; D 1 S 2 - 3 ; D 1 - 2  END                    0.0891    0.04781  0.07523
  19.     7   D 1 - 3 S 4 ; D 1 - 3 S 5 ; D 1 - 2 S 3 ; S 1 D 2  END                    0.0820    0.04864 -0.06605
  20.    31   D 1 - 4 ; D 1 - 3 ; D 1 - 3 ; D 1  END                                    0.0784    0.07837
  21.    80   D 1 - 3 ; D 1 - 4 ; D 1 - 2 ; D 1 - 2  END                                0.0784    0.07837
  22.  5659   D 1 - 3 S 4 ; D 1 S 2 D 3 ; D 1 - 2 S 3 ; D 1 - 2 S 4  END                0.0659    0.03862 -0.05342
  23.     9   D 1 - 3 S 5 ; D 1 - 3 S 4 ; D 1 S 2 D 3 ; D 1 S 2  END                    0.0596    0.03891 -0.04512
  24.   203   D 1 - 2 S 3 ; D 1 - 3 S 4 ; D 1 - 3 S 4 ; D 1 S 2  END                    0.0489   -0.03666  0.03235
  25.   252   D 1 - 3 S 4 ; D 1 S 2 D 3 ; D 1 - 2 S 3 ; D 1 - 2 S 3  END                0.0469   -0.02824  0.03743
  26.  5547   D 1 - 3 S 4 ; D 1 - 2 S 3 ; D 1 - 2 S 3 ; D 1 - 2 S 4  END                0.0469   -0.02824  0.03743
  27.   231   D 1 - 2 D 4 ; D 1 - 3 ; D 1 - 3 ; D 1 - 2  END                            0.0453   -0.04527
  28.    83   D 1 - 3 ; D 1 - 3 ; D 1 - 2 D 4 ; D 1 - 2  END                            0.0453   -0.04527
  29.   103   D 1 - 3 ; D 1 - 4 ; D 1 S 2 - 3 ; D 1 - 2  END                            0.0451    0.04512
  30.    32   D 1 - 3 S 4 - 5 ; D 1 - 3 ; D 1 - 3 ; D 1  END                            0.0451    0.04512
  31.   168   D 1 - 3 ; D 1 - 2 S 3 - 4 ; D 1 - 3 ; D 1 S 2 - 3  END                    0.0445   -0.02128 -0.03911
  32.  5775   D 1 S 2 D 3 S 4 ; D 1 - 3 ; D 1 - 2 S 3 S 5 ; D 1 - 2  END                0.0418   -0.02844 -0.03069
  33.  5601   D 1 - 2 S 3 - 4 ; D 1 - 3 ; D 1 - 2 S 3 S 5 ; D 1 - 2  END                0.0414    0.00674  0.04082
  34.   338   D 1 S 2 D 3 S 4 ; D 1 - 3 ; D 1 - 2 S 3 - 4 ; D 1 - 2  END                0.0414   -0.00674 -0.04082
  35.   556   D 1 - 4 ; D 1 - 3 ; D 1 - 2 ; D 1 S 2 - 3  END                            0.0398   -0.03981
  36.   822   D 1 - 4 ; D 1 - 2 S 3 - 4 ; D 1 - 2 ; D 1 - 2  END                        0.0398    0.03981
  37.     1   D 1 - 3 ; D 1 - 3 ; D 1 - 3 ; D 1 - 2  END                                0.0369   -0.03689
  38.  5718   D 1 - 3 S 4 ; S 1 D 2 - 3 ; D 1 - 2 S 3 ; D 1 - 2 S 5  END                0.0360    0.02223 -0.02838
  39.  5833   S 1 D 2 - 3 S 4 ; D 1 - 3 ; D 1 - 2 S 3 S 5 ; D 1 - 2  END                0.0359   -0.01716 -0.03158
  40.  5776   D 1 S 2 D 3 S 4 ; D 1 - 3 ; D 1 - 2 S 3 S 6 ; D 1 - 2  END                0.0359   -0.01716 -0.03158
  41.    10   D 1 - 3 ; D 1 - 3 S 4 - 5 ; D 1 - 3 ; S 1 - 2  END                        0.0359   -0.02816 -0.02222
  42.    64   D 1 - 3 S 5 ; D 1 - 3 S 4 ; D 1 - 2 S 3 ; D 1 S 2  END                    0.0358    0.02815  0.02208
  43.    85   D 1 - 3 S 4 ; D 1 - 3 S 4 ; D 1 S 2 D 3 ; D 1 S 2  END                    0.0358   -0.02815 -0.02208
  44.  5717   D 1 - 3 S 4 ; S 1 D 2 - 3 ; D 1 - 2 S 3 ; D 1 - 2 S 4  END                0.0352   -0.01600  0.03134
  45.  5660   D 1 - 3 S 4 ; D 1 S 2 D 3 ; D 1 - 2 S 3 ; D 1 - 2 S 5  END                0.0352   -0.01600  0.03134
  46.    77   D 1 - 3 D 5 ; D 1 - 3 ; D 1 - 2 ; D 1 - 2  END                            0.0343    0.03434
  47.   108   D 1 - 4 ; D 1 - 3 ; D 1 D 3 ; D 1 - 2  END                                0.0343    0.03434
  48.    70   D 1 - 3 S 5 ; D 1 - 3 S 4 ; D 1 - 2 S 3 ; S 1 D 2  END                    0.0332    0.00820 -0.03216
  49.    86   D 1 - 3 S 4 ; D 1 - 3 S 5 ; D 1 S 2 D 3 ; D 1 S 2  END                    0.0332    0.00820 -0.03216
  50.    91   D 1 - 3 S 4 ; D 1 - 3 S 4 ; D 1 S 2 D 3 ; S 1 D 2  END                    0.0290   -0.01594  0.02424
  51.    65   D 1 - 3 S 5 ; D 1 - 3 S 5 ; D 1 - 2 S 3 ; D 1 S 2  END                    0.0290   -0.01594  0.02424
  52.  3229   D 1 - 2 S 3 - 4 ; D 1 - 2 S 3 - 4 ; D 1 - 2 S 3 - 4 ; D 1 S 2 - 3  END    0.0274   -0.00530 -0.00045  0.00410 -0.00492
                                                                                                  0.00439  0.00979  0.00784 -0.01230
                                                                                                  0.00173 -0.00854  0.01004 -0.00104
                                                                                                  0.00173 -0.01305
  53.  2712   D 1 - 3 S 4 ; D 1 - 2 S 3 D 4 ; D 1 - 2 S 3 ; D 1 S 3  END                0.0268   -0.01423  0.02265
  54.  2788   D 1 - 3 S 4 - 5 ; D 1 - 2 S 3 - 4 ; D 1 S 2 - 3 ; D 1 S 2 - 3  END        0.0264    0.00535 -0.00491 -0.00762  0.00735
                                                                                                 -0.00391 -0.00535 -0.00083  0.01634
                                                                                                  0.00264  0.00767 -0.00560  0.00038
                                                                                                  0.00264  0.01074
  55.   955   D 1 - 2 S 3 - 4 ; D 1 - 3 S 4 - 5 ; D 1 - 3 ; S 1 - 2  END                0.0263    0.00109  0.00390  0.00288  0.00044
                                                                                                  0.02583
  56.   545   D 1 - 3 ; D 1 - 3 S 4 - 5 ; D 1 - 2 S 3 - 4 ; S 1 - 2  END                0.0263    0.00015 -0.00477  0.00044 -0.00137
                                                                                                  0.02583
  57.  5457   D 1 - 3 ; D 1 - 3 ; D 1 - 3 ; D 1 S 2 S 4  END                            0.0253   -0.02531
  58.    21   D 1 - 3 ; D 1 S 2 D 3 S 4 ; D 1 - 3 ; D 1 - 2  END                        0.0253    0.02531
  59.    84   D 1 - 3 ; D 1 - 3 ; D 1 - 2 ; D 1 - 3  END                                0.0244   -0.02440
  60.   189   D 1 - 4 ; D 1 - 2 ; D 1 - 3 ; D 1 - 2  END                                0.0244   -0.02440
  61.  1341   D 1 - 3 S 4 ; D 1 S 2 - 4 ; D 1 - 2 S 3 ; D 1 - 2 S 3  END                0.0242   -0.00165  0.00827  0.01449 -0.00204
                                                                                                  0.01732
  62.  6417   D 1 - 3 S 4 ; D 1 - 2 S 3 ; D 1 - 2 S 3 ; D 1 S 2 - 4  END                0.0242    0.01518  0.00712 -0.01398  0.00009
                                                                                                  0.01042
  63.  9139   D 1 - 3 S 4 ; D 1 S 2 - 4 ; D 1 - 2 S 3 ; D 1 S 2 - 4  END                0.0239   -0.00575 -0.00072  0.00648  0.00505
                                                                                                 -0.00495  0.00259  0.00447  0.00556
                                                                                                  0.00973 -0.00102 -0.01243  0.00381
                                                                                                  0.00963 -0.00562
  64.    44   D 1 - 3 S 4 S 6 ; D 1 - 3 ; D 1 - 3 ; S 1 - 2  END                        0.0237    0.00232  0.02358
  65.   139   D 1 - 3 ; D 1 - 3 S 4 - 5 ; S 1 D 2 S 3 ; D 1 - 2  END                    0.0237    0.00232  0.02358
  66.   559   D 1 - 3 S 4 ; D 1 - 3 S 4 ; D 1 - 2 S 4 ; D 1 S 2  END                    0.0236   -0.00430  0.02317
  67.   971   D 1 - 2 S 3 D 4 ; D 1 - 3 S 4 ; D 1 - 2 S 3 ; D 1 S 2  END                0.0236    0.00430 -0.02317
  68.   180   D 1 - 3 S 5 ; D 1 - 2 S 3 ; D 1 S 2 D 3 ; D 1 - 2 S 3  END                0.0235   -0.01152  0.02053
  69.  2728   D 1 - 3 S 4 ; D 1 - 2 S 3 - 5 ; D 1 - 2 S 3 ; S 1 - 3  END                0.0235   -0.00429  0.00080  0.00210  0.00281
                                                                                                 -0.01100  0.00269  0.00343  0.00371
                                                                                                  0.01413  0.00044 -0.00627  0.00294
                                                                                                  0.00700 -0.00849
  70.  5645   D 1 - 3 ; D 1 S 2 D 3 S 4 ; D 1 - 3 ; D 1 S 2 S 4  END                    0.0235   -0.01364 -0.01910
  71.  1007   D 1 - 2 S 3 - 4 D 5 ; D 1 - 3 ; D 1 - 2 ; D 1 - 2  END                    0.0234    0.02341
  72.   645   D 1 - 4 ; D 1 - 3 ; D 1 S 3 - 4 ; D 1 - 2  END                            0.0234    0.02341
  73.  3011   D 1 - 2 S 3 - 4 ; D 1 - 4 ; D 1 - 2 S 3 - 4 ; D 1  END                    0.0234   -0.01517 -0.01780
  74.  3087   D 1 - 2 S 3 - 5 ; D 1 - 3 S 4 ; D 1 S 2 - 4 ; D 1 S 2  END                0.0231    0.00684 -0.00470  0.01004  0.00126
                                                                                                 -0.00471  0.00007  0.00465 -0.00454
                                                                                                 -0.01120 -0.00755 -0.00235 -0.00283
                                                                                                 -0.00772  0.00638
  75.    26   D 1 S 2 D 3 S 5 ; D 1 - 3 ; D 1 - 3 ; D 1 - 2  END                        0.0226   -0.02257
  76.  5463   D 1 - 3 ; D 1 - 3 ; D 1 S 2 D 3 S 5 ; D 1 - 2  END                        0.0226   -0.02257
  77.  5462   D 1 - 3 ; D 1 - 3 ; D 1 - 2 S 3 S 6 ; D 1 - 2  END                        0.0223   -0.02227
  78.    28   S 1 D 2 - 3 S 4 ; D 1 - 3 ; D 1 - 3 ; D 1 - 2  END                        0.0223    0.02227
  79.   123   D 1 - 3 S 6 ; D 1 - 3 S 4 ; S 1 D 2 - 3 ; D 1 S 2  END                    0.0223    0.01249 -0.01844
  80.   278   D 1 - 2 S 3 - 4 ; D 1 S 2 D 3 S 4 ; D 1 - 3 ; D 1 - 2  END                0.0222    0.02131  0.00624
  81.  5479   D 1 - 3 ; D 1 - 3 ; D 1 - 2 S 3 - 4 ; D 1 S 2 S 4  END                    0.0222   -0.02131 -0.00624
  82.  6549   D 1 - 2 S 3 - 4 ; D 1 - 3 ; D 1 - 2 S 3 - 4 ; D 1 S 2 S 4  END            0.0221   -0.01326  0.00536  0.01563 -0.00439
                                                                                                 -0.00458
  83.  1370   D 1 - 2 S 3 - 4 ; D 1 S 2 D 3 S 4 ; D 1 - 2 S 3 - 4 ; D 1 - 2  END        0.0221    0.00169 -0.00522  0.01392 -0.01563
                                                                                                  0.00458
  84.  2207   D 1 - 3 S 4 - 5 ; D 1 - 3 S 4 - 5 ; D 1 - 2 ; S 1 - 2  END                0.0220   -0.00004  0.00024  0.00295  0.00046
                                                                                                  0.02182
  85.  2283   D 1 - 4 ; D 1 - 3 S 4 - 5 ; D 1 S 2 - 3 ; S 1 - 2  END                    0.0220    0.00231 -0.00184  0.00046 -0.00017
                                                                                                  0.02182
  86.  1938   S 1 D 2 - 3 S 4 S 6 ; D 1 - 2 S 3 ; D 1 - 2 S 3 ; D 1 - 2 S 3  END        0.0220    0.01244  0.00343 -0.00780 -0.00672
                                                                                                  0.01457
  87.  6490   D 1 - 3 S 4 ; D 1 - 2 S 3 ; S 1 D 2 S 3 S 6 ; D 1 - 2 S 3  END            0.0220   -0.00091 -0.01319  0.00926 -0.00725
                                                                                                 -0.01311
  88.  1120   D 1 - 2 S 3 - 4 ; D 1 - 2 S 3 - 4 ; D 1 - 3 ; D 1 S 2 - 3  END            0.0218    0.00321  0.00421  0.00790 -0.00407
                                                                                                  0.01915
  89.   802   D 1 - 3 ; D 1 - 2 S 3 - 4 ; D 1 - 2 S 3 - 4 ; D 1 S 2 - 3  END            0.0218    0.00340 -0.00888 -0.00407  0.00019
                                                                                                  0.01915
  90.   120   D 1 - 3 S 4 ; D 1 - 3 S 5 ; S 1 D 2 - 3 ; D 1 S 2  END                    0.0216    0.00159  0.02156
  91.    72   D 1 - 3 S 6 ; D 1 - 3 S 4 ; D 1 - 2 S 3 ; S 1 D 2  END                    0.0216    0.00159  0.02156
  92.   361   D 1 S 2 - 5 ; D 1 - 3 ; D 1 - 3 ; D 1 - 2  END                            0.0216    0.00408  0.02119
  93.  5499   D 1 - 3 ; D 1 - 3 ; D 1 S 2 - 5 ; D 1 - 2  END                            0.0216    0.00408  0.02119
  94.   111   D 1 - 3 D 5 ; D 1 - 3 ; D 1 D 3 ; D 1 - 2  END                            0.0216   -0.02158
  95.  2320   D 1 - 4 S 5 ; D 1 - 3 S 4 ; D 1 S 2 ; D 1 S 2  END                        0.0215   -0.01930 -0.00943
  96.   606   D 1 - 3 S 5 ; D 1 - 3 S 4 ; D 1 S 2 - 4 ; D 1 S 2  END                    0.0214   -0.00161 -0.00179  0.01766  0.00638
                                                                                                 -0.00992
  97.  1020   D 1 - 2 S 3 - 5 ; D 1 - 3 S 4 ; D 1 S 2 D 3 ; D 1 S 2  END                0.0214   -0.00383 -0.00307 -0.00474  0.00024
                                                                                                  0.02025
  98.   224   D 1 - 2 S 3 - 4 ; D 1 - 2 S 3 - 4 ; D 1 - 3 ; D 1 - 2  END                0.0212   -0.00586 -0.02033
  99.    68   D 1 - 3 ; D 1 - 3 ; D 1 - 2 S 3 - 4 ; D 1 S 2 - 3  END                    0.0212    0.00586  0.02033
 100.   230   D 1 - 2 S 3 ; D 1 - 2 S 3 ; D 1 - 3 S 4 ; D 1 - 2 S 3  END                0.0211    0.01338  0.01631




 POSITION OF FIRST SPIN COUPLING FOR TEN MOST IMPORTANT CONFIGURATIONS
      26     21      3    134     98      9     13     86     74      5



 ********************************
 RESULTS FOR ROOT   04
 TOTAL CI ENERGY =   -339.2103833
 ********************************

       CONF.                                                                           COEFF.
        NO.        SPACE ORBITAL PRODUCTS                                             CONTRIB.      CI COEFFICIENTS

       -----       ----------------------                                             --------   ---------------------
   1.     3   D 1 - 3 S 4 ; D 1 - 3 S 4 ; D 1 - 2 S 3 ; D 1 S 2  END                    0.4365    0.00498 -0.43647
   2.    13   D 1 - 3 ; D 1 - 3 ; D 1 - 2 S 3 - 4 ; D 1 - 2  END                        0.2713   -0.27131
   3.    18   D 1 - 2 S 3 - 4 ; D 1 - 3 ; D 1 - 3 ; D 1 - 2  END                        0.2713   -0.27131
   4.    75   D 1 - 3 S 4 - 5 ; D 1 - 3 ; D 1 - 2 ; D 1 - 2  END                        0.2658    0.26579
   5.    98   D 1 - 4 ; D 1 - 3 ; D 1 S 2 - 3 ; D 1 - 2  END                            0.2658    0.26579
   6.     2   D 1 - 4 ; D 1 - 3 ; D 1 - 2 ; D 1 - 2  END                                0.1694   -0.16936
   7.    80   D 1 - 3 ; D 1 - 4 ; D 1 - 2 ; D 1 - 2  END                                0.1541    0.15408
   8.    31   D 1 - 4 ; D 1 - 3 ; D 1 - 3 ; D 1  END                                    0.1541    0.15408
   9.     6   D 1 - 3 S 4 ; D 1 - 2 S 3 ; D 1 - 2 S 3 ; D 1 - 2 S 3  END                0.1520    0.09825 -0.11598
  10.    69   D 1 - 3 S 4 ; D 1 - 3 S 4 ; D 1 - 2 S 3 ; S 1 D 2  END                    0.1243   -0.10535  0.06597
  11.    63   D 1 - 3 S 4 ; D 1 - 3 S 5 ; D 1 - 2 S 3 ; D 1 S 2  END                    0.1243    0.10535 -0.06597
  12.     8   D 1 - 2 S 3 - 4 ; D 1 - 3 ; D 1 - 2 S 3 - 4 ; D 1 - 2  END                0.1183    0.09002  0.07671
  13.     4   D 1 - 3 S 4 - 5 ; D 1 - 3 ; D 1 S 2 - 3 ; D 1 - 2  END                    0.1119    0.08003  0.07814
  14.    21   D 1 - 3 ; D 1 S 2 D 3 S 4 ; D 1 - 3 ; D 1 - 2  END                        0.1116    0.11163
  15.  5457   D 1 - 3 ; D 1 - 3 ; D 1 - 3 ; D 1 S 2 S 4  END                            0.1116   -0.11163
  16.    11   D 1 - 3 ; D 1 - 3 ; D 1 - 3 ; D 1 S 2 - 3  END                            0.1070    0.10704
  17.    16   D 1 - 3 ; D 1 - 2 S 3 - 4 ; D 1 - 3 ; D 1 - 2  END                        0.1070   -0.10704
  18.    25   D 1 S 2 D 3 S 4 ; D 1 - 3 ; D 1 - 3 ; D 1 - 2  END                        0.0850    0.08498
  19.  5461   D 1 - 3 ; D 1 - 3 ; D 1 - 2 S 3 S 5 ; D 1 - 2  END                        0.0850   -0.08498
  20.    42   D 1 - 4 ; D 1 - 3 ; D 1 - 3 ; S 1 - 2  END                                0.0849    0.08488
  21.    81   D 1 - 3 ; D 1 - 3 S 4 - 5 ; D 1 - 2 ; D 1 - 2  END                        0.0849    0.08488
  22.  2188   D 1 - 4 ; D 1 - 4 ; D 1 - 2 ; D 1  END                                    0.0791   -0.07908
  23.    37   D 1 - 3 ; D 1 - 4 ; D 1 - 3 ; D 1  END                                    0.0787    0.07872
  24.    14   D 1 - 3 ; D 1 - 3 ; D 1 S 2 D 3 S 4 ; D 1 - 2  END                        0.0724   -0.07237
  25.    19   D 1 - 2 S 3 S 5 ; D 1 - 3 ; D 1 - 3 ; D 1 - 2  END                        0.0724    0.07237
  26.     9   D 1 - 3 S 5 ; D 1 - 3 S 4 ; D 1 S 2 D 3 ; D 1 S 2  END                    0.0711   -0.04539  0.05477
  27.   134   D 1 - 3 S 4 - 5 ; D 1 - 3 ; S 1 D 2 S 3 ; D 1 - 2  END                    0.0685   -0.05671 -0.03838
  28.    99   D 1 - 3 S 4 S 6 ; D 1 - 3 ; D 1 S 2 - 3 ; D 1 - 2  END                    0.0685   -0.05671 -0.03838
  29.     7   D 1 - 3 S 4 ; D 1 - 3 S 5 ; D 1 - 2 S 3 ; S 1 D 2  END                    0.0651   -0.02239  0.06118
  30.    28   S 1 D 2 - 3 S 4 ; D 1 - 3 ; D 1 - 3 ; D 1 - 2  END                        0.0559   -0.05587
  31.  5462   D 1 - 3 ; D 1 - 3 ; D 1 - 2 S 3 S 6 ; D 1 - 2  END                        0.0559    0.05587
  32.    65   D 1 - 3 S 5 ; D 1 - 3 S 5 ; D 1 - 2 S 3 ; D 1 S 2  END                    0.0489    0.01066 -0.04772
  33.    91   D 1 - 3 S 4 ; D 1 - 3 S 4 ; D 1 S 2 D 3 ; S 1 D 2  END                    0.0489    0.01066 -0.04772
  34.  5479   D 1 - 3 ; D 1 - 3 ; D 1 - 2 S 3 - 4 ; D 1 S 2 S 4  END                    0.0465   -0.04177 -0.02039
  35.   278   D 1 - 2 S 3 - 4 ; D 1 S 2 D 3 S 4 ; D 1 - 3 ; D 1 - 2  END                0.0465    0.04177  0.02039
  36.    10   D 1 - 3 ; D 1 - 3 S 4 - 5 ; D 1 - 3 ; S 1 - 2  END                        0.0409    0.03753  0.01623
  37.   143   D 1 - 4 ; D 1 - 3 ; S 1 - 2 D 3 ; D 1 - 2  END                            0.0386    0.03864
  38.    78   D 1 - 3 S 5 - 6 ; D 1 - 3 ; D 1 - 2 ; D 1 - 2  END                        0.0386   -0.03864
  39.    44   D 1 - 3 S 4 S 6 ; D 1 - 3 ; D 1 - 3 ; S 1 - 2  END                        0.0374    0.02046  0.03133
  40.   139   D 1 - 3 ; D 1 - 3 S 4 - 5 ; S 1 D 2 S 3 ; D 1 - 2  END                    0.0374    0.02046  0.03133
  41.   559   D 1 - 3 S 4 ; D 1 - 3 S 4 ; D 1 - 2 S 4 ; D 1 S 2  END                    0.0367   -0.00477  0.03641
  42.   971   D 1 - 2 S 3 D 4 ; D 1 - 3 S 4 ; D 1 - 2 S 3 ; D 1 S 2  END                0.0367    0.00477 -0.03641
  43.    12   D 1 - 3 ; D 1 - 3 ; D 1 - 3 ; S 1 D 2 S 3  END                            0.0362   -0.03616
  44.    17   D 1 - 3 ; D 1 - 2 S 3 S 5 ; D 1 - 3 ; D 1 - 2  END                        0.0362   -0.03616
  45.    72   D 1 - 3 S 6 ; D 1 - 3 S 4 ; D 1 - 2 S 3 ; S 1 D 2  END                    0.0353    0.02438  0.02559
  46.   120   D 1 - 3 S 4 ; D 1 - 3 S 5 ; S 1 D 2 - 3 ; D 1 S 2  END                    0.0353    0.02438  0.02559
  47.    76   D 1 - 3 S 4 S 6 ; D 1 - 3 ; D 1 - 2 ; D 1 - 2  END                        0.0351   -0.03511
  48.   133   D 1 - 4 ; D 1 - 3 ; S 1 D 2 S 3 ; D 1 - 2  END                            0.0351   -0.03511
  49.  2263   D 1 - 4 ; D 1 - 4 ; D 1 S 2 - 3 ; D 1  END                                0.0351   -0.03510
  50.  2193   D 1 - 3 S 4 - 5 ; D 1 - 4 ; D 1 - 2 ; D 1  END                            0.0351   -0.03510
  51.  2267   D 1 - 3 S 4 - 5 ; D 1 - 4 ; D 1 S 2 - 3 ; D 1  END                        0.0339   -0.01215 -0.03163
  52.    83   D 1 - 3 ; D 1 - 3 ; D 1 - 2 D 4 ; D 1 - 2  END                            0.0312   -0.03124
  53.   231   D 1 - 2 D 4 ; D 1 - 3 ; D 1 - 3 ; D 1 - 2  END                            0.0312   -0.03124
  54.   123   D 1 - 3 S 6 ; D 1 - 3 S 4 ; S 1 D 2 - 3 ; D 1 S 2  END                    0.0299   -0.02132  0.02099
  55.   138   D 1 - 3 ; D 1 - 4 ; S 1 D 2 S 3 ; D 1 - 2  END                            0.0299    0.02986
  56.    33   D 1 - 3 S 4 S 6 ; D 1 - 3 ; D 1 - 3 ; D 1  END                            0.0299    0.02986
  57.   624   D 1 - 3 S 4 - 5 ; D 1 - 3 ; D 1 S 2 S 4 ; D 1 - 2  END                    0.0298   -0.00973 -0.02820
  58.  1043   D 1 - 2 S 3 D 4 S 5 ; D 1 - 3 ; D 1 S 2 - 3 ; D 1 - 2  END                0.0298    0.00973  0.02820
  59.  1370   D 1 - 2 S 3 - 4 ; D 1 S 2 D 3 S 4 ; D 1 - 2 S 3 - 4 ; D 1 - 2  END        0.0294    0.00561  0.00026  0.01320 -0.02546
                                                                                                  0.00342
  60.  6549   D 1 - 2 S 3 - 4 ; D 1 - 3 ; D 1 - 2 S 3 - 4 ; D 1 S 2 S 4  END            0.0294   -0.00879  0.01043  0.02546 -0.00443
                                                                                                 -0.00342
  61.  6417   D 1 - 3 S 4 ; D 1 - 2 S 3 ; D 1 - 2 S 3 ; D 1 S 2 - 4  END                0.0293    0.00713  0.00693 -0.01643 -0.00365
                                                                                                  0.02183
  62.  1341   D 1 - 3 S 4 ; D 1 S 2 - 4 ; D 1 - 2 S 3 ; D 1 - 2 S 3  END                0.0293   -0.00416  0.00768  0.00600 -0.01069
                                                                                                  0.02514
  63.    86   D 1 - 3 S 4 ; D 1 - 3 S 5 ; D 1 S 2 D 3 ; D 1 S 2  END                    0.0287   -0.02759  0.00804
  64.    70   D 1 - 3 S 5 ; D 1 - 3 S 4 ; D 1 - 2 S 3 ; S 1 D 2  END                    0.0287   -0.02759  0.00804
  65.    68   D 1 - 3 ; D 1 - 3 ; D 1 - 2 S 3 - 4 ; D 1 S 2 - 3  END                    0.0280    0.01723  0.02210
  66.   224   D 1 - 2 S 3 - 4 ; D 1 - 2 S 3 - 4 ; D 1 - 3 ; D 1 - 2  END                0.0280   -0.01723 -0.02210
  67.     5   D 1 - 3 S 4 S 6 ; D 1 - 3 ; S 1 D 2 S 3 ; D 1 - 2  END                    0.0276   -0.02707  0.00534
  68.  2153   D 1 - 3 S 4 ; D 1 - 4 S 5 ; D 1 - 2 S 3 ; S 1  END                        0.0262    0.00651 -0.02536
  69.     1   D 1 - 3 ; D 1 - 3 ; D 1 - 3 ; D 1 - 2  END                                0.0255    0.02552
  70.   111   D 1 - 3 D 5 ; D 1 - 3 ; D 1 D 3 ; D 1 - 2  END                            0.0254    0.02540
  71.    23   D 1 - 3 ; S 1 D 2 - 3 S 4 ; D 1 - 3 ; D 1 - 2  END                        0.0253    0.02533
  72.  5458   D 1 - 3 ; D 1 - 3 ; D 1 - 3 ; D 1 S 2 S 5  END                            0.0253   -0.02533
  73.   108   D 1 - 4 ; D 1 - 3 ; D 1 D 3 ; D 1 - 2  END                                0.0249   -0.02486
  74.    77   D 1 - 3 D 5 ; D 1 - 3 ; D 1 - 2 ; D 1 - 2  END                            0.0249   -0.02486
  75.  2379   D 1 - 3 S 4 D 5 ; D 1 - 3 S 4 ; D 1 S 3 ; D 1 S 2  END                    0.0247   -0.00575  0.02404
  76.   338   D 1 S 2 D 3 S 4 ; D 1 - 3 ; D 1 - 2 S 3 - 4 ; D 1 - 2  END                0.0247    0.00264  0.02457
  77.  5601   D 1 - 2 S 3 - 4 ; D 1 - 3 ; D 1 - 2 S 3 S 5 ; D 1 - 2  END                0.0247   -0.00264 -0.02457
  78.  3229   D 1 - 2 S 3 - 4 ; D 1 - 2 S 3 - 4 ; D 1 - 2 S 3 - 4 ; D 1 S 2 - 3  END    0.0246   -0.00265 -0.00173  0.00208 -0.00195
                                                                                                  0.00231 -0.00102  0.00103  0.01614
                                                                                                  0.01188 -0.00447  0.00253 -0.00356
                                                                                                  0.01188 -0.00071
  79.    66   D 1 - 3 S 6 ; D 1 - 3 S 4 ; D 1 - 2 S 3 ; D 1 S 2  END                    0.0246    0.01920  0.01537
  80.   119   D 1 - 3 S 4 ; D 1 - 3 S 4 ; S 1 D 2 - 3 ; D 1 S 2  END                    0.0246   -0.01920 -0.01537
  81.   529   D 1 - 3 S 4 ; D 1 - 3 S 4 ; D 1 - 2 S 3 ; D 1 S 3  END                    0.0245    0.00566 -0.02383
  82.   791   D 1 - 3 S 4 ; D 1 - 2 S 3 D 4 ; D 1 - 2 S 3 ; D 1 S 2  END                0.0245    0.00566 -0.02383
  83.   145   D 1 - 3 S 4 S 6 ; D 1 - 3 ; S 1 - 2 D 3 ; D 1 - 2  END                    0.0240    0.02016  0.01309
  84.   136   D 1 - 3 S 5 - 6 ; D 1 - 3 ; S 1 D 2 S 3 ; D 1 - 2  END                    0.0240   -0.02016 -0.01309
  85.   255   D 1 - 3 ; D 1 S 2 D 3 S 4 ; D 1 - 2 S 3 - 4 ; D 1 - 2  END                0.0239   -0.02136  0.01078
  86.  5581   D 1 - 2 S 3 - 4 ; D 1 - 3 ; D 1 - 3 ; D 1 S 2 S 4  END                    0.0239    0.02136 -0.01078
  87.   569   D 1 - 3 S 4 ; D 1 - 3 S 5 ; D 1 - 2 S 4 ; S 1 D 2  END                    0.0233    0.00388 -0.02300
  88.   989   D 1 - 2 S 3 D 4 ; D 1 - 3 S 5 ; D 1 - 2 S 3 ; S 1 D 2  END                0.0233   -0.00388  0.02300
  89.  5499   D 1 - 3 ; D 1 - 3 ; D 1 S 2 - 5 ; D 1 - 2  END                            0.0231    0.00704  0.02205
  90.   361   D 1 S 2 - 5 ; D 1 - 3 ; D 1 - 3 ; D 1 - 2  END                            0.0231    0.00704  0.02205
  91.  2288   D 1 - 3 S 4 - 5 ; D 1 - 3 S 4 - 5 ; D 1 S 2 - 3 ; S 1 - 2  END            0.0230   -0.00163 -0.00279 -0.00270 -0.00138
                                                                                                  0.00129 -0.00103  0.00472 -0.01212
                                                                                                 -0.00380 -0.00831  0.00474 -0.00154
                                                                                                 -0.00380 -0.01467
  92.   339   D 1 S 2 D 3 S 5 ; D 1 - 3 ; D 1 - 2 S 3 - 4 ; D 1 - 2  END                0.0229    0.02191  0.00671
  93.  5611   D 1 - 2 S 3 - 4 ; D 1 - 3 ; D 1 S 2 D 3 S 5 ; D 1 - 2  END                0.0229    0.02191  0.00671
  94.   252   D 1 - 3 S 4 ; D 1 S 2 D 3 ; D 1 - 2 S 3 ; D 1 - 2 S 3  END                0.0224   -0.01453  0.01711
  95.  5547   D 1 - 3 S 4 ; D 1 - 2 S 3 ; D 1 - 2 S 3 ; D 1 - 2 S 4  END                0.0224   -0.01453  0.01711
  96.  1766   D 1 S 2 - 5 ; D 1 - 3 ; D 1 - 2 S 3 - 4 ; D 1 - 2  END                    0.0213   -0.00327 -0.00917  0.00843 -0.00913
                                                                                                 -0.01427
  97.  6601   D 1 - 2 S 3 - 4 ; D 1 - 3 ; D 1 S 2 - 5 ; D 1 - 2  END                    0.0213   -0.00327 -0.00917 -0.00913  0.00843
                                                                                                 -0.01427
  98.  5659   D 1 - 3 S 4 ; D 1 S 2 D 3 ; D 1 - 2 S 3 ; D 1 - 2 S 4  END                0.0212    0.01405  0.01584
  99.  5948   D 1 - 4 ; D 1 - 3 ; D 1 - 2 S 3 S 6 ; D 1  END                            0.0210   -0.02104
 100.  1839   S 1 D 2 - 3 S 4 ; D 1 - 4 ; D 1 - 2 ; D 1 - 2  END                        0.0210    0.02104




 POSITION OF FIRST SPIN COUPLING FOR TEN MOST IMPORTANT CONFIGURATIONS
       3     21     26     98    134      2    103     39      9     86



 ********************************
 RESULTS FOR ROOT   05
 TOTAL CI ENERGY =   -338.7832976
 ********************************

       CONF.                                                                           COEFF.
        NO.        SPACE ORBITAL PRODUCTS                                             CONTRIB.      CI COEFFICIENTS

       -----       ----------------------                                             --------   ---------------------
   1.     3   D 1 - 3 S 4 ; D 1 - 3 S 4 ; D 1 - 2 S 3 ; D 1 S 2  END                    0.5000   -0.40428 -0.29426
   2.    80   D 1 - 3 ; D 1 - 4 ; D 1 - 2 ; D 1 - 2  END                                0.2802    0.28024
   3.    31   D 1 - 4 ; D 1 - 3 ; D 1 - 3 ; D 1  END                                    0.2802    0.28024
   4.    16   D 1 - 3 ; D 1 - 2 S 3 - 4 ; D 1 - 3 ; D 1 - 2  END                        0.1742    0.17424
   5.    11   D 1 - 3 ; D 1 - 3 ; D 1 - 3 ; D 1 S 2 - 3  END                            0.1742   -0.17423
   6.    13   D 1 - 3 ; D 1 - 3 ; D 1 - 2 S 3 - 4 ; D 1 - 2  END                        0.1458    0.14580
   7.    18   D 1 - 2 S 3 - 4 ; D 1 - 3 ; D 1 - 3 ; D 1 - 2  END                        0.1458    0.14580
   8.     2   D 1 - 4 ; D 1 - 3 ; D 1 - 2 ; D 1 - 2  END                                0.1400    0.13999
   9.    37   D 1 - 3 ; D 1 - 4 ; D 1 - 3 ; D 1  END                                    0.1390   -0.13897
  10.    98   D 1 - 4 ; D 1 - 3 ; D 1 S 2 - 3 ; D 1 - 2  END                            0.1306   -0.13061
  11.    75   D 1 - 3 S 4 - 5 ; D 1 - 3 ; D 1 - 2 ; D 1 - 2  END                        0.1306   -0.13061
  12.     1   D 1 - 3 ; D 1 - 3 ; D 1 - 3 ; D 1 - 2  END                                0.1279    0.12787
  13.   103   D 1 - 3 ; D 1 - 4 ; D 1 S 2 - 3 ; D 1 - 2  END                            0.1271    0.12711
  14.    32   D 1 - 3 S 4 - 5 ; D 1 - 3 ; D 1 - 3 ; D 1  END                            0.1271    0.12711
  15.    76   D 1 - 3 S 4 S 6 ; D 1 - 3 ; D 1 - 2 ; D 1 - 2  END                        0.1197   -0.11975
  16.   133   D 1 - 4 ; D 1 - 3 ; S 1 D 2 S 3 ; D 1 - 2  END                            0.1197   -0.11975
  17.    64   D 1 - 3 S 5 ; D 1 - 3 S 4 ; D 1 - 2 S 3 ; D 1 S 2  END                    0.1159    0.11560 -0.00881
  18.    85   D 1 - 3 S 4 ; D 1 - 3 S 4 ; D 1 S 2 D 3 ; D 1 S 2  END                    0.1159   -0.11560  0.00881
  19.     6   D 1 - 3 S 4 ; D 1 - 2 S 3 ; D 1 - 2 S 3 ; D 1 - 2 S 3  END                0.1094   -0.08617  0.06738
  20.     4   D 1 - 3 S 4 - 5 ; D 1 - 3 ; D 1 S 2 - 3 ; D 1 - 2  END                    0.1032    0.10254 -0.01171
  21.     8   D 1 - 2 S 3 - 4 ; D 1 - 3 ; D 1 - 2 S 3 - 4 ; D 1 - 2  END                0.0960   -0.06678 -0.06891
  22.    77   D 1 - 3 D 5 ; D 1 - 3 ; D 1 - 2 ; D 1 - 2  END                            0.0714   -0.07140
  23.   108   D 1 - 4 ; D 1 - 3 ; D 1 D 3 ; D 1 - 2  END                                0.0714   -0.07140
  24.     5   D 1 - 3 S 4 S 6 ; D 1 - 3 ; S 1 D 2 S 3 ; D 1 - 2  END                    0.0666    0.05991 -0.02915
  25.  2188   D 1 - 4 ; D 1 - 4 ; D 1 - 2 ; D 1  END                                    0.0642   -0.06423
  26.    10   D 1 - 3 ; D 1 - 3 S 4 - 5 ; D 1 - 3 ; S 1 - 2  END                        0.0593    0.00449 -0.05909
  27.   139   D 1 - 3 ; D 1 - 3 S 4 - 5 ; S 1 D 2 S 3 ; D 1 - 2  END                    0.0537    0.03525  0.04048
  28.    44   D 1 - 3 S 4 S 6 ; D 1 - 3 ; D 1 - 3 ; S 1 - 2  END                        0.0537    0.03525  0.04048
  29.   119   D 1 - 3 S 4 ; D 1 - 3 S 4 ; S 1 D 2 - 3 ; D 1 S 2  END                    0.0520   -0.04192  0.03076
  30.    66   D 1 - 3 S 6 ; D 1 - 3 S 4 ; D 1 - 2 S 3 ; D 1 S 2  END                    0.0520    0.04192 -0.03076
  31.    70   D 1 - 3 S 5 ; D 1 - 3 S 4 ; D 1 - 2 S 3 ; S 1 D 2  END                    0.0496   -0.03711 -0.03296
  32.    86   D 1 - 3 S 4 ; D 1 - 3 S 5 ; D 1 S 2 D 3 ; D 1 S 2  END                    0.0496   -0.03711 -0.03296
  33.    72   D 1 - 3 S 6 ; D 1 - 3 S 4 ; D 1 - 2 S 3 ; S 1 D 2  END                    0.0489    0.03568  0.03346
  34.   120   D 1 - 3 S 4 ; D 1 - 3 S 5 ; S 1 D 2 - 3 ; D 1 S 2  END                    0.0489    0.03568  0.03346
  35.     7   D 1 - 3 S 4 ; D 1 - 3 S 5 ; D 1 - 2 S 3 ; S 1 D 2  END                    0.0487   -0.03783 -0.03067
  36.   255   D 1 - 3 ; D 1 S 2 D 3 S 4 ; D 1 - 2 S 3 - 4 ; D 1 - 2  END                0.0477    0.02631  0.03975
  37.  5581   D 1 - 2 S 3 - 4 ; D 1 - 3 ; D 1 - 3 ; D 1 S 2 S 4  END                    0.0477   -0.02631 -0.03975
  38.    79   D 1 - 3 D 6 ; D 1 - 3 ; D 1 - 2 ; D 1 - 2  END                            0.0462   -0.04616
  39.   154   D 1 - 4 ; D 1 - 3 ; D 2 - 3 ; D 1 - 2  END                                0.0462   -0.04616
  40.    65   D 1 - 3 S 5 ; D 1 - 3 S 5 ; D 1 - 2 S 3 ; D 1 S 2  END                    0.0458   -0.01367 -0.04368
  41.    91   D 1 - 3 S 4 ; D 1 - 3 S 4 ; D 1 S 2 D 3 ; S 1 D 2  END                    0.0458   -0.01367 -0.04368
  42.    69   D 1 - 3 S 4 ; D 1 - 3 S 4 ; D 1 - 2 S 3 ; S 1 D 2  END                    0.0451   -0.04142  0.01790
  43.    63   D 1 - 3 S 4 ; D 1 - 3 S 5 ; D 1 - 2 S 3 ; D 1 S 2  END                    0.0451    0.04142 -0.01789
  44.  5607   D 1 - 2 S 3 ; D 1 - 3 S 4 ; D 1 - 2 S 3 ; D 1 - 2 S 4  END                0.0442   -0.02412 -0.03709
  45.   242   D 1 - 3 S 4 ; D 1 S 2 D 3 ; D 1 - 3 S 4 ; D 1 S 2  END                    0.0442    0.02412  0.03709
  46.   212   D 1 - 2 S 3 ; D 1 - 3 S 4 ; D 1 - 2 S 3 ; D 1 - 2 S 3  END                0.0427    0.03124  0.02915
  47.   165   D 1 - 3 S 4 ; D 1 - 2 S 3 ; D 1 - 3 S 4 ; D 1 S 2  END                    0.0427   -0.03124 -0.02914
  48.    71   D 1 - 3 S 5 ; D 1 - 3 S 5 ; D 1 - 2 S 3 ; S 1 D 2  END                    0.0422   -0.01050  0.04086
  49.    92   D 1 - 3 S 4 ; D 1 - 3 S 5 ; D 1 S 2 D 3 ; S 1 D 2  END                    0.0422    0.01050 -0.04086
  50.   104   D 1 - 3 ; D 1 - 3 S 4 - 5 ; D 1 S 2 - 3 ; D 1 - 2  END                    0.0416   -0.03550 -0.02165
  51.    43   D 1 - 3 S 4 - 5 ; D 1 - 3 ; D 1 - 3 ; S 1 - 2  END                        0.0416   -0.03550 -0.02165
  52.   177   D 1 - 3 ; D 1 - 2 S 3 - 4 ; D 1 - 2 S 3 - 4 ; D 1 - 2  END                0.0415   -0.03263 -0.02559
  53.   200   D 1 - 2 S 3 - 4 ; D 1 - 3 ; D 1 - 3 ; D 1 S 2 - 3  END                    0.0415    0.03263  0.02559
  54.    78   D 1 - 3 S 5 - 6 ; D 1 - 3 ; D 1 - 2 ; D 1 - 2  END                        0.0393    0.03926
  55.   143   D 1 - 4 ; D 1 - 3 ; S 1 - 2 D 3 ; D 1 - 2  END                            0.0393   -0.03926
  56.   100   D 1 - 3 D 5 ; D 1 - 3 ; D 1 S 2 - 3 ; D 1 - 2  END                        0.0383   -0.03826
  57.   109   D 1 - 3 S 4 - 5 ; D 1 - 3 ; D 1 D 3 ; D 1 - 2  END                        0.0383   -0.03826
  58.  6007   D 1 - 4 ; D 1 - 3 ; D 1 - 2 ; D 1 S 2 S 4  END                            0.0382   -0.03821
  59.  1246   D 1 - 4 ; D 1 S 2 D 3 S 4 ; D 1 - 2 ; D 1 - 2  END                        0.0382    0.03821
  60.    42   D 1 - 4 ; D 1 - 3 ; D 1 - 3 ; S 1 - 2  END                                0.0357    0.03571
  61.    81   D 1 - 3 ; D 1 - 3 S 4 - 5 ; D 1 - 2 ; D 1 - 2  END                        0.0357    0.03571
  62.  5547   D 1 - 3 S 4 ; D 1 - 2 S 3 ; D 1 - 2 S 3 ; D 1 - 2 S 4  END                0.0357    0.01827 -0.03065
  63.   252   D 1 - 3 S 4 ; D 1 S 2 D 3 ; D 1 - 2 S 3 ; D 1 - 2 S 3  END                0.0357    0.01827 -0.03065
  64.    67   D 1 - 3 S 6 ; D 1 - 3 S 5 ; D 1 - 2 S 3 ; D 1 S 2  END                    0.0337   -0.00568  0.03323
  65.   126   D 1 - 3 S 4 ; D 1 - 3 S 4 ; S 1 D 2 - 3 ; S 1 D 2  END                    0.0337   -0.00568  0.03323
  66.  2320   D 1 - 4 S 5 ; D 1 - 3 S 4 ; D 1 S 2 ; D 1 S 2  END                        0.0331   -0.01473 -0.02959
  67.    33   D 1 - 3 S 4 S 6 ; D 1 - 3 ; D 1 - 3 ; D 1  END                            0.0307    0.03065
  68.   138   D 1 - 3 ; D 1 - 4 ; S 1 D 2 S 3 ; D 1 - 2  END                            0.0307    0.03065
  69.  6021   D 1 - 3 ; D 1 - 4 ; D 1 - 2 ; D 1 S 2 S 4  END                            0.0297    0.02973
  70.  1186   D 1 - 4 ; D 1 S 2 D 3 S 4 ; D 1 - 3 ; D 1  END                            0.0297   -0.02973
  71.    82   D 1 - 3 ; D 1 - 3 D 5 ; D 1 - 2 ; D 1 - 2  END                            0.0293   -0.02930
  72.    52   D 1 - 4 ; D 1 - 3 ; D 1 - 3 ; D 2  END                                    0.0293   -0.02930
  73.   175   D 1 - 3 S 5 ; D 1 - 2 S 3 ; D 1 - 2 S 3 ; D 1 - 2 S 3  END                0.0285   -0.01362  0.02501
  74.   179   D 1 - 3 S 4 ; D 1 - 2 S 3 ; D 1 S 2 D 3 ; D 1 - 2 S 3  END                0.0285    0.01362 -0.02501
  75.   822   D 1 - 4 ; D 1 - 2 S 3 - 4 ; D 1 - 2 ; D 1 - 2  END                        0.0280   -0.02801
  76.   556   D 1 - 4 ; D 1 - 3 ; D 1 - 2 ; D 1 S 2 - 3  END                            0.0280    0.02800
  77.    88   D 1 - 3 S 6 ; D 1 - 3 S 4 ; D 1 S 2 D 3 ; D 1 S 2  END                    0.0279   -0.00802  0.02676
  78.   121   D 1 - 3 S 5 ; D 1 - 3 S 4 ; S 1 D 2 - 3 ; D 1 S 2  END                    0.0279   -0.00802  0.02676
  79.   210   D 1 - 2 S 3 S 5 ; D 1 - 3 ; D 1 - 2 S 3 - 4 ; D 1 - 2  END                0.0270   -0.00956 -0.02521
  80.   214   D 1 - 2 S 3 - 4 ; D 1 - 3 ; D 1 S 2 D 3 S 4 ; D 1 - 2  END                0.0270    0.00956  0.02521
  81.   948   D 1 - 2 S 3 - 4 ; D 1 - 4 ; D 1 - 3 ; D 1  END                            0.0269   -0.02688
  82.   533   D 1 - 3 ; D 1 - 4 ; D 1 - 2 S 3 - 4 ; D 1  END                            0.0269   -0.02688
  83.  5781   D 1 S 2 D 3 ; D 1 - 3 S 4 ; D 1 - 2 S 3 ; D 1 - 2 S 4  END                0.0268    0.01229  0.02380
  84.  5639   D 1 - 3 S 4 ; D 1 S 2 D 3 ; D 1 - 3 S 5 ; D 1 S 2  END                    0.0268    0.01229  0.02380
  85.  3229   D 1 - 2 S 3 - 4 ; D 1 - 2 S 3 - 4 ; D 1 - 2 S 3 - 4 ; D 1 S 2 - 3  END    0.0267    0.00205  0.00156 -0.00231  0.00221
                                                                                                 -0.00308  0.01562  0.00718  0.01133
                                                                                                  0.00371  0.00486  0.00625  0.00879
                                                                                                  0.00371  0.00984
  86.  2209   D 1 - 3 S 4 S 6 ; D 1 - 4 ; D 1 - 2 ; S 1 - 2  END                        0.0263   -0.01173 -0.02354
  87.  2440   D 1 - 4 ; D 1 - 3 S 4 - 5 ; S 1 D 2 S 3 ; D 1  END                        0.0263   -0.01173 -0.02354
  88.  2499   D 1 - 3 S 4 ; D 1 - 4 S 5 ; S 1 D 2 ; D 1 S 2  END                        0.0261   -0.01201 -0.02321
  89.  2145   D 1 - 4 S 6 ; D 1 - 3 S 4 ; D 1 - 2 S 3 ; S 1  END                        0.0261   -0.01201 -0.02321
  90.  5665   D 1 - 3 ; D 1 S 2 D 3 S 4 ; D 1 - 2 S 3 S 5 ; D 1 - 2  END                0.0259    0.01561  0.02072
  91.  5755   D 1 S 2 D 3 S 4 ; D 1 - 3 ; D 1 - 3 ; D 1 S 2 S 4  END                    0.0259    0.01561  0.02072
  92.   135   D 1 - 3 D 5 ; D 1 - 3 ; S 1 D 2 S 3 ; D 1 - 2  END                        0.0256    0.02561
  93.   110   D 1 - 3 S 4 S 6 ; D 1 - 3 ; D 1 D 3 ; D 1 - 2  END                        0.0256    0.02561
  94.   791   D 1 - 3 S 4 ; D 1 - 2 S 3 D 4 ; D 1 - 2 S 3 ; D 1 S 2  END                0.0255   -0.00501  0.02505
  95.   529   D 1 - 3 S 4 ; D 1 - 3 S 4 ; D 1 - 2 S 3 ; D 1 S 3  END                    0.0255   -0.00501  0.02505
  96.  5457   D 1 - 3 ; D 1 - 3 ; D 1 - 3 ; D 1 S 2 S 4  END                            0.0249   -0.02488
  97.    21   D 1 - 3 ; D 1 S 2 D 3 S 4 ; D 1 - 3 ; D 1 - 2  END                        0.0249    0.02488
  98.  2490   D 1 - 4 S 6 ; D 1 - 3 S 4 ; S 1 D 2 ; D 1 S 2  END                        0.0245   -0.01139 -0.02173
  99.   134   D 1 - 3 S 4 - 5 ; D 1 - 3 ; S 1 D 2 S 3 ; D 1 - 2  END                    0.0244    0.02427 -0.00280
 100.    99   D 1 - 3 S 4 S 6 ; D 1 - 3 ; D 1 S 2 - 3 ; D 1 - 2  END                    0.0244    0.02427 -0.00280




 POSITION OF FIRST SPIN COUPLING FOR TEN MOST IMPORTANT CONFIGURATIONS
       3    103     39     24     19     21     26      2     45    134



 ELAPSED TIME =      26.46 CPU SECONDS. (     28.50 WALL CLOCK SECONDS)
