 ************************************************************************
 * RTSIM - DAVIDSON METHOD SPARSE MATRIX EIGENVALUE/EIGENVECTOR PROGRAM *
 * QUANTUM CHEMISTRY GROUP - INDIANA UNIVERSITY -  5Jul 2016  00:33:28  *
 ************************************************************************



                 DIAGONALIZATION RUN TITLE
                 -------------------------
 )* WATER TEST *



 ) DAVIDSON
 ) LAST=5
 ) COEFF
 ) NOVLP
 ) MAXITR=1000 END

 THE CI MATRIX IS TITLED:  H2O  -SINGLET A1-  STO-3G HF SD-CI TEST
 THE MATRIX IS DATED:      5Jul 2016  00:29:57 
 THE SPIN MULTIPLICITY IS 1 AND THE DIMENSION IS 410409.

 ROOTS  1 THROUGH  5 WILL BE OBTAINED.

  
  
  
 AMOUNT OF CORE AVAILABLE                      80000000
 MAXIMUM NUMBER OF VECTORS PER ITERATION              5
 MAXIMUM NUMBER OF VECTORS ON DISK                   25
 NUMBER OF SOLUTIONS SOUGHT                           5
 NUMBER OF SOLUTIONS INVESTIGATED                     5
 SIZE OF MATRIX DIAGONALISED                     410409
  
  
 INITIAL GUESS AT ROOTS (OBTAINED FROM DIAGONAL ELEMENTS OF HAMILTONIAN MATRIX)

                1        -340.19001
                2        -337.32047
              181        -335.66067
              166        -335.66067
              160        -335.31268


 ITERATION       ROOT           EIGENVALUE          NORM OF RESIDUAL
     1             1          -340.33676964              7.13740
     1             2          -337.37661638              7.11505
     1             3          -335.82147977              6.88562
     1             4          -335.42419034              6.65657
     1             5          -335.18543645              6.69557
     2             1          -343.65211817              9.12743
     2             2          -340.65690535             10.40797
     2             3          -339.15318598             12.41176
     2             4          -338.38935950             10.48339
     2             5          -337.02534418             14.50096
     2             1          -343.65211817              3.81768
     2             2          -340.65690535              3.87022
     2             3          -339.15318598              3.81227
     2             4          -338.38935950              3.11930
     2             5          -337.02534418              5.01497
     3             1          -344.34528888              5.38807
     3             2          -341.42937277              6.12128
     3             3          -340.11730143             11.27665
     3             4          -338.89651869              6.33652
     3             5          -338.62123433             15.05063
     3             1          -344.34528888              1.39313
     3             2          -341.42937277              1.75854
     3             3          -340.11730143              2.04972
     3             4          -338.89651869              1.19536
     3             5          -338.62123433              2.20694
     4             1          -344.43980948              2.08130
     4             2          -341.62343650              3.76202
     4             3          -340.39323464              5.04719
     4             4          -338.99546116             17.14461
     4             5          -338.92464835             18.00060
     4             1          -344.43980948              0.57607
     4             2          -341.62343650              1.04187
     4             3          -340.39323464              1.11749
     4             4          -338.99546116              0.90295
     4             5          -338.92464835              1.08947
     5             1          -344.45755076              1.09196
     5             2          -341.72276047              4.35729
     5             3          -340.52474750              5.85880
     5             4          -339.32408667             38.03823
     5             5          -338.98585300             33.56103
  truncating with vlp=false 
 TRUNCATION TO 1 VECTOR PER ROOT HAS BEEN PERFORMED
     5             1          -344.45755076              0.23221
     5             2          -341.72276047              0.71871
     5             3          -340.52474750              0.91815
     5             4          -339.32408667              2.02063
     5             5          -338.98585300              0.40372
     6             1          -344.45990283              0.23283
     6             2          -341.74939096              1.09295
     6             3          -340.57599675              1.97911
     6             4          -339.54495114              3.25189
     6             5          -338.99323783              1.14691
     6             1          -344.45990283              0.10793
     6             2          -341.74939096              0.39361
     6             3          -340.57599675              0.58165
     6             4          -339.54495114              1.08349
     6             5          -338.99323783              0.20613
     7             1          -344.46064664              0.24645
     7             2          -341.76308049              1.44759
     7             3          -340.62462406              4.00109
     7             4          -339.70932408              7.05605
     7             5          -338.99979333              1.42008
     7             1          -344.46064664              0.06216
     7             2          -341.76308049              0.30434
     7             3          -340.62462406              0.69391
     7             4          -339.70932408              1.23837
     7             5          -338.99979333              0.23528
     8             1          -344.46082947              0.13153
     8             2          -341.76990551              1.22220
     8             3          -340.66794561              4.63700
     8             4          -339.87180896              9.99731
     8             5          -339.00595189              2.11085
     8             1          -344.46082947              0.02799
     8             2          -341.76990551              0.16842
     8             3          -340.66794561              0.51780
     8             4          -339.87180896              0.89124
     8             5          -339.00595189              0.20991
     9             1          -344.46086124              0.05326
     9             2          -341.77176443              0.60703
     9             3          -340.69065743              3.27889
     9             4          -339.94708785              7.40596
     9             5          -339.19238639            446.44752
  truncating with vlp=false 
 TRUNCATION TO 1 VECTOR PER ROOT HAS BEEN PERFORMED
     9             1          -344.46086124              0.01121
     9             2          -341.77176443              0.07451
     9             3          -340.69065743              0.36032
     9             4          -339.94708785              0.62857
     9             5          -339.19238639              3.00162
    10             1          -344.46086576              0.01231
    10             2          -341.77206538              0.13018
    10             3          -340.69998304              1.21245
    10             4          -339.97385356              1.88882
    10             5          -339.71641775              5.78811
    10             1          -344.46086576              0.00559
    10             2          -341.77206538              0.04293
    10             3          -340.69998304              0.28867
    10             4          -339.97385356              0.46368
    10             5          -339.71641775              1.81944
    11             1          -344.46086746              0.01622
    11             2          -341.77221846              0.19284
    11             3          -340.70982756              2.77844
    11             4          -340.05392201             56.22319
    11             5          -339.97095595             57.16297
    11             1          -344.46086746              0.00269
    11             2          -341.77221846              0.02884
    11             3          -340.70982756              0.26847
    11             4          -340.05392201              1.23243
    11             5          -339.97095595              0.78650
    12             1          -344.46086776              0.00689
    12             2          -341.77227483              0.13475
    12             3          -340.71495757              1.89181
    12             4          -340.16575231             17.50737
    12             5          -340.00170227             16.69872
    12             1          -344.46086776              0.00096
    12             2          -341.77227483              0.01592
    12             3          -340.71495757              0.14641
    12             4          -340.16575231              0.69507
    12             5          -340.00170227              0.40270
    13             1          -344.46086780              0.00247
    13             2          -341.77229034              0.06753
    13             3          -340.71673615              0.97829
    13             4          -340.19854099              4.36820
    13             5          -340.01581770              4.67896
  truncating with vlp=false 
 TRUNCATION TO 1 VECTOR PER ROOT HAS BEEN PERFORMED
    13             1          -344.46086780              0.00041
    13             2          -341.77229034              0.00955
    13             3          -340.71673615              0.11573
    13             4          -340.19854099              0.44100
    13             5          -340.01581770              0.35520
    14             1          -344.46086781              0.00042
    14             2          -341.77229465              0.01195
    14             3          -340.71742312              0.17315
    14             4          -340.20786364              0.68333
    14             5          -340.02237621              0.62825
    14             1          -344.46086781              0.00019
    14             2          -341.77229465              0.00516
    14             3          -340.71742312              0.06768
    14             4          -340.20786364              0.28402
    14             5          -340.02237621              0.20944
    15             1          -344.46086781              0.00042
    15             2          -341.77229661              0.01677
    15             3          -340.71790200              0.34024
    15             4          -340.21553633              1.23305
    15             5          -340.02710746              1.11022
    15             1          -344.46086781              0.00010
    15             2          -341.77229661              0.00327
    15             3          -340.71790200              0.06081
    15             4          -340.21553633              0.23031
    15             5          -340.02710746              0.19941
     ROOT    ITERATION     NUMBER OF PRODUCTS       EIGENVALUE
       1        15                70                -344.4608678107


    16             2          -341.77229728              0.01042
    16             3          -340.71816316              0.27992
    16             4          -340.21932737              0.99147
    16             5          -340.03068781              1.26993
    16             2          -341.77229728              0.00167
    16             3          -340.71816316              0.03775
    16             4          -340.21932737              0.14546
    16             5          -340.03068781              0.15591
    17             2          -341.77229747              0.00586
    17             3          -340.71827747              0.18873
    17             4          -340.22091633              0.67091
    17             5          -340.03317745              1.25794
  truncating with vlp=false 
 TRUNCATION TO 1 VECTOR PER ROOT HAS BEEN PERFORMED
    17             2          -341.77229747              0.00107
    17             3          -340.71827747              0.02621
    17             4          -340.22091633              0.10052
    17             5          -340.03317745              0.15083
    18             2          -341.77229753              0.00145
    18             3          -340.71831852              0.04316
    18             4          -340.22139078              0.12655
    18             5          -340.03455814              0.25205
    18             2          -341.77229753              0.00061
    18             3          -340.71831852              0.01670
    18             4          -340.22139078              0.05796
    18             5          -340.03455814              0.10446
    19             2          -341.77229755              0.00199
    19             3          -340.71834348              0.06966
    19             4          -340.22167363              0.21581
    19             5          -340.03567740              0.50701
    19             2          -341.77229755              0.00041
    19             3          -340.71834348              0.01315
    19             4          -340.22167363              0.04257
    19             5          -340.03567740              0.10118
    20             2          -341.77229756              0.00139
    20             3          -340.71835544              0.05870
    20             4          -340.22178847              0.16825
    20             5          -340.03655241              0.63498
    20             2          -341.77229756              0.00022
    20             3          -340.71835544              0.00802
    20             4          -340.22178847              0.02483
    20             5          -340.03655241              0.07847
    21             2          -341.77229757              0.00079
    21             3          -340.71836050              0.04429
    21             4          -340.22183231              0.11976
    21             5          -340.03711822              0.62972
    21             2          -341.77229757              0.00014
    21             3          -340.71836050              0.00658
    21             4          -340.22183231              0.01954
    21             5          -340.03711822              0.07707
    22             2          -341.77229757              0.00071
    22             3          -340.71836510              0.05904
    22             4          -340.22186778              0.15346
    22             5          -340.03805739              1.36938
  truncating with vlp=false 
 TRUNCATION TO 1 VECTOR PER ROOT HAS BEEN PERFORMED
    22             2          -341.77229757              0.00005
    22             3          -340.71836510              0.00362
    22             4          -340.22186778              0.01196
    22             5          -340.03805739              0.06641
     ROOT    ITERATION     NUMBER OF PRODUCTS       EIGENVALUE
       2        22                98                -341.7722975686


    23             3          -340.71836567              0.00427
    23             4          -340.22187420              0.01470
    23             5          -340.03826117              0.08472
    23             3          -340.71836567              0.00163
    23             4          -340.22187420              0.00582
    23             5          -340.03826117              0.03242
    24             3          -340.71836589              0.00526
    24             4          -340.22187631              0.01622
    24             5          -340.03834130              0.10627
    24             3          -340.71836589              0.00119
    24             4          -340.22187631              0.00397
    24             5          -340.03834130              0.02681
    25             3          -340.71836599              0.00512
    25             4          -340.22187762              0.01618
    25             5          -340.03840026              0.12958
    25             3          -340.71836599              0.00079
    25             4          -340.22187762              0.00304
    25             5          -340.03840026              0.01942
    26             3          -340.71836603              0.00284
    26             4          -340.22187823              0.01212
    26             5          -340.03842754              0.09300
    26             3          -340.71836603              0.00048
    26             4          -340.22187823              0.00189
    26             5          -340.03842754              0.01382
    27             3          -340.71836605              0.00228
    27             4          -340.22187848              0.00848
    27             5          -340.03844596              0.09244
    27             3          -340.71836605              0.00036
    27             4          -340.22187848              0.00137
    27             5          -340.03844596              0.01273
    28             3          -340.71836606              0.00198
    28             4          -340.22187865              0.00853
    28             5          -340.03846329              0.11569
  truncating with vlp=false 
 TRUNCATION TO 1 VECTOR PER ROOT HAS BEEN PERFORMED
    28             3          -340.71836606              0.00026
    28             4          -340.22187865              0.00110
    28             5          -340.03846329              0.01263
    29             3          -340.71836606              0.00030
    29             4          -340.22187871              0.00129
    29             5          -340.03847110              0.01664
    29             3          -340.71836606              0.00015
    29             4          -340.22187871              0.00058
    29             5          -340.03847110              0.00777
    30             3          -340.71836607              0.00063
    30             4          -340.22187873              0.00200
    30             5          -340.03847810              0.04143
    30             3          -340.71836607              0.00012
    30             4          -340.22187873              0.00056
    30             5          -340.03847810              0.00773
    31             3          -340.71836607              0.00053
    31             4          -340.22187875              0.00249
    31             5          -340.03848304              0.04680
    31             3          -340.71836607              0.00008
    31             4          -340.22187875              0.00041
    31             5          -340.03848304              0.00640
     ROOT    ITERATION     NUMBER OF PRODUCTS       EIGENVALUE
       3        31               125                -340.7183660664


    32             4          -340.22187876              0.00216
    32             5          -340.03848702              0.05247
    32             4          -340.22187876              0.00028
    32             5          -340.03848702              0.00579
    33             4          -340.22187877              0.00185
    33             5          -340.03849018              0.05607
    33             4          -340.22187877              0.00020
    33             5          -340.03849018              0.00491
    34             4          -340.22187877              0.00146
    34             5          -340.03849243              0.05347
    34             4          -340.22187877              0.00016
    34             5          -340.03849243              0.00436
    35             4          -340.22187877              0.00150
    35             5          -340.03849418              0.05028
    35             4          -340.22187877              0.00011
    35             5          -340.03849418              0.00302
    36             4          -340.22187877              0.00056
    36             5          -340.03849475              0.02032
  truncating with vlp=false 
 TRUNCATION TO 1 VECTOR PER ROOT HAS BEEN PERFORMED
    36             4          -340.22187877              0.00005
    36             5          -340.03849475              0.00163
     ROOT    ITERATION     NUMBER OF PRODUCTS       EIGENVALUE
       4        36               135                -340.2218787729


    37             5          -340.03849487              0.00185
    37             5          -340.03849487              0.00083
    38             5          -340.03849487              0.00034
    38             5          -340.03849487              0.00080
    39             5          -340.03849493              0.00291
    39             5          -340.03849493              0.00060
    40             5          -340.03849495              0.00195
    40             5          -340.03849495              0.00039
    41             5          -340.03849496              0.00153
    41             5          -340.03849496              0.00026
    42             5          -340.03849497              0.00099
    42             5          -340.03849497              0.00018
    43             5          -340.03849497              0.00081
    43             5          -340.03849497              0.00014
    44             5          -340.03849497              0.00072
    44             5          -340.03849497              0.00011
    45             5          -340.03849497              0.00062
    45             5          -340.03849497              0.00010
    46             5          -340.03849497              0.00082
    46             5          -340.03849497              0.00008
     ROOT    ITERATION     NUMBER OF PRODUCTS       EIGENVALUE
       5        46               145                -340.0384949748


  all roots converged 
  

 ************************************
 COMPLETED CI VECTOR OPTIMISATION
 ************************************





 ********************************
 RESULTS FOR ROOT   01
 TOTAL CI ENERGY =   -344.4608678
 ********************************

       CONF.                                                                           COEFF.
        NO.        SPACE ORBITAL PRODUCTS                                             CONTRIB.      CI COEFFICIENTS

       -----       ----------------------                                             --------   ---------------------
   1.     1   D 1 - 3 ; D 1 - 3 ; D 1 - 3 ; D 1 - 2  END                                0.8023    0.80226
   2.     2   D 1 - 4 ; D 1 - 3 ; D 1 - 2 ; D 1 - 2  END                                0.2001   -0.20005
   3.     3   D 1 - 3 S 4 ; D 1 - 3 S 4 ; D 1 - 2 S 3 ; D 1 S 2  END                    0.1480   -0.02290  0.14627
   4.     4   D 1 - 3 S 4 - 5 ; D 1 - 3 ; D 1 S 2 - 3 ; D 1 - 2  END                    0.0981   -0.01800 -0.09640
   5.     5   D 1 - 3 S 4 S 6 ; D 1 - 3 ; S 1 D 2 S 3 ; D 1 - 2  END                    0.0884   -0.01701 -0.08676
   6.     6   D 1 - 3 S 4 ; D 1 - 2 S 3 ; D 1 - 2 S 3 ; D 1 - 2 S 3  END                0.0766    0.01953 -0.07402
   7.     7   D 1 - 3 S 4 ; D 1 - 3 S 5 ; D 1 - 2 S 3 ; S 1 D 2  END                    0.0758    0.01554 -0.07420
   8.     8   D 1 - 2 S 3 - 4 ; D 1 - 3 ; D 1 - 2 S 3 - 4 ; D 1 - 2  END                0.0691    0.03594  0.05897
   9.    11   D 1 - 3 ; D 1 - 4 ; D 1 - 3 ; D 1  END                                    0.0677   -0.06771
  10.     9   D 1 - 3 S 5 ; D 1 - 3 S 4 ; D 1 S 2 D 3 ; D 1 S 2  END                    0.0663    0.00814 -0.06577
  11.    10   D 1 - 3 ; D 1 - 3 S 4 - 5 ; D 1 - 3 ; S 1 - 2  END                        0.0657   -0.00647 -0.06541
  12.    12   D 1 - 2 S 3 ; D 1 - 2 S 3 ; D 1 - 3 S 4 ; D 1 - 2 S 3  END                0.0617    0.00481 -0.06148
  13.    13   D 1 - 3 ; D 1 - 2 S 3 - 4 ; D 1 - 3 ; D 1 S 2 - 3  END                    0.0567   -0.01887 -0.05351
  14.    14   D 1 - 3 S 4 ; D 1 S 2 D 3 ; D 1 - 2 S 3 ; D 1 - 2 S 4  END                0.0536    0.02643 -0.04666
  15.    16   D 1 - 3 ; D 1 - 4 ; D 1 - 2 ; D 1 - 2  END                                0.0506   -0.05063
  16.    15   D 1 - 4 ; D 1 - 3 ; D 1 - 3 ; D 1  END                                    0.0506   -0.05063
  17.    17   D 1 - 2 S 3 ; D 1 - 3 S 4 ; D 1 - 3 S 4 ; D 1 S 2  END                    0.0491   -0.02262  0.04360
  18.    18   D 1 - 3 ; D 1 S 2 D 3 S 4 ; D 1 - 3 ; D 1 S 2 S 4  END                    0.0479   -0.03265 -0.03510
  19.    19   D 1 - 3 S 6 ; D 1 - 3 S 4 ; S 1 D 2 - 3 ; D 1 S 2  END                    0.0466    0.00583 -0.04622
  20.    21   D 1 - 3 ; D 1 - 2 ; D 1 - 3 ; D 1 - 3  END                                0.0454   -0.04540
  21.    20   D 1 - 3 ; D 1 S 2 - 3 ; D 1 - 3 ; D 1 - 2 S 3 - 4  END                    0.0454    0.00624  0.04494
  22.    24   S 1 D 2 - 3 S 4 ; D 1 - 3 ; D 1 - 2 S 3 S 6 ; D 1 - 2  END                0.0450   -0.02693 -0.03599
  23.    25   D 1 S 2 D 3 S 4 ; D 1 - 3 ; D 1 - 2 S 3 S 5 ; D 1 - 2  END                0.0444   -0.02422 -0.03718
  24.    26   D 1 - 3 S 5 ; D 1 - 2 S 3 ; D 1 S 2 D 3 ; D 1 - 2 S 3  END                0.0436   -0.01770  0.03986
  25.    22   D 1 - 3 ; D 1 - 3 S 4 - 5 ; S 1 D 2 S 3 ; D 1 - 2  END                    0.0433   -0.00309 -0.04316
  26.    23   D 1 - 3 S 4 S 6 ; D 1 - 3 ; D 1 - 3 ; S 1 - 2  END                        0.0433   -0.00309 -0.04316
  27.    27   D 1 - 3 D 5 ; D 1 - 3 ; D 1 D 3 ; D 1 - 2  END                            0.0431   -0.04312
  28.    28   D 1 - 3 S 5 ; D 1 - 3 S 5 ; D 1 S 2 D 3 ; S 1 D 2  END                    0.0417   -0.00333  0.04156
  29.    29   D 1 - 4 ; D 1 - 3 ; D 1 S 2 - 3 ; D 1 - 2  END                            0.0412    0.04120
  30.    30   D 1 - 3 S 4 - 5 ; D 1 - 3 ; D 1 - 2 ; D 1 - 2  END                        0.0412    0.04120
  31.    32   D 1 - 3 S 6 ; D 1 - 3 S 4 ; D 1 - 2 S 3 ; S 1 D 2  END                    0.0406   -0.00439 -0.04033
  32.    31   D 1 - 3 S 4 ; D 1 - 3 S 5 ; S 1 D 2 - 3 ; D 1 S 2  END                    0.0406   -0.00439 -0.04033
  33.    33   D 1 - 2 S 3 S 5 ; D 1 - 3 ; D 1 S 2 D 3 S 4 ; D 1 - 2  END                0.0389   -0.02014 -0.03331
  34.    35   D 1 - 3 S 4 ; S 1 D 2 - 3 ; D 1 - 2 S 3 ; D 1 - 2 S 5  END                0.0386    0.02245 -0.03134
  35.    34   D 1 - 2 S 3 ; D 1 S 2 D 3 ; D 1 - 3 S 4 ; D 1 - 2 S 4  END                0.0382    0.00491 -0.03788
  36.    36   D 1 - 3 S 5 - 6 ; D 1 - 3 ; S 1 - 2 D 3 ; D 1 - 2  END                    0.0375    0.00297  0.03736
  37.    40   D 1 - 2 ; D 1 - 3 ; D 1 - 4 ; D 1 - 2  END                                0.0371   -0.03708
  38.    41   D 1 - 3 ; D 1 - 2 S 3 S 5 ; D 1 - 3 ; S 1 D 2 S 3  END                    0.0366    0.01673  0.03252
  39.    39   D 1 S 2 D 3 ; D 1 - 2 S 3 ; D 1 - 3 S 5 ; D 1 - 2 S 3  END                0.0364   -0.00598  0.03594
  40.    37   D 1 - 3 S 4 ; D 1 - 3 S 5 ; D 1 - 2 S 3 ; D 1 S 2  END                    0.0359    0.00431 -0.03567
  41.    38   D 1 - 3 S 4 ; D 1 - 3 S 4 ; D 1 - 2 S 3 ; S 1 D 2  END                    0.0359   -0.00431  0.03567
  42.    42   D 1 S 2 D 3 S 5 ; D 1 - 3 ; D 1 S 2 D 3 S 5 ; D 1 - 2  END                0.0357    0.02673  0.02369
  43.    43   D 1 - 3 ; D 1 - 2 S 3 - 4 ; D 1 - 2 S 3 - 4 ; D 1 - 2  END                0.0345    0.00680  0.03379
  44.    44   D 1 - 2 S 3 - 4 ; D 1 - 3 ; D 1 - 3 ; D 1 S 2 - 3  END                    0.0345   -0.00680 -0.03379
  45.    47   D 1 - 3 ; D 1 - 4 ; D 1 S 2 - 3 ; D 1 - 2  END                            0.0344   -0.03443
  46.    48   D 1 - 3 S 4 - 5 ; D 1 - 3 ; D 1 - 3 ; D 1  END                            0.0344   -0.03443
  47.    45   D 1 - 3 S 5 ; D 1 - 3 S 4 ; D 1 - 2 S 3 ; S 1 D 2  END                    0.0344    0.00152  0.03436
  48.    46   D 1 - 3 S 4 ; D 1 - 3 S 5 ; D 1 S 2 D 3 ; D 1 S 2  END                    0.0344    0.00152  0.03436
  49.    51   D 1 - 3 S 6 ; D 1 - 2 S 3 ; S 1 D 2 - 3 ; D 1 - 2 S 3  END                0.0344   -0.01684  0.02995
  50.    49   D 1 - 3 S 4 - 5 ; D 1 - 3 ; S 1 - 2 D 3 ; D 1 - 2  END                    0.0338    0.00239  0.03376
  51.    50   D 1 - 3 S 5 - 6 ; D 1 - 3 ; D 1 S 2 - 3 ; D 1 - 2  END                    0.0338   -0.00239 -0.03376
  52.    52   D 1 - 3 S 5 ; D 1 - 3 S 4 ; D 1 - 2 S 3 ; D 1 S 2  END                    0.0337   -0.00782 -0.03274
  53.    53   D 1 - 3 S 4 ; D 1 - 3 S 4 ; D 1 S 2 D 3 ; D 1 S 2  END                    0.0337    0.00782  0.03274
  54.    55   D 1 - 2 S 3 ; D 1 - 3 S 5 ; D 1 - 3 S 4 ; S 1 D 2  END                    0.0334    0.01853 -0.02774
  55.    54   D 1 - 3 S 6 ; D 1 - 3 S 5 ; S 1 D 2 - 3 ; S 1 D 2  END                    0.0332   -0.00170  0.03311
  56.    56   D 1 S 2 D 3 ; D 1 - 3 S 4 ; D 1 - 3 S 5 ; D 1 S 2  END                    0.0328    0.02085 -0.02533
  57.    59   D 1 - 3 ; S 1 D 2 S 3 ; D 1 - 3 ; D 1 - 2 S 3 S 5  END                    0.0318    0.00548  0.03131
  58.    62   D 1 - 3 S 5 ; D 1 S 2 D 3 ; D 1 S 2 D 3 ; D 1 - 2 S 4  END                0.0316   -0.01963  0.02481
  59.    64   D 1 - 3 ; S 1 D 2 - 3 S 4 ; D 1 - 3 ; D 1 S 2 S 5  END                    0.0315   -0.02096 -0.02349
  60.    63   D 1 S 2 - 3 ; D 1 - 3 ; D 1 - 3 S 4 - 5 ; D 1 - 2  END                    0.0315   -0.00484 -0.03108
  61.    57   D 1 - 3 S 5 ; D 1 - 3 S 5 ; D 1 S 2 D 3 ; D 1 S 2  END                    0.0312   -0.00269 -0.03107
  62.    58   D 1 - 3 S 5 ; D 1 - 3 S 4 ; D 1 S 2 D 3 ; S 1 D 2  END                    0.0312    0.00269  0.03107
  63.    65   S 1 D 2 - 3 ; D 1 - 2 S 3 ; D 1 - 3 S 6 ; D 1 - 2 S 3  END                0.0307   -0.00526  0.03026
  64.    60   D 1 - 3 S 4 ; D 1 - 3 S 4 ; S 1 D 2 - 3 ; S 1 D 2  END                    0.0305    0.00119  0.03048
  65.    61   D 1 - 3 S 6 ; D 1 - 3 S 5 ; D 1 - 2 S 3 ; D 1 S 2  END                    0.0305    0.00119  0.03048
  66.    72   D 1 - 3 ; S 1 D 2 - 3 S 5 ; D 1 - 3 ; S 1 D 2 S 5  END                    0.0290    0.02219  0.01872
  67.    73   D 1 - 2 S 3 ; D 1 - 3 S 4 ; D 1 - 2 S 3 ; D 1 - 2 S 4  END                0.0288    0.01869  0.02195
  68.    74   D 1 - 3 S 4 ; D 1 S 2 D 3 ; D 1 - 3 S 4 ; D 1 S 2  END                    0.0288   -0.01869 -0.02195
  69.    70   D 1 - 4 ; D 1 - 3 ; D 1 D 3 ; D 1 - 2  END                                0.0286   -0.02856
  70.    71   D 1 - 3 D 5 ; D 1 - 3 ; D 1 - 2 ; D 1 - 2  END                            0.0286   -0.02856
  71.    69   D 1 - 3 S 4 S 6 ; D 1 - 3 ; D 1 D 3 ; D 1 - 2  END                        0.0284    0.02843
  72.    68   D 1 - 3 D 5 ; D 1 - 3 ; S 1 D 2 S 3 ; D 1 - 2  END                        0.0284    0.02843
  73.    77   D 1 - 2 S 3 ; S 1 D 2 - 3 ; D 1 - 3 S 4 ; D 1 - 2 S 5  END                0.0283    0.00446 -0.02797
  74.    66   D 1 - 2 S 3 ; D 1 - 3 S 4 ; D 1 - 2 S 3 ; D 1 - 2 S 3  END                0.0283   -0.00963 -0.02663
  75.    67   D 1 - 3 S 4 ; D 1 - 2 S 3 ; D 1 - 3 S 4 ; D 1 S 2  END                    0.0283    0.00963  0.02663
  76.    75   D 1 - 3 ; D 1 S 2 D 3 S 4 ; D 1 - 2 S 3 - 4 ; D 1 - 2  END                0.0283   -0.02250 -0.01713
  77.    76   D 1 - 2 S 3 - 4 ; D 1 - 3 ; D 1 - 3 ; D 1 S 2 S 4  END                    0.0283    0.02250  0.01713
  78.    81   D 1 - 3 ; D 1 - 3 S 4 - 5 ; D 1 S 2 - 3 ; D 1 - 2  END                    0.0275    0.00507  0.02705
  79.    80   D 1 - 3 S 4 - 5 ; D 1 - 3 ; D 1 - 3 ; S 1 - 2  END                        0.0275    0.00507  0.02705
  80.    78   D 1 - 2 ; D 1 - 3 ; D 1 - 3 ; D 1 - 3  END                                0.0275   -0.02746
  81.    79   D 1 - 3 ; D 1 - 2 ; D 1 - 4 ; D 1 - 2  END                                0.0275   -0.02746
  82.    85   D 1 - 3 S 4 S 6 ; D 1 - 3 ; D 1 S 2 - 3 ; D 1 - 2  END                    0.0273   -0.00427 -0.02693
  83.    84   D 1 - 3 S 4 - 5 ; D 1 - 3 ; S 1 D 2 S 3 ; D 1 - 2  END                    0.0273   -0.00427 -0.02693
  84.    89   D 1 - 3 ; D 1 - 3 D 5 ; D 1 - 3 ; D 2  END                                0.0271   -0.02710
  85.    88   S 1 D 2 - 3 S 6 ; D 1 - 3 ; S 1 D 2 - 3 S 6 ; D 1 - 2  END                0.0269    0.02065  0.01721
  86.    86   D 1 - 2 S 3 ; D 1 S 2 D 3 ; D 1 - 3 S 4 ; D 1 - 2 S 3  END                0.0268    0.00309  0.02665
  87.    87   D 1 - 2 S 3 ; D 1 - 2 S 3 ; D 1 - 3 S 4 ; D 1 - 2 S 4  END                0.0268    0.00309  0.02665
  88.    83   D 1 - 3 D 5 ; D 1 - 3 ; D 1 - 3 ; S 1 - 2  END                            0.0268    0.02677
  89.    82   D 1 - 3 ; D 1 - 3 S 4 - 5 ; D 1 D 3 ; D 1 - 2  END                        0.0268    0.02677
  90.    90   D 1 S 2 D 3 ; D 1 S 2 D 3 ; D 1 - 3 S 5 ; D 1 - 2 S 4  END                0.0260   -0.00293  0.02580
  91.   979   S 1 D 2 - 3 ; D 1 - 3 S 4 ; D 1 - 3 S 6 ; D 1 S 2  END                    0.0250    0.01693 -0.01839
  92. 15673   D 1 - 4 ; D 1 - 4 ; D 1 - 2 ; D 1  END                                    0.0249    0.02491
  93.   467   D 1 - 3 ; D 1 S 2 D 3 S 5 ; D 1 - 3 ; S 1 D 2 S 4  END                    0.0234    0.01581  0.01727
  94.   356   D 1 - 3 S 5 ; D 1 - 2 S 3 ; D 1 - 3 S 4 ; D 1 S 2  END                    0.0232   -0.00761 -0.02192
  95.   732   D 1 - 2 S 3 ; D 1 - 3 S 4 ; D 1 S 2 D 3 ; D 1 - 2 S 3  END                0.0232   -0.00761 -0.02192
  96.   816   D 1 S 2 D 3 S 5 ; D 1 - 3 ; D 1 - 3 ; D 1 S 2 S 4  END                    0.0227    0.01873  0.01290
  97.   491   D 1 - 3 ; D 1 S 2 D 3 S 4 ; D 1 S 2 D 3 S 5 ; D 1 - 2  END                0.0227   -0.01873 -0.01290
  98.   503   D 1 - 3 S 6 ; D 1 S 2 D 3 ; S 1 D 2 - 3 ; D 1 - 2 S 4  END                0.0227   -0.01516  0.01690
  99.   122   D 1 - 3 D 5 ; D 1 - 3 ; D 1 - 3 ; D 1  END                                0.0226   -0.02259
 100.   257   D 1 - 3 ; D 1 - 4 ; D 1 D 3 ; D 1 - 2  END                                0.0226   -0.02259




 POSITION OF FIRST SPIN COUPLING FOR TEN MOST IMPORTANT CONFIGURATIONS
       1      2      3      5      7      9     11     13     19     15



 ********************************
 RESULTS FOR ROOT   02
 TOTAL CI ENERGY =   -341.7722976
 ********************************

       CONF.                                                                           COEFF.
        NO.        SPACE ORBITAL PRODUCTS                                             CONTRIB.      CI COEFFICIENTS

       -----       ----------------------                                             --------   ---------------------
   1.     2   D 1 - 4 ; D 1 - 3 ; D 1 - 2 ; D 1 - 2  END                                0.6786    0.67861
   2.     3   D 1 - 3 S 4 ; D 1 - 3 S 4 ; D 1 - 2 S 3 ; D 1 S 2  END                    0.2832    0.25735 -0.11828
   3.     1   D 1 - 3 ; D 1 - 3 ; D 1 - 3 ; D 1 - 2  END                                0.1839    0.18390
   4.    15   D 1 - 4 ; D 1 - 3 ; D 1 - 3 ; D 1  END                                    0.1810   -0.18096
   5.    16   D 1 - 3 ; D 1 - 4 ; D 1 - 2 ; D 1 - 2  END                                0.1810   -0.18096
   6.     4   D 1 - 3 S 4 - 5 ; D 1 - 3 ; D 1 S 2 - 3 ; D 1 - 2  END                    0.1371    0.10802  0.08449
   7.    97   D 1 - 3 ; D 1 - 3 ; D 1 - 2 S 3 - 4 ; D 1 - 2  END                        0.1083   -0.10835
   8.   112   D 1 - 2 S 3 - 4 ; D 1 - 3 ; D 1 - 3 ; D 1 - 2  END                        0.1083   -0.10835
   9.     7   D 1 - 3 S 4 ; D 1 - 3 S 5 ; D 1 - 2 S 3 ; S 1 D 2  END                    0.1001   -0.07724  0.06361
  10.     5   D 1 - 3 S 4 S 6 ; D 1 - 3 ; S 1 D 2 S 3 ; D 1 - 2  END                    0.0973    0.08126  0.05351
  11.    11   D 1 - 3 ; D 1 - 4 ; D 1 - 3 ; D 1  END                                    0.0805    0.08055
  12.   106   D 1 - 3 ; D 1 - 2 S 3 - 4 ; D 1 - 3 ; D 1 - 2  END                        0.0789   -0.07891
  13.    91   D 1 - 3 ; D 1 - 3 ; D 1 - 3 ; D 1 S 2 - 3  END                            0.0789    0.07891
  14.    53   D 1 - 3 S 4 ; D 1 - 3 S 4 ; D 1 S 2 D 3 ; D 1 S 2  END                    0.0657    0.00406  0.06553
  15.    52   D 1 - 3 S 5 ; D 1 - 3 S 4 ; D 1 - 2 S 3 ; D 1 S 2  END                    0.0657   -0.00406 -0.06553
  16.   139   D 1 - 4 ; D 1 - 3 ; D 1 - 3 ; S 1 - 2  END                                0.0608   -0.06084
  17.   201   D 1 - 3 ; D 1 - 3 S 4 - 5 ; D 1 - 2 ; D 1 - 2  END                        0.0608   -0.06084
  18.    71   D 1 - 3 D 5 ; D 1 - 3 ; D 1 - 2 ; D 1 - 2  END                            0.0565   -0.05653
  19.    70   D 1 - 4 ; D 1 - 3 ; D 1 D 3 ; D 1 - 2  END                                0.0565   -0.05653
  20.     8   D 1 - 2 S 3 - 4 ; D 1 - 3 ; D 1 - 2 S 3 - 4 ; D 1 - 2  END                0.0542   -0.01028 -0.05319
  21.    14   D 1 - 3 S 4 ; D 1 S 2 D 3 ; D 1 - 2 S 3 ; D 1 - 2 S 4  END                0.0509   -0.02543  0.04412
  22. 16736   D 1 - 4 S 5 ; D 1 - 3 S 4 ; D 1 S 2 ; D 1 S 2  END                        0.0482    0.01540 -0.04572
  23. 15783   D 1 - 4 ; D 1 - 3 S 4 - 5 ; D 1 - 2 ; S 1 - 2  END                        0.0470   -0.00969 -0.04601
  24.    48   D 1 - 3 S 4 - 5 ; D 1 - 3 ; D 1 - 3 ; D 1  END                            0.0453   -0.04527
  25.    47   D 1 - 3 ; D 1 - 4 ; D 1 S 2 - 3 ; D 1 - 2  END                            0.0453   -0.04527
  26.    38   D 1 - 3 S 4 ; D 1 - 3 S 4 ; D 1 - 2 S 3 ; S 1 D 2  END                    0.0452    0.04443  0.00811
  27.    37   D 1 - 3 S 4 ; D 1 - 3 S 5 ; D 1 - 2 S 3 ; D 1 S 2  END                    0.0452   -0.04443 -0.00811
  28.     6   D 1 - 3 S 4 ; D 1 - 2 S 3 ; D 1 - 2 S 3 ; D 1 - 2 S 3  END                0.0450   -0.03927  0.02203
  29. 41938   D 1 - 2 S 3 D 4 ; D 1 - 2 S 3 ; D 1 - 2 S 4 ; D 1 - 2 S 3  END            0.0428    0.00275 -0.04267
  30.    98   D 1 - 3 ; D 1 - 3 ; D 1 - 2 S 3 S 5 ; D 1 - 2  END                        0.0406    0.04059
  31.   115   D 1 S 2 D 3 S 4 ; D 1 - 3 ; D 1 - 3 ; D 1 - 2  END                        0.0406   -0.04059
  32. 15673   D 1 - 4 ; D 1 - 4 ; D 1 - 2 ; D 1  END                                    0.0404   -0.04040
  33.    25   D 1 S 2 D 3 S 4 ; D 1 - 3 ; D 1 - 2 S 3 S 5 ; D 1 - 2  END                0.0384    0.01399  0.03579
  34.    23   D 1 - 3 S 4 S 6 ; D 1 - 3 ; D 1 - 3 ; S 1 - 2  END                        0.0378   -0.00902 -0.03675
  35.    22   D 1 - 3 ; D 1 - 3 S 4 - 5 ; S 1 D 2 S 3 ; D 1 - 2  END                    0.0378   -0.00902 -0.03675
  36.    31   D 1 - 3 S 4 ; D 1 - 3 S 5 ; S 1 D 2 - 3 ; D 1 S 2  END                    0.0375   -0.01023 -0.03604
  37.    32   D 1 - 3 S 6 ; D 1 - 3 S 4 ; D 1 - 2 S 3 ; S 1 D 2  END                    0.0375   -0.01023 -0.03604
  38.    24   S 1 D 2 - 3 S 4 ; D 1 - 3 ; D 1 - 2 S 3 S 6 ; D 1 - 2  END                0.0374    0.01202  0.03537
  39. 18396   D 1 - 4 S 6 ; D 1 - 3 S 4 ; S 1 D 2 ; D 1 S 2  END                        0.0370    0.01218 -0.03497
  40. 21275   D 1 - 4 ; D 1 - 2 S 3 - 4 ; D 1 - 2 ; D 1 S 2 - 3  END                    0.0369   -0.01451 -0.03392
  41.     9   D 1 - 3 S 5 ; D 1 - 3 S 4 ; D 1 S 2 D 3 ; D 1 S 2  END                    0.0368   -0.02446  0.02743
  42. 25728   D 1 - 4 ; D 1 S 2 D 3 S 4 ; D 1 - 2 ; D 1 S 2 S 4  END                    0.0352   -0.02381 -0.02594
  43.    35   D 1 - 3 S 4 ; S 1 D 2 - 3 ; D 1 - 2 S 3 ; D 1 - 2 S 5  END                0.0338   -0.01117  0.03187
  44.  1373   D 1 - 4 ; D 1 - 3 ; D 1 - 2 ; D 1 S 2 - 3  END                            0.0336   -0.03362
  45.  2794   D 1 - 4 ; D 1 - 2 S 3 - 4 ; D 1 - 2 ; D 1 - 2  END                        0.0336    0.03362
  46. 38923   D 1 - 2 S 3 D 4 ; D 1 - 3 S 4 ; D 1 - 2 S 4 ; D 1 S 2  END                0.0330   -0.01401  0.02989
  47. 28445   D 1 - 4 ; D 1 S 2 - 3 ; D 1 - 2 ; D 1 - 2 S 3 - 4  END                    0.0320    0.00344  0.03183
  48. 16880   D 1 - 4 S 5 ; D 1 - 3 S 5 ; D 1 S 2 ; S 1 D 2  END                        0.0320   -0.00506  0.03160
  49.    74   D 1 - 3 S 4 ; D 1 S 2 D 3 ; D 1 - 3 S 4 ; D 1 S 2  END                    0.0313   -0.02247 -0.02181
  50.    73   D 1 - 2 S 3 ; D 1 - 3 S 4 ; D 1 - 2 S 3 ; D 1 - 2 S 4  END                0.0313    0.02247  0.02181
  51.   333   D 1 - 4 ; D 1 - 3 ; D 2 - 3 ; D 1 - 2  END                                0.0311   -0.03110
  52.   200   D 1 - 3 D 6 ; D 1 - 3 ; D 1 - 2 ; D 1 - 2  END                            0.0311   -0.03110
  53.    75   D 1 - 3 ; D 1 S 2 D 3 S 4 ; D 1 - 2 S 3 - 4 ; D 1 - 2  END                0.0304   -0.02095 -0.02209
  54.    76   D 1 - 2 S 3 - 4 ; D 1 - 3 ; D 1 - 3 ; D 1 S 2 S 4  END                    0.0304    0.02095  0.02209
  55. 17661   D 1 - 5 ; D 1 - 3 ; D 1 ; D 1 - 2  END                                    0.0302   -0.03017
  56. 19324   D 1 - 4 S 5 - 6 ; D 1 - 3 ; S 1 - 2 ; D 1 - 2  END                        0.0295    0.00489  0.02913
  57.    46   D 1 - 3 S 4 ; D 1 - 3 S 5 ; D 1 S 2 D 3 ; D 1 S 2  END                    0.0293    0.00961  0.02770
  58.    45   D 1 - 3 S 5 ; D 1 - 3 S 4 ; D 1 - 2 S 3 ; S 1 D 2  END                    0.0293    0.00961  0.02770
  59.   156   D 1 - 4 ; D 1 - 3 ; D 1 - 3 ; D 2  END                                    0.0291   -0.02906
  60.   202   D 1 - 3 ; D 1 - 3 D 5 ; D 1 - 2 ; D 1 - 2  END                            0.0291   -0.02906
  61. 22013   D 1 - 4 S 5 ; D 1 - 2 S 3 ; D 1 S 2 ; D 1 - 2 S 3  END                    0.0290   -0.01308  0.02589
  62.    80   D 1 - 3 S 4 - 5 ; D 1 - 3 ; D 1 - 3 ; S 1 - 2  END                        0.0289    0.01241  0.02606
  63.    81   D 1 - 3 ; D 1 - 3 S 4 - 5 ; D 1 S 2 - 3 ; D 1 - 2  END                    0.0289    0.01241  0.02606
  64. 24290   D 1 - 4 ; D 1 - 2 ; D 1 - 2 ; D 1 - 3  END                                0.0285   -0.02846
  65.  1285   D 1 - 4 ; D 1 - 3 ; D 1 - 2 S 3 S 6 ; S 1 - 2  END                        0.0284    0.00737  0.02747
  66. 12497   S 1 D 2 - 3 S 4 ; D 1 - 3 S 4 - 5 ; D 1 - 2 ; D 1 - 2  END                0.0284   -0.00737 -0.02747
  67.    44   D 1 - 2 S 3 - 4 ; D 1 - 3 ; D 1 - 3 ; D 1 S 2 - 3  END                    0.0282   -0.01603 -0.02324
  68.    43   D 1 - 3 ; D 1 - 2 S 3 - 4 ; D 1 - 2 S 3 - 4 ; D 1 - 2  END                0.0282    0.01603  0.02324
  69. 43827   D 1 - 2 S 3 D 4 ; D 1 S 2 D 3 ; D 1 - 2 S 4 ; D 1 - 2 S 4  END            0.0281    0.00373 -0.02790
  70.    19   D 1 - 3 S 6 ; D 1 - 3 S 4 ; S 1 D 2 - 3 ; D 1 S 2  END                    0.0280   -0.01479  0.02374
  71.    67   D 1 - 3 S 4 ; D 1 - 2 S 3 ; D 1 - 3 S 4 ; D 1 S 2  END                    0.0279    0.01367  0.02429
  72.    66   D 1 - 2 S 3 ; D 1 - 3 S 4 ; D 1 - 2 S 3 ; D 1 - 2 S 3  END                0.0279   -0.01367 -0.02429
  73. 39704   D 1 - 2 S 3 D 4 S 5 ; D 1 - 3 ; D 1 S 2 S 4 ; D 1 - 2  END                0.0274   -0.01394 -0.02361
  74.  1999   D 1 - 4 ; D 1 - 3 ; S 1 D 2 S 3 ; D 1 S 2 S 5  END                        0.0267    0.01641  0.02111
  75.  5446   D 1 - 3 S 4 S 6 ; S 1 D 2 - 3 S 4 ; D 1 - 2 ; D 1 - 2  END                0.0267   -0.01641 -0.02111
  76.   203   D 1 - 3 ; D 1 - 3 ; D 1 - 2 D 4 ; D 1 - 2  END                            0.0265   -0.02645
  77.   793   D 1 - 2 D 4 ; D 1 - 3 ; D 1 - 3 ; D 1 - 2  END                            0.0265   -0.02645
  78.   314   D 1 - 4 ; D 1 - 3 ; S 1 - 2 D 3 ; D 1 - 2  END                            0.0264   -0.02643
  79.   199   D 1 - 3 S 5 - 6 ; D 1 - 3 ; D 1 - 2 ; D 1 - 2  END                        0.0264    0.02643
  80. 52132   D 1 S 2 D 3 - 4 S 5 ; D 1 - 3 ; D 1 S 2 S 5 ; D 1 - 2  END                0.0264    0.01982  0.01736
  81. 53950   D 1 S 2 D 3 - 4 ; D 1 - 2 S 3 ; D 1 - 2 S 5 ; D 1 - 2 S 3  END            0.0258   -0.00380  0.02550
  82. 48715   D 1 - 2 D 4 ; D 1 - 3 ; D 1 - 2 D 4 ; D 1 - 2  END                        0.0255   -0.02549
  83.    85   D 1 - 3 S 4 S 6 ; D 1 - 3 ; D 1 S 2 - 3 ; D 1 - 2  END                    0.0248    0.02462 -0.00262
  84.    84   D 1 - 3 S 4 - 5 ; D 1 - 3 ; S 1 D 2 S 3 ; D 1 - 2  END                    0.0248    0.02462 -0.00262
  85. 51506   D 1 S 2 D 3 - 4 ; D 1 - 3 S 4 ; D 1 - 2 S 5 ; D 1 S 2  END                0.0247    0.01514 -0.01954
  86. 21390   D 1 - 4 ; D 1 - 2 S 3 S 5 ; D 1 - 2 ; S 1 D 2 S 3  END                    0.0245    0.01202  0.02130
  87. 18531   D 1 - 4 S 6 ; D 1 - 3 S 5 ; S 1 D 2 ; S 1 D 2  END                        0.0244   -0.00418  0.02408
  88. 12362   S 1 D 2 - 4 ; D 1 - 3 S 5 ; D 1 - 2 S 3 ; D 1 S 2  END                    0.0244   -0.02422  0.00260
  89.  1429   D 1 - 3 S 4 ; D 1 - 3 S 4 ; D 1 - 2 S 6 ; S 1 D 2  END                    0.0244    0.02422 -0.00260
  90.  5303   D 1 - 4 S 6 ; S 1 D 2 - 3 ; D 1 - 2 S 3 ; D 1 S 2  END                    0.0241   -0.02405 -0.00170
  91.  2098   D 1 - 3 S 4 ; D 1 - 3 S 4 ; S 1 D 2 ; D 1 - 2 S 5  END                    0.0241    0.02405  0.00170
  92.   125   D 1 - 3 ; D 1 - 3 S 4 - 5 ; D 1 - 3 ; D 1  END                            0.0238    0.02379
  93.   142   D 1 - 3 ; D 1 - 4 ; D 1 - 3 ; S 1 - 2  END                                0.0238    0.02379
  94.   177   D 1 - 3 S 6 ; D 1 - 3 S 4 ; D 1 - 2 S 3 ; D 1 S 2  END                    0.0236   -0.00604 -0.02283
  95.   271   D 1 - 3 S 4 ; D 1 - 3 S 4 ; S 1 D 2 - 3 ; D 1 S 2  END                    0.0236    0.00604  0.02283
  96. 31474   D 1 - 4 ; S 1 D 2 - 3 S 4 ; D 1 - 2 ; D 1 S 2 S 5  END                    0.0234   -0.01528 -0.01775
  97.  2796   D 1 - 3 S 4 - 5 ; D 1 - 2 S 3 - 4 ; D 1 - 2 ; D 1 - 2  END                0.0233   -0.00253 -0.02321
  98.  1592   D 1 - 4 ; D 1 - 3 ; D 1 S 2 - 3 ; D 1 S 2 - 3  END                        0.0233    0.00253  0.02321
  99. 39048   D 1 - 2 S 3 D 4 ; D 1 - 3 S 5 ; D 1 - 2 S 4 ; S 1 D 2  END                0.0232    0.01311 -0.01919
 100. 59094   D 1 S 2 - 3 D 4 ; D 1 - 3 ; D 1 - 2 S 4 - 5 ; D 1 - 2  END                0.0228   -0.00361 -0.02254




 POSITION OF FIRST SPIN COUPLING FOR TEN MOST IMPORTANT CONFIGURATIONS
       2      3      1     26     27      5    166    181     11      7



 ********************************
 RESULTS FOR ROOT   03
 TOTAL CI ENERGY =   -340.7183661
 ********************************

       CONF.                                                                           COEFF.
        NO.        SPACE ORBITAL PRODUCTS                                             CONTRIB.      CI COEFFICIENTS

       -----       ----------------------                                             --------   ---------------------
   1.   112   D 1 - 2 S 3 - 4 ; D 1 - 3 ; D 1 - 3 ; D 1 - 2  END                        0.3602    0.36019
   2.    97   D 1 - 3 ; D 1 - 3 ; D 1 - 2 S 3 - 4 ; D 1 - 2  END                        0.3602    0.36019
   3.    30   D 1 - 3 S 4 - 5 ; D 1 - 3 ; D 1 - 2 ; D 1 - 2  END                        0.2828    0.28285
   4.    29   D 1 - 4 ; D 1 - 3 ; D 1 S 2 - 3 ; D 1 - 2  END                            0.2828    0.28285
   5.     3   D 1 - 3 S 4 ; D 1 - 3 S 4 ; D 1 - 2 S 3 ; D 1 S 2  END                    0.2047    0.20367 -0.02064
   6.    16   D 1 - 3 ; D 1 - 4 ; D 1 - 2 ; D 1 - 2  END                                0.1664   -0.16638
   7.    15   D 1 - 4 ; D 1 - 3 ; D 1 - 3 ; D 1  END                                    0.1664   -0.16638
   8.     6   D 1 - 3 S 4 ; D 1 - 2 S 3 ; D 1 - 2 S 3 ; D 1 - 2 S 3  END                0.1507   -0.09095  0.12013
   9.     8   D 1 - 2 S 3 - 4 ; D 1 - 3 ; D 1 - 2 S 3 - 4 ; D 1 - 2  END                0.1387   -0.10801 -0.08698
  10.   106   D 1 - 3 ; D 1 - 2 S 3 - 4 ; D 1 - 3 ; D 1 - 2  END                        0.1352    0.13523
  11.    91   D 1 - 3 ; D 1 - 3 ; D 1 - 3 ; D 1 S 2 - 3  END                            0.1352   -0.13523
  12.    11   D 1 - 3 ; D 1 - 4 ; D 1 - 3 ; D 1  END                                    0.1251    0.12508
  13.    37   D 1 - 3 S 4 ; D 1 - 3 S 5 ; D 1 - 2 S 3 ; D 1 S 2  END                    0.1170    0.04479 -0.10806
  14.    38   D 1 - 3 S 4 ; D 1 - 3 S 4 ; D 1 - 2 S 3 ; S 1 D 2  END                    0.1170   -0.04479  0.10806
  15.    98   D 1 - 3 ; D 1 - 3 ; D 1 - 2 S 3 S 5 ; D 1 - 2  END                        0.0918   -0.09182
  16.   115   D 1 S 2 D 3 S 4 ; D 1 - 3 ; D 1 - 3 ; D 1 - 2  END                        0.0918    0.09182
  17.     2   D 1 - 4 ; D 1 - 3 ; D 1 - 2 ; D 1 - 2  END                                0.0887   -0.08870
  18.    85   D 1 - 3 S 4 S 6 ; D 1 - 3 ; D 1 S 2 - 3 ; D 1 - 2  END                    0.0840   -0.04867 -0.06852
  19.    84   D 1 - 3 S 4 - 5 ; D 1 - 3 ; S 1 D 2 S 3 ; D 1 - 2  END                    0.0840   -0.04867 -0.06852
  20.    47   D 1 - 3 ; D 1 - 4 ; D 1 S 2 - 3 ; D 1 - 2  END                            0.0815   -0.08145
  21.    48   D 1 - 3 S 4 - 5 ; D 1 - 3 ; D 1 - 3 ; D 1  END                            0.0815   -0.08145
  22.     4   D 1 - 3 S 4 - 5 ; D 1 - 3 ; D 1 S 2 - 3 ; D 1 - 2  END                    0.0760    0.06095  0.04538
  23.    52   D 1 - 3 S 5 ; D 1 - 3 S 4 ; D 1 - 2 S 3 ; D 1 S 2  END                    0.0597   -0.05740 -0.01645
  24.    53   D 1 - 3 S 4 ; D 1 - 3 S 4 ; D 1 S 2 D 3 ; D 1 S 2  END                    0.0597    0.05740  0.01645
  25.     7   D 1 - 3 S 4 ; D 1 - 3 S 5 ; D 1 - 2 S 3 ; S 1 D 2  END                    0.0588   -0.03032  0.05036
  26.    17   D 1 - 2 S 3 ; D 1 - 3 S 4 ; D 1 - 3 S 4 ; D 1 S 2  END                    0.0559    0.04292 -0.03575
  27.    14   D 1 - 3 S 4 ; D 1 S 2 D 3 ; D 1 - 2 S 3 ; D 1 - 2 S 4  END                0.0531   -0.03387  0.04094
  28.   381   D 1 - 3 S 4 ; D 1 - 2 S 3 ; D 1 - 2 S 3 ; D 1 - 2 S 4  END                0.0508    0.03269 -0.03893
  29.   469   D 1 - 3 S 4 ; D 1 S 2 D 3 ; D 1 - 2 S 3 ; D 1 - 2 S 3  END                0.0508    0.03269 -0.03893
  30.    13   D 1 - 3 ; D 1 - 2 S 3 - 4 ; D 1 - 3 ; D 1 S 2 - 3  END                    0.0490    0.02064  0.04444
  31.   793   D 1 - 2 D 4 ; D 1 - 3 ; D 1 - 3 ; D 1 - 2  END                            0.0460    0.04600
  32.   203   D 1 - 3 ; D 1 - 3 ; D 1 - 2 D 4 ; D 1 - 2  END                            0.0460    0.04600
  33.     9   D 1 - 3 S 5 ; D 1 - 3 S 4 ; D 1 S 2 D 3 ; D 1 S 2  END                    0.0448   -0.03112  0.03228
  34.   108   D 1 - 3 ; D 1 S 2 D 3 S 4 ; D 1 - 3 ; D 1 - 2  END                        0.0438   -0.04383
  35.    92   D 1 - 3 ; D 1 - 3 ; D 1 - 3 ; D 1 S 2 S 4  END                            0.0438    0.04383
  36.    45   D 1 - 3 S 5 ; D 1 - 3 S 4 ; D 1 - 2 S 3 ; S 1 D 2  END                    0.0402   -0.00025  0.04025
  37.    46   D 1 - 3 S 4 ; D 1 - 3 S 5 ; D 1 S 2 D 3 ; D 1 S 2  END                    0.0402   -0.00025  0.04025
  38.   841   D 1 S 2 D 3 S 4 ; D 1 - 3 ; D 1 - 2 S 3 - 4 ; D 1 - 2  END                0.0396    0.00839  0.03865
  39.   712   D 1 - 2 S 3 - 4 ; D 1 - 3 ; D 1 - 2 S 3 S 5 ; D 1 - 2  END                0.0396   -0.00839 -0.03865
  40.     1   D 1 - 3 ; D 1 - 3 ; D 1 - 3 ; D 1 - 2  END                                0.0389   -0.03892
  41.  2794   D 1 - 4 ; D 1 - 2 S 3 - 4 ; D 1 - 2 ; D 1 - 2  END                        0.0366   -0.03656
  42.  1373   D 1 - 4 ; D 1 - 3 ; D 1 - 2 ; D 1 S 2 - 3  END                            0.0366    0.03656
  43.   999   S 1 D 2 - 3 S 4 ; D 1 - 3 ; D 1 - 2 S 3 S 5 ; D 1 - 2  END                0.0356    0.01683  0.03133
  44.   842   D 1 S 2 D 3 S 4 ; D 1 - 3 ; D 1 - 2 S 3 S 6 ; D 1 - 2  END                0.0356    0.01683  0.03133
  45.    10   D 1 - 3 ; D 1 - 3 S 4 - 5 ; D 1 - 3 ; S 1 - 2  END                        0.0351    0.02282  0.02668
  46.    22   D 1 - 3 ; D 1 - 3 S 4 - 5 ; S 1 D 2 S 3 ; D 1 - 2  END                    0.0349   -0.01425 -0.03181
  47.    23   D 1 - 3 S 4 S 6 ; D 1 - 3 ; D 1 - 3 ; S 1 - 2  END                        0.0349   -0.01425 -0.03181
  48.   581   D 1 - 3 S 4 ; S 1 D 2 - 3 ; D 1 - 2 S 3 ; D 1 - 2 S 4  END                0.0343    0.01520 -0.03078
  49.   470   D 1 - 3 S 4 ; D 1 S 2 D 3 ; D 1 - 2 S 3 ; D 1 - 2 S 5  END                0.0343    0.01520 -0.03078
  50.    25   D 1 S 2 D 3 S 4 ; D 1 - 3 ; D 1 - 2 S 3 S 5 ; D 1 - 2  END                0.0329    0.02451  0.02192
  51.    32   D 1 - 3 S 6 ; D 1 - 3 S 4 ; D 1 - 2 S 3 ; S 1 D 2  END                    0.0315   -0.01443 -0.02798
  52.    31   D 1 - 3 S 4 ; D 1 - 3 S 5 ; S 1 D 2 - 3 ; D 1 S 2  END                    0.0315   -0.01443 -0.02798
  53.    18   D 1 - 3 ; D 1 S 2 D 3 S 4 ; D 1 - 3 ; D 1 S 2 S 4  END                    0.0302    0.01961  0.02292
  54.   766   D 1 - 2 S 3 - 4 ; D 1 S 2 D 3 S 4 ; D 1 - 3 ; D 1 - 2  END                0.0296   -0.02753 -0.01098
  55.   179   D 1 - 3 ; D 1 - 3 ; D 1 - 2 S 3 - 4 ; D 1 S 2 S 4  END                    0.0296    0.02753  0.01098
  56.    35   D 1 - 3 S 4 ; S 1 D 2 - 3 ; D 1 - 2 S 3 ; D 1 - 2 S 5  END                0.0294   -0.01985  0.02173
  57.   422   D 1 - 4 ; D 1 - 2 ; D 1 - 3 ; D 1 - 2  END                                0.0281    0.02813
  58.   209   D 1 - 3 ; D 1 - 3 ; D 1 - 2 ; D 1 - 3  END                                0.0281    0.02813
  59.   753   D 1 - 2 S 3 - 4 ; D 1 - 2 S 3 - 4 ; D 1 - 3 ; D 1 - 2  END                0.0255    0.01233  0.02236
  60.   178   D 1 - 3 ; D 1 - 3 ; D 1 - 2 S 3 - 4 ; D 1 S 2 - 3  END                    0.0255   -0.01233 -0.02236
  61.   116   D 1 S 2 D 3 S 5 ; D 1 - 3 ; D 1 - 3 ; D 1 - 2  END                        0.0252    0.02517
  62.   101   D 1 - 3 ; D 1 - 3 ; D 1 S 2 D 3 S 5 ; D 1 - 2  END                        0.0252    0.02517
  63.   928   D 1 S 2 - 5 ; D 1 - 3 ; D 1 - 3 ; D 1 - 2  END                            0.0247   -0.00423 -0.02436
  64.   243   D 1 - 3 ; D 1 - 3 ; D 1 S 2 - 5 ; D 1 - 2  END                            0.0247   -0.00423 -0.02436
  65.    70   D 1 - 4 ; D 1 - 3 ; D 1 D 3 ; D 1 - 2  END                                0.0243   -0.02432
  66.    71   D 1 - 3 D 5 ; D 1 - 3 ; D 1 - 2 ; D 1 - 2  END                            0.0243   -0.02432
  67.    12   D 1 - 2 S 3 ; D 1 - 2 S 3 ; D 1 - 3 S 4 ; D 1 - 2 S 3  END                0.0242   -0.01492 -0.01905
  68.    76   D 1 - 2 S 3 - 4 ; D 1 - 3 ; D 1 - 3 ; D 1 S 2 S 4  END                    0.0240   -0.02335  0.00539
  69.    75   D 1 - 3 ; D 1 S 2 D 3 S 4 ; D 1 - 2 S 3 - 4 ; D 1 - 2  END                0.0240    0.02335 -0.00539
  70.   121   D 1 - 3 S 4 S 6 ; D 1 - 3 ; D 1 - 3 ; D 1  END                            0.0238   -0.02378
  71.   300   D 1 - 3 ; D 1 - 4 ; S 1 D 2 S 3 ; D 1 - 2  END                            0.0238   -0.02378
  72.   110   D 1 - 3 ; S 1 D 2 - 3 S 4 ; D 1 - 3 ; D 1 - 2  END                        0.0234   -0.02339
  73.    93   D 1 - 3 ; D 1 - 3 ; D 1 - 3 ; D 1 S 2 S 5  END                            0.0234    0.02339
  74.    26   D 1 - 3 S 5 ; D 1 - 2 S 3 ; D 1 S 2 D 3 ; D 1 - 2 S 3  END                0.0232    0.01140 -0.02024
  75.  7150   D 1 - 2 S 3 D 4 ; D 1 - 3 S 4 ; D 1 - 2 S 3 ; D 1 S 2  END                0.0228   -0.00060  0.02284
  76.  1382   D 1 - 3 S 4 ; D 1 - 3 S 4 ; D 1 - 2 S 4 ; D 1 S 2  END                    0.0228    0.00060 -0.02284
  77.  7039   D 1 - 2 S 3 - 4 ; D 1 - 3 S 4 - 5 ; D 1 - 3 ; S 1 - 2  END                0.0228   -0.00057 -0.00269 -0.00002 -0.00068
                                                                                                 -0.02264
  78.  1322   D 1 - 3 ; D 1 - 3 S 4 - 5 ; D 1 - 2 S 3 - 4 ; S 1 - 2  END                0.0228    0.00144  0.00207 -0.00068  0.00108
                                                                                                 -0.02264
  79.   362   D 1 - 3 ; D 1 - 2 S 3 - 4 ; D 1 - 3 ; D 1 S 2 S 4  END                    0.0228   -0.01902 -0.01251
  80.   449   D 1 - 3 ; D 1 S 2 D 3 S 4 ; D 1 - 3 ; D 1 S 2 - 3  END                    0.0228   -0.01902 -0.01251
  81.    66   D 1 - 2 S 3 ; D 1 - 3 S 4 ; D 1 - 2 S 3 ; D 1 - 2 S 3  END                0.0223    0.01518 -0.01634
  82.    67   D 1 - 3 S 4 ; D 1 - 2 S 3 ; D 1 - 3 S 4 ; D 1 S 2  END                    0.0223   -0.01518  0.01634
  83. 16736   D 1 - 4 S 5 ; D 1 - 3 S 4 ; D 1 S 2 ; D 1 S 2  END                        0.0223    0.01586  0.01560
  84.   226   D 1 - 3 S 4 ; D 1 - 3 S 4 ; D 1 S 2 D 3 ; S 1 D 2  END                    0.0219    0.01820 -0.01226
  85.   176   D 1 - 3 S 5 ; D 1 - 3 S 5 ; D 1 - 2 S 3 ; D 1 S 2  END                    0.0219    0.01820 -0.01226
  86.  7282   D 1 - 2 S 3 - 4 D 5 ; D 1 - 3 ; D 1 - 2 ; D 1 - 2  END                    0.0219   -0.02189
  87.  1817   D 1 - 4 ; D 1 - 3 ; D 1 S 3 - 4 ; D 1 - 2  END                            0.0219   -0.02189
  88.   780   D 1 - 2 S 3 - 4 ; S 1 D 2 - 3 S 5 ; D 1 - 3 ; D 1 - 2  END                0.0216    0.02045  0.00710
  89.   191   D 1 - 3 ; D 1 - 3 ; D 1 - 2 S 3 - 4 ; S 1 D 2 S 5  END                    0.0216    0.02045  0.00710
  90.   700   D 1 - 2 S 3 - 4 ; D 1 - 3 ; D 1 - 3 ; S 1 D 2 S 5  END                    0.0216   -0.02049 -0.00686
  91.   591   D 1 - 3 ; S 1 D 2 - 3 S 5 ; D 1 - 2 S 3 - 4 ; D 1 - 2  END                0.0216   -0.02049 -0.00686
  92.     5   D 1 - 3 S 4 S 6 ; D 1 - 3 ; S 1 D 2 S 3 ; D 1 - 2  END                    0.0213   -0.01680 -0.01317
  93.    27   D 1 - 3 D 5 ; D 1 - 3 ; D 1 D 3 ; D 1 - 2  END                            0.0212    0.02118
  94.   725   D 1 - 2 S 3 - 4 ; D 1 - 3 ; D 1 S 2 D 3 S 5 ; D 1 - 2  END                0.0210   -0.02053 -0.00455
  95.   843   D 1 S 2 D 3 S 5 ; D 1 - 3 ; D 1 - 2 S 3 - 4 ; D 1 - 2  END                0.0210   -0.02053 -0.00455
  96. 17664   D 1 - 4 ; D 1 - 4 ; D 1 ; D 1 - 2  END                                    0.0209    0.02086
  97. 15670   D 1 - 5 ; D 1 - 3 ; D 1 - 2 ; D 1  END                                    0.0209    0.02086
  98.  7469   D 1 - 2 S 3 - 4 ; D 1 - 4 ; D 1 S 2 - 3 ; D 1 - 2  END                    0.0206   -0.00325 -0.02036
  99.  1241   D 1 - 3 S 4 - 5 ; D 1 - 3 ; D 1 - 2 S 3 - 4 ; D 1  END                    0.0206   -0.00325 -0.02036
 100.    33   D 1 - 2 S 3 S 5 ; D 1 - 3 ; D 1 S 2 D 3 S 4 ; D 1 - 2  END                0.0206    0.01721  0.01135




 POSITION OF FIRST SPIN COUPLING FOR TEN MOST IMPORTANT CONFIGURATIONS
     181    166     51     50      3     27     26      9     13    175



 ********************************
 RESULTS FOR ROOT   04
 TOTAL CI ENERGY =   -340.2218788
 ********************************

       CONF.                                                                           COEFF.
        NO.        SPACE ORBITAL PRODUCTS                                             CONTRIB.      CI COEFFICIENTS

       -----       ----------------------                                             --------   ---------------------
   1.     3   D 1 - 3 S 4 ; D 1 - 3 S 4 ; D 1 - 2 S 3 ; D 1 S 2  END                    0.4188   -0.04390 -0.41653
   2.    30   D 1 - 3 S 4 - 5 ; D 1 - 3 ; D 1 - 2 ; D 1 - 2  END                        0.2747    0.27474
   3.    29   D 1 - 4 ; D 1 - 3 ; D 1 S 2 - 3 ; D 1 - 2  END                            0.2747    0.27474
   4.    15   D 1 - 4 ; D 1 - 3 ; D 1 - 3 ; D 1  END                                    0.2451    0.24507
   5.    16   D 1 - 3 ; D 1 - 4 ; D 1 - 2 ; D 1 - 2  END                                0.2451    0.24507
   6.    37   D 1 - 3 S 4 ; D 1 - 3 S 5 ; D 1 - 2 S 3 ; D 1 S 2  END                    0.1433    0.11720 -0.08240
   7.    38   D 1 - 3 S 4 ; D 1 - 3 S 4 ; D 1 - 2 S 3 ; S 1 D 2  END                    0.1433   -0.11720  0.08240
   8.     4   D 1 - 3 S 4 - 5 ; D 1 - 3 ; D 1 S 2 - 3 ; D 1 - 2  END                    0.1295    0.12158  0.04474
   9.   112   D 1 - 2 S 3 - 4 ; D 1 - 3 ; D 1 - 3 ; D 1 - 2  END                        0.1197   -0.11967
  10.    97   D 1 - 3 ; D 1 - 3 ; D 1 - 2 S 3 - 4 ; D 1 - 2  END                        0.1197   -0.11967
  11.    92   D 1 - 3 ; D 1 - 3 ; D 1 - 3 ; D 1 S 2 S 4  END                            0.1146   -0.11458
  12.   108   D 1 - 3 ; D 1 S 2 D 3 S 4 ; D 1 - 3 ; D 1 - 2  END                        0.1146    0.11458
  13.   113   D 1 - 2 S 3 S 5 ; D 1 - 3 ; D 1 - 3 ; D 1 - 2  END                        0.1021    0.10211
  14.   100   D 1 - 3 ; D 1 - 3 ; D 1 S 2 D 3 S 4 ; D 1 - 2  END                        0.1021   -0.10211
  15.    70   D 1 - 4 ; D 1 - 3 ; D 1 D 3 ; D 1 - 2  END                                0.0910   -0.09103
  16.    71   D 1 - 3 D 5 ; D 1 - 3 ; D 1 - 2 ; D 1 - 2  END                            0.0910   -0.09103
  17.   139   D 1 - 4 ; D 1 - 3 ; D 1 - 3 ; S 1 - 2  END                                0.0902    0.09020
  18.   201   D 1 - 3 ; D 1 - 3 S 4 - 5 ; D 1 - 2 ; D 1 - 2  END                        0.0902    0.09020
  19.   115   D 1 S 2 D 3 S 4 ; D 1 - 3 ; D 1 - 3 ; D 1 - 2  END                        0.0896    0.08956
  20.    98   D 1 - 3 ; D 1 - 3 ; D 1 - 2 S 3 S 5 ; D 1 - 2  END                        0.0896   -0.08956
  21.     1   D 1 - 3 ; D 1 - 3 ; D 1 - 3 ; D 1 - 2  END                                0.0850    0.08498
  22.   106   D 1 - 3 ; D 1 - 2 S 3 - 4 ; D 1 - 3 ; D 1 - 2  END                        0.0836   -0.08364
  23.    91   D 1 - 3 ; D 1 - 3 ; D 1 - 3 ; D 1 S 2 - 3  END                            0.0836    0.08363
  24. 15673   D 1 - 4 ; D 1 - 4 ; D 1 - 2 ; D 1  END                                    0.0767   -0.07673
  25.   226   D 1 - 3 S 4 ; D 1 - 3 S 4 ; D 1 S 2 D 3 ; S 1 D 2  END                    0.0734    0.01351 -0.07215
  26.   176   D 1 - 3 S 5 ; D 1 - 3 S 5 ; D 1 - 2 S 3 ; D 1 S 2  END                    0.0734    0.01351 -0.07215
  27.    85   D 1 - 3 S 4 S 6 ; D 1 - 3 ; D 1 S 2 - 3 ; D 1 - 2  END                    0.0719   -0.05011 -0.05163
  28.    84   D 1 - 3 S 4 - 5 ; D 1 - 3 ; S 1 D 2 S 3 ; D 1 - 2  END                    0.0719   -0.05011 -0.05163
  29.     7   D 1 - 3 S 4 ; D 1 - 3 S 5 ; D 1 - 2 S 3 ; S 1 D 2  END                    0.0645   -0.03989  0.05073
  30.   297   D 1 - 4 ; D 1 - 3 ; S 1 D 2 S 3 ; D 1 - 2  END                            0.0631   -0.06313
  31.   198   D 1 - 3 S 4 S 6 ; D 1 - 3 ; D 1 - 2 ; D 1 - 2  END                        0.0631   -0.06313
  32.    94   D 1 - 3 ; D 1 - 3 ; D 1 - 3 ; S 1 D 2 S 3  END                            0.0618   -0.06179
  33.   107   D 1 - 3 ; D 1 - 2 S 3 S 5 ; D 1 - 3 ; D 1 - 2  END                        0.0618   -0.06179
  34.   118   S 1 D 2 - 3 S 4 ; D 1 - 3 ; D 1 - 3 ; D 1 - 2  END                        0.0614   -0.06145
  35.    99   D 1 - 3 ; D 1 - 3 ; D 1 - 2 S 3 S 6 ; D 1 - 2  END                        0.0614    0.06145
  36.    48   D 1 - 3 S 4 - 5 ; D 1 - 3 ; D 1 - 3 ; D 1  END                            0.0563    0.05626
  37.    47   D 1 - 3 ; D 1 - 4 ; D 1 S 2 - 3 ; D 1 - 2  END                            0.0563    0.05626
  38.    23   D 1 - 3 S 4 S 6 ; D 1 - 3 ; D 1 - 3 ; S 1 - 2  END                        0.0538    0.03544  0.04041
  39.    22   D 1 - 3 ; D 1 - 3 S 4 - 5 ; S 1 D 2 S 3 ; D 1 - 2  END                    0.0538    0.03544  0.04041
  40.    46   D 1 - 3 S 4 ; D 1 - 3 S 5 ; D 1 S 2 D 3 ; D 1 S 2  END                    0.0521   -0.05137  0.00869
  41.    45   D 1 - 3 S 5 ; D 1 - 3 S 4 ; D 1 - 2 S 3 ; S 1 D 2  END                    0.0521   -0.05137  0.00869
  42.    31   D 1 - 3 S 4 ; D 1 - 3 S 5 ; S 1 D 2 - 3 ; D 1 S 2  END                    0.0519    0.03894  0.03437
  43.    32   D 1 - 3 S 6 ; D 1 - 3 S 4 ; D 1 - 2 S 3 ; S 1 D 2  END                    0.0519    0.03894  0.03437
  44.     9   D 1 - 3 S 5 ; D 1 - 3 S 4 ; D 1 S 2 D 3 ; D 1 S 2  END                    0.0518   -0.03143  0.04120
  45.    80   D 1 - 3 S 4 - 5 ; D 1 - 3 ; D 1 - 3 ; S 1 - 2  END                        0.0397   -0.03541 -0.01805
  46.    81   D 1 - 3 ; D 1 - 3 S 4 - 5 ; D 1 S 2 - 3 ; D 1 - 2  END                    0.0397   -0.03541 -0.01805
  47.    53   D 1 - 3 S 4 ; D 1 - 3 S 4 ; D 1 S 2 D 3 ; D 1 S 2  END                    0.0375   -0.03084 -0.02142
  48.    52   D 1 - 3 S 5 ; D 1 - 3 S 4 ; D 1 - 2 S 3 ; D 1 S 2  END                    0.0375    0.03084  0.02141
  49.   766   D 1 - 2 S 3 - 4 ; D 1 S 2 D 3 S 4 ; D 1 - 3 ; D 1 - 2  END                0.0370    0.03222  0.01815
  50.   179   D 1 - 3 ; D 1 - 3 ; D 1 - 2 S 3 - 4 ; D 1 S 2 S 4  END                    0.0370   -0.03222 -0.01815
  51. 16280   D 1 - 4 ; D 1 - 4 ; D 1 S 2 - 3 ; D 1  END                                0.0369   -0.03691
  52. 15690   D 1 - 3 S 4 - 5 ; D 1 - 4 ; D 1 - 2 ; D 1  END                            0.0369   -0.03691
  53.   300   D 1 - 3 ; D 1 - 4 ; S 1 D 2 S 3 ; D 1 - 2  END                            0.0364    0.03642
  54.   121   D 1 - 3 S 4 S 6 ; D 1 - 3 ; D 1 - 3 ; D 1  END                            0.0364    0.03642
  55.    14   D 1 - 3 S 4 ; D 1 S 2 D 3 ; D 1 - 2 S 3 ; D 1 - 2 S 4  END                0.0361    0.00265  0.03599
  56.    10   D 1 - 3 ; D 1 - 3 S 4 - 5 ; D 1 - 3 ; S 1 - 2  END                        0.0339    0.03293 -0.00818
  57.   712   D 1 - 2 S 3 - 4 ; D 1 - 3 ; D 1 - 2 S 3 S 5 ; D 1 - 2  END                0.0329   -0.00190 -0.03286
  58.   841   D 1 S 2 D 3 S 4 ; D 1 - 3 ; D 1 - 2 S 3 - 4 ; D 1 - 2  END                0.0329    0.00190  0.03286
  59.    68   D 1 - 3 D 5 ; D 1 - 3 ; S 1 D 2 S 3 ; D 1 - 2  END                        0.0324    0.03237
  60.    69   D 1 - 3 S 4 S 6 ; D 1 - 3 ; D 1 D 3 ; D 1 - 2  END                        0.0324    0.03237
  61.    27   D 1 - 3 D 5 ; D 1 - 3 ; D 1 D 3 ; D 1 - 2  END                            0.0312    0.03118
  62.    11   D 1 - 3 ; D 1 - 4 ; D 1 - 3 ; D 1  END                                    0.0307    0.03072
  63.    93   D 1 - 3 ; D 1 - 3 ; D 1 - 3 ; D 1 S 2 S 5  END                            0.0299   -0.02987
  64.   110   D 1 - 3 ; S 1 D 2 - 3 S 4 ; D 1 - 3 ; D 1 - 2  END                        0.0299    0.02987
  65.   271   D 1 - 3 S 4 ; D 1 - 3 S 4 ; S 1 D 2 - 3 ; D 1 S 2  END                    0.0298   -0.02873 -0.00810
  66.   177   D 1 - 3 S 6 ; D 1 - 3 S 4 ; D 1 - 2 S 3 ; D 1 S 2  END                    0.0298    0.02873  0.00810
  67.   126   D 1 - 3 ; D 1 - 3 D 5 ; D 1 - 3 ; D 1  END                                0.0293   -0.02933
  68.   162   D 1 - 3 ; D 1 - 4 ; D 1 - 3 ; D 2  END                                    0.0293   -0.02933
  69.   298   D 1 - 3 S 5 - 6 ; D 1 - 3 ; S 1 D 2 S 3 ; D 1 - 2  END                    0.0292   -0.02205 -0.01909
  70.   315   D 1 - 3 S 4 S 6 ; D 1 - 3 ; S 1 - 2 D 3 ; D 1 - 2  END                    0.0292    0.02205  0.01909
  71. 16297   D 1 - 3 S 4 - 5 ; D 1 - 4 ; D 1 S 2 - 3 ; D 1  END                        0.0284   -0.01115 -0.02608
  72.    60   D 1 - 3 S 4 ; D 1 - 3 S 4 ; S 1 D 2 - 3 ; S 1 D 2  END                    0.0266   -0.00404  0.02624
  73.    61   D 1 - 3 S 6 ; D 1 - 3 S 5 ; D 1 - 2 S 3 ; D 1 S 2  END                    0.0266   -0.00404  0.02624
  74.   157   D 1 - 3 S 4 - 5 ; D 1 - 3 ; D 1 - 3 ; D 2  END                            0.0263   -0.02630
  75.   241   D 1 - 3 ; D 1 - 3 D 5 ; D 1 S 2 - 3 ; D 1 - 2  END                        0.0263   -0.02630
  76.    50   D 1 - 3 S 5 - 6 ; D 1 - 3 ; D 1 S 2 - 3 ; D 1 - 2  END                    0.0257   -0.01835 -0.01797
  77.    49   D 1 - 3 S 4 - 5 ; D 1 - 3 ; S 1 - 2 D 3 ; D 1 - 2  END                    0.0257    0.01835  0.01797
  78.    19   D 1 - 3 S 6 ; D 1 - 3 S 4 ; S 1 D 2 - 3 ; D 1 S 2  END                    0.0248   -0.02132  0.01272
  79. 41735   D 1 - 2 S 3 - 4 ; D 1 - 2 S 3 - 4 ; D 1 - 2 S 3 - 4 ; D 1 S 2 - 3  END    0.0247   -0.00038 -0.00061  0.00026  0.00019
                                                                                                 -0.00021  0.00172  0.00091  0.01918
                                                                                                  0.00997 -0.00019  0.00175  0.00014
                                                                                                  0.00997  0.00613
  80.    76   D 1 - 2 S 3 - 4 ; D 1 - 3 ; D 1 - 3 ; D 1 S 2 S 4  END                    0.0247    0.00963 -0.02276
  81.    75   D 1 - 3 ; D 1 S 2 D 3 S 4 ; D 1 - 2 S 3 - 4 ; D 1 - 2  END                0.0247   -0.00963  0.02276
  82.   927   D 1 S 2 - 3 D 4 ; D 1 - 3 ; D 1 - 3 ; D 1 - 2  END                        0.0230    0.02301
  83.   204   D 1 - 3 ; D 1 - 3 ; D 1 - 2 S 4 - 5 ; D 1 - 2  END                        0.0230    0.02301
  84. 18008   D 1 - 4 ; D 1 - 3 S 4 - 5 ; S 1 D 2 S 3 ; D 1  END                        0.0230   -0.00381 -0.02264
  85. 15814   D 1 - 3 S 4 S 6 ; D 1 - 4 ; D 1 - 2 ; S 1 - 2  END                        0.0230   -0.00381 -0.02264
  86. 17388   D 1 - 3 S 4 D 5 ; D 1 - 3 S 4 ; D 1 S 3 ; D 1 S 2  END                    0.0227   -0.00317  0.02244
  87. 15413   D 1 - 4 S 6 ; D 1 - 3 S 4 ; D 1 - 2 S 3 ; S 1  END                        0.0224   -0.00375 -0.02212
  88. 18431   D 1 - 3 S 4 ; D 1 - 4 S 5 ; S 1 D 2 ; D 1 S 2  END                        0.0224   -0.00375 -0.02212
  89.    28   D 1 - 3 S 5 ; D 1 - 3 S 5 ; D 1 S 2 D 3 ; S 1 D 2  END                    0.0224    0.00574 -0.02167
  90.   199   D 1 - 3 S 5 - 6 ; D 1 - 3 ; D 1 - 2 ; D 1 - 2  END                        0.0223   -0.02234
  91.   314   D 1 - 4 ; D 1 - 3 ; S 1 - 2 D 3 ; D 1 - 2  END                            0.0223    0.02234
  92.  7464   D 1 - 2 S 3 D 4 S 5 ; D 1 - 3 ; D 1 S 2 - 3 ; D 1 - 2  END                0.0223    0.01025  0.01982
  93.  1685   D 1 - 3 S 4 - 5 ; D 1 - 3 ; D 1 S 2 S 4 ; D 1 - 2  END                    0.0223   -0.01025 -0.01982
  94.   125   D 1 - 3 ; D 1 - 3 S 4 - 5 ; D 1 - 3 ; D 1  END                            0.0220   -0.02200
  95.   142   D 1 - 3 ; D 1 - 4 ; D 1 - 3 ; S 1 - 2  END                                0.0220   -0.02200
  96. 18396   D 1 - 4 S 6 ; D 1 - 3 S 4 ; S 1 D 2 ; D 1 S 2  END                        0.0217    0.00196 -0.02158
  97.   581   D 1 - 3 S 4 ; S 1 D 2 - 3 ; D 1 - 2 S 3 ; D 1 - 2 S 4  END                0.0216    0.01101 -0.01862
  98.   470   D 1 - 3 S 4 ; D 1 S 2 D 3 ; D 1 - 2 S 3 ; D 1 - 2 S 5  END                0.0216    0.01101 -0.01862
  99. 16440   D 1 - 3 S 4 - 5 ; D 1 - 3 S 4 - 5 ; D 1 S 2 - 3 ; S 1 - 2  END            0.0216   -0.00131 -0.00517 -0.00291  0.00010
                                                                                                  0.00024 -0.00230  0.00406 -0.01054
                                                                                                 -0.00409 -0.00934  0.00687 -0.00295
                                                                                                 -0.00409 -0.01091
 100.    74   D 1 - 3 S 4 ; D 1 S 2 D 3 ; D 1 - 3 S 4 ; D 1 S 2  END                    0.0215   -0.00663  0.02042




 POSITION OF FIRST SPIN COUPLING FOR TEN MOST IMPORTANT CONFIGURATIONS
       3     51     50     26     27     64     66      5    181    166



 ********************************
 RESULTS FOR ROOT   05
 TOTAL CI ENERGY =   -340.0384950
 ********************************

       CONF.                                                                           COEFF.
        NO.        SPACE ORBITAL PRODUCTS                                             CONTRIB.      CI COEFFICIENTS

       -----       ----------------------                                             --------   ---------------------
   1.   106   D 1 - 3 ; D 1 - 2 S 3 - 4 ; D 1 - 3 ; D 1 - 2  END                        0.3001   -0.30006
   2.    91   D 1 - 3 ; D 1 - 3 ; D 1 - 3 ; D 1 S 2 - 3  END                            0.3001    0.30006
   3.     2   D 1 - 4 ; D 1 - 3 ; D 1 - 2 ; D 1 - 2  END                                0.2590   -0.25896
   4.   112   D 1 - 2 S 3 - 4 ; D 1 - 3 ; D 1 - 3 ; D 1 - 2  END                        0.2138   -0.21378
   5.    97   D 1 - 3 ; D 1 - 3 ; D 1 - 2 S 3 - 4 ; D 1 - 2  END                        0.2138   -0.21378
   6.     3   D 1 - 3 S 4 ; D 1 - 3 S 4 ; D 1 - 2 S 3 ; D 1 S 2  END                    0.2074    0.14132  0.15181
   7.    16   D 1 - 3 ; D 1 - 4 ; D 1 - 2 ; D 1 - 2  END                                0.1872   -0.18718
   8.    15   D 1 - 4 ; D 1 - 3 ; D 1 - 3 ; D 1  END                                    0.1872   -0.18718
   9.    30   D 1 - 3 S 4 - 5 ; D 1 - 3 ; D 1 - 2 ; D 1 - 2  END                        0.1612    0.16122
  10.    29   D 1 - 4 ; D 1 - 3 ; D 1 S 2 - 3 ; D 1 - 2  END                            0.1612    0.16122
  11.     1   D 1 - 3 ; D 1 - 3 ; D 1 - 3 ; D 1 - 2  END                                0.1440   -0.14400
  12.    11   D 1 - 3 ; D 1 - 4 ; D 1 - 3 ; D 1  END                                    0.1435    0.14348
  13.    48   D 1 - 3 S 4 - 5 ; D 1 - 3 ; D 1 - 3 ; D 1  END                            0.1352   -0.13524
  14.    47   D 1 - 3 ; D 1 - 4 ; D 1 S 2 - 3 ; D 1 - 2  END                            0.1352   -0.13524
  15.    52   D 1 - 3 S 5 ; D 1 - 3 S 4 ; D 1 - 2 S 3 ; D 1 S 2  END                    0.1215   -0.11936  0.02265
  16.    53   D 1 - 3 S 4 ; D 1 - 3 S 4 ; D 1 S 2 D 3 ; D 1 S 2  END                    0.1215    0.11936 -0.02265
  17.    70   D 1 - 4 ; D 1 - 3 ; D 1 D 3 ; D 1 - 2  END                                0.0944    0.09443
  18.    71   D 1 - 3 D 5 ; D 1 - 3 ; D 1 - 2 ; D 1 - 2  END                            0.0944    0.09443
  19.     4   D 1 - 3 S 4 - 5 ; D 1 - 3 ; D 1 S 2 - 3 ; D 1 - 2  END                    0.0890   -0.07571  0.04685
  20.     8   D 1 - 2 S 3 - 4 ; D 1 - 3 ; D 1 - 2 S 3 - 4 ; D 1 - 2  END                0.0755    0.05801  0.04827
  21.    44   D 1 - 2 S 3 - 4 ; D 1 - 3 ; D 1 - 3 ; D 1 S 2 - 3  END                    0.0673   -0.05254 -0.04203
  22.    43   D 1 - 3 ; D 1 - 2 S 3 - 4 ; D 1 - 2 S 3 - 4 ; D 1 - 2  END                0.0673    0.05253  0.04203
  23.    67   D 1 - 3 S 4 ; D 1 - 2 S 3 ; D 1 - 3 S 4 ; D 1 S 2  END                    0.0634    0.04869  0.04061
  24.    66   D 1 - 2 S 3 ; D 1 - 3 S 4 ; D 1 - 2 S 3 ; D 1 - 2 S 3  END                0.0634   -0.04869 -0.04061
  25.     5   D 1 - 3 S 4 S 6 ; D 1 - 3 ; S 1 D 2 S 3 ; D 1 - 2  END                    0.0632   -0.06165  0.01389
  26.     6   D 1 - 3 S 4 ; D 1 - 2 S 3 ; D 1 - 2 S 3 ; D 1 - 2 S 3  END                0.0542    0.05250 -0.01331
  27.   100   D 1 - 3 ; D 1 - 3 ; D 1 S 2 D 3 S 4 ; D 1 - 2  END                        0.0539   -0.05390
  28.   113   D 1 - 2 S 3 S 5 ; D 1 - 3 ; D 1 - 3 ; D 1 - 2  END                        0.0539    0.05390
  29.    76   D 1 - 2 S 3 - 4 ; D 1 - 3 ; D 1 - 3 ; D 1 S 2 S 4  END                    0.0539    0.03265  0.04287
  30.    75   D 1 - 3 ; D 1 S 2 D 3 S 4 ; D 1 - 2 S 3 - 4 ; D 1 - 2  END                0.0539   -0.03265 -0.04287
  31.   199   D 1 - 3 S 5 - 6 ; D 1 - 3 ; D 1 - 2 ; D 1 - 2  END                        0.0534   -0.05338
  32.   314   D 1 - 4 ; D 1 - 3 ; S 1 - 2 D 3 ; D 1 - 2  END                            0.0534    0.05338
  33.    74   D 1 - 3 S 4 ; D 1 S 2 D 3 ; D 1 - 3 S 4 ; D 1 S 2  END                    0.0527   -0.03304 -0.04101
  34.    73   D 1 - 2 S 3 ; D 1 - 3 S 4 ; D 1 - 2 S 3 ; D 1 - 2 S 4  END                0.0527    0.03304  0.04101
  35.    46   D 1 - 3 S 4 ; D 1 - 3 S 5 ; D 1 S 2 D 3 ; D 1 S 2  END                    0.0508    0.03531  0.03646
  36.    45   D 1 - 3 S 5 ; D 1 - 3 S 4 ; D 1 - 2 S 3 ; S 1 D 2  END                    0.0508    0.03531  0.03646
  37.   271   D 1 - 3 S 4 ; D 1 - 3 S 4 ; S 1 D 2 - 3 ; D 1 S 2  END                    0.0500    0.01969 -0.04601
  38.   177   D 1 - 3 S 6 ; D 1 - 3 S 4 ; D 1 - 2 S 3 ; D 1 S 2  END                    0.0500   -0.01969  0.04601
  39.   200   D 1 - 3 D 6 ; D 1 - 3 ; D 1 - 2 ; D 1 - 2  END                            0.0481    0.04806
  40.   333   D 1 - 4 ; D 1 - 3 ; D 2 - 3 ; D 1 - 2  END                                0.0481    0.04806
  41.     7   D 1 - 3 S 4 ; D 1 - 3 S 5 ; D 1 - 2 S 3 ; S 1 D 2  END                    0.0470    0.04049  0.02383
  42.   227   D 1 - 3 S 4 ; D 1 - 3 S 5 ; D 1 S 2 D 3 ; S 1 D 2  END                    0.0469   -0.01580  0.04417
  43.   187   D 1 - 3 S 5 ; D 1 - 3 S 5 ; D 1 - 2 S 3 ; S 1 D 2  END                    0.0469    0.01580 -0.04417
  44.    10   D 1 - 3 ; D 1 - 3 S 4 - 5 ; D 1 - 3 ; S 1 - 2  END                        0.0444    0.00730  0.04377
  45.    81   D 1 - 3 ; D 1 - 3 S 4 - 5 ; D 1 S 2 - 3 ; D 1 - 2  END                    0.0442    0.03535  0.02657
  46.    80   D 1 - 3 S 4 - 5 ; D 1 - 3 ; D 1 - 3 ; S 1 - 2  END                        0.0442    0.03535  0.02657
  47.    85   D 1 - 3 S 4 S 6 ; D 1 - 3 ; D 1 S 2 - 3 ; D 1 - 2  END                    0.0419   -0.04168  0.00387
  48.    84   D 1 - 3 S 4 - 5 ; D 1 - 3 ; S 1 D 2 S 3 ; D 1 - 2  END                    0.0419   -0.04168  0.00388
  49.   239   D 1 - 3 D 5 ; D 1 - 3 ; D 1 S 2 - 3 ; D 1 - 2  END                        0.0418    0.04183
  50.   254   D 1 - 3 S 4 - 5 ; D 1 - 3 ; D 1 D 3 ; D 1 - 2  END                        0.0418    0.04183
  51.   383   D 1 - 3 S 5 ; D 1 - 2 S 3 ; D 1 - 2 S 3 ; D 1 - 2 S 3  END                0.0410    0.01866 -0.03652
  52.   394   D 1 - 3 S 4 ; D 1 - 2 S 3 ; D 1 S 2 D 3 ; D 1 - 2 S 3  END                0.0410   -0.01866  0.03652
  53.   156   D 1 - 4 ; D 1 - 3 ; D 1 - 3 ; D 2  END                                    0.0397    0.03968
  54.   202   D 1 - 3 ; D 1 - 3 D 5 ; D 1 - 2 ; D 1 - 2  END                            0.0397    0.03968
  55.   139   D 1 - 4 ; D 1 - 3 ; D 1 - 3 ; S 1 - 2  END                                0.0389    0.03894
  56.   201   D 1 - 3 ; D 1 - 3 S 4 - 5 ; D 1 - 2 ; D 1 - 2  END                        0.0389    0.03894
  57.   297   D 1 - 4 ; D 1 - 3 ; S 1 D 2 S 3 ; D 1 - 2  END                            0.0381    0.03814
  58.   198   D 1 - 3 S 4 S 6 ; D 1 - 3 ; D 1 - 2 ; D 1 - 2  END                        0.0381    0.03814
  59.    12   D 1 - 2 S 3 ; D 1 - 2 S 3 ; D 1 - 3 S 4 ; D 1 - 2 S 3  END                0.0376   -0.00033  0.03763
  60.   469   D 1 - 3 S 4 ; D 1 S 2 D 3 ; D 1 - 2 S 3 ; D 1 - 2 S 3  END                0.0360   -0.01988  0.03005
  61.   381   D 1 - 3 S 4 ; D 1 - 2 S 3 ; D 1 - 2 S 3 ; D 1 - 2 S 4  END                0.0360   -0.01988  0.03005
  62. 15673   D 1 - 4 ; D 1 - 4 ; D 1 - 2 ; D 1  END                                    0.0358    0.03579
  63.    22   D 1 - 3 ; D 1 - 3 S 4 - 5 ; S 1 D 2 S 3 ; D 1 - 2  END                    0.0352   -0.03239 -0.01374
  64.    23   D 1 - 3 S 4 S 6 ; D 1 - 3 ; D 1 - 3 ; S 1 - 2  END                        0.0352   -0.03239 -0.01374
  65.    60   D 1 - 3 S 4 ; D 1 - 3 S 4 ; S 1 D 2 - 3 ; S 1 D 2  END                    0.0340   -0.00250 -0.03394
  66.    61   D 1 - 3 S 6 ; D 1 - 3 S 5 ; D 1 - 2 S 3 ; D 1 S 2  END                    0.0340   -0.00250 -0.03394
  67.  2659   D 1 - 3 S 4 ; D 1 - 2 S 3 D 4 ; D 1 - 2 S 3 ; D 1 S 2  END                0.0333    0.00185 -0.03326
  68.  1247   D 1 - 3 S 4 ; D 1 - 3 S 4 ; D 1 - 2 S 3 ; D 1 S 3  END                    0.0333    0.00185 -0.03326
  69.   714   D 1 - 2 S 3 S 5 ; D 1 - 3 ; D 1 - 2 S 3 - 4 ; D 1 - 2  END                0.0323    0.01048  0.03055
  70.   724   D 1 - 2 S 3 - 4 ; D 1 - 3 ; D 1 S 2 D 3 S 4 ; D 1 - 2  END                0.0323   -0.01048 -0.03055
  71.    32   D 1 - 3 S 6 ; D 1 - 3 S 4 ; D 1 - 2 S 3 ; S 1 D 2  END                    0.0322   -0.02762 -0.01662
  72.    31   D 1 - 3 S 4 ; D 1 - 3 S 5 ; S 1 D 2 - 3 ; D 1 S 2  END                    0.0322   -0.02762 -0.01662
  73.   449   D 1 - 3 ; D 1 S 2 D 3 S 4 ; D 1 - 3 ; D 1 S 2 - 3  END                    0.0322    0.02785  0.01607
  74.   362   D 1 - 3 ; D 1 - 2 S 3 - 4 ; D 1 - 3 ; D 1 S 2 S 4  END                    0.0322    0.02785  0.01607
  75.   753   D 1 - 2 S 3 - 4 ; D 1 - 2 S 3 - 4 ; D 1 - 3 ; D 1 - 2  END                0.0310   -0.02932 -0.01014
  76.   178   D 1 - 3 ; D 1 - 3 ; D 1 - 2 S 3 - 4 ; D 1 S 2 - 3  END                    0.0310    0.02932  0.01014
  77.   215   D 1 - 3 S 6 ; D 1 - 3 S 4 ; D 1 S 2 D 3 ; D 1 S 2  END                    0.0305    0.00835 -0.02937
  78.   272   D 1 - 3 S 5 ; D 1 - 3 S 4 ; S 1 D 2 - 3 ; D 1 S 2  END                    0.0305    0.00835 -0.02937
  79.    49   D 1 - 3 S 4 - 5 ; D 1 - 3 ; S 1 - 2 D 3 ; D 1 - 2  END                    0.0302   -0.00758 -0.02921
  80.    50   D 1 - 3 S 5 - 6 ; D 1 - 3 ; D 1 S 2 - 3 ; D 1 - 2  END                    0.0302    0.00758  0.02921
  81.    69   D 1 - 3 S 4 S 6 ; D 1 - 3 ; D 1 D 3 ; D 1 - 2  END                        0.0290   -0.02905
  82.    68   D 1 - 3 D 5 ; D 1 - 3 ; S 1 D 2 S 3 ; D 1 - 2  END                        0.0290   -0.02905
  83.  2794   D 1 - 4 ; D 1 - 2 S 3 - 4 ; D 1 - 2 ; D 1 - 2  END                        0.0287    0.02875
  84.  1373   D 1 - 4 ; D 1 - 3 ; D 1 - 2 ; D 1 S 2 - 3  END                            0.0287   -0.02875
  85.    37   D 1 - 3 S 4 ; D 1 - 3 S 5 ; D 1 - 2 S 3 ; D 1 S 2  END                    0.0285    0.02841  0.00174
  86.    38   D 1 - 3 S 4 ; D 1 - 3 S 4 ; D 1 - 2 S 3 ; S 1 D 2  END                    0.0285   -0.02841 -0.00174
  87.   226   D 1 - 3 S 4 ; D 1 - 3 S 4 ; D 1 S 2 D 3 ; S 1 D 2  END                    0.0279    0.00691  0.02703
  88.   176   D 1 - 3 S 5 ; D 1 - 3 S 5 ; D 1 - 2 S 3 ; D 1 S 2  END                    0.0279    0.00691  0.02703
  89.   441   D 1 - 3 S 4 ; D 1 S 2 D 3 ; D 1 - 3 S 5 ; D 1 S 2  END                    0.0276   -0.01492 -0.02320
  90.   850   D 1 S 2 D 3 ; D 1 - 3 S 4 ; D 1 - 2 S 3 ; D 1 - 2 S 4  END                0.0276   -0.01492 -0.02320
  91. 16736   D 1 - 4 S 5 ; D 1 - 3 S 4 ; D 1 S 2 ; D 1 S 2  END                        0.0275    0.00876  0.02604
  92.    13   D 1 - 3 ; D 1 - 2 S 3 - 4 ; D 1 - 3 ; D 1 S 2 - 3  END                    0.0263    0.00861  0.02487
  93.   813   D 1 S 2 D 3 S 4 ; D 1 - 3 ; D 1 - 3 ; D 1 S 2 S 4  END                    0.0263   -0.01677 -0.02020
  94.   477   D 1 - 3 ; D 1 S 2 D 3 S 4 ; D 1 - 2 S 3 S 5 ; D 1 - 2  END                0.0263   -0.01677 -0.02020
  95.    18   D 1 - 3 ; D 1 S 2 D 3 S 4 ; D 1 - 3 ; D 1 S 2 S 4  END                    0.0258    0.01288  0.02236
  96.   436   D 1 - 3 ; D 1 - 2 ; D 1 - 3 ; D 1 - 2 S 3 - 4  END                        0.0258    0.02579
  97.   526   D 1 - 3 ; D 1 S 2 - 3 ; D 1 - 3 ; D 1 - 3  END                            0.0258   -0.02579
  98.  3229   D 1 - 3 S 4 S 6 ; D 1 - 2 S 3 - 4 ; S 1 D 2 S 3 ; D 1 - 2  END            0.0248   -0.00059 -0.00199  0.00155  0.00364
                                                                                                  0.02434
  99.  2003   D 1 - 3 S 4 S 6 ; D 1 - 3 ; S 1 D 2 S 3 ; D 1 S 2 - 3  END                0.0248   -0.00240 -0.00071 -0.00364 -0.00067
                                                                                                 -0.02434
 100.   517   D 1 - 3 ; D 1 S 2 - 3 D 4 ; D 1 - 3 ; D 1 - 2  END                        0.0242    0.02416




 POSITION OF FIRST SPIN COUPLING FOR TEN MOST IMPORTANT CONFIGURATIONS
     175    160      2    181    166      3     27     26     51     50



 ELAPSED TIME =     237.12 CPU SECONDS. (    251.04 WALL CLOCK SECONDS)
