 ************************************************************************
 * CISTAR - CONFIGURATION INTERACTION/PERTURBATION THEORY PROGRAM       *
 * QUANTUM CHEMISTRY GROUP - INDIANA UNIVERSITY -  5Jul 2016  02:09:36  *
 ************************************************************************



 THE TRANSFORMED INTEGRALS ARE TITLED: dumm                                    
 THE FILE IS DATED:                      4Jul 2016  22:11:17 
 THE NUMBER OF ORBITALS FROM FILE 16 IS  22.


                         CI RUN TITLE
                         -- --- -----
 )* H2O  -SINGLET A1-  STO-3G HF SD-CI TEST CASE *


 ) $
 ) $ GENERAL OPTIONS LIST INPUT
 ) $
 )MRSDCI=110      $ REQUEST UP TO SD EXCITATIONS FROM THESE CONFIGURATIONs
 )ISYMMETRY=1     $ SPECIFY Ag OVERALL SYMMETRY
 )MULTIPLICITY=1  $ SPECIFY SPIN MULTIPLICITY
 )END
 TIME TO PROCESS FORMULA FILE = 0.0 CPU SEC. ( 0.0 WALL CLOCK SEC.)

            THE REFERENCE SPACE CONFIGURATIONS
            --- --------- ----- --------------
 ) $
 ) $ SPECIFY THE HARTREE-FOCK CONFIGURATION
 ) $
 ) D 1 - 3 ; D 1 - 3 ; D 1 - 3 ; D 1 - 2  END
 ) D 1 - 4 ; D 1 - 3 ; D 1 - 2 ; D 1 - 2  END
 ) D 1 - 3 S 4 ; D 1 - 3 S 4 ; D 1 - 2 S 3 ; D 1 S 2  END
 ) D 1 - 3 S 4 - 5 ; D 1 - 3 ; D 1 S 2 - 3 ; D 1 - 2  END
 ) D 1 - 3 S 4 S 6 ; D 1 - 3 ; S 1 D 2 S 3 ; D 1 - 2  END
 ) D 1 - 3 S 4 ; D 1 - 2 S 3 ; D 1 - 2 S 3 ; D 1 - 2 S 3  END
 ) D 1 - 3 S 4 ; D 1 - 3 S 5 ; D 1 - 2 S 3 ; S 1 D 2  END
 ) D 1 - 2 S 3 - 4 ; D 1 - 3 ; D 1 - 2 S 3 - 4 ; D 1 - 2  END
 ) D 1 - 3 S 5 ; D 1 - 3 S 4 ; D 1 S 2 D 3 ; D 1 S 2  END
 ) D 1 - 3 ; D 1 - 3 S 4 - 5 ; D 1 - 3 ; S 1 - 2  END
 ) D 1 - 3 ; D 1 - 4 ; D 1 - 3 ; D 1  END
 ) D 1 - 2 S 3 ; D 1 - 2 S 3 ; D 1 - 3 S 4 ; D 1 - 2 S 3  END
 ) D 1 - 3 ; D 1 - 2 S 3 - 4 ; D 1 - 3 ; D 1 S 2 - 3  END
 ) D 1 - 3 S 4 ; D 1 S 2 D 3 ; D 1 - 2 S 3 ; D 1 - 2 S 4  END
 ) D 1 - 4 ; D 1 - 3 ; D 1 - 3 ; D 1  END
 ) D 1 - 3 ; D 1 - 4 ; D 1 - 2 ; D 1 - 2  END
 ) D 1 - 2 S 3 ; D 1 - 3 S 4 ; D 1 - 3 S 4 ; D 1 S 2  END
 ) D 1 - 3 ; D 1 S 2 D 3 S 4 ; D 1 - 3 ; D 1 S 2 S 4  END
 ) D 1 - 3 S 6 ; D 1 - 3 S 4 ; S 1 D 2 - 3 ; D 1 S 2  END
 ) D 1 - 3 ; D 1 S 2 - 3 ; D 1 - 3 ; D 1 - 2 S 3 - 4  END
 ) D 1 - 3 ; D 1 - 2 ; D 1 - 3 ; D 1 - 3  END
 ) D 1 - 3 ; D 1 - 3 S 4 - 5 ; S 1 D 2 S 3 ; D 1 - 2  END
 ) D 1 - 3 S 4 S 6 ; D 1 - 3 ; D 1 - 3 ; S 1 - 2  END
 ) S 1 D 2 - 3 S 4 ; D 1 - 3 ; D 1 - 2 S 3 S 6 ; D 1 - 2  END
 ) D 1 S 2 D 3 S 4 ; D 1 - 3 ; D 1 - 2 S 3 S 5 ; D 1 - 2  END
 ) D 1 - 3 S 5 ; D 1 - 2 S 3 ; D 1 S 2 D 3 ; D 1 - 2 S 3  END
 ) D 1 - 3 D 5 ; D 1 - 3 ; D 1 D 3 ; D 1 - 2  END
 ) D 1 - 3 S 5 ; D 1 - 3 S 5 ; D 1 S 2 D 3 ; S 1 D 2  END
 ) D 1 - 4 ; D 1 - 3 ; D 1 S 2 - 3 ; D 1 - 2  END
 ) D 1 - 3 S 4 - 5 ; D 1 - 3 ; D 1 - 2 ; D 1 - 2  END
 ) D 1 - 3 S 4 ; D 1 - 3 S 5 ; S 1 D 2 - 3 ; D 1 S 2  END
 ) D 1 - 3 S 6 ; D 1 - 3 S 4 ; D 1 - 2 S 3 ; S 1 D 2  END
 ) D 1 - 2 S 3 S 5 ; D 1 - 3 ; D 1 S 2 D 3 S 4 ; D 1 - 2  END
 ) D 1 - 2 S 3 ; D 1 S 2 D 3 ; D 1 - 3 S 4 ; D 1 - 2 S 4  END
 ) D 1 - 3 S 4 ; S 1 D 2 - 3 ; D 1 - 2 S 3 ; D 1 - 2 S 5  END
 ) D 1 - 3 S 5 - 6 ; D 1 - 3 ; S 1 - 2 D 3 ; D 1 - 2  END
 ) D 1 - 3 S 4 ; D 1 - 3 S 5 ; D 1 - 2 S 3 ; D 1 S 2  END
 ) D 1 - 3 S 4 ; D 1 - 3 S 4 ; D 1 - 2 S 3 ; S 1 D 2  END
 ) D 1 S 2 D 3 ; D 1 - 2 S 3 ; D 1 - 3 S 5 ; D 1 - 2 S 3  END
 ) D 1 - 2 ; D 1 - 3 ; D 1 - 4 ; D 1 - 2  END
 ) D 1 - 3 ; D 1 - 2 S 3 S 5 ; D 1 - 3 ; S 1 D 2 S 3  END
 ) D 1 S 2 D 3 S 5 ; D 1 - 3 ; D 1 S 2 D 3 S 5 ; D 1 - 2  END
 ) D 1 - 3 ; D 1 - 2 S 3 - 4 ; D 1 - 2 S 3 - 4 ; D 1 - 2  END
 ) D 1 - 2 S 3 - 4 ; D 1 - 3 ; D 1 - 3 ; D 1 S 2 - 3  END
 ) D 1 - 3 S 5 ; D 1 - 3 S 4 ; D 1 - 2 S 3 ; S 1 D 2  END
 ) D 1 - 3 S 4 ; D 1 - 3 S 5 ; D 1 S 2 D 3 ; D 1 S 2  END
 ) D 1 - 3 ; D 1 - 4 ; D 1 S 2 - 3 ; D 1 - 2  END
 ) D 1 - 3 S 4 - 5 ; D 1 - 3 ; D 1 - 3 ; D 1  END
 ) D 1 - 3 S 4 - 5 ; D 1 - 3 ; S 1 - 2 D 3 ; D 1 - 2  END
 ) D 1 - 3 S 5 - 6 ; D 1 - 3 ; D 1 S 2 - 3 ; D 1 - 2  END
 ) D 1 - 3 S 6 ; D 1 - 2 S 3 ; S 1 D 2 - 3 ; D 1 - 2 S 3  END
 ) D 1 - 3 S 5 ; D 1 - 3 S 4 ; D 1 - 2 S 3 ; D 1 S 2  END
 ) D 1 - 3 S 4 ; D 1 - 3 S 4 ; D 1 S 2 D 3 ; D 1 S 2  END
 ) D 1 - 3 S 6 ; D 1 - 3 S 5 ; S 1 D 2 - 3 ; S 1 D 2  END
 ) D 1 - 2 S 3 ; D 1 - 3 S 5 ; D 1 - 3 S 4 ; S 1 D 2  END
 ) D 1 S 2 D 3 ; D 1 - 3 S 4 ; D 1 - 3 S 5 ; D 1 S 2  END
 ) D 1 - 3 S 5 ; D 1 - 3 S 5 ; D 1 S 2 D 3 ; D 1 S 2  END
 ) D 1 - 3 S 5 ; D 1 - 3 S 4 ; D 1 S 2 D 3 ; S 1 D 2  END
 ) D 1 - 3 ; S 1 D 2 S 3 ; D 1 - 3 ; D 1 - 2 S 3 S 5  END
 ) D 1 - 3 S 4 ; D 1 - 3 S 4 ; S 1 D 2 - 3 ; S 1 D 2  END
 ) D 1 - 3 S 6 ; D 1 - 3 S 5 ; D 1 - 2 S 3 ; D 1 S 2  END
 ) D 1 - 3 S 5 ; D 1 S 2 D 3 ; D 1 S 2 D 3 ; D 1 - 2 S 4  END
 ) D 1 S 2 - 3 ; D 1 - 3 ; D 1 - 3 S 4 - 5 ; D 1 - 2  END
 ) D 1 - 3 ; S 1 D 2 - 3 S 4 ; D 1 - 3 ; D 1 S 2 S 5  END
 ) S 1 D 2 - 3 ; D 1 - 2 S 3 ; D 1 - 3 S 6 ; D 1 - 2 S 3  END
 ) D 1 - 2 S 3 ; D 1 - 3 S 4 ; D 1 - 2 S 3 ; D 1 - 2 S 3  END
 ) D 1 - 3 S 4 ; D 1 - 2 S 3 ; D 1 - 3 S 4 ; D 1 S 2  END
 ) D 1 - 3 D 5 ; D 1 - 3 ; S 1 D 2 S 3 ; D 1 - 2  END
 ) D 1 - 3 S 4 S 6 ; D 1 - 3 ; D 1 D 3 ; D 1 - 2  END
 ) D 1 - 4 ; D 1 - 3 ; D 1 D 3 ; D 1 - 2  END
 ) D 1 - 3 D 5 ; D 1 - 3 ; D 1 - 2 ; D 1 - 2  END
 ) D 1 - 3 ; S 1 D 2 - 3 S 5 ; D 1 - 3 ; S 1 D 2 S 5  END
 ) D 1 - 2 S 3 ; D 1 - 3 S 4 ; D 1 - 2 S 3 ; D 1 - 2 S 4  END
 ) D 1 - 3 S 4 ; D 1 S 2 D 3 ; D 1 - 3 S 4 ; D 1 S 2  END
 ) D 1 - 3 ; D 1 S 2 D 3 S 4 ; D 1 - 2 S 3 - 4 ; D 1 - 2  END
 ) D 1 - 2 S 3 - 4 ; D 1 - 3 ; D 1 - 3 ; D 1 S 2 S 4  END
 ) D 1 - 2 S 3 ; S 1 D 2 - 3 ; D 1 - 3 S 4 ; D 1 - 2 S 5  END
 ) D 1 - 2 ; D 1 - 3 ; D 1 - 3 ; D 1 - 3  END
 ) D 1 - 3 ; D 1 - 2 ; D 1 - 4 ; D 1 - 2  END
 ) D 1 - 3 S 4 - 5 ; D 1 - 3 ; D 1 - 3 ; S 1 - 2  END
 ) D 1 - 3 ; D 1 - 3 S 4 - 5 ; D 1 S 2 - 3 ; D 1 - 2  END
 ) D 1 - 3 ; D 1 - 3 S 4 - 5 ; D 1 D 3 ; D 1 - 2  END
 ) D 1 - 3 D 5 ; D 1 - 3 ; D 1 - 3 ; S 1 - 2  END
 ) D 1 - 3 S 4 - 5 ; D 1 - 3 ; S 1 D 2 S 3 ; D 1 - 2  END
 ) D 1 - 3 S 4 S 6 ; D 1 - 3 ; D 1 S 2 - 3 ; D 1 - 2  END
 ) D 1 - 2 S 3 ; D 1 S 2 D 3 ; D 1 - 3 S 4 ; D 1 - 2 S 3  END
 ) D 1 - 2 S 3 ; D 1 - 2 S 3 ; D 1 - 3 S 4 ; D 1 - 2 S 4  END
 ) S 1 D 2 - 3 S 6 ; D 1 - 3 ; S 1 D 2 - 3 S 6 ; D 1 - 2  END
 ) D 1 - 3 ; D 1 - 3 D 5 ; D 1 - 3 ; D 2  END
 ) D 1 S 2 D 3 ; D 1 S 2 D 3 ; D 1 - 3 S 5 ; D 1 - 2 S 4  END
 ) S 1 D 2 - 3 ; D 1 - 3 S 4 ; D 1 - 3 S 6 ; D 1 S 2  END
 ) D 1 - 3 S 5 ; D 1 - 2 S 3 ; D 1 - 3 S 4 ; D 1 S 2  END
 ) D 1 - 2 S 3 ; D 1 - 3 S 4 ; D 1 S 2 D 3 ; D 1 - 2 S 3  END
 ) D 1 - 3 ; D 1 S 2 D 3 S 4 ; D 1 S 2 D 3 S 5 ; D 1 - 2  END
 ) D 1 S 2 D 3 S 5 ; D 1 - 3 ; D 1 - 3 ; D 1 S 2 S 4  END
 ) D 1 - 3 ; D 1 - 4 ; D 1 - 3 ; D 2  END
 ) D 1 - 3 ; D 1 - 3 D 5 ; D 1 - 3 ; D 1  END
 ) D 1 - 3 ; D 1 - 4 ; D 1 D 3 ; D 1 - 2  END
 ) D 1 - 3 D 5 ; D 1 - 3 ; D 1 - 3 ; D 1  END
 ) D 1 - 3 ; D 1 S 2 D 3 S 5 ; D 1 - 3 ; S 1 D 2 S 4  END
 ) D 1 - 2 S 3 S 5 ; D 1 - 3 ; D 1 - 3 ; D 1 S 2 - 3  END
 ) D 1 - 3 ; D 1 - 2 S 3 - 4 ; D 1 S 2 D 3 S 4 ; D 1 - 2  END
 ) D 1 - 3 S 4 ; D 1 - 3 S 4 ; D 1 S 2 D 3 ; S 1 D 2  END
 ) D 1 - 3 S 5 ; D 1 - 3 S 5 ; D 1 - 2 S 3 ; D 1 S 2  END
 ) D 1 - 3 S 6 ; D 1 S 2 D 3 ; S 1 D 2 - 3 ; D 1 - 2 S 4  END
 ) D 1 - 2 S 3 ; D 1 S 2 D 3 ; D 1 - 3 S 5 ; D 1 - 2 S 3  END
 ) D 1 S 2 D 3 ; D 1 - 2 S 3 ; D 1 - 3 S 4 ; D 1 - 2 S 4  END
 ) D 1 - 3 S 5 ; D 1 S 2 D 3 ; D 1 - 3 S 5 ; D 1 S 2  END
 ) D 1 S 2 D 3 ; D 1 - 3 S 4 ; D 1 S 2 D 3 ; D 1 - 2 S 4  END
 ) D 1 - 3 D 6 ; D 1 - 3 ; D 2 - 3 ; D 1 - 2  END

               INTERNALLY GENERATED ORBITAL SETS (MR SD-CI TYPE 1)
               ---------- --------- ------- ---------------------
 MIN. MAX.
 OCC. OCC.
   0   4   0001110001100011100111
  18  22   1110001110011100011000
 THE REFERENCE SPACE CONTAINS 194 SPIN-ADAPTED CONFIGURATIONS.


     90296 SPACE ORBITAL PRODUCTS (   473532 SPIN-ADAPTED CONFIGURATIONS)
 WERE GENERATED IN     0.1 CPU SECONDS.
 TIME IN DIAGC    0.0


 THE TOTAL NUMBER OF SPACE ORBITAL PRODUCTS IS          90296
 THE TOTAL NUMBER OF SPIN-ADAPTED CONFIGURATIONS IS    473532
 THE MAX. NUMBER OF SPIN COUPLINGS IN A S.O.P. IS   14
 THERE WILL BE         2 INTEGRAL LOADS UTILIZING  79995967 WORDS OF MEMORY.
 writ50, first, nrec= T       15872
 A TOTAL OF 16777982 NONZERO S.O.P. PAIRS WERE FOUND.
 TIME TO FIND (I,J) PAIRS =   21.27 CPU SECONDS.
 THE VALUE OF THE H(1,1) ELEMENT IS  -340.1900082

          HAMILTONIAN MATRIX STORAGE DATA
 I/O   NO. OF    NO. OF     FILE SIZE    PERCENT NONZERO
 FILE  RECORDS   ELEMENTS   (IN BYTES)    IN ALL BLOCKS
  12         4     947064      7576532
  13      1834    1743129     29351336
  17     78198  309840666   1385338716      64.4
  18      4800   37922904    460819200
  19      2545   20300875    203610180
  20      1250    9985022     80005000
 TOTAL ELAPSED TIME =    61.4 CPU SECONDS AND       65.7 WALL CLOCK SECONDS.
