 ************************************************************************
 * RTSIM - DAVIDSON METHOD SPARSE MATRIX EIGENVALUE/EIGENVECTOR PROGRAM *
 * QUANTUM CHEMISTRY GROUP - INDIANA UNIVERSITY -  1Jul 2016  16:12:25  *
 ************************************************************************



                 DIAGONALIZATION RUN TITLE
                 -------------------------
 )* WATER TEST *



 ) DAVIDSON
 ) LAST=5
 ) COEFF
 ) NOVLP
 ) MAXITR=1000 END

 THE CI MATRIX IS TITLED:  H2O  -SINGLET A1-  STO-3G HF SD-CI TEST
 THE MATRIX IS DATED:      1Jul 2016  16:03:12 
 THE SPIN MULTIPLICITY IS 1 AND THE DIMENSION IS ******.

 ROOTS  1 THROUGH  5 WILL BE OBTAINED.

  
  
  
 AMOUNT OF CORE AVAILABLE                      80000000
 MAXIMUM NUMBER OF VECTORS PER ITERATION              5
 MAXIMUM NUMBER OF VECTORS ON DISK                   25
 NUMBER OF SOLUTIONS SOUGHT                           5
 NUMBER OF SOLUTIONS INVESTIGATED                     5
 SIZE OF MATRIX DIAGONALISED                    1002597
  
  
 INITIAL GUESS AT ROOTS (OBTAINED FROM DIAGONAL ELEMENTS OF HAMILTONIAN MATRIX)

                1        -340.19001
              165        -337.32047
               23        -335.66067
                8        -335.66067
                2        -335.31268


 ITERATION       ROOT           EIGENVALUE          NORM OF RESIDUAL
     1             1          -340.33676964              7.13769
     1             2          -337.37661638              7.16276
     1             3          -335.82147977              7.25288
     1             4          -335.42419034              7.05732
     1             5          -335.18543645              7.16434
     2             1          -343.65215515              9.47041
     2             2          -340.68695301             10.92171
     2             3          -339.33127564             13.10399
     2             4          -338.57539383             10.89283
     2             5          -337.18256124             15.33793
     2             1          -343.65215515              4.29903
     2             2          -340.68695301              4.05518
     2             3          -339.33127564              4.15401
     2             4          -338.57539383              3.57294
     2             5          -337.18256124              5.40275
     3             1          -344.49371169              6.43614
     3             2          -341.51162280              6.58950
     3             3          -340.38476270             11.91289
     3             4          -339.19854631              8.10363
     3             5          -338.92592411             16.49708
     3             1          -344.49371169              1.51179
     3             2          -341.51162280              1.86022
     3             3          -340.38476270              2.26923
     3             4          -339.19854631              1.47123
     3             5          -338.92592411              2.51758
     4             1          -344.58382079              1.97174
     4             2          -341.71406653              3.95450
     4             3          -340.69391034              5.56945
     4             4          -339.34679735             22.91793
     4             5          -339.25148891             23.56560
     4             1          -344.58382079              0.56711
     4             2          -341.71406653              1.08054
     4             3          -340.69391034              1.22478
     4             4          -339.34679735              1.06629
     4             5          -339.25148891              1.04398
     5             1          -344.60065401              1.12437
     5             2          -341.81170347              4.53051
     5             3          -340.82089858              5.36321
     5             4          -339.59226293             26.64546
     5             5          -339.31947915             24.30625
  truncating with vlp=false 
 TRUNCATION TO 1 VECTOR PER ROOT HAS BEEN PERFORMED
     5             1          -344.60065401              0.23664
     5             2          -341.81170347              0.74474
     5             3          -340.82089858              0.84702
     5             4          -339.59226293              1.76221
     5             5          -339.31947915              0.51009
     6             1          -344.60281496              0.23114
     6             2          -341.83862209              1.14907
     6             3          -340.85962584              1.53869
     6             4          -339.76898667              3.44962
     6             5          -339.32999327              1.99560
     6             1          -344.60281496              0.10228
     6             2          -341.83862209              0.42016
     6             3          -340.85962584              0.52217
     6             4          -339.76898667              1.11838
     6             5          -339.32999327              0.24279
     7             1          -344.60347817              0.24758
     7             2          -341.85362149              1.63909
     7             3          -340.89292123              3.27241
     7             4          -339.95728741              8.43050
     7             5          -339.33683130              1.95254
     7             1          -344.60347817              0.06170
     7             2          -341.85362149              0.33244
     7             3          -340.89292123              0.58071
     7             4          -339.95728741              1.42388
     7             5          -339.33683130              0.23326
     8             1          -344.60365079              0.13251
     8             2          -341.86117446              1.32774
     8             3          -340.92161909              3.62907
     8             4          -340.07443686              8.25395
     8             5          -339.34157236              2.07147
     8             1          -344.60365079              0.02495
     8             2          -341.86117446              0.18138
     8             3          -340.92161909              0.40568
     8             4          -340.07443686              1.20619
     8             5          -339.34157236              0.17706
     9             1          -344.60367534              0.04372
     9             2          -341.86323804              0.62417
     9             3          -340.93478153              2.36844
     9             4          -340.18968130              7.10908
     9             5          -339.42049555            242.21909
  truncating with vlp=false 
 TRUNCATION TO 1 VECTOR PER ROOT HAS BEEN PERFORMED
     9             1          -344.60367534              0.01131
     9             2          -341.86323804              0.07986
     9             3          -340.93478153              0.27181
     9             4          -340.18968130              0.76638
     9             5          -339.42049555              1.87449
    10             1          -344.60367968              0.01123
    10             2          -341.86357527              0.14520
    10             3          -340.93992601              0.83045
    10             4          -340.21413017              2.23289
    10             5          -339.62670814              4.10519
    10             1          -344.60367968              0.00669
    10             2          -341.86357527              0.04598
    10             3          -340.93992601              0.21766
    10             4          -340.21413017              0.65817
    10             5          -339.62670814              1.22410
    11             1          -344.60368214              0.02457
    11             2          -341.86372905              0.23961
    11             3          -340.94550561              2.22793
    11             4          -340.26004546              7.81951
    11             5          -339.78866663             11.62753
    11             1          -344.60368214              0.00350
    11             2          -341.86372905              0.02930
    11             3          -340.94550561              0.20559
    11             4          -340.26004546              0.61097
    11             5          -339.78866663              1.09306
    12             1          -344.60368261              0.01050
    12             2          -341.86377770              0.13476
    12             3          -340.94818699              1.56234
    12             4          -340.28844570              7.15527
    12             5          -339.86583678              9.34636
    12             1          -344.60368261              0.00143
    12             2          -341.86377770              0.01555
    12             3          -340.94818699              0.11932
    12             4          -340.28844570              0.41966
    12             5          -339.86583678              0.64418
    13             1          -344.60368271              0.00459
    13             2          -341.86379048              0.06501
    13             3          -340.94919221              0.97177
    13             4          -340.30604366              7.14982
    13             5          -339.89844652             16.25909
  truncating with vlp=false 
 TRUNCATION TO 1 VECTOR PER ROOT HAS BEEN PERFORMED
    13             1          -344.60368271              0.00066
    13             2          -341.86379048              0.00921
    13             3          -340.94919221              0.09461
    13             4          -340.30604366              0.46654
    13             5          -339.89844652              0.80220
    14             1          -344.60368272              0.00068
    14             2          -341.86379443              0.01189
    14             3          -340.94967236              0.18502
    14             4          -340.31825880              1.38488
    14             5          -339.93330364              1.72865
    14             1          -344.60368272              0.00036
    14             2          -341.86379443              0.00561
    14             3          -340.94967236              0.06665
    14             4          -340.31825880              0.33667
    14             5          -339.93330364              0.53498
    15             1          -344.60368273              0.00095
    15             2          -341.86379652              0.02147
    15             3          -340.95005103              0.39431
    15             4          -340.32956818              2.91212
    15             5          -339.96257591              4.11294
    15             1          -344.60368273              0.00019
    15             2          -341.86379652              0.00363
    15             3          -340.95005103              0.05687
    15             4          -340.32956818              0.34666
    15             5          -339.96257591              0.56065
    16             1          -344.60368273              0.00051
    16             2          -341.86379724              0.01465
    16             3          -340.95025805              0.36561
    16             4          -340.33959695              3.68507
    16             5          -339.99277377              6.63924
    16             1          -344.60368273              0.00007
    16             2          -341.86379724              0.00188
    16             3          -340.95025805              0.03492
    16             4          -340.33959695              0.28589
    16             5          -339.99277377              0.55004
     ROOT    ITERATION     NUMBER OF PRODUCTS       EIGENVALUE
       1        16                75                -344.6036827307


    17             2          -341.86379745              0.00788
    17             3          -340.95034170              0.24328
    17             4          -340.34739205              3.97387
    17             5          -340.02632709              9.65527
  truncating with vlp=false 
 TRUNCATION TO 1 VECTOR PER ROOT HAS BEEN PERFORMED
    17             2          -341.86379745              0.00113
    17             3          -340.95034170              0.02724
    17             4          -340.34739205              0.31399
    17             5          -340.02632709              0.67338
    18             2          -341.86379751              0.00149
    18             3          -340.95038387              0.05363
    18             4          -340.35332746              1.08088
    18             5          -340.05116067              1.45102
    18             2          -341.86379751              0.00067
    18             3          -340.95038387              0.02044
    18             4          -340.35332746              0.24961
    18             5          -340.05116067              0.48626
    19             2          -341.86379753              0.00207
    19             3          -340.95042582              0.13197
    19             4          -340.36167741              2.82509
    19             5          -340.08166790              4.22634
    19             2          -341.86379753              0.00041
    19             3          -340.95042582              0.02002
    19             4          -340.36167741              0.31680
    19             5          -340.08166790              0.59663
    20             2          -341.86379754              0.00143
    20             3          -340.95045213              0.13523
    20             4          -340.37107758              4.16974
    20             5          -340.11384785              6.82908
    20             2          -341.86379754              0.00022
    20             3          -340.95045213              0.01358
    20             4          -340.37107758              0.30432
    20             5          -340.11384785              0.56428
    21             2          -341.86379755              0.00086
    21             3          -340.95046787              0.12413
    21             4          -340.38311108              6.39029
    21             5          -340.15532279             11.30939
    21             2          -341.86379755              0.00015
    21             3          -340.95046787              0.01241
    21             4          -340.38311108              0.41374
    21             5          -340.15532279              0.75680
    22             2          -341.86379755              0.00083
    22             3          -340.95048076              0.12836
    22             4          -340.40499416             11.83482
    22             5          -340.21776574             18.94912
  truncating with vlp=false 
 TRUNCATION TO 1 VECTOR PER ROOT HAS BEEN PERFORMED
    22             2          -341.86379755              0.00006
    22             3          -340.95048076              0.00857
    22             4          -340.40499416              0.43594
    22             5          -340.21776574              0.65351
     ROOT    ITERATION     NUMBER OF PRODUCTS       EIGENVALUE
       2        22                99                -341.8637975477


    23             3          -340.95048386              0.01631
    23             4          -340.41410069              2.03326
    23             5          -340.23582032              2.12722
    23             3          -340.95048386              0.00477
    23             4          -340.41410069              0.27274
    23             5          -340.23582032              0.36071
    24             3          -340.95048563              0.02001
    24             4          -340.42076702              2.10873
    24             5          -340.24663946              2.30954
    24             3          -340.95048563              0.00364
    24             4          -340.42076702              0.23285
    24             5          -340.24663946              0.28583
    25             3          -340.95048649              0.01681
    25             4          -340.42458511              1.61325
    25             5          -340.25224126              1.82637
    25             3          -340.95048649              0.00219
    25             4          -340.42458511              0.15606
    25             5          -340.25224126              0.18933
    26             3          -340.95048679              0.01048
    26             4          -340.42640027              1.07987
    26             5          -340.25496213              1.30996
    26             3          -340.95048679              0.00127
    26             4          -340.42640027              0.10570
    26             5          -340.25496213              0.13164
    27             3          -340.95048692              0.00807
    27             4          -340.42742629              0.95445
    27             5          -340.25665169              1.28184
    27             3          -340.95048692              0.00109
    27             4          -340.42742629              0.10327
    27             5          -340.25665169              0.13351
    28             3          -340.95048701              0.00789
    28             4          -340.42839377              1.09293
    28             5          -340.25838659              1.57894
  truncating with vlp=false 
 TRUNCATION TO 1 VECTOR PER ROOT HAS BEEN PERFORMED
    28             3          -340.95048701              0.00089
    28             4          -340.42839377              0.10121
    28             5          -340.25838659              0.13988
    29             3          -340.95048704              0.00135
    29             4          -340.42886305              0.19618
    29             5          -340.25928601              0.25097
    29             3          -340.95048704              0.00053
    29             4          -340.42886305              0.06293
    29             5          -340.25928601              0.08669
    30             3          -340.95048707              0.00267
    30             4          -340.42923679              0.39362
    30             5          -340.26003069              0.55223
    30             3          -340.95048707              0.00044
    30             4          -340.42923679              0.05957
    30             5          -340.26003069              0.08531
    31             3          -340.95048708              0.00322
    31             4          -340.42956725              0.57451
    31             5          -340.26075422              0.88397
    31             3          -340.95048708              0.00033
    31             4          -340.42956725              0.05396
    31             5          -340.26075422              0.08271
    32             3          -340.95048709              0.00279
    32             4          -340.42985069              0.66127
    32             5          -340.26147366              1.15862
    32             3          -340.95048709              0.00025
    32             4          -340.42985069              0.04959
    32             5          -340.26147366              0.08271
    33             3          -340.95048709              0.00173
    33             4          -340.43004621              0.54370
    33             5          -340.26206869              1.11048
    33             3          -340.95048709              0.00015
    33             4          -340.43004621              0.03591
    33             5          -340.26206869              0.06566
    34             3          -340.95048710              0.00094
    34             4          -340.43014620              0.34504
    34             5          -340.26243143              0.79954
  truncating with vlp=false 
 TRUNCATION TO 1 VECTOR PER ROOT HAS BEEN PERFORMED
    34             3          -340.95048710              0.00012
    34             4          -340.43014620              0.03256
    34             5          -340.26243143              0.06417
    35             3          -340.95048710              0.00017
    35             4          -340.43019563              0.04994
    35             5          -340.26262529              0.09593
    35             3          -340.95048710              0.00007
    35             4          -340.43019563              0.02040
    35             5          -340.26262529              0.04051
     ROOT    ITERATION     NUMBER OF PRODUCTS       EIGENVALUE
       3        35               138                -340.9504870961


    36             4          -340.43023337              0.07847
    36             5          -340.26277771              0.15805
    36             4          -340.43023337              0.01692
    36             5          -340.26277771              0.03481
    37             4          -340.43025340              0.08481
    37             5          -340.26286728              0.18729
    37             4          -340.43025340              0.01161
    37             5          -340.26286728              0.02526
    38             4          -340.43026377              0.07034
    38             5          -340.26291881              0.16843
    38             4          -340.43026377              0.00857
    38             5          -340.26291881              0.01968
    39             4          -340.43026929              0.05931
    39             5          -340.26294938              0.15248
    39             4          -340.43026929              0.00647
    39             5          -340.26294938              0.01580
    40             4          -340.43027276              0.05259
    40             5          -340.26297075              0.14299
    40             4          -340.43027276              0.00711
    40             5          -340.26297075              0.01801
    41             4          -340.43027956              0.12711
    41             5          -340.26302227              0.41509
    41             4          -340.43027956              0.00617
    41             5          -340.26302227              0.01869
    42             4          -340.43028151              0.04387
    42             5          -340.26304198              0.18315
    42             4          -340.43028151              0.00332
    42             5          -340.26304198              0.01102
    43             4          -340.43028221              0.02018
    43             5          -340.26305010              0.08656
  truncating with vlp=false 
 TRUNCATION TO 1 VECTOR PER ROOT HAS BEEN PERFORMED
    43             4          -340.43028221              0.00234
    43             5          -340.26305010              0.00816
    44             4          -340.43028246              0.00284
    44             5          -340.26305317              0.01013
    44             4          -340.43028246              0.00149
    44             5          -340.26305317              0.00526
    45             4          -340.43028265              0.00616
    45             5          -340.26305565              0.02253
    45             4          -340.43028265              0.00134
    45             5          -340.26305565              0.00495
    46             4          -340.43028277              0.00717
    46             5          -340.26305740              0.02865
    46             4          -340.43028277              0.00065
    46             5          -340.26305740              0.00256
    47             4          -340.43028279              0.00244
    47             5          -340.26305776              0.01073
    47             4          -340.43028279              0.00042
    47             5          -340.26305776              0.00173
    48             4          -340.43028281              0.00251
    48             5          -340.26305799              0.01115
    48             4          -340.43028281              0.00034
    48             5          -340.26305799              0.00146
    49             4          -340.43028282              0.00249
    49             5          -340.26305817              0.01171
    49             4          -340.43028282              0.00029
    49             5          -340.26305817              0.00130
    50             4          -340.43028282              0.00233
    50             5          -340.26305832              0.01193
    50             4          -340.43028282              0.00024
    50             5          -340.26305832              0.00113
    51             4          -340.43028283              0.00222
    51             5          -340.26305844              0.01257
    51             4          -340.43028283              0.00019
    51             5          -340.26305844              0.00100
    52             4          -340.43028283              0.00173
    52             5          -340.26305852              0.01100
    52             4          -340.43028283              0.00017
    52             5          -340.26305852              0.00095
    53             4          -340.43028283              0.00186
    53             5          -340.26305861              0.01314
  truncating with vlp=false 
 TRUNCATION TO 1 VECTOR PER ROOT HAS BEEN PERFORMED
    53             4          -340.43028283              0.00012
    53             5          -340.26305861              0.00074
    54             4          -340.43028283              0.00015
    54             5          -340.26305863              0.00093
    54             4          -340.43028283              0.00007
    54             5          -340.26305863              0.00045
     ROOT    ITERATION     NUMBER OF PRODUCTS       EIGENVALUE
       4        54               176                -340.4302828326


    55             5          -340.26305864              0.00042
    55             5          -340.26305864              0.00043
    56             5          -340.26305865              0.00136
    56             5          -340.26305865              0.00035
    57             5          -340.26305866              0.00144
    57             5          -340.26305866              0.00024
    58             5          -340.26305866              0.00127
    58             5          -340.26305866              0.00020
    59             5          -340.26305866              0.00117
    59             5          -340.26305866              0.00017
    60             5          -340.26305867              0.00108
    60             5          -340.26305867              0.00015
    61             5          -340.26305867              0.00118
    61             5          -340.26305867              0.00014
    62             5          -340.26305867              0.00142
    62             5          -340.26305867              0.00013
    63             5          -340.26305867              0.00109
    63             5          -340.26305867              0.00011
    64             5          -340.26305867              0.00078
    64             5          -340.26305867              0.00008
     ROOT    ITERATION     NUMBER OF PRODUCTS       EIGENVALUE
       5        64               186                -340.2630586731


  all roots converged 
  

 ************************************
 COMPLETED CI VECTOR OPTIMISATION
 ************************************





 ********************************
 RESULTS FOR ROOT   01
 TOTAL CI ENERGY =   -344.6036827
 ********************************

       CONF.                                                                           COEFF.
        NO.        SPACE ORBITAL PRODUCTS                                             CONTRIB.      CI COEFFICIENTS

       -----       ----------------------                                             --------   ---------------------
   1.     1   D 1 - 3 ; D 1 - 3 ; D 1 - 3 ; D 1 - 2  END                                0.7987   -0.79874
   2.   125   D 1 - 4 ; D 1 - 3 ; D 1 - 2 ; D 1 - 2  END                                0.1861    0.18610
   3.    95   D 1 - 3 S 4 ; D 1 - 3 S 4 ; D 1 - 2 S 3 ; D 1 S 2  END                    0.1402    0.01951 -0.13881
   4.   177   D 1 - 3 S 4 - 5 ; D 1 - 3 ; D 1 S 2 - 3 ; D 1 - 2  END                    0.0940    0.01536  0.09270
   5.   250   D 1 - 3 S 4 S 6 ; D 1 - 3 ; S 1 D 2 S 3 ; D 1 - 2  END                    0.0857    0.01501  0.08439
   6.   341   D 1 - 3 S 4 ; D 1 - 2 S 3 ; D 1 - 2 S 3 ; D 1 - 2 S 3  END                0.0739   -0.01811  0.07168
   7.   111   D 1 - 3 S 4 ; D 1 - 3 S 5 ; D 1 - 2 S 3 ; S 1 D 2  END                    0.0730   -0.01312  0.07183
   8.   692   D 1 - 2 S 3 - 4 ; D 1 - 3 ; D 1 - 2 S 3 - 4 ; D 1 - 2  END                0.0660   -0.03500 -0.05592
   9.   148   D 1 - 3 S 5 ; D 1 - 3 S 4 ; D 1 S 2 D 3 ; D 1 S 2  END                    0.0643   -0.00639  0.06397
  10.    60   D 1 - 3 ; D 1 - 3 S 4 - 5 ; D 1 - 3 ; S 1 - 2  END                        0.0642    0.00522  0.06401
  11.    38   D 1 - 3 ; D 1 - 4 ; D 1 - 3 ; D 1  END                                    0.0637    0.06365
  12.   743   D 1 - 2 S 3 ; D 1 - 2 S 3 ; D 1 - 3 S 4 ; D 1 - 2 S 3  END                0.0604   -0.00386  0.06033
  13.   320   D 1 - 3 ; D 1 - 2 S 3 - 4 ; D 1 - 3 ; D 1 S 2 - 3  END                    0.0546    0.01807  0.05152
  14.   438   D 1 - 3 S 4 ; D 1 S 2 D 3 ; D 1 - 2 S 3 ; D 1 - 2 S 4  END                0.0514   -0.02565  0.04460
  15.    32   D 1 - 4 ; D 1 - 3 ; D 1 - 3 ; D 1  END                                    0.0495    0.04949
  16.   131   D 1 - 3 ; D 1 - 4 ; D 1 - 2 ; D 1 - 2  END                                0.0495    0.04949
  17.   671   D 1 - 2 S 3 ; D 1 - 3 S 4 ; D 1 - 3 S 4 ; D 1 S 2  END                    0.0476    0.02223 -0.04207
  18.   417   D 1 - 3 ; D 1 S 2 D 3 S 4 ; D 1 - 3 ; D 1 S 2 S 4  END                    0.0468    0.03231  0.03380
  19.   222   D 1 - 3 S 6 ; D 1 - 3 S 4 ; S 1 D 2 - 3 ; D 1 S 2  END                    0.0452   -0.00481  0.04492
  20.   498   D 1 - 3 ; D 1 S 2 - 3 ; D 1 - 3 ; D 1 - 2 S 3 - 4  END                    0.0445   -0.00550 -0.04415
  21.   401   D 1 - 3 ; D 1 - 2 ; D 1 - 3 ; D 1 - 3  END                                0.0438    0.04381
  22.   255   D 1 - 3 ; D 1 - 3 S 4 - 5 ; S 1 D 2 S 3 ; D 1 - 2  END                    0.0437    0.00275  0.04359
  23.    55   D 1 - 3 S 4 S 6 ; D 1 - 3 ; D 1 - 3 ; S 1 - 2  END                        0.0437    0.00275  0.04359
  24.   997   S 1 D 2 - 3 S 4 ; D 1 - 3 ; D 1 - 2 S 3 S 6 ; D 1 - 2  END                0.0435    0.02636  0.03465
  25.   834   D 1 S 2 D 3 S 4 ; D 1 - 3 ; D 1 - 2 S 3 S 5 ; D 1 - 2  END                0.0425    0.02351  0.03540
  26.   359   D 1 - 3 S 5 ; D 1 - 2 S 3 ; D 1 S 2 D 3 ; D 1 - 2 S 3  END                0.0419    0.01710 -0.03824
  27.   200   D 1 - 3 D 5 ; D 1 - 3 ; D 1 D 3 ; D 1 - 2  END                            0.0410    0.04101
  28.   164   D 1 - 3 S 5 ; D 1 - 3 S 5 ; D 1 S 2 D 3 ; S 1 D 2  END                    0.0405    0.00252 -0.04038
  29.   176   D 1 - 4 ; D 1 - 3 ; D 1 S 2 - 3 ; D 1 - 2  END                            0.0403   -0.04034
  30.   126   D 1 - 3 S 4 - 5 ; D 1 - 3 ; D 1 - 2 ; D 1 - 2  END                        0.0403   -0.04034
  31.   219   D 1 - 3 S 4 ; D 1 - 3 S 5 ; S 1 D 2 - 3 ; D 1 S 2  END                    0.0403    0.00439  0.04007
  32.   114   D 1 - 3 S 6 ; D 1 - 3 S 4 ; D 1 - 2 S 3 ; S 1 D 2  END                    0.0403    0.00439  0.04007
  33.   710   D 1 - 2 S 3 S 5 ; D 1 - 3 ; D 1 S 2 D 3 S 4 ; D 1 - 2  END                0.0376    0.01971  0.03199
  34.   759   D 1 - 2 S 3 ; D 1 S 2 D 3 ; D 1 - 3 S 4 ; D 1 - 2 S 4  END                0.0375   -0.00436  0.03726
  35.   556   D 1 - 3 S 4 ; S 1 D 2 - 3 ; D 1 - 2 S 3 ; D 1 - 2 S 5  END                0.0370   -0.02184  0.02987
  36.   273   D 1 - 3 S 5 - 6 ; D 1 - 3 ; S 1 - 2 D 3 ; D 1 - 2  END                    0.0367   -0.00232 -0.03659
  37.    96   D 1 - 3 S 4 ; D 1 - 3 S 5 ; D 1 - 2 S 3 ; D 1 S 2  END                    0.0358   -0.00401  0.03558
  38.   110   D 1 - 3 S 4 ; D 1 - 3 S 4 ; D 1 - 2 S 3 ; S 1 D 2  END                    0.0358    0.00401 -0.03558
  39.   887   D 1 S 2 D 3 ; D 1 - 2 S 3 ; D 1 - 3 S 5 ; D 1 - 2 S 3  END                0.0357    0.00540 -0.03527
  40.   791   D 1 - 2 ; D 1 - 3 ; D 1 - 4 ; D 1 - 2  END                                0.0354    0.03543
  41.   338   D 1 - 3 ; D 1 - 2 S 3 S 5 ; D 1 - 3 ; S 1 D 2 S 3  END                    0.0354   -0.01631 -0.03142
  42.   852   D 1 S 2 D 3 S 5 ; D 1 - 3 ; D 1 S 2 D 3 S 5 ; D 1 - 2  END                0.0350   -0.02650 -0.02291
  43.   350   D 1 - 3 ; D 1 - 2 S 3 - 4 ; D 1 - 2 S 3 - 4 ; D 1 - 2  END                0.0348   -0.00700 -0.03411
  44.   662   D 1 - 2 S 3 - 4 ; D 1 - 3 ; D 1 - 3 ; D 1 S 2 - 3  END                    0.0348    0.00700  0.03411
  45.   112   D 1 - 3 S 5 ; D 1 - 3 S 4 ; D 1 - 2 S 3 ; S 1 D 2  END                    0.0344   -0.00109 -0.03443
  46.   147   D 1 - 3 S 4 ; D 1 - 3 S 5 ; D 1 S 2 D 3 ; D 1 S 2  END                    0.0344   -0.00109 -0.03443
  47.   182   D 1 - 3 ; D 1 - 4 ; D 1 S 2 - 3 ; D 1 - 2  END                            0.0339    0.03393
  48.    33   D 1 - 3 S 4 - 5 ; D 1 - 3 ; D 1 - 3 ; D 1  END                            0.0339    0.03393
  49.   270   D 1 - 3 S 4 - 5 ; D 1 - 3 ; S 1 - 2 D 3 ; D 1 - 2  END                    0.0339   -0.00268 -0.03381
  50.   180   D 1 - 3 S 5 - 6 ; D 1 - 3 ; D 1 S 2 - 3 ; D 1 - 2  END                    0.0339    0.00268  0.03381
  51.   377   D 1 - 3 S 6 ; D 1 - 2 S 3 ; S 1 D 2 - 3 ; D 1 - 2 S 3  END                0.0336    0.01662 -0.02925
  52.    97   D 1 - 3 S 5 ; D 1 - 3 S 4 ; D 1 - 2 S 3 ; D 1 S 2  END                    0.0333    0.00756  0.03247
  53.   146   D 1 - 3 S 4 ; D 1 - 3 S 4 ; D 1 S 2 D 3 ; D 1 S 2  END                    0.0333   -0.00756 -0.03247
  54.   238   D 1 - 3 S 6 ; D 1 - 3 S 5 ; S 1 D 2 - 3 ; S 1 D 2  END                    0.0327    0.00114 -0.03263
  55.   689   D 1 - 2 S 3 ; D 1 - 3 S 5 ; D 1 - 3 S 4 ; S 1 D 2  END                    0.0325   -0.01828  0.02686
  56.   813   D 1 S 2 D 3 ; D 1 - 3 S 4 ; D 1 - 3 S 5 ; D 1 S 2  END                    0.0317   -0.02045  0.02426
  57.   149   D 1 - 3 S 5 ; D 1 - 3 S 5 ; D 1 S 2 D 3 ; D 1 S 2  END                    0.0312    0.00303  0.03108
  58.   163   D 1 - 3 S 5 ; D 1 - 3 S 4 ; D 1 S 2 D 3 ; S 1 D 2  END                    0.0312   -0.00303 -0.03108
  59.   616   D 1 - 3 ; S 1 D 2 S 3 ; D 1 - 3 ; D 1 - 2 S 3 S 5  END                    0.0312   -0.00506 -0.03077
  60.   233   D 1 - 3 S 4 ; D 1 - 3 S 4 ; S 1 D 2 - 3 ; S 1 D 2  END                    0.0310   -0.00151 -0.03101
  61.   100   D 1 - 3 S 6 ; D 1 - 3 S 5 ; D 1 - 2 S 3 ; D 1 S 2  END                    0.0310   -0.00151 -0.03101
  62.   456   D 1 - 3 S 5 ; D 1 S 2 D 3 ; D 1 S 2 D 3 ; D 1 - 2 S 4  END                0.0308    0.01939 -0.02396
  63.   933   D 1 S 2 - 3 ; D 1 - 3 ; D 1 - 3 S 4 - 5 ; D 1 - 2  END                    0.0308    0.00432  0.03051
  64.   535   D 1 - 3 ; S 1 D 2 - 3 S 4 ; D 1 - 3 ; D 1 S 2 S 5  END                    0.0307    0.02062  0.02268
  65.  1052   S 1 D 2 - 3 ; D 1 - 2 S 3 ; D 1 - 3 S 6 ; D 1 - 2 S 3  END                0.0303    0.00495 -0.02991
  66.   701   D 1 - 2 S 3 ; D 1 - 3 S 4 ; D 1 - 2 S 3 ; D 1 - 2 S 3  END                0.0292    0.01035  0.02733
  67.   311   D 1 - 3 S 4 ; D 1 - 2 S 3 ; D 1 - 3 S 4 ; D 1 S 2  END                    0.0292   -0.01035 -0.02733
  68.   251   D 1 - 3 D 5 ; D 1 - 3 ; S 1 D 2 S 3 ; D 1 - 2  END                        0.0289   -0.02894
  69.   199   D 1 - 3 S 4 S 6 ; D 1 - 3 ; D 1 D 3 ; D 1 - 2  END                        0.0289   -0.02894
  70.   197   D 1 - 4 ; D 1 - 3 ; D 1 D 3 ; D 1 - 2  END                                0.0288    0.02877
  71.   128   D 1 - 3 D 5 ; D 1 - 3 ; D 1 - 2 ; D 1 - 2  END                            0.0288    0.02877
  72.   553   D 1 - 3 ; S 1 D 2 - 3 S 5 ; D 1 - 3 ; S 1 D 2 S 5  END                    0.0287   -0.02211 -0.01833
  73.   702   D 1 - 2 S 3 ; D 1 - 3 S 4 ; D 1 - 2 S 3 ; D 1 - 2 S 4  END                0.0287   -0.01891 -0.02157
  74.   407   D 1 - 3 S 4 ; D 1 S 2 D 3 ; D 1 - 3 S 4 ; D 1 S 2  END                    0.0287    0.01891  0.02157
  75.   446   D 1 - 3 ; D 1 S 2 D 3 S 4 ; D 1 - 2 S 3 - 4 ; D 1 - 2  END                0.0285    0.02291  0.01700
  76.   663   D 1 - 2 S 3 - 4 ; D 1 - 3 ; D 1 - 3 ; D 1 S 2 S 4  END                    0.0285   -0.02291 -0.01700
  77.   775   D 1 - 2 S 3 ; S 1 D 2 - 3 ; D 1 - 3 S 4 ; D 1 - 2 S 5  END                0.0279   -0.00408  0.02760
  78.   797   D 1 - 2 ; D 1 - 3 ; D 1 - 3 ; D 1 - 3  END                                0.0275    0.02751
  79.   395   D 1 - 3 ; D 1 - 2 ; D 1 - 4 ; D 1 - 2  END                                0.0275    0.02751
  80.    54   D 1 - 3 S 4 - 5 ; D 1 - 3 ; D 1 - 3 ; S 1 - 2  END                        0.0275   -0.00463 -0.02711
  81.   183   D 1 - 3 ; D 1 - 3 S 4 - 5 ; D 1 S 2 - 3 ; D 1 - 2  END                    0.0275   -0.00463 -0.02711
  82.   204   D 1 - 3 ; D 1 - 3 S 4 - 5 ; D 1 D 3 ; D 1 - 2  END                        0.0272   -0.02721
  83.    56   D 1 - 3 D 5 ; D 1 - 3 ; D 1 - 3 ; S 1 - 2  END                            0.0272   -0.02721
  84.   249   D 1 - 3 S 4 - 5 ; D 1 - 3 ; S 1 D 2 S 3 ; D 1 - 2  END                    0.0269    0.00383  0.02665
  85.   178   D 1 - 3 S 4 S 6 ; D 1 - 3 ; D 1 S 2 - 3 ; D 1 - 2  END                    0.0269    0.00383  0.02665
  86.   758   D 1 - 2 S 3 ; D 1 S 2 D 3 ; D 1 - 3 S 4 ; D 1 - 2 S 3  END                0.0269   -0.00332 -0.02666
  87.   744   D 1 - 2 S 3 ; D 1 - 2 S 3 ; D 1 - 3 S 4 ; D 1 - 2 S 4  END                0.0269   -0.00332 -0.02666
  88.  1033   S 1 D 2 - 3 S 6 ; D 1 - 3 ; S 1 D 2 - 3 S 6 ; D 1 - 2  END                0.0269   -0.02070 -0.01711
  89.    82   D 1 - 3 ; D 1 - 3 D 5 ; D 1 - 3 ; D 2  END                                0.0258    0.02577
  90.   903   D 1 S 2 D 3 ; D 1 S 2 D 3 ; D 1 - 3 S 5 ; D 1 - 2 S 4  END                0.0257    0.00260 -0.02560
  91.   976   S 1 D 2 - 3 ; D 1 - 3 S 4 ; D 1 - 3 S 6 ; D 1 S 2  END                    0.0256   -0.01752  0.01862
  92.   314   D 1 - 3 S 5 ; D 1 - 2 S 3 ; D 1 - 3 S 4 ; D 1 S 2  END                    0.0254    0.00855  0.02388
  93.   716   D 1 - 2 S 3 ; D 1 - 3 S 4 ; D 1 S 2 D 3 ; D 1 - 2 S 3  END                0.0254    0.00855  0.02388
  94.   462   D 1 - 3 ; D 1 S 2 D 3 S 4 ; D 1 S 2 D 3 S 5 ; D 1 - 2  END                0.0247    0.02025  0.01406
  95.   807   D 1 S 2 D 3 S 5 ; D 1 - 3 ; D 1 - 3 ; D 1 S 2 S 4  END                    0.0247   -0.02025 -0.01406
  96.    80   D 1 - 3 ; D 1 - 4 ; D 1 - 3 ; D 2  END                                    0.0246    0.02463
  97.    40   D 1 - 3 ; D 1 - 3 D 5 ; D 1 - 3 ; D 1  END                                0.0246    0.02463
  98.   203   D 1 - 3 ; D 1 - 4 ; D 1 D 3 ; D 1 - 2  END                                0.0246    0.02462
  99.    35   D 1 - 3 D 5 ; D 1 - 3 ; D 1 - 3 ; D 1  END                                0.0246    0.02462
 100.   435   D 1 - 3 ; D 1 S 2 D 3 S 5 ; D 1 - 3 ; S 1 D 2 S 4  END                    0.0243   -0.01659 -0.01774




 POSITION OF FIRST SPIN COUPLING FOR TEN MOST IMPORTANT CONFIGURATIONS
       1    165    105    247    361    501    137   1107    190     63



 ********************************
 RESULTS FOR ROOT   02
 TOTAL CI ENERGY =   -341.8637975
 ********************************

       CONF.                                                                           COEFF.
        NO.        SPACE ORBITAL PRODUCTS                                             CONTRIB.      CI COEFFICIENTS

       -----       ----------------------                                             --------   ---------------------
   1.   125   D 1 - 4 ; D 1 - 3 ; D 1 - 2 ; D 1 - 2  END                                0.6717    0.67172
   2.    95   D 1 - 3 S 4 ; D 1 - 3 S 4 ; D 1 - 2 S 3 ; D 1 S 2  END                    0.2738    0.24388 -0.12447
   3.   131   D 1 - 3 ; D 1 - 4 ; D 1 - 2 ; D 1 - 2  END                                0.1647   -0.16466
   4.    32   D 1 - 4 ; D 1 - 3 ; D 1 - 3 ; D 1  END                                    0.1647   -0.16466
   5.     1   D 1 - 3 ; D 1 - 3 ; D 1 - 3 ; D 1 - 2  END                                0.1597    0.15965
   6.    23   D 1 - 2 S 3 - 4 ; D 1 - 3 ; D 1 - 3 ; D 1 - 2  END                        0.1387   -0.13870
   7.     8   D 1 - 3 ; D 1 - 3 ; D 1 - 2 S 3 - 4 ; D 1 - 2  END                        0.1387   -0.13870
   8.   177   D 1 - 3 S 4 - 5 ; D 1 - 3 ; D 1 S 2 - 3 ; D 1 - 2  END                    0.1334    0.10353  0.08405
   9.    17   D 1 - 3 ; D 1 - 2 S 3 - 4 ; D 1 - 3 ; D 1 - 2  END                        0.1027   -0.10274
  10.     2   D 1 - 3 ; D 1 - 3 ; D 1 - 3 ; D 1 S 2 - 3  END                            0.1027    0.10274
  11.   250   D 1 - 3 S 4 S 6 ; D 1 - 3 ; S 1 D 2 S 3 ; D 1 - 2  END                    0.0992    0.08160  0.05647
  12.   111   D 1 - 3 S 4 ; D 1 - 3 S 5 ; D 1 - 2 S 3 ; S 1 D 2  END                    0.0986   -0.07641  0.06239
  13.    38   D 1 - 3 ; D 1 - 4 ; D 1 - 3 ; D 1  END                                    0.0772    0.07716
  14.   132   D 1 - 3 ; D 1 - 3 S 4 - 5 ; D 1 - 2 ; D 1 - 2  END                        0.0628   -0.06282
  15.    53   D 1 - 4 ; D 1 - 3 ; D 1 - 3 ; S 1 - 2  END                                0.0628   -0.06282
  16.    97   D 1 - 3 S 5 ; D 1 - 3 S 4 ; D 1 - 2 S 3 ; D 1 S 2  END                    0.0619    0.00012 -0.06187
  17.   146   D 1 - 3 S 4 ; D 1 - 3 S 4 ; D 1 S 2 D 3 ; D 1 S 2  END                    0.0619   -0.00012  0.06187
  18.   197   D 1 - 4 ; D 1 - 3 ; D 1 D 3 ; D 1 - 2  END                                0.0527   -0.05272
  19.   128   D 1 - 3 D 5 ; D 1 - 3 ; D 1 - 2 ; D 1 - 2  END                            0.0527   -0.05272
  20.   692   D 1 - 2 S 3 - 4 ; D 1 - 3 ; D 1 - 2 S 3 - 4 ; D 1 - 2  END                0.0501   -0.00386 -0.04993
  21.   438   D 1 - 3 S 4 ; D 1 S 2 D 3 ; D 1 - 2 S 3 ; D 1 - 2 S 4  END                0.0499   -0.02398  0.04379
  22. 22553   D 1 - 4 S 5 ; D 1 - 3 S 4 ; D 1 S 2 ; D 1 S 2  END                        0.0482    0.01436 -0.04597
  23.   110   D 1 - 3 S 4 ; D 1 - 3 S 4 ; D 1 - 2 S 3 ; S 1 D 2  END                    0.0470    0.04692  0.00222
  24.    96   D 1 - 3 S 4 ; D 1 - 3 S 5 ; D 1 - 2 S 3 ; D 1 S 2  END                    0.0470   -0.04692 -0.00222
  25. 20952   D 1 - 4 ; D 1 - 3 S 4 - 5 ; D 1 - 2 ; S 1 - 2  END                        0.0466   -0.00909 -0.04567
  26.     9   D 1 - 3 ; D 1 - 3 ; D 1 - 2 S 3 S 5 ; D 1 - 2  END                        0.0465    0.04650
  27.    26   D 1 S 2 D 3 S 4 ; D 1 - 3 ; D 1 - 3 ; D 1 - 2  END                        0.0465   -0.04650
  28. 86507   D 1 - 2 S 3 D 4 ; D 1 - 2 S 3 ; D 1 - 2 S 4 ; D 1 - 2 S 3  END            0.0423    0.00251 -0.04223
  29. 20716   D 1 - 4 ; D 1 - 4 ; D 1 - 2 ; D 1  END                                    0.0413   -0.04125
  30.   341   D 1 - 3 S 4 ; D 1 - 2 S 3 ; D 1 - 2 S 3 ; D 1 - 2 S 3  END                0.0399   -0.03468  0.01967
  31.   997   S 1 D 2 - 3 S 4 ; D 1 - 3 ; D 1 - 2 S 3 S 6 ; D 1 - 2  END                0.0389    0.01275  0.03674
  32.   834   D 1 S 2 D 3 S 4 ; D 1 - 3 ; D 1 - 2 S 3 S 5 ; D 1 - 2  END                0.0380    0.01306  0.03566
  33.   182   D 1 - 3 ; D 1 - 4 ; D 1 S 2 - 3 ; D 1 - 2  END                            0.0379   -0.03789
  34.    33   D 1 - 3 S 4 - 5 ; D 1 - 3 ; D 1 - 3 ; D 1  END                            0.0379   -0.03789
  35. 25490   D 1 - 4 S 6 ; D 1 - 3 S 4 ; S 1 D 2 ; D 1 S 2  END                        0.0368    0.01169 -0.03492
  36.   148   D 1 - 3 S 5 ; D 1 - 3 S 4 ; D 1 S 2 D 3 ; D 1 S 2  END                    0.0367   -0.02358  0.02816
  37. 31304   D 1 - 4 ; D 1 - 2 S 3 - 4 ; D 1 - 2 ; D 1 S 2 - 3  END                    0.0365   -0.01400 -0.03374
  38.  1498   D 1 - 4 ; D 1 - 3 ; D 1 - 2 ; D 1 S 2 - 3  END                            0.0360   -0.03599
  39.  3583   D 1 - 4 ; D 1 - 2 S 3 - 4 ; D 1 - 2 ; D 1 - 2  END                        0.0360    0.03599
  40.   255   D 1 - 3 ; D 1 - 3 S 4 - 5 ; S 1 D 2 S 3 ; D 1 - 2  END                    0.0349   -0.00751 -0.03406
  41.    55   D 1 - 3 S 4 S 6 ; D 1 - 3 ; D 1 - 3 ; S 1 - 2  END                        0.0349   -0.00751 -0.03406
  42. 41160   D 1 - 4 ; D 1 S 2 D 3 S 4 ; D 1 - 2 ; D 1 S 2 S 4  END                    0.0347   -0.02351 -0.02557
  43.   290   D 1 - 4 ; D 1 - 3 ; D 2 - 3 ; D 1 - 2  END                                0.0343   -0.03430
  44.   130   D 1 - 3 D 6 ; D 1 - 3 ; D 1 - 2 ; D 1 - 2  END                            0.0343   -0.03430
  45.   114   D 1 - 3 S 6 ; D 1 - 3 S 4 ; D 1 - 2 S 3 ; S 1 D 2  END                    0.0337   -0.00930 -0.03239
  46.   219   D 1 - 3 S 4 ; D 1 - 3 S 5 ; S 1 D 2 - 3 ; D 1 S 2  END                    0.0337   -0.00930 -0.03239
  47.   556   D 1 - 3 S 4 ; S 1 D 2 - 3 ; D 1 - 2 S 3 ; D 1 - 2 S 5  END                0.0334   -0.01064  0.03166
  48.    74   D 1 - 4 ; D 1 - 3 ; D 1 - 3 ; D 2  END                                    0.0333   -0.03327
  49.   133   D 1 - 3 ; D 1 - 3 D 5 ; D 1 - 2 ; D 1 - 2  END                            0.0333   -0.03327
  50.   134   D 1 - 3 ; D 1 - 3 ; D 1 - 2 D 4 ; D 1 - 2  END                            0.0326   -0.03256
  51.   782   D 1 - 2 D 4 ; D 1 - 3 ; D 1 - 3 ; D 1 - 2  END                            0.0326   -0.03256
  52. 80019   D 1 - 2 S 3 D 4 ; D 1 - 3 S 4 ; D 1 - 2 S 4 ; D 1 S 2  END                0.0322   -0.01340  0.02923
  53. 22769   D 1 - 4 S 5 ; D 1 - 3 S 5 ; D 1 S 2 ; S 1 D 2  END                        0.0318   -0.00482  0.03148
  54. 47676   D 1 - 4 ; D 1 S 2 - 3 ; D 1 - 2 ; D 1 - 2 S 3 - 4  END                    0.0314    0.00322  0.03128
  55.   446   D 1 - 3 ; D 1 S 2 D 3 S 4 ; D 1 - 2 S 3 - 4 ; D 1 - 2  END                0.0311   -0.02231 -0.02161
  56.   663   D 1 - 2 S 3 - 4 ; D 1 - 3 ; D 1 - 3 ; D 1 S 2 S 4  END                    0.0311    0.02231  0.02161
  57.   702   D 1 - 2 S 3 ; D 1 - 3 S 4 ; D 1 - 2 S 3 ; D 1 - 2 S 4  END                0.0309    0.02326  0.02039
  58.   407   D 1 - 3 S 4 ; D 1 S 2 D 3 ; D 1 - 3 S 4 ; D 1 S 2  END                    0.0309   -0.02326 -0.02039
  59. 24118   D 1 - 5 ; D 1 - 3 ; D 1 ; D 1 - 2  END                                    0.0298   -0.02982
  60.   222   D 1 - 3 S 6 ; D 1 - 3 S 4 ; S 1 D 2 - 3 ; D 1 S 2  END                    0.0294   -0.01526  0.02518
  61. 27054   D 1 - 4 S 5 - 6 ; D 1 - 3 ; S 1 - 2 ; D 1 - 2  END                        0.0290    0.00463  0.02862
  62.   269   D 1 - 4 ; D 1 - 3 ; S 1 - 2 D 3 ; D 1 - 2  END                            0.0289   -0.02886
  63.   129   D 1 - 3 S 5 - 6 ; D 1 - 3 ; D 1 - 2 ; D 1 - 2  END                        0.0289    0.02886
  64. 32803   D 1 - 4 S 5 ; D 1 - 2 S 3 ; D 1 S 2 ; D 1 - 2 S 3  END                    0.0285   -0.01276  0.02552
  65.   350   D 1 - 3 ; D 1 - 2 S 3 - 4 ; D 1 - 2 S 3 - 4 ; D 1 - 2  END                0.0282    0.01708  0.02240
  66.   662   D 1 - 2 S 3 - 4 ; D 1 - 3 ; D 1 - 3 ; D 1 S 2 - 3  END                    0.0282   -0.01708 -0.02240
  67.   701   D 1 - 2 S 3 ; D 1 - 3 S 4 ; D 1 - 2 S 3 ; D 1 - 2 S 3  END                0.0281   -0.01577 -0.02330
  68.   311   D 1 - 3 S 4 ; D 1 - 2 S 3 ; D 1 - 3 S 4 ; D 1 S 2  END                    0.0281    0.01577  0.02330
  69. 15919   S 1 D 2 - 3 S 4 ; D 1 - 3 S 4 - 5 ; D 1 - 2 ; D 1 - 2  END                0.0279   -0.00689 -0.02703
  70.  1360   D 1 - 4 ; D 1 - 3 ; D 1 - 2 S 3 S 6 ; S 1 - 2  END                        0.0279    0.00689  0.02703
  71. 37820   D 1 - 4 ; D 1 - 2 ; D 1 - 2 ; D 1 - 3  END                                0.0279   -0.02789
  72. 90928   D 1 - 2 S 3 D 4 ; D 1 S 2 D 3 ; D 1 - 2 S 4 ; D 1 - 2 S 4  END            0.0277    0.00360 -0.02750
  73.    59   D 1 - 3 ; D 1 - 4 ; D 1 - 3 ; S 1 - 2  END                                0.0271    0.02705
  74.    39   D 1 - 3 ; D 1 - 3 S 4 - 5 ; D 1 - 3 ; D 1  END                            0.0271    0.02705
  75. 81518   D 1 - 2 S 3 D 4 S 5 ; D 1 - 3 ; D 1 S 2 S 4 ; D 1 - 2  END                0.0270   -0.01348 -0.02342
  76.   178   D 1 - 3 S 4 S 6 ; D 1 - 3 ; D 1 S 2 - 3 ; D 1 - 2  END                    0.0267    0.02671  0.00121
  77.   249   D 1 - 3 S 4 - 5 ; D 1 - 3 ; S 1 D 2 S 3 ; D 1 - 2  END                    0.0267    0.02671  0.00121
  78.  6777   D 1 - 3 S 4 S 6 ; S 1 D 2 - 3 S 4 ; D 1 - 2 ; D 1 - 2  END                0.0261   -0.01616 -0.02051
  79.  2480   D 1 - 4 ; D 1 - 3 ; S 1 D 2 S 3 ; D 1 S 2 S 5  END                        0.0261    0.01616  0.02051
  80.   183   D 1 - 3 ; D 1 - 3 S 4 - 5 ; D 1 S 2 - 3 ; D 1 - 2  END                    0.0261    0.01074  0.02380
  81.    54   D 1 - 3 S 4 - 5 ; D 1 - 3 ; D 1 - 3 ; S 1 - 2  END                        0.0261    0.01074  0.02380
  82. *****   D 1 S 2 D 3 - 4 S 5 ; D 1 - 3 ; D 1 S 2 S 5 ; D 1 - 2  END                0.0260    0.01959  0.01712
  83.   112   D 1 - 3 S 5 ; D 1 - 3 S 4 ; D 1 - 2 S 3 ; S 1 D 2  END                    0.0256    0.00891  0.02400
  84.   147   D 1 - 3 S 4 ; D 1 - 3 S 5 ; D 1 S 2 D 3 ; D 1 S 2  END                    0.0256    0.00891  0.02400
  85. *****   D 1 S 2 D 3 - 4 ; D 1 - 2 S 3 ; D 1 - 2 S 5 ; D 1 - 2 S 3  END            0.0254   -0.00367  0.02512
  86. *****   D 1 - 2 D 4 ; D 1 - 3 ; D 1 - 2 D 4 ; D 1 - 2  END                        0.0249   -0.02490
  87.    11   D 1 - 3 ; D 1 - 3 ; D 1 S 2 D 3 S 4 ; D 1 - 2  END                        0.0246   -0.02456
  88.    24   D 1 - 2 S 3 S 5 ; D 1 - 3 ; D 1 - 3 ; D 1 - 2  END                        0.0246    0.02456
  89. *****   D 1 S 2 D 3 - 4 ; D 1 - 3 S 4 ; D 1 - 2 S 5 ; D 1 S 2  END                0.0244    0.01499 -0.01926
  90. 25706   D 1 - 4 S 6 ; D 1 - 3 S 5 ; S 1 D 2 ; S 1 D 2  END                        0.0241   -0.00410  0.02373
  91.   127   D 1 - 3 S 4 S 6 ; D 1 - 3 ; D 1 - 2 ; D 1 - 2  END                        0.0240    0.02404
  92.   248   D 1 - 4 ; D 1 - 3 ; S 1 D 2 S 3 ; D 1 - 2  END                            0.0240    0.02404
  93. 31522   D 1 - 4 ; D 1 - 2 S 3 S 5 ; D 1 - 2 ; S 1 D 2 S 3  END                    0.0240    0.01177  0.02092
  94.  3585   D 1 - 3 S 4 - 5 ; D 1 - 2 S 3 - 4 ; D 1 - 2 ; D 1 - 2  END                0.0238   -0.00222 -0.02370
  95.  1848   D 1 - 4 ; D 1 - 3 ; D 1 S 2 - 3 ; D 1 S 2 - 3  END                        0.0238    0.00222  0.02370
  96.    60   D 1 - 3 ; D 1 - 3 S 4 - 5 ; D 1 - 3 ; S 1 - 2  END                        0.0237    0.01342  0.01954
  97.  1579   D 1 - 3 S 4 ; D 1 - 3 S 4 ; D 1 - 2 S 6 ; S 1 D 2  END                    0.0236    0.02346 -0.00264
  98. 15784   S 1 D 2 - 4 ; D 1 - 3 S 5 ; D 1 - 2 S 3 ; D 1 S 2  END                    0.0236   -0.02346  0.00264
  99.  2629   D 1 - 3 S 4 ; D 1 - 3 S 4 ; S 1 D 2 ; D 1 - 2 S 5  END                    0.0236    0.02352  0.00181
 100.  6634   D 1 - 4 S 6 ; S 1 D 2 - 3 ; D 1 - 2 S 3 ; D 1 S 2  END                    0.0236   -0.02352 -0.00181




 POSITION OF FIRST SPIN COUPLING FOR TEN MOST IMPORTANT CONFIGURATIONS
     165    105    171     32      1     23      8    247     17      2



 ********************************
 RESULTS FOR ROOT   03
 TOTAL CI ENERGY =   -340.9504871
 ********************************

       CONF.                                                                           COEFF.
        NO.        SPACE ORBITAL PRODUCTS                                             CONTRIB.      CI COEFFICIENTS

       -----       ----------------------                                             --------   ---------------------
   1.     8   D 1 - 3 ; D 1 - 3 ; D 1 - 2 S 3 - 4 ; D 1 - 2  END                        0.3873    0.38727
   2.    23   D 1 - 2 S 3 - 4 ; D 1 - 3 ; D 1 - 3 ; D 1 - 2  END                        0.3873    0.38727
   3.   126   D 1 - 3 S 4 - 5 ; D 1 - 3 ; D 1 - 2 ; D 1 - 2  END                        0.2186    0.21864
   4.   176   D 1 - 4 ; D 1 - 3 ; D 1 S 2 - 3 ; D 1 - 2  END                            0.2186    0.21864
   5.    95   D 1 - 3 S 4 ; D 1 - 3 S 4 ; D 1 - 2 S 3 ; D 1 S 2  END                    0.1993    0.19928 -0.00524
   6.     2   D 1 - 3 ; D 1 - 3 ; D 1 - 3 ; D 1 S 2 - 3  END                            0.1821   -0.18208
   7.    17   D 1 - 3 ; D 1 - 2 S 3 - 4 ; D 1 - 3 ; D 1 - 2  END                        0.1821    0.18208
   8.   131   D 1 - 3 ; D 1 - 4 ; D 1 - 2 ; D 1 - 2  END                                0.1735   -0.17353
   9.    32   D 1 - 4 ; D 1 - 3 ; D 1 - 3 ; D 1  END                                    0.1735   -0.17353
  10.   692   D 1 - 2 S 3 - 4 ; D 1 - 3 ; D 1 - 2 S 3 - 4 ; D 1 - 2  END                0.1457   -0.11268 -0.09236
  11.   341   D 1 - 3 S 4 ; D 1 - 2 S 3 ; D 1 - 2 S 3 ; D 1 - 2 S 3  END                0.1427   -0.09424  0.10715
  12.    38   D 1 - 3 ; D 1 - 4 ; D 1 - 3 ; D 1  END                                    0.1027    0.10274
  13.    96   D 1 - 3 S 4 ; D 1 - 3 S 5 ; D 1 - 2 S 3 ; D 1 S 2  END                    0.0944    0.02038 -0.09221
  14.   110   D 1 - 3 S 4 ; D 1 - 3 S 4 ; D 1 - 2 S 3 ; S 1 D 2  END                    0.0944   -0.02038  0.09221
  15.     9   D 1 - 3 ; D 1 - 3 ; D 1 - 2 S 3 S 5 ; D 1 - 2  END                        0.0780   -0.07801
  16.    26   D 1 S 2 D 3 S 4 ; D 1 - 3 ; D 1 - 3 ; D 1 - 2  END                        0.0780    0.07801
  17.   177   D 1 - 3 S 4 - 5 ; D 1 - 3 ; D 1 S 2 - 3 ; D 1 - 2  END                    0.0712    0.06198  0.03507
  18.   182   D 1 - 3 ; D 1 - 4 ; D 1 S 2 - 3 ; D 1 - 2  END                            0.0694   -0.06937
  19.    33   D 1 - 3 S 4 - 5 ; D 1 - 3 ; D 1 - 3 ; D 1  END                            0.0694   -0.06937
  20.   249   D 1 - 3 S 4 - 5 ; D 1 - 3 ; S 1 D 2 S 3 ; D 1 - 2  END                    0.0684   -0.03291 -0.05992
  21.   178   D 1 - 3 S 4 S 6 ; D 1 - 3 ; D 1 S 2 - 3 ; D 1 - 2  END                    0.0684   -0.03291 -0.05992
  22.     3   D 1 - 3 ; D 1 - 3 ; D 1 - 3 ; D 1 S 2 S 4  END                            0.0590    0.05898
  23.    19   D 1 - 3 ; D 1 S 2 D 3 S 4 ; D 1 - 3 ; D 1 - 2  END                        0.0590   -0.05898
  24.   437   D 1 - 3 S 4 ; D 1 S 2 D 3 ; D 1 - 2 S 3 ; D 1 - 2 S 3  END                0.0580    0.03634 -0.04521
  25.   342   D 1 - 3 S 4 ; D 1 - 2 S 3 ; D 1 - 2 S 3 ; D 1 - 2 S 4  END                0.0580    0.03634 -0.04521
  26.   111   D 1 - 3 S 4 ; D 1 - 3 S 5 ; D 1 - 2 S 3 ; S 1 D 2  END                    0.0565   -0.03682  0.04288
  27.   671   D 1 - 2 S 3 ; D 1 - 3 S 4 ; D 1 - 3 S 4 ; D 1 S 2  END                    0.0546    0.04513 -0.03066
  28.   438   D 1 - 3 S 4 ; D 1 S 2 D 3 ; D 1 - 2 S 3 ; D 1 - 2 S 4  END                0.0509   -0.03489  0.03710
  29.    97   D 1 - 3 S 5 ; D 1 - 3 S 4 ; D 1 - 2 S 3 ; D 1 S 2  END                    0.0499   -0.04306 -0.02520
  30.   146   D 1 - 3 S 4 ; D 1 - 3 S 4 ; D 1 S 2 D 3 ; D 1 S 2  END                    0.0499    0.04306  0.02520
  31.   134   D 1 - 3 ; D 1 - 3 ; D 1 - 2 D 4 ; D 1 - 2  END                            0.0495    0.04949
  32.   782   D 1 - 2 D 4 ; D 1 - 3 ; D 1 - 3 ; D 1 - 2  END                            0.0495    0.04949
  33.   320   D 1 - 3 ; D 1 - 2 S 3 - 4 ; D 1 - 3 ; D 1 S 2 - 3  END                    0.0430    0.01763  0.03922
  34.   132   D 1 - 3 ; D 1 - 3 S 4 - 5 ; D 1 - 2 ; D 1 - 2  END                        0.0394   -0.03939
  35.    53   D 1 - 4 ; D 1 - 3 ; D 1 - 3 ; S 1 - 2  END                                0.0394   -0.03939
  36.   255   D 1 - 3 ; D 1 - 3 S 4 - 5 ; S 1 D 2 S 3 ; D 1 - 2  END                    0.0392   -0.01360 -0.03677
  37.    55   D 1 - 3 S 4 S 6 ; D 1 - 3 ; D 1 - 3 ; S 1 - 2  END                        0.0392   -0.01360 -0.03677
  38.   140   D 1 - 3 ; D 1 - 3 ; D 1 - 2 ; D 1 - 3  END                                0.0382    0.03824
  39.   386   D 1 - 4 ; D 1 - 2 ; D 1 - 3 ; D 1 - 2  END                                0.0382    0.03824
  40.   752   D 1 - 2 S 3 - 4 ; D 1 S 2 D 3 S 4 ; D 1 - 3 ; D 1 - 2  END                0.0367   -0.03470 -0.01204
  41.   102   D 1 - 3 ; D 1 - 3 ; D 1 - 2 S 3 - 4 ; D 1 S 2 S 4  END                    0.0367    0.03470  0.01204
  42.   693   D 1 - 2 S 3 - 4 ; D 1 - 3 ; D 1 - 2 S 3 S 5 ; D 1 - 2  END                0.0366   -0.00763 -0.03579
  43.   833   D 1 S 2 D 3 S 4 ; D 1 - 3 ; D 1 - 2 S 3 - 4 ; D 1 - 2  END                0.0366    0.00763  0.03579
  44.   148   D 1 - 3 S 5 ; D 1 - 3 S 4 ; D 1 S 2 D 3 ; D 1 S 2  END                    0.0363   -0.02561  0.02569
  45.  1498   D 1 - 4 ; D 1 - 3 ; D 1 - 2 ; D 1 S 2 - 3  END                            0.0358    0.03578
  46.  3583   D 1 - 4 ; D 1 - 2 S 3 - 4 ; D 1 - 2 ; D 1 - 2  END                        0.0358   -0.03578
  47.   114   D 1 - 3 S 6 ; D 1 - 3 S 4 ; D 1 - 2 S 3 ; S 1 D 2  END                    0.0351   -0.01518 -0.03166
  48.   219   D 1 - 3 S 4 ; D 1 - 3 S 5 ; S 1 D 2 - 3 ; D 1 S 2  END                    0.0351   -0.01518 -0.03166
  49.   112   D 1 - 3 S 5 ; D 1 - 3 S 4 ; D 1 - 2 S 3 ; S 1 D 2  END                    0.0349    0.00114  0.03493
  50.   147   D 1 - 3 S 4 ; D 1 - 3 S 5 ; D 1 S 2 D 3 ; D 1 S 2  END                    0.0349    0.00114  0.03493
  51.   101   D 1 - 3 ; D 1 - 3 ; D 1 - 2 S 3 - 4 ; D 1 S 2 - 3  END                    0.0331   -0.02253 -0.02432
  52.   737   D 1 - 2 S 3 - 4 ; D 1 - 2 S 3 - 4 ; D 1 - 3 ; D 1 - 2  END                0.0331    0.02253  0.02432
  53.   835   D 1 S 2 D 3 S 4 ; D 1 - 3 ; D 1 - 2 S 3 S 6 ; D 1 - 2  END                0.0330    0.01585  0.02889
  54.   996   S 1 D 2 - 3 S 4 ; D 1 - 3 ; D 1 - 2 S 3 S 5 ; D 1 - 2  END                0.0330    0.01585  0.02889
  55.   834   D 1 S 2 D 3 S 4 ; D 1 - 3 ; D 1 - 2 S 3 S 5 ; D 1 - 2  END                0.0320    0.02362  0.02159
  56.    34   D 1 - 3 S 4 S 6 ; D 1 - 3 ; D 1 - 3 ; D 1  END                            0.0317   -0.03172
  57.   254   D 1 - 3 ; D 1 - 4 ; S 1 D 2 S 3 ; D 1 - 2  END                            0.0317   -0.03172
  58.   197   D 1 - 4 ; D 1 - 3 ; D 1 D 3 ; D 1 - 2  END                                0.0317   -0.03167
  59.   128   D 1 - 3 D 5 ; D 1 - 3 ; D 1 - 2 ; D 1 - 2  END                            0.0317   -0.03167
  60.   439   D 1 - 3 S 4 ; D 1 S 2 D 3 ; D 1 - 2 S 3 ; D 1 - 2 S 5  END                0.0314    0.01371 -0.02820
  61.   555   D 1 - 3 S 4 ; S 1 D 2 - 3 ; D 1 - 2 S 3 ; D 1 - 2 S 4  END                0.0314    0.01371 -0.02820
  62.   416   D 1 - 3 ; D 1 S 2 D 3 S 4 ; D 1 - 3 ; D 1 S 2 - 3  END                    0.0299   -0.02528 -0.01603
  63.   321   D 1 - 3 ; D 1 - 2 S 3 - 4 ; D 1 - 3 ; D 1 S 2 S 4  END                    0.0299   -0.02528 -0.01603
  64.   743   D 1 - 2 S 3 ; D 1 - 2 S 3 ; D 1 - 3 S 4 ; D 1 - 2 S 3  END                0.0298   -0.01440 -0.02611
  65.   556   D 1 - 3 S 4 ; S 1 D 2 - 3 ; D 1 - 2 S 3 ; D 1 - 2 S 5  END                0.0294   -0.01926  0.02216
  66.   186   D 1 - 3 ; D 1 - 3 ; D 1 S 2 - 5 ; D 1 - 2  END                            0.0288   -0.00789 -0.02771
  67.   924   D 1 S 2 - 5 ; D 1 - 3 ; D 1 - 3 ; D 1 - 2  END                            0.0288   -0.00789 -0.02771
  68.    27   D 1 S 2 D 3 S 5 ; D 1 - 3 ; D 1 - 3 ; D 1 - 2  END                        0.0287    0.02873
  69.    12   D 1 - 3 ; D 1 - 3 ; D 1 S 2 D 3 S 5 ; D 1 - 2  END                        0.0287    0.02873
  70.    60   D 1 - 3 ; D 1 - 3 S 4 - 5 ; D 1 - 3 ; S 1 - 2  END                        0.0284    0.01864  0.02143
  71.   446   D 1 - 3 ; D 1 S 2 D 3 S 4 ; D 1 - 2 S 3 - 4 ; D 1 - 2  END                0.0269    0.02681 -0.00262
  72.   663   D 1 - 2 S 3 - 4 ; D 1 - 3 ; D 1 - 3 ; D 1 S 2 S 4  END                    0.0269   -0.02681  0.00262
  73.     4   D 1 - 3 ; D 1 - 3 ; D 1 - 3 ; D 1 S 2 S 5  END                            0.0267    0.02665
  74.    21   D 1 - 3 ; S 1 D 2 - 3 S 4 ; D 1 - 3 ; D 1 - 2  END                        0.0267   -0.02665
  75.   417   D 1 - 3 ; D 1 S 2 D 3 S 4 ; D 1 - 3 ; D 1 S 2 S 4  END                    0.0263    0.01856  0.01860
  76.   701   D 1 - 2 S 3 ; D 1 - 3 S 4 ; D 1 - 2 S 3 ; D 1 - 2 S 3  END                0.0262    0.02087 -0.01589
  77.   311   D 1 - 3 S 4 ; D 1 - 2 S 3 ; D 1 - 3 S 4 ; D 1 S 2  END                    0.0262   -0.02087  0.01589
  78.   127   D 1 - 3 S 4 S 6 ; D 1 - 3 ; D 1 - 2 ; D 1 - 2  END                        0.0261    0.02614
  79.   248   D 1 - 4 ; D 1 - 3 ; S 1 D 2 S 3 ; D 1 - 2  END                            0.0261    0.02614
  80.   836   D 1 S 2 D 3 S 5 ; D 1 - 3 ; D 1 - 2 S 3 - 4 ; D 1 - 2  END                0.0248   -0.02420 -0.00530
  81.   708   D 1 - 2 S 3 - 4 ; D 1 - 3 ; D 1 S 2 D 3 S 5 ; D 1 - 2  END                0.0248   -0.02420 -0.00530
  82.   118   D 1 - 3 ; D 1 - 3 ; D 1 - 2 S 3 - 4 ; S 1 D 2 S 5  END                    0.0248    0.02398  0.00621
  83.   768   D 1 - 2 S 3 - 4 ; S 1 D 2 - 3 S 5 ; D 1 - 3 ; D 1 - 2  END                0.0248    0.02398  0.00621
  84.    24   D 1 - 2 S 3 S 5 ; D 1 - 3 ; D 1 - 3 ; D 1 - 2  END                        0.0247   -0.02470
  85.    11   D 1 - 3 ; D 1 - 3 ; D 1 S 2 D 3 S 4 ; D 1 - 2  END                        0.0247    0.02470
  86.   566   D 1 - 3 ; S 1 D 2 - 3 S 5 ; D 1 - 2 S 3 - 4 ; D 1 - 2  END                0.0246   -0.02353 -0.00734
  87.   679   D 1 - 2 S 3 - 4 ; D 1 - 3 ; D 1 - 3 ; S 1 D 2 S 5  END                    0.0246   -0.02353 -0.00734
  88.  1507   D 1 - 3 S 4 ; D 1 - 3 S 4 ; D 1 - 2 S 4 ; D 1 S 2  END                    0.0244   -0.00217 -0.02435
  89.  9028   D 1 - 2 S 3 D 4 ; D 1 - 3 S 4 ; D 1 - 2 S 3 ; D 1 S 2  END                0.0244    0.00217  0.02435
  90.    99   D 1 - 3 S 6 ; D 1 - 3 S 4 ; D 1 - 2 S 3 ; D 1 S 2  END                    0.0241   -0.01735 -0.01677
  91.   218   D 1 - 3 S 4 ; D 1 - 3 S 4 ; S 1 D 2 - 3 ; D 1 S 2  END                    0.0241    0.01735  0.01677
  92.   797   D 1 - 2 ; D 1 - 3 ; D 1 - 3 ; D 1 - 3  END                                0.0230   -0.02304
  93.   395   D 1 - 3 ; D 1 - 2 ; D 1 - 4 ; D 1 - 2  END                                0.0230   -0.02304
  94.  1397   D 1 - 3 ; D 1 - 3 S 4 - 5 ; D 1 - 2 S 3 - 4 ; S 1 - 2  END                0.0225    0.00152  0.00233 -0.00031  0.00076
                                                                                                 -0.02235
  95.  8894   D 1 - 2 S 3 - 4 ; D 1 - 3 S 4 - 5 ; D 1 - 3 ; S 1 - 2  END                0.0225   -0.00099 -0.00271 -0.00011 -0.00031
                                                                                                 -0.02235
  96.   259   D 1 - 3 ; D 1 - 3 ; S 1 D 2 S 3 - 4 S 6 ; D 1 - 2  END                    0.0222    0.00555  0.02145
  97.  1087   S 1 D 2 S 3 - 4 S 6 ; D 1 - 3 ; D 1 - 3 ; D 1 - 2  END                    0.0222    0.00555  0.02145
  98. 10407   D 1 - 2 S 3 - 4 ; D 1 S 2 D 3 S 4 ; D 1 - 2 S 3 - 4 ; D 1 - 2  END        0.0219   -0.00231  0.00475 -0.01211  0.01712
                                                                                                 -0.00355
  99.  9035   D 1 - 2 S 3 - 4 ; D 1 - 3 ; D 1 - 2 S 3 - 4 ; D 1 S 2 S 4  END            0.0219    0.01135 -0.00492 -0.01712  0.00463
                                                                                                  0.00355
 100.   356   D 1 - 3 S 4 ; D 1 - 2 S 3 ; D 1 S 2 D 3 ; D 1 - 2 S 3  END                0.0218    0.00744 -0.02052




 POSITION OF FIRST SPIN COUPLING FOR TEN MOST IMPORTANT CONFIGURATIONS
       8     23    166    246    105      2     17    171     32   1107



 ********************************
 RESULTS FOR ROOT   04
 TOTAL CI ENERGY =   -340.4302828
 ********************************

       CONF.                                                                           COEFF.
        NO.        SPACE ORBITAL PRODUCTS                                             CONTRIB.      CI COEFFICIENTS

       -----       ----------------------                                             --------   ---------------------
   1.    95   D 1 - 3 S 4 ; D 1 - 3 S 4 ; D 1 - 2 S 3 ; D 1 S 2  END                    0.3351   -0.02151  0.33437
   2.   176   D 1 - 4 ; D 1 - 3 ; D 1 S 2 - 3 ; D 1 - 2  END                            0.3299   -0.32988
   3.   126   D 1 - 3 S 4 - 5 ; D 1 - 3 ; D 1 - 2 ; D 1 - 2  END                        0.3299   -0.32988
   4.     2   D 1 - 3 ; D 1 - 3 ; D 1 - 3 ; D 1 S 2 - 3  END                            0.1589   -0.15887
   5.    17   D 1 - 3 ; D 1 - 2 S 3 - 4 ; D 1 - 3 ; D 1 - 2  END                        0.1589    0.15887
   6.   110   D 1 - 3 S 4 ; D 1 - 3 S 4 ; D 1 - 2 S 3 ; S 1 D 2  END                    0.1536    0.12323 -0.09169
   7.    96   D 1 - 3 S 4 ; D 1 - 3 S 5 ; D 1 - 2 S 3 ; D 1 S 2  END                    0.1536   -0.12323  0.09168
   8.   131   D 1 - 3 ; D 1 - 4 ; D 1 - 2 ; D 1 - 2  END                                0.1509   -0.15095
   9.    32   D 1 - 4 ; D 1 - 3 ; D 1 - 3 ; D 1  END                                    0.1509   -0.15095
  10.    11   D 1 - 3 ; D 1 - 3 ; D 1 S 2 D 3 S 4 ; D 1 - 2  END                        0.1344    0.13443
  11.    24   D 1 - 2 S 3 S 5 ; D 1 - 3 ; D 1 - 3 ; D 1 - 2  END                        0.1344   -0.13443
  12.   177   D 1 - 3 S 4 - 5 ; D 1 - 3 ; D 1 S 2 - 3 ; D 1 - 2  END                    0.1152   -0.10014 -0.05688
  13.     3   D 1 - 3 ; D 1 - 3 ; D 1 - 3 ; D 1 S 2 S 4  END                            0.1137    0.11372
  14.    19   D 1 - 3 ; D 1 S 2 D 3 S 4 ; D 1 - 3 ; D 1 - 2  END                        0.1137   -0.11372
  15.    26   D 1 S 2 D 3 S 4 ; D 1 - 3 ; D 1 - 3 ; D 1 - 2  END                        0.1067   -0.10669
  16.     9   D 1 - 3 ; D 1 - 3 ; D 1 - 2 S 3 S 5 ; D 1 - 2  END                        0.1067    0.10669
  17.   125   D 1 - 4 ; D 1 - 3 ; D 1 - 2 ; D 1 - 2  END                                0.1007    0.10066
  18.    53   D 1 - 4 ; D 1 - 3 ; D 1 - 3 ; S 1 - 2  END                                0.0968   -0.09678
  19.   132   D 1 - 3 ; D 1 - 3 S 4 - 5 ; D 1 - 2 ; D 1 - 2  END                        0.0968   -0.09678
  20.     8   D 1 - 3 ; D 1 - 3 ; D 1 - 2 S 3 - 4 ; D 1 - 2  END                        0.0912    0.09123
  21.    23   D 1 - 2 S 3 - 4 ; D 1 - 3 ; D 1 - 3 ; D 1 - 2  END                        0.0912    0.09123
  22.    38   D 1 - 3 ; D 1 - 4 ; D 1 - 3 ; D 1  END                                    0.0849   -0.08490
  23.   249   D 1 - 3 S 4 - 5 ; D 1 - 3 ; S 1 D 2 S 3 ; D 1 - 2  END                    0.0844    0.06386  0.05514
  24.   178   D 1 - 3 S 4 S 6 ; D 1 - 3 ; D 1 S 2 - 3 ; D 1 - 2  END                    0.0844    0.06386  0.05514
  25.    18   D 1 - 3 ; D 1 - 2 S 3 S 5 ; D 1 - 3 ; D 1 - 2  END                        0.0759    0.07588
  26.     5   D 1 - 3 ; D 1 - 3 ; D 1 - 3 ; S 1 D 2 S 3  END                            0.0759    0.07588
  27.    98   D 1 - 3 S 5 ; D 1 - 3 S 5 ; D 1 - 2 S 3 ; D 1 S 2  END                    0.0716   -0.01763  0.06940
  28.   161   D 1 - 3 S 4 ; D 1 - 3 S 4 ; D 1 S 2 D 3 ; S 1 D 2  END                    0.0716   -0.01763  0.06940
  29.   111   D 1 - 3 S 4 ; D 1 - 3 S 5 ; D 1 - 2 S 3 ; S 1 D 2  END                    0.0645    0.02881 -0.05770
  30.   128   D 1 - 3 D 5 ; D 1 - 3 ; D 1 - 2 ; D 1 - 2  END                            0.0626    0.06259
  31.   197   D 1 - 4 ; D 1 - 3 ; D 1 D 3 ; D 1 - 2  END                                0.0626    0.06259
  32.    29   S 1 D 2 - 3 S 4 ; D 1 - 3 ; D 1 - 3 ; D 1 - 2  END                        0.0616    0.06161
  33.    10   D 1 - 3 ; D 1 - 3 ; D 1 - 2 S 3 S 6 ; D 1 - 2  END                        0.0616   -0.06161
  34.   148   D 1 - 3 S 5 ; D 1 - 3 S 4 ; D 1 S 2 D 3 ; D 1 S 2  END                    0.0595    0.03858 -0.04535
  35. 20716   D 1 - 4 ; D 1 - 4 ; D 1 - 2 ; D 1  END                                    0.0567    0.05668
  36.   127   D 1 - 3 S 4 S 6 ; D 1 - 3 ; D 1 - 2 ; D 1 - 2  END                        0.0553    0.05531
  37.   248   D 1 - 4 ; D 1 - 3 ; S 1 D 2 S 3 ; D 1 - 2  END                            0.0553    0.05531
  38.   112   D 1 - 3 S 5 ; D 1 - 3 S 4 ; D 1 - 2 S 3 ; S 1 D 2  END                    0.0460    0.03962 -0.02335
  39.   147   D 1 - 3 S 4 ; D 1 - 3 S 5 ; D 1 S 2 D 3 ; D 1 S 2  END                    0.0460    0.03962 -0.02335
  40.   438   D 1 - 3 S 4 ; D 1 S 2 D 3 ; D 1 - 2 S 3 ; D 1 - 2 S 4  END                0.0413    0.00126 -0.04124
  41.   269   D 1 - 4 ; D 1 - 3 ; S 1 - 2 D 3 ; D 1 - 2  END                            0.0404   -0.04044
  42.   129   D 1 - 3 S 5 - 6 ; D 1 - 3 ; D 1 - 2 ; D 1 - 2  END                        0.0404    0.04044
  43.   833   D 1 S 2 D 3 S 4 ; D 1 - 3 ; D 1 - 2 S 3 - 4 ; D 1 - 2  END                0.0398   -0.00297 -0.03973
  44.   693   D 1 - 2 S 3 - 4 ; D 1 - 3 ; D 1 - 2 S 3 S 5 ; D 1 - 2  END                0.0398    0.00297  0.03973
  45.    60   D 1 - 3 ; D 1 - 3 S 4 - 5 ; D 1 - 3 ; S 1 - 2  END                        0.0375   -0.03689 -0.00701
  46.   255   D 1 - 3 ; D 1 - 3 S 4 - 5 ; S 1 D 2 S 3 ; D 1 - 2  END                    0.0372   -0.02202 -0.03004
  47.    55   D 1 - 3 S 4 S 6 ; D 1 - 3 ; D 1 - 3 ; S 1 - 2  END                        0.0372   -0.02202 -0.03004
  48.   271   D 1 - 3 S 4 S 6 ; D 1 - 3 ; S 1 - 2 D 3 ; D 1 - 2  END                    0.0369   -0.02893 -0.02288
  49.   252   D 1 - 3 S 5 - 6 ; D 1 - 3 ; S 1 D 2 S 3 ; D 1 - 2  END                    0.0369    0.02893  0.02288
  50.   114   D 1 - 3 S 6 ; D 1 - 3 S 4 ; D 1 - 2 S 3 ; S 1 D 2  END                    0.0360   -0.02697 -0.02392
  51.   219   D 1 - 3 S 4 ; D 1 - 3 S 5 ; S 1 D 2 - 3 ; D 1 S 2  END                    0.0360   -0.02697 -0.02392
  52.   102   D 1 - 3 ; D 1 - 3 ; D 1 - 2 S 3 - 4 ; D 1 S 2 S 4  END                    0.0355    0.02928  0.02013
  53.   752   D 1 - 2 S 3 - 4 ; D 1 S 2 D 3 S 4 ; D 1 - 3 ; D 1 - 2  END                0.0355   -0.02928 -0.02013
  54.    34   D 1 - 3 S 4 S 6 ; D 1 - 3 ; D 1 - 3 ; D 1  END                            0.0342   -0.03423
  55.   254   D 1 - 3 ; D 1 - 4 ; S 1 D 2 S 3 ; D 1 - 2  END                            0.0342   -0.03423
  56.   200   D 1 - 3 D 5 ; D 1 - 3 ; D 1 D 3 ; D 1 - 2  END                            0.0333   -0.03333
  57.    97   D 1 - 3 S 5 ; D 1 - 3 S 4 ; D 1 - 2 S 3 ; D 1 S 2  END                    0.0313    0.00985 -0.02970
  58.   146   D 1 - 3 S 4 ; D 1 - 3 S 4 ; D 1 S 2 D 3 ; D 1 S 2  END                    0.0313   -0.00985  0.02970
  59. 21851   D 1 - 4 ; D 1 - 4 ; D 1 S 2 - 3 ; D 1  END                                0.0309    0.03090
  60. 20733   D 1 - 3 S 4 - 5 ; D 1 - 4 ; D 1 - 2 ; D 1  END                            0.0309    0.03090
  61.    80   D 1 - 3 ; D 1 - 4 ; D 1 - 3 ; D 2  END                                    0.0294    0.02943
  62.    40   D 1 - 3 ; D 1 - 3 D 5 ; D 1 - 3 ; D 1  END                                0.0294    0.02943
  63.   923   D 1 S 2 - 3 D 4 ; D 1 - 3 ; D 1 - 3 ; D 1 - 2  END                        0.0289   -0.02887
  64.   135   D 1 - 3 ; D 1 - 3 ; D 1 - 2 S 4 - 5 ; D 1 - 2  END                        0.0289   -0.02887
  65.   341   D 1 - 3 S 4 ; D 1 - 2 S 3 ; D 1 - 2 S 3 ; D 1 - 2 S 3  END                0.0287    0.00571 -0.02812
  66.   222   D 1 - 3 S 6 ; D 1 - 3 S 4 ; S 1 D 2 - 3 ; D 1 S 2  END                    0.0285    0.01968 -0.02059
  67.    59   D 1 - 3 ; D 1 - 4 ; D 1 - 3 ; S 1 - 2  END                                0.0278    0.02784
  68.    39   D 1 - 3 ; D 1 - 3 S 4 - 5 ; D 1 - 3 ; D 1  END                            0.0278    0.02784
  69.   555   D 1 - 3 S 4 ; S 1 D 2 - 3 ; D 1 - 2 S 3 ; D 1 - 2 S 4  END                0.0274   -0.01353  0.02383
  70.   439   D 1 - 3 S 4 ; D 1 S 2 D 3 ; D 1 - 2 S 3 ; D 1 - 2 S 5  END                0.0274   -0.01353  0.02383
  71.   218   D 1 - 3 S 4 ; D 1 - 3 S 4 ; S 1 D 2 - 3 ; D 1 S 2  END                    0.0270    0.02002  0.01817
  72.    99   D 1 - 3 S 6 ; D 1 - 3 S 4 ; D 1 - 2 S 3 ; D 1 S 2  END                    0.0270   -0.02002 -0.01817
  73. 21868   D 1 - 3 S 4 - 5 ; D 1 - 4 ; D 1 S 2 - 3 ; D 1  END                        0.0265    0.00961  0.02472
  74.    25   D 1 - 2 S 3 S 6 ; D 1 - 3 ; D 1 - 3 ; D 1 - 2  END                        0.0261    0.02613
  75.    14   D 1 - 3 ; D 1 - 3 ; S 1 D 2 - 3 S 4 ; D 1 - 2  END                        0.0261   -0.02613
  76.   101   D 1 - 3 ; D 1 - 3 ; D 1 - 2 S 3 - 4 ; D 1 S 2 - 3  END                    0.0258   -0.02477 -0.00718
  77.   737   D 1 - 2 S 3 - 4 ; D 1 - 2 S 3 - 4 ; D 1 - 3 ; D 1 - 2  END                0.0258    0.02477  0.00718
  78.   184   D 1 - 3 ; D 1 - 3 D 5 ; D 1 S 2 - 3 ; D 1 - 2  END                        0.0255    0.02553
  79.    75   D 1 - 3 S 4 - 5 ; D 1 - 3 ; D 1 - 3 ; D 2  END                            0.0255    0.02553
  80.   164   D 1 - 3 S 5 ; D 1 - 3 S 5 ; D 1 S 2 D 3 ; S 1 D 2  END                    0.0254   -0.00857  0.02392
  81.   251   D 1 - 3 D 5 ; D 1 - 3 ; S 1 D 2 S 3 ; D 1 - 2  END                        0.0253   -0.02534
  82.   199   D 1 - 3 S 4 S 6 ; D 1 - 3 ; D 1 D 3 ; D 1 - 2  END                        0.0253   -0.02534
  83.   183   D 1 - 3 ; D 1 - 3 S 4 - 5 ; D 1 S 2 - 3 ; D 1 - 2  END                    0.0249    0.02388  0.00695
  84.    54   D 1 - 3 S 4 - 5 ; D 1 - 3 ; D 1 - 3 ; S 1 - 2  END                        0.0249    0.02388  0.00695
  85.     4   D 1 - 3 ; D 1 - 3 ; D 1 - 3 ; D 1 S 2 S 5  END                            0.0240    0.02404
  86.    21   D 1 - 3 ; S 1 D 2 - 3 S 4 ; D 1 - 3 ; D 1 - 2  END                        0.0240   -0.02404
  87.   996   S 1 D 2 - 3 S 4 ; D 1 - 3 ; D 1 - 2 S 3 S 5 ; D 1 - 2  END                0.0240   -0.00887 -0.02229
  88.   835   D 1 S 2 D 3 S 4 ; D 1 - 3 ; D 1 - 2 S 3 S 6 ; D 1 - 2  END                0.0240   -0.00887 -0.02229
  89.   834   D 1 S 2 D 3 S 4 ; D 1 - 3 ; D 1 - 2 S 3 S 5 ; D 1 - 2  END                0.0236   -0.01364 -0.01924
  90.   162   D 1 - 3 S 4 ; D 1 - 3 S 5 ; D 1 S 2 D 3 ; S 1 D 2  END                    0.0236    0.02262 -0.00662
  91.   113   D 1 - 3 S 5 ; D 1 - 3 S 5 ; D 1 - 2 S 3 ; S 1 D 2  END                    0.0236   -0.02262  0.00662
  92.   105   D 1 - 3 ; D 1 - 3 ; D 1 - 2 S 3 S 5 ; D 1 S 2 S 4  END                    0.0234    0.02143  0.00933
  93.   893   D 1 S 2 D 3 S 4 ; D 1 S 2 D 3 S 4 ; D 1 - 3 ; D 1 - 2  END                0.0234    0.02143  0.00933
  94. 22087   D 1 - 4 ; D 1 - 3 S 4 - 5 ; D 1 S 2 - 3 ; S 1 - 2  END                    0.0234   -0.00358 -0.00129  0.00246 -0.00136
                                                                                                  0.02289
  95. 20969   D 1 - 3 S 4 - 5 ; D 1 - 3 S 4 - 5 ; D 1 - 2 ; S 1 - 2  END                0.0234    0.00069  0.00333 -0.00218  0.00246
                                                                                                  0.02289
  96.  1991   D 1 - 3 S 4 - 5 ; D 1 - 3 ; D 1 S 2 S 4 ; D 1 - 2  END                    0.0220    0.00965  0.01981
  97.  9358   D 1 - 2 S 3 D 4 S 5 ; D 1 - 3 ; D 1 S 2 - 3 ; D 1 - 2  END                0.0220   -0.00965 -0.01981
  98.   884   D 1 S 2 D 3 ; D 1 - 2 S 3 ; D 1 - 3 S 4 ; D 1 - 2 S 3  END                0.0212   -0.00066  0.02117
  99.   746   D 1 - 2 S 3 ; D 1 - 2 S 3 ; D 1 - 3 S 5 ; D 1 - 2 S 3  END                0.0212    0.00066 -0.02117
 100. 20320   D 1 - 3 S 4 ; D 1 - 4 S 5 ; D 1 - 2 S 3 ; S 1  END                        0.0212   -0.00535  0.02047




 POSITION OF FIRST SPIN COUPLING FOR TEN MOST IMPORTANT CONFIGURATIONS
     105    246    166      2     17    135    107    171     32     11



 ********************************
 RESULTS FOR ROOT   05
 TOTAL CI ENERGY =   -340.2630587
 ********************************

       CONF.                                                                           COEFF.
        NO.        SPACE ORBITAL PRODUCTS                                             CONTRIB.      CI COEFFICIENTS

       -----       ----------------------                                             --------   ---------------------
   1.    17   D 1 - 3 ; D 1 - 2 S 3 - 4 ; D 1 - 3 ; D 1 - 2  END                        0.3217   -0.32173
   2.     2   D 1 - 3 ; D 1 - 3 ; D 1 - 3 ; D 1 S 2 - 3  END                            0.3217    0.32173
   3.    95   D 1 - 3 S 4 ; D 1 - 3 S 4 ; D 1 - 2 S 3 ; D 1 S 2  END                    0.2971    0.14776  0.25771
   4.   125   D 1 - 4 ; D 1 - 3 ; D 1 - 2 ; D 1 - 2  END                                0.2571   -0.25709
   5.   131   D 1 - 3 ; D 1 - 4 ; D 1 - 2 ; D 1 - 2  END                                0.2440   -0.24403
   6.    32   D 1 - 4 ; D 1 - 3 ; D 1 - 3 ; D 1  END                                    0.2440   -0.24402
   7.     1   D 1 - 3 ; D 1 - 3 ; D 1 - 3 ; D 1 - 2  END                                0.1554   -0.15539
   8.   182   D 1 - 3 ; D 1 - 4 ; D 1 S 2 - 3 ; D 1 - 2  END                            0.1307   -0.13065
   9.    33   D 1 - 3 S 4 - 5 ; D 1 - 3 ; D 1 - 3 ; D 1  END                            0.1306   -0.13065
  10.    38   D 1 - 3 ; D 1 - 4 ; D 1 - 3 ; D 1  END                                    0.1036    0.10363
  11.    97   D 1 - 3 S 5 ; D 1 - 3 S 4 ; D 1 - 2 S 3 ; D 1 S 2  END                    0.1030   -0.10290  0.00317
  12.   146   D 1 - 3 S 4 ; D 1 - 3 S 4 ; D 1 S 2 D 3 ; D 1 S 2  END                    0.1030    0.10290 -0.00317
  13.   128   D 1 - 3 D 5 ; D 1 - 3 ; D 1 - 2 ; D 1 - 2  END                            0.0960    0.09595
  14.   197   D 1 - 4 ; D 1 - 3 ; D 1 D 3 ; D 1 - 2  END                                0.0960    0.09595
  15.   177   D 1 - 3 S 4 - 5 ; D 1 - 3 ; D 1 S 2 - 3 ; D 1 - 2  END                    0.0946   -0.09358  0.01381
  16.   126   D 1 - 3 S 4 - 5 ; D 1 - 3 ; D 1 - 2 ; D 1 - 2  END                        0.0832    0.08317
  17.   176   D 1 - 4 ; D 1 - 3 ; D 1 S 2 - 3 ; D 1 - 2  END                            0.0832    0.08317
  18.   350   D 1 - 3 ; D 1 - 2 S 3 - 4 ; D 1 - 2 S 3 - 4 ; D 1 - 2  END                0.0700    0.05448  0.04396
  19.   662   D 1 - 2 S 3 - 4 ; D 1 - 3 ; D 1 - 3 ; D 1 S 2 - 3  END                    0.0700   -0.05448 -0.04396
  20.   127   D 1 - 3 S 4 S 6 ; D 1 - 3 ; D 1 - 2 ; D 1 - 2  END                        0.0678    0.06777
  21.   248   D 1 - 4 ; D 1 - 3 ; S 1 D 2 S 3 ; D 1 - 2  END                            0.0678    0.06777
  22.    23   D 1 - 2 S 3 - 4 ; D 1 - 3 ; D 1 - 3 ; D 1 - 2  END                        0.0649   -0.06488
  23.     8   D 1 - 3 ; D 1 - 3 ; D 1 - 2 S 3 - 4 ; D 1 - 2  END                        0.0649   -0.06487
  24.   701   D 1 - 2 S 3 ; D 1 - 3 S 4 ; D 1 - 2 S 3 ; D 1 - 2 S 3  END                0.0588   -0.04138 -0.04183
  25.   311   D 1 - 3 S 4 ; D 1 - 2 S 3 ; D 1 - 3 S 4 ; D 1 S 2  END                    0.0588    0.04138  0.04183
  26. 20716   D 1 - 4 ; D 1 - 4 ; D 1 - 2 ; D 1  END                                    0.0581    0.05807
  27.   250   D 1 - 3 S 4 S 6 ; D 1 - 3 ; S 1 D 2 S 3 ; D 1 - 2  END                    0.0577   -0.05662  0.01093
  28.   112   D 1 - 3 S 5 ; D 1 - 3 S 4 ; D 1 - 2 S 3 ; S 1 D 2  END                    0.0557    0.04500  0.03289
  29.   147   D 1 - 3 S 4 ; D 1 - 3 S 5 ; D 1 S 2 D 3 ; D 1 S 2  END                    0.0557    0.04500  0.03289
  30.   341   D 1 - 3 S 4 ; D 1 - 2 S 3 ; D 1 - 2 S 3 ; D 1 - 2 S 3  END                0.0546    0.00394  0.05444
  31.   255   D 1 - 3 ; D 1 - 3 S 4 - 5 ; S 1 D 2 S 3 ; D 1 - 2  END                    0.0513   -0.04122 -0.03053
  32.    55   D 1 - 3 S 4 S 6 ; D 1 - 3 ; D 1 - 3 ; S 1 - 2  END                        0.0513   -0.04122 -0.03053
  33.   183   D 1 - 3 ; D 1 - 3 S 4 - 5 ; D 1 S 2 - 3 ; D 1 - 2  END                    0.0501    0.04299  0.02563
  34.    54   D 1 - 3 S 4 - 5 ; D 1 - 3 ; D 1 - 3 ; S 1 - 2  END                        0.0501    0.04299  0.02563
  35.   290   D 1 - 4 ; D 1 - 3 ; D 2 - 3 ; D 1 - 2  END                                0.0496    0.04962
  36.   130   D 1 - 3 D 6 ; D 1 - 3 ; D 1 - 2 ; D 1 - 2  END                            0.0496    0.04962
  37.    98   D 1 - 3 S 5 ; D 1 - 3 S 5 ; D 1 - 2 S 3 ; D 1 S 2  END                    0.0492    0.00508  0.04898
  38.   161   D 1 - 3 S 4 ; D 1 - 3 S 4 ; D 1 S 2 D 3 ; S 1 D 2  END                    0.0492    0.00508  0.04898
  39.   114   D 1 - 3 S 6 ; D 1 - 3 S 4 ; D 1 - 2 S 3 ; S 1 D 2  END                    0.0484   -0.03793 -0.03007
  40.   219   D 1 - 3 S 4 ; D 1 - 3 S 5 ; S 1 D 2 - 3 ; D 1 S 2  END                    0.0484   -0.03793 -0.03007
  41.   446   D 1 - 3 ; D 1 S 2 D 3 S 4 ; D 1 - 2 S 3 - 4 ; D 1 - 2  END                0.0482   -0.01690 -0.04509
  42.   663   D 1 - 2 S 3 - 4 ; D 1 - 3 ; D 1 - 3 ; D 1 S 2 S 4  END                    0.0482    0.01690  0.04509
  43.   702   D 1 - 2 S 3 ; D 1 - 3 S 4 ; D 1 - 2 S 3 ; D 1 - 2 S 4  END                0.0479    0.02624  0.04005
  44.   407   D 1 - 3 S 4 ; D 1 S 2 D 3 ; D 1 - 3 S 4 ; D 1 S 2  END                    0.0479   -0.02624 -0.04005
  45.    99   D 1 - 3 S 6 ; D 1 - 3 S 4 ; D 1 - 2 S 3 ; D 1 S 2  END                    0.0461   -0.03142  0.03379
  46.   218   D 1 - 3 S 4 ; D 1 - 3 S 4 ; S 1 D 2 - 3 ; D 1 S 2  END                    0.0461    0.03142 -0.03379
  47.    18   D 1 - 3 ; D 1 - 2 S 3 S 5 ; D 1 - 3 ; D 1 - 2  END                        0.0459    0.04587
  48.     5   D 1 - 3 ; D 1 - 3 ; D 1 - 3 ; S 1 D 2 S 3  END                            0.0459    0.04586
  49.   111   D 1 - 3 S 4 ; D 1 - 3 S 5 ; D 1 - 2 S 3 ; S 1 D 2  END                    0.0449    0.04386  0.00966
  50.   113   D 1 - 3 S 5 ; D 1 - 3 S 5 ; D 1 - 2 S 3 ; S 1 D 2  END                    0.0439    0.00741 -0.04326
  51.   162   D 1 - 3 S 4 ; D 1 - 3 S 5 ; D 1 S 2 D 3 ; S 1 D 2  END                    0.0439   -0.00741  0.04326
  52.     3   D 1 - 3 ; D 1 - 3 ; D 1 - 3 ; D 1 S 2 S 4  END                            0.0428    0.04281
  53.    19   D 1 - 3 ; D 1 S 2 D 3 S 4 ; D 1 - 3 ; D 1 - 2  END                        0.0428   -0.04281
  54.   269   D 1 - 4 ; D 1 - 3 ; S 1 - 2 D 3 ; D 1 - 2  END                            0.0423    0.04228
  55.   129   D 1 - 3 S 5 - 6 ; D 1 - 3 ; D 1 - 2 ; D 1 - 2  END                        0.0423   -0.04228
  56.   133   D 1 - 3 ; D 1 - 3 D 5 ; D 1 - 2 ; D 1 - 2  END                            0.0419    0.04195
  57.    74   D 1 - 4 ; D 1 - 3 ; D 1 - 3 ; D 2  END                                    0.0419    0.04195
  58.   321   D 1 - 3 ; D 1 - 2 S 3 - 4 ; D 1 - 3 ; D 1 S 2 S 4  END                    0.0399    0.03314  0.02228
  59.   416   D 1 - 3 ; D 1 S 2 D 3 S 4 ; D 1 - 3 ; D 1 S 2 - 3  END                    0.0399    0.03314  0.02228
  60.   179   D 1 - 3 D 5 ; D 1 - 3 ; D 1 S 2 - 3 ; D 1 - 2  END                        0.0396    0.03963
  61.   198   D 1 - 3 S 4 - 5 ; D 1 - 3 ; D 1 D 3 ; D 1 - 2  END                        0.0396    0.03963
  62.    60   D 1 - 3 ; D 1 - 3 S 4 - 5 ; D 1 - 3 ; S 1 - 2  END                        0.0396   -0.00416  0.03934
  63.   737   D 1 - 2 S 3 - 4 ; D 1 - 2 S 3 - 4 ; D 1 - 3 ; D 1 - 2  END                0.0382   -0.03713  0.00882
  64.   101   D 1 - 3 ; D 1 - 3 ; D 1 - 2 S 3 - 4 ; D 1 S 2 - 3  END                    0.0382    0.03713 -0.00882
  65.   344   D 1 - 3 S 5 ; D 1 - 2 S 3 ; D 1 - 2 S 3 ; D 1 - 2 S 3  END                0.0371    0.01565 -0.03368
  66.   356   D 1 - 3 S 4 ; D 1 - 2 S 3 ; D 1 S 2 D 3 ; D 1 - 2 S 3  END                0.0371   -0.01565  0.03368
  67.   320   D 1 - 3 ; D 1 - 2 S 3 - 4 ; D 1 - 3 ; D 1 S 2 - 3  END                    0.0370    0.01691  0.03293
  68.   233   D 1 - 3 S 4 ; D 1 - 3 S 4 ; S 1 D 2 - 3 ; S 1 D 2  END                    0.0364   -0.00039 -0.03640
  69.   100   D 1 - 3 S 6 ; D 1 - 3 S 5 ; D 1 - 2 S 3 ; D 1 S 2  END                    0.0364   -0.00039 -0.03640
  70.    24   D 1 - 2 S 3 S 5 ; D 1 - 3 ; D 1 - 3 ; D 1 - 2  END                        0.0359    0.03585
  71.    11   D 1 - 3 ; D 1 - 3 ; D 1 S 2 D 3 S 4 ; D 1 - 2  END                        0.0359   -0.03585
  72.   342   D 1 - 3 S 4 ; D 1 - 2 S 3 ; D 1 - 2 S 3 ; D 1 - 2 S 4  END                0.0358   -0.01952  0.03003
  73.   437   D 1 - 3 S 4 ; D 1 S 2 D 3 ; D 1 - 2 S 3 ; D 1 - 2 S 3  END                0.0358   -0.01952  0.03003
  74.   743   D 1 - 2 S 3 ; D 1 - 2 S 3 ; D 1 - 3 S 4 ; D 1 - 2 S 3  END                0.0348   -0.00660  0.03420
  75. 22553   D 1 - 4 S 5 ; D 1 - 3 S 4 ; D 1 S 2 ; D 1 S 2  END                        0.0314    0.00534  0.03093
  76.   402   D 1 - 3 ; D 1 - 2 ; D 1 - 3 ; D 1 - 2 S 3 - 4  END                        0.0304    0.03044
  77.   497   D 1 - 3 ; D 1 S 2 - 3 ; D 1 - 3 ; D 1 - 3  END                            0.0304   -0.03044
  78.  3448   D 1 - 3 S 4 ; D 1 - 2 S 3 D 4 ; D 1 - 2 S 3 ; D 1 S 2  END                0.0303    0.00149 -0.03030
  79.  1297   D 1 - 3 S 4 ; D 1 - 3 S 4 ; D 1 - 2 S 3 ; D 1 S 3  END                    0.0303    0.00149 -0.03030
  80.   251   D 1 - 3 D 5 ; D 1 - 3 ; S 1 D 2 S 3 ; D 1 - 2  END                        0.0295   -0.02954
  81.   199   D 1 - 3 S 4 S 6 ; D 1 - 3 ; D 1 D 3 ; D 1 - 2  END                        0.0295   -0.02954
  82.   843   D 1 S 2 D 3 ; D 1 - 3 S 4 ; D 1 - 2 S 3 ; D 1 - 2 S 4  END                0.0282   -0.01100 -0.02601
  83.   408   D 1 - 3 S 4 ; D 1 S 2 D 3 ; D 1 - 3 S 5 ; D 1 S 2  END                    0.0282   -0.01100 -0.02601
  84.   488   D 1 - 3 ; D 1 S 2 - 3 D 4 ; D 1 - 3 ; D 1 - 2  END                        0.0279    0.02792
  85.    48   D 1 - 3 ; D 1 - 3 ; D 1 - 3 ; D 1 S 3 - 4  END                            0.0279   -0.02792
  86.   180   D 1 - 3 S 5 - 6 ; D 1 - 3 ; D 1 S 2 - 3 ; D 1 - 2  END                    0.0275    0.01112  0.02517
  87.   270   D 1 - 3 S 4 - 5 ; D 1 - 3 ; S 1 - 2 D 3 ; D 1 - 2  END                    0.0275   -0.01112 -0.02517
  88.   178   D 1 - 3 S 4 S 6 ; D 1 - 3 ; D 1 S 2 - 3 ; D 1 - 2  END                    0.0273   -0.02648  0.00680
  89.   249   D 1 - 3 S 4 - 5 ; D 1 - 3 ; S 1 D 2 S 3 ; D 1 - 2  END                    0.0273   -0.02648  0.00680
  90.   447   D 1 - 3 ; D 1 S 2 D 3 S 4 ; D 1 - 2 S 3 S 5 ; D 1 - 2  END                0.0272   -0.01643 -0.02169
  91.   804   D 1 S 2 D 3 S 4 ; D 1 - 3 ; D 1 - 3 ; D 1 S 2 S 4  END                    0.0272   -0.01643 -0.02169
  92.   150   D 1 - 3 S 6 ; D 1 - 3 S 4 ; D 1 S 2 D 3 ; D 1 S 2  END                    0.0268    0.00419 -0.02652
  93.   220   D 1 - 3 S 5 ; D 1 - 3 S 4 ; S 1 D 2 - 3 ; D 1 S 2  END                    0.0268    0.00419 -0.02651
  94.   417   D 1 - 3 ; D 1 S 2 D 3 S 4 ; D 1 - 3 ; D 1 S 2 S 4  END                    0.0265    0.01926  0.01817
  95.   692   D 1 - 2 S 3 - 4 ; D 1 - 3 ; D 1 - 2 S 3 - 4 ; D 1 - 2  END                0.0237    0.01506  0.01830
  96.  4062   D 1 - 3 S 4 S 6 ; D 1 - 2 S 3 - 4 ; S 1 D 2 S 3 ; D 1 - 2  END            0.0234   -0.00216 -0.00185  0.00127  0.00406
                                                                                                  0.02288
  97.  2484   D 1 - 3 S 4 S 6 ; D 1 - 3 ; S 1 D 2 S 3 ; D 1 S 2 - 3  END                0.0234   -0.00263 -0.00152 -0.00406  0.00069
                                                                                                 -0.02288
  98. 25490   D 1 - 4 S 6 ; D 1 - 3 S 4 ; S 1 D 2 ; D 1 S 2  END                        0.0234    0.00217  0.02328
  99.  3790   D 1 - 3 S 4 - 5 ; D 1 - 2 S 3 - 4 ; D 1 S 2 - 3 ; D 1 - 2  END            0.0231   -0.00198 -0.00382  0.00093 -0.00037
                                                                                                  0.02263
 100.  1851   D 1 - 3 S 4 - 5 ; D 1 - 3 ; D 1 S 2 - 3 ; D 1 S 2 - 3  END                0.0231   -0.00322 -0.00294  0.00037 -0.00059
                                                                                                 -0.02263




 POSITION OF FIRST SPIN COUPLING FOR TEN MOST IMPORTANT CONFIGURATIONS
      17      2    105    165    171     32      1    255     33     38



 ELAPSED TIME =     669.64 CPU SECONDS. (    669.37 WALL CLOCK SECONDS)
