 ************************************************************************
 * RTSIM - DAVIDSON METHOD SPARSE MATRIX EIGENVALUE/EIGENVECTOR PROGRAM *
 * QUANTUM CHEMISTRY GROUP - INDIANA UNIVERSITY -  4Jul 2016  22:15:55  *
 ************************************************************************



                 DIAGONALIZATION RUN TITLE
                 -------------------------
 )* WATER TEST *



 ) DAVIDSON
 ) LAST=5
 ) COEFF
 ) NOVLP
 ) MAXITR=1000 END

 THE CI MATRIX IS TITLED:  H2O  -SINGLET A1-  STO-3G HF SD-CI TEST
 THE MATRIX IS DATED:      4Jul 2016  22:15:39 
 THE SPIN MULTIPLICITY IS 1 AND THE DIMENSION IS  30470.

 ROOTS  1 THROUGH  5 WILL BE OBTAINED.

  
  
  
 AMOUNT OF CORE AVAILABLE                      80000000
 MAXIMUM NUMBER OF VECTORS PER ITERATION              5
 MAXIMUM NUMBER OF VECTORS ON DISK                   25
 NUMBER OF SOLUTIONS SOUGHT                           5
 NUMBER OF SOLUTIONS INVESTIGATED                     5
 SIZE OF MATRIX DIAGONALISED                      30470
  
  
 INITIAL GUESS AT ROOTS (OBTAINED FROM DIAGONAL ELEMENTS OF HAMILTONIAN MATRIX)

                1        -340.19001
                2        -337.32047
               12        -335.66067
             2788        -335.66067
             2785        -335.31268


 ITERATION       ROOT           EIGENVALUE          NORM OF RESIDUAL
     1             1          -340.33676964              7.13617
     1             2          -337.37661638              6.90433
     1             3          -335.82147977              5.01538
     1             4          -335.42419034              4.50106
     1             5          -335.18543645              4.09091
     2             1          -343.65168832              8.55486
     2             2          -340.55250322             10.00749
     2             3          -338.10538024             11.29467
     2             4          -337.25074933              8.93919
     2             5          -336.11210200             11.51589
     2             1          -343.65168832              2.33864
     2             2          -340.55250322              3.13270
     2             3          -338.10538024              2.45091
     2             4          -337.25074933              1.71913
     2             5          -336.11210200              2.88500
     3             1          -343.92586152              2.86187
     3             2          -341.13261209              4.65627
     3             3          -338.67454714              7.10600
     3             4          -337.46981890              3.25754
     3             5          -337.06853491             12.20088
     3             1          -343.92586152              0.75609
     3             2          -341.13261209              1.22338
     3             3          -338.67454714              1.25313
     3             4          -337.46981890              0.61144
     3             5          -337.06853491              1.66054
     4             1          -343.96668261              1.36405
     4             2          -341.24759472              2.53687
     4             3          -338.82961057              3.77581
     4             4          -337.53099924            158.99622
     4             5          -337.49529391            171.53133
     4             1          -343.96668261              0.31292
     4             2          -341.24759472              0.64749
     4             3          -338.82961057              0.77282
     4             4          -337.53099924              1.66477
     4             5          -337.49529391              0.32621
     5             1          -343.97288345              0.54588
     5             2          -341.28596435              1.85746
     5             3          -338.94099147              6.07227
     5             4          -338.04025925             14.65476
     5             5          -337.50044148              2.96109
  truncating with vlp=false 
 TRUNCATION TO 1 VECTOR PER ROOT HAS BEEN PERFORMED
     5             1          -343.97288345              0.10535
     5             2          -341.28596435              0.33004
     5             3          -338.94099147              0.81188
     5             4          -338.04025925              1.44656
     5             5          -337.50044148              0.10218
     6             1          -343.97351803              0.12285
     6             2          -341.29279331              0.45732
     6             3          -338.99852969              2.43726
     6             4          -338.20210863              3.21076
     6             5          -337.50122216              0.18022
     6             1          -343.97351803              0.04492
     6             2          -341.29279331              0.15219
     6             3          -338.99852969              0.51747
     6             4          -338.20210863              0.78722
     6             5          -337.50122216              0.05293
     7             1          -343.97366346              0.09552
     7             2          -341.29520177              0.49674
     7             3          -339.05329729              4.27043
     7             4          -338.32272907              6.51426
     7             5          -337.50157805              0.22676
     7             1          -343.97366346              0.01835
     7             2          -341.29520177              0.09464
     7             3          -339.05329729              0.60628
     7             4          -338.32272907              0.89947
     7             5          -337.50157805              0.03946
     8             1          -343.97368487              0.03735
     8             2          -341.29596883              0.30596
     8             3          -339.10342282              4.74305
     8             4          -338.44350330              8.93732
     8             5          -337.80297259           1788.46350
     8             1          -343.97368487              0.00730
     8             2          -341.29596883              0.05042
     8             3          -339.10342282              0.51576
     8             4          -338.44350330              0.82098
     8             5          -337.80297259              3.08001
     9             1          -343.97368764              0.01176
     9             2          -341.29613629              0.12366
     9             3          -339.13981179              5.49987
     9             4          -338.68994193             44.45942
     9             5          -338.42778932             50.53152
  truncating with vlp=false 
 TRUNCATION TO 1 VECTOR PER ROOT HAS BEEN PERFORMED
     9             1          -343.97368764              0.00180
     9             2          -341.29613629              0.01756
     9             3          -339.13981179              0.45090
     9             4          -338.68994193              1.32703
     9             5          -338.42778932              0.69628
    10             1          -343.97368780              0.00196
    10             2          -341.29615541              0.02638
    10             3          -339.15743983              2.43820
    10             4          -338.81142422              4.33289
    10             5          -338.45389032              3.17427
    10             1          -343.97368780              0.00066
    10             2          -341.29615541              0.00824
    10             3          -339.15743983              0.32141
    10             4          -338.81142422              0.69419
    10             5          -338.45389032              0.26927
    11             1          -343.97368782              0.00101
    11             2          -341.29616022              0.01787
    11             3          -339.16896709              2.10258
    11             4          -338.85989085              3.00931
    11             5          -338.46135366              1.24449
    11             1          -343.97368782              0.00021
    11             2          -341.29616022              0.00368
    11             3          -339.16896709              0.22607
    11             4          -338.85989085              0.43728
    11             5          -338.46135366              0.17575
    12             1          -343.97368782              0.00033
    12             2          -341.29616112              0.00813
    12             3          -339.17344845              1.03368
    12             4          -338.87583121              1.64485
    12             5          -338.46378666              0.57761
    12             1          -343.97368782              0.00006
    12             2          -341.29616112              0.00136
    12             3          -339.17344845              0.13277
    12             4          -338.87583121              0.26095
    12             5          -338.46378666              0.12139
     ROOT    ITERATION     NUMBER OF PRODUCTS       EIGENVALUE
       1        12                55                -343.9736878230


    13             2          -341.29616124              0.00290
    13             3          -339.17508289              0.58852
    13             4          -338.88262015              1.19428
    13             5          -338.46529144              0.53726
  truncating with vlp=false 
 TRUNCATION TO 1 VECTOR PER ROOT HAS BEEN PERFORMED
    13             2          -341.29616124              0.00056
    13             3          -339.17508289              0.07362
    13             4          -338.88262015              0.15482
    13             5          -338.46529144              0.08057
    14             2          -341.29616126              0.00065
    14             3          -339.17546953              0.11614
    14             4          -338.88433501              0.23070
    14             5          -338.46582389              0.14357
    14             2          -341.29616126              0.00026
    14             3          -339.17546953              0.04098
    14             4          -338.88433501              0.08646
    14             5          -338.46582389              0.05474
    15             2          -341.29616127              0.00055
    15             3          -339.17565588              0.13048
    15             4          -338.88527124              0.30529
    15             5          -338.46625038              0.24486
    15             2          -341.29616127              0.00015
    15             3          -339.17565588              0.02690
    15             4          -338.88527124              0.06321
    15             5          -338.46625038              0.05500
    16             2          -341.29616127              0.00027
    16             3          -339.17573009              0.10374
    16             4          -338.88570606              0.27044
    16             5          -338.46659594              0.28163
    16             2          -341.29616127              0.00006
    16             3          -339.17573009              0.01606
    16             4          -338.88570606              0.04250
    16             5          -338.46659594              0.03883
     ROOT    ITERATION     NUMBER OF PRODUCTS       EIGENVALUE
       2        16                71                -341.2961612701


    17             3          -339.17575722              0.06351
    17             4          -338.88590847              0.19122
    17             5          -338.46679549              0.24643
    17             3          -339.17575722              0.01188
    17             4          -338.88590847              0.03182
    17             5          -338.46679549              0.03223
    18             3          -339.17577498              0.05893
    18             4          -338.88604044              0.17878
    18             5          -338.46695205              0.26132
  truncating with vlp=false 
 TRUNCATION TO 1 VECTOR PER ROOT HAS BEEN PERFORMED
    18             3          -339.17577498              0.00751
    18             4          -338.88604044              0.02191
    18             5          -338.46695205              0.02223
    19             3          -339.17577831              0.00952
    19             4          -338.88607002              0.02925
    19             5          -338.46698419              0.03137
    19             3          -339.17577831              0.00332
    19             4          -338.88607002              0.01013
    19             5          -338.46698419              0.01054
    20             3          -339.17577942              0.00945
    20             4          -338.88608095              0.03136
    20             5          -338.46699799              0.03970
    20             3          -339.17577942              0.00217
    20             4          -338.88608095              0.00704
    20             5          -338.46699799              0.00791
    21             3          -339.17577984              0.00626
    21             4          -338.88608529              0.02084
    21             5          -338.46700424              0.02865
    21             3          -339.17577984              0.00129
    21             4          -338.88608529              0.00464
    21             5          -338.46700424              0.00560
    22             3          -339.17578000              0.00427
    22             4          -338.88608713              0.01590
    22             5          -338.46700731              0.02296
    22             3          -339.17578000              0.00082
    22             4          -338.88608713              0.00348
    22             5          -338.46700731              0.00408
    23             3          -339.17578007              0.00329
    23             4          -338.88608841              0.01475
    23             5          -338.46700942              0.02229
    23             3          -339.17578007              0.00064
    23             4          -338.88608841              0.00282
    23             5          -338.46700942              0.00383
    24             3          -339.17578012              0.00316
    24             4          -338.88608947              0.01618
    24             5          -338.46701188              0.03312
  truncating with vlp=false 
 TRUNCATION TO 1 VECTOR PER ROOT HAS BEEN PERFORMED
    24             3          -339.17578012              0.00038
    24             4          -338.88608947              0.00188
    24             5          -338.46701188              0.00360
    25             3          -339.17578013              0.00050
    25             4          -338.88608970              0.00256
    25             5          -338.46701278              0.00533
    25             3          -339.17578013              0.00017
    25             4          -338.88608970              0.00089
    25             5          -338.46701278              0.00188
    26             3          -339.17578013              0.00049
    26             4          -338.88608979              0.00281
    26             5          -338.46701318              0.00655
    26             3          -339.17578013              0.00012
    26             4          -338.88608979              0.00064
    26             5          -338.46701318              0.00161
    27             3          -339.17578013              0.00036
    27             4          -338.88608983              0.00218
    27             5          -338.46701346              0.00664
    27             3          -339.17578013              0.00008
    27             4          -338.88608983              0.00039
    27             5          -338.46701346              0.00115
     ROOT    ITERATION     NUMBER OF PRODUCTS       EIGENVALUE
       3        27               104                -339.1757801335


    28             4          -338.88608985              0.00202
    28             5          -338.46701368              0.00737
    28             4          -338.88608985              0.00033
    28             5          -338.46701368              0.00109
    29             4          -338.88608986              0.00142
    29             5          -338.46701382              0.00637
    29             4          -338.88608986              0.00023
    29             5          -338.46701382              0.00089
    30             4          -338.88608987              0.00099
    30             5          -338.46701393              0.00593
    30             4          -338.88608987              0.00017
    30             5          -338.46701393              0.00085
    31             4          -338.88608987              0.00072
    31             5          -338.46701402              0.00588
    31             4          -338.88608987              0.00009
    31             5          -338.46701402              0.00051
     ROOT    ITERATION     NUMBER OF PRODUCTS       EIGENVALUE
       4        31               112                -338.8860898694


    32             5          -338.46701404              0.00193
    32             5          -338.46701404              0.00024
    33             5          -338.46701405              0.00078
    33             5          -338.46701405              0.00013
    34             5          -338.46701405              0.00043
  truncating with vlp=false 
 TRUNCATION TO 1 VECTOR PER ROOT HAS BEEN PERFORMED
    34             5          -338.46701405              0.00007
     ROOT    ITERATION     NUMBER OF PRODUCTS       EIGENVALUE
       5        34               115                -338.4670140473


  all roots converged 
  

 ************************************
 COMPLETED CI VECTOR OPTIMISATION
 ************************************





 ********************************
 RESULTS FOR ROOT   01
 TOTAL CI ENERGY =   -343.9736878
 ********************************

       CONF.                                                                           COEFF.
        NO.        SPACE ORBITAL PRODUCTS                                             CONTRIB.      CI COEFFICIENTS

       -----       ----------------------                                             --------   ---------------------
   1.     1   D 1 - 3 ; D 1 - 3 ; D 1 - 3 ; D 1 - 2  END                                0.8352   -0.83516
   2.     2   D 1 - 4 ; D 1 - 3 ; D 1 - 2 ; D 1 - 2  END                                0.2361    0.23608
   3.     3   D 1 - 3 S 4 ; D 1 - 3 S 4 ; D 1 - 2 S 3 ; D 1 S 2  END                    0.1567    0.03341 -0.15307
   4.     4   D 1 - 3 S 4 - 5 ; D 1 - 3 ; D 1 S 2 - 3 ; D 1 - 2  END                    0.1053    0.02303  0.10278
   5.     5   D 1 - 3 S 4 S 6 ; D 1 - 3 ; S 1 D 2 S 3 ; D 1 - 2  END                    0.0935    0.01946  0.09141
   6.  1027   D 1 - 3 S 4 ; D 1 - 3 S 5 ; D 1 - 2 S 3 ; S 1 D 2  END                    0.0688   -0.01563  0.06703
   7.  1048   D 1 - 3 S 4 ; D 1 - 2 S 3 ; D 1 - 2 S 3 ; D 1 - 2 S 3  END                0.0605   -0.01385  0.05889
   8.  1192   D 1 - 2 S 3 - 4 ; D 1 - 3 ; D 1 - 2 S 3 - 4 ; D 1 - 2  END                0.0592   -0.03054 -0.05068
   9.    24   D 1 - 3 ; D 1 - 4 ; D 1 - 3 ; D 1  END                                    0.0560    0.05598
  10.  1026   D 1 - 3 ; D 1 - 3 S 4 - 5 ; D 1 - 3 ; S 1 - 2  END                        0.0559    0.00447  0.05573
  11.    34   D 1 - 3 S 5 ; D 1 - 3 S 4 ; D 1 S 2 D 3 ; D 1 S 2  END                    0.0555   -0.00643  0.05508
  12.  4120   D 1 - 2 S 3 ; D 1 - 2 S 3 ; D 1 - 3 S 4 ; D 1 - 2 S 3  END                0.0502   -0.00299  0.05014
  13.  1097   D 1 - 3 S 4 ; D 1 S 2 D 3 ; D 1 - 2 S 3 ; D 1 - 2 S 4  END                0.0480   -0.02374  0.04166
  14.  1045   D 1 - 3 ; D 1 - 2 S 3 - 4 ; D 1 - 3 ; D 1 S 2 - 3  END                    0.0437    0.01351  0.04151
  15.  1290   S 1 D 2 - 3 S 4 ; D 1 - 3 ; D 1 - 2 S 3 S 6 ; D 1 - 2  END                0.0414    0.02486  0.03314
  16.    51   D 1 - 3 S 6 ; D 1 - 3 S 4 ; S 1 D 2 - 3 ; D 1 S 2  END                    0.0406   -0.00460  0.04035
  17.  1094   D 1 - 3 ; D 1 S 2 D 3 S 4 ; D 1 - 3 ; D 1 S 2 S 4  END                    0.0406    0.02818  0.02925
  18.  1241   D 1 S 2 D 3 S 4 ; D 1 - 3 ; D 1 - 2 S 3 S 5 ; D 1 - 2  END                0.0403    0.02206  0.03376
  19.  1189   D 1 - 2 S 3 ; D 1 - 3 S 4 ; D 1 - 3 S 4 ; D 1 S 2  END                    0.0390    0.01781 -0.03473
  20.  4057   D 1 - 3 ; D 1 S 2 - 3 ; D 1 - 3 ; D 1 - 2 S 3 - 4  END                    0.0377   -0.00440 -0.03740
  21.    45   D 1 - 3 D 5 ; D 1 - 3 ; D 1 D 3 ; D 1 - 2  END                            0.0368    0.03678
  22.  1031   D 1 - 3 S 5 ; D 1 - 3 S 5 ; D 1 S 2 D 3 ; S 1 D 2  END                    0.0358    0.00240 -0.03571
  23.    74   D 1 - 3 S 4 S 6 ; D 1 - 3 ; D 1 - 3 ; S 1 - 2  END                        0.0355    0.00187  0.03546
  24.  1023   D 1 - 3 ; D 1 - 3 S 4 - 5 ; S 1 D 2 S 3 ; D 1 - 2  END                    0.0355    0.00187  0.03546
  25.  1146   D 1 - 3 S 4 ; S 1 D 2 - 3 ; D 1 - 2 S 3 ; D 1 - 2 S 5  END                0.0354   -0.02061  0.02877
  26.  4040   D 1 - 3 ; D 1 - 2 ; D 1 - 3 ; D 1 - 3  END                                0.0350    0.03505
  27.    32   D 1 - 3 ; D 1 - 4 ; D 1 - 2 ; D 1 - 2  END                                0.0350    0.03502
  28.    18   D 1 - 4 ; D 1 - 3 ; D 1 - 3 ; D 1  END                                    0.0350    0.03502
  29.  1063   D 1 - 3 S 5 ; D 1 - 2 S 3 ; D 1 S 2 D 3 ; D 1 - 2 S 3  END                0.0346    0.01369 -0.03182
  30.  1020   D 1 - 3 S 4 ; D 1 - 3 S 5 ; S 1 D 2 - 3 ; D 1 S 2  END                    0.0339    0.00292  0.03376
  31.    81   D 1 - 3 S 6 ; D 1 - 3 S 4 ; D 1 - 2 S 3 ; S 1 D 2  END                    0.0339    0.00292  0.03376
  32.    36   D 1 - 4 ; D 1 - 3 ; D 1 S 2 - 3 ; D 1 - 2  END                            0.0335   -0.03349
  33.    27   D 1 - 3 S 4 - 5 ; D 1 - 3 ; D 1 - 2 ; D 1 - 2  END                        0.0335   -0.03349
  34.    62   D 1 - 3 S 5 - 6 ; D 1 - 3 ; S 1 - 2 D 3 ; D 1 - 2  END                    0.0329   -0.00237 -0.03278
  35.  4130   D 1 - 2 S 3 ; D 1 S 2 D 3 ; D 1 - 3 S 4 ; D 1 - 2 S 4  END                0.0326   -0.00367  0.03244
  36.  1207   D 1 - 2 S 3 S 5 ; D 1 - 3 ; D 1 S 2 D 3 S 4 ; D 1 - 2  END                0.0320    0.01665  0.02732
  37.  1256   D 1 S 2 D 3 S 5 ; D 1 - 3 ; D 1 S 2 D 3 S 5 ; D 1 - 2  END                0.0314   -0.02386 -0.02041
  38.  4166   D 1 S 2 D 3 ; D 1 - 2 S 3 ; D 1 - 3 S 5 ; D 1 - 2 S 3  END                0.0307    0.00434 -0.03042
  39.  4148   D 1 - 2 ; D 1 - 3 ; D 1 - 4 ; D 1 - 2  END                                0.0304    0.03042
  40.    79   D 1 - 3 S 4 ; D 1 - 3 S 4 ; D 1 - 2 S 3 ; S 1 D 2  END                    0.0304    0.00442 -0.03003
  41.  1011   D 1 - 3 S 4 ; D 1 - 3 S 5 ; D 1 - 2 S 3 ; D 1 S 2  END                    0.0304   -0.00442  0.03003
  42.  1035   D 1 - 3 S 6 ; D 1 - 3 S 5 ; S 1 D 2 - 3 ; S 1 D 2  END                    0.0292    0.00129 -0.02916
  43.    59   D 1 - 3 S 4 - 5 ; D 1 - 3 ; S 1 - 2 D 3 ; D 1 - 2  END                    0.0291   -0.00175 -0.02909
  44.    39   D 1 - 3 S 5 - 6 ; D 1 - 3 ; D 1 S 2 - 3 ; D 1 - 2  END                    0.0291    0.00175  0.02909
  45.  4030   D 1 - 3 ; D 1 - 2 S 3 S 5 ; D 1 - 3 ; S 1 D 2 S 3  END                    0.0291   -0.01327 -0.02589
  46.  1078   D 1 - 3 S 6 ; D 1 - 2 S 3 ; S 1 D 2 - 3 ; D 1 - 2 S 3  END                0.0283    0.01382 -0.02469
  47.  1015   D 1 - 3 S 4 ; D 1 - 3 S 5 ; D 1 S 2 D 3 ; D 1 S 2  END                    0.0281   -0.00059 -0.02810
  48.    80   D 1 - 3 S 5 ; D 1 - 3 S 4 ; D 1 - 2 S 3 ; S 1 D 2  END                    0.0281   -0.00059 -0.02810
  49.  1238   D 1 S 2 D 3 ; D 1 - 3 S 4 ; D 1 - 3 S 5 ; D 1 S 2  END                    0.0280   -0.01815  0.02126
  50.  4117   D 1 - 2 S 3 ; D 1 - 3 S 5 ; D 1 - 3 S 4 ; S 1 D 2  END                    0.0274   -0.01544  0.02265
  51.  1143   D 1 - 3 ; S 1 D 2 - 3 S 4 ; D 1 - 3 ; D 1 S 2 S 5  END                    0.0272    0.01852  0.01988
  52.  4192   D 1 S 2 - 3 ; D 1 - 3 ; D 1 - 3 S 4 - 5 ; D 1 - 2  END                    0.0271    0.00363  0.02687
  53.  4087   D 1 - 3 ; S 1 D 2 S 3 ; D 1 - 3 ; D 1 - 2 S 3 S 5  END                    0.0271   -0.00413 -0.02679
  54.   524   D 1 - 4 ; D 1 - 4 ; D 1 - 2 ; D 1  END                                    0.0271   -0.02707
  55.  1180   D 1 - 2 S 3 - 4 ; D 1 - 3 ; D 1 - 3 ; D 1 S 2 - 3  END                    0.0269    0.00390  0.02660
  56.  1057   D 1 - 3 ; D 1 - 2 S 3 - 4 ; D 1 - 2 S 3 - 4 ; D 1 - 2  END                0.0269   -0.00390 -0.02660
  57.  1112   D 1 - 3 S 5 ; D 1 S 2 D 3 ; D 1 S 2 D 3 ; D 1 - 2 S 4  END                0.0269    0.01697 -0.02083
  58.  1016   D 1 - 3 S 5 ; D 1 - 3 S 5 ; D 1 S 2 D 3 ; D 1 S 2  END                    0.0265    0.00205  0.02644
  59.    83   D 1 - 3 S 5 ; D 1 - 3 S 4 ; D 1 S 2 D 3 ; S 1 D 2  END                    0.0265   -0.00205 -0.02644
  60.  4225   S 1 D 2 - 3 ; D 1 - 2 S 3 ; D 1 - 3 S 6 ; D 1 - 2 S 3  END                0.0264    0.00396 -0.02606
  61.    19   D 1 - 3 S 4 - 5 ; D 1 - 3 ; D 1 - 3 ; D 1  END                            0.0262    0.02617
  62.    41   D 1 - 3 ; D 1 - 4 ; D 1 S 2 - 3 ; D 1 - 2  END                            0.0262    0.02617
  63.  4077   D 1 - 3 ; S 1 D 2 - 3 S 5 ; D 1 - 3 ; S 1 D 2 S 5  END                    0.0259   -0.02009 -0.01641
  64.  1013   D 1 - 3 S 6 ; D 1 - 3 S 5 ; D 1 - 2 S 3 ; D 1 S 2  END                    0.0259   -0.00068 -0.02589
  65.    85   D 1 - 3 S 4 ; D 1 - 3 S 4 ; S 1 D 2 - 3 ; S 1 D 2  END                    0.0259   -0.00068 -0.02589
  66.  1320   S 1 D 2 - 3 S 6 ; D 1 - 3 ; S 1 D 2 - 3 S 6 ; D 1 - 2  END                0.0248   -0.01918 -0.01577
  67.    33   D 1 - 3 S 4 ; D 1 - 3 S 4 ; D 1 S 2 D 3 ; D 1 S 2  END                    0.0248   -0.00585 -0.02412
  68.    25   D 1 - 3 S 5 ; D 1 - 3 S 4 ; D 1 - 2 S 3 ; D 1 S 2  END                    0.0248    0.00585  0.02412
  69.  4140   D 1 - 2 S 3 ; S 1 D 2 - 3 ; D 1 - 3 S 4 ; D 1 - 2 S 5  END                0.0247   -0.00344  0.02446
  70.    37   D 1 - 3 S 4 S 6 ; D 1 - 3 ; D 1 S 2 - 3 ; D 1 - 2  END                    0.0244    0.00399  0.02409
  71.    53   D 1 - 3 S 4 - 5 ; D 1 - 3 ; S 1 D 2 S 3 ; D 1 - 2  END                    0.0244    0.00399  0.02409
  72.    54   D 1 - 3 D 5 ; D 1 - 3 ; S 1 D 2 S 3 ; D 1 - 2  END                        0.0241   -0.02406
  73.    44   D 1 - 3 S 4 S 6 ; D 1 - 3 ; D 1 D 3 ; D 1 - 2  END                        0.0241   -0.02406
  74.  1084   D 1 - 3 S 4 ; D 1 S 2 D 3 ; D 1 - 3 S 4 ; D 1 S 2  END                    0.0237    0.01548  0.01794
  75.  1202   D 1 - 2 S 3 ; D 1 - 3 S 4 ; D 1 - 2 S 3 ; D 1 - 2 S 4  END                0.0237   -0.01548 -0.01794
  76.  4121   D 1 - 2 S 3 ; D 1 - 2 S 3 ; D 1 - 3 S 4 ; D 1 - 2 S 4  END                0.0236   -0.00254 -0.02341
  77.  4129   D 1 - 2 S 3 ; D 1 S 2 D 3 ; D 1 - 3 S 4 ; D 1 - 2 S 3  END                0.0236   -0.00254 -0.02341
  78.   534   D 1 - 4 S 5 ; D 1 - 3 S 4 ; D 1 S 2 ; D 1 S 2  END                        0.0233    0.00269 -0.02310
  79.  1287   S 1 D 2 - 3 ; D 1 - 3 S 4 ; D 1 - 3 S 6 ; D 1 S 2  END                    0.0233   -0.01608  0.01679
  80.  4034   D 1 - 3 ; D 1 - 2 ; D 1 - 4 ; D 1 - 2  END                                0.0232    0.02317
  81.  4154   D 1 - 2 ; D 1 - 3 ; D 1 - 3 ; D 1 - 3  END                                0.0232    0.02317
  82.  4017   D 1 - 3 ; D 1 - 3 D 5 ; D 1 - 3 ; D 2  END                                0.0230    0.02295
  83.  4176   D 1 S 2 D 3 ; D 1 S 2 D 3 ; D 1 - 3 S 5 ; D 1 - 2 S 4  END                0.0229    0.00227 -0.02284
  84.  1181   D 1 - 2 S 3 - 4 ; D 1 - 3 ; D 1 - 3 ; D 1 S 2 S 4  END                    0.0229   -0.01874 -0.01323
  85.  1105   D 1 - 3 ; D 1 S 2 D 3 S 4 ; D 1 - 2 S 3 - 4 ; D 1 - 2  END                0.0229    0.01874  0.01323
  86.  1019   D 1 - 3 ; D 1 - 3 S 4 - 5 ; D 1 D 3 ; D 1 - 2  END                        0.0224   -0.02242
  87.    75   D 1 - 3 D 5 ; D 1 - 3 ; D 1 - 3 ; S 1 - 2  END                            0.0224   -0.02242
  88.    73   D 1 - 3 S 4 - 5 ; D 1 - 3 ; D 1 - 3 ; S 1 - 2  END                        0.0215   -0.00320 -0.02131
  89.  1018   D 1 - 3 ; D 1 - 3 S 4 - 5 ; D 1 S 2 - 3 ; D 1 - 2  END                    0.0215   -0.00320 -0.02131
  90.    29   D 1 - 3 D 5 ; D 1 - 3 ; D 1 - 2 ; D 1 - 2  END                            0.0215    0.02153
  91.    42   D 1 - 4 ; D 1 - 3 ; D 1 D 3 ; D 1 - 2  END                                0.0215    0.02153
  92.    70   D 1 - 3 D 6 ; D 1 - 3 ; D 2 - 3 ; D 1 - 2  END                            0.0214    0.02137
  93.  2420   D 1 - 4 ; D 1 - 3 S 4 - 5 ; D 1 - 2 ; S 1 - 2  END                        0.0212   -0.00220 -0.02111
  94.  1127   D 1 - 3 S 6 ; D 1 S 2 D 3 ; S 1 D 2 - 3 ; D 1 - 2 S 4  END                0.0212    0.01435 -0.01559
  95.    94   D 1 - 3 ; D 1 - 4 ; D 1 - 3 ; D 2  END                                    0.0211    0.02114
  96.  3787   D 1 - 3 ; D 1 - 3 D 5 ; D 1 - 3 ; D 1  END                                0.0211    0.02114
  97.  1118   D 1 - 3 ; D 1 S 2 D 3 S 4 ; D 1 S 2 D 3 S 5 ; D 1 - 2  END                0.0210    0.01746  0.01175
  98.  1232   D 1 S 2 D 3 S 5 ; D 1 - 3 ; D 1 - 3 ; D 1 S 2 S 4  END                    0.0210   -0.01746 -0.01175
  99.  4047   D 1 - 3 ; D 1 S 2 D 3 S 5 ; D 1 - 3 ; S 1 D 2 S 4  END                    0.0210   -0.01454 -0.01521
 100.  1201   D 1 - 2 S 3 ; D 1 - 3 S 4 ; D 1 - 2 S 3 ; D 1 - 2 S 3  END                0.0209    0.00655  0.01980




 POSITION OF FIRST SPIN COUPLING FOR TEN MOST IMPORTANT CONFIGURATIONS
       1      2      3      5      7   2833   2875   3163     27   2831



 ********************************
 RESULTS FOR ROOT   02
 TOTAL CI ENERGY =   -341.2961613
 ********************************

       CONF.                                                                           COEFF.
        NO.        SPACE ORBITAL PRODUCTS                                             CONTRIB.      CI COEFFICIENTS

       -----       ----------------------                                             --------   ---------------------
   1.     2   D 1 - 4 ; D 1 - 3 ; D 1 - 2 ; D 1 - 2  END                                0.7471   -0.74711
   2.     3   D 1 - 3 S 4 ; D 1 - 3 S 4 ; D 1 - 2 S 3 ; D 1 S 2  END                    0.2801   -0.23341  0.15482
   3.     1   D 1 - 3 ; D 1 - 3 ; D 1 - 3 ; D 1 - 2  END                                0.2696   -0.26963
   4.     4   D 1 - 3 S 4 - 5 ; D 1 - 3 ; D 1 S 2 - 3 ; D 1 - 2  END                    0.1426   -0.11536 -0.08390
   5.    18   D 1 - 4 ; D 1 - 3 ; D 1 - 3 ; D 1  END                                    0.1048    0.10481
   6.    32   D 1 - 3 ; D 1 - 4 ; D 1 - 2 ; D 1 - 2  END                                0.1048    0.10481
   7.     5   D 1 - 3 S 4 S 6 ; D 1 - 3 ; S 1 D 2 S 3 ; D 1 - 2  END                    0.1003   -0.08994 -0.04450
   8.     9   D 1 - 2 S 3 - 4 ; D 1 - 3 ; D 1 - 3 ; D 1 - 2  END                        0.0874    0.08739
   9.   995   D 1 - 3 ; D 1 - 3 ; D 1 - 2 S 3 - 4 ; D 1 - 2  END                        0.0874    0.08739
  10.  1027   D 1 - 3 S 4 ; D 1 - 3 S 5 ; D 1 - 2 S 3 ; S 1 D 2  END                    0.0807    0.06619 -0.04618
  11.   534   D 1 - 4 S 5 ; D 1 - 3 S 4 ; D 1 S 2 ; D 1 S 2  END                        0.0537   -0.01478  0.05162
  12.  2420   D 1 - 4 ; D 1 - 3 S 4 - 5 ; D 1 - 2 ; S 1 - 2  END                        0.0513    0.00922  0.05049
  13.   524   D 1 - 4 ; D 1 - 4 ; D 1 - 2 ; D 1  END                                    0.0510    0.05104
  14.    29   D 1 - 3 D 5 ; D 1 - 3 ; D 1 - 2 ; D 1 - 2  END                            0.0494    0.04938
  15.    42   D 1 - 4 ; D 1 - 3 ; D 1 D 3 ; D 1 - 2  END                                0.0494    0.04938
  16.    24   D 1 - 3 ; D 1 - 4 ; D 1 - 3 ; D 1  END                                    0.0445   -0.04454
  17.  6019   D 1 - 2 S 3 D 4 ; D 1 - 2 S 3 ; D 1 - 2 S 4 ; D 1 - 2 S 3  END            0.0444   -0.00267  0.04430
  18.    25   D 1 - 3 S 5 ; D 1 - 3 S 4 ; D 1 - 2 S 3 ; D 1 S 2  END                    0.0441   -0.00356  0.04400
  19.    33   D 1 - 3 S 4 ; D 1 - 3 S 4 ; D 1 S 2 D 3 ; D 1 S 2  END                    0.0441    0.00355 -0.04400
  20.  1014   D 1 - 3 ; D 1 - 3 S 4 - 5 ; D 1 - 2 ; D 1 - 2  END                        0.0432    0.04316
  21.    72   D 1 - 4 ; D 1 - 3 ; D 1 - 3 ; S 1 - 2  END                                0.0432    0.04316
  22.   559   D 1 - 4 S 6 ; D 1 - 3 S 4 ; S 1 D 2 ; D 1 S 2  END                        0.0411   -0.01186  0.03932
  23.  1192   D 1 - 2 S 3 - 4 ; D 1 - 3 ; D 1 - 2 S 3 - 4 ; D 1 - 2  END                0.0404    0.00694  0.03976
  24.  2466   D 1 - 4 ; D 1 - 2 S 3 - 4 ; D 1 - 2 ; D 1 S 2 - 3  END                    0.0400    0.01463  0.03724
  25.  1097   D 1 - 3 S 4 ; D 1 S 2 D 3 ; D 1 - 2 S 3 ; D 1 - 2 S 4  END                0.0394    0.01799 -0.03501
  26.   992   D 1 - 3 ; D 1 - 3 ; D 1 - 3 ; D 1 S 2 - 3  END                            0.0389   -0.03895
  27.     6   D 1 - 3 ; D 1 - 2 S 3 - 4 ; D 1 - 3 ; D 1 - 2  END                        0.0389    0.03895
  28.  2620   D 1 - 4 ; D 1 S 2 D 3 S 4 ; D 1 - 2 ; D 1 S 2 S 4  END                    0.0382    0.02588  0.02811
  29.    65   D 1 - 4 ; D 1 - 3 ; D 2 - 3 ; D 1 - 2  END                                0.0375    0.03754
  30.    31   D 1 - 3 D 6 ; D 1 - 3 ; D 1 - 2 ; D 1 - 2  END                            0.0375    0.03754
  31.  2925   D 1 - 2 S 3 D 4 ; D 1 - 3 S 4 ; D 1 - 2 S 4 ; D 1 S 2  END                0.0356    0.01560 -0.03198
  32.  1457   D 1 - 4 ; D 1 - 3 ; D 1 - 2 ; D 1 S 2 - 3  END                            0.0354    0.03536
  33.   217   D 1 - 4 ; D 1 - 2 S 3 - 4 ; D 1 - 2 ; D 1 - 2  END                        0.0354   -0.03536
  34.  2426   D 1 - 4 S 5 ; D 1 - 3 S 5 ; D 1 S 2 ; S 1 D 2  END                        0.0339    0.00518 -0.03355
  35.  5747   D 1 - 4 ; D 1 S 2 - 3 ; D 1 - 2 ; D 1 - 2 S 3 - 4  END                    0.0328   -0.00354 -0.03265
  36.  1048   D 1 - 3 S 4 ; D 1 - 2 S 3 ; D 1 - 2 S 3 ; D 1 - 2 S 3  END                0.0326    0.03091 -0.01034
  37.   544   D 1 - 5 ; D 1 - 3 ; D 1 ; D 1 - 2  END                                    0.0324    0.03243
  38.  1241   D 1 S 2 D 3 S 4 ; D 1 - 3 ; D 1 - 2 S 3 S 5 ; D 1 - 2  END                0.0320   -0.01041 -0.03024
  39.  1011   D 1 - 3 S 4 ; D 1 - 3 S 5 ; D 1 - 2 S 3 ; D 1 S 2  END                    0.0320    0.03155  0.00514
  40.    79   D 1 - 3 S 4 ; D 1 - 3 S 4 ; D 1 - 2 S 3 ; S 1 D 2  END                    0.0320   -0.03155 -0.00514
  41.  1290   S 1 D 2 - 3 S 4 ; D 1 - 3 ; D 1 - 2 S 3 S 6 ; D 1 - 2  END                0.0319   -0.00802 -0.03089
  42.  3809   D 1 - 3 ; D 1 - 3 D 5 ; D 1 - 2 ; D 1 - 2  END                            0.0318    0.03177
  43.    88   D 1 - 4 ; D 1 - 3 ; D 1 - 3 ; D 2  END                                    0.0318    0.03177
  44.   996   D 1 - 3 ; D 1 - 3 ; D 1 - 2 S 3 S 5 ; D 1 - 2  END                        0.0309   -0.03095
  45.    12   D 1 S 2 D 3 S 4 ; D 1 - 3 ; D 1 - 3 ; D 1 - 2  END                        0.0309    0.03095
  46.   569   D 1 - 4 S 5 - 6 ; D 1 - 3 ; S 1 - 2 ; D 1 - 2  END                        0.0307   -0.00551 -0.03017
  47.  2499   D 1 - 4 S 5 ; D 1 - 2 S 3 ; D 1 S 2 ; D 1 - 2 S 3  END                    0.0304    0.01347 -0.02726
  48.  6056   D 1 - 2 S 3 D 4 ; D 1 S 2 D 3 ; D 1 - 2 S 4 ; D 1 - 2 S 4  END            0.0291   -0.00374  0.02886
  49.  5682   D 1 - 4 ; D 1 - 2 ; D 1 - 2 ; D 1 - 3  END                                0.0291    0.02909
  50.  2958   D 1 - 2 S 3 D 4 S 5 ; D 1 - 3 ; D 1 S 2 S 4 ; D 1 - 2  END                0.0290    0.01492  0.02489
  51.  3112   D 1 S 2 D 3 - 4 S 5 ; D 1 - 3 ; D 1 S 2 S 5 ; D 1 - 2  END                0.0283   -0.02131 -0.01862
  52.  1146   D 1 - 3 S 4 ; S 1 D 2 - 3 ; D 1 - 2 S 3 ; D 1 - 2 S 5  END                0.0282    0.00763 -0.02714
  53.  3079   D 1 S 2 D 3 - 4 ; D 1 - 3 S 4 ; D 1 - 2 S 5 ; D 1 S 2  END                0.0270   -0.01680  0.02119
  54.  6194   D 1 S 2 D 3 - 4 ; D 1 - 2 S 3 ; D 1 - 2 S 5 ; D 1 - 2 S 3  END            0.0269    0.00380 -0.02659
  55.  1693   D 1 - 4 ; D 1 - 3 ; D 1 - 2 S 3 S 6 ; S 1 - 2  END                        0.0266   -0.00597 -0.02590
  56.  1885   S 1 D 2 - 3 S 4 ; D 1 - 3 S 4 - 5 ; D 1 - 2 ; D 1 - 2  END                0.0266    0.00597  0.02590
  57.  6132   D 1 - 2 D 4 ; D 1 - 3 ; D 1 - 2 D 4 ; D 1 - 2  END                        0.0266    0.02657
  58.  3810   D 1 - 3 ; D 1 - 3 ; D 1 - 2 D 4 ; D 1 - 2  END                            0.0265    0.02654
  59.   146   D 1 - 2 D 4 ; D 1 - 3 ; D 1 - 3 ; D 1 - 2  END                            0.0265    0.02654
  60.  2437   D 1 - 4 S 6 ; D 1 - 3 S 5 ; S 1 D 2 ; S 1 D 2  END                        0.0260    0.00420 -0.02562
  61.  2774   D 1 - 4 ; S 1 D 2 - 3 S 4 ; D 1 - 2 ; D 1 S 2 S 5  END                    0.0256    0.01694  0.01913
  62.  1567   D 1 - 4 ; D 1 - 3 ; S 1 D 2 S 3 ; D 1 S 2 S 5  END                        0.0255   -0.01658 -0.01933
  63.   291   D 1 - 3 S 4 S 6 ; S 1 D 2 - 3 S 4 ; D 1 - 2 ; D 1 - 2  END                0.0255    0.01658  0.01933
  64.    30   D 1 - 3 S 5 - 6 ; D 1 - 3 ; D 1 - 2 ; D 1 - 2  END                        0.0254   -0.02542
  65.    58   D 1 - 4 ; D 1 - 3 ; S 1 - 2 D 3 ; D 1 - 2  END                            0.0254    0.02542
  66.  5653   D 1 - 4 ; D 1 - 2 S 3 S 5 ; D 1 - 2 ; S 1 D 2 S 3  END                    0.0251   -0.01234 -0.02189
  67.  1023   D 1 - 3 ; D 1 - 3 S 4 - 5 ; S 1 D 2 S 3 ; D 1 - 2  END                    0.0247    0.00123  0.02469
  68.    74   D 1 - 3 S 4 S 6 ; D 1 - 3 ; D 1 - 3 ; S 1 - 2  END                        0.0247    0.00123  0.02469
  69.    81   D 1 - 3 S 6 ; D 1 - 3 S 4 ; D 1 - 2 S 3 ; S 1 D 2  END                    0.0246    0.00125  0.02458
  70.  1020   D 1 - 3 S 4 ; D 1 - 3 S 5 ; S 1 D 2 - 3 ; D 1 S 2  END                    0.0246    0.00125  0.02458
  71.  2653   D 1 - 4 S 5 ; D 1 S 2 D 3 ; D 1 S 2 ; D 1 - 2 S 4  END                    0.0240    0.01472 -0.01899
  72.  6305   D 1 S 2 - 3 D 4 ; D 1 - 3 ; D 1 - 2 S 4 - 5 ; D 1 - 2  END                0.0239    0.00361  0.02367
  73.  6001   D 1 - 2 S 3 D 4 ; D 1 - 3 S 5 ; D 1 - 2 S 4 ; S 1 D 2  END                0.0239   -0.01364  0.01965
  74.  5864   D 1 - 4 ; S 1 D 2 S 3 ; D 1 - 2 ; D 1 - 2 S 3 S 5  END                    0.0236   -0.00348 -0.02338
  75.  2051   D 1 - 2 S 3 D 4 ; D 1 - 2 S 3 ; D 1 - 2 S 3 ; D 1 - 2 S 3  END            0.0236    0.00674  0.02263
  76.  4391   D 1 - 3 S 4 ; D 1 - 2 S 3 ; D 1 - 2 S 4 ; D 1 - 2 S 3  END                0.0236   -0.00674 -0.02263
  77.  3233   S 1 D 2 - 4 ; D 1 - 3 S 4 ; D 1 - 2 S 6 ; D 1 S 2  END                    0.0235   -0.01567  0.01753
  78.    53   D 1 - 3 S 4 - 5 ; D 1 - 3 ; S 1 D 2 S 3 ; D 1 - 2  END                    0.0234   -0.02328  0.00247
  79.    37   D 1 - 3 S 4 S 6 ; D 1 - 3 ; D 1 S 2 - 3 ; D 1 - 2  END                    0.0234   -0.02328  0.00247
  80.  1484   D 1 - 4 ; D 1 - 3 ; D 1 S 2 - 3 ; D 1 S 2 - 3  END                        0.0234    0.00035 -0.02339
  81.   218   D 1 - 3 S 4 - 5 ; D 1 - 2 S 3 - 4 ; D 1 - 2 ; D 1 - 2  END                0.0234   -0.00035  0.02339
  82.  5835   D 1 - 4 ; S 1 D 2 - 3 S 5 ; D 1 - 2 ; S 1 D 2 S 5  END                    0.0232   -0.01781 -0.01486
  83.  1881   S 1 D 2 - 4 ; D 1 - 3 S 5 ; D 1 - 2 S 3 ; D 1 S 2  END                    0.0231    0.02289 -0.00338
  84.  1723   D 1 - 3 S 4 ; D 1 - 3 S 4 ; D 1 - 2 S 6 ; S 1 D 2  END                    0.0231   -0.02289  0.00338
  85.   282   D 1 - 4 S 6 ; S 1 D 2 - 3 ; D 1 - 2 S 3 ; D 1 S 2  END                    0.0231    0.02300  0.00233
  86.  1603   D 1 - 3 S 4 ; D 1 - 3 S 4 ; S 1 D 2 ; D 1 - 2 S 5  END                    0.0231   -0.02300 -0.00233
  87.  2553   D 1 - 4 S 6 ; D 1 - 2 S 3 ; S 1 D 2 ; D 1 - 2 S 3  END                    0.0228    0.01222 -0.01930
  88.  2381   D 1 - 4 S 5 ; D 1 - 3 S 5 ; D 1 S 2 ; D 1 S 2  END                        0.0225    0.00243  0.02233
  89.   620   D 1 - 4 S 5 ; D 1 - 3 S 4 ; D 1 S 2 ; S 1 D 2  END                        0.0225   -0.00243 -0.02233
  90.   315   D 1 - 2 S 3 D 4 ; D 1 - 3 S 4 ; D 1 - 2 S 3 ; D 1 S 2  END                0.0223   -0.02042  0.00900
  91.  1466   D 1 - 3 S 4 ; D 1 - 3 S 4 ; D 1 - 2 S 4 ; D 1 S 2  END                    0.0223    0.02042 -0.00900
  92.  3320   S 1 D 2 - 4 S 6 ; D 1 - 3 ; S 1 D 2 S 6 ; D 1 - 2  END                    0.0220   -0.01670 -0.01438
  93.  6421   S 1 D 2 - 4 ; D 1 - 2 S 3 ; D 1 - 2 S 6 ; D 1 - 2 S 3  END                0.0220    0.00287 -0.02185
  94.  6020   D 1 - 2 S 3 D 4 ; D 1 - 2 S 3 ; D 1 - 2 S 4 ; D 1 - 2 S 4  END            0.0218   -0.00213 -0.02169
  95.  6055   D 1 - 2 S 3 D 4 ; D 1 S 2 D 3 ; D 1 - 2 S 4 ; D 1 - 2 S 3  END            0.0218   -0.00213 -0.02169
  96.    34   D 1 - 3 S 5 ; D 1 - 3 S 4 ; D 1 S 2 D 3 ; D 1 S 2  END                    0.0215    0.01574 -0.01464
  97.    39   D 1 - 3 S 5 - 6 ; D 1 - 3 ; D 1 S 2 - 3 ; D 1 - 2  END                    0.0213    0.00018  0.02131
  98.    59   D 1 - 3 S 4 - 5 ; D 1 - 3 ; S 1 - 2 D 3 ; D 1 - 2  END                    0.0213   -0.00018 -0.02131
  99.  1013   D 1 - 3 S 6 ; D 1 - 3 S 5 ; D 1 - 2 S 3 ; D 1 S 2  END                    0.0212   -0.00242 -0.02107
 100.    85   D 1 - 3 S 4 ; D 1 - 3 S 4 ; S 1 D 2 - 3 ; S 1 D 2  END                    0.0212   -0.00242 -0.02107




 POSITION OF FIRST SPIN COUPLING FOR TEN MOST IMPORTANT CONFIGURATIONS
       2      3      1      5     21     37      7     12   2788   2833



 ********************************
 RESULTS FOR ROOT   03
 TOTAL CI ENERGY =   -339.1757801
 ********************************

       CONF.                                                                           COEFF.
        NO.        SPACE ORBITAL PRODUCTS                                             CONTRIB.      CI COEFFICIENTS

       -----       ----------------------                                             --------   ---------------------
   1.     3   D 1 - 3 S 4 ; D 1 - 3 S 4 ; D 1 - 2 S 3 ; D 1 S 2  END                    0.4207   -0.32797  0.26346
   2.    36   D 1 - 4 ; D 1 - 3 ; D 1 S 2 - 3 ; D 1 - 2  END                            0.3576   -0.35760
   3.    27   D 1 - 3 S 4 - 5 ; D 1 - 3 ; D 1 - 2 ; D 1 - 2  END                        0.3576   -0.35760
   4.     9   D 1 - 2 S 3 - 4 ; D 1 - 3 ; D 1 - 3 ; D 1 - 2  END                        0.2724   -0.27240
   5.   995   D 1 - 3 ; D 1 - 3 ; D 1 - 2 S 3 - 4 ; D 1 - 2  END                        0.2724   -0.27240
   6.     2   D 1 - 4 ; D 1 - 3 ; D 1 - 2 ; D 1 - 2  END                                0.1582    0.15822
   7.     4   D 1 - 3 S 4 - 5 ; D 1 - 3 ; D 1 S 2 - 3 ; D 1 - 2  END                    0.1433   -0.11476 -0.08580
   8.  1011   D 1 - 3 S 4 ; D 1 - 3 S 5 ; D 1 - 2 S 3 ; D 1 S 2  END                    0.1419   -0.07222  0.12217
   9.    79   D 1 - 3 S 4 ; D 1 - 3 S 4 ; D 1 - 2 S 3 ; S 1 D 2  END                    0.1419    0.07222 -0.12217
  10.    24   D 1 - 3 ; D 1 - 4 ; D 1 - 3 ; D 1  END                                    0.1305   -0.13048
  11.    12   D 1 S 2 D 3 S 4 ; D 1 - 3 ; D 1 - 3 ; D 1 - 2  END                        0.1183   -0.11832
  12.   996   D 1 - 3 ; D 1 - 3 ; D 1 - 2 S 3 S 5 ; D 1 - 2  END                        0.1183    0.11832
  13.  1048   D 1 - 3 S 4 ; D 1 - 2 S 3 ; D 1 - 2 S 3 ; D 1 - 2 S 3  END                0.1136    0.06461 -0.09340
  14.  1192   D 1 - 2 S 3 - 4 ; D 1 - 3 ; D 1 - 2 S 3 - 4 ; D 1 - 2  END                0.1032    0.07993  0.06535
  15.    53   D 1 - 3 S 4 - 5 ; D 1 - 3 ; S 1 D 2 S 3 ; D 1 - 2  END                    0.1014    0.06134  0.08071
  16.    37   D 1 - 3 S 4 S 6 ; D 1 - 3 ; D 1 S 2 - 3 ; D 1 - 2  END                    0.1014    0.06134  0.08071
  17.   992   D 1 - 3 ; D 1 - 3 ; D 1 - 3 ; D 1 S 2 - 3  END                            0.0775    0.07748
  18.     6   D 1 - 3 ; D 1 - 2 S 3 - 4 ; D 1 - 3 ; D 1 - 2  END                        0.0775   -0.07747
  19.  1027   D 1 - 3 S 4 ; D 1 - 3 S 5 ; D 1 - 2 S 3 ; S 1 D 2  END                    0.0759    0.03804 -0.06567
  20.    18   D 1 - 4 ; D 1 - 3 ; D 1 - 3 ; D 1  END                                    0.0671    0.06708
  21.    32   D 1 - 3 ; D 1 - 4 ; D 1 - 2 ; D 1 - 2  END                                0.0671    0.06708
  22.    34   D 1 - 3 S 5 ; D 1 - 3 S 4 ; D 1 S 2 D 3 ; D 1 S 2  END                    0.0613    0.03846 -0.04770
  23.  1097   D 1 - 3 S 4 ; D 1 S 2 D 3 ; D 1 - 2 S 3 ; D 1 - 2 S 4  END                0.0566    0.03064 -0.04762
  24.    19   D 1 - 3 S 4 - 5 ; D 1 - 3 ; D 1 - 3 ; D 1  END                            0.0502    0.05018
  25.    41   D 1 - 3 ; D 1 - 4 ; D 1 S 2 - 3 ; D 1 - 2  END                            0.0502    0.05018
  26.  1193   D 1 - 2 S 3 - 4 ; D 1 - 3 ; D 1 - 2 S 3 S 5 ; D 1 - 2  END                0.0456    0.00880  0.04473
  27.  1240   D 1 S 2 D 3 S 4 ; D 1 - 3 ; D 1 - 2 S 3 - 4 ; D 1 - 2  END                0.0456   -0.00880 -0.04473
  28.   217   D 1 - 4 ; D 1 - 2 S 3 - 4 ; D 1 - 2 ; D 1 - 2  END                        0.0440    0.04395
  29.  1457   D 1 - 4 ; D 1 - 3 ; D 1 - 2 ; D 1 S 2 - 3  END                            0.0440   -0.04395
  30.  1189   D 1 - 2 S 3 ; D 1 - 3 S 4 ; D 1 - 3 S 4 ; D 1 S 2  END                    0.0437   -0.03016  0.03160
  31.    33   D 1 - 3 S 4 ; D 1 - 3 S 4 ; D 1 S 2 D 3 ; D 1 S 2  END                    0.0408   -0.03307 -0.02392
  32.    25   D 1 - 3 S 5 ; D 1 - 3 S 4 ; D 1 - 2 S 3 ; D 1 S 2  END                    0.0408    0.03307  0.02392
  33.  1026   D 1 - 3 ; D 1 - 3 S 4 - 5 ; D 1 - 3 ; S 1 - 2  END                        0.0382   -0.02844 -0.02551
  34.    82   D 1 - 3 S 4 ; D 1 - 3 S 4 ; D 1 S 2 D 3 ; S 1 D 2  END                    0.0379   -0.02001  0.03222
  35.  1012   D 1 - 3 S 5 ; D 1 - 3 S 5 ; D 1 - 2 S 3 ; D 1 S 2  END                    0.0379   -0.02001  0.03222
  36.    15   S 1 D 2 - 3 S 4 ; D 1 - 3 ; D 1 - 3 ; D 1 - 2  END                        0.0379    0.03792
  37.   997   D 1 - 3 ; D 1 - 3 ; D 1 - 2 S 3 S 6 ; D 1 - 2  END                        0.0379   -0.03792
  38.  1049   D 1 - 3 S 4 ; D 1 - 2 S 3 ; D 1 - 2 S 3 ; D 1 - 2 S 4  END                0.0374   -0.02317  0.02932
  39.  1096   D 1 - 3 S 4 ; D 1 S 2 D 3 ; D 1 - 2 S 3 ; D 1 - 2 S 3  END                0.0374   -0.02317  0.02932
  40.  1242   D 1 S 2 D 3 S 4 ; D 1 - 3 ; D 1 - 2 S 3 S 6 ; D 1 - 2  END                0.0368   -0.01643 -0.03294
  41.  1289   S 1 D 2 - 3 S 4 ; D 1 - 3 ; D 1 - 2 S 3 S 5 ; D 1 - 2  END                0.0368   -0.01643 -0.03294
  42.    29   D 1 - 3 D 5 ; D 1 - 3 ; D 1 - 2 ; D 1 - 2  END                            0.0361    0.03615
  43.    42   D 1 - 4 ; D 1 - 3 ; D 1 D 3 ; D 1 - 2  END                                0.0361    0.03615
  44.  1098   D 1 - 3 S 4 ; D 1 S 2 D 3 ; D 1 - 2 S 3 ; D 1 - 2 S 5  END                0.0349   -0.01541  0.03133
  45.  1145   D 1 - 3 S 4 ; S 1 D 2 - 3 ; D 1 - 2 S 3 ; D 1 - 2 S 4  END                0.0349   -0.01541  0.03133
  46.    80   D 1 - 3 S 5 ; D 1 - 3 S 4 ; D 1 - 2 S 3 ; S 1 D 2  END                    0.0347    0.01318 -0.03207
  47.  1015   D 1 - 3 S 4 ; D 1 - 3 S 5 ; D 1 S 2 D 3 ; D 1 S 2  END                    0.0347    0.01318 -0.03207
  48.  1241   D 1 S 2 D 3 S 4 ; D 1 - 3 ; D 1 - 2 S 3 S 5 ; D 1 - 2  END                0.0344   -0.02488 -0.02379
  49.  3810   D 1 - 3 ; D 1 - 3 ; D 1 - 2 D 4 ; D 1 - 2  END                            0.0333   -0.03331
  50.   146   D 1 - 2 D 4 ; D 1 - 3 ; D 1 - 3 ; D 1 - 2  END                            0.0333   -0.03331
  51.  1045   D 1 - 3 ; D 1 - 2 S 3 - 4 ; D 1 - 3 ; D 1 S 2 - 3  END                    0.0324   -0.01403 -0.02920
  52.  1146   D 1 - 3 S 4 ; S 1 D 2 - 3 ; D 1 - 2 S 3 ; D 1 - 2 S 5  END                0.0317    0.02026 -0.02434
  53.    51   D 1 - 3 S 6 ; D 1 - 3 S 4 ; S 1 D 2 - 3 ; D 1 S 2  END                    0.0314    0.01643 -0.02680
  54.   524   D 1 - 4 ; D 1 - 4 ; D 1 - 2 ; D 1  END                                    0.0301    0.03013
  55.   532   D 1 - 3 S 4 - 5 ; D 1 - 4 ; D 1 S 2 - 3 ; D 1  END                        0.0287    0.01757  0.02272
  56.   534   D 1 - 4 S 5 ; D 1 - 3 S 4 ; D 1 S 2 ; D 1 S 2  END                        0.0276   -0.02601 -0.00920
  57.  1094   D 1 - 3 ; D 1 S 2 D 3 S 4 ; D 1 - 3 ; D 1 S 2 S 4  END                    0.0263   -0.01283 -0.02296
  58.    55   D 1 - 3 S 5 - 6 ; D 1 - 3 ; S 1 D 2 S 3 ; D 1 - 2  END                    0.0260    0.02101  0.01534
  59.    60   D 1 - 3 S 4 S 6 ; D 1 - 3 ; S 1 - 2 D 3 ; D 1 - 2  END                    0.0260   -0.02101 -0.01534
  60.  2457   D 1 - 3 S 4 ; D 1 - 2 S 3 D 4 ; D 1 - 2 S 3 ; D 1 S 3  END                0.0258   -0.01280  0.02244
  61.    45   D 1 - 3 D 5 ; D 1 - 3 ; D 1 D 3 ; D 1 - 2  END                            0.0257   -0.02575
  62.  2423   D 1 - 4 ; D 1 - 3 S 4 - 5 ; D 1 S 2 - 3 ; S 1 - 2  END                    0.0257    0.00173 -0.00141  0.00166 -0.00077
                                                                                                  0.02551
  63.  2421   D 1 - 3 S 4 - 5 ; D 1 - 3 S 4 - 5 ; D 1 - 2 ; S 1 - 2  END                0.0257   -0.00054  0.00056  0.00223  0.00166
                                                                                                  0.02551
  64.  2419   D 1 - 3 S 4 ; D 1 - 4 S 5 ; D 1 - 2 S 3 ; S 1  END                        0.0256   -0.01472  0.02097
  65.     5   D 1 - 3 S 4 S 6 ; D 1 - 3 ; S 1 D 2 S 3 ; D 1 - 2  END                    0.0252    0.02300  0.01027
  66.  6010   D 1 - 2 S 3 - 4 ; D 1 - 2 S 3 - 4 ; D 1 - 2 S 3 - 4 ; D 1 S 2 - 3  END    0.0251   -0.00294  0.00016  0.00216 -0.00288
                                                                                                  0.00240  0.01233  0.00828 -0.01316
                                                                                                 -0.00218 -0.00501  0.00949  0.00207
                                                                                                 -0.00218 -0.00902
  67.  1004   D 1 - 3 ; D 1 - 3 ; D 1 - 3 ; S 1 D 2 S 3  END                            0.0250    0.02498
  68.  1007   D 1 - 3 ; D 1 - 2 S 3 S 5 ; D 1 - 3 ; D 1 - 2  END                        0.0250    0.02498
  69.  2490   D 1 - 3 S 4 - 5 ; D 1 - 2 S 3 - 4 ; D 1 S 2 - 3 ; D 1 S 2 - 3  END        0.0247    0.00617 -0.00209 -0.00825  0.00592
                                                                                                 -0.00355 -0.00630 -0.00132  0.01451
                                                                                                 -0.00070  0.00609 -0.00721  0.00207
                                                                                                 -0.00070  0.01024
  70.  4291   D 1 - 3 S 4 ; D 1 - 3 S 5 ; D 1 - 2 S 4 ; D 1 S 2  END                    0.0243    0.01517 -0.01902
  71.   504   D 1 - 2 S 3 D 4 ; D 1 - 3 S 4 ; D 1 - 2 S 3 ; S 1 D 2  END                0.0243    0.01517 -0.01902
  72.  2916   D 1 - 2 S 3 - 4 ; D 1 - 4 ; D 1 - 2 S 3 - 4 ; D 1  END                    0.0240   -0.01461 -0.01909
  73.  1493   D 1 - 3 S 4 ; D 1 - 3 S 4 ; D 1 S 2 - 4 ; D 1 S 2  END                    0.0240    0.00812  0.00627 -0.01679  0.00053
                                                                                                  0.01368
  74.   316   D 1 - 2 S 3 - 5 ; D 1 - 3 S 4 ; D 1 - 2 S 3 ; D 1 S 2  END                0.0240    0.00610 -0.00646 -0.00516 -0.00345
                                                                                                  0.02138
  75.   541   D 1 - 3 S 4 D 5 ; D 1 - 3 S 4 ; D 1 S 3 ; D 1 S 2  END                    0.0240    0.01707 -0.01681
  76.    58   D 1 - 4 ; D 1 - 3 ; S 1 - 2 D 3 ; D 1 - 2  END                            0.0235   -0.02349
  77.    30   D 1 - 3 S 5 - 6 ; D 1 - 3 ; D 1 - 2 ; D 1 - 2  END                        0.0235    0.02349
  78.  1458   D 1 - 4 ; D 1 - 3 ; D 1 - 2 ; D 1 S 2 S 4  END                            0.0235   -0.02348
  79.   253   D 1 - 4 ; D 1 S 2 D 3 S 4 ; D 1 - 2 ; D 1 - 2  END                        0.0235    0.02348
  80.  1538   D 1 - 4 ; D 1 - 3 ; D 1 S 3 - 4 ; D 1 - 2  END                            0.0233    0.02335
  81.   323   D 1 - 2 S 3 - 4 D 5 ; D 1 - 3 ; D 1 - 2 ; D 1 - 2  END                    0.0233    0.02335
  82.  2949   D 1 - 2 S 3 - 5 ; D 1 - 3 S 4 ; D 1 S 2 - 4 ; D 1 S 2  END                0.0232    0.00770 -0.00251  0.00940  0.00225
                                                                                                 -0.00497 -0.00010  0.00579 -0.00604
                                                                                                 -0.01001 -0.00664 -0.00424 -0.00305
                                                                                                 -0.00934  0.00514
  83.  1495   D 1 - 3 S 4 ; D 1 - 3 S 4 ; D 1 S 2 - 3 S 6 ; D 1 S 2  END                0.0229   -0.00413  0.01350 -0.01116  0.00532
                                                                                                  0.01304
  84.   412   S 1 D 2 - 3 S 4 - 5 ; D 1 - 3 S 4 ; D 1 - 2 S 3 ; D 1 S 2  END            0.0229   -0.00933 -0.00768  0.00903  0.00571
                                                                                                 -0.01618
  85.   529   D 1 - 4 ; D 1 - 4 ; D 1 S 2 - 3 ; D 1  END                                0.0224    0.02235
  86.   525   D 1 - 3 S 4 - 5 ; D 1 - 4 ; D 1 - 2 ; D 1  END                            0.0224    0.02235
  87.   521   D 1 - 5 ; D 1 - 3 ; D 1 - 2 ; D 1  END                                    0.0223   -0.02228
  88.   547   D 1 - 4 ; D 1 - 4 ; D 1 ; D 1 - 2  END                                    0.0223   -0.02228
  89.  5734   D 1 - 3 S 4 ; D 1 S 2 - 4 ; D 1 - 2 S 3 ; D 1 S 2 - 4  END                0.0217   -0.00305  0.00021  0.00301  0.00284
                                                                                                 -0.00316  0.00118  0.00198  0.00381
                                                                                                  0.00618 -0.00037 -0.01305  0.00622
                                                                                                  0.01130 -0.00628
  90.  2424   D 1 - 3 S 4 - 5 ; D 1 - 3 S 4 - 5 ; D 1 S 2 - 3 ; S 1 - 2  END            0.0213    0.00188 -0.00509 -0.00117  0.00637
                                                                                                 -0.00324 -0.00077 -0.00237  0.00465
                                                                                                  0.00207  0.01252 -0.00418 -0.00157
                                                                                                  0.00207  0.01253
  91.   162   D 1 S 2 - 3 D 4 ; D 1 - 3 ; D 1 - 3 ; D 1 - 2  END                        0.0207   -0.02073
  92.  3811   D 1 - 3 ; D 1 - 3 ; D 1 - 2 S 4 - 5 ; D 1 - 2  END                        0.0207   -0.02073
  93.  3816   D 1 - 3 ; D 1 - 3 ; D 1 - 2 ; D 1 - 3  END                                0.0207   -0.02073
  94.    95   D 1 - 4 ; D 1 - 2 ; D 1 - 3 ; D 1 - 2  END                                0.0207   -0.02073
  95.  2611   D 1 - 3 S 4 ; D 1 S 2 D 3 - 4 ; D 1 - 2 S 3 ; D 1 S 4  END                0.0202   -0.00905  0.01805
  96.   365   D 1 S 2 D 3 S 4 S 6 ; D 1 - 3 S 4 ; D 1 - 2 S 3 ; D 1 S 2  END            0.0200    0.00999  0.00333 -0.00556 -0.00629
                                                                                                  0.01474
  97.  1575   D 1 - 3 S 4 ; D 1 - 3 S 4 ; S 1 D 2 S 3 S 5 ; D 1 S 2  END                0.0200   -0.00019 -0.01008  0.00961 -0.00634
                                                                                                 -0.01282
  98.   999   D 1 - 3 ; D 1 - 3 ; D 1 S 2 D 3 S 5 ; D 1 - 2  END                        0.0198   -0.01976
  99.    13   D 1 S 2 D 3 S 5 ; D 1 - 3 ; D 1 - 3 ; D 1 - 2  END                        0.0198   -0.01976
 100.    44   D 1 - 3 S 4 S 6 ; D 1 - 3 ; D 1 D 3 ; D 1 - 2  END                        0.0194   -0.01944




 POSITION OF FIRST SPIN COUPLING FOR TEN MOST IMPORTANT CONFIGURATIONS
       3     44     32     12   2788      2      5   2804    100     27



 ********************************
 RESULTS FOR ROOT   04
 TOTAL CI ENERGY =   -338.8860899
 ********************************

       CONF.                                                                           COEFF.
        NO.        SPACE ORBITAL PRODUCTS                                             CONTRIB.      CI COEFFICIENTS

       -----       ----------------------                                             --------   ---------------------
   1.     3   D 1 - 3 S 4 ; D 1 - 3 S 4 ; D 1 - 2 S 3 ; D 1 S 2  END                    0.5536    0.21633  0.50960
   2.    18   D 1 - 4 ; D 1 - 3 ; D 1 - 3 ; D 1  END                                    0.2797   -0.27971
   3.    32   D 1 - 3 ; D 1 - 4 ; D 1 - 2 ; D 1 - 2  END                                0.2797   -0.27971
   4.     9   D 1 - 2 S 3 - 4 ; D 1 - 3 ; D 1 - 3 ; D 1 - 2  END                        0.2608    0.26076
   5.   995   D 1 - 3 ; D 1 - 3 ; D 1 - 2 S 3 - 4 ; D 1 - 2  END                        0.2608    0.26076
   6.    36   D 1 - 4 ; D 1 - 3 ; D 1 S 2 - 3 ; D 1 - 2  END                            0.1145   -0.11453
   7.    27   D 1 - 3 S 4 - 5 ; D 1 - 3 ; D 1 - 2 ; D 1 - 2  END                        0.1145   -0.11453
   8.     7   D 1 - 3 ; D 1 S 2 D 3 S 4 ; D 1 - 3 ; D 1 - 2  END                        0.1130   -0.11299
   9.   993   D 1 - 3 ; D 1 - 3 ; D 1 - 3 ; D 1 S 2 S 4  END                            0.1130    0.11299
  10.   524   D 1 - 4 ; D 1 - 4 ; D 1 - 2 ; D 1  END                                    0.1007    0.10071
  11.   992   D 1 - 3 ; D 1 - 3 ; D 1 - 3 ; D 1 S 2 - 3  END                            0.0889   -0.08888
  12.     6   D 1 - 3 ; D 1 - 2 S 3 - 4 ; D 1 - 3 ; D 1 - 2  END                        0.0889    0.08888
  13.     1   D 1 - 3 ; D 1 - 3 ; D 1 - 3 ; D 1 - 2  END                                0.0881   -0.08811
  14.  1014   D 1 - 3 ; D 1 - 3 S 4 - 5 ; D 1 - 2 ; D 1 - 2  END                        0.0881   -0.08808
  15.    72   D 1 - 4 ; D 1 - 3 ; D 1 - 3 ; S 1 - 2  END                                0.0881   -0.08808
  16.     4   D 1 - 3 S 4 - 5 ; D 1 - 3 ; D 1 S 2 - 3 ; D 1 - 2  END                    0.0877   -0.07950 -0.03696
  17.    79   D 1 - 3 S 4 ; D 1 - 3 S 4 ; D 1 - 2 S 3 ; S 1 D 2  END                    0.0835    0.08049 -0.02215
  18.  1011   D 1 - 3 S 4 ; D 1 - 3 S 5 ; D 1 - 2 S 3 ; D 1 S 2  END                    0.0835   -0.08049  0.02215
  19.     2   D 1 - 4 ; D 1 - 3 ; D 1 - 2 ; D 1 - 2  END                                0.0799    0.07991
  20.    41   D 1 - 3 ; D 1 - 4 ; D 1 S 2 - 3 ; D 1 - 2  END                            0.0789   -0.07885
  21.    19   D 1 - 3 S 4 - 5 ; D 1 - 3 ; D 1 - 3 ; D 1  END                            0.0788   -0.07885
  22.  1192   D 1 - 2 S 3 - 4 ; D 1 - 3 ; D 1 - 2 S 3 - 4 ; D 1 - 2  END                0.0714   -0.06062 -0.03776
  23.   998   D 1 - 3 ; D 1 - 3 ; D 1 S 2 D 3 S 4 ; D 1 - 2  END                        0.0652    0.06517
  24.    10   D 1 - 2 S 3 S 5 ; D 1 - 3 ; D 1 - 3 ; D 1 - 2  END                        0.0652   -0.06517
  25.  1048   D 1 - 3 S 4 ; D 1 - 2 S 3 ; D 1 - 2 S 3 ; D 1 - 2 S 3  END                0.0630   -0.03926  0.04929
  26.  1023   D 1 - 3 ; D 1 - 3 S 4 - 5 ; S 1 D 2 S 3 ; D 1 - 2  END                    0.0578   -0.03381 -0.04693
  27.    74   D 1 - 3 S 4 S 6 ; D 1 - 3 ; D 1 - 3 ; S 1 - 2  END                        0.0578   -0.03381 -0.04693
  28.    52   D 1 - 4 ; D 1 - 3 ; S 1 D 2 S 3 ; D 1 - 2  END                            0.0551    0.05506
  29.    28   D 1 - 3 S 4 S 6 ; D 1 - 3 ; D 1 - 2 ; D 1 - 2  END                        0.0551    0.05506
  30.    81   D 1 - 3 S 6 ; D 1 - 3 S 4 ; D 1 - 2 S 3 ; S 1 D 2  END                    0.0548   -0.03690 -0.04053
  31.  1020   D 1 - 3 S 4 ; D 1 - 3 S 5 ; S 1 D 2 - 3 ; D 1 S 2  END                    0.0548   -0.03690 -0.04053
  32.    25   D 1 - 3 S 5 ; D 1 - 3 S 4 ; D 1 - 2 S 3 ; D 1 S 2  END                    0.0544   -0.05335 -0.01081
  33.    33   D 1 - 3 S 4 ; D 1 - 3 S 4 ; D 1 S 2 D 3 ; D 1 S 2  END                    0.0544    0.05335  0.01081
  34.    82   D 1 - 3 S 4 ; D 1 - 3 S 4 ; D 1 S 2 D 3 ; S 1 D 2  END                    0.0520    0.00080  0.05201
  35.  1012   D 1 - 3 S 5 ; D 1 - 3 S 5 ; D 1 - 2 S 3 ; D 1 S 2  END                    0.0520    0.00080  0.05201
  36.   997   D 1 - 3 ; D 1 - 3 ; D 1 - 2 S 3 S 6 ; D 1 - 2  END                        0.0500   -0.04997
  37.    15   S 1 D 2 - 3 S 4 ; D 1 - 3 ; D 1 - 3 ; D 1 - 2  END                        0.0500    0.04997
  38.   140   D 1 - 2 S 3 - 4 ; D 1 S 2 D 3 S 4 ; D 1 - 3 ; D 1 - 2  END                0.0477   -0.04242 -0.02177
  39.  3801   D 1 - 3 ; D 1 - 3 ; D 1 - 2 S 3 - 4 ; D 1 S 2 S 4  END                    0.0477    0.04242  0.02177
  40.    12   D 1 S 2 D 3 S 4 ; D 1 - 3 ; D 1 - 3 ; D 1 - 2  END                        0.0442   -0.04425
  41.   996   D 1 - 3 ; D 1 - 3 ; D 1 - 2 S 3 S 5 ; D 1 - 2  END                        0.0442    0.04425
  42.    80   D 1 - 3 S 5 ; D 1 - 3 S 4 ; D 1 - 2 S 3 ; S 1 D 2  END                    0.0408    0.03701  0.01705
  43.  1015   D 1 - 3 S 4 ; D 1 - 3 S 5 ; D 1 S 2 D 3 ; D 1 S 2  END                    0.0408    0.03701  0.01705
  44.    57   D 1 - 3 ; D 1 - 4 ; S 1 D 2 S 3 ; D 1 - 2  END                            0.0407   -0.04071
  45.    20   D 1 - 3 S 4 S 6 ; D 1 - 3 ; D 1 - 3 ; D 1  END                            0.0407   -0.04071
  46.    29   D 1 - 3 D 5 ; D 1 - 3 ; D 1 - 2 ; D 1 - 2  END                            0.0407    0.04071
  47.    42   D 1 - 4 ; D 1 - 3 ; D 1 D 3 ; D 1 - 2  END                                0.0407    0.04071
  48.   994   D 1 - 3 ; D 1 - 3 ; D 1 - 3 ; D 1 S 2 S 5  END                            0.0380    0.03798
  49.     8   D 1 - 3 ; S 1 D 2 - 3 S 4 ; D 1 - 3 ; D 1 - 2  END                        0.0380   -0.03798
  50.   529   D 1 - 4 ; D 1 - 4 ; D 1 S 2 - 3 ; D 1  END                                0.0371    0.03711
  51.   525   D 1 - 3 S 4 - 5 ; D 1 - 4 ; D 1 - 2 ; D 1  END                            0.0371    0.03711
  52.  1018   D 1 - 3 ; D 1 - 3 S 4 - 5 ; D 1 S 2 - 3 ; D 1 - 2  END                    0.0370    0.03130  0.01968
  53.    73   D 1 - 3 S 4 - 5 ; D 1 - 3 ; D 1 - 3 ; S 1 - 2  END                        0.0370    0.03130  0.01968
  54.  3810   D 1 - 3 ; D 1 - 3 ; D 1 - 2 D 4 ; D 1 - 2  END                            0.0339    0.03391
  55.   146   D 1 - 2 D 4 ; D 1 - 3 ; D 1 - 3 ; D 1 - 2  END                            0.0339    0.03391
  56.  1466   D 1 - 3 S 4 ; D 1 - 3 S 4 ; D 1 - 2 S 4 ; D 1 S 2  END                    0.0332    0.00520 -0.03282
  57.   315   D 1 - 2 S 3 D 4 ; D 1 - 3 S 4 ; D 1 - 2 S 3 ; D 1 S 2  END                0.0332   -0.00520  0.03282
  58.    37   D 1 - 3 S 4 S 6 ; D 1 - 3 ; D 1 S 2 - 3 ; D 1 - 2  END                    0.0324    0.02821  0.01604
  59.    53   D 1 - 3 S 4 - 5 ; D 1 - 3 ; S 1 D 2 S 3 ; D 1 - 2  END                    0.0324    0.02821  0.01603
  60.    49   D 1 - 3 S 4 ; D 1 - 3 S 4 ; S 1 D 2 - 3 ; D 1 S 2  END                    0.0315    0.03055  0.00773
  61.    26   D 1 - 3 S 6 ; D 1 - 3 S 4 ; D 1 - 2 S 3 ; D 1 S 2  END                    0.0315   -0.03055 -0.00773
  62.    34   D 1 - 3 S 5 ; D 1 - 3 S 4 ; D 1 S 2 D 3 ; D 1 S 2  END                    0.0304    0.02019 -0.02268
  63.   612   D 1 - 3 S 4 S 6 ; D 1 - 4 ; D 1 - 2 ; S 1 - 2  END                        0.0301    0.00862  0.02879
  64.  2392   D 1 - 4 ; D 1 - 3 S 4 - 5 ; S 1 D 2 S 3 ; D 1  END                        0.0301    0.00862  0.02879
  65.  1007   D 1 - 3 ; D 1 - 2 S 3 S 5 ; D 1 - 3 ; D 1 - 2  END                        0.0295    0.02953
  66.  1004   D 1 - 3 ; D 1 - 3 ; D 1 - 3 ; S 1 D 2 S 3  END                            0.0295    0.02953
  67.  1105   D 1 - 3 ; D 1 S 2 D 3 S 4 ; D 1 - 2 S 3 - 4 ; D 1 - 2  END                0.0291    0.01196 -0.02658
  68.  1181   D 1 - 2 S 3 - 4 ; D 1 - 3 ; D 1 - 3 ; D 1 S 2 S 4  END                    0.0291   -0.01196  0.02658
  69.  1027   D 1 - 3 S 4 ; D 1 - 3 S 5 ; D 1 - 2 S 3 ; S 1 D 2  END                    0.0291    0.02013 -0.02098
  70.  2399   D 1 - 3 S 4 ; D 1 - 4 S 5 ; S 1 D 2 ; D 1 S 2  END                        0.0283    0.00850  0.02695
  71.   603   D 1 - 4 S 6 ; D 1 - 3 S 4 ; D 1 - 2 S 3 ; S 1  END                        0.0283    0.00850  0.02695
  72.  6010   D 1 - 2 S 3 - 4 ; D 1 - 2 S 3 - 4 ; D 1 - 2 S 3 - 4 ; D 1 S 2 - 3  END    0.0281    0.00162  0.00065 -0.00076  0.00104
                                                                                                 -0.00093 -0.00740 -0.00514 -0.01897
                                                                                                 -0.01203  0.00276 -0.00616 -0.00124
                                                                                                 -0.01203 -0.00289
  73.   242   D 1 - 4 ; D 1 S 2 D 3 S 4 ; D 1 - 3 ; D 1  END                            0.0278    0.02783
  74.  1476   D 1 - 3 ; D 1 - 4 ; D 1 - 2 ; D 1 S 2 S 4  END                            0.0278   -0.02783
  75.   137   D 1 - 2 S 3 - 4 ; D 1 - 2 S 3 - 4 ; D 1 - 3 ; D 1 - 2  END                0.0273    0.01684  0.02151
  76.  3800   D 1 - 3 ; D 1 - 3 ; D 1 - 2 S 3 - 4 ; D 1 S 2 - 3  END                    0.0273   -0.01684 -0.02151
  77.   532   D 1 - 3 S 4 - 5 ; D 1 - 4 ; D 1 S 2 - 3 ; D 1  END                        0.0270    0.00710  0.02608
  78.  1514   D 1 - 3 S 4 - 5 ; D 1 - 3 ; D 1 S 2 S 4 ; D 1 - 2  END                    0.0269    0.00559  0.02627
  79.   330   D 1 - 2 S 3 D 4 S 5 ; D 1 - 3 ; D 1 S 2 - 3 ; D 1 - 2  END                0.0269   -0.00559 -0.02627
  80.  1013   D 1 - 3 S 6 ; D 1 - 3 S 5 ; D 1 - 2 S 3 ; D 1 S 2  END                    0.0259    0.00464 -0.02549
  81.    85   D 1 - 3 S 4 ; D 1 - 3 S 4 ; S 1 D 2 - 3 ; S 1 D 2  END                    0.0259    0.00464 -0.02549
  82.   559   D 1 - 4 S 6 ; D 1 - 3 S 4 ; S 1 D 2 ; D 1 S 2  END                        0.0257    0.00282  0.02553
  83.   422   S 1 D 2 - 3 S 4 ; D 1 - 4 ; D 1 - 2 ; D 1 - 2  END                        0.0253   -0.02527
  84.  1438   D 1 - 4 ; D 1 - 3 ; D 1 - 2 S 3 S 6 ; D 1  END                            0.0253    0.02527
  85.  2385   D 1 - 3 S 4 ; D 1 - 4 S 5 ; D 1 S 2 ; D 1 S 2  END                        0.0249   -0.01129 -0.02223
  86.   602   D 1 - 4 S 5 ; D 1 - 3 S 4 ; D 1 - 2 S 3 ; S 1  END                        0.0249   -0.01129 -0.02223
  87.  1026   D 1 - 3 ; D 1 - 3 S 4 - 5 ; D 1 - 3 ; S 1 - 2  END                        0.0243   -0.02176  0.01077
  88.  1205   D 1 - 2 S 3 - 4 ; D 1 - 3 ; D 1 S 2 D 3 S 5 ; D 1 - 2  END                0.0238   -0.02195 -0.00929
  89.  1243   D 1 S 2 D 3 S 5 ; D 1 - 3 ; D 1 - 2 S 3 - 4 ; D 1 - 2  END                0.0238   -0.02195 -0.00929
  90.  1436   D 1 - 4 ; D 1 - 3 ; D 1 - 2 S 3 - 4 ; D 1  END                            0.0234   -0.02335
  91.   326   D 1 - 2 S 3 - 4 ; D 1 - 4 ; D 1 - 2 ; D 1 - 2  END                        0.0234   -0.02335
  92.   163   D 1 S 2 - 5 ; D 1 - 3 ; D 1 - 3 ; D 1 - 2  END                            0.0232   -0.00571 -0.02252
  93.  3833   D 1 - 3 ; D 1 - 3 ; D 1 S 2 - 5 ; D 1 - 2  END                            0.0232   -0.00571 -0.02252
  94.  2375   D 1 - 4 ; D 1 - 3 S 4 - 5 ; D 1 - 2 ; D 1  END                            0.0232    0.02322
  95.   610   D 1 - 4 ; D 1 - 4 ; D 1 - 2 ; S 1 - 2  END                                0.0232    0.02322
  96.   541   D 1 - 3 S 4 D 5 ; D 1 - 3 S 4 ; D 1 S 3 ; D 1 S 2  END                    0.0232   -0.00341 -0.02293
  97.  2424   D 1 - 3 S 4 - 5 ; D 1 - 3 S 4 - 5 ; D 1 S 2 - 3 ; S 1 - 2  END            0.0228    0.00104  0.00708  0.00246 -0.00193
                                                                                                  0.00055  0.00211 -0.00329  0.01466
                                                                                                  0.00491  0.00416 -0.00526  0.00400
                                                                                                  0.00491  0.01089
  98.  1861   D 1 - 2 S 3 - 4 ; D 1 - 3 S 4 - 5 ; D 1 - 2 ; D 1 - 2  END                0.0227   -0.00070 -0.02273
  99.  1691   D 1 - 4 ; D 1 - 3 ; D 1 - 2 S 3 - 4 ; S 1 - 2  END                        0.0227   -0.00070 -0.02273
 100.   217   D 1 - 4 ; D 1 - 2 S 3 - 4 ; D 1 - 2 ; D 1 - 2  END                        0.0225   -0.02251




 POSITION OF FIRST SPIN COUPLING FOR TEN MOST IMPORTANT CONFIGURATIONS
       3     21     37     12   2788     44     32     10   2786   1148



 ********************************
 RESULTS FOR ROOT   05
 TOTAL CI ENERGY =   -338.4670140
 ********************************

       CONF.                                                                           COEFF.
        NO.        SPACE ORBITAL PRODUCTS                                             CONTRIB.      CI COEFFICIENTS

       -----       ----------------------                                             --------   ---------------------
   1.     3   D 1 - 3 S 4 ; D 1 - 3 S 4 ; D 1 - 2 S 3 ; D 1 S 2  END                    0.3719   -0.34740 -0.13263
   2.   995   D 1 - 3 ; D 1 - 3 ; D 1 - 2 S 3 - 4 ; D 1 - 2  END                        0.3240    0.32399
   3.     9   D 1 - 2 S 3 - 4 ; D 1 - 3 ; D 1 - 3 ; D 1 - 2  END                        0.3240    0.32399
   4.   992   D 1 - 3 ; D 1 - 3 ; D 1 - 3 ; D 1 S 2 - 3  END                            0.2818   -0.28182
   5.     6   D 1 - 3 ; D 1 - 2 S 3 - 4 ; D 1 - 3 ; D 1 - 2  END                        0.2818    0.28182
   6.     2   D 1 - 4 ; D 1 - 3 ; D 1 - 2 ; D 1 - 2  END                                0.1949    0.19495
   7.    18   D 1 - 4 ; D 1 - 3 ; D 1 - 3 ; D 1  END                                    0.1755    0.17552
   8.    32   D 1 - 3 ; D 1 - 4 ; D 1 - 2 ; D 1 - 2  END                                0.1755    0.17552
   9.    36   D 1 - 4 ; D 1 - 3 ; D 1 S 2 - 3 ; D 1 - 2  END                            0.1267   -0.12672
  10.    27   D 1 - 3 S 4 - 5 ; D 1 - 3 ; D 1 - 2 ; D 1 - 2  END                        0.1267   -0.12672
  11.    24   D 1 - 3 ; D 1 - 4 ; D 1 - 3 ; D 1  END                                    0.1200   -0.12003
  12.  1192   D 1 - 2 S 3 - 4 ; D 1 - 3 ; D 1 - 2 S 3 - 4 ; D 1 - 2  END                0.1031   -0.08316 -0.06094
  13.     1   D 1 - 3 ; D 1 - 3 ; D 1 - 3 ; D 1 - 2  END                                0.0964    0.09639
  14.    19   D 1 - 3 S 4 - 5 ; D 1 - 3 ; D 1 - 3 ; D 1  END                            0.0935    0.09350
  15.    41   D 1 - 3 ; D 1 - 4 ; D 1 S 2 - 3 ; D 1 - 2  END                            0.0935    0.09350
  16.     4   D 1 - 3 S 4 - 5 ; D 1 - 3 ; D 1 S 2 - 3 ; D 1 - 2  END                    0.0921    0.08393 -0.03795
  17.    33   D 1 - 3 S 4 ; D 1 - 3 S 4 ; D 1 S 2 D 3 ; D 1 S 2  END                    0.0828   -0.08253  0.00631
  18.    25   D 1 - 3 S 5 ; D 1 - 3 S 4 ; D 1 - 2 S 3 ; D 1 S 2  END                    0.0828    0.08253 -0.00631
  19.  1048   D 1 - 3 S 4 ; D 1 - 2 S 3 ; D 1 - 2 S 3 ; D 1 - 2 S 3  END                0.0777   -0.06648  0.04021
  20.     5   D 1 - 3 S 4 S 6 ; D 1 - 3 ; S 1 D 2 S 3 ; D 1 - 2  END                    0.0739    0.06274 -0.03912
  21.    52   D 1 - 4 ; D 1 - 3 ; S 1 D 2 S 3 ; D 1 - 2  END                            0.0728   -0.07284
  22.    28   D 1 - 3 S 4 S 6 ; D 1 - 3 ; D 1 - 2 ; D 1 - 2  END                        0.0728   -0.07284
  23.    42   D 1 - 4 ; D 1 - 3 ; D 1 D 3 ; D 1 - 2  END                                0.0650   -0.06495
  24.    29   D 1 - 3 D 5 ; D 1 - 3 ; D 1 - 2 ; D 1 - 2  END                            0.0650   -0.06495
  25.    10   D 1 - 2 S 3 S 5 ; D 1 - 3 ; D 1 - 3 ; D 1 - 2  END                        0.0624   -0.06239
  26.   998   D 1 - 3 ; D 1 - 3 ; D 1 S 2 D 3 S 4 ; D 1 - 2  END                        0.0624    0.06239
  27.  1457   D 1 - 4 ; D 1 - 3 ; D 1 - 2 ; D 1 S 2 - 3  END                            0.0568    0.05681
  28.   217   D 1 - 4 ; D 1 - 2 S 3 - 4 ; D 1 - 2 ; D 1 - 2  END                        0.0568   -0.05681
  29.  1096   D 1 - 3 S 4 ; D 1 S 2 D 3 ; D 1 - 2 S 3 ; D 1 - 2 S 3  END                0.0522    0.03018 -0.04256
  30.  1049   D 1 - 3 S 4 ; D 1 - 2 S 3 ; D 1 - 2 S 3 ; D 1 - 2 S 4  END                0.0522    0.03018 -0.04256
  31.  1181   D 1 - 2 S 3 - 4 ; D 1 - 3 ; D 1 - 3 ; D 1 S 2 S 4  END                    0.0510   -0.03768 -0.03444
  32.  1105   D 1 - 3 ; D 1 S 2 D 3 S 4 ; D 1 - 2 S 3 - 4 ; D 1 - 2  END                0.0510    0.03768  0.03444
  33.  1084   D 1 - 3 S 4 ; D 1 S 2 D 3 ; D 1 - 3 S 4 ; D 1 S 2  END                    0.0506    0.03517  0.03638
  34.  1202   D 1 - 2 S 3 ; D 1 - 3 S 4 ; D 1 - 2 S 3 ; D 1 - 2 S 4  END                0.0506   -0.03517 -0.03638
  35.    65   D 1 - 4 ; D 1 - 3 ; D 2 - 3 ; D 1 - 2  END                                0.0482   -0.04817
  36.    31   D 1 - 3 D 6 ; D 1 - 3 ; D 1 - 2 ; D 1 - 2  END                            0.0482   -0.04817
  37.    30   D 1 - 3 S 5 - 6 ; D 1 - 3 ; D 1 - 2 ; D 1 - 2  END                        0.0476    0.04758
  38.    58   D 1 - 4 ; D 1 - 3 ; S 1 - 2 D 3 ; D 1 - 2  END                            0.0476   -0.04758
  39.  1180   D 1 - 2 S 3 - 4 ; D 1 - 3 ; D 1 - 3 ; D 1 S 2 - 3  END                    0.0472    0.04033  0.02442
  40.  1057   D 1 - 3 ; D 1 - 2 S 3 - 4 ; D 1 - 2 S 3 - 4 ; D 1 - 2  END                0.0472   -0.04033 -0.02442
  41.  1201   D 1 - 2 S 3 ; D 1 - 3 S 4 ; D 1 - 2 S 3 ; D 1 - 2 S 3  END                0.0462    0.03791  0.02636
  42.  1036   D 1 - 3 S 4 ; D 1 - 2 S 3 ; D 1 - 3 S 4 ; D 1 S 2  END                    0.0462   -0.03791 -0.02636
  43.  1466   D 1 - 3 S 4 ; D 1 - 3 S 4 ; D 1 - 2 S 4 ; D 1 S 2  END                    0.0444   -0.00119 -0.04434
  44.   315   D 1 - 2 S 3 D 4 ; D 1 - 3 S 4 ; D 1 - 2 S 3 ; D 1 S 2  END                0.0444    0.00119  0.04434
  45.  1445   D 1 - 3 S 4 ; D 1 - 3 S 4 ; D 1 - 2 S 3 ; D 1 S 3  END                    0.0417   -0.00771  0.04098
  46.   214   D 1 - 3 S 4 ; D 1 - 2 S 3 D 4 ; D 1 - 2 S 3 ; D 1 S 2  END                0.0417   -0.00771  0.04098
  47.  1027   D 1 - 3 S 4 ; D 1 - 3 S 5 ; D 1 - 2 S 3 ; S 1 D 2  END                    0.0410   -0.02854 -0.02940
  48.    26   D 1 - 3 S 6 ; D 1 - 3 S 4 ; D 1 - 2 S 3 ; D 1 S 2  END                    0.0402    0.02415 -0.03219
  49.    49   D 1 - 3 S 4 ; D 1 - 3 S 4 ; S 1 D 2 - 3 ; D 1 S 2  END                    0.0402   -0.02415  0.03219
  50.  1458   D 1 - 4 ; D 1 - 3 ; D 1 - 2 ; D 1 S 2 S 4  END                            0.0399   -0.03993
  51.   253   D 1 - 4 ; D 1 S 2 D 3 S 4 ; D 1 - 2 ; D 1 - 2  END                        0.0399    0.03993
  52.  1026   D 1 - 3 ; D 1 - 3 S 4 - 5 ; D 1 - 3 ; S 1 - 2  END                        0.0398   -0.00173 -0.03974
  53.  1015   D 1 - 3 S 4 ; D 1 - 3 S 5 ; D 1 S 2 D 3 ; D 1 S 2  END                    0.0378   -0.02614 -0.02726
  54.    80   D 1 - 3 S 5 ; D 1 - 3 S 4 ; D 1 - 2 S 3 ; S 1 D 2  END                    0.0378   -0.02614 -0.02726
  55.  1454   D 1 - 3 ; D 1 - 4 ; D 1 - 2 S 3 - 4 ; D 1  END                            0.0375   -0.03753
  56.   314   D 1 - 2 S 3 - 4 ; D 1 - 4 ; D 1 - 3 ; D 1  END                            0.0375   -0.03753
  57.  1030   D 1 - 3 S 4 ; D 1 - 3 S 5 ; D 1 S 2 D 3 ; S 1 D 2  END                    0.0350    0.00964 -0.03363
  58.  1028   D 1 - 3 S 5 ; D 1 - 3 S 5 ; D 1 - 2 S 3 ; S 1 D 2  END                    0.0350   -0.00964  0.03363
  59.  3800   D 1 - 3 ; D 1 - 3 ; D 1 - 2 S 3 - 4 ; D 1 S 2 - 3  END                    0.0342   -0.02589 -0.02242
  60.   137   D 1 - 2 S 3 - 4 ; D 1 - 2 S 3 - 4 ; D 1 - 3 ; D 1 - 2  END                0.0342    0.02589  0.02242
  61.  4120   D 1 - 2 S 3 ; D 1 - 2 S 3 ; D 1 - 3 S 4 ; D 1 - 2 S 3  END                0.0337   -0.00429 -0.03342
  62.   524   D 1 - 4 ; D 1 - 4 ; D 1 - 2 ; D 1  END                                    0.0325   -0.03249
  63.    53   D 1 - 3 S 4 - 5 ; D 1 - 3 ; S 1 D 2 S 3 ; D 1 - 2  END                    0.0307    0.02956 -0.00824
  64.    37   D 1 - 3 S 4 S 6 ; D 1 - 3 ; D 1 S 2 - 3 ; D 1 - 2  END                    0.0307    0.02956 -0.00824
  65.    74   D 1 - 3 S 4 S 6 ; D 1 - 3 ; D 1 - 3 ; S 1 - 2  END                        0.0305    0.02269  0.02038
  66.  1023   D 1 - 3 ; D 1 - 3 S 4 - 5 ; S 1 D 2 S 3 ; D 1 - 2  END                    0.0305    0.02269  0.02038
  67.    38   D 1 - 3 D 5 ; D 1 - 3 ; D 1 S 2 - 3 ; D 1 - 2  END                        0.0301   -0.03008
  68.    43   D 1 - 3 S 4 - 5 ; D 1 - 3 ; D 1 D 3 ; D 1 - 2  END                        0.0301   -0.03008
  69.  1093   D 1 - 3 ; D 1 S 2 D 3 S 4 ; D 1 - 3 ; D 1 S 2 - 3  END                    0.0296   -0.02481 -0.01609
  70.  1046   D 1 - 3 ; D 1 - 2 S 3 - 4 ; D 1 - 3 ; D 1 S 2 S 4  END                    0.0296   -0.02481 -0.01609
  71.  1511   D 1 - 4 ; D 1 - 3 ; D 1 S 2 S 4 ; D 1 - 2  END                            0.0294   -0.02944
  72.   321   D 1 - 2 S 3 D 4 S 5 ; D 1 - 3 ; D 1 - 2 ; D 1 - 2  END                    0.0294    0.02944
  73.    73   D 1 - 3 S 4 - 5 ; D 1 - 3 ; D 1 - 3 ; S 1 - 2  END                        0.0292   -0.02231 -0.01880
  74.  1018   D 1 - 3 ; D 1 - 3 S 4 - 5 ; D 1 S 2 - 3 ; D 1 - 2  END                    0.0292   -0.02231 -0.01880
  75.    88   D 1 - 4 ; D 1 - 3 ; D 1 - 3 ; D 2  END                                    0.0291   -0.02910
  76.  3809   D 1 - 3 ; D 1 - 3 D 5 ; D 1 - 2 ; D 1 - 2  END                            0.0291   -0.02910
  77.  3810   D 1 - 3 ; D 1 - 3 ; D 1 - 2 D 4 ; D 1 - 2  END                            0.0291    0.02905
  78.   146   D 1 - 2 D 4 ; D 1 - 3 ; D 1 - 3 ; D 1 - 2  END                            0.0291    0.02905
  79.  1204   D 1 - 2 S 3 - 4 ; D 1 - 3 ; D 1 S 2 D 3 S 4 ; D 1 - 2  END                0.0287    0.00729  0.02774
  80.  1195   D 1 - 2 S 3 S 5 ; D 1 - 3 ; D 1 - 2 S 3 - 4 ; D 1 - 2  END                0.0287   -0.00729 -0.02774
  81.  1571   D 1 - 3 S 4 S 6 ; D 1 - 3 ; S 1 D 2 S 3 ; D 1 S 2 - 3  END                0.0286    0.00345  0.00172  0.00492  0.00408
                                                                                                  0.02764
  82.   236   D 1 - 3 S 4 S 6 ; D 1 - 2 S 3 - 4 ; S 1 D 2 S 3 ; D 1 - 2  END            0.0286   -0.00137  0.00513 -0.00182 -0.00492
                                                                                                 -0.02763
  83.  1060   D 1 - 3 S 4 ; D 1 - 2 S 3 ; D 1 S 2 D 3 ; D 1 - 2 S 3  END                0.0286    0.01221 -0.02585
  84.  1051   D 1 - 3 S 5 ; D 1 - 2 S 3 ; D 1 - 2 S 3 ; D 1 - 2 S 3  END                0.0286   -0.01221  0.02585
  85.  1020   D 1 - 3 S 4 ; D 1 - 3 S 5 ; S 1 D 2 - 3 ; D 1 S 2  END                    0.0272    0.02147  0.01665
  86.    81   D 1 - 3 S 6 ; D 1 - 3 S 4 ; D 1 - 2 S 3 ; S 1 D 2  END                    0.0272    0.02147  0.01665
  87.    85   D 1 - 3 S 4 ; D 1 - 3 S 4 ; S 1 D 2 - 3 ; S 1 D 2  END                    0.0263   -0.00334  0.02612
  88.  1013   D 1 - 3 S 6 ; D 1 - 3 S 5 ; D 1 - 2 S 3 ; D 1 S 2  END                    0.0263   -0.00334  0.02612
  89.  1487   D 1 - 3 S 4 - 5 ; D 1 - 3 ; D 1 S 2 - 3 ; D 1 S 2 - 3  END                0.0258    0.00217  0.00339  0.00169  0.00440
                                                                                                  0.02508
  90.   225   D 1 - 3 S 4 - 5 ; D 1 - 2 S 3 - 4 ; D 1 S 2 - 3 ; D 1 - 2  END            0.0258   -0.00128  0.00582  0.00019 -0.00169
                                                                                                 -0.02508
  91.  1514   D 1 - 3 S 4 - 5 ; D 1 - 3 ; D 1 S 2 S 4 ; D 1 - 2  END                    0.0257    0.00168  0.02569
  92.   330   D 1 - 2 S 3 D 4 S 5 ; D 1 - 3 ; D 1 S 2 - 3 ; D 1 - 2  END                0.0257   -0.00168 -0.02569
  93.    51   D 1 - 3 S 6 ; D 1 - 3 S 4 ; S 1 D 2 - 3 ; D 1 S 2  END                    0.0257   -0.00387 -0.02538
  94.    82   D 1 - 3 S 4 ; D 1 - 3 S 4 ; D 1 S 2 D 3 ; S 1 D 2  END                    0.0256   -0.01136 -0.02294
  95.  1012   D 1 - 3 S 5 ; D 1 - 3 S 5 ; D 1 - 2 S 3 ; D 1 S 2  END                    0.0256   -0.01136 -0.02294
  96.   534   D 1 - 4 S 5 ; D 1 - 3 S 4 ; D 1 S 2 ; D 1 S 2  END                        0.0253   -0.01493 -0.02048
  97.     7   D 1 - 3 ; D 1 S 2 D 3 S 4 ; D 1 - 3 ; D 1 - 2  END                        0.0251   -0.02506
  98.   993   D 1 - 3 ; D 1 - 3 ; D 1 - 3 ; D 1 S 2 S 4  END                            0.0251    0.02506
  99.  1085   D 1 - 3 S 4 ; D 1 S 2 D 3 ; D 1 - 3 S 5 ; D 1 S 2  END                    0.0246    0.01455  0.01988
 100.  1250   D 1 S 2 D 3 ; D 1 - 3 S 4 ; D 1 - 2 S 3 ; D 1 - 2 S 4  END                0.0246    0.01455  0.01988




 POSITION OF FIRST SPIN COUPLING FOR TEN MOST IMPORTANT CONFIGURATIONS
       3   2788     12   2785      9      2     21     37     44     32



 ELAPSED TIME =       7.03 CPU SECONDS. (      7.65 WALL CLOCK SECONDS)
