 ************************************************************************
 * RTSIM - DAVIDSON METHOD SPARSE MATRIX EIGENVALUE/EIGENVECTOR PROGRAM *
 * QUANTUM CHEMISTRY GROUP - INDIANA UNIVERSITY -  4Jul 2016  22:37:29  *
 ************************************************************************



                 DIAGONALIZATION RUN TITLE
                 -------------------------
 )* WATER TEST *



 ) DAVIDSON
 ) LAST=5
 ) COEFF
 ) NOVLP
 ) MAXITR=1000 END

 THE CI MATRIX IS TITLED:  H2O  -SINGLET A1-  STO-3G HF SD-CI TEST
 THE MATRIX IS DATED:      4Jul 2016  22:37:02 
 THE SPIN MULTIPLICITY IS 1 AND THE DIMENSION IS 151245.

 ROOTS  1 THROUGH  5 WILL BE OBTAINED.

  
  
  
 AMOUNT OF CORE AVAILABLE                      80000000
 MAXIMUM NUMBER OF VECTORS PER ITERATION              5
 MAXIMUM NUMBER OF VECTORS ON DISK                   25
 NUMBER OF SOLUTIONS SOUGHT                           5
 NUMBER OF SOLUTIONS INVESTIGATED                     5
 SIZE OF MATRIX DIAGONALISED                     151245
  
  
 INITIAL GUESS AT ROOTS (OBTAINED FROM DIAGONAL ELEMENTS OF HAMILTONIAN MATRIX)

                1        -340.19001
                2        -337.32047
               62        -335.66067
               49        -335.66067
               45        -335.31268


 ITERATION       ROOT           EIGENVALUE          NORM OF RESIDUAL
     1             1          -340.33676964              7.13686
     1             2          -337.37661638              7.02428
     1             3          -335.82147977              6.19123
     1             4          -335.42419034              5.82174
     1             5          -335.18543645              5.95082
     2             1          -343.65187762              8.69312
     2             2          -340.60201073              9.91097
     2             3          -338.76607188             11.64904
     2             4          -337.91576116              9.65827
     2             5          -336.75523112             13.41029
     2             1          -343.65187762              3.12901
     2             2          -340.60201073              3.65775
     2             3          -338.76607188              3.31832
     2             4          -337.91576116              2.53594
     2             5          -336.75523112              4.40823
     3             1          -344.13069787              4.09425
     3             2          -341.31453190              5.62411
     3             3          -339.57708580              9.93802
     3             4          -338.29089857              4.84552
     3             5          -338.12465338             13.28927
     3             1          -344.13069787              1.15262
     3             2          -341.31453190              1.59286
     3             3          -339.57708580              1.76598
     3             4          -338.29089857              0.91240
     3             5          -338.12465338              1.94691
     4             1          -344.21424067              2.04326
     4             2          -341.48892578              3.37295
     4             3          -339.82035720              4.69098
     4             4          -338.44593292            147.01264
     4             5          -338.34423995            148.37291
     4             1          -344.21424067              0.51879
     4             2          -341.48892578              0.92679
     4             3          -339.82035720              1.02612
     4             4          -338.44593292              1.35891
     4             5          -338.34423995              0.42992
     5             1          -344.22997369              0.94573
     5             2          -341.57354566              3.46601
     5             3          -339.96517032              6.52220
     5             4          -338.92671966             16.97118
     5             5          -338.36323769              2.93205
  truncating with vlp=false 
 TRUNCATION TO 1 VECTOR PER ROOT HAS BEEN PERFORMED
     5             1          -344.22997369              0.20663
     5             2          -341.57354566              0.58624
     5             3          -339.96517032              0.96776
     5             4          -338.92671966              1.98714
     5             5          -338.36323769              0.38164
     6             1          -344.23212196              0.22651
     6             2          -341.59246528              0.85772
     6             3          -340.02777717              2.48197
     6             4          -339.14505670              3.30717
     6             5          -338.37394407              0.69664
     6             1          -344.23212196              0.09796
     6             2          -341.59246528              0.29319
     6             3          -340.02777717              0.56873
     6             4          -339.14505670              0.92256
     6             5          -338.37394407              0.28450
     7             1          -344.23274683              0.21108
     7             2          -341.60026761              0.94652
     7             3          -340.07203663              3.32139
     7             4          -339.25078263              4.85198
     7             5          -338.40772126              5.26723
     7             1          -344.23274683              0.04777
     7             2          -341.60026761              0.20360
     7             3          -340.07203663              0.57427
     7             4          -339.25078263              0.84705
     7             5          -338.40772126              0.75859
     8             1          -344.23287120              0.10125
     8             2          -341.60346424              0.70655
     8             3          -340.10430598              3.56583
     8             4          -339.34443158              7.53468
     8             5          -338.53255025             20.05708
     8             1          -344.23287120              0.02194
     8             2          -341.60346424              0.11303
     8             3          -340.10430598              0.48310
     8             4          -339.34443158              0.82361
     8             5          -338.53255025              1.03895
     9             1          -344.23289354              0.04218
     9             2          -341.60431438              0.34586
     9             3          -340.12291535              2.70838
     9             4          -339.44062148             14.50767
     9             5          -339.10383016            154.68472
  truncating with vlp=false 
 TRUNCATION TO 1 VECTOR PER ROOT HAS BEEN PERFORMED
     9             1          -344.23289354              0.00723
     9             2          -341.60431438              0.04856
     9             3          -340.12291535              0.29185
     9             4          -339.44062148              0.96791
     9             5          -339.10383016              1.87564
    10             1          -344.23289562              0.00800
    10             2          -341.60445437              0.08183
    10             3          -340.12774084              0.61965
    10             4          -339.52754851             10.99534
    10             5          -339.28005246             11.30757
    10             1          -344.23289562              0.00304
    10             2          -341.60445437              0.02666
    10             3          -340.12774084              0.18550
    10             4          -339.52754851              0.87514
    10             5          -339.28005246              0.80089
    11             1          -344.23289614              0.00708
    11             2          -341.60451558              0.09843
    11             3          -340.13099450              0.81246
    11             4          -339.60444960              8.36355
    11             5          -339.33094776              8.32644
    11             1          -344.23289614              0.00135
    11             2          -341.60451558              0.01714
    11             3          -340.13099450              0.14451
    11             4          -339.60444960              0.67703
    11             5          -339.33094776              0.53691
    12             1          -344.23289623              0.00315
    12             2          -341.60453706              0.06993
    12             3          -340.13302535              0.91174
    12             4          -339.65005968              6.32571
    12             5          -339.36298732              6.70486
    12             1          -344.23289623              0.00050
    12             2          -341.60453706              0.00922
    12             3          -340.13302535              0.10688
    12             4          -339.65005968              0.54522
    12             5          -339.36298732              0.49173
    13             1          -344.23289624              0.00121
    13             2          -341.60454266              0.03480
    13             3          -340.13405530              0.78204
    13             4          -339.67955888              5.82663
    13             5          -339.39054958              7.15837
  truncating with vlp=false 
 TRUNCATION TO 1 VECTOR PER ROOT HAS BEEN PERFORMED
    13             1          -344.23289624              0.00019
    13             2          -341.60454266              0.00511
    13             3          -340.13405530              0.07864
    13             4          -339.67955888              0.43484
    13             5          -339.39054958              0.46075
    14             1          -344.23289625              0.00021
    14             2          -341.60454402              0.00670
    14             3          -340.13441899              0.14855
    14             4          -339.69126015              1.08752
    14             5          -339.40294483              1.10768
    14             1          -344.23289625              0.00008
    14             2          -341.60454402              0.00260
    14             3          -340.13441899              0.04465
    14             4          -339.69126015              0.25654
    14             5          -339.40294483              0.26359
     ROOT    ITERATION     NUMBER OF PRODUCTS       EIGENVALUE
       1        14                65                -344.2328962459


    15             2          -341.60454460              0.00767
    15             3          -340.13462983              0.18882
    15             4          -339.69806135              1.32676
    15             5          -339.41170851              1.48719
    15             2          -341.60454460              0.00162
    15             3          -340.13462983              0.03620
    15             4          -339.69806135              0.25417
    15             5          -339.41170851              0.26506
    16             2          -341.60454477              0.00434
    16             3          -340.13474211              0.15952
    16             4          -339.70422642              1.37003
    16             5          -339.41894978              1.66164
    16             2          -341.60454477              0.00076
    16             3          -340.13474211              0.02346
    16             4          -339.70422642              0.18813
    16             5          -339.41894978              0.21043
    17             2          -341.60454481              0.00207
    17             3          -340.13479286              0.11068
    17             4          -339.70773704              1.09236
    17             5          -339.42423543              1.65129
  truncating with vlp=false 
 TRUNCATION TO 1 VECTOR PER ROOT HAS BEEN PERFORMED
    17             2          -341.60454481              0.00044
    17             3          -340.13479286              0.01836
    17             4          -339.70773704              0.15568
    17             5          -339.42423543              0.21757
    18             2          -341.60454482              0.00049
    18             3          -340.13481326              0.02414
    18             4          -339.70932108              0.24418
    18             5          -339.42720736              0.30810
    18             2          -341.60454482              0.00025
    18             3          -340.13481326              0.01135
    18             4          -339.70932108              0.10238
    18             5          -339.42720736              0.13795
    19             2          -341.60454482              0.00073
    19             3          -340.13482800              0.04807
    19             4          -339.71070215              0.52471
    19             5          -339.42987990              0.73761
    19             2          -341.60454482              0.00016
    19             3          -340.13482800              0.00984
    19             4          -339.71070215              0.09748
    19             5          -339.42987990              0.14434
    20             2          -341.60454482              0.00042
    20             3          -340.13483660              0.04372
    20             4          -339.71166047              0.54487
    20             5          -339.43229159              0.95816
    20             2          -341.60454482              0.00007
    20             3          -340.13483660              0.00598
    20             4          -339.71166047              0.06879
    20             5          -339.43229159              0.11646
     ROOT    ITERATION     NUMBER OF PRODUCTS       EIGENVALUE
       2        20                89                -341.6045448250


    21             3          -340.13483988              0.02993
    21             4          -339.71217873              0.47307
    21             5          -339.43396184              1.01197
    21             3          -340.13483988              0.00508
    21             4          -339.71217873              0.06837
    21             5          -339.43396184              0.13488
    22             3          -340.13484245              0.03282
    22             4          -339.71272291              0.64665
    22             5          -339.43664199              1.93691
  truncating with vlp=false 
 TRUNCATION TO 1 VECTOR PER ROOT HAS BEEN PERFORMED
    22             3          -340.13484245              0.00275
    22             4          -339.71272291              0.04472
    22             5          -339.43664199              0.11256
    23             3          -340.13484283              0.00324
    23             4          -339.71282721              0.05695
    23             5          -339.43731753              0.14032
    23             3          -340.13484283              0.00133
    23             4          -339.71282721              0.02223
    23             5          -339.43731753              0.05810
    24             3          -340.13484299              0.00392
    24             4          -339.71287535              0.07235
    24             5          -339.43765584              0.19560
    24             3          -340.13484299              0.00102
    24             4          -339.71287535              0.01830
    24             5          -339.43765584              0.05033
    25             3          -340.13484307              0.00336
    25             4          -339.71290397              0.06861
    25             5          -339.43788114              0.20183
    25             3          -340.13484307              0.00060
    25             4          -339.71290397              0.01161
    25             5          -339.43788114              0.03428
    26             3          -340.13484310              0.00176
    26             4          -339.71291469              0.04072
    26             5          -339.43798319              0.13928
    26             3          -340.13484310              0.00035
    26             4          -339.71291469              0.00750
    26             5          -339.43798319              0.02407
    27             3          -340.13484311              0.00136
    27             4          -339.71292063              0.03671
    27             5          -339.43805058              0.14025
    27             3          -340.13484311              0.00027
    27             4          -339.71292063              0.00691
    27             5          -339.43805058              0.02506
    28             3          -340.13484312              0.00133
    28             4          -339.71292592              0.04720
    28             5          -339.43813468              0.23536
  truncating with vlp=false 
 TRUNCATION TO 1 VECTOR PER ROOT HAS BEEN PERFORMED
    28             3          -340.13484312              0.00018
    28             4          -339.71292592              0.00562
    28             5          -339.43813468              0.02472
    29             3          -340.13484312              0.00022
    29             4          -339.71292788              0.00713
    29             5          -339.43817325              0.03199
    29             3          -340.13484312              0.00011
    29             4          -339.71292788              0.00345
    29             5          -339.43817325              0.01538
    30             3          -340.13484312              0.00034
    30             4          -339.71292905              0.01193
    30             5          -339.43819778              0.05669
    30             3          -340.13484312              0.00008
    30             4          -339.71292905              0.00259
    30             5          -339.43819778              0.01237
     ROOT    ITERATION     NUMBER OF PRODUCTS       EIGENVALUE
       3        30               119                -340.1348431194


    31             4          -339.71292971              0.01207
    31             5          -339.43821422              0.06618
    31             4          -339.71292971              0.00216
    31             5          -339.43821422              0.01136
    32             4          -339.71293025              0.01466
    32             5          -339.43823167              0.09705
    32             4          -339.71293025              0.00184
    32             5          -339.43823167              0.01152
    33             4          -339.71293054              0.01029
    33             5          -339.43824455              0.08962
    33             4          -339.71293054              0.00112
    33             5          -339.43824455              0.00821
    34             4          -339.71293067              0.00662
    34             5          -339.43825260              0.06810
    34             4          -339.71293067              0.00103
    34             5          -339.43825260              0.00862
    35             4          -339.71293076              0.00593
    35             5          -339.43826020              0.07449
    35             4          -339.71293076              0.00062
    35             5          -339.43826020              0.00608
    36             4          -339.71293079              0.00233
    36             5          -339.43826290              0.03227
    36             4          -339.71293079              0.00030
    36             5          -339.43826290              0.00322
    37             4          -339.71293080              0.00103
    37             5          -339.43826371              0.01356
  truncating with vlp=false 
 TRUNCATION TO 1 VECTOR PER ROOT HAS BEEN PERFORMED
    37             4          -339.71293080              0.00018
    37             5          -339.43826371              0.00200
    38             4          -339.71293080              0.00022
    38             5          -339.43826393              0.00259
    38             4          -339.71293080              0.00010
    38             5          -339.43826393              0.00114
     ROOT    ITERATION     NUMBER OF PRODUCTS       EIGENVALUE
       4        38               135                -339.7129307975


    39             5          -339.43826410              0.00478
    39             5          -339.43826410              0.00107
    40             5          -339.43826410              0.00069
    40             5          -339.43826410              0.00103
    41             5          -339.43826419              0.00363
    41             5          -339.43826419              0.00083
    42             5          -339.43826423              0.00248
    42             5          -339.43826423              0.00050
    43             5          -339.43826425              0.00167
    43             5          -339.43826425              0.00036
    44             5          -339.43826426              0.00102
    44             5          -339.43826426              0.00023
    45             5          -339.43826427              0.00086
    45             5          -339.43826427              0.00017
    46             5          -339.43826427              0.00073
    46             5          -339.43826427              0.00014
    47             5          -339.43826427              0.00067
    47             5          -339.43826427              0.00011
    48             5          -339.43826427              0.00072
    48             5          -339.43826427              0.00011
    49             5          -339.43826427              0.00083
    49             5          -339.43826427              0.00009
     ROOT    ITERATION     NUMBER OF PRODUCTS       EIGENVALUE
       5        49               146                -339.4382642747


  all roots converged 
  

 ************************************
 COMPLETED CI VECTOR OPTIMISATION
 ************************************





 ********************************
 RESULTS FOR ROOT   01
 TOTAL CI ENERGY =   -344.2328962
 ********************************

       CONF.                                                                           COEFF.
        NO.        SPACE ORBITAL PRODUCTS                                             CONTRIB.      CI COEFFICIENTS

       -----       ----------------------                                             --------   ---------------------
   1.     1   D 1 - 3 ; D 1 - 3 ; D 1 - 3 ; D 1 - 2  END                                0.8127   -0.81269
   2.     2   D 1 - 4 ; D 1 - 3 ; D 1 - 2 ; D 1 - 2  END                                0.2221    0.22210
   3.     3   D 1 - 3 S 4 ; D 1 - 3 S 4 ; D 1 - 2 S 3 ; D 1 S 2  END                    0.1597    0.03293 -0.15629
   4.     4   D 1 - 3 S 4 - 5 ; D 1 - 3 ; D 1 S 2 - 3 ; D 1 - 2  END                    0.1041    0.02335  0.10144
   5.     5   D 1 - 3 S 4 S 6 ; D 1 - 3 ; S 1 D 2 S 3 ; D 1 - 2  END                    0.0914    0.01976  0.08925
   6.     7   D 1 - 3 S 4 ; D 1 - 3 S 5 ; D 1 - 2 S 3 ; S 1 D 2  END                    0.0818   -0.01848  0.07965
   7.     6   D 1 - 3 S 4 ; D 1 - 2 S 3 ; D 1 - 2 S 3 ; D 1 - 2 S 3  END                0.0798   -0.02106  0.07693
   8.    11   D 1 - 3 ; D 1 - 4 ; D 1 - 3 ; D 1  END                                    0.0737    0.07370
   9.     8   D 1 - 2 S 3 - 4 ; D 1 - 3 ; D 1 - 2 S 3 - 4 ; D 1 - 2  END                0.0736   -0.03812 -0.06293
  10.     9   D 1 - 3 S 5 ; D 1 - 3 S 4 ; D 1 S 2 D 3 ; D 1 S 2  END                    0.0684   -0.00994  0.06767
  11.    10   D 1 - 3 ; D 1 - 3 S 4 - 5 ; D 1 - 3 ; S 1 - 2  END                        0.0668    0.00779  0.06632
  12.    12   D 1 - 2 S 3 ; D 1 - 2 S 3 ; D 1 - 3 S 4 ; D 1 - 2 S 3  END                0.0609   -0.00532  0.06070
  13.    13   D 1 - 3 ; D 1 - 2 S 3 - 4 ; D 1 - 3 ; D 1 S 2 - 3  END                    0.0583    0.01938  0.05498
  14.    14   D 1 - 3 S 4 ; D 1 S 2 D 3 ; D 1 - 2 S 3 ; D 1 - 2 S 4  END                0.0574   -0.02825  0.04994
  15.    17   D 1 - 2 S 3 ; D 1 - 3 S 4 ; D 1 - 3 S 4 ; D 1 S 2  END                    0.0505    0.02317 -0.04493
  16.    18   D 1 - 3 ; D 1 S 2 D 3 S 4 ; D 1 - 3 ; D 1 S 2 S 4  END                    0.0496    0.03356  0.03654
  17.    19   D 1 - 3 S 6 ; D 1 - 3 S 4 ; S 1 D 2 - 3 ; D 1 S 2  END                    0.0492   -0.00678  0.04871
  18.    25   D 1 S 2 D 3 S 4 ; D 1 - 3 ; D 1 - 2 S 3 S 5 ; D 1 - 2  END                0.0468    0.02548  0.03927
  19.    16   D 1 - 3 ; D 1 - 4 ; D 1 - 2 ; D 1 - 2  END                                0.0467    0.04666
  20.    15   D 1 - 4 ; D 1 - 3 ; D 1 - 3 ; D 1  END                                    0.0467    0.04666
  21.    24   S 1 D 2 - 3 S 4 ; D 1 - 3 ; D 1 - 2 S 3 S 6 ; D 1 - 2  END                0.0466    0.02784  0.03742
  22.    21   D 1 - 3 ; D 1 - 2 ; D 1 - 3 ; D 1 - 3  END                                0.0463    0.04627
  23.    20   D 1 - 3 ; D 1 S 2 - 3 ; D 1 - 3 ; D 1 - 2 S 3 - 4  END                    0.0453   -0.00630 -0.04490
  24.    22   D 1 - 3 ; D 1 - 3 S 4 - 5 ; S 1 D 2 S 3 ; D 1 - 2  END                    0.0417    0.00240  0.04164
  25.    23   D 1 - 3 S 4 S 6 ; D 1 - 3 ; D 1 - 3 ; S 1 - 2  END                        0.0417    0.00240  0.04164
  26.   313   D 1 - 3 S 5 ; D 1 - 2 S 3 ; D 1 S 2 D 3 ; D 1 - 2 S 3  END                0.0382    0.01543 -0.03498
  27.   185   D 1 - 3 D 5 ; D 1 - 3 ; D 1 D 3 ; D 1 - 2  END                            0.0379    0.03795
  28. 24086   D 1 - 3 S 4 ; S 1 D 2 - 3 ; D 1 - 2 S 3 ; D 1 - 2 S 5  END                0.0374   -0.02165  0.03055
  29.   156   D 1 - 3 S 5 ; D 1 - 3 S 5 ; D 1 S 2 D 3 ; S 1 D 2  END                    0.0371    0.00319 -0.03693
  30.   526   D 1 - 2 S 3 ; D 1 S 2 D 3 ; D 1 - 3 S 4 ; D 1 - 2 S 4  END                0.0346   -0.00462  0.03426
  31.   118   D 1 - 3 S 6 ; D 1 - 3 S 4 ; D 1 - 2 S 3 ; S 1 D 2  END                    0.0344    0.00365  0.03417
  32.   201   D 1 - 3 S 4 ; D 1 - 3 S 5 ; S 1 D 2 - 3 ; D 1 S 2  END                    0.0344    0.00365  0.03417
  33.   485   D 1 - 2 S 3 S 5 ; D 1 - 3 ; D 1 S 2 D 3 S 4 ; D 1 - 2  END                0.0341    0.01769  0.02918
  34.   126   D 1 - 3 S 4 - 5 ; D 1 - 3 ; D 1 - 2 ; D 1 - 2  END                        0.0341   -0.03407
  35.   165   D 1 - 4 ; D 1 - 3 ; D 1 S 2 - 3 ; D 1 - 2  END                            0.0341   -0.03407
  36.   243   D 1 - 3 S 5 - 6 ; D 1 - 3 ; S 1 - 2 D 3 ; D 1 - 2  END                    0.0336   -0.00279 -0.03353
  37.   540   D 1 - 2 ; D 1 - 3 ; D 1 - 4 ; D 1 - 2  END                                0.0331    0.03313
  38.   619   D 1 S 2 D 3 ; D 1 - 2 S 3 ; D 1 - 3 S 5 ; D 1 - 2 S 3  END                0.0330    0.00541 -0.03260
  39.   298   D 1 - 3 ; D 1 - 2 S 3 S 5 ; D 1 - 3 ; S 1 D 2 S 3  END                    0.0324   -0.01481 -0.02881
  40.   589   D 1 S 2 D 3 S 5 ; D 1 - 3 ; D 1 S 2 D 3 S 5 ; D 1 - 2  END                0.0319   -0.02407 -0.02100
  41.   115   D 1 - 3 S 4 ; D 1 - 3 S 4 ; D 1 - 2 S 3 ; S 1 D 2  END                    0.0318    0.00368 -0.03163
  42.   104   D 1 - 3 S 4 ; D 1 - 3 S 5 ; D 1 - 2 S 3 ; D 1 S 2  END                    0.0318   -0.00368  0.03163
  43.   556   D 1 S 2 D 3 ; D 1 - 3 S 4 ; D 1 - 3 S 5 ; D 1 S 2  END                    0.0313   -0.01987  0.02424
  44.   327   D 1 - 3 S 6 ; D 1 - 2 S 3 ; S 1 D 2 - 3 ; D 1 - 2 S 3  END                0.0306    0.01500 -0.02663
  45.   216   D 1 - 3 S 6 ; D 1 - 3 S 5 ; S 1 D 2 - 3 ; S 1 D 2  END                    0.0302    0.00164 -0.03014
  46. 24082   D 1 - 3 ; S 1 D 2 - 3 S 4 ; D 1 - 3 ; D 1 S 2 S 5  END                    0.0300    0.01995  0.02241
  47.   467   D 1 - 2 S 3 ; D 1 - 3 S 5 ; D 1 - 3 S 4 ; S 1 D 2  END                    0.0296   -0.01649  0.02459
  48. 24095   D 1 - 3 ; S 1 D 2 S 3 ; D 1 - 3 ; D 1 - 2 S 3 S 5  END                    0.0290   -0.00494 -0.02854
  49.   240   D 1 - 3 S 4 - 5 ; D 1 - 3 ; S 1 - 2 D 3 ; D 1 - 2  END                    0.0286   -0.00205 -0.02851
  50.   168   D 1 - 3 S 5 - 6 ; D 1 - 3 ; D 1 S 2 - 3 ; D 1 - 2  END                    0.0286    0.00205  0.02851
  51.   645   D 1 S 2 - 3 ; D 1 - 3 ; D 1 - 3 S 4 - 5 ; D 1 - 2  END                    0.0284    0.00426  0.02806
  52.   391   D 1 - 3 S 5 ; D 1 S 2 D 3 ; D 1 S 2 D 3 ; D 1 - 2 S 4  END                0.0284    0.01770 -0.02218
  53.   116   D 1 - 3 S 5 ; D 1 - 3 S 4 ; D 1 - 2 S 3 ; S 1 D 2  END                    0.0283   -0.00092 -0.02825
  54.   143   D 1 - 3 S 4 ; D 1 - 3 S 5 ; D 1 S 2 D 3 ; D 1 S 2  END                    0.0283   -0.00092 -0.02825
  55.   105   D 1 - 3 S 5 ; D 1 - 3 S 4 ; D 1 - 2 S 3 ; D 1 S 2  END                    0.0282    0.00626  0.02748
  56.   142   D 1 - 3 S 4 ; D 1 - 3 S 4 ; D 1 S 2 D 3 ; D 1 S 2  END                    0.0282   -0.00626 -0.02748
  57.   305   D 1 - 3 ; D 1 - 2 S 3 - 4 ; D 1 - 2 S 3 - 4 ; D 1 - 2  END                0.0281   -0.00457 -0.02768
  58.   447   D 1 - 2 S 3 - 4 ; D 1 - 3 ; D 1 - 3 ; D 1 S 2 - 3  END                    0.0281    0.00457  0.02768
  59.   743   S 1 D 2 - 3 ; D 1 - 2 S 3 ; D 1 - 3 S 6 ; D 1 - 2 S 3  END                0.0280    0.00474 -0.02764
  60.   170   D 1 - 3 ; D 1 - 4 ; D 1 S 2 - 3 ; D 1 - 2  END                            0.0277    0.02769
  61.    54   D 1 - 3 S 4 - 5 ; D 1 - 3 ; D 1 - 3 ; D 1  END                            0.0277    0.02769
  62.  7051   D 1 - 4 ; D 1 - 4 ; D 1 - 2 ; D 1  END                                    0.0273   -0.02725
  63.   155   D 1 - 3 S 5 ; D 1 - 3 S 4 ; D 1 S 2 D 3 ; S 1 D 2  END                    0.0267   -0.00235 -0.02664
  64.   144   D 1 - 3 S 5 ; D 1 - 3 S 5 ; D 1 S 2 D 3 ; D 1 S 2  END                    0.0267    0.00235  0.02664
  65. 24085   D 1 - 3 ; S 1 D 2 - 3 S 5 ; D 1 - 3 ; S 1 D 2 S 5  END                    0.0265   -0.02033 -0.01705
  66.   211   D 1 - 3 S 4 ; D 1 - 3 S 4 ; S 1 D 2 - 3 ; S 1 D 2  END                    0.0263   -0.00140 -0.02627
  67.   108   D 1 - 3 S 6 ; D 1 - 3 S 5 ; D 1 - 2 S 3 ; D 1 S 2  END                    0.0263   -0.00140 -0.02627
  68. 24099   D 1 - 2 S 3 ; S 1 D 2 - 3 ; D 1 - 3 S 4 ; D 1 - 2 S 5  END                0.0257   -0.00391  0.02537
  69.   679   S 1 D 2 - 3 ; D 1 - 3 S 4 ; D 1 - 3 S 6 ; D 1 S 2  END                    0.0256   -0.01726  0.01891
  70.   728   S 1 D 2 - 3 S 6 ; D 1 - 3 ; S 1 D 2 - 3 S 6 ; D 1 - 2  END                0.0249   -0.01910 -0.01591
  71.   224   D 1 - 3 S 4 - 5 ; D 1 - 3 ; S 1 D 2 S 3 ; D 1 - 2  END                    0.0246    0.00365  0.02429
  72.   166   D 1 - 3 S 4 S 6 ; D 1 - 3 ; D 1 S 2 - 3 ; D 1 - 2  END                    0.0246    0.00365  0.02429
  73.    94   D 1 - 3 ; D 1 - 3 D 5 ; D 1 - 3 ; D 2  END                                0.0242    0.02415
  74.   479   D 1 - 2 S 3 ; D 1 - 3 S 4 ; D 1 - 2 S 3 ; D 1 - 2 S 4  END                0.0241   -0.01566 -0.01828
  75.   352   D 1 - 3 S 4 ; D 1 S 2 D 3 ; D 1 - 3 S 4 ; D 1 S 2  END                    0.0241    0.01566  0.01828
  76.   184   D 1 - 3 S 4 S 6 ; D 1 - 3 ; D 1 D 3 ; D 1 - 2  END                        0.0240   -0.02405
  77.   225   D 1 - 3 D 5 ; D 1 - 3 ; S 1 D 2 S 3 ; D 1 - 2  END                        0.0240   -0.02405
  78.   525   D 1 - 2 S 3 ; D 1 S 2 D 3 ; D 1 - 3 S 4 ; D 1 - 2 S 3  END                0.0239   -0.00267 -0.02379
  79.   514   D 1 - 2 S 3 ; D 1 - 2 S 3 ; D 1 - 3 S 4 ; D 1 - 2 S 4  END                0.0239   -0.00267 -0.02379
  80.   632   D 1 S 2 D 3 ; D 1 S 2 D 3 ; D 1 - 3 S 5 ; D 1 - 2 S 4  END                0.0238    0.00270 -0.02362
  81.   382   D 1 - 3 ; D 1 S 2 D 3 S 4 ; D 1 - 2 S 3 - 4 ; D 1 - 2  END                0.0237    0.01917  0.01387
  82.   448   D 1 - 2 S 3 - 4 ; D 1 - 3 ; D 1 - 3 ; D 1 S 2 S 4  END                    0.0237   -0.01917 -0.01387
  83.   546   D 1 - 2 ; D 1 - 3 ; D 1 - 3 ; D 1 - 3  END                                0.0236    0.02360
  84.   344   D 1 - 3 ; D 1 - 2 ; D 1 - 4 ; D 1 - 2  END                                0.0236    0.02360
  85.   171   D 1 - 3 ; D 1 - 3 S 4 - 5 ; D 1 S 2 - 3 ; D 1 - 2  END                    0.0234   -0.00348 -0.02317
  86.    71   D 1 - 3 S 4 - 5 ; D 1 - 3 ; D 1 - 3 ; S 1 - 2  END                        0.0234   -0.00348 -0.02317
  87.    72   D 1 - 3 D 5 ; D 1 - 3 ; D 1 - 3 ; S 1 - 2  END                            0.0229   -0.02289
  88.   189   D 1 - 3 ; D 1 - 3 S 4 - 5 ; D 1 D 3 ; D 1 - 2  END                        0.0229   -0.02289
  89.  7431   D 1 - 4 S 5 ; D 1 - 3 S 4 ; D 1 S 2 ; D 1 S 2  END                        0.0229    0.00271 -0.02271
  90.   376   D 1 - 3 ; D 1 S 2 D 3 S 5 ; D 1 - 3 ; S 1 D 2 S 4  END                    0.0225   -0.01527 -0.01655
  91.   478   D 1 - 2 S 3 ; D 1 - 3 S 4 ; D 1 - 2 S 3 ; D 1 - 2 S 3  END                0.0222    0.00726  0.02102
  92.   275   D 1 - 3 S 4 ; D 1 - 2 S 3 ; D 1 - 3 S 4 ; D 1 S 2  END                    0.0222   -0.00726 -0.02102
  93.   405   D 1 - 3 S 6 ; D 1 S 2 D 3 ; S 1 D 2 - 3 ; D 1 - 2 S 4  END                0.0220    0.01476 -0.01637
  94.   182   D 1 - 4 ; D 1 - 3 ; D 1 D 3 ; D 1 - 2  END                                0.0217    0.02170
  95.   128   D 1 - 3 D 5 ; D 1 - 3 ; D 1 - 2 ; D 1 - 2  END                            0.0217    0.02170
  96.   262   D 1 - 3 D 6 ; D 1 - 3 ; D 2 - 3 ; D 1 - 2  END                            0.0216    0.02162
  97.   552   D 1 S 2 D 3 S 5 ; D 1 - 3 ; D 1 - 3 ; D 1 S 2 S 4  END                    0.0215   -0.01774 -0.01207
  98.   395   D 1 - 3 ; D 1 S 2 D 3 S 4 ; D 1 S 2 D 3 S 5 ; D 1 - 2  END                0.0215    0.01774  0.01207
  99. 24090   D 1 - 3 S 5 ; S 1 D 2 - 3 ; D 1 S 2 D 3 ; D 1 - 2 S 5  END                0.0213    0.01523 -0.01484
 100.   491   D 1 - 2 S 3 ; D 1 - 3 S 4 ; D 1 S 2 D 3 ; D 1 - 2 S 3  END                0.0211    0.00668  0.02004




 POSITION OF FIRST SPIN COUPLING FOR TEN MOST IMPORTANT CONFIGURATIONS
       1      2      3      5      7     11      9     19     13     15



 ********************************
 RESULTS FOR ROOT   02
 TOTAL CI ENERGY =   -341.6045448
 ********************************

       CONF.                                                                           COEFF.
        NO.        SPACE ORBITAL PRODUCTS                                             CONTRIB.      CI COEFFICIENTS

       -----       ----------------------                                             --------   ---------------------
   1.     2   D 1 - 4 ; D 1 - 3 ; D 1 - 2 ; D 1 - 2  END                                0.6943    0.69426
   2.     3   D 1 - 3 S 4 ; D 1 - 3 S 4 ; D 1 - 2 S 3 ; D 1 S 2  END                    0.2848    0.26095 -0.11409
   3.     1   D 1 - 3 ; D 1 - 3 ; D 1 - 3 ; D 1 - 2  END                                0.2340    0.23404
   4.    15   D 1 - 4 ; D 1 - 3 ; D 1 - 3 ; D 1  END                                    0.1880   -0.18802
   5.    16   D 1 - 3 ; D 1 - 4 ; D 1 - 2 ; D 1 - 2  END                                0.1880   -0.18802
   6.     4   D 1 - 3 S 4 - 5 ; D 1 - 3 ; D 1 S 2 - 3 ; D 1 - 2  END                    0.1345    0.10563  0.08328
   7.     7   D 1 - 3 S 4 ; D 1 - 3 S 5 ; D 1 - 2 S 3 ; S 1 D 2  END                    0.0979   -0.07863  0.05835
   8.     5   D 1 - 3 S 4 S 6 ; D 1 - 3 ; S 1 D 2 S 3 ; D 1 - 2  END                    0.0958    0.08221  0.04920
   9.    43   D 1 - 2 S 3 - 4 ; D 1 - 3 ; D 1 - 3 ; D 1 - 2  END                        0.0863   -0.08629
  10.    30   D 1 - 3 ; D 1 - 3 ; D 1 - 2 S 3 - 4 ; D 1 - 2  END                        0.0863   -0.08629
  11.    11   D 1 - 3 ; D 1 - 4 ; D 1 - 3 ; D 1  END                                    0.0790    0.07901
  12.    39   D 1 - 3 ; D 1 - 2 S 3 - 4 ; D 1 - 3 ; D 1 - 2  END                        0.0571   -0.05710
  13.    26   D 1 - 3 ; D 1 - 3 ; D 1 - 3 ; D 1 S 2 - 3  END                            0.0571    0.05710
  14.    70   D 1 - 4 ; D 1 - 3 ; D 1 - 3 ; S 1 - 2  END                                0.0567   -0.05669
  15.   131   D 1 - 3 ; D 1 - 3 S 4 - 5 ; D 1 - 2 ; D 1 - 2  END                        0.0567   -0.05669
  16.   142   D 1 - 3 S 4 ; D 1 - 3 S 4 ; D 1 S 2 D 3 ; D 1 S 2  END                    0.0545    0.00421  0.05435
  17.   105   D 1 - 3 S 5 ; D 1 - 3 S 4 ; D 1 - 2 S 3 ; D 1 S 2  END                    0.0545   -0.00421 -0.05435
  18.     8   D 1 - 2 S 3 - 4 ; D 1 - 3 ; D 1 - 2 S 3 - 4 ; D 1 - 2  END                0.0537   -0.01221 -0.05229
  19.  7431   D 1 - 4 S 5 ; D 1 - 3 S 4 ; D 1 S 2 ; D 1 S 2  END                        0.0495    0.01557 -0.04696
  20.    14   D 1 - 3 S 4 ; D 1 S 2 D 3 ; D 1 - 2 S 3 ; D 1 - 2 S 4  END                0.0486   -0.02445  0.04201
  21.  7090   D 1 - 4 ; D 1 - 3 S 4 - 5 ; D 1 - 2 ; S 1 - 2  END                        0.0479   -0.01013 -0.04679
  22.     6   D 1 - 3 S 4 ; D 1 - 2 S 3 ; D 1 - 2 S 3 ; D 1 - 2 S 3  END                0.0466   -0.04229  0.01957
  23. 13363   D 1 - 2 S 3 D 4 ; D 1 - 2 S 3 ; D 1 - 2 S 4 ; D 1 - 2 S 3  END            0.0434    0.00291 -0.04333
  24.   128   D 1 - 3 D 5 ; D 1 - 3 ; D 1 - 2 ; D 1 - 2  END                            0.0428   -0.04276
  25.   182   D 1 - 4 ; D 1 - 3 ; D 1 D 3 ; D 1 - 2  END                                0.0428   -0.04276
  26.  7051   D 1 - 4 ; D 1 - 4 ; D 1 - 2 ; D 1  END                                    0.0411   -0.04108
  27.   104   D 1 - 3 S 4 ; D 1 - 3 S 5 ; D 1 - 2 S 3 ; D 1 S 2  END                    0.0406   -0.03942 -0.00988
  28.   115   D 1 - 3 S 4 ; D 1 - 3 S 4 ; D 1 - 2 S 3 ; S 1 D 2  END                    0.0406    0.03942  0.00988
  29.    23   D 1 - 3 S 4 S 6 ; D 1 - 3 ; D 1 - 3 ; S 1 - 2  END                        0.0383   -0.00789 -0.03752
  30.    22   D 1 - 3 ; D 1 - 3 S 4 - 5 ; S 1 D 2 S 3 ; D 1 - 2  END                    0.0383   -0.00789 -0.03752
  31.  7956   D 1 - 4 S 6 ; D 1 - 3 S 4 ; S 1 D 2 ; D 1 S 2  END                        0.0375    0.01242 -0.03542
  32.  8917   D 1 - 4 ; D 1 - 2 S 3 - 4 ; D 1 - 2 ; D 1 S 2 - 3  END                    0.0375   -0.01490 -0.03440
  33.    25   D 1 S 2 D 3 S 4 ; D 1 - 3 ; D 1 - 2 S 3 S 5 ; D 1 - 2  END                0.0373    0.01322  0.03487
  34. 10321   D 1 - 4 ; D 1 S 2 D 3 S 4 ; D 1 - 2 ; D 1 S 2 S 4  END                    0.0360   -0.02429 -0.02652
  35.    46   D 1 S 2 D 3 S 4 ; D 1 - 3 ; D 1 - 3 ; D 1 - 2  END                        0.0358   -0.03576
  36.    31   D 1 - 3 ; D 1 - 3 ; D 1 - 2 S 3 S 5 ; D 1 - 2  END                        0.0358    0.03576
  37.    24   S 1 D 2 - 3 S 4 ; D 1 - 3 ; D 1 - 2 S 3 S 6 ; D 1 - 2  END                0.0355    0.01017  0.03401
  38.   170   D 1 - 3 ; D 1 - 4 ; D 1 S 2 - 3 ; D 1 - 2  END                            0.0354   -0.03536
  39.    54   D 1 - 3 S 4 - 5 ; D 1 - 3 ; D 1 - 3 ; D 1  END                            0.0354   -0.03536
  40. 12430   D 1 - 2 S 3 D 4 ; D 1 - 3 S 4 ; D 1 - 2 S 4 ; D 1 S 2  END                0.0338   -0.01450  0.03049
  41.  1937   D 1 - 4 ; D 1 - 2 S 3 - 4 ; D 1 - 2 ; D 1 - 2  END                        0.0328    0.03279
  42.  1116   D 1 - 4 ; D 1 - 3 ; D 1 - 2 ; D 1 S 2 - 3  END                            0.0328   -0.03279
  43. 11285   D 1 - 4 ; D 1 S 2 - 3 ; D 1 - 2 ; D 1 - 2 S 3 - 4  END                    0.0327    0.00355  0.03253
  44.   201   D 1 - 3 S 4 ; D 1 - 3 S 5 ; S 1 D 2 - 3 ; D 1 S 2  END                    0.0322   -0.00797 -0.03122
  45.   118   D 1 - 3 S 6 ; D 1 - 3 S 4 ; D 1 - 2 S 3 ; S 1 D 2  END                    0.0322   -0.00797 -0.03122
  46.  7484   D 1 - 4 S 5 ; D 1 - 3 S 5 ; D 1 S 2 ; S 1 D 2  END                        0.0322   -0.00510  0.03181
  47.   130   D 1 - 3 D 6 ; D 1 - 3 ; D 1 - 2 ; D 1 - 2  END                            0.0314   -0.03138
  48.   257   D 1 - 4 ; D 1 - 3 ; D 2 - 3 ; D 1 - 2  END                                0.0314   -0.03138
  49.     9   D 1 - 3 S 5 ; D 1 - 3 S 4 ; D 1 S 2 D 3 ; D 1 S 2  END                    0.0311   -0.02198  0.02207
  50.  7665   D 1 - 5 ; D 1 - 3 ; D 1 ; D 1 - 2  END                                    0.0309   -0.03089
  51. 24086   D 1 - 3 S 4 ; S 1 D 2 - 3 ; D 1 - 2 S 3 ; D 1 - 2 S 5  END                0.0301   -0.00953  0.02856
  52.  8262   D 1 - 4 S 5 - 6 ; D 1 - 3 ; S 1 - 2 ; D 1 - 2  END                        0.0299    0.00491  0.02951
  53.  9162   D 1 - 4 S 5 ; D 1 - 2 S 3 ; D 1 S 2 ; D 1 - 2 S 3  END                    0.0294   -0.01331  0.02616
  54.   132   D 1 - 3 ; D 1 - 3 D 5 ; D 1 - 2 ; D 1 - 2  END                            0.0293   -0.02926
  55.    86   D 1 - 4 ; D 1 - 3 ; D 1 - 3 ; D 2  END                                    0.0293   -0.02926
  56.  9827   D 1 - 4 ; D 1 - 2 ; D 1 - 2 ; D 1 - 3  END                                0.0291   -0.02913
  57.  1056   D 1 - 4 ; D 1 - 3 ; D 1 - 2 S 3 S 6 ; S 1 - 2  END                        0.0289    0.00759  0.02784
  58.  5013   S 1 D 2 - 3 S 4 ; D 1 - 3 S 4 - 5 ; D 1 - 2 ; D 1 - 2  END                0.0289   -0.00759 -0.02784
  59. 13965   D 1 - 2 S 3 D 4 ; D 1 S 2 D 3 ; D 1 - 2 S 4 ; D 1 - 2 S 4  END            0.0285    0.00377 -0.02824
  60. 12672   D 1 - 2 S 3 D 4 S 5 ; D 1 - 3 ; D 1 S 2 S 4 ; D 1 - 2  END                0.0277   -0.01424 -0.02375
  61. 24211   D 1 - 4 ; D 1 - 3 ; S 1 D 2 S 3 ; D 1 S 2 S 5  END                        0.0270    0.01670  0.02125
  62.  6027   D 1 - 3 S 4 S 6 ; S 1 D 2 - 3 S 4 ; D 1 - 2 ; D 1 - 2  END                0.0270   -0.01670 -0.02125
  63. 15302   D 1 S 2 D 3 - 4 S 5 ; D 1 - 3 ; D 1 S 2 S 5 ; D 1 - 2  END                0.0267    0.02014  0.01759
  64. 15844   D 1 S 2 D 3 - 4 ; D 1 - 2 S 3 ; D 1 - 2 S 5 ; D 1 - 2 S 3  END            0.0261   -0.00384  0.02579
  65. 14556   D 1 - 2 D 4 ; D 1 - 3 ; D 1 - 2 D 4 ; D 1 - 2  END                        0.0257   -0.02572
  66.   352   D 1 - 3 S 4 ; D 1 S 2 D 3 ; D 1 - 3 S 4 ; D 1 S 2  END                    0.0251   -0.01808 -0.01739
  67.   479   D 1 - 2 S 3 ; D 1 - 3 S 4 ; D 1 - 2 S 3 ; D 1 - 2 S 4  END                0.0251    0.01808  0.01739
  68. 15099   D 1 S 2 D 3 - 4 ; D 1 - 3 S 4 ; D 1 - 2 S 5 ; D 1 S 2  END                0.0250    0.01534 -0.01976
  69.  4942   S 1 D 2 - 4 ; D 1 - 3 S 5 ; D 1 - 2 S 3 ; D 1 S 2  END                    0.0247   -0.02454  0.00266
  70.  1146   D 1 - 3 S 4 ; D 1 - 3 S 4 ; D 1 - 2 S 6 ; S 1 D 2  END                    0.0247    0.02454 -0.00266
  71.  8967   D 1 - 4 ; D 1 - 2 S 3 S 5 ; D 1 - 2 ; S 1 D 2 S 3  END                    0.0247    0.01223  0.02144
  72.    71   D 1 - 3 S 4 - 5 ; D 1 - 3 ; D 1 - 3 ; S 1 - 2  END                        0.0246    0.00823  0.02320
  73.   171   D 1 - 3 ; D 1 - 3 S 4 - 5 ; D 1 S 2 - 3 ; D 1 - 2  END                    0.0246    0.00823  0.02320
  74.  8016   D 1 - 4 S 6 ; D 1 - 3 S 5 ; S 1 D 2 ; S 1 D 2  END                        0.0246   -0.00422  0.02425
  75.   531   D 1 - 2 D 4 ; D 1 - 3 ; D 1 - 3 ; D 1 - 2  END                            0.0246   -0.02456
  76.   133   D 1 - 3 ; D 1 - 3 ; D 1 - 2 D 4 ; D 1 - 2  END                            0.0246   -0.02456
  77.  5968   D 1 - 4 S 6 ; S 1 D 2 - 3 ; D 1 - 2 S 3 ; D 1 S 2  END                    0.0243   -0.02429 -0.00166
  78. 24227   D 1 - 3 S 4 ; D 1 - 3 S 4 ; S 1 D 2 ; D 1 - 2 S 5  END                    0.0243    0.02429  0.00166
  79. 27989   D 1 - 4 ; S 1 D 2 - 3 S 4 ; D 1 - 2 ; D 1 S 2 S 5  END                    0.0237   -0.01549 -0.01793
  80.   448   D 1 - 2 S 3 - 4 ; D 1 - 3 ; D 1 - 3 ; D 1 S 2 S 4  END                    0.0236    0.01666  0.01678
  81.   382   D 1 - 3 ; D 1 S 2 D 3 S 4 ; D 1 - 2 S 3 - 4 ; D 1 - 2  END                0.0236   -0.01666 -0.01678
  82. 12480   D 1 - 2 S 3 D 4 ; D 1 - 3 S 5 ; D 1 - 2 S 4 ; S 1 D 2  END                0.0235    0.01336 -0.01937
  83.   129   D 1 - 3 S 5 - 6 ; D 1 - 3 ; D 1 - 2 ; D 1 - 2  END                        0.0235    0.02349
  84.   239   D 1 - 4 ; D 1 - 3 ; S 1 - 2 D 3 ; D 1 - 2  END                            0.0235   -0.02349
  85. 16702   D 1 S 2 - 3 D 4 ; D 1 - 3 ; D 1 - 2 S 4 - 5 ; D 1 - 2  END                0.0231   -0.00364 -0.02282
  86.  1939   D 1 - 3 S 4 - 5 ; D 1 - 2 S 3 - 4 ; D 1 - 2 ; D 1 - 2  END                0.0231   -0.00271 -0.02293
  87.  1251   D 1 - 4 ; D 1 - 3 ; D 1 S 2 - 3 ; D 1 S 2 - 3  END                        0.0231    0.00271  0.02293
  88. 28112   D 1 - 4 ; S 1 D 2 S 3 ; D 1 - 2 ; D 1 - 2 S 3 S 5  END                    0.0229    0.00342  0.02269
  89.   143   D 1 - 3 S 4 ; D 1 - 3 S 5 ; D 1 S 2 D 3 ; D 1 S 2  END                    0.0229    0.00719  0.02178
  90.   116   D 1 - 3 S 5 ; D 1 - 3 S 4 ; D 1 - 2 S 3 ; S 1 D 2  END                    0.0229    0.00719  0.02178
  91.    19   D 1 - 3 S 6 ; D 1 - 3 S 4 ; S 1 D 2 - 3 ; D 1 S 2  END                    0.0229   -0.01357  0.01850
  92.  1943   D 1 - 3 S 4 ; D 1 - 2 S 3 ; D 1 - 2 S 4 ; D 1 - 2 S 3  END                0.0228    0.00677  0.02179
  93.  3539   D 1 - 2 S 3 D 4 ; D 1 - 2 S 3 ; D 1 - 2 S 3 ; D 1 - 2 S 3  END            0.0228   -0.00677 -0.02179
  94. 10566   D 1 - 4 S 5 ; D 1 S 2 D 3 ; D 1 S 2 ; D 1 - 2 S 4  END                    0.0227   -0.01382  0.01807
  95.    59   D 1 - 3 ; D 1 - 3 S 4 - 5 ; D 1 - 3 ; D 1  END                            0.0226    0.02263
  96.    75   D 1 - 3 ; D 1 - 4 ; D 1 - 3 ; S 1 - 2  END                                0.0226    0.02263
  97.   200   D 1 - 3 S 4 ; D 1 - 3 S 4 ; S 1 D 2 - 3 ; D 1 S 2  END                    0.0225    0.00668  0.02153
  98.   107   D 1 - 3 S 6 ; D 1 - 3 S 4 ; D 1 - 2 S 3 ; D 1 S 2  END                    0.0225   -0.00668 -0.02152
  99. 27995   D 1 - 4 ; S 1 D 2 - 3 S 5 ; D 1 - 2 ; S 1 D 2 S 5  END                    0.0223    0.01703  0.01442
 100.  9430   D 1 - 4 S 6 ; D 1 - 2 S 3 ; S 1 D 2 ; D 1 - 2 S 3  END                    0.0222   -0.01198  0.01868




 POSITION OF FIRST SPIN COUPLING FOR TEN MOST IMPORTANT CONFIGURATIONS
       2      3      1     26     27      5     11      7     62     49



 ********************************
 RESULTS FOR ROOT   03
 TOTAL CI ENERGY =   -340.1348431
 ********************************

       CONF.                                                                           COEFF.
        NO.        SPACE ORBITAL PRODUCTS                                             CONTRIB.      CI COEFFICIENTS

       -----       ----------------------                                             --------   ---------------------
   1.    43   D 1 - 2 S 3 - 4 ; D 1 - 3 ; D 1 - 3 ; D 1 - 2  END                        0.3589   -0.35895
   2.    30   D 1 - 3 ; D 1 - 3 ; D 1 - 2 S 3 - 4 ; D 1 - 2  END                        0.3589   -0.35895
   3.     3   D 1 - 3 S 4 ; D 1 - 3 S 4 ; D 1 - 2 S 3 ; D 1 S 2  END                    0.2710   -0.25123 -0.10170
   4.    15   D 1 - 4 ; D 1 - 3 ; D 1 - 3 ; D 1  END                                    0.2561    0.25612
   5.    16   D 1 - 3 ; D 1 - 4 ; D 1 - 2 ; D 1 - 2  END                                0.2561    0.25612
   6.   165   D 1 - 4 ; D 1 - 3 ; D 1 S 2 - 3 ; D 1 - 2  END                            0.1976   -0.19760
   7.   126   D 1 - 3 S 4 - 5 ; D 1 - 3 ; D 1 - 2 ; D 1 - 2  END                        0.1976   -0.19760
   8.     6   D 1 - 3 S 4 ; D 1 - 2 S 3 ; D 1 - 2 S 3 ; D 1 - 2 S 3  END                0.1743    0.09928 -0.14321
   9.     2   D 1 - 4 ; D 1 - 3 ; D 1 - 2 ; D 1 - 2  END                                0.1565    0.15649
  10.    11   D 1 - 3 ; D 1 - 4 ; D 1 - 3 ; D 1  END                                    0.1453   -0.14532
  11.     8   D 1 - 2 S 3 - 4 ; D 1 - 3 ; D 1 - 2 S 3 - 4 ; D 1 - 2  END                0.1426    0.11206  0.08815
  12.    39   D 1 - 3 ; D 1 - 2 S 3 - 4 ; D 1 - 3 ; D 1 - 2  END                        0.1257   -0.12574
  13.    26   D 1 - 3 ; D 1 - 3 ; D 1 - 3 ; D 1 S 2 - 3  END                            0.1257    0.12573
  14.    54   D 1 - 3 S 4 - 5 ; D 1 - 3 ; D 1 - 3 ; D 1  END                            0.0807    0.08067
  15.   170   D 1 - 3 ; D 1 - 4 ; D 1 S 2 - 3 ; D 1 - 2  END                            0.0807    0.08067
  16.   104   D 1 - 3 S 4 ; D 1 - 3 S 5 ; D 1 - 2 S 3 ; D 1 S 2  END                    0.0802   -0.01273  0.07919
  17.   115   D 1 - 3 S 4 ; D 1 - 3 S 4 ; D 1 - 2 S 3 ; S 1 D 2  END                    0.0802    0.01273 -0.07919
  18.    31   D 1 - 3 ; D 1 - 3 ; D 1 - 2 S 3 S 5 ; D 1 - 2  END                        0.0684    0.06841
  19.    46   D 1 S 2 D 3 S 4 ; D 1 - 3 ; D 1 - 3 ; D 1 - 2  END                        0.0684   -0.06841
  20.    27   D 1 - 3 ; D 1 - 3 ; D 1 - 3 ; D 1 S 2 S 4  END                            0.0657   -0.06572
  21.    41   D 1 - 3 ; D 1 S 2 D 3 S 4 ; D 1 - 3 ; D 1 - 2  END                        0.0657    0.06572
  22.   142   D 1 - 3 S 4 ; D 1 - 3 S 4 ; D 1 S 2 D 3 ; D 1 S 2  END                    0.0635   -0.06180 -0.01455
  23.   105   D 1 - 3 S 5 ; D 1 - 3 S 4 ; D 1 - 2 S 3 ; D 1 S 2  END                    0.0635    0.06180  0.01455
  24.    17   D 1 - 2 S 3 ; D 1 - 3 S 4 ; D 1 - 3 S 4 ; D 1 S 2  END                    0.0612   -0.04710  0.03911
  25.   224   D 1 - 3 S 4 - 5 ; D 1 - 3 ; S 1 D 2 S 3 ; D 1 - 2  END                    0.0604    0.03387  0.05004
  26.   166   D 1 - 3 S 4 S 6 ; D 1 - 3 ; D 1 S 2 - 3 ; D 1 - 2  END                    0.0604    0.03387  0.05004
  27.     1   D 1 - 3 ; D 1 - 3 ; D 1 - 3 ; D 1 - 2  END                                0.0591    0.05912
  28.    13   D 1 - 3 ; D 1 - 2 S 3 - 4 ; D 1 - 3 ; D 1 S 2 - 3  END                    0.0589   -0.02478 -0.05343
  29.    23   D 1 - 3 S 4 S 6 ; D 1 - 3 ; D 1 - 3 ; S 1 - 2  END                        0.0495    0.02473  0.04287
  30.    22   D 1 - 3 ; D 1 - 3 S 4 - 5 ; S 1 D 2 S 3 ; D 1 - 2  END                    0.0495    0.02473  0.04287
  31.   531   D 1 - 2 D 4 ; D 1 - 3 ; D 1 - 3 ; D 1 - 2  END                            0.0477   -0.04767
  32.   133   D 1 - 3 ; D 1 - 3 ; D 1 - 2 D 4 ; D 1 - 2  END                            0.0477   -0.04767
  33.    14   D 1 - 3 S 4 ; D 1 S 2 D 3 ; D 1 - 2 S 3 ; D 1 - 2 S 4  END                0.0475    0.03561 -0.03143
  34.  1116   D 1 - 4 ; D 1 - 3 ; D 1 - 2 ; D 1 S 2 - 3  END                            0.0460   -0.04604
  35.  1937   D 1 - 4 ; D 1 - 2 S 3 - 4 ; D 1 - 2 ; D 1 - 2  END                        0.0460    0.04604
  36.   377   D 1 - 3 S 4 ; D 1 S 2 D 3 ; D 1 - 2 S 3 ; D 1 - 2 S 3  END                0.0425   -0.02908  0.03098
  37.   300   D 1 - 3 S 4 ; D 1 - 2 S 3 ; D 1 - 2 S 3 ; D 1 - 2 S 4  END                0.0425   -0.02908  0.03098
  38.   201   D 1 - 3 S 4 ; D 1 - 3 S 5 ; S 1 D 2 - 3 ; D 1 S 2  END                    0.0393    0.02125  0.03300
  39.   118   D 1 - 3 S 6 ; D 1 - 3 S 4 ; D 1 - 2 S 3 ; S 1 D 2  END                    0.0393    0.02125  0.03300
  40.     9   D 1 - 3 S 5 ; D 1 - 3 S 4 ; D 1 S 2 D 3 ; D 1 S 2  END                    0.0377    0.02444 -0.02872
  41.    10   D 1 - 3 ; D 1 - 3 S 4 - 5 ; D 1 - 3 ; S 1 - 2  END                        0.0377   -0.01670 -0.03379
  42.    70   D 1 - 4 ; D 1 - 3 ; D 1 - 3 ; S 1 - 2  END                                0.0370    0.03701
  43.   131   D 1 - 3 ; D 1 - 3 S 4 - 5 ; D 1 - 2 ; D 1 - 2  END                        0.0370    0.03701
  44.   223   D 1 - 4 ; D 1 - 3 ; S 1 D 2 S 3 ; D 1 - 2  END                            0.0356   -0.03560
  45.   127   D 1 - 3 S 4 S 6 ; D 1 - 3 ; D 1 - 2 ; D 1 - 2  END                        0.0356   -0.03560
  46.   519   D 1 - 2 S 3 - 4 ; D 1 S 2 D 3 S 4 ; D 1 - 3 ; D 1 - 2  END                0.0354    0.03222  0.01470
  47.   110   D 1 - 3 ; D 1 - 3 ; D 1 - 2 S 3 - 4 ; D 1 S 2 S 4  END                    0.0354   -0.03222 -0.01470
  48.     7   D 1 - 3 S 4 ; D 1 - 3 S 5 ; D 1 - 2 S 3 ; S 1 D 2  END                    0.0354    0.01141 -0.03346
  49.  7051   D 1 - 4 ; D 1 - 4 ; D 1 - 2 ; D 1  END                                    0.0352   -0.03523
  50.    55   D 1 - 3 S 4 S 6 ; D 1 - 3 ; D 1 - 3 ; D 1  END                            0.0344    0.03436
  51.   228   D 1 - 3 ; D 1 - 4 ; S 1 D 2 S 3 ; D 1 - 2  END                            0.0344    0.03436
  52.     4   D 1 - 3 S 4 - 5 ; D 1 - 3 ; D 1 S 2 - 3 ; D 1 - 2  END                    0.0341   -0.01946 -0.02803
  53.   143   D 1 - 3 S 4 ; D 1 - 3 S 5 ; D 1 S 2 D 3 ; D 1 S 2  END                    0.0338   -0.01151 -0.03173
  54.   116   D 1 - 3 S 5 ; D 1 - 3 S 4 ; D 1 - 2 S 3 ; S 1 D 2  END                    0.0338   -0.01151 -0.03173
  55.    18   D 1 - 3 ; D 1 S 2 D 3 S 4 ; D 1 - 3 ; D 1 S 2 S 4  END                    0.0337   -0.02296 -0.02464
  56. 23946   D 1 - 3 ; D 1 - 3 ; D 1 - 3 ; D 1 S 2 S 5  END                            0.0307   -0.03067
  57.    52   D 1 - 3 ; S 1 D 2 - 3 S 4 ; D 1 - 3 ; D 1 - 2  END                        0.0307    0.03067
  58.   696   S 1 D 2 - 3 S 4 ; D 1 - 3 ; D 1 - 2 S 3 S 5 ; D 1 - 2  END                0.0289   -0.01418 -0.02521
  59.   574   D 1 S 2 D 3 S 4 ; D 1 - 3 ; D 1 - 2 S 3 S 6 ; D 1 - 2  END                0.0289   -0.01418 -0.02521
  60.     5   D 1 - 3 S 4 S 6 ; D 1 - 3 ; S 1 D 2 S 3 ; D 1 - 2  END                    0.0285    0.02574  0.01231
  61.  3139   D 1 - 2 S 3 D 4 ; D 1 - 3 S 4 ; D 1 - 2 S 3 ; D 1 S 2  END                0.0283    0.00443 -0.02794
  62.  1122   D 1 - 3 S 4 ; D 1 - 3 S 4 ; D 1 - 2 S 4 ; D 1 S 2  END                    0.0283   -0.00443  0.02794
  63.   573   D 1 S 2 D 3 S 4 ; D 1 - 3 ; D 1 - 2 S 3 - 4 ; D 1 - 2  END                0.0282   -0.00668 -0.02738
  64.   470   D 1 - 2 S 3 - 4 ; D 1 - 3 ; D 1 - 2 S 3 S 5 ; D 1 - 2  END                0.0282    0.00668  0.02738
  65.  7431   D 1 - 4 S 5 ; D 1 - 3 S 4 ; D 1 S 2 ; D 1 S 2  END                        0.0271   -0.01421 -0.02308
  66.   335   D 1 - 4 ; D 1 - 2 ; D 1 - 3 ; D 1 - 2  END                                0.0265   -0.02652
  67.   139   D 1 - 3 ; D 1 - 3 ; D 1 - 2 ; D 1 - 3  END                                0.0265   -0.02652
  68.    25   D 1 S 2 D 3 S 4 ; D 1 - 3 ; D 1 - 2 S 3 S 5 ; D 1 - 2  END                0.0265   -0.02159 -0.01533
  69.   508   D 1 - 2 S 3 - 4 ; D 1 - 2 S 3 - 4 ; D 1 - 3 ; D 1 - 2  END                0.0259   -0.01161 -0.02315
  70.   109   D 1 - 3 ; D 1 - 3 ; D 1 - 2 S 3 - 4 ; D 1 S 2 - 3  END                    0.0259    0.01161  0.02315
  71.   838   D 1 - 3 S 4 ; S 1 D 2 - 3 ; D 1 - 2 S 3 ; D 1 - 2 S 4  END                0.0258   -0.01087  0.02340
  72. 24003   D 1 - 3 S 4 ; D 1 S 2 D 3 ; D 1 - 2 S 3 ; D 1 - 2 S 5  END                0.0258   -0.01087  0.02340
  73.   200   D 1 - 3 S 4 ; D 1 - 3 S 4 ; S 1 D 2 - 3 ; D 1 S 2  END                    0.0257   -0.02386 -0.00960
  74.   107   D 1 - 3 S 6 ; D 1 - 3 S 4 ; D 1 - 2 S 3 ; D 1 S 2  END                    0.0257    0.02386  0.00960
  75.   636   D 1 S 2 - 5 ; D 1 - 3 ; D 1 - 3 ; D 1 - 2  END                            0.0254    0.00415  0.02509
  76.   174   D 1 - 3 ; D 1 - 3 ; D 1 S 2 - 5 ; D 1 - 2  END                            0.0254    0.00415  0.02509
  77.    71   D 1 - 3 S 4 - 5 ; D 1 - 3 ; D 1 - 3 ; S 1 - 2  END                        0.0235   -0.01826 -0.01487
  78.   171   D 1 - 3 ; D 1 - 3 S 4 - 5 ; D 1 S 2 - 3 ; D 1 - 2  END                    0.0235   -0.01826 -0.01487
  79.   448   D 1 - 2 S 3 - 4 ; D 1 - 3 ; D 1 - 3 ; D 1 S 2 S 4  END                    0.0231    0.01879 -0.01339
  80.   382   D 1 - 3 ; D 1 S 2 D 3 S 4 ; D 1 - 2 S 3 - 4 ; D 1 - 2  END                0.0231   -0.01879  0.01339
  81.   483   D 1 - 2 S 3 - 4 ; D 1 - 3 ; D 1 S 2 D 3 S 5 ; D 1 - 2  END                0.0227    0.02171  0.00657
  82.   575   D 1 S 2 D 3 S 5 ; D 1 - 3 ; D 1 - 2 S 3 - 4 ; D 1 - 2  END                0.0227    0.02171  0.00657
  83.   910   D 1 - 2 S 3 - 4 ; S 1 D 2 - 3 S 5 ; D 1 - 3 ; D 1 - 2  END                0.0222   -0.02083 -0.00776
  84. 23957   D 1 - 3 ; D 1 - 3 ; D 1 - 2 S 3 - 4 ; S 1 D 2 S 5  END                    0.0222   -0.02083 -0.00776
  85.  1135   D 1 - 3 ; D 1 - 4 ; D 1 - 2 ; D 1 S 2 S 4  END                            0.0221    0.02215
  86.  2320   D 1 - 4 ; D 1 S 2 D 3 S 4 ; D 1 - 3 ; D 1  END                            0.0221   -0.02215
  87. 13282   D 1 - 2 S 3 - 4 ; D 1 - 2 S 3 - 4 ; D 1 - 2 S 3 - 4 ; D 1 S 2 - 3  END    0.0220   -0.00436 -0.00045  0.00310 -0.00356
                                                                                                  0.00278  0.01057  0.00748  0.00080
                                                                                                  0.00640 -0.00665  0.01006  0.00045
                                                                                                  0.00640 -0.00624
  88. 24086   D 1 - 3 S 4 ; S 1 D 2 - 3 ; D 1 - 2 S 3 ; D 1 - 2 S 5  END                0.0219    0.01691 -0.01397
  89.  3718   D 1 - 2 S 3 - 4 ; D 1 S 2 D 3 S 4 ; D 1 - 2 S 3 - 4 ; D 1 - 2  END        0.0219    0.00206 -0.00519  0.01074 -0.01812
                                                                                                  0.00250
  90.  3146   D 1 - 2 S 3 - 4 ; D 1 - 3 ; D 1 - 2 S 3 - 4 ; D 1 S 2 S 4  END            0.0219   -0.01053  0.00372  0.01812 -0.00468
                                                                                                 -0.00250
  91.  3083   D 1 - 2 S 3 - 4 ; D 1 - 3 S 4 - 5 ; D 1 - 3 ; S 1 - 2  END                0.0219    0.00031  0.00264  0.00282  0.00061
                                                                                                  0.02158
  92.  1084   D 1 - 3 ; D 1 - 3 S 4 - 5 ; D 1 - 2 S 3 - 4 ; S 1 - 2  END                0.0219    0.00095 -0.00354  0.00061 -0.00127
                                                                                                  0.02158
  93. 24019   D 1 - 2 S 3 - 4 ; D 1 - 3 ; D 1 - 3 ; S 1 D 2 S 5  END                    0.0217    0.02062  0.00679
  94.   846   D 1 - 3 ; S 1 D 2 - 3 S 5 ; D 1 - 2 S 3 - 4 ; D 1 - 2  END                0.0217    0.02062  0.00679
  95.  3476   D 1 - 2 S 3 - 4 ; D 1 - 2 S 3 - 4 ; D 1 - 3 ; D 1 S 2 - 3  END            0.0217    0.00266  0.00328  0.00877 -0.00967
                                                                                                  0.01680
  96.  1892   D 1 - 3 ; D 1 - 2 S 3 - 4 ; D 1 - 2 S 3 - 4 ; D 1 S 2 - 3  END            0.0217    0.00473 -0.00851 -0.00967  0.00028
                                                                                                  0.01680
  97.   361   D 1 - 3 ; D 1 S 2 D 3 S 4 ; D 1 - 3 ; D 1 S 2 - 3  END                    0.0216    0.01897  0.01031
  98.   284   D 1 - 3 ; D 1 - 2 S 3 - 4 ; D 1 - 3 ; D 1 S 2 S 4  END                    0.0216    0.01897  0.01031
  99.    12   D 1 - 2 S 3 ; D 1 - 2 S 3 ; D 1 - 3 S 4 ; D 1 - 2 S 3  END                0.0215    0.01449  0.01585
 100.  7048   D 1 - 5 ; D 1 - 3 ; D 1 - 2 ; D 1  END                                    0.0211   -0.02107




 POSITION OF FIRST SPIN COUPLING FOR TEN MOST IMPORTANT CONFIGURATIONS
      62     49      3     26     27    235    173      9      2     19



 ********************************
 RESULTS FOR ROOT   04
 TOTAL CI ENERGY =   -339.7129308
 ********************************

       CONF.                                                                           COEFF.
        NO.        SPACE ORBITAL PRODUCTS                                             CONTRIB.      CI COEFFICIENTS

       -----       ----------------------                                             --------   ---------------------
   1.     3   D 1 - 3 S 4 ; D 1 - 3 S 4 ; D 1 - 2 S 3 ; D 1 S 2  END                    0.4968    0.00777  0.49677
   2.    16   D 1 - 3 ; D 1 - 4 ; D 1 - 2 ; D 1 - 2  END                                0.2657   -0.26566
   3.    15   D 1 - 4 ; D 1 - 3 ; D 1 - 3 ; D 1  END                                    0.2657   -0.26565
   4.   165   D 1 - 4 ; D 1 - 3 ; D 1 S 2 - 3 ; D 1 - 2  END                            0.2504   -0.25038
   5.   126   D 1 - 3 S 4 - 5 ; D 1 - 3 ; D 1 - 2 ; D 1 - 2  END                        0.2504   -0.25038
   6.     4   D 1 - 3 S 4 - 5 ; D 1 - 3 ; D 1 S 2 - 3 ; D 1 - 2  END                    0.1573   -0.14105 -0.06972
   7.     1   D 1 - 3 ; D 1 - 3 ; D 1 - 3 ; D 1 - 2  END                                0.1536   -0.15364
   8.   115   D 1 - 3 S 4 ; D 1 - 3 S 4 ; D 1 - 2 S 3 ; S 1 D 2  END                    0.1364    0.10272 -0.08972
   9.   104   D 1 - 3 S 4 ; D 1 - 3 S 5 ; D 1 - 2 S 3 ; D 1 S 2  END                    0.1364   -0.10272  0.08972
  10.    31   D 1 - 3 ; D 1 - 3 ; D 1 - 2 S 3 S 5 ; D 1 - 2  END                        0.1082    0.10824
  11.    46   D 1 S 2 D 3 S 4 ; D 1 - 3 ; D 1 - 3 ; D 1 - 2  END                        0.1082   -0.10824
  12.  7051   D 1 - 4 ; D 1 - 4 ; D 1 - 2 ; D 1  END                                    0.0949    0.09493
  13.    41   D 1 - 3 ; D 1 S 2 D 3 S 4 ; D 1 - 3 ; D 1 - 2  END                        0.0914   -0.09139
  14.    27   D 1 - 3 ; D 1 - 3 ; D 1 - 3 ; D 1 S 2 S 4  END                            0.0914    0.09139
  15.     7   D 1 - 3 S 4 ; D 1 - 3 S 5 ; D 1 - 2 S 3 ; S 1 D 2  END                    0.0900    0.06440 -0.06283
  16.     6   D 1 - 3 S 4 ; D 1 - 2 S 3 ; D 1 - 2 S 3 ; D 1 - 2 S 3  END                0.0876    0.05770 -0.06588
  17.   224   D 1 - 3 S 4 - 5 ; D 1 - 3 ; S 1 D 2 S 3 ; D 1 - 2  END                    0.0783    0.04329  0.06521
  18.   166   D 1 - 3 S 4 S 6 ; D 1 - 3 ; D 1 S 2 - 3 ; D 1 - 2  END                    0.0783    0.04329  0.06521
  19.   128   D 1 - 3 D 5 ; D 1 - 3 ; D 1 - 2 ; D 1 - 2  END                            0.0726    0.07263
  20.   182   D 1 - 4 ; D 1 - 3 ; D 1 D 3 ; D 1 - 2  END                                0.0726    0.07263
  21.     9   D 1 - 3 S 5 ; D 1 - 3 S 4 ; D 1 S 2 D 3 ; D 1 S 2  END                    0.0717    0.04907 -0.05227
  22.   131   D 1 - 3 ; D 1 - 3 S 4 - 5 ; D 1 - 2 ; D 1 - 2  END                        0.0696   -0.06964
  23.    70   D 1 - 4 ; D 1 - 3 ; D 1 - 3 ; S 1 - 2  END                                0.0696   -0.06963
  24.     8   D 1 - 2 S 3 - 4 ; D 1 - 3 ; D 1 - 2 S 3 - 4 ; D 1 - 2  END                0.0652    0.04171  0.05015
  25.    43   D 1 - 2 S 3 - 4 ; D 1 - 3 ; D 1 - 3 ; D 1 - 2  END                        0.0640   -0.06399
  26.    30   D 1 - 3 ; D 1 - 3 ; D 1 - 2 S 3 - 4 ; D 1 - 2  END                        0.0640   -0.06399
  27.   106   D 1 - 3 S 5 ; D 1 - 3 S 5 ; D 1 - 2 S 3 ; D 1 S 2  END                    0.0635   -0.00865  0.06288
  28.   153   D 1 - 3 S 4 ; D 1 - 3 S 4 ; D 1 S 2 D 3 ; S 1 D 2  END                    0.0635   -0.00865  0.06288
  29.    32   D 1 - 3 ; D 1 - 3 ; D 1 - 2 S 3 S 6 ; D 1 - 2  END                        0.0593   -0.05930
  30.    49   S 1 D 2 - 3 S 4 ; D 1 - 3 ; D 1 - 3 ; D 1 - 2  END                        0.0593    0.05930
  31.    11   D 1 - 3 ; D 1 - 4 ; D 1 - 3 ; D 1  END                                    0.0575   -0.05748
  32.    14   D 1 - 3 S 4 ; D 1 S 2 D 3 ; D 1 - 2 S 3 ; D 1 - 2 S 4  END                0.0555    0.01360 -0.05385
  33.    33   D 1 - 3 ; D 1 - 3 ; D 1 S 2 D 3 S 4 ; D 1 - 2  END                        0.0538    0.05382
  34.    44   D 1 - 2 S 3 S 5 ; D 1 - 3 ; D 1 - 3 ; D 1 - 2  END                        0.0538   -0.05382
  35.    40   D 1 - 3 ; D 1 - 2 S 3 S 5 ; D 1 - 3 ; D 1 - 2  END                        0.0492    0.04922
  36.    28   D 1 - 3 ; D 1 - 3 ; D 1 - 3 ; S 1 D 2 S 3  END                            0.0492    0.04922
  37.    22   D 1 - 3 ; D 1 - 3 S 4 - 5 ; S 1 D 2 S 3 ; D 1 - 2  END                    0.0487   -0.04024 -0.02737
  38.    23   D 1 - 3 S 4 S 6 ; D 1 - 3 ; D 1 - 3 ; S 1 - 2  END                        0.0487   -0.04024 -0.02737
  39.   127   D 1 - 3 S 4 S 6 ; D 1 - 3 ; D 1 - 2 ; D 1 - 2  END                        0.0475    0.04752
  40.   223   D 1 - 4 ; D 1 - 3 ; S 1 D 2 S 3 ; D 1 - 2  END                            0.0475    0.04752
  41.    39   D 1 - 3 ; D 1 - 2 S 3 - 4 ; D 1 - 3 ; D 1 - 2  END                        0.0452   -0.04525
  42.    26   D 1 - 3 ; D 1 - 3 ; D 1 - 3 ; D 1 S 2 - 3  END                            0.0452    0.04525
  43.   170   D 1 - 3 ; D 1 - 4 ; D 1 S 2 - 3 ; D 1 - 2  END                            0.0421   -0.04207
  44.    54   D 1 - 3 S 4 - 5 ; D 1 - 3 ; D 1 - 3 ; D 1  END                            0.0421   -0.04207
  45.    10   D 1 - 3 ; D 1 - 3 S 4 - 5 ; D 1 - 3 ; S 1 - 2  END                        0.0413   -0.04127  0.00125
  46.   116   D 1 - 3 S 5 ; D 1 - 3 S 4 ; D 1 - 2 S 3 ; S 1 D 2  END                    0.0405    0.04015 -0.00553
  47.   143   D 1 - 3 S 4 ; D 1 - 3 S 5 ; D 1 S 2 D 3 ; D 1 S 2  END                    0.0405    0.04015 -0.00553
  48.  7063   D 1 - 3 S 4 - 5 ; D 1 - 4 ; D 1 - 2 ; D 1  END                            0.0401    0.04006
  49.  7285   D 1 - 4 ; D 1 - 4 ; D 1 S 2 - 3 ; D 1  END                                0.0401    0.04006
  50.   118   D 1 - 3 S 6 ; D 1 - 3 S 4 ; D 1 - 2 S 3 ; S 1 D 2  END                    0.0398   -0.03471 -0.01954
  51.   201   D 1 - 3 S 4 ; D 1 - 3 S 5 ; S 1 D 2 - 3 ; D 1 S 2  END                    0.0398   -0.03471 -0.01954
  52.   573   D 1 S 2 D 3 S 4 ; D 1 - 3 ; D 1 - 2 S 3 - 4 ; D 1 - 2  END                0.0387   -0.00252 -0.03862
  53.   470   D 1 - 2 S 3 - 4 ; D 1 - 3 ; D 1 - 2 S 3 S 5 ; D 1 - 2  END                0.0387    0.00252  0.03862
  54.    25   D 1 S 2 D 3 S 4 ; D 1 - 3 ; D 1 - 2 S 3 S 5 ; D 1 - 2  END                0.0363   -0.02002 -0.03031
  55.  7299   D 1 - 3 S 4 - 5 ; D 1 - 4 ; D 1 S 2 - 3 ; D 1  END                        0.0359    0.01599  0.03215
  56.   108   D 1 - 3 S 6 ; D 1 - 3 S 5 ; D 1 - 2 S 3 ; D 1 S 2  END                    0.0353    0.00271 -0.03520
  57.   211   D 1 - 3 S 4 ; D 1 - 3 S 4 ; S 1 D 2 - 3 ; S 1 D 2  END                    0.0353    0.00271 -0.03520
  58.    19   D 1 - 3 S 6 ; D 1 - 3 S 4 ; S 1 D 2 - 3 ; D 1 S 2  END                    0.0349    0.03076 -0.01640
  59.   171   D 1 - 3 ; D 1 - 3 S 4 - 5 ; D 1 S 2 - 3 ; D 1 - 2  END                    0.0328    0.03031  0.01243
  60.    71   D 1 - 3 S 4 - 5 ; D 1 - 3 ; D 1 - 3 ; S 1 - 2  END                        0.0328    0.03031  0.01243
  61.   105   D 1 - 3 S 5 ; D 1 - 3 S 4 ; D 1 - 2 S 3 ; D 1 S 2  END                    0.0320   -0.03196 -0.00142
  62.   142   D 1 - 3 S 4 ; D 1 - 3 S 4 ; D 1 S 2 D 3 ; D 1 S 2  END                    0.0320    0.03196  0.00142
  63.    92   D 1 - 3 ; D 1 - 4 ; D 1 - 3 ; D 2  END                                    0.0308    0.03085
  64.    60   D 1 - 3 ; D 1 - 3 D 5 ; D 1 - 3 ; D 1  END                                0.0308    0.03085
  65. 13282   D 1 - 2 S 3 - 4 ; D 1 - 2 S 3 - 4 ; D 1 - 2 S 3 - 4 ; D 1 S 2 - 3  END    0.0304   -0.00206  0.00044  0.00178 -0.00239
                                                                                                  0.00231  0.00000  0.00092 -0.02381
                                                                                                 -0.00964 -0.00383  0.00129 -0.00164
                                                                                                 -0.00964 -0.01152
  66.   107   D 1 - 3 S 6 ; D 1 - 3 S 4 ; D 1 - 2 S 3 ; D 1 S 2  END                    0.0301   -0.02863  0.00926
  67.   200   D 1 - 3 S 4 ; D 1 - 3 S 4 ; S 1 D 2 - 3 ; D 1 S 2  END                    0.0301    0.02863 -0.00926
  68.   184   D 1 - 3 S 4 S 6 ; D 1 - 3 ; D 1 D 3 ; D 1 - 2  END                        0.0278   -0.02781
  69.   225   D 1 - 3 D 5 ; D 1 - 3 ; S 1 D 2 S 3 ; D 1 - 2  END                        0.0278   -0.02781
  70.  7605   D 1 - 3 S 4 D 5 ; D 1 - 3 S 4 ; D 1 S 3 ; D 1 S 2  END                    0.0278    0.00641 -0.02704
  71. 24086   D 1 - 3 S 4 ; S 1 D 2 - 3 ; D 1 - 2 S 3 ; D 1 - 2 S 5  END                0.0276    0.01090 -0.02536
  72. 24003   D 1 - 3 S 4 ; D 1 S 2 D 3 ; D 1 - 2 S 3 ; D 1 - 2 S 5  END                0.0273   -0.01378  0.02362
  73.   838   D 1 - 3 S 4 ; S 1 D 2 - 3 ; D 1 - 2 S 3 ; D 1 - 2 S 4  END                0.0273   -0.01378  0.02362
  74.  6966   D 1 - 3 S 4 ; D 1 - 4 S 5 ; D 1 - 2 S 3 ; S 1  END                        0.0270   -0.00801  0.02578
  75.   185   D 1 - 3 D 5 ; D 1 - 3 ; D 1 D 3 ; D 1 - 2  END                            0.0268   -0.02676
  76.  9091   D 1 - 3 S 4 - 5 ; D 1 - 2 S 3 - 4 ; D 1 S 2 - 3 ; D 1 S 2 - 3  END        0.0262    0.00221 -0.00238 -0.00049  0.00229
                                                                                                 -0.00528 -0.00366 -0.00412  0.01890
                                                                                                 -0.00537  0.00985 -0.00359 -0.00008
                                                                                                 -0.00537  0.00920
  77.  7349   D 1 - 3 S 4 - 5 ; D 1 - 3 S 4 - 5 ; D 1 S 2 - 3 ; S 1 - 2  END            0.0260    0.00189  0.00367  0.00095  0.00183
                                                                                                 -0.00162  0.00076 -0.00442  0.01393
                                                                                                  0.00445  0.01126 -0.00793  0.00302
                                                                                                  0.00445  0.01407
  78.   240   D 1 - 3 S 4 - 5 ; D 1 - 3 ; S 1 - 2 D 3 ; D 1 - 2  END                    0.0259   -0.01208 -0.02294
  79.   168   D 1 - 3 S 5 - 6 ; D 1 - 3 ; D 1 S 2 - 3 ; D 1 - 2  END                    0.0259    0.01208  0.02294
  80.   382   D 1 - 3 ; D 1 S 2 D 3 S 4 ; D 1 - 2 S 3 - 4 ; D 1 - 2  END                0.0258   -0.00402 -0.02550
  81.   448   D 1 - 2 S 3 - 4 ; D 1 - 3 ; D 1 - 3 ; D 1 S 2 S 4  END                    0.0258    0.00402  0.02550
  82.  7956   D 1 - 4 S 6 ; D 1 - 3 S 4 ; S 1 D 2 ; D 1 S 2  END                        0.0255   -0.00554  0.02488
  83.  7090   D 1 - 4 ; D 1 - 3 S 4 - 5 ; D 1 - 2 ; S 1 - 2  END                        0.0255    0.01305  0.02187
  84.   172   D 1 - 3 ; D 1 - 3 D 5 ; D 1 S 2 - 3 ; D 1 - 2  END                        0.0253    0.02527
  85.    87   D 1 - 3 S 4 - 5 ; D 1 - 3 ; D 1 - 3 ; D 2  END                            0.0253    0.02527
  86. 11194   D 1 - 3 S 4 ; D 1 S 2 - 4 ; D 1 - 2 S 3 ; D 1 S 2 - 4  END                0.0252   -0.00212  0.00088  0.00193  0.00217
                                                                                                 -0.00315 -0.00012  0.00151  0.00231
                                                                                                  0.00473 -0.00100 -0.00051 -0.00001
                                                                                                  0.02064 -0.01234
  87.   696   S 1 D 2 - 3 S 4 ; D 1 - 3 ; D 1 - 2 S 3 S 5 ; D 1 - 2  END                0.0251   -0.01040 -0.02285
  88.   574   D 1 S 2 D 3 S 4 ; D 1 - 3 ; D 1 - 2 S 3 S 6 ; D 1 - 2  END                0.0251   -0.01040 -0.02285
  89.   228   D 1 - 3 ; D 1 - 4 ; S 1 D 2 S 3 ; D 1 - 2  END                            0.0250   -0.02504
  90.    55   D 1 - 3 S 4 S 6 ; D 1 - 3 ; D 1 - 3 ; D 1  END                            0.0250   -0.02504
  91.  7975   D 1 - 3 S 4 ; D 1 - 4 S 5 ; S 1 D 2 ; D 1 S 2  END                        0.0250    0.00397  0.02465
  92.  6946   D 1 - 4 S 6 ; D 1 - 3 S 4 ; D 1 - 2 S 3 ; S 1  END                        0.0250    0.00397  0.02465
  93.    75   D 1 - 3 ; D 1 - 4 ; D 1 - 3 ; S 1 - 2  END                                0.0249    0.02493
  94.    59   D 1 - 3 ; D 1 - 3 S 4 - 5 ; D 1 - 3 ; D 1  END                            0.0249    0.02493
  95.  7106   D 1 - 3 S 4 S 6 ; D 1 - 4 ; D 1 - 2 ; S 1 - 2  END                        0.0243    0.00401  0.02395
  96.  7796   D 1 - 4 ; D 1 - 3 S 4 - 5 ; S 1 D 2 S 3 ; D 1  END                        0.0243    0.00401  0.02395
  97.   479   D 1 - 2 S 3 ; D 1 - 3 S 4 ; D 1 - 2 S 3 ; D 1 - 2 S 4  END                0.0238    0.00278  0.02366
  98.   352   D 1 - 3 S 4 ; D 1 S 2 D 3 ; D 1 - 3 S 4 ; D 1 S 2  END                    0.0238   -0.00278 -0.02365
  99. 12601   D 1 - 2 S 3 - 5 ; D 1 - 3 S 4 ; D 1 S 2 - 4 ; D 1 S 2  END                0.0238    0.00334 -0.00211  0.00243 -0.00106
                                                                                                 -0.00619 -0.00254  0.00593 -0.01112
                                                                                                 -0.01121 -0.00941 -0.00168 -0.00219
                                                                                                 -0.01071  0.00154
 100.   110   D 1 - 3 ; D 1 - 3 ; D 1 - 2 S 3 - 4 ; D 1 S 2 S 4  END                    0.0238    0.02095  0.01119




 POSITION OF FIRST SPIN COUPLING FOR TEN MOST IMPORTANT CONFIGURATIONS
       3     27     26    235    173      5      1    151    129     50



 ********************************
 RESULTS FOR ROOT   05
 TOTAL CI ENERGY =   -339.4382643
 ********************************

       CONF.                                                                           COEFF.
        NO.        SPACE ORBITAL PRODUCTS                                             CONTRIB.      CI COEFFICIENTS

       -----       ----------------------                                             --------   ---------------------
   1.    39   D 1 - 3 ; D 1 - 2 S 3 - 4 ; D 1 - 3 ; D 1 - 2  END                        0.3159    0.31589
   2.    26   D 1 - 3 ; D 1 - 3 ; D 1 - 3 ; D 1 S 2 - 3  END                            0.3159   -0.31589
   3.     2   D 1 - 4 ; D 1 - 3 ; D 1 - 2 ; D 1 - 2  END                                0.2670    0.26696
   4.    30   D 1 - 3 ; D 1 - 3 ; D 1 - 2 S 3 - 4 ; D 1 - 2  END                        0.2599    0.25995
   5.    43   D 1 - 2 S 3 - 4 ; D 1 - 3 ; D 1 - 3 ; D 1 - 2  END                        0.2599    0.25994
   6.   165   D 1 - 4 ; D 1 - 3 ; D 1 S 2 - 3 ; D 1 - 2  END                            0.2152   -0.21520
   7.   126   D 1 - 3 S 4 - 5 ; D 1 - 3 ; D 1 - 2 ; D 1 - 2  END                        0.2152   -0.21519
   8.     3   D 1 - 3 S 4 ; D 1 - 3 S 4 ; D 1 - 2 S 3 ; D 1 S 2  END                    0.1977   -0.19680  0.01857
   9.    11   D 1 - 3 ; D 1 - 4 ; D 1 - 3 ; D 1  END                                    0.1955   -0.19552
  10.    15   D 1 - 4 ; D 1 - 3 ; D 1 - 3 ; D 1  END                                    0.1303    0.13028
  11.    16   D 1 - 3 ; D 1 - 4 ; D 1 - 2 ; D 1 - 2  END                                0.1303    0.13027
  12.     8   D 1 - 2 S 3 - 4 ; D 1 - 3 ; D 1 - 2 S 3 - 4 ; D 1 - 2  END                0.1079   -0.08107 -0.07124
  13.     1   D 1 - 3 ; D 1 - 3 ; D 1 - 3 ; D 1 - 2  END                                0.0926    0.09259
  14.     6   D 1 - 3 S 4 ; D 1 - 2 S 3 ; D 1 - 2 S 3 ; D 1 - 2 S 3  END                0.0876   -0.07574  0.04406
  15.   142   D 1 - 3 S 4 ; D 1 - 3 S 4 ; D 1 S 2 D 3 ; D 1 S 2  END                    0.0870   -0.08335  0.02505
  16.   105   D 1 - 3 S 5 ; D 1 - 3 S 4 ; D 1 - 2 S 3 ; D 1 S 2  END                    0.0870    0.08334 -0.02505
  17.    54   D 1 - 3 S 4 - 5 ; D 1 - 3 ; D 1 - 3 ; D 1  END                            0.0797    0.07970
  18.   170   D 1 - 3 ; D 1 - 4 ; D 1 S 2 - 3 ; D 1 - 2  END                            0.0797    0.07970
  19.    44   D 1 - 2 S 3 S 5 ; D 1 - 3 ; D 1 - 3 ; D 1 - 2  END                        0.0796   -0.07962
  20.    33   D 1 - 3 ; D 1 - 3 ; D 1 S 2 D 3 S 4 ; D 1 - 2  END                        0.0796    0.07962
  21.     5   D 1 - 3 S 4 S 6 ; D 1 - 3 ; S 1 D 2 S 3 ; D 1 - 2  END                    0.0625    0.06015 -0.01695
  22.     4   D 1 - 3 S 4 - 5 ; D 1 - 3 ; D 1 S 2 - 3 ; D 1 - 2  END                    0.0596    0.03143 -0.05064
  23.    41   D 1 - 3 ; D 1 S 2 D 3 S 4 ; D 1 - 3 ; D 1 - 2  END                        0.0582   -0.05820
  24.    27   D 1 - 3 ; D 1 - 3 ; D 1 - 3 ; D 1 S 2 S 4  END                            0.0582    0.05820
  25.    10   D 1 - 3 ; D 1 - 3 S 4 - 5 ; D 1 - 3 ; S 1 - 2  END                        0.0550   -0.02469 -0.04911
  26.   115   D 1 - 3 S 4 ; D 1 - 3 S 4 ; D 1 - 2 S 3 ; S 1 D 2  END                    0.0512    0.04323 -0.02734
  27.   104   D 1 - 3 S 4 ; D 1 - 3 S 5 ; D 1 - 2 S 3 ; D 1 S 2  END                    0.0512   -0.04323  0.02735
  28.   239   D 1 - 4 ; D 1 - 3 ; S 1 - 2 D 3 ; D 1 - 2  END                            0.0509   -0.05093
  29.   129   D 1 - 3 S 5 - 6 ; D 1 - 3 ; D 1 - 2 ; D 1 - 2  END                        0.0509    0.05093
  30.     9   D 1 - 3 S 5 ; D 1 - 3 S 4 ; D 1 S 2 D 3 ; D 1 S 2  END                    0.0499    0.03361 -0.03691
  31.   224   D 1 - 3 S 4 - 5 ; D 1 - 3 ; S 1 D 2 S 3 ; D 1 - 2  END                    0.0498    0.04815  0.01256
  32.   166   D 1 - 3 S 4 S 6 ; D 1 - 3 ; D 1 S 2 - 3 ; D 1 - 2  END                    0.0498    0.04815  0.01256
  33.    31   D 1 - 3 ; D 1 - 3 ; D 1 - 2 S 3 S 5 ; D 1 - 2  END                        0.0482    0.04822
  34.    46   D 1 S 2 D 3 S 4 ; D 1 - 3 ; D 1 - 3 ; D 1 - 2  END                        0.0482   -0.04822
  35.     7   D 1 - 3 S 4 ; D 1 - 3 S 5 ; D 1 - 2 S 3 ; S 1 D 2  END                    0.0475   -0.02502 -0.04035
  36.   300   D 1 - 3 S 4 ; D 1 - 2 S 3 ; D 1 - 2 S 3 ; D 1 - 2 S 4  END                0.0451    0.02685 -0.03624
  37.   377   D 1 - 3 S 4 ; D 1 S 2 D 3 ; D 1 - 2 S 3 ; D 1 - 2 S 3  END                0.0451    0.02685 -0.03624
  38.   257   D 1 - 4 ; D 1 - 3 ; D 2 - 3 ; D 1 - 2  END                                0.0448   -0.04477
  39.   130   D 1 - 3 D 6 ; D 1 - 3 ; D 1 - 2 ; D 1 - 2  END                            0.0448   -0.04477
  40.   182   D 1 - 4 ; D 1 - 3 ; D 1 D 3 ; D 1 - 2  END                                0.0444   -0.04439
  41.   128   D 1 - 3 D 5 ; D 1 - 3 ; D 1 - 2 ; D 1 - 2  END                            0.0444   -0.04439
  42.   275   D 1 - 3 S 4 ; D 1 - 2 S 3 ; D 1 - 3 S 4 ; D 1 S 2  END                    0.0440   -0.03627 -0.02492
  43.   478   D 1 - 2 S 3 ; D 1 - 3 S 4 ; D 1 - 2 S 3 ; D 1 - 2 S 3  END                0.0440    0.03627  0.02492
  44.   447   D 1 - 2 S 3 - 4 ; D 1 - 3 ; D 1 - 3 ; D 1 S 2 - 3  END                    0.0432    0.03699  0.02241
  45.   305   D 1 - 3 ; D 1 - 2 S 3 - 4 ; D 1 - 2 S 3 - 4 ; D 1 - 2  END                0.0432   -0.03699 -0.02241
  46.  1937   D 1 - 4 ; D 1 - 2 S 3 - 4 ; D 1 - 2 ; D 1 - 2  END                        0.0424   -0.04241
  47.  1116   D 1 - 4 ; D 1 - 3 ; D 1 - 2 ; D 1 S 2 - 3  END                            0.0424    0.04241
  48.  1040   D 1 - 3 S 4 ; D 1 - 3 S 4 ; D 1 - 2 S 3 ; D 1 S 3  END                    0.0419   -0.00619  0.04145
  49.  1872   D 1 - 3 S 4 ; D 1 - 2 S 3 D 4 ; D 1 - 2 S 3 ; D 1 S 2  END                0.0419   -0.00619  0.04144
  50.   107   D 1 - 3 S 6 ; D 1 - 3 S 4 ; D 1 - 2 S 3 ; D 1 S 2  END                    0.0401    0.01688 -0.03632
  51.   200   D 1 - 3 S 4 ; D 1 - 3 S 4 ; S 1 D 2 - 3 ; D 1 S 2  END                    0.0401   -0.01688  0.03632
  52.   448   D 1 - 2 S 3 - 4 ; D 1 - 3 ; D 1 - 3 ; D 1 S 2 S 4  END                    0.0389   -0.03026 -0.02451
  53.   382   D 1 - 3 ; D 1 S 2 D 3 S 4 ; D 1 - 2 S 3 - 4 ; D 1 - 2  END                0.0389    0.03026  0.02451
  54.   131   D 1 - 3 ; D 1 - 3 S 4 - 5 ; D 1 - 2 ; D 1 - 2  END                        0.0381   -0.03811
  55.    70   D 1 - 4 ; D 1 - 3 ; D 1 - 3 ; S 1 - 2  END                                0.0381   -0.03811
  56.   352   D 1 - 3 S 4 ; D 1 S 2 D 3 ; D 1 - 3 S 4 ; D 1 S 2  END                    0.0379    0.02915  0.02414
  57.   479   D 1 - 2 S 3 ; D 1 - 3 S 4 ; D 1 - 2 S 3 ; D 1 - 2 S 4  END                0.0379   -0.02915 -0.02414
  58.   361   D 1 - 3 ; D 1 S 2 D 3 S 4 ; D 1 - 3 ; D 1 S 2 - 3  END                    0.0377   -0.03216 -0.01974
  59.   284   D 1 - 3 ; D 1 - 2 S 3 - 4 ; D 1 - 3 ; D 1 S 2 S 4  END                    0.0377   -0.03216 -0.01974
  60.   154   D 1 - 3 S 4 ; D 1 - 3 S 5 ; D 1 S 2 D 3 ; S 1 D 2  END                    0.0372    0.01679 -0.03321
  61.   117   D 1 - 3 S 5 ; D 1 - 3 S 5 ; D 1 - 2 S 3 ; S 1 D 2  END                    0.0372   -0.01679  0.03321
  62.    12   D 1 - 2 S 3 ; D 1 - 2 S 3 ; D 1 - 3 S 4 ; D 1 - 2 S 3  END                0.0367   -0.00341 -0.03653
  63.   311   D 1 - 3 S 4 ; D 1 - 2 S 3 ; D 1 S 2 D 3 ; D 1 - 2 S 3  END                0.0357    0.01556 -0.03216
  64.   301   D 1 - 3 S 5 ; D 1 - 2 S 3 ; D 1 - 2 S 3 ; D 1 - 2 S 3  END                0.0357   -0.01556  0.03216
  65.    19   D 1 - 3 S 6 ; D 1 - 3 S 4 ; S 1 D 2 - 3 ; D 1 S 2  END                    0.0355    0.01019 -0.03403
  66.  1122   D 1 - 3 S 4 ; D 1 - 3 S 4 ; D 1 - 2 S 4 ; D 1 S 2  END                    0.0352   -0.00145 -0.03512
  67.  3139   D 1 - 2 S 3 D 4 ; D 1 - 3 S 4 ; D 1 - 2 S 3 ; D 1 S 2  END                0.0352    0.00145  0.03512
  68.   109   D 1 - 3 ; D 1 - 3 ; D 1 - 2 S 3 - 4 ; D 1 S 2 - 3  END                    0.0350   -0.02946 -0.01887
  69.   508   D 1 - 2 S 3 - 4 ; D 1 - 2 S 3 - 4 ; D 1 - 3 ; D 1 - 2  END                0.0350    0.02946  0.01887
  70.    86   D 1 - 4 ; D 1 - 3 ; D 1 - 3 ; D 2  END                                    0.0320   -0.03201
  71.   132   D 1 - 3 ; D 1 - 3 D 5 ; D 1 - 2 ; D 1 - 2  END                            0.0320   -0.03200
  72.  1117   D 1 - 4 ; D 1 - 3 ; D 1 - 2 ; D 1 S 2 S 4  END                            0.0319   -0.03185
  73.  2483   D 1 - 4 ; D 1 S 2 D 3 S 4 ; D 1 - 2 ; D 1 - 2  END                        0.0319    0.03185
  74.   223   D 1 - 4 ; D 1 - 3 ; S 1 D 2 S 3 ; D 1 - 2  END                            0.0308   -0.03081
  75.   127   D 1 - 3 S 4 S 6 ; D 1 - 3 ; D 1 - 2 ; D 1 - 2  END                        0.0308   -0.03081
  76.   183   D 1 - 3 S 4 - 5 ; D 1 - 3 ; D 1 D 3 ; D 1 - 2  END                        0.0304   -0.03038
  77.   167   D 1 - 3 D 5 ; D 1 - 3 ; D 1 S 2 - 3 ; D 1 - 2  END                        0.0304   -0.03038
  78.   482   D 1 - 2 S 3 - 4 ; D 1 - 3 ; D 1 S 2 D 3 S 4 ; D 1 - 2  END                0.0295    0.00651  0.02876
  79.   472   D 1 - 2 S 3 S 5 ; D 1 - 3 ; D 1 - 2 S 3 - 4 ; D 1 - 2  END                0.0295   -0.00651 -0.02876
  80.  1490   D 1 - 3 S 4 S 6 ; D 1 - 3 ; S 1 D 2 S 3 ; D 1 S 2 - 3  END                0.0292    0.00249  0.00039  0.00230  0.00354
                                                                                                  0.02878
  81.  2128   D 1 - 3 S 4 S 6 ; D 1 - 2 S 3 - 4 ; S 1 D 2 S 3 ; D 1 - 2  END            0.0292   -0.00188  0.00348 -0.00181 -0.00230
                                                                                                 -0.02878
  82.   143   D 1 - 3 S 4 ; D 1 - 3 S 5 ; D 1 S 2 D 3 ; D 1 S 2  END                    0.0291   -0.01093 -0.02698
  83.   116   D 1 - 3 S 5 ; D 1 - 3 S 4 ; D 1 - 2 S 3 ; S 1 D 2  END                    0.0291   -0.01093 -0.02698
  84.  3047   D 1 - 2 S 3 - 4 ; D 1 - 4 ; D 1 - 3 ; D 1  END                            0.0286   -0.02862
  85.  1048   D 1 - 3 ; D 1 - 4 ; D 1 - 2 S 3 - 4 ; D 1  END                            0.0286   -0.02862
  86.  1253   D 1 - 3 S 4 - 5 ; D 1 - 3 ; D 1 S 2 - 3 ; D 1 S 2 - 3  END                0.0285    0.00255  0.00299  0.00075  0.00577
                                                                                                  0.02765
  87.  2029   D 1 - 3 S 4 - 5 ; D 1 - 2 S 3 - 4 ; D 1 S 2 - 3 ; D 1 - 2  END            0.0285   -0.00245  0.00652 -0.00035 -0.00075
                                                                                                 -0.02765
  88.    18   D 1 - 3 ; D 1 S 2 D 3 S 4 ; D 1 - 3 ; D 1 S 2 S 4  END                    0.0284   -0.00724 -0.02742
  89.   110   D 1 - 3 ; D 1 - 3 ; D 1 - 2 S 3 - 4 ; D 1 S 2 S 4  END                    0.0281    0.02109  0.01860
  90.   519   D 1 - 2 S 3 - 4 ; D 1 S 2 D 3 S 4 ; D 1 - 3 ; D 1 - 2  END                0.0281   -0.02109 -0.01860
  91.    32   D 1 - 3 ; D 1 - 3 ; D 1 - 2 S 3 S 6 ; D 1 - 2  END                        0.0268   -0.02679
  92.    49   S 1 D 2 - 3 S 4 ; D 1 - 3 ; D 1 - 3 ; D 1 - 2  END                        0.0268    0.02679
  93.   418   D 1 - 3 ; D 1 S 2 - 3 D 4 ; D 1 - 3 ; D 1 - 2  END                        0.0264   -0.02636
  94.    68   D 1 - 3 ; D 1 - 3 ; D 1 - 3 ; D 1 S 3 - 4  END                            0.0264    0.02636
  95.  1065   D 1 - 3 S 4 ; D 1 - 3 S 5 ; D 1 - 2 S 3 ; S 1 - 3  END                    0.0253   -0.00128 -0.00119 -0.00246 -0.00355
                                                                                                  0.02492
  96.  1907   D 1 - 3 S 4 ; D 1 - 2 S 3 - 5 ; D 1 - 2 S 3 ; S 1 D 2  END                0.0253    0.00069  0.00227 -0.00317 -0.02035
                                                                                                  0.01459
  97.   427   D 1 - 3 ; D 1 S 2 - 3 ; D 1 - 3 ; D 1 - 3  END                            0.0248    0.02481
  98.   350   D 1 - 3 ; D 1 - 2 ; D 1 - 3 ; D 1 - 2 S 3 - 4  END                        0.0248   -0.02481
  99.    17   D 1 - 2 S 3 ; D 1 - 3 S 4 ; D 1 - 3 S 4 ; D 1 S 2  END                    0.0242    0.02352  0.00556
 100.  1314   D 1 - 3 S 4 - 5 ; D 1 - 3 ; D 1 S 2 S 4 ; D 1 - 2  END                    0.0233    0.00363  0.02302




 POSITION OF FIRST SPIN COUPLING FOR TEN MOST IMPORTANT CONFIGURATIONS
      58     45      2     49     62    235    173      3     19     26



 ELAPSED TIME =      67.11 CPU SECONDS. (     72.75 WALL CLOCK SECONDS)
