 ************************************************************************
 * RTSIM - DAVIDSON METHOD SPARSE MATRIX EIGENVALUE/EIGENVECTOR PROGRAM *
 * QUANTUM CHEMISTRY GROUP - INDIANA UNIVERSITY -  4Jul 2016  22:25:58  *
 ************************************************************************



                 DIAGONALIZATION RUN TITLE
                 -------------------------
 )* WATER TEST *



 ) DAVIDSON
 ) LAST=5
 ) COEFF
 ) NOVLP
 ) MAXITR=1000 END

 THE CI MATRIX IS TITLED:  H2O  -SINGLET A1-  STO-3G HF SD-CI TEST
 THE MATRIX IS DATED:      4Jul 2016  22:25:22 
 THE SPIN MULTIPLICITY IS 1 AND THE DIMENSION IS  96082.

 ROOTS  1 THROUGH  5 WILL BE OBTAINED.

  
  
  
 AMOUNT OF CORE AVAILABLE                      80000000
 MAXIMUM NUMBER OF VECTORS PER ITERATION              5
 MAXIMUM NUMBER OF VECTORS ON DISK                   25
 NUMBER OF SOLUTIONS SOUGHT                           5
 NUMBER OF SOLUTIONS INVESTIGATED                     5
 SIZE OF MATRIX DIAGONALISED                      96082
  
  
 INITIAL GUESS AT ROOTS (OBTAINED FROM DIAGONAL ELEMENTS OF HAMILTONIAN MATRIX)

                1        -340.19001
                2        -337.32047
               39        -335.66067
               32        -335.66067
               28        -335.31268


 ITERATION       ROOT           EIGENVALUE          NORM OF RESIDUAL
     1             1          -340.33676964              7.13671
     1             2          -337.37661638              6.99772
     1             3          -335.82147977              5.96017
     1             4          -335.42419034              5.55602
     1             5          -335.18543645              5.64971
     2             1          -343.65181330              8.61364
     2             2          -340.59022788              9.85703
     2             3          -338.64266750             11.47350
     2             4          -337.79111155              9.48940
     2             5          -336.65903579             13.03800
     2             1          -343.65181330              2.89945
     2             2          -340.59022788              3.61079
     2             3          -338.64266750              3.18067
     2             4          -337.79111155              2.38220
     2             5          -336.65903579              4.15537
     3             1          -344.06556363              3.71136
     3             2          -341.28742699              5.45403
     3             3          -339.41588137              9.58986
     3             4          -338.13139942              4.22926
     3             5          -337.94126132             12.78394
     3             1          -344.06556363              1.06061
     3             2          -341.28742699              1.53546
     3             3          -339.41588137              1.67633
     3             4          -338.13139942              0.82256
     3             5          -337.94126132              1.86847
     4             1          -344.14197555              1.98084
     4             2          -341.45343139              3.24974
     4             3          -339.65042078              4.65103
     4             4          -338.27302804            259.32704
     4             5          -338.18153231            264.11940
     4             1          -344.14197555              0.48010
     4             2          -341.45343139              0.87734
     4             3          -339.65042078              1.00442
     4             4          -338.27302804              1.43358
     4             5          -338.18153231              0.41268
     5             1          -344.15599378              0.87683
     5             2          -341.53075094              3.20446
     5             3          -339.81118758              7.31452
     5             4          -338.81335991             18.13624
     5             5          -338.20340901              2.32753
  truncating with vlp=false 
 TRUNCATION TO 1 VECTOR PER ROOT HAS BEEN PERFORMED
     5             1          -344.15599378              0.18747
     5             2          -341.53075094              0.53501
     5             3          -339.81118758              1.01231
     5             4          -338.81335991              1.89819
     5             5          -338.20340901              0.45317
     6             1          -344.15781753              0.20688
     6             2          -341.54703391              0.78150
     6             3          -339.88310049              2.70689
     6             4          -339.01826369              3.37241
     6             5          -338.21879399              0.82437
     6             1          -344.15781753              0.08740
     6             2          -341.54703391              0.26626
     6             3          -339.88310049              0.59135
     6             4          -339.01826369              0.86366
     6             5          -338.21879399              0.32934
     7             1          -344.15832987              0.18989
     7             2          -341.55368611              0.86307
     7             3          -339.93027162              3.30198
     7             4          -339.10970332              4.41946
     7             5          -338.26381818              5.85622
     7             1          -344.15832987              0.04068
     7             2          -341.55368611              0.18260
     7             3          -339.93027162              0.56753
     7             4          -339.10970332              0.75634
     7             5          -338.26381818              0.86515
     8             1          -344.15842442              0.08642
     8             2          -341.55638378              0.63538
     8             3          -339.96498872              3.62206
     8             4          -339.19667552              7.63203
     8             5          -338.43649501             22.01603
     8             1          -344.15842442              0.01869
     8             2          -341.55638378              0.10230
     8             3          -339.96498872              0.49021
     8             4          -339.19667552              0.87720
     8             5          -338.43649501              1.14374
     9             1          -344.15844184              0.03597
     9             2          -341.55708552              0.29394
     9             3          -339.98389433              2.53556
     9             4          -339.35139437             24.42545
     9             5          -339.08109837            211.98289
  truncating with vlp=false 
 TRUNCATION TO 1 VECTOR PER ROOT HAS BEEN PERFORMED
     9             1          -344.15844184              0.00580
     9             2          -341.55708552              0.04379
     9             3          -339.98389433              0.28924
     9             4          -339.35139437              1.30602
     9             5          -339.08109837              1.43730
    10             1          -344.15844325              0.00648
    10             2          -341.55720260              0.07250
    10             3          -339.98862884              0.59085
    10             4          -339.47425954              8.89909
    10             5          -339.17551064              8.86981
    10             1          -344.15844325              0.00235
    10             2          -341.55720260              0.02318
    10             3          -339.98862884              0.18610
    10             4          -339.47425954              0.87920
    10             5          -339.17551064              0.57678
    11             1          -344.15844356              0.00498
    11             2          -341.55724982              0.08198
    11             3          -339.99167313              0.70267
    11             4          -339.55112709              5.51858
    11             5          -339.20999297              5.19124
    11             1          -344.15844356              0.00093
    11             2          -341.55724982              0.01433
    11             3          -339.99167313              0.13102
    11             4          -339.55112709              0.58544
    11             5          -339.20999297              0.44474
    12             1          -344.15844360              0.00190
    12             2          -341.55726442              0.05015
    12             3          -339.99338054              0.74153
    12             4          -339.58096149              3.54770
    12             5          -339.23126306              3.89979
    12             1          -344.15844360              0.00034
    12             2          -341.55726442              0.00738
    12             3          -339.99338054              0.09462
    12             4          -339.58096149              0.39373
    12             5          -339.23126306              0.38906
    13             1          -344.15844361              0.00078
    13             2          -341.55726813              0.02590
    13             3          -339.99427817              0.66373
    13             4          -339.59627563              3.11291
    13             5          -339.25026217              4.64078
  truncating with vlp=false 
 TRUNCATION TO 1 VECTOR PER ROOT HAS BEEN PERFORMED
    13             1          -344.15844361              0.00013
    13             2          -341.55726813              0.00402
    13             3          -339.99427817              0.07000
    13             4          -339.59627563              0.30122
    13             5          -339.25026217              0.38619
    14             1          -344.15844361              0.00014
    14             2          -341.55726901              0.00532
    14             3          -339.99457409              0.12260
    14             4          -339.60186214              0.61200
    14             5          -339.25965021              0.73686
    14             1          -344.15844361              0.00006
    14             2          -341.55726901              0.00202
    14             3          -339.99457409              0.03850
    14             4          -339.60186214              0.17582
    14             5          -339.25965021              0.23006
     ROOT    ITERATION     NUMBER OF PRODUCTS       EIGENVALUE
       1        14                65                -344.1584436111


    15             2          -341.55726934              0.00551
    15             3          -339.99472922              0.15263
    15             4          -339.60552885              0.83272
    15             5          -339.26650630              1.15338
    15             2          -341.55726934              0.00121
    15             3          -339.99472922              0.03158
    15             4          -339.60552885              0.15973
    15             5          -339.26650630              0.23123
    16             2          -341.55726944              0.00322
    16             3          -339.99481973              0.13792
    16             4          -339.60806977              0.82070
    16             5          -339.27251054              1.41679
    16             2          -341.55726944              0.00057
    16             3          -339.99481973              0.01978
    16             4          -339.60806977              0.10511
    16             5          -339.27251054              0.18434
    17             2          -341.55726947              0.00161
    17             3          -339.99486051              0.09983
    17             4          -339.60932893              0.65744
    17             5          -339.27741195              1.64546
  truncating with vlp=false 
 TRUNCATION TO 1 VECTOR PER ROOT HAS BEEN PERFORMED
    17             2          -341.55726947              0.00034
    17             3          -339.99486051              0.01666
    17             4          -339.60932893              0.09605
    17             5          -339.27741195              0.20816
    18             2          -341.55726947              0.00039
    18             3          -339.99487683              0.02173
    18             4          -339.60992354              0.14728
    18             5          -339.28012165              0.28366
    18             2          -341.55726947              0.00018
    18             3          -339.99487683              0.00987
    18             4          -339.60992354              0.06104
    18             5          -339.28012165              0.12797
    19             2          -341.55726948              0.00050
    19             3          -339.99488769              0.03942
    19             4          -339.61041767              0.29278
    19             5          -339.28240476              0.63030
    19             2          -341.55726948              0.00011
    19             3          -339.99488769              0.00867
    19             4          -339.61041767              0.05654
    19             5          -339.28240476              0.12674
    20             2          -341.55726948              0.00030
    20             3          -339.99489403              0.03712
    20             4          -339.61072516              0.29869
    20             5          -339.28419498              0.81045
    20             2          -341.55726948              0.00005
    20             3          -339.99489403              0.00559
    20             4          -339.61072516              0.04067
    20             5          -339.28419498              0.10405
     ROOT    ITERATION     NUMBER OF PRODUCTS       EIGENVALUE
       2        20                89                -341.5572694768


    21             3          -339.99489670              0.02340
    21             4          -339.61089193              0.22720
    21             5          -339.28549101              0.78252
    21             3          -339.99489670              0.00427
    21             4          -339.61089193              0.03629
    21             5          -339.28549101              0.11079
    22             3          -339.99489871              0.02520
    22             4          -339.61106263              0.29919
    22             5          -339.28755877              1.45235
  truncating with vlp=false 
 TRUNCATION TO 1 VECTOR PER ROOT HAS BEEN PERFORMED
    22             3          -339.99489871              0.00248
    22             4          -339.61106263              0.02415
    22             5          -339.28755877              0.09689
    23             3          -339.99489902              0.00287
    23             4          -339.61109530              0.03061
    23             5          -339.28809585              0.12231
    23             3          -339.99489902              0.00129
    23             4          -339.61109530              0.01170
    23             5          -339.28809585              0.04777
    24             3          -339.99489918              0.00362
    24             4          -339.61111066              0.03890
    24             5          -339.28836634              0.16872
    24             3          -339.99489918              0.00099
    24             4          -339.61111066              0.00998
    24             5          -339.28836634              0.04261
    25             3          -339.99489926              0.00300
    25             4          -339.61111921              0.03541
    25             5          -339.28853012              0.16550
    25             3          -339.99489926              0.00063
    25             4          -339.61111921              0.00638
    25             5          -339.28853012              0.02962
    26             3          -339.99489929              0.00187
    26             4          -339.61112252              0.02190
    26             5          -339.28860844              0.12105
    26             3          -339.99489929              0.00035
    26             4          -339.61112252              0.00405
    26             5          -339.28860844              0.02128
    27             3          -339.99489930              0.00144
    27             4          -339.61112448              0.02198
    27             5          -339.28867047              0.14680
    27             3          -339.99489930              0.00027
    27             4          -339.61112448              0.00390
    27             5          -339.28867047              0.02384
    28             3          -339.99489930              0.00126
    28             4          -339.61112619              0.02482
    28             5          -339.28875101              0.22768
  truncating with vlp=false 
 TRUNCATION TO 1 VECTOR PER ROOT HAS BEEN PERFORMED
    28             3          -339.99489930              0.00016
    28             4          -339.61112619              0.00283
    28             5          -339.28875101              0.02231
    29             3          -339.99489931              0.00021
    29             4          -339.61112669              0.00366
    29             5          -339.28878251              0.02921
    29             3          -339.99489931              0.00009
    29             4          -339.61112669              0.00162
    29             5          -339.28878251              0.01303
     ROOT    ITERATION     NUMBER OF PRODUCTS       EIGENVALUE
       3        29               116                -339.9948993064


    30             4          -339.61112694              0.00491
    30             5          -339.28880058              0.04343
    30             4          -339.61112694              0.00120
    30             5          -339.28880058              0.01023
    31             4          -339.61112706              0.00424
    31             5          -339.28881024              0.04199
    31             4          -339.61112706              0.00098
    31             5          -339.28881024              0.00908
    32             4          -339.61112714              0.00376
    32             5          -339.28881830              0.04617
    32             4          -339.61112714              0.00079
    32             5          -339.28881830              0.00833
    33             4          -339.61112721              0.00427
    33             5          -339.28882647              0.05880
    33             4          -339.61112721              0.00058
    33             5          -339.28882647              0.00724
    34             4          -339.61112724              0.00302
    34             5          -339.28883250              0.05490
    34             4          -339.61112724              0.00043
    34             5          -339.28883250              0.00645
    35             4          -339.61112726              0.00250
    35             5          -339.28883785              0.05771
    35             4          -339.61112726              0.00032
    35             5          -339.28883785              0.00565
    36             4          -339.61112727              0.00117
    36             5          -339.28884040              0.03170
    36             4          -339.61112727              0.00016
    36             5          -339.28884040              0.00323
    37             4          -339.61112727              0.00057
    37             5          -339.28884125              0.01470
  truncating with vlp=false 
 TRUNCATION TO 1 VECTOR PER ROOT HAS BEEN PERFORMED
    37             4          -339.61112727              0.00009
    37             5          -339.28884125              0.00187
     ROOT    ITERATION     NUMBER OF PRODUCTS       EIGENVALUE
       4        37               132                -339.6111272709


    38             5          -339.28884147              0.00229
    38             5          -339.28884147              0.00105
    39             5          -339.28884159              0.00379
    39             5          -339.28884159              0.00086
    40             5          -339.28884160              0.00088
    40             5          -339.28884160              0.00081
    41             5          -339.28884165              0.00262
    41             5          -339.28884165              0.00068
    42             5          -339.28884169              0.00231
    42             5          -339.28884169              0.00044
    43             5          -339.28884170              0.00170
    43             5          -339.28884170              0.00032
    44             5          -339.28884171              0.00100
    44             5          -339.28884171              0.00023
    45             5          -339.28884172              0.00079
    45             5          -339.28884172              0.00016
    46             5          -339.28884172              0.00084
    46             5          -339.28884172              0.00014
    47             5          -339.28884172              0.00076
    47             5          -339.28884172              0.00011
    48             5          -339.28884172              0.00089
    48             5          -339.28884172              0.00010
     ROOT    ITERATION     NUMBER OF PRODUCTS       EIGENVALUE
       5        48               143                -339.2888417235


  all roots converged 
  

 ************************************
 COMPLETED CI VECTOR OPTIMISATION
 ************************************





 ********************************
 RESULTS FOR ROOT   01
 TOTAL CI ENERGY =   -344.1584436
 ********************************

       CONF.                                                                           COEFF.
        NO.        SPACE ORBITAL PRODUCTS                                             CONTRIB.      CI COEFFICIENTS

       -----       ----------------------                                             --------   ---------------------
   1.     1   D 1 - 3 ; D 1 - 3 ; D 1 - 3 ; D 1 - 2  END                                0.8175   -0.81749
   2.     2   D 1 - 4 ; D 1 - 3 ; D 1 - 2 ; D 1 - 2  END                                0.2270    0.22704
   3.     3   D 1 - 3 S 4 ; D 1 - 3 S 4 ; D 1 - 2 S 3 ; D 1 S 2  END                    0.1609    0.03437 -0.15723
   4.     4   D 1 - 3 S 4 - 5 ; D 1 - 3 ; D 1 S 2 - 3 ; D 1 - 2  END                    0.1053    0.02395  0.10252
   5.     5   D 1 - 3 S 4 S 6 ; D 1 - 3 ; S 1 D 2 S 3 ; D 1 - 2  END                    0.0931    0.01989  0.09092
   6.     7   D 1 - 3 S 4 ; D 1 - 3 S 5 ; D 1 - 2 S 3 ; S 1 D 2  END                    0.0822   -0.01945  0.07989
   7.     6   D 1 - 3 S 4 ; D 1 - 2 S 3 ; D 1 - 2 S 3 ; D 1 - 2 S 3  END                0.0794   -0.02051  0.07674
   8.     8   D 1 - 2 S 3 - 4 ; D 1 - 3 ; D 1 - 2 S 3 - 4 ; D 1 - 2  END                0.0736   -0.03811 -0.06302
   9.    11   D 1 - 3 ; D 1 - 4 ; D 1 - 3 ; D 1  END                                    0.0735    0.07347
  10.     9   D 1 - 3 S 5 ; D 1 - 3 S 4 ; D 1 S 2 D 3 ; D 1 S 2  END                    0.0685   -0.00991  0.06782
  11.    10   D 1 - 3 ; D 1 - 3 S 4 - 5 ; D 1 - 3 ; S 1 - 2  END                        0.0680    0.00755  0.06754
  12.    12   D 1 - 2 S 3 ; D 1 - 2 S 3 ; D 1 - 3 S 4 ; D 1 - 2 S 3  END                0.0600   -0.00459  0.05986
  13.    14   D 1 - 3 S 4 ; D 1 S 2 D 3 ; D 1 - 2 S 3 ; D 1 - 2 S 4  END                0.0572   -0.02814  0.04980
  14.    13   D 1 - 3 ; D 1 - 2 S 3 - 4 ; D 1 - 3 ; D 1 S 2 - 3  END                    0.0569    0.01853  0.05381
  15.    16   D 1 - 3 ; D 1 - 4 ; D 1 - 2 ; D 1 - 2  END                                0.0458    0.04584
  16.    15   D 1 - 4 ; D 1 - 3 ; D 1 - 3 ; D 1  END                                    0.0458    0.04584
  17.   312   D 1 - 2 S 3 ; D 1 - 3 S 4 ; D 1 - 3 S 4 ; D 1 S 2  END                    0.0445    0.02029 -0.03956
  18.   247   D 1 - 3 ; D 1 S 2 D 3 S 4 ; D 1 - 3 ; D 1 S 2 S 4  END                    0.0442    0.02999  0.03243
  19.   144   D 1 - 3 S 6 ; D 1 - 3 S 4 ; S 1 D 2 - 3 ; D 1 S 2  END                    0.0435   -0.00623  0.04310
  20. 10661   S 1 D 2 - 3 S 4 ; D 1 - 3 ; D 1 - 2 S 3 S 6 ; D 1 - 2  END                0.0430    0.02566  0.03450
  21. 10608   D 1 S 2 D 3 S 4 ; D 1 - 3 ; D 1 - 2 S 3 S 5 ; D 1 - 2  END                0.0427    0.02326  0.03583
  22.   291   D 1 - 3 ; D 1 S 2 - 3 ; D 1 - 3 ; D 1 - 2 S 3 - 4  END                    0.0400   -0.00528 -0.03963
  23.   240   D 1 - 3 ; D 1 - 2 ; D 1 - 3 ; D 1 - 3  END                                0.0389    0.03891
  24.   130   D 1 - 3 D 5 ; D 1 - 3 ; D 1 D 3 ; D 1 - 2  END                            0.0382    0.03816
  25. 10560   D 1 - 3 S 4 ; S 1 D 2 - 3 ; D 1 - 2 S 3 ; D 1 - 2 S 5  END                0.0374   -0.02161  0.03050
  26.   216   D 1 - 3 S 5 ; D 1 - 2 S 3 ; D 1 S 2 D 3 ; D 1 - 2 S 3  END                0.0374    0.01500 -0.03422
  27.   110   D 1 - 3 S 5 ; D 1 - 3 S 5 ; D 1 S 2 D 3 ; S 1 D 2  END                    0.0371    0.00328 -0.03696
  28.   162   D 1 - 3 ; D 1 - 3 S 4 - 5 ; S 1 D 2 S 3 ; D 1 - 2  END                    0.0357    0.00214  0.03564
  29.    52   D 1 - 3 S 4 S 6 ; D 1 - 3 ; D 1 - 3 ; S 1 - 2  END                        0.0357    0.00214  0.03564
  30.   329   D 1 - 2 S 3 S 5 ; D 1 - 3 ; D 1 S 2 D 3 S 4 ; D 1 - 2  END                0.0340    0.01761  0.02908
  31.   356   D 1 - 2 S 3 ; D 1 S 2 D 3 ; D 1 - 3 S 4 ; D 1 - 2 S 4  END                0.0340   -0.00431  0.03371
  32.    85   D 1 - 3 S 6 ; D 1 - 3 S 4 ; D 1 - 2 S 3 ; S 1 D 2  END                    0.0339    0.00316  0.03373
  33.   141   D 1 - 3 S 4 ; D 1 - 3 S 5 ; S 1 D 2 - 3 ; D 1 S 2  END                    0.0339    0.00316  0.03373
  34.    89   D 1 - 3 S 4 - 5 ; D 1 - 3 ; D 1 - 2 ; D 1 - 2  END                        0.0338   -0.03384
  35.   115   D 1 - 4 ; D 1 - 3 ; D 1 S 2 - 3 ; D 1 - 2  END                            0.0338   -0.03384
  36.   172   D 1 - 3 S 5 - 6 ; D 1 - 3 ; S 1 - 2 D 3 ; D 1 - 2  END                    0.0335   -0.00275 -0.03341
  37.   366   D 1 - 2 ; D 1 - 3 ; D 1 - 4 ; D 1 - 2  END                                0.0326    0.03263
  38. 10633   D 1 S 2 D 3 ; D 1 - 2 S 3 ; D 1 - 3 S 5 ; D 1 - 2 S 3  END                0.0323    0.00503 -0.03191
  39. 10618   D 1 S 2 D 3 S 5 ; D 1 - 3 ; D 1 S 2 D 3 S 5 ; D 1 - 2  END                0.0319   -0.02404 -0.02095
  40.   205   D 1 - 3 ; D 1 - 2 S 3 S 5 ; D 1 - 3 ; S 1 D 2 S 3  END                    0.0318   -0.01452 -0.02832
  41.    82   D 1 - 3 S 4 ; D 1 - 3 S 4 ; D 1 - 2 S 3 ; S 1 D 2  END                    0.0315    0.00408 -0.03128
  42.    75   D 1 - 3 S 4 ; D 1 - 3 S 5 ; D 1 - 2 S 3 ; D 1 S 2  END                    0.0315   -0.00408  0.03128
  43. 10597   D 1 S 2 D 3 ; D 1 - 3 S 4 ; D 1 - 3 S 5 ; D 1 S 2  END                    0.0303   -0.01932  0.02340
  44.   226   D 1 - 3 S 6 ; D 1 - 2 S 3 ; S 1 D 2 - 3 ; D 1 - 2 S 3  END                0.0298    0.01466 -0.02597
  45.   153   D 1 - 3 S 6 ; D 1 - 3 S 5 ; S 1 D 2 - 3 ; S 1 D 2  END                    0.0298    0.00181 -0.02971
  46.   321   D 1 - 2 S 3 ; D 1 - 3 S 5 ; D 1 - 3 S 4 ; S 1 D 2  END                    0.0296   -0.01648  0.02454
  47. 10550   D 1 - 3 ; S 1 D 2 - 3 S 4 ; D 1 - 3 ; D 1 S 2 S 5  END                    0.0293    0.01956  0.02179
  48.   169   D 1 - 3 S 4 - 5 ; D 1 - 3 ; S 1 - 2 D 3 ; D 1 - 2  END                    0.0287   -0.00194 -0.02861
  49.   118   D 1 - 3 S 5 - 6 ; D 1 - 3 ; D 1 S 2 - 3 ; D 1 - 2  END                    0.0287    0.00194  0.02861
  50. 10583   D 1 - 3 ; S 1 D 2 S 3 ; D 1 - 3 ; D 1 - 2 S 3 S 5  END                    0.0284   -0.00465 -0.02807
  51. 10642   D 1 S 2 - 3 ; D 1 - 3 ; D 1 - 3 S 4 - 5 ; D 1 - 2  END                    0.0280    0.00413  0.02773
  52.   267   D 1 - 3 S 5 ; D 1 S 2 D 3 ; D 1 S 2 D 3 ; D 1 - 2 S 4  END                0.0279    0.01745 -0.02177
  53.    83   D 1 - 3 S 5 ; D 1 - 3 S 4 ; D 1 - 2 S 3 ; S 1 D 2  END                    0.0278   -0.00076 -0.02778
  54.   101   D 1 - 3 S 4 ; D 1 - 3 S 5 ; D 1 S 2 D 3 ; D 1 S 2  END                    0.0278   -0.00076 -0.02778
  55.  3578   D 1 - 4 ; D 1 - 4 ; D 1 - 2 ; D 1  END                                    0.0277   -0.02770
  56.   212   D 1 - 3 ; D 1 - 2 S 3 - 4 ; D 1 - 2 S 3 - 4 ; D 1 - 2  END                0.0276   -0.00441 -0.02728
  57.   306   D 1 - 2 S 3 - 4 ; D 1 - 3 ; D 1 - 3 ; D 1 S 2 - 3  END                    0.0276    0.00441  0.02728
  58. 10686   S 1 D 2 - 3 ; D 1 - 2 S 3 ; D 1 - 3 S 6 ; D 1 - 2 S 3  END                0.0275    0.00445 -0.02713
  59.    76   D 1 - 3 S 5 ; D 1 - 3 S 4 ; D 1 - 2 S 3 ; D 1 S 2  END                    0.0271    0.00606  0.02646
  60.   100   D 1 - 3 S 4 ; D 1 - 3 S 4 ; D 1 S 2 D 3 ; D 1 S 2  END                    0.0271   -0.00606 -0.02646
  61.    39   D 1 - 3 S 4 - 5 ; D 1 - 3 ; D 1 - 3 ; D 1  END                            0.0271    0.02709
  62.   120   D 1 - 3 ; D 1 - 4 ; D 1 S 2 - 3 ; D 1 - 2  END                            0.0271    0.02709
  63.   109   D 1 - 3 S 5 ; D 1 - 3 S 4 ; D 1 S 2 D 3 ; S 1 D 2  END                    0.0268   -0.00220 -0.02676
  64.   102   D 1 - 3 S 5 ; D 1 - 3 S 5 ; D 1 S 2 D 3 ; D 1 S 2  END                    0.0268    0.00220  0.02676
  65. 10559   D 1 - 3 ; S 1 D 2 - 3 S 5 ; D 1 - 3 ; S 1 D 2 S 5  END                    0.0266   -0.02037 -0.01708
  66.   148   D 1 - 3 S 4 ; D 1 - 3 S 4 ; S 1 D 2 - 3 ; S 1 D 2  END                    0.0259   -0.00083 -0.02585
  67.    79   D 1 - 3 S 6 ; D 1 - 3 S 5 ; D 1 - 2 S 3 ; D 1 S 2  END                    0.0259   -0.00083 -0.02585
  68. 10589   D 1 - 2 S 3 ; S 1 D 2 - 3 ; D 1 - 3 S 4 ; D 1 - 2 S 5  END                0.0254   -0.00382  0.02514
  69. 10650   S 1 D 2 - 3 ; D 1 - 3 S 4 ; D 1 - 3 S 6 ; D 1 S 2  END                    0.0249   -0.01686  0.01830
  70. 10681   S 1 D 2 - 3 S 6 ; D 1 - 3 ; S 1 D 2 - 3 S 6 ; D 1 - 2  END                0.0248   -0.01906 -0.01581
  71.    70   D 1 - 3 ; D 1 - 3 D 5 ; D 1 - 3 ; D 2  END                                0.0244    0.02437
  72.   157   D 1 - 3 S 4 - 5 ; D 1 - 3 ; S 1 D 2 S 3 ; D 1 - 2  END                    0.0240    0.00359  0.02375
  73.   116   D 1 - 3 S 4 S 6 ; D 1 - 3 ; D 1 S 2 - 3 ; D 1 - 2  END                    0.0240    0.00359  0.02375
  74.   158   D 1 - 3 D 5 ; D 1 - 3 ; S 1 D 2 S 3 ; D 1 - 2  END                        0.0239   -0.02395
  75.   129   D 1 - 3 S 4 S 6 ; D 1 - 3 ; D 1 D 3 ; D 1 - 2  END                        0.0239   -0.02395
  76.   367   D 1 - 2 ; D 1 - 3 ; D 1 - 3 ; D 1 - 3  END                                0.0239    0.02385
  77.   239   D 1 - 3 ; D 1 - 2 ; D 1 - 4 ; D 1 - 2  END                                0.0239    0.02385
  78.   355   D 1 - 2 S 3 ; D 1 S 2 D 3 ; D 1 - 3 S 4 ; D 1 - 2 S 3  END                0.0238   -0.00272 -0.02368
  79.   348   D 1 - 2 S 3 ; D 1 - 2 S 3 ; D 1 - 3 S 4 ; D 1 - 2 S 4  END                0.0238   -0.00272 -0.02368
  80.   325   D 1 - 2 S 3 ; D 1 - 3 S 4 ; D 1 - 2 S 3 ; D 1 - 2 S 4  END                0.0236   -0.01539 -0.01793
  81.   243   D 1 - 3 S 4 ; D 1 S 2 D 3 ; D 1 - 3 S 4 ; D 1 S 2  END                    0.0236    0.01539  0.01793
  82. 10640   D 1 S 2 D 3 ; D 1 S 2 D 3 ; D 1 - 3 S 5 ; D 1 - 2 S 4  END                0.0234    0.00251 -0.02327
  83.  3786   D 1 - 4 S 5 ; D 1 - 3 S 4 ; D 1 S 2 ; D 1 S 2  END                        0.0233    0.00286 -0.02309
  84.   262   D 1 - 3 ; D 1 S 2 D 3 S 4 ; D 1 - 2 S 3 - 4 ; D 1 - 2  END                0.0232    0.01879  0.01356
  85.   307   D 1 - 2 S 3 - 4 ; D 1 - 3 ; D 1 - 3 ; D 1 S 2 S 4  END                    0.0232   -0.01879 -0.01356
  86.   134   D 1 - 3 ; D 1 - 3 S 4 - 5 ; D 1 D 3 ; D 1 - 2  END                        0.0227   -0.02273
  87.    53   D 1 - 3 D 5 ; D 1 - 3 ; D 1 - 3 ; S 1 - 2  END                            0.0227   -0.02273
  88.   121   D 1 - 3 ; D 1 - 3 S 4 - 5 ; D 1 S 2 - 3 ; D 1 - 2  END                    0.0224   -0.00335 -0.02217
  89.    51   D 1 - 3 S 4 - 5 ; D 1 - 3 ; D 1 - 3 ; S 1 - 2  END                        0.0224   -0.00335 -0.02217
  90.   256   D 1 - 3 ; D 1 S 2 D 3 S 5 ; D 1 - 3 ; S 1 D 2 S 4  END                    0.0222   -0.01512 -0.01625
  91.   324   D 1 - 2 S 3 ; D 1 - 3 S 4 ; D 1 - 2 S 3 ; D 1 - 2 S 3  END                0.0216    0.00690  0.02042
  92.   194   D 1 - 3 S 4 ; D 1 - 2 S 3 ; D 1 - 3 S 4 ; D 1 S 2  END                    0.0216   -0.00690 -0.02042
  93.   277   D 1 - 3 S 6 ; D 1 S 2 D 3 ; S 1 D 2 - 3 ; D 1 - 2 S 4  END                0.0215    0.01446 -0.01592
  94.   186   D 1 - 3 D 6 ; D 1 - 3 ; D 2 - 3 ; D 1 - 2  END                            0.0215    0.02148
  95.  3603   D 1 - 4 ; D 1 - 3 S 4 - 5 ; D 1 - 2 ; S 1 - 2  END                        0.0214   -0.00227 -0.02127
  96.    91   D 1 - 3 D 5 ; D 1 - 3 ; D 1 - 2 ; D 1 - 2  END                            0.0213    0.02128
  97.   127   D 1 - 4 ; D 1 - 3 ; D 1 D 3 ; D 1 - 2  END                                0.0213    0.02128
  98. 10568   D 1 - 3 S 5 ; S 1 D 2 - 3 ; D 1 S 2 D 3 ; D 1 - 2 S 5  END                0.0213    0.01524 -0.01482
  99.    68   D 1 - 3 ; D 1 - 4 ; D 1 - 3 ; D 2  END                                    0.0212    0.02121
 100.    45   D 1 - 3 ; D 1 - 3 D 5 ; D 1 - 3 ; D 1  END                                0.0212    0.02121




 POSITION OF FIRST SPIN COUPLING FOR TEN MOST IMPORTANT CONFIGURATIONS
       1      2      3      5      7     11      9     13     19     15



 ********************************
 RESULTS FOR ROOT   02
 TOTAL CI ENERGY =   -341.5572695
 ********************************

       CONF.                                                                           COEFF.
        NO.        SPACE ORBITAL PRODUCTS                                             CONTRIB.      CI COEFFICIENTS

       -----       ----------------------                                             --------   ---------------------
   1.     2   D 1 - 4 ; D 1 - 3 ; D 1 - 2 ; D 1 - 2  END                                0.6999    0.69992
   2.     3   D 1 - 3 S 4 ; D 1 - 3 S 4 ; D 1 - 2 S 3 ; D 1 S 2  END                    0.2847    0.26035 -0.11517
   3.     1   D 1 - 3 ; D 1 - 3 ; D 1 - 3 ; D 1 - 2  END                                0.2433    0.24333
   4.    15   D 1 - 4 ; D 1 - 3 ; D 1 - 3 ; D 1  END                                    0.1877   -0.18771
   5.    16   D 1 - 3 ; D 1 - 4 ; D 1 - 2 ; D 1 - 2  END                                0.1877   -0.18771
   6.     4   D 1 - 3 S 4 - 5 ; D 1 - 3 ; D 1 S 2 - 3 ; D 1 - 2  END                    0.1350    0.10639  0.08310
   7.     7   D 1 - 3 S 4 ; D 1 - 3 S 5 ; D 1 - 2 S 3 ; S 1 D 2  END                    0.0980   -0.07832  0.05893
   8.     5   D 1 - 3 S 4 S 6 ; D 1 - 3 ; S 1 D 2 S 3 ; D 1 - 2  END                    0.0944    0.08251  0.04576
   9.    21   D 1 - 3 ; D 1 - 3 ; D 1 - 2 S 3 - 4 ; D 1 - 2  END                        0.0822   -0.08222
  10.    28   D 1 - 2 S 3 - 4 ; D 1 - 3 ; D 1 - 3 ; D 1 - 2  END                        0.0822   -0.08222
  11.    11   D 1 - 3 ; D 1 - 4 ; D 1 - 3 ; D 1  END                                    0.0787    0.07875
  12.     8   D 1 - 2 S 3 - 4 ; D 1 - 3 ; D 1 - 2 S 3 - 4 ; D 1 - 2  END                0.0534   -0.01238 -0.05193
  13.    50   D 1 - 4 ; D 1 - 3 ; D 1 - 3 ; S 1 - 2  END                                0.0528   -0.05282
  14.    94   D 1 - 3 ; D 1 - 3 S 4 - 5 ; D 1 - 2 ; D 1 - 2  END                        0.0528   -0.05282
  15.   100   D 1 - 3 S 4 ; D 1 - 3 S 4 ; D 1 S 2 D 3 ; D 1 S 2  END                    0.0516    0.00470  0.05139
  16.    76   D 1 - 3 S 5 ; D 1 - 3 S 4 ; D 1 - 2 S 3 ; D 1 S 2  END                    0.0516   -0.00470 -0.05139
  17.    24   D 1 - 3 ; D 1 - 2 S 3 - 4 ; D 1 - 3 ; D 1 - 2  END                        0.0514   -0.05138
  18.    17   D 1 - 3 ; D 1 - 3 ; D 1 - 3 ; D 1 S 2 - 3  END                            0.0514    0.05138
  19.  3786   D 1 - 4 S 5 ; D 1 - 3 S 4 ; D 1 S 2 ; D 1 S 2  END                        0.0499    0.01564 -0.04737
  20.  3603   D 1 - 4 ; D 1 - 3 S 4 - 5 ; D 1 - 2 ; S 1 - 2  END                        0.0484   -0.01020 -0.04733
  21.    14   D 1 - 3 S 4 ; D 1 S 2 D 3 ; D 1 - 2 S 3 ; D 1 - 2 S 4  END                0.0479   -0.02397  0.04141
  22.     6   D 1 - 3 S 4 ; D 1 - 2 S 3 ; D 1 - 2 S 3 ; D 1 - 2 S 3  END                0.0466   -0.04278  0.01840
  23.  6249   D 1 - 2 S 3 D 4 ; D 1 - 2 S 3 ; D 1 - 2 S 4 ; D 1 - 2 S 3  END            0.0437    0.00291 -0.04356
  24.    91   D 1 - 3 D 5 ; D 1 - 3 ; D 1 - 2 ; D 1 - 2  END                            0.0423   -0.04232
  25.   127   D 1 - 4 ; D 1 - 3 ; D 1 D 3 ; D 1 - 2  END                                0.0423   -0.04232
  26.  3578   D 1 - 4 ; D 1 - 4 ; D 1 - 2 ; D 1  END                                    0.0417   -0.04165
  27.    75   D 1 - 3 S 4 ; D 1 - 3 S 5 ; D 1 - 2 S 3 ; D 1 S 2  END                    0.0389   -0.03768 -0.00987
  28.    82   D 1 - 3 S 4 ; D 1 - 3 S 4 ; D 1 - 2 S 3 ; S 1 D 2  END                    0.0389    0.03768  0.00987
  29.  4485   D 1 - 4 ; D 1 - 2 S 3 - 4 ; D 1 - 2 ; D 1 S 2 - 3  END                    0.0377   -0.01494 -0.03458
  30.  4051   D 1 - 4 S 6 ; D 1 - 3 S 4 ; S 1 D 2 ; D 1 S 2  END                        0.0374    0.01236 -0.03533
  31.  5090   D 1 - 4 ; D 1 S 2 D 3 S 4 ; D 1 - 2 ; D 1 S 2 S 4  END                    0.0358   -0.02422 -0.02643
  32.    39   D 1 - 3 S 4 - 5 ; D 1 - 3 ; D 1 - 3 ; D 1  END                            0.0345   -0.03449
  33.   120   D 1 - 3 ; D 1 - 4 ; D 1 S 2 - 3 ; D 1 - 2  END                            0.0345   -0.03449
  34.  5853   D 1 - 2 S 3 D 4 ; D 1 - 3 S 4 ; D 1 - 2 S 4 ; D 1 S 2  END                0.0336   -0.01451  0.03035
  35. 10608   D 1 S 2 D 3 S 4 ; D 1 - 3 ; D 1 - 2 S 3 S 5 ; D 1 - 2  END                0.0332    0.01172  0.03108
  36. 10334   D 1 - 3 ; D 1 - 3 ; D 1 - 2 S 3 S 5 ; D 1 - 2  END                        0.0327    0.03268
  37.    33   D 1 S 2 D 3 S 4 ; D 1 - 3 ; D 1 - 3 ; D 1 - 2  END                        0.0327   -0.03268
  38.  5467   D 1 - 4 ; D 1 S 2 - 3 ; D 1 - 2 ; D 1 - 2 S 3 - 4  END                    0.0327    0.00352  0.03247
  39.  1163   D 1 - 4 ; D 1 - 2 S 3 - 4 ; D 1 - 2 ; D 1 - 2  END                        0.0325    0.03249
  40.   719   D 1 - 4 ; D 1 - 3 ; D 1 - 2 ; D 1 S 2 - 3  END                            0.0325   -0.03249
  41.  3817   D 1 - 4 S 5 ; D 1 - 3 S 5 ; D 1 S 2 ; S 1 D 2  END                        0.0324   -0.00514  0.03203
  42.   181   D 1 - 4 ; D 1 - 3 ; D 2 - 3 ; D 1 - 2  END                                0.0321   -0.03207
  43.    93   D 1 - 3 D 6 ; D 1 - 3 ; D 1 - 2 ; D 1 - 2  END                            0.0321   -0.03207
  44. 10661   S 1 D 2 - 3 S 4 ; D 1 - 3 ; D 1 - 2 S 3 S 6 ; D 1 - 2  END                0.0319    0.00901  0.03063
  45.  3920   D 1 - 5 ; D 1 - 3 ; D 1 ; D 1 - 2  END                                    0.0312   -0.03122
  46.   141   D 1 - 3 S 4 ; D 1 - 3 S 5 ; S 1 D 2 - 3 ; D 1 S 2  END                    0.0312   -0.00685 -0.03040
  47.    85   D 1 - 3 S 6 ; D 1 - 3 S 4 ; D 1 - 2 S 3 ; S 1 D 2  END                    0.0312   -0.00685 -0.03040
  48.    52   D 1 - 3 S 4 S 6 ; D 1 - 3 ; D 1 - 3 ; S 1 - 2  END                        0.0309   -0.00639 -0.03026
  49.   162   D 1 - 3 ; D 1 - 3 S 4 - 5 ; S 1 D 2 S 3 ; D 1 - 2  END                    0.0309   -0.00639 -0.03026
  50.     9   D 1 - 3 S 5 ; D 1 - 3 S 4 ; D 1 S 2 D 3 ; D 1 S 2  END                    0.0303   -0.02167  0.02114
  51.  4185   D 1 - 4 S 5 - 6 ; D 1 - 3 ; S 1 - 2 ; D 1 - 2  END                        0.0300    0.00500  0.02958
  52.  4616   D 1 - 4 S 5 ; D 1 - 2 S 3 ; D 1 S 2 ; D 1 - 2 S 3  END                    0.0296   -0.01343  0.02634
  53. 10560   D 1 - 3 S 4 ; S 1 D 2 - 3 ; D 1 - 2 S 3 ; D 1 - 2 S 5  END                0.0296   -0.00915  0.02810
  54.  4920   D 1 - 4 ; D 1 - 2 ; D 1 - 2 ; D 1 - 3  END                                0.0290   -0.02899
  55.  6526   D 1 - 2 S 3 D 4 ; D 1 S 2 D 3 ; D 1 - 2 S 4 ; D 1 - 2 S 4  END            0.0287    0.00378 -0.02843
  56. 10773   D 1 - 4 ; D 1 - 3 ; D 1 - 2 S 3 S 6 ; S 1 - 2  END                        0.0287    0.00758  0.02763
  57.  3008   S 1 D 2 - 3 S 4 ; D 1 - 3 S 4 - 5 ; D 1 - 2 ; D 1 - 2  END                0.0287   -0.00758 -0.02763
  58.    62   D 1 - 4 ; D 1 - 3 ; D 1 - 3 ; D 2  END                                    0.0284   -0.02844
  59.    95   D 1 - 3 ; D 1 - 3 D 5 ; D 1 - 2 ; D 1 - 2  END                            0.0284   -0.02844
  60.  5967   D 1 - 2 S 3 D 4 S 5 ; D 1 - 3 ; D 1 S 2 S 4 ; D 1 - 2  END                0.0279   -0.01438 -0.02389
  61. 11007   D 1 - 4 ; D 1 - 3 ; S 1 D 2 S 3 ; D 1 S 2 S 5  END                        0.0271    0.01682  0.02127
  62.  2298   D 1 - 3 S 4 S 6 ; S 1 D 2 - 3 S 4 ; D 1 - 2 ; D 1 - 2  END                0.0271   -0.01682 -0.02127
  63. 15949   D 1 S 2 D 3 - 4 S 5 ; D 1 - 3 ; D 1 S 2 S 5 ; D 1 - 2  END                0.0268    0.02021  0.01766
  64. 16132   D 1 S 2 D 3 - 4 ; D 1 - 2 S 3 ; D 1 - 2 S 5 ; D 1 - 2 S 3  END            0.0262   -0.00383  0.02592
  65.  6763   D 1 - 2 D 4 ; D 1 - 3 ; D 1 - 2 D 4 ; D 1 - 2  END                        0.0259   -0.02591
  66. 15855   D 1 S 2 D 3 - 4 ; D 1 - 3 S 4 ; D 1 - 2 S 5 ; D 1 S 2  END                0.0251    0.01544 -0.01979
  67.  4514   D 1 - 4 ; D 1 - 2 S 3 S 5 ; D 1 - 2 ; S 1 D 2 S 3  END                    0.0249    0.01234  0.02161
  68.  4075   D 1 - 4 S 6 ; D 1 - 3 S 5 ; S 1 D 2 ; S 1 D 2  END                        0.0248   -0.00422  0.02442
  69.  2969   S 1 D 2 - 4 ; D 1 - 3 S 5 ; D 1 - 2 S 3 ; D 1 S 2  END                    0.0247   -0.02451  0.00270
  70. 10823   D 1 - 3 S 4 ; D 1 - 3 S 4 ; D 1 - 2 S 6 ; S 1 D 2  END                    0.0247    0.02451 -0.00270
  71.  2257   D 1 - 4 S 6 ; S 1 D 2 - 3 ; D 1 - 2 S 3 ; D 1 S 2  END                    0.0245   -0.02445 -0.00165
  72. 11048   D 1 - 3 S 4 ; D 1 - 3 S 4 ; S 1 D 2 ; D 1 - 2 S 5  END                    0.0245    0.02445  0.00165
  73.    96   D 1 - 3 ; D 1 - 3 ; D 1 - 2 D 4 ; D 1 - 2  END                            0.0243   -0.02431
  74.   357   D 1 - 2 D 4 ; D 1 - 3 ; D 1 - 3 ; D 1 - 2  END                            0.0243   -0.02431
  75.   243   D 1 - 3 S 4 ; D 1 S 2 D 3 ; D 1 - 3 S 4 ; D 1 S 2  END                    0.0242   -0.01746 -0.01670
  76.   325   D 1 - 2 S 3 ; D 1 - 3 S 4 ; D 1 - 2 S 3 ; D 1 - 2 S 4  END                0.0242    0.01746  0.01670
  77. 15213   D 1 - 4 ; S 1 D 2 - 3 S 4 ; D 1 - 2 ; D 1 S 2 S 5  END                    0.0239   -0.01560 -0.01805
  78.  5875   D 1 - 2 S 3 D 4 ; D 1 - 3 S 5 ; D 1 - 2 S 4 ; S 1 D 2  END                0.0237    0.01349 -0.01951
  79.   121   D 1 - 3 ; D 1 - 3 S 4 - 5 ; D 1 S 2 - 3 ; D 1 - 2  END                    0.0234    0.00766  0.02210
  80.    51   D 1 - 3 S 4 - 5 ; D 1 - 3 ; D 1 - 3 ; S 1 - 2  END                        0.0234    0.00766  0.02210
  81. 16324   D 1 S 2 - 3 D 4 ; D 1 - 3 ; D 1 - 2 S 4 - 5 ; D 1 - 2  END                0.0232   -0.00363 -0.02296
  82.    92   D 1 - 3 S 5 - 6 ; D 1 - 3 ; D 1 - 2 ; D 1 - 2  END                        0.0232    0.02323
  83.   168   D 1 - 4 ; D 1 - 3 ; S 1 - 2 D 3 ; D 1 - 2  END                            0.0232   -0.02323
  84.  1165   D 1 - 3 S 4 - 5 ; D 1 - 2 S 3 - 4 ; D 1 - 2 ; D 1 - 2  END                0.0232   -0.00264 -0.02303
  85.   793   D 1 - 4 ; D 1 - 3 ; D 1 S 2 - 3 ; D 1 S 2 - 3  END                        0.0232    0.00264  0.02303
  86. 15488   D 1 - 4 ; S 1 D 2 S 3 ; D 1 - 2 ; D 1 - 2 S 3 S 5  END                    0.0231    0.00343  0.02285
  87.  1998   D 1 - 2 S 3 D 4 ; D 1 - 2 S 3 ; D 1 - 2 S 3 ; D 1 - 2 S 3  END            0.0231   -0.00678 -0.02204
  88.  1169   D 1 - 3 S 4 ; D 1 - 2 S 3 ; D 1 - 2 S 4 ; D 1 - 2 S 3  END                0.0231    0.00678  0.02204
  89.  5200   D 1 - 4 S 5 ; D 1 S 2 D 3 ; D 1 S 2 ; D 1 - 2 S 4  END                    0.0229   -0.01387  0.01818
  90.   262   D 1 - 3 ; D 1 S 2 D 3 S 4 ; D 1 - 2 S 3 - 4 ; D 1 - 2  END                0.0225   -0.01600 -0.01587
  91.   307   D 1 - 2 S 3 - 4 ; D 1 - 3 ; D 1 - 3 ; D 1 S 2 S 4  END                    0.0225    0.01600  0.01587
  92. 15231   D 1 - 4 ; S 1 D 2 - 3 S 5 ; D 1 - 2 ; S 1 D 2 S 5  END                    0.0225    0.01715  0.01453
  93.   101   D 1 - 3 S 4 ; D 1 - 3 S 5 ; D 1 S 2 D 3 ; D 1 S 2  END                    0.0223    0.00672  0.02130
  94.    83   D 1 - 3 S 5 ; D 1 - 3 S 4 ; D 1 - 2 S 3 ; S 1 D 2  END                    0.0223    0.00672  0.02130
  95.  4748   D 1 - 4 S 6 ; D 1 - 2 S 3 ; S 1 D 2 ; D 1 - 2 S 3  END                    0.0223   -0.01205  0.01870
  96.  1756   D 1 - 2 S 3 D 4 ; D 1 - 3 S 4 ; D 1 - 2 S 3 ; D 1 S 2  END                0.0217    0.01972 -0.00911
  97.   725   D 1 - 3 S 4 ; D 1 - 3 S 4 ; D 1 - 2 S 4 ; D 1 S 2  END                    0.0217   -0.01972  0.00911
  98.  1470   D 1 - 3 S 4 S 6 ; D 1 S 2 D 3 S 4 ; D 1 - 2 ; D 1 - 2  END                0.0217   -0.01225 -0.01791
  99.   921   D 1 - 4 ; D 1 - 3 ; S 1 D 2 S 3 ; D 1 S 2 S 4  END                        0.0217    0.01225  0.01791
 100. 16500   S 1 D 2 - 4 ; D 1 - 3 S 4 ; D 1 - 2 S 6 ; D 1 S 2  END                    0.0215    0.01412 -0.01628




 POSITION OF FIRST SPIN COUPLING FOR TEN MOST IMPORTANT CONFIGURATIONS
       2      3      1     26     27      5     11      7     32     39



 ********************************
 RESULTS FOR ROOT   03
 TOTAL CI ENERGY =   -339.9948993
 ********************************

       CONF.                                                                           COEFF.
        NO.        SPACE ORBITAL PRODUCTS                                             CONTRIB.      CI COEFFICIENTS

       -----       ----------------------                                             --------   ---------------------
   1.    28   D 1 - 2 S 3 - 4 ; D 1 - 3 ; D 1 - 3 ; D 1 - 2  END                        0.3425    0.34247
   2.    21   D 1 - 3 ; D 1 - 3 ; D 1 - 2 S 3 - 4 ; D 1 - 2  END                        0.3425    0.34247
   3.     3   D 1 - 3 S 4 ; D 1 - 3 S 4 ; D 1 - 2 S 3 ; D 1 S 2  END                    0.2916    0.26872  0.11315
   4.    15   D 1 - 4 ; D 1 - 3 ; D 1 - 3 ; D 1  END                                    0.2750   -0.27505
   5.    16   D 1 - 3 ; D 1 - 4 ; D 1 - 2 ; D 1 - 2  END                                0.2750   -0.27504
   6.   115   D 1 - 4 ; D 1 - 3 ; D 1 S 2 - 3 ; D 1 - 2  END                            0.2048    0.20483
   7.    89   D 1 - 3 S 4 - 5 ; D 1 - 3 ; D 1 - 2 ; D 1 - 2  END                        0.2048    0.20483
   8.     2   D 1 - 4 ; D 1 - 3 ; D 1 - 2 ; D 1 - 2  END                                0.1776   -0.17759
   9.     6   D 1 - 3 S 4 ; D 1 - 2 S 3 ; D 1 - 2 S 3 ; D 1 - 2 S 3  END                0.1773   -0.09851  0.14740
  10.    11   D 1 - 3 ; D 1 - 4 ; D 1 - 3 ; D 1  END                                    0.1556    0.15557
  11.     8   D 1 - 2 S 3 - 4 ; D 1 - 3 ; D 1 - 2 S 3 - 4 ; D 1 - 2  END                0.1395   -0.10983 -0.08594
  12.    24   D 1 - 3 ; D 1 - 2 S 3 - 4 ; D 1 - 3 ; D 1 - 2  END                        0.1050    0.10500
  13.    17   D 1 - 3 ; D 1 - 3 ; D 1 - 3 ; D 1 S 2 - 3  END                            0.1050   -0.10500
  14.    39   D 1 - 3 S 4 - 5 ; D 1 - 3 ; D 1 - 3 ; D 1  END                            0.0845   -0.08446
  15.   120   D 1 - 3 ; D 1 - 4 ; D 1 S 2 - 3 ; D 1 - 2  END                            0.0845   -0.08446
  16.    82   D 1 - 3 S 4 ; D 1 - 3 S 4 ; D 1 - 2 S 3 ; S 1 D 2  END                    0.0805   -0.01461  0.07920
  17.    75   D 1 - 3 S 4 ; D 1 - 3 S 5 ; D 1 - 2 S 3 ; D 1 S 2  END                    0.0805    0.01461 -0.07920
  18.     1   D 1 - 3 ; D 1 - 3 ; D 1 - 3 ; D 1 - 2  END                                0.0692   -0.06923
  19.   100   D 1 - 3 S 4 ; D 1 - 3 S 4 ; D 1 S 2 D 3 ; D 1 S 2  END                    0.0653    0.06378  0.01409
  20.    76   D 1 - 3 S 5 ; D 1 - 3 S 4 ; D 1 - 2 S 3 ; D 1 S 2  END                    0.0653   -0.06377 -0.01409
  21. 10334   D 1 - 3 ; D 1 - 3 ; D 1 - 2 S 3 S 5 ; D 1 - 2  END                        0.0636   -0.06364
  22.    33   D 1 S 2 D 3 S 4 ; D 1 - 3 ; D 1 - 3 ; D 1 - 2  END                        0.0636    0.06364
  23.   157   D 1 - 3 S 4 - 5 ; D 1 - 3 ; S 1 D 2 S 3 ; D 1 - 2  END                    0.0595   -0.03500 -0.04811
  24.   116   D 1 - 3 S 4 S 6 ; D 1 - 3 ; D 1 S 2 - 3 ; D 1 - 2  END                    0.0595   -0.03500 -0.04811
  25.    18   D 1 - 3 ; D 1 - 3 ; D 1 - 3 ; D 1 S 2 S 4  END                            0.0585    0.05851
  26.    26   D 1 - 3 ; D 1 S 2 D 3 S 4 ; D 1 - 3 ; D 1 - 2  END                        0.0585   -0.05851
  27.    13   D 1 - 3 ; D 1 - 2 S 3 - 4 ; D 1 - 3 ; D 1 S 2 - 3  END                    0.0575    0.02312  0.05266
  28.   312   D 1 - 2 S 3 ; D 1 - 3 S 4 ; D 1 - 3 S 4 ; D 1 S 2  END                    0.0492    0.03776 -0.03161
  29.   357   D 1 - 2 D 4 ; D 1 - 3 ; D 1 - 3 ; D 1 - 2  END                            0.0471    0.04710
  30.    96   D 1 - 3 ; D 1 - 3 ; D 1 - 2 D 4 ; D 1 - 2  END                            0.0471    0.04710
  31.    14   D 1 - 3 S 4 ; D 1 S 2 D 3 ; D 1 - 2 S 3 ; D 1 - 2 S 4  END                0.0463   -0.03475  0.03058
  32.   719   D 1 - 4 ; D 1 - 3 ; D 1 - 2 ; D 1 S 2 - 3  END                            0.0447    0.04472
  33.  1163   D 1 - 4 ; D 1 - 2 S 3 - 4 ; D 1 - 2 ; D 1 - 2  END                        0.0447   -0.04472
  34.    52   D 1 - 3 S 4 S 6 ; D 1 - 3 ; D 1 - 3 ; S 1 - 2  END                        0.0412   -0.02144 -0.03517
  35.   162   D 1 - 3 ; D 1 - 3 S 4 - 5 ; S 1 D 2 S 3 ; D 1 - 2  END                    0.0412   -0.02144 -0.03517
  36.   257   D 1 - 3 S 4 ; D 1 S 2 D 3 ; D 1 - 2 S 3 ; D 1 - 2 S 3  END                0.0404    0.02793 -0.02914
  37.   207   D 1 - 3 S 4 ; D 1 - 2 S 3 ; D 1 - 2 S 3 ; D 1 - 2 S 4  END                0.0404    0.02793 -0.02914
  38.     9   D 1 - 3 S 5 ; D 1 - 3 S 4 ; D 1 S 2 D 3 ; D 1 S 2  END                    0.0393   -0.02410  0.03101
  39.  3578   D 1 - 4 ; D 1 - 4 ; D 1 - 2 ; D 1  END                                    0.0385    0.03854
  40.   141   D 1 - 3 S 4 ; D 1 - 3 S 5 ; S 1 D 2 - 3 ; D 1 S 2  END                    0.0381   -0.02125 -0.03158
  41.    85   D 1 - 3 S 6 ; D 1 - 3 S 4 ; D 1 - 2 S 3 ; S 1 D 2  END                    0.0381   -0.02125 -0.03158
  42.    10   D 1 - 3 ; D 1 - 3 S 4 - 5 ; D 1 - 3 ; S 1 - 2  END                        0.0377    0.01604  0.03406
  43.     7   D 1 - 3 S 4 ; D 1 - 3 S 5 ; D 1 - 2 S 3 ; S 1 D 2  END                    0.0356   -0.00729  0.03486
  44.   101   D 1 - 3 S 4 ; D 1 - 3 S 5 ; D 1 S 2 D 3 ; D 1 S 2  END                    0.0351    0.01284  0.03266
  45.    83   D 1 - 3 S 5 ; D 1 - 3 S 4 ; D 1 - 2 S 3 ; S 1 D 2  END                    0.0351    0.01284  0.03266
  46.   156   D 1 - 4 ; D 1 - 3 ; S 1 D 2 S 3 ; D 1 - 2  END                            0.0348    0.03482
  47.    90   D 1 - 3 S 4 S 6 ; D 1 - 3 ; D 1 - 2 ; D 1 - 2  END                        0.0348    0.03482
  48.     5   D 1 - 3 S 4 S 6 ; D 1 - 3 ; S 1 D 2 S 3 ; D 1 - 2  END                    0.0341   -0.03113 -0.01385
  49.   349   D 1 - 2 S 3 - 4 ; D 1 S 2 D 3 S 4 ; D 1 - 3 ; D 1 - 2  END                0.0337   -0.03093 -0.01337
  50.    81   D 1 - 3 ; D 1 - 3 ; D 1 - 2 S 3 - 4 ; D 1 S 2 S 4  END                    0.0337    0.03093  0.01337
  51.    50   D 1 - 4 ; D 1 - 3 ; D 1 - 3 ; S 1 - 2  END                                0.0336   -0.03365
  52.     4   D 1 - 3 S 4 - 5 ; D 1 - 3 ; D 1 S 2 - 3 ; D 1 - 2  END                    0.0336    0.01582  0.02969
  53.    94   D 1 - 3 ; D 1 - 3 S 4 - 5 ; D 1 - 2 ; D 1 - 2  END                        0.0336   -0.03365
  54.    40   D 1 - 3 S 4 S 6 ; D 1 - 3 ; D 1 - 3 ; D 1  END                            0.0311   -0.03109
  55.   161   D 1 - 3 ; D 1 - 4 ; S 1 D 2 S 3 ; D 1 - 2  END                            0.0311   -0.03109
  56. 10332   D 1 - 3 ; D 1 - 3 ; D 1 - 3 ; D 1 S 2 S 5  END                            0.0295    0.02948
  57.    31   D 1 - 3 ; S 1 D 2 - 3 S 4 ; D 1 - 3 ; D 1 - 2  END                        0.0295   -0.02948
  58.   247   D 1 - 3 ; D 1 S 2 D 3 S 4 ; D 1 - 3 ; D 1 S 2 S 4  END                    0.0291    0.01957  0.02149
  59.  3786   D 1 - 4 S 5 ; D 1 - 3 S 4 ; D 1 S 2 ; D 1 S 2  END                        0.0290    0.01472  0.02498
  60. 10660   S 1 D 2 - 3 S 4 ; D 1 - 3 ; D 1 - 2 S 3 S 5 ; D 1 - 2  END                0.0274    0.01334  0.02398
  61. 10609   D 1 S 2 D 3 S 4 ; D 1 - 3 ; D 1 - 2 S 3 S 6 ; D 1 - 2  END                0.0274    0.01334  0.02398
  62.   458   D 1 S 2 D 3 S 4 ; D 1 - 3 ; D 1 - 2 S 3 - 4 ; D 1 - 2  END                0.0274    0.00700  0.02647
  63. 10506   D 1 - 2 S 3 - 4 ; D 1 - 3 ; D 1 - 2 S 3 S 5 ; D 1 - 2  END                0.0274   -0.00700 -0.02647
  64.  1756   D 1 - 2 S 3 D 4 ; D 1 - 3 S 4 ; D 1 - 2 S 3 ; D 1 S 2  END                0.0263   -0.00481  0.02585
  65.   725   D 1 - 3 S 4 ; D 1 - 3 S 4 ; D 1 - 2 S 4 ; D 1 S 2  END                    0.0263    0.00481 -0.02585
  66.   230   D 1 - 4 ; D 1 - 2 ; D 1 - 3 ; D 1 - 2  END                                0.0256    0.02563
  67.    97   D 1 - 3 ; D 1 - 3 ; D 1 - 2 ; D 1 - 3  END                                0.0256    0.02563
  68.   385   D 1 - 3 S 4 ; S 1 D 2 - 3 ; D 1 - 2 S 3 ; D 1 - 2 S 4  END                0.0255    0.01079 -0.02313
  69. 10463   D 1 - 3 S 4 ; D 1 S 2 D 3 ; D 1 - 2 S 3 ; D 1 - 2 S 5  END                0.0255    0.01079 -0.02313
  70.   496   D 1 S 2 - 5 ; D 1 - 3 ; D 1 - 3 ; D 1 - 2  END                            0.0243   -0.00429 -0.02396
  71. 10376   D 1 - 3 ; D 1 - 3 ; D 1 S 2 - 5 ; D 1 - 2  END                            0.0243   -0.00429 -0.02396
  72.   342   D 1 - 2 S 3 - 4 ; D 1 - 2 S 3 - 4 ; D 1 - 3 ; D 1 - 2  END                0.0243    0.00995  0.02221
  73.    80   D 1 - 3 ; D 1 - 3 ; D 1 - 2 S 3 - 4 ; D 1 S 2 - 3  END                    0.0243   -0.00995 -0.02221
  74.   140   D 1 - 3 S 4 ; D 1 - 3 S 4 ; S 1 D 2 - 3 ; D 1 S 2  END                    0.0240    0.02303  0.00660
  75.    78   D 1 - 3 S 6 ; D 1 - 3 S 4 ; D 1 - 2 S 3 ; D 1 S 2  END                    0.0240   -0.02303 -0.00660
  76.    51   D 1 - 3 S 4 - 5 ; D 1 - 3 ; D 1 - 3 ; S 1 - 2  END                        0.0239    0.01861  0.01494
  77.   121   D 1 - 3 ; D 1 - 3 S 4 - 5 ; D 1 S 2 - 3 ; D 1 - 2  END                    0.0239    0.01861  0.01494
  78.   730   D 1 - 3 ; D 1 - 4 ; D 1 - 2 ; D 1 S 2 S 4  END                            0.0229   -0.02292
  79.  1372   D 1 - 4 ; D 1 S 2 D 3 S 4 ; D 1 - 3 ; D 1  END                            0.0229    0.02292
  80. 10608   D 1 S 2 D 3 S 4 ; D 1 - 3 ; D 1 - 2 S 3 S 5 ; D 1 - 2  END                0.0227    0.01872  0.01292
  81.   307   D 1 - 2 S 3 - 4 ; D 1 - 3 ; D 1 - 3 ; D 1 S 2 S 4  END                    0.0227   -0.01670  0.01543
  82.   262   D 1 - 3 ; D 1 S 2 D 3 S 4 ; D 1 - 2 S 3 - 4 ; D 1 - 2  END                0.0227    0.01670 -0.01543
  83.  6206   D 1 - 2 S 3 - 4 ; D 1 - 2 S 3 - 4 ; D 1 - 2 S 3 - 4 ; D 1 S 2 - 3  END    0.0225    0.00419  0.00037 -0.00302  0.00347
                                                                                                 -0.00277 -0.01123 -0.00782 -0.00101
                                                                                                 -0.00661  0.00651 -0.01027 -0.00077
                                                                                                 -0.00661  0.00598
  84.  3575   D 1 - 5 ; D 1 - 3 ; D 1 - 2 ; D 1  END                                    0.0222    0.02216
  85.  3923   D 1 - 4 ; D 1 - 4 ; D 1 ; D 1 - 2  END                                    0.0222    0.02216
  86.  1736   D 1 - 2 S 3 - 4 ; D 1 - 3 S 4 - 5 ; D 1 - 3 ; S 1 - 2  END                0.0221   -0.00024 -0.00248 -0.00304 -0.00044
                                                                                                 -0.02177
  87.   703   D 1 - 3 ; D 1 - 3 S 4 - 5 ; D 1 - 2 S 3 - 4 ; S 1 - 2  END                0.0221   -0.00123  0.00352 -0.00044  0.00123
                                                                                                 -0.02177
  88. 10514   D 1 - 2 S 3 - 4 ; D 1 - 3 ; D 1 S 2 D 3 S 5 ; D 1 - 2  END                0.0221   -0.02113 -0.00649
  89.   459   D 1 S 2 D 3 S 5 ; D 1 - 3 ; D 1 - 2 S 3 - 4 ; D 1 - 2  END                0.0221   -0.02113 -0.00649
  90.  1629   D 1 - 3 S 4 ; D 1 S 2 - 4 ; D 1 - 2 S 3 ; D 1 - 2 S 3  END                0.0214    0.00154 -0.00152 -0.01159  0.00674
                                                                                                 -0.01652
  91.  1125   D 1 - 3 S 4 ; D 1 - 2 S 3 ; D 1 - 2 S 3 ; D 1 S 2 - 4  END                0.0214   -0.00966 -0.00505  0.01094 -0.00448
                                                                                                 -0.01410
  92.   435   D 1 - 2 S 3 - 4 ; S 1 D 2 - 3 S 5 ; D 1 - 3 ; D 1 - 2  END                0.0213    0.02003  0.00727
  93. 10357   D 1 - 3 ; D 1 - 3 ; D 1 - 2 S 3 - 4 ; S 1 D 2 S 5  END                    0.0213    0.02003  0.00727
  94.  1763   D 1 - 2 S 3 - 4 ; D 1 - 3 ; D 1 - 2 S 3 - 4 ; D 1 S 2 S 4  END            0.0211    0.01031 -0.00341 -0.01736  0.00465
                                                                                                  0.00188
  95.  2102   D 1 - 2 S 3 - 4 ; D 1 S 2 D 3 S 4 ; D 1 - 2 S 3 - 4 ; D 1 - 2  END        0.0211   -0.00197  0.00527 -0.01039  0.01736
                                                                                                 -0.00188
  96. 10560   D 1 - 3 S 4 ; S 1 D 2 - 3 ; D 1 - 2 S 3 ; D 1 - 2 S 5  END                0.0211   -0.01655  0.01305
  97.  1961   D 1 - 2 S 3 - 4 ; D 1 - 2 S 3 - 4 ; D 1 - 3 ; D 1 S 2 - 3  END            0.0209   -0.00273 -0.00363 -0.00885  0.00931
                                                                                                 -0.01584
  98.  1135   D 1 - 3 ; D 1 - 2 S 3 - 4 ; D 1 - 2 S 3 - 4 ; D 1 S 2 - 3  END            0.0209   -0.00461  0.00881  0.00931 -0.00013
                                                                                                 -0.01584
  99. 10499   D 1 - 2 S 3 - 4 ; D 1 - 3 ; D 1 - 3 ; S 1 D 2 S 5  END                    0.0208   -0.01970 -0.00674
 100.   391   D 1 - 3 ; S 1 D 2 - 3 S 5 ; D 1 - 2 S 3 - 4 ; D 1 - 2  END                0.0208   -0.01970 -0.00674




 POSITION OF FIRST SPIN COUPLING FOR TEN MOST IMPORTANT CONFIGURATIONS
      39     32      3     26     27    159    118      2      9     19



 ********************************
 RESULTS FOR ROOT   04
 TOTAL CI ENERGY =   -339.6111273
 ********************************

       CONF.                                                                           COEFF.
        NO.        SPACE ORBITAL PRODUCTS                                             CONTRIB.      CI COEFFICIENTS

       -----       ----------------------                                             --------   ---------------------
   1.     3   D 1 - 3 S 4 ; D 1 - 3 S 4 ; D 1 - 2 S 3 ; D 1 S 2  END                    0.5034    0.00406  0.50338
   2.    15   D 1 - 4 ; D 1 - 3 ; D 1 - 3 ; D 1  END                                    0.2693   -0.26926
   3.    16   D 1 - 3 ; D 1 - 4 ; D 1 - 2 ; D 1 - 2  END                                0.2693   -0.26926
   4.    89   D 1 - 3 S 4 - 5 ; D 1 - 3 ; D 1 - 2 ; D 1 - 2  END                        0.2525   -0.25251
   5.   115   D 1 - 4 ; D 1 - 3 ; D 1 S 2 - 3 ; D 1 - 2  END                            0.2525   -0.25251
   6.     4   D 1 - 3 S 4 - 5 ; D 1 - 3 ; D 1 S 2 - 3 ; D 1 - 2  END                    0.1633   -0.14465 -0.07587
   7.     1   D 1 - 3 ; D 1 - 3 ; D 1 - 3 ; D 1 - 2  END                                0.1512   -0.15122
   8.    75   D 1 - 3 S 4 ; D 1 - 3 S 5 ; D 1 - 2 S 3 ; D 1 S 2  END                    0.1401   -0.10301  0.09496
   9.    82   D 1 - 3 S 4 ; D 1 - 3 S 4 ; D 1 - 2 S 3 ; S 1 D 2  END                    0.1401    0.10301 -0.09496
  10.     6   D 1 - 3 S 4 ; D 1 - 2 S 3 ; D 1 - 2 S 3 ; D 1 - 2 S 3  END                0.1033    0.06606 -0.07938
  11.    33   D 1 S 2 D 3 S 4 ; D 1 - 3 ; D 1 - 3 ; D 1 - 2  END                        0.0991   -0.09909
  12. 10334   D 1 - 3 ; D 1 - 3 ; D 1 - 2 S 3 S 5 ; D 1 - 2  END                        0.0991    0.09909
  13.  3578   D 1 - 4 ; D 1 - 4 ; D 1 - 2 ; D 1  END                                    0.0954    0.09541
  14.     7   D 1 - 3 S 4 ; D 1 - 3 S 5 ; D 1 - 2 S 3 ; S 1 D 2  END                    0.0928    0.06587 -0.06535
  15.   116   D 1 - 3 S 4 S 6 ; D 1 - 3 ; D 1 S 2 - 3 ; D 1 - 2  END                    0.0795    0.04546  0.06523
  16.   157   D 1 - 3 S 4 - 5 ; D 1 - 3 ; S 1 D 2 S 3 ; D 1 - 2  END                    0.0795    0.04546  0.06523
  17.    18   D 1 - 3 ; D 1 - 3 ; D 1 - 3 ; D 1 S 2 S 4  END                            0.0781    0.07813
  18.    26   D 1 - 3 ; D 1 S 2 D 3 S 4 ; D 1 - 3 ; D 1 - 2  END                        0.0781   -0.07813
  19.    21   D 1 - 3 ; D 1 - 3 ; D 1 - 2 S 3 - 4 ; D 1 - 2  END                        0.0743   -0.07426
  20.    28   D 1 - 2 S 3 - 4 ; D 1 - 3 ; D 1 - 3 ; D 1 - 2  END                        0.0743   -0.07426
  21.     9   D 1 - 3 S 5 ; D 1 - 3 S 4 ; D 1 S 2 D 3 ; D 1 S 2  END                    0.0736    0.05096 -0.05305
  22.     8   D 1 - 2 S 3 - 4 ; D 1 - 3 ; D 1 - 2 S 3 - 4 ; D 1 - 2  END                0.0735    0.04770  0.05595
  23.   127   D 1 - 4 ; D 1 - 3 ; D 1 D 3 ; D 1 - 2  END                                0.0714    0.07140
  24.    91   D 1 - 3 D 5 ; D 1 - 3 ; D 1 - 2 ; D 1 - 2  END                            0.0714    0.07140
  25.    50   D 1 - 4 ; D 1 - 3 ; D 1 - 3 ; S 1 - 2  END                                0.0647   -0.06466
  26.    94   D 1 - 3 ; D 1 - 3 S 4 - 5 ; D 1 - 2 ; D 1 - 2  END                        0.0647   -0.06466
  27.   107   D 1 - 3 S 4 ; D 1 - 3 S 4 ; D 1 S 2 D 3 ; S 1 D 2  END                    0.0627   -0.00878  0.06210
  28.    77   D 1 - 3 S 5 ; D 1 - 3 S 5 ; D 1 - 2 S 3 ; D 1 S 2  END                    0.0627   -0.00878  0.06210
  29.    14   D 1 - 3 S 4 ; D 1 S 2 D 3 ; D 1 - 2 S 3 ; D 1 - 2 S 4  END                0.0588    0.01631 -0.05653
  30.    11   D 1 - 3 ; D 1 - 4 ; D 1 - 3 ; D 1  END                                    0.0586   -0.05859
  31.    36   S 1 D 2 - 3 S 4 ; D 1 - 3 ; D 1 - 3 ; D 1 - 2  END                        0.0544    0.05438
  32. 10335   D 1 - 3 ; D 1 - 3 ; D 1 - 2 S 3 S 6 ; D 1 - 2  END                        0.0544   -0.05438
  33.    22   D 1 - 3 ; D 1 - 3 ; D 1 S 2 D 3 S 4 ; D 1 - 2  END                        0.0512    0.05116
  34.    29   D 1 - 2 S 3 S 5 ; D 1 - 3 ; D 1 - 3 ; D 1 - 2  END                        0.0512   -0.05116
  35.   156   D 1 - 4 ; D 1 - 3 ; S 1 D 2 S 3 ; D 1 - 2  END                            0.0478    0.04780
  36.    90   D 1 - 3 S 4 S 6 ; D 1 - 3 ; D 1 - 2 ; D 1 - 2  END                        0.0478    0.04780
  37.    19   D 1 - 3 ; D 1 - 3 ; D 1 - 3 ; S 1 D 2 S 3  END                            0.0434    0.04338
  38.    25   D 1 - 3 ; D 1 - 2 S 3 S 5 ; D 1 - 3 ; D 1 - 2  END                        0.0434    0.04338
  39.    10   D 1 - 3 ; D 1 - 3 S 4 - 5 ; D 1 - 3 ; S 1 - 2  END                        0.0431   -0.04307 -0.00045
  40.    24   D 1 - 3 ; D 1 - 2 S 3 - 4 ; D 1 - 3 ; D 1 - 2  END                        0.0405   -0.04052
  41.    17   D 1 - 3 ; D 1 - 3 ; D 1 - 3 ; D 1 S 2 - 3  END                            0.0405    0.04052
  42.  3704   D 1 - 4 ; D 1 - 4 ; D 1 S 2 - 3 ; D 1  END                                0.0403    0.04025
  43.  3585   D 1 - 3 S 4 - 5 ; D 1 - 4 ; D 1 - 2 ; D 1  END                            0.0403    0.04025
  44.   101   D 1 - 3 S 4 ; D 1 - 3 S 5 ; D 1 S 2 D 3 ; D 1 S 2  END                    0.0401    0.03949 -0.00713
  45.    83   D 1 - 3 S 5 ; D 1 - 3 S 4 ; D 1 - 2 S 3 ; S 1 D 2  END                    0.0401    0.03949 -0.00713
  46.    39   D 1 - 3 S 4 - 5 ; D 1 - 3 ; D 1 - 3 ; D 1  END                            0.0395   -0.03954
  47.   120   D 1 - 3 ; D 1 - 4 ; D 1 S 2 - 3 ; D 1 - 2  END                            0.0395   -0.03954
  48. 10506   D 1 - 2 S 3 - 4 ; D 1 - 3 ; D 1 - 2 S 3 S 5 ; D 1 - 2  END                0.0382    0.00317  0.03810
  49.   458   D 1 S 2 D 3 S 4 ; D 1 - 3 ; D 1 - 2 S 3 - 4 ; D 1 - 2  END                0.0382   -0.00317 -0.03810
  50.    52   D 1 - 3 S 4 S 6 ; D 1 - 3 ; D 1 - 3 ; S 1 - 2  END                        0.0378   -0.03163 -0.02070
  51.   162   D 1 - 3 ; D 1 - 3 S 4 - 5 ; S 1 D 2 S 3 ; D 1 - 2  END                    0.0378   -0.03163 -0.02070
  52.   141   D 1 - 3 S 4 ; D 1 - 3 S 5 ; S 1 D 2 - 3 ; D 1 S 2  END                    0.0375   -0.03354 -0.01683
  53.    85   D 1 - 3 S 6 ; D 1 - 3 S 4 ; D 1 - 2 S 3 ; S 1 D 2  END                    0.0375   -0.03354 -0.01683
  54.  3713   D 1 - 3 S 4 - 5 ; D 1 - 4 ; D 1 S 2 - 3 ; D 1  END                        0.0366    0.01638  0.03272
  55.    79   D 1 - 3 S 6 ; D 1 - 3 S 5 ; D 1 - 2 S 3 ; D 1 S 2  END                    0.0353    0.00234 -0.03524
  56.   148   D 1 - 3 S 4 ; D 1 - 3 S 4 ; S 1 D 2 - 3 ; S 1 D 2  END                    0.0353    0.00234 -0.03524
  57. 10608   D 1 S 2 D 3 S 4 ; D 1 - 3 ; D 1 - 2 S 3 S 5 ; D 1 - 2  END                0.0345   -0.01874 -0.02901
  58.  6206   D 1 - 2 S 3 - 4 ; D 1 - 2 S 3 - 4 ; D 1 - 2 S 3 - 4 ; D 1 S 2 - 3  END    0.0312   -0.00242  0.00033  0.00201 -0.00268
                                                                                                  0.00254  0.00023  0.00123 -0.02438
                                                                                                 -0.00948 -0.00421  0.00166 -0.00185
                                                                                                 -0.00948 -0.01229
  59.    45   D 1 - 3 ; D 1 - 3 D 5 ; D 1 - 3 ; D 1  END                                0.0312    0.03118
  60.    68   D 1 - 3 ; D 1 - 4 ; D 1 - 3 ; D 2  END                                    0.0312    0.03118
  61.   144   D 1 - 3 S 6 ; D 1 - 3 S 4 ; S 1 D 2 - 3 ; D 1 S 2  END                    0.0309    0.02668 -0.01562
  62.   100   D 1 - 3 S 4 ; D 1 - 3 S 4 ; D 1 S 2 D 3 ; D 1 S 2  END                    0.0308    0.03079 -0.00067
  63.    76   D 1 - 3 S 5 ; D 1 - 3 S 4 ; D 1 - 2 S 3 ; D 1 S 2  END                    0.0308   -0.03079  0.00067
  64.    51   D 1 - 3 S 4 - 5 ; D 1 - 3 ; D 1 - 3 ; S 1 - 2  END                        0.0304    0.02803  0.01174
  65.   121   D 1 - 3 ; D 1 - 3 S 4 - 5 ; D 1 S 2 - 3 ; D 1 - 2  END                    0.0304    0.02802  0.01174
  66.  3883   D 1 - 3 S 4 D 5 ; D 1 - 3 S 4 ; D 1 S 3 ; D 1 S 2  END                    0.0285    0.00680 -0.02764
  67. 10560   D 1 - 3 S 4 ; S 1 D 2 - 3 ; D 1 - 2 S 3 ; D 1 - 2 S 5  END                0.0284    0.01159 -0.02595
  68.   385   D 1 - 3 S 4 ; S 1 D 2 - 3 ; D 1 - 2 S 3 ; D 1 - 2 S 4  END                0.0278   -0.01372  0.02417
  69. 10463   D 1 - 3 S 4 ; D 1 S 2 D 3 ; D 1 - 2 S 3 ; D 1 - 2 S 5  END                0.0278   -0.01372  0.02417
  70.  3531   D 1 - 3 S 4 ; D 1 - 4 S 5 ; D 1 - 2 S 3 ; S 1  END                        0.0276   -0.00836  0.02630
  71.   140   D 1 - 3 S 4 ; D 1 - 3 S 4 ; S 1 D 2 - 3 ; D 1 S 2  END                    0.0276    0.02603 -0.00911
  72.    78   D 1 - 3 S 6 ; D 1 - 3 S 4 ; D 1 - 2 S 3 ; D 1 S 2  END                    0.0276   -0.02603  0.00911
  73.   130   D 1 - 3 D 5 ; D 1 - 3 ; D 1 D 3 ; D 1 - 2  END                            0.0275   -0.02747
  74.   129   D 1 - 3 S 4 S 6 ; D 1 - 3 ; D 1 D 3 ; D 1 - 2  END                        0.0274   -0.02743
  75.   158   D 1 - 3 D 5 ; D 1 - 3 ; S 1 D 2 S 3 ; D 1 - 2  END                        0.0274   -0.02743
  76.  4576   D 1 - 3 S 4 - 5 ; D 1 - 2 S 3 - 4 ; D 1 S 2 - 3 ; D 1 S 2 - 3  END        0.0272    0.00236 -0.00265 -0.00074  0.00282
                                                                                                 -0.00541 -0.00388 -0.00430  0.01964
                                                                                                 -0.00514  0.01012 -0.00375 -0.00016
                                                                                                 -0.00514  0.00994
  77.  3744   D 1 - 3 S 4 - 5 ; D 1 - 3 S 4 - 5 ; D 1 S 2 - 3 ; S 1 - 2  END            0.0265    0.00198  0.00351  0.00088  0.00205
                                                                                                 -0.00171  0.00063 -0.00453  0.01386
                                                                                                  0.00455  0.01161 -0.00811  0.00294
                                                                                                  0.00455  0.01467
  78.   118   D 1 - 3 S 5 - 6 ; D 1 - 3 ; D 1 S 2 - 3 ; D 1 - 2  END                    0.0262    0.01170  0.02346
  79.   169   D 1 - 3 S 4 - 5 ; D 1 - 3 ; S 1 - 2 D 3 ; D 1 - 2  END                    0.0262   -0.01170 -0.02346
  80.  5428   D 1 - 3 S 4 ; D 1 S 2 - 4 ; D 1 - 2 S 3 ; D 1 S 2 - 4  END                0.0253   -0.00253  0.00077  0.00235  0.00253
                                                                                                 -0.00341  0.00012  0.00181  0.00266
                                                                                                  0.00527 -0.00101 -0.00110  0.00011
                                                                                                  0.02046 -0.01220
  81.   307   D 1 - 2 S 3 - 4 ; D 1 - 3 ; D 1 - 3 ; D 1 S 2 S 4  END                    0.0251    0.00511  0.02462
  82.   262   D 1 - 3 ; D 1 S 2 D 3 S 4 ; D 1 - 2 S 3 - 4 ; D 1 - 2  END                0.0251   -0.00511 -0.02462
  83.  4051   D 1 - 4 S 6 ; D 1 - 3 S 4 ; S 1 D 2 ; D 1 S 2  END                        0.0250   -0.00564  0.02431
  84.  3603   D 1 - 4 ; D 1 - 3 S 4 - 5 ; D 1 - 2 ; S 1 - 2  END                        0.0249    0.01353  0.02095
  85.  3521   D 1 - 4 S 6 ; D 1 - 3 S 4 ; D 1 - 2 S 3 ; S 1  END                        0.0246    0.00356  0.02437
  86.  4062   D 1 - 3 S 4 ; D 1 - 4 S 5 ; S 1 D 2 ; D 1 S 2  END                        0.0246    0.00356  0.02437
  87.  5933   D 1 - 2 S 3 - 5 ; D 1 - 3 S 4 ; D 1 S 2 - 4 ; D 1 S 2  END                0.0245    0.00348 -0.00231  0.00290 -0.00110
                                                                                                 -0.00636 -0.00262  0.00618 -0.01126
                                                                                                 -0.01162 -0.00950 -0.00166 -0.00219
                                                                                                 -0.01121  0.00192
  88. 10609   D 1 S 2 D 3 S 4 ; D 1 - 3 ; D 1 - 2 S 3 S 6 ; D 1 - 2  END                0.0245   -0.01028 -0.02222
  89. 10660   S 1 D 2 - 3 S 4 ; D 1 - 3 ; D 1 - 2 S 3 S 5 ; D 1 - 2  END                0.0245   -0.01028 -0.02222
  90.     2   D 1 - 4 ; D 1 - 3 ; D 1 - 2 ; D 1 - 2  END                                0.0243    0.02427
  91.    63   D 1 - 3 S 4 - 5 ; D 1 - 3 ; D 1 - 3 ; D 2  END                            0.0243    0.02426
  92.   122   D 1 - 3 ; D 1 - 3 D 5 ; D 1 S 2 - 3 ; D 1 - 2  END                        0.0243    0.02426
  93.  4420   D 1 - 3 S 4 ; D 1 - 2 S 3 D 4 ; D 1 - 2 S 3 ; D 1 S 3  END                0.0242   -0.01029  0.02194
  94.  3976   D 1 - 4 ; D 1 - 3 S 4 - 5 ; S 1 D 2 S 3 ; D 1  END                        0.0238    0.00374  0.02352
  95.  3612   D 1 - 3 S 4 S 6 ; D 1 - 4 ; D 1 - 2 ; S 1 - 2  END                        0.0238    0.00374  0.02352
  96.  2970   S 1 D 2 - 3 S 4 - 5 ; D 1 - 3 S 4 ; D 1 - 2 S 3 ; D 1 S 2  END            0.0237   -0.00903 -0.00575  0.00701  0.00578
                                                                                                 -0.01904
  97. 10886   D 1 - 3 S 4 ; D 1 - 3 S 4 ; D 1 S 2 - 3 S 6 ; D 1 S 2  END                0.0237   -0.00241  0.01129 -0.01360  0.00553
                                                                                                  0.01452
  98.    44   D 1 - 3 ; D 1 - 3 S 4 - 5 ; D 1 - 3 ; D 1  END                            0.0235    0.02355
  99.    56   D 1 - 3 ; D 1 - 4 ; D 1 - 3 ; S 1 - 2  END                                0.0235    0.02355
 100.   243   D 1 - 3 S 4 ; D 1 S 2 D 3 ; D 1 - 3 S 4 ; D 1 S 2  END                    0.0235   -0.00315 -0.02330




 POSITION OF FIRST SPIN COUPLING FOR TEN MOST IMPORTANT CONFIGURATIONS
       3     26     27    118    159      5      1     90    104      9



 ********************************
 RESULTS FOR ROOT   05
 TOTAL CI ENERGY =   -339.2888417
 ********************************

       CONF.                                                                           COEFF.
        NO.        SPACE ORBITAL PRODUCTS                                             CONTRIB.      CI COEFFICIENTS

       -----       ----------------------                                             --------   ---------------------
   1.    21   D 1 - 3 ; D 1 - 3 ; D 1 - 2 S 3 - 4 ; D 1 - 2  END                        0.3013    0.30129
   2.    28   D 1 - 2 S 3 - 4 ; D 1 - 3 ; D 1 - 3 ; D 1 - 2  END                        0.3013    0.30128
   3.    17   D 1 - 3 ; D 1 - 3 ; D 1 - 3 ; D 1 S 2 - 3  END                            0.2813   -0.28134
   4.    24   D 1 - 3 ; D 1 - 2 S 3 - 4 ; D 1 - 3 ; D 1 - 2  END                        0.2813    0.28134
   5.     2   D 1 - 4 ; D 1 - 3 ; D 1 - 2 ; D 1 - 2  END                                0.2557    0.25569
   6.   115   D 1 - 4 ; D 1 - 3 ; D 1 S 2 - 3 ; D 1 - 2  END                            0.2114   -0.21140
   7.    89   D 1 - 3 S 4 - 5 ; D 1 - 3 ; D 1 - 2 ; D 1 - 2  END                        0.2114   -0.21140
   8.     3   D 1 - 3 S 4 ; D 1 - 3 S 4 ; D 1 - 2 S 3 ; D 1 S 2  END                    0.2064   -0.20251  0.04002
   9.    11   D 1 - 3 ; D 1 - 4 ; D 1 - 3 ; D 1  END                                    0.2019   -0.20190
  10.     6   D 1 - 3 S 4 ; D 1 - 2 S 3 ; D 1 - 2 S 3 ; D 1 - 2 S 3  END                0.1435   -0.10863  0.09377
  11.     8   D 1 - 2 S 3 - 4 ; D 1 - 3 ; D 1 - 2 S 3 - 4 ; D 1 - 2  END                0.1391   -0.10301 -0.09345
  12.    15   D 1 - 4 ; D 1 - 3 ; D 1 - 3 ; D 1  END                                    0.1231    0.12313
  13.    16   D 1 - 3 ; D 1 - 4 ; D 1 - 2 ; D 1 - 2  END                                0.1231    0.12313
  14.     1   D 1 - 3 ; D 1 - 3 ; D 1 - 3 ; D 1 - 2  END                                0.0886    0.08864
  15.   100   D 1 - 3 S 4 ; D 1 - 3 S 4 ; D 1 S 2 D 3 ; D 1 S 2  END                    0.0822   -0.07847  0.02457
  16.    76   D 1 - 3 S 5 ; D 1 - 3 S 4 ; D 1 - 2 S 3 ; D 1 S 2  END                    0.0822    0.07847 -0.02457
  17.    39   D 1 - 3 S 4 - 5 ; D 1 - 3 ; D 1 - 3 ; D 1  END                            0.0752    0.07520
  18.   120   D 1 - 3 ; D 1 - 4 ; D 1 S 2 - 3 ; D 1 - 2  END                            0.0752    0.07520
  19.    22   D 1 - 3 ; D 1 - 3 ; D 1 S 2 D 3 S 4 ; D 1 - 2  END                        0.0735    0.07354
  20.    29   D 1 - 2 S 3 S 5 ; D 1 - 3 ; D 1 - 3 ; D 1 - 2  END                        0.0735   -0.07354
  21.     5   D 1 - 3 S 4 S 6 ; D 1 - 3 ; S 1 D 2 S 3 ; D 1 - 2  END                    0.0643    0.06153 -0.01872
  22.     4   D 1 - 3 S 4 - 5 ; D 1 - 3 ; D 1 S 2 - 3 ; D 1 - 2  END                    0.0618    0.03230 -0.05270
  23.    26   D 1 - 3 ; D 1 S 2 D 3 S 4 ; D 1 - 3 ; D 1 - 2  END                        0.0605   -0.06048
  24.    18   D 1 - 3 ; D 1 - 3 ; D 1 - 3 ; D 1 S 2 S 4  END                            0.0605    0.06048
  25.    10   D 1 - 3 ; D 1 - 3 S 4 - 5 ; D 1 - 3 ; S 1 - 2  END                        0.0550   -0.02516 -0.04896
  26.     9   D 1 - 3 S 5 ; D 1 - 3 S 4 ; D 1 S 2 D 3 ; D 1 S 2  END                    0.0530    0.03487 -0.03995
  27.    92   D 1 - 3 S 5 - 6 ; D 1 - 3 ; D 1 - 2 ; D 1 - 2  END                        0.0518    0.05175
  28.   168   D 1 - 4 ; D 1 - 3 ; S 1 - 2 D 3 ; D 1 - 2  END                            0.0518   -0.05175
  29.    82   D 1 - 3 S 4 ; D 1 - 3 S 4 ; D 1 - 2 S 3 ; S 1 D 2  END                    0.0488    0.04262 -0.02377
  30.    75   D 1 - 3 S 4 ; D 1 - 3 S 5 ; D 1 - 2 S 3 ; D 1 S 2  END                    0.0488   -0.04262  0.02377
  31.     7   D 1 - 3 S 4 ; D 1 - 3 S 5 ; D 1 - 2 S 3 ; S 1 D 2  END                    0.0478   -0.02590 -0.04019
  32.   157   D 1 - 3 S 4 - 5 ; D 1 - 3 ; S 1 D 2 S 3 ; D 1 - 2  END                    0.0478    0.04697  0.00890
  33.   116   D 1 - 3 S 4 S 6 ; D 1 - 3 ; D 1 S 2 - 3 ; D 1 - 2  END                    0.0478    0.04697  0.00890
  34.   257   D 1 - 3 S 4 ; D 1 S 2 D 3 ; D 1 - 2 S 3 ; D 1 - 2 S 3  END                0.0468    0.02733 -0.03805
  35.   207   D 1 - 3 S 4 ; D 1 - 2 S 3 ; D 1 - 2 S 3 ; D 1 - 2 S 4  END                0.0468    0.02733 -0.03805
  36.   181   D 1 - 4 ; D 1 - 3 ; D 2 - 3 ; D 1 - 2  END                                0.0454   -0.04542
  37.    93   D 1 - 3 D 6 ; D 1 - 3 ; D 1 - 2 ; D 1 - 2  END                            0.0454   -0.04541
  38.   127   D 1 - 4 ; D 1 - 3 ; D 1 D 3 ; D 1 - 2  END                                0.0441   -0.04411
  39.    91   D 1 - 3 D 5 ; D 1 - 3 ; D 1 - 2 ; D 1 - 2  END                            0.0441   -0.04411
  40.    33   D 1 S 2 D 3 S 4 ; D 1 - 3 ; D 1 - 3 ; D 1 - 2  END                        0.0425   -0.04248
  41. 10334   D 1 - 3 ; D 1 - 3 ; D 1 - 2 S 3 S 5 ; D 1 - 2  END                        0.0425    0.04248
  42.   194   D 1 - 3 S 4 ; D 1 - 2 S 3 ; D 1 - 3 S 4 ; D 1 S 2  END                    0.0405   -0.03470 -0.02094
  43.   324   D 1 - 2 S 3 ; D 1 - 3 S 4 ; D 1 - 2 S 3 ; D 1 - 2 S 3  END                0.0405    0.03470  0.02094
  44.   719   D 1 - 4 ; D 1 - 3 ; D 1 - 2 ; D 1 S 2 - 3  END                            0.0396    0.03957
  45.  1163   D 1 - 4 ; D 1 - 2 S 3 - 4 ; D 1 - 2 ; D 1 - 2  END                        0.0396   -0.03957
  46.   677   D 1 - 3 S 4 ; D 1 - 3 S 4 ; D 1 - 2 S 3 ; D 1 S 3  END                    0.0395   -0.00607  0.03900
  47.  1120   D 1 - 3 S 4 ; D 1 - 2 S 3 D 4 ; D 1 - 2 S 3 ; D 1 S 2  END                0.0395   -0.00606  0.03900
  48.  1756   D 1 - 2 S 3 D 4 ; D 1 - 3 S 4 ; D 1 - 2 S 3 ; D 1 S 2  END                0.0387    0.00023  0.03870
  49.   725   D 1 - 3 S 4 ; D 1 - 3 S 4 ; D 1 - 2 S 4 ; D 1 S 2  END                    0.0387   -0.00023 -0.03870
  50.    94   D 1 - 3 ; D 1 - 3 S 4 - 5 ; D 1 - 2 ; D 1 - 2  END                        0.0385   -0.03846
  51.    50   D 1 - 4 ; D 1 - 3 ; D 1 - 3 ; S 1 - 2  END                                0.0385   -0.03846
  52.   262   D 1 - 3 ; D 1 S 2 D 3 S 4 ; D 1 - 2 S 3 - 4 ; D 1 - 2  END                0.0383    0.03185  0.02119
  53.   307   D 1 - 2 S 3 - 4 ; D 1 - 3 ; D 1 - 3 ; D 1 S 2 S 4  END                    0.0383   -0.03185 -0.02119
  54.    78   D 1 - 3 S 6 ; D 1 - 3 S 4 ; D 1 - 2 S 3 ; D 1 S 2  END                    0.0376    0.01531 -0.03429
  55.   140   D 1 - 3 S 4 ; D 1 - 3 S 4 ; S 1 D 2 - 3 ; D 1 S 2  END                    0.0376   -0.01531  0.03429
  56.   306   D 1 - 2 S 3 - 4 ; D 1 - 3 ; D 1 - 3 ; D 1 S 2 - 3  END                    0.0375    0.03262  0.01853
  57.   212   D 1 - 3 ; D 1 - 2 S 3 - 4 ; D 1 - 2 S 3 - 4 ; D 1 - 2  END                0.0375   -0.03262 -0.01853
  58.   108   D 1 - 3 S 4 ; D 1 - 3 S 5 ; D 1 S 2 D 3 ; S 1 D 2  END                    0.0367    0.01694 -0.03256
  59.    84   D 1 - 3 S 5 ; D 1 - 3 S 5 ; D 1 - 2 S 3 ; S 1 D 2  END                    0.0367   -0.01694  0.03256
  60.   214   D 1 - 3 S 4 ; D 1 - 2 S 3 ; D 1 S 2 D 3 ; D 1 - 2 S 3  END                0.0357    0.01622 -0.03179
  61.   208   D 1 - 3 S 5 ; D 1 - 2 S 3 ; D 1 - 2 S 3 ; D 1 - 2 S 3  END                0.0357   -0.01622  0.03179
  62.   243   D 1 - 3 S 4 ; D 1 S 2 D 3 ; D 1 - 3 S 4 ; D 1 S 2  END                    0.0356    0.02774  0.02235
  63.   325   D 1 - 2 S 3 ; D 1 - 3 S 4 ; D 1 - 2 S 3 ; D 1 - 2 S 4  END                0.0356   -0.02774 -0.02235
  64.    12   D 1 - 2 S 3 ; D 1 - 2 S 3 ; D 1 - 3 S 4 ; D 1 - 2 S 3  END                0.0353   -0.00723 -0.03459
  65.    80   D 1 - 3 ; D 1 - 3 ; D 1 - 2 S 3 - 4 ; D 1 S 2 - 3  END                    0.0342   -0.02609 -0.02206
  66.   342   D 1 - 2 S 3 - 4 ; D 1 - 2 S 3 - 4 ; D 1 - 3 ; D 1 - 2  END                0.0342    0.02609  0.02206
  67.   720   D 1 - 4 ; D 1 - 3 ; D 1 - 2 ; D 1 S 2 S 4  END                            0.0340   -0.03404
  68.  1466   D 1 - 4 ; D 1 S 2 D 3 S 4 ; D 1 - 2 ; D 1 - 2  END                        0.0340    0.03404
  69.   246   D 1 - 3 ; D 1 S 2 D 3 S 4 ; D 1 - 3 ; D 1 S 2 - 3  END                    0.0325   -0.02758 -0.01720
  70.   197   D 1 - 3 ; D 1 - 2 S 3 - 4 ; D 1 - 3 ; D 1 S 2 S 4  END                    0.0325   -0.02758 -0.01720
  71.   685   D 1 - 3 ; D 1 - 4 ; D 1 - 2 S 3 - 4 ; D 1  END                            0.0319   -0.03193
  72.  1719   D 1 - 2 S 3 - 4 ; D 1 - 4 ; D 1 - 3 ; D 1  END                            0.0319   -0.03193
  73.    62   D 1 - 4 ; D 1 - 3 ; D 1 - 3 ; D 2  END                                    0.0311   -0.03110
  74.    95   D 1 - 3 ; D 1 - 3 D 5 ; D 1 - 2 ; D 1 - 2  END                            0.0311   -0.03110
  75.    81   D 1 - 3 ; D 1 - 3 ; D 1 - 2 S 3 - 4 ; D 1 S 2 S 4  END                    0.0308    0.02510  0.01784
  76.   349   D 1 - 2 S 3 - 4 ; D 1 S 2 D 3 S 4 ; D 1 - 3 ; D 1 - 2  END                0.0308   -0.02510 -0.01784
  77.   328   D 1 - 2 S 3 - 4 ; D 1 - 3 ; D 1 S 2 D 3 S 4 ; D 1 - 2  END                0.0307    0.00778  0.02966
  78.   322   D 1 - 2 S 3 S 5 ; D 1 - 3 ; D 1 - 2 S 3 - 4 ; D 1 - 2  END                0.0307   -0.00778 -0.02966
  79.    90   D 1 - 3 S 4 S 6 ; D 1 - 3 ; D 1 - 2 ; D 1 - 2  END                        0.0305   -0.03046
  80.   156   D 1 - 4 ; D 1 - 3 ; S 1 D 2 S 3 ; D 1 - 2  END                            0.0305   -0.03046
  81.   144   D 1 - 3 S 6 ; D 1 - 3 S 4 ; S 1 D 2 - 3 ; D 1 S 2  END                    0.0304    0.00937 -0.02895
  82.   128   D 1 - 3 S 4 - 5 ; D 1 - 3 ; D 1 D 3 ; D 1 - 2  END                        0.0287   -0.02866
  83.   117   D 1 - 3 D 5 ; D 1 - 3 ; D 1 S 2 - 3 ; D 1 - 2  END                        0.0287   -0.02866
  84.   924   D 1 - 3 S 4 S 6 ; D 1 - 3 ; S 1 D 2 S 3 ; D 1 S 2 - 3  END                0.0272    0.00215  0.00033  0.00243  0.00271
                                                                                                  0.02689
  85.  1283   D 1 - 3 S 4 S 6 ; D 1 - 2 S 3 - 4 ; S 1 D 2 S 3 ; D 1 - 2  END            0.0272   -0.00134  0.00280 -0.00157 -0.00243
                                                                                                 -0.02689
  86.    36   S 1 D 2 - 3 S 4 ; D 1 - 3 ; D 1 - 3 ; D 1 - 2  END                        0.0269    0.02694
  87. 10335   D 1 - 3 ; D 1 - 3 ; D 1 - 2 S 3 S 6 ; D 1 - 2  END                        0.0269   -0.02694
  88.  1763   D 1 - 2 S 3 - 4 ; D 1 - 3 ; D 1 - 2 S 3 - 4 ; D 1 S 2 S 4  END            0.0262    0.00931 -0.01240 -0.01988  0.00130
                                                                                                  0.00683
  89.  2102   D 1 - 2 S 3 - 4 ; D 1 S 2 D 3 S 4 ; D 1 - 2 S 3 - 4 ; D 1 - 2  END        0.0262   -0.00380 -0.00313 -0.01476  0.01988
                                                                                                 -0.00683
  90.   101   D 1 - 3 S 4 ; D 1 - 3 S 5 ; D 1 S 2 D 3 ; D 1 S 2  END                    0.0261   -0.00918 -0.02441
  91.    83   D 1 - 3 S 5 ; D 1 - 3 S 4 ; D 1 - 2 S 3 ; S 1 D 2  END                    0.0261   -0.00918 -0.02441
  92.   795   D 1 - 3 S 4 - 5 ; D 1 - 3 ; D 1 S 2 - 3 ; D 1 S 2 - 3  END                0.0258    0.00264  0.00277  0.00068  0.00545
                                                                                                  0.02497
  93.  1222   D 1 - 3 S 4 - 5 ; D 1 - 2 S 3 - 4 ; D 1 S 2 - 3 ; D 1 - 2  END            0.0258   -0.00226  0.00623 -0.00056 -0.00068
                                                                                                 -0.02497
  94.    96   D 1 - 3 ; D 1 - 3 ; D 1 - 2 D 4 ; D 1 - 2  END                            0.0256    0.02564
  95.   357   D 1 - 2 D 4 ; D 1 - 3 ; D 1 - 3 ; D 1 - 2  END                            0.0256    0.02564
  96.   834   D 1 - 3 S 4 - 5 ; D 1 - 3 ; D 1 S 2 S 4 ; D 1 - 2  END                    0.0253    0.00422  0.02495
  97.  1855   D 1 - 2 S 3 D 4 S 5 ; D 1 - 3 ; D 1 S 2 - 3 ; D 1 - 2  END                0.0253   -0.00422 -0.02495
  98.   703   D 1 - 3 ; D 1 - 3 S 4 - 5 ; D 1 - 2 S 3 - 4 ; S 1 - 2  END                0.0230   -0.00186  0.00234 -0.00079 -0.00073
                                                                                                 -0.02282
  99.  1736   D 1 - 2 S 3 - 4 ; D 1 - 3 S 4 - 5 ; D 1 - 3 ; S 1 - 2  END                0.0230   -0.00108 -0.00027 -0.00287 -0.00079
                                                                                                 -0.02282
 100.   247   D 1 - 3 ; D 1 S 2 D 3 S 4 ; D 1 - 3 ; D 1 S 2 S 4  END                    0.0230   -0.00471 -0.02252




 POSITION OF FIRST SPIN COUPLING FOR TEN MOST IMPORTANT CONFIGURATIONS
      32     39     28     35      2    159    118      3     19      9



 ELAPSED TIME =      37.18 CPU SECONDS. (     39.43 WALL CLOCK SECONDS)
