 ************************************************************************
 * RTSIM - DAVIDSON METHOD SPARSE MATRIX EIGENVALUE/EIGENVECTOR PROGRAM *
 * QUANTUM CHEMISTRY GROUP - INDIANA UNIVERSITY -  4Jul 2016  22:11:44  *
 ************************************************************************



                 DIAGONALIZATION RUN TITLE
                 -------------------------
 )* WATER TEST *



 ) DAVIDSON
 ) LAST=5
 ) COEFF
 ) NOVLP
 ) MAXITR=1000 END

 THE CI MATRIX IS TITLED:  H2O  -SINGLET A1-  STO-3G HF SD-CI TEST
 THE MATRIX IS DATED:      4Jul 2016  22:11:21 
 THE SPIN MULTIPLICITY IS 1 AND THE DIMENSION IS   1922.

 ROOTS  1 THROUGH  5 WILL BE OBTAINED.

  
  
  
 AMOUNT OF CORE AVAILABLE                      80000000
 MAXIMUM NUMBER OF VECTORS PER ITERATION              5
 MAXIMUM NUMBER OF VECTORS ON DISK                   25
 NUMBER OF SOLUTIONS SOUGHT                           5
 NUMBER OF SOLUTIONS INVESTIGATED                     5
 SIZE OF MATRIX DIAGONALISED                       1922
  
  
 INITIAL GUESS AT ROOTS (OBTAINED FROM DIAGONAL ELEMENTS OF HAMILTONIAN MATRIX)

                1        -340.19001
              165        -337.32047
               23        -335.66067
                8        -335.66067
                2        -335.31268


 ITERATION       ROOT           EIGENVALUE          NORM OF RESIDUAL
     1             1          -340.33676964              6.98523
     1             2          -337.37661638              3.01402
     1             3          -335.82147977              3.24612
     1             4          -335.42419034              2.74850
     1             5          -335.18543645              2.99179
     2             1          -343.56585814              8.56319
     2             2          -338.51080654              8.01310
     2             3          -337.39350370             11.13139
     2             4          -336.37844290              7.68565
     2             5          -335.69415702              9.63925
     2             1          -343.56585814              1.28826
     2             2          -338.51080654              1.41836
     2             3          -337.39350370              1.62813
     2             4          -336.37844290              0.93405
     2             5          -335.69415702              2.01872
     3             1          -343.66900993              1.46001
     3             2          -338.75803808              3.80076
     3             3          -337.73600886              5.29589
     3             4          -336.52565371             26.17282
     3             5          -336.44780533             35.48787
     3             1          -343.66900993              0.27842
     3             2          -338.75803808              0.75746
     3             3          -337.73600886              0.74862
     3             4          -336.52565371              1.18669
     3             5          -336.44780533              0.87327
     4             1          -343.67359956              0.33953
     4             2          -338.82989861              2.47908
     4             3          -337.82489010              3.34160
     4             4          -336.96410138             16.87327
     4             5          -336.48268110             12.57776
     4             1          -343.67359956              0.06186
     4             2          -338.82989861              0.38105
     4             3          -337.82489010              0.46538
     4             4          -336.96410138              1.06730
     4             5          -336.48268110              0.18073
     5             1          -343.67382626              0.08683
     5             2          -338.84342602              1.03121
     5             3          -337.85802766              2.73537
     5             4          -337.13088729              6.17969
     5             5          -336.48651152              0.93837
  truncating with vlp=false 
 TRUNCATION TO 1 VECTOR PER ROOT HAS BEEN PERFORMED
     5             1          -343.67382626              0.01661
     5             2          -338.84342602              0.15479
     5             3          -337.85802766              0.29809
     5             4          -337.13088729              0.58218
     5             5          -336.48651152              0.07148
     6             1          -343.67384237              0.01715
     6             2          -338.84524223              0.22344
     6             3          -337.86719069              0.69783
     6             4          -337.16967466              1.36471
     6             5          -336.48705086              0.15197
     6             1          -343.67384237              0.00580
     6             2          -338.84524223              0.07164
     6             3          -337.86719069              0.17676
     6             4          -337.16967466              0.35761
     6             5          -336.48705086              0.03397
     7             1          -343.67384462              0.01076
     7             2          -338.84581426              0.23896
     7             3          -337.87393317              1.41681
     7             4          -337.20794137              4.10605
     7             5          -336.48723615              0.18148
     7             1          -343.67384462              0.00163
     7             2          -338.84581426              0.03129
     7             3          -337.87393317              0.14314
     7             4          -337.20794137              0.43255
     7             5          -336.48723615              0.02210
     8             1          -343.67384478              0.00293
     8             2          -338.84592503              0.11552
     8             3          -337.87718478              1.05195
     8             4          -337.25097264              6.00273
     8             5          -336.69684277           4265.97286
     8             1          -343.67384478              0.00037
     8             2          -338.84592503              0.01223
     8             3          -337.87718478              0.07423
     8             4          -337.25097264              0.37911
     8             5          -336.69684277              1.24165
     9             1          -343.67384479              0.00063
     9             2          -338.84593839              0.03854
     9             3          -337.87786992              0.39760
     9             4          -337.27464556              4.26987
     9             5          -336.89958086              7.91180
  truncating with vlp=false 
 TRUNCATION TO 1 VECTOR PER ROOT HAS BEEN PERFORMED
     9             1          -343.67384479              0.00007
     9             2          -338.84593839              0.00677
     9             3          -337.87786992              0.03330
     9             4          -337.27464556              0.23993
     9             5          -336.89958086              0.73563
     ROOT    ITERATION     NUMBER OF PRODUCTS       EIGENVALUE
       1         9                40                -343.6738447908


    10             2          -338.84593990              0.00693
    10             3          -337.87800017              0.08446
    10             4          -337.28333401              1.32097
    10             5          -336.97739500              2.48333
    10             2          -338.84593990              0.00563
    10             3          -337.87800017              0.01870
    10             4          -337.28333401              0.17965
    10             5          -336.97739500              0.48084
    11             2          -338.84594219              0.00902
    11             3          -337.87805147              0.06729
    11             4          -337.29100215              1.70760
    11             5          -337.04101192              3.75350
    11             2          -338.84594219              0.00312
    11             3          -337.87805147              0.01088
    11             4          -337.29100215              0.17008
    11             5          -337.04101192              0.48785
    12             2          -338.84594322              0.00868
    12             3          -337.87807031              0.05990
    12             4          -337.29977887              3.00256
    12             5          -337.11280758              6.97926
    12             2          -338.84594322              0.00150
    12             3          -337.87807031              0.00713
    12             4          -337.29977887              0.21946
    12             5          -337.11280758              0.59061
    13             2          -338.84594344              0.00416
    13             3          -337.87807653              0.03385
    13             4          -337.31023531              3.94468
    13             5          -337.17134866              6.66848
    13             2          -338.84594344              0.00059
    13             3          -337.87807653              0.00333
    13             4          -337.31023531              0.17175
    13             5          -337.17134866              0.34536
    14             2          -338.84594347              0.00138
    14             3          -337.87807784              0.01261
    14             4          -337.31463953              1.70004
    14             5          -337.18741502              2.43325
  truncating with vlp=false 
 TRUNCATION TO 1 VECTOR PER ROOT HAS BEEN PERFORMED
    14             2          -338.84594347              0.00022
    14             3          -337.87807784              0.00140
    14             4          -337.31463953              0.10010
    14             5          -337.18741502              0.18568
    15             2          -338.84594347              0.00032
    15             3          -337.87807802              0.00232
    15             4          -337.31572328              0.31473
    15             5          -337.19109927              0.44018
    15             2          -338.84594347              0.00010
    15             3          -337.87807802              0.00069
    15             4          -337.31572328              0.06030
    15             5          -337.19109927              0.11034
    16             2          -338.84594347              0.00028
    16             3          -337.87807809              0.00247
    16             4          -337.31645416              0.37925
    16             5          -337.19365442              0.64100
    16             2          -338.84594347              0.00005
    16             3          -337.87807809              0.00035
    16             4          -337.31645416              0.04216
    16             5          -337.19365442              0.08025
     ROOT    ITERATION     NUMBER OF PRODUCTS       EIGENVALUE
       2        16                68                -338.8459434728


    17             3          -337.87807810              0.00104
    17             4          -337.31668388              0.18643
    17             5          -337.19453011              0.36777
    17             3          -337.87807810              0.00015
    17             4          -337.31668388              0.02133
    17             5          -337.19453011              0.04223
    18             3          -337.87807811              0.00046
    18             4          -337.31674083              0.08199
    18             5          -337.19476789              0.17502
    18             3          -337.87807811              0.00008
    18             4          -337.31674083              0.01083
    18             5          -337.19476789              0.02229
     ROOT    ITERATION     NUMBER OF PRODUCTS       EIGENVALUE
       3        18                74                -337.8780781059


    19             4          -337.31675566              0.04089
    19             5          -337.19483811              0.09713
    19             4          -337.31675566              0.00698
    19             5          -337.19483811              0.01540
    20             4          -337.31676585              0.05811
    20             5          -337.19489620              0.15120
    20             4          -337.31676585              0.00629
    20             5          -337.19489620              0.01468
    21             4          -337.31677109              0.03674
    21             5          -337.19493100              0.10780
  truncating with vlp=false 
 TRUNCATION TO 1 VECTOR PER ROOT HAS BEEN PERFORMED
    21             4          -337.31677109              0.00399
    21             5          -337.19493100              0.00968
    22             4          -337.31677246              0.00649
    22             5          -337.19494128              0.01886
    22             4          -337.31677246              0.00257
    22             5          -337.19494128              0.00542
    23             4          -337.31677299              0.00615
    23             5          -337.19494572              0.01813
    23             4          -337.31677299              0.00200
    23             5          -337.19494572              0.00338
    24             4          -337.31677321              0.00445
    24             5          -337.19494747              0.01632
    24             4          -337.31677321              0.00174
    24             5          -337.19494747              0.00260
    25             4          -337.31677339              0.00497
    25             5          -337.19494855              0.01500
    25             4          -337.31677339              0.00143
    25             5          -337.19494855              0.00220
    26             4          -337.31677350              0.00400
    26             5          -337.19494924              0.01291
    26             4          -337.31677350              0.00099
    26             5          -337.19494924              0.00157
    27             4          -337.31677358              0.00301
    27             5          -337.19494960              0.01017
    27             4          -337.31677358              0.00060
    27             5          -337.19494960              0.00099
    28             4          -337.31677361              0.00160
    28             5          -337.19494974              0.00535
    28             4          -337.31677361              0.00036
    28             5          -337.19494974              0.00061
    29             4          -337.31677362              0.00128
    29             5          -337.19494979              0.00314
    29             4          -337.31677362              0.00022
    29             5          -337.19494979              0.00036
    30             4          -337.31677362              0.00075
    30             5          -337.19494981              0.00135
    30             4          -337.31677362              0.00012
    30             5          -337.19494981              0.00018
    31             4          -337.31677363              0.00064
    31             5          -337.19494981              0.00100
  truncating with vlp=false 
 TRUNCATION TO 1 VECTOR PER ROOT HAS BEEN PERFORMED
    31             4          -337.31677363              0.00010
    31             5          -337.19494981              0.00012
     ROOT    ITERATION     NUMBER OF PRODUCTS       EIGENVALUE
       4        31               100                -337.3167736272


    32             5          -337.19494982              0.00019
    32             5          -337.19494982              0.00006
     ROOT    ITERATION     NUMBER OF PRODUCTS       EIGENVALUE
       5        32               101                -337.1949498162


  all roots converged 
  

 ************************************
 COMPLETED CI VECTOR OPTIMISATION
 ************************************





 ********************************
 RESULTS FOR ROOT   01
 TOTAL CI ENERGY =   -343.6738448
 ********************************

       CONF.                                                                           COEFF.
        NO.        SPACE ORBITAL PRODUCTS                                             CONTRIB.      CI COEFFICIENTS

       -----       ----------------------                                             --------   ---------------------
   1.     1   D 1 - 3 ; D 1 - 3 ; D 1 - 3 ; D 1 - 2  END                                0.8864    0.88643
   2.   125   D 1 - 4 ; D 1 - 3 ; D 1 - 2 ; D 1 - 2  END                                0.1145   -0.11452
   3.    95   D 1 - 3 S 4 ; D 1 - 3 S 4 ; D 1 - 2 S 3 ; D 1 S 2  END                    0.0974   -0.00796  0.09707
   4.   177   D 1 - 3 S 4 - 5 ; D 1 - 3 ; D 1 S 2 - 3 ; D 1 - 2  END                    0.0699   -0.00637 -0.06957
   5.   250   D 1 - 3 S 4 S 6 ; D 1 - 3 ; S 1 D 2 S 3 ; D 1 - 2  END                    0.0686   -0.00589 -0.06838
   6.   111   D 1 - 3 S 4 ; D 1 - 3 S 5 ; D 1 - 2 S 3 ; S 1 D 2  END                    0.0564    0.00535 -0.05616
   7.    60   D 1 - 3 ; D 1 - 3 S 4 - 5 ; D 1 - 3 ; S 1 - 2  END                        0.0538   -0.00236 -0.05378
   8.   148   D 1 - 3 S 5 ; D 1 - 3 S 4 ; D 1 S 2 D 3 ; D 1 S 2  END                    0.0512    0.00318 -0.05112
   9.   743   D 1 - 2 S 3 ; D 1 - 2 S 3 ; D 1 - 3 S 4 ; D 1 - 2 S 3  END                0.0512    0.00296 -0.05107
  10.   341   D 1 - 3 S 4 ; D 1 - 2 S 3 ; D 1 - 2 S 3 ; D 1 - 2 S 3  END                0.0504    0.00773 -0.04982
  11.   692   D 1 - 2 S 3 - 4 ; D 1 - 3 ; D 1 - 2 S 3 - 4 ; D 1 - 2  END                0.0485    0.02665  0.04049
  12.    38   D 1 - 3 ; D 1 - 4 ; D 1 - 3 ; D 1  END                                    0.0482   -0.04818
  13.   320   D 1 - 3 ; D 1 - 2 S 3 - 4 ; D 1 - 3 ; D 1 S 2 - 3  END                    0.0417   -0.01249 -0.03983
  14.   417   D 1 - 3 ; D 1 S 2 D 3 S 4 ; D 1 - 3 ; D 1 S 2 S 4  END                    0.0396   -0.02815 -0.02782
  15.   131   D 1 - 3 ; D 1 - 4 ; D 1 - 2 ; D 1 - 2  END                                0.0395   -0.03950
  16.    32   D 1 - 4 ; D 1 - 3 ; D 1 - 3 ; D 1  END                                    0.0395   -0.03950
  17.   498   D 1 - 3 ; D 1 S 2 - 3 ; D 1 - 3 ; D 1 - 2 S 3 - 4  END                    0.0387    0.00428  0.03847
  18.   438   D 1 - 3 S 4 ; D 1 S 2 D 3 ; D 1 - 2 S 3 ; D 1 - 2 S 4  END                0.0386    0.01962 -0.03325
  19.   222   D 1 - 3 S 6 ; D 1 - 3 S 4 ; S 1 D 2 - 3 ; D 1 S 2  END                    0.0378    0.00208 -0.03770
  20.   255   D 1 - 3 ; D 1 - 3 S 4 - 5 ; S 1 D 2 S 3 ; D 1 - 2  END                    0.0374   -0.00106 -0.03741
  21.    55   D 1 - 3 S 4 S 6 ; D 1 - 3 ; D 1 - 3 ; S 1 - 2  END                        0.0374   -0.00106 -0.03741
  22.   671   D 1 - 2 S 3 ; D 1 - 3 S 4 ; D 1 - 3 S 4 ; D 1 S 2  END                    0.0370   -0.01716  0.03282
  23.   401   D 1 - 3 ; D 1 - 2 ; D 1 - 3 ; D 1 - 3  END                                0.0360   -0.03603
  24.   114   D 1 - 3 S 6 ; D 1 - 3 S 4 ; D 1 - 2 S 3 ; S 1 D 2  END                    0.0350   -0.00222 -0.03490
  25.   219   D 1 - 3 S 4 ; D 1 - 3 S 5 ; S 1 D 2 - 3 ; D 1 S 2  END                    0.0350   -0.00222 -0.03490
  26.   997   S 1 D 2 - 3 S 4 ; D 1 - 3 ; D 1 - 2 S 3 S 6 ; D 1 - 2  END                0.0347   -0.02243 -0.02653
  27.   164   D 1 - 3 S 5 ; D 1 - 3 S 5 ; D 1 S 2 D 3 ; S 1 D 2  END                    0.0346   -0.00121  0.03454
  28.   200   D 1 - 3 D 5 ; D 1 - 3 ; D 1 D 3 ; D 1 - 2  END                            0.0344   -0.03441
  29.   359   D 1 - 3 S 5 ; D 1 - 2 S 3 ; D 1 S 2 D 3 ; D 1 - 2 S 3  END                0.0338   -0.01332  0.03103
  30.   759   D 1 - 2 S 3 ; D 1 S 2 D 3 ; D 1 - 3 S 4 ; D 1 - 2 S 4  END                0.0332    0.00353 -0.03304
  31.   834   D 1 S 2 D 3 S 4 ; D 1 - 3 ; D 1 - 2 S 3 S 5 ; D 1 - 2  END                0.0329   -0.01911 -0.02681
  32.   887   D 1 S 2 D 3 ; D 1 - 2 S 3 ; D 1 - 3 S 5 ; D 1 - 2 S 3  END                0.0316   -0.00427  0.03134
  33.   273   D 1 - 3 S 5 - 6 ; D 1 - 3 ; S 1 - 2 D 3 ; D 1 - 2  END                    0.0316    0.00098  0.03157
  34.   852   D 1 S 2 D 3 S 5 ; D 1 - 3 ; D 1 S 2 D 3 S 5 ; D 1 - 2  END                0.0314    0.02422  0.01995
  35.   710   D 1 - 2 S 3 S 5 ; D 1 - 3 ; D 1 S 2 D 3 S 4 ; D 1 - 2  END                0.0309   -0.01641 -0.02616
  36.   270   D 1 - 3 S 4 - 5 ; D 1 - 3 ; S 1 - 2 D 3 ; D 1 - 2  END                    0.0306    0.00158  0.03058
  37.   180   D 1 - 3 S 5 - 6 ; D 1 - 3 ; D 1 S 2 - 3 ; D 1 - 2  END                    0.0306   -0.00158 -0.03058
  38.   791   D 1 - 2 ; D 1 - 3 ; D 1 - 4 ; D 1 - 2  END                                0.0305   -0.03051
  39.   126   D 1 - 3 S 4 - 5 ; D 1 - 3 ; D 1 - 2 ; D 1 - 2  END                        0.0294    0.02941
  40.   176   D 1 - 4 ; D 1 - 3 ; D 1 S 2 - 3 ; D 1 - 2  END                            0.0294    0.02941
  41.   556   D 1 - 3 S 4 ; S 1 D 2 - 3 ; D 1 - 2 S 3 ; D 1 - 2 S 5  END                0.0292    0.01833 -0.02278
  42.   338   D 1 - 3 ; D 1 - 2 S 3 S 5 ; D 1 - 3 ; S 1 D 2 S 3  END                    0.0292    0.01334  0.02600
  43.   233   D 1 - 3 S 4 ; D 1 - 3 S 4 ; S 1 D 2 - 3 ; S 1 D 2  END                    0.0290    0.00108  0.02899
  44.   100   D 1 - 3 S 6 ; D 1 - 3 S 5 ; D 1 - 2 S 3 ; D 1 S 2  END                    0.0290    0.00108  0.02899
  45.   238   D 1 - 3 S 6 ; D 1 - 3 S 5 ; S 1 D 2 - 3 ; S 1 D 2  END                    0.0285   -0.00043  0.02854
  46.    96   D 1 - 3 S 4 ; D 1 - 3 S 5 ; D 1 - 2 S 3 ; D 1 S 2  END                    0.0283    0.00151 -0.02821
  47.   110   D 1 - 3 S 4 ; D 1 - 3 S 4 ; D 1 - 2 S 3 ; S 1 D 2  END                    0.0283   -0.00151  0.02821
  48.    97   D 1 - 3 S 5 ; D 1 - 3 S 4 ; D 1 - 2 S 3 ; D 1 S 2  END                    0.0282   -0.00417 -0.02785
  49.   146   D 1 - 3 S 4 ; D 1 - 3 S 4 ; D 1 S 2 D 3 ; D 1 S 2  END                    0.0282    0.00417  0.02785
  50.   149   D 1 - 3 S 5 ; D 1 - 3 S 5 ; D 1 S 2 D 3 ; D 1 S 2  END                    0.0281   -0.00176 -0.02800
  51.   163   D 1 - 3 S 5 ; D 1 - 3 S 4 ; D 1 S 2 D 3 ; S 1 D 2  END                    0.0281    0.00176  0.02800
  52.   377   D 1 - 3 S 6 ; D 1 - 2 S 3 ; S 1 D 2 - 3 ; D 1 - 2 S 3  END                0.0280   -0.01382  0.02431
  53.   616   D 1 - 3 ; S 1 D 2 S 3 ; D 1 - 3 ; D 1 - 2 S 3 S 5  END                    0.0279    0.00403  0.02766
  54.   112   D 1 - 3 S 5 ; D 1 - 3 S 4 ; D 1 - 2 S 3 ; S 1 D 2  END                    0.0279    0.00038  0.02785
  55.   147   D 1 - 3 S 4 ; D 1 - 3 S 5 ; D 1 S 2 D 3 ; D 1 S 2  END                    0.0279    0.00038  0.02785
  56.   933   D 1 S 2 - 3 ; D 1 - 3 ; D 1 - 3 S 4 - 5 ; D 1 - 2  END                    0.0278   -0.00345 -0.02756
  57.   350   D 1 - 3 ; D 1 - 2 S 3 - 4 ; D 1 - 2 S 3 - 4 ; D 1 - 2  END                0.0276    0.00413  0.02726
  58.   662   D 1 - 2 S 3 - 4 ; D 1 - 3 ; D 1 - 3 ; D 1 S 2 - 3  END                    0.0276   -0.00413 -0.02726
  59.   689   D 1 - 2 S 3 ; D 1 - 3 S 5 ; D 1 - 3 S 4 ; S 1 D 2  END                    0.0275    0.01573 -0.02252
  60.  1052   S 1 D 2 - 3 ; D 1 - 2 S 3 ; D 1 - 3 S 6 ; D 1 - 2 S 3  END                0.0272   -0.00393  0.02691
  61.   813   D 1 S 2 D 3 ; D 1 - 3 S 4 ; D 1 - 3 S 5 ; D 1 S 2  END                    0.0268    0.01781 -0.01997
  62.   553   D 1 - 3 ; S 1 D 2 - 3 S 5 ; D 1 - 3 ; S 1 D 2 S 5  END                    0.0266    0.02076  0.01657
  63.   456   D 1 - 3 S 5 ; D 1 S 2 D 3 ; D 1 S 2 D 3 ; D 1 - 2 S 4  END                0.0263   -0.01692  0.02011
  64.   535   D 1 - 3 ; S 1 D 2 - 3 S 4 ; D 1 - 3 ; D 1 S 2 S 5  END                    0.0263   -0.01830 -0.01882
  65.   182   D 1 - 3 ; D 1 - 4 ; D 1 S 2 - 3 ; D 1 - 2  END                            0.0260   -0.02601
  66.    33   D 1 - 3 S 4 - 5 ; D 1 - 3 ; D 1 - 3 ; D 1  END                            0.0260   -0.02601
  67.   197   D 1 - 4 ; D 1 - 3 ; D 1 D 3 ; D 1 - 2  END                                0.0257   -0.02568
  68.   128   D 1 - 3 D 5 ; D 1 - 3 ; D 1 - 2 ; D 1 - 2  END                            0.0257   -0.02568
  69.   775   D 1 - 2 S 3 ; S 1 D 2 - 3 ; D 1 - 3 S 4 ; D 1 - 2 S 5  END                0.0253    0.00326 -0.02513
  70.   251   D 1 - 3 D 5 ; D 1 - 3 ; S 1 D 2 S 3 ; D 1 - 2  END                        0.0251    0.02505
  71.   199   D 1 - 3 S 4 S 6 ; D 1 - 3 ; D 1 D 3 ; D 1 - 2  END                        0.0251    0.02505
  72.  1033   S 1 D 2 - 3 S 6 ; D 1 - 3 ; S 1 D 2 - 3 S 6 ; D 1 - 2  END                0.0250    0.01959  0.01558
  73.   702   D 1 - 2 S 3 ; D 1 - 3 S 4 ; D 1 - 2 S 3 ; D 1 - 2 S 4  END                0.0249    0.01685  0.01833
  74.   407   D 1 - 3 S 4 ; D 1 S 2 D 3 ; D 1 - 3 S 4 ; D 1 S 2  END                    0.0249   -0.01685 -0.01833
  75.   758   D 1 - 2 S 3 ; D 1 S 2 D 3 ; D 1 - 3 S 4 ; D 1 - 2 S 3  END                0.0242    0.00280  0.02407
  76.   744   D 1 - 2 S 3 ; D 1 - 2 S 3 ; D 1 - 3 S 4 ; D 1 - 2 S 4  END                0.0242    0.00280  0.02407
  77.   446   D 1 - 3 ; D 1 S 2 D 3 S 4 ; D 1 - 2 S 3 - 4 ; D 1 - 2  END                0.0240   -0.01990 -0.01343
  78.   663   D 1 - 2 S 3 - 4 ; D 1 - 3 ; D 1 - 3 ; D 1 S 2 S 4  END                    0.0240    0.01990  0.01343
  79.   797   D 1 - 2 ; D 1 - 3 ; D 1 - 3 ; D 1 - 3  END                                0.0238   -0.02380
  80.   395   D 1 - 3 ; D 1 - 2 ; D 1 - 4 ; D 1 - 2  END                                0.0238   -0.02380
  81.   903   D 1 S 2 D 3 ; D 1 S 2 D 3 ; D 1 - 3 S 5 ; D 1 - 2 S 4  END                0.0236   -0.00215  0.02348
  82.    56   D 1 - 3 D 5 ; D 1 - 3 ; D 1 - 3 ; S 1 - 2  END                            0.0234    0.02336
  83.   204   D 1 - 3 ; D 1 - 3 S 4 - 5 ; D 1 D 3 ; D 1 - 2  END                        0.0234    0.02336
  84.   183   D 1 - 3 ; D 1 - 3 S 4 - 5 ; D 1 S 2 - 3 ; D 1 - 2  END                    0.0232    0.00267  0.02307
  85.    54   D 1 - 3 S 4 - 5 ; D 1 - 3 ; D 1 - 3 ; S 1 - 2  END                        0.0232    0.00267  0.02307
  86.   290   D 1 - 4 ; D 1 - 3 ; D 2 - 3 ; D 1 - 2  END                                0.0228   -0.02280
  87.   130   D 1 - 3 D 6 ; D 1 - 3 ; D 1 - 2 ; D 1 - 2  END                            0.0228   -0.02280
  88.    82   D 1 - 3 ; D 1 - 3 D 5 ; D 1 - 3 ; D 2  END                                0.0224   -0.02238
  89.   807   D 1 S 2 D 3 S 5 ; D 1 - 3 ; D 1 - 3 ; D 1 S 2 S 4  END                    0.0222    0.01845  0.01233
  90.   462   D 1 - 3 ; D 1 S 2 D 3 S 4 ; D 1 S 2 D 3 S 5 ; D 1 - 2  END                0.0222   -0.01845 -0.01233
  91.    40   D 1 - 3 ; D 1 - 3 D 5 ; D 1 - 3 ; D 1  END                                0.0222   -0.02216
  92.    80   D 1 - 3 ; D 1 - 4 ; D 1 - 3 ; D 2  END                                    0.0222   -0.02216
  93.   178   D 1 - 3 S 4 S 6 ; D 1 - 3 ; D 1 S 2 - 3 ; D 1 - 2  END                    0.0221   -0.00145 -0.02206
  94.   249   D 1 - 3 S 4 - 5 ; D 1 - 3 ; S 1 D 2 S 3 ; D 1 - 2  END                    0.0221   -0.00145 -0.02206
  95.   976   S 1 D 2 - 3 ; D 1 - 3 S 4 ; D 1 - 3 S 6 ; D 1 S 2  END                    0.0220    0.01570 -0.01544
  96.   411   D 1 - 3 S 5 ; D 1 S 2 D 3 ; D 1 - 3 S 5 ; D 1 S 2  END                    0.0215    0.01630  0.01396
  97.   858   D 1 S 2 D 3 ; D 1 - 3 S 4 ; D 1 S 2 D 3 ; D 1 - 2 S 4  END                0.0215   -0.01630 -0.01396
  98.   314   D 1 - 3 S 5 ; D 1 - 2 S 3 ; D 1 - 3 S 4 ; D 1 S 2  END                    0.0212   -0.00672 -0.02013
  99.   716   D 1 - 2 S 3 ; D 1 - 3 S 4 ; D 1 S 2 D 3 ; D 1 - 2 S 3  END                0.0212   -0.00672 -0.02013
 100.   701   D 1 - 2 S 3 ; D 1 - 3 S 4 ; D 1 - 2 S 3 ; D 1 - 2 S 3  END                0.0212   -0.00663 -0.02016




 POSITION OF FIRST SPIN COUPLING FOR TEN MOST IMPORTANT CONFIGURATIONS
       1    165    105    247    361    137     63    190   1209    501



 ********************************
 RESULTS FOR ROOT   02
 TOTAL CI ENERGY =   -338.8459435
 ********************************

       CONF.                                                                           COEFF.
        NO.        SPACE ORBITAL PRODUCTS                                             CONTRIB.      CI COEFFICIENTS

       -----       ----------------------                                             --------   ---------------------
   1.   125   D 1 - 4 ; D 1 - 3 ; D 1 - 2 ; D 1 - 2  END                                0.7860    0.78602
   2.    95   D 1 - 3 S 4 ; D 1 - 3 S 4 ; D 1 - 2 S 3 ; D 1 S 2  END                    0.2938    0.24462 -0.16267
   3.    23   D 1 - 2 S 3 - 4 ; D 1 - 3 ; D 1 - 3 ; D 1 - 2  END                        0.1717   -0.17167
   4.     8   D 1 - 3 ; D 1 - 3 ; D 1 - 2 S 3 - 4 ; D 1 - 2  END                        0.1717   -0.17167
   5.   177   D 1 - 3 S 4 - 5 ; D 1 - 3 ; D 1 S 2 - 3 ; D 1 - 2  END                    0.1553    0.11337  0.10620
   6.    32   D 1 - 4 ; D 1 - 3 ; D 1 - 3 ; D 1  END                                    0.1513   -0.15131
   7.   131   D 1 - 3 ; D 1 - 4 ; D 1 - 2 ; D 1 - 2  END                                0.1513   -0.15131
   8.   250   D 1 - 3 S 4 S 6 ; D 1 - 3 ; S 1 D 2 S 3 ; D 1 - 2  END                    0.1214    0.09476  0.07583
   9.   111   D 1 - 3 S 4 ; D 1 - 3 S 5 ; D 1 - 2 S 3 ; S 1 D 2  END                    0.1165   -0.08596  0.07870
  10.     1   D 1 - 3 ; D 1 - 3 ; D 1 - 3 ; D 1 - 2  END                                0.0947    0.09470
  11.     2   D 1 - 3 ; D 1 - 3 ; D 1 - 3 ; D 1 S 2 - 3  END                            0.0882    0.08821
  12.    17   D 1 - 3 ; D 1 - 2 S 3 - 4 ; D 1 - 3 ; D 1 - 2  END                        0.0882   -0.08821
  13.    38   D 1 - 3 ; D 1 - 4 ; D 1 - 3 ; D 1  END                                    0.0803    0.08026
  14.   692   D 1 - 2 S 3 - 4 ; D 1 - 3 ; D 1 - 2 S 3 - 4 ; D 1 - 2  END                0.0638   -0.01201 -0.06262
  15.   438   D 1 - 3 S 4 ; D 1 S 2 D 3 ; D 1 - 2 S 3 ; D 1 - 2 S 4  END                0.0618   -0.02889  0.05466
  16.    53   D 1 - 4 ; D 1 - 3 ; D 1 - 3 ; S 1 - 2  END                                0.0593   -0.05927
  17.   132   D 1 - 3 ; D 1 - 3 S 4 - 5 ; D 1 - 2 ; D 1 - 2  END                        0.0593   -0.05927
  18.    97   D 1 - 3 S 5 ; D 1 - 3 S 4 ; D 1 - 2 S 3 ; D 1 S 2  END                    0.0587    0.00191 -0.05864
  19.   146   D 1 - 3 S 4 ; D 1 - 3 S 4 ; D 1 S 2 D 3 ; D 1 S 2  END                    0.0587   -0.00191  0.05864
  20.    26   D 1 S 2 D 3 S 4 ; D 1 - 3 ; D 1 - 3 ; D 1 - 2  END                        0.0554   -0.05540
  21.     9   D 1 - 3 ; D 1 - 3 ; D 1 - 2 S 3 S 5 ; D 1 - 2  END                        0.0554    0.05540
  22.   197   D 1 - 4 ; D 1 - 3 ; D 1 D 3 ; D 1 - 2  END                                0.0528   -0.05283
  23.   128   D 1 - 3 D 5 ; D 1 - 3 ; D 1 - 2 ; D 1 - 2  END                            0.0528   -0.05283
  24.   997   S 1 D 2 - 3 S 4 ; D 1 - 3 ; D 1 - 2 S 3 S 6 ; D 1 - 2  END                0.0508    0.01751  0.04768
  25.    96   D 1 - 3 S 4 ; D 1 - 3 S 5 ; D 1 - 2 S 3 ; D 1 S 2  END                    0.0505   -0.04970  0.00879
  26.   110   D 1 - 3 S 4 ; D 1 - 3 S 4 ; D 1 - 2 S 3 ; S 1 D 2  END                    0.0505    0.04970 -0.00879
  27.   834   D 1 S 2 D 3 S 4 ; D 1 - 3 ; D 1 - 2 S 3 S 5 ; D 1 - 2  END                0.0483    0.01755  0.04505
  28.   341   D 1 - 3 S 4 ; D 1 - 2 S 3 ; D 1 - 2 S 3 ; D 1 - 2 S 3  END                0.0480   -0.04079  0.02532
  29.   556   D 1 - 3 S 4 ; S 1 D 2 - 3 ; D 1 - 2 S 3 ; D 1 - 2 S 5  END                0.0433   -0.01498  0.04067
  30.   148   D 1 - 3 S 5 ; D 1 - 3 S 4 ; D 1 S 2 D 3 ; D 1 S 2  END                    0.0416   -0.02495  0.03332
  31.   130   D 1 - 3 D 6 ; D 1 - 3 ; D 1 - 2 ; D 1 - 2  END                            0.0347   -0.03467
  32.   290   D 1 - 4 ; D 1 - 3 ; D 2 - 3 ; D 1 - 2  END                                0.0347   -0.03467
  33.   134   D 1 - 3 ; D 1 - 3 ; D 1 - 2 D 4 ; D 1 - 2  END                            0.0344   -0.03443
  34.   782   D 1 - 2 D 4 ; D 1 - 3 ; D 1 - 3 ; D 1 - 2  END                            0.0344   -0.03443
  35.   133   D 1 - 3 ; D 1 - 3 D 5 ; D 1 - 2 ; D 1 - 2  END                            0.0340   -0.03404
  36.    74   D 1 - 4 ; D 1 - 3 ; D 1 - 3 ; D 2  END                                    0.0340   -0.03404
  37.   222   D 1 - 3 S 6 ; D 1 - 3 S 4 ; S 1 D 2 - 3 ; D 1 S 2  END                    0.0340   -0.01739  0.02925
  38.   249   D 1 - 3 S 4 - 5 ; D 1 - 3 ; S 1 D 2 S 3 ; D 1 - 2  END                    0.0319    0.03085  0.00804
  39.   178   D 1 - 3 S 4 S 6 ; D 1 - 3 ; D 1 S 2 - 3 ; D 1 - 2  END                    0.0319    0.03085  0.00804
  40.    33   D 1 - 3 S 4 - 5 ; D 1 - 3 ; D 1 - 3 ; D 1  END                            0.0313   -0.03127
  41.   182   D 1 - 3 ; D 1 - 4 ; D 1 S 2 - 3 ; D 1 - 2  END                            0.0313   -0.03127
  42.    55   D 1 - 3 S 4 S 6 ; D 1 - 3 ; D 1 - 3 ; S 1 - 2  END                        0.0298   -0.00591 -0.02916
  43.   255   D 1 - 3 ; D 1 - 3 S 4 - 5 ; S 1 D 2 S 3 ; D 1 - 2  END                    0.0298   -0.00591 -0.02916
  44.   407   D 1 - 3 S 4 ; D 1 S 2 D 3 ; D 1 - 3 S 4 ; D 1 S 2  END                    0.0297   -0.02154 -0.02043
  45.   702   D 1 - 2 S 3 ; D 1 - 3 S 4 ; D 1 - 2 S 3 ; D 1 - 2 S 4  END                0.0297    0.02154  0.02043
  46.   219   D 1 - 3 S 4 ; D 1 - 3 S 5 ; S 1 D 2 - 3 ; D 1 S 2  END                    0.0295   -0.00821 -0.02837
  47.   114   D 1 - 3 S 6 ; D 1 - 3 S 4 ; D 1 - 2 S 3 ; S 1 D 2  END                    0.0295   -0.00821 -0.02837
  48.    60   D 1 - 3 ; D 1 - 3 S 4 - 5 ; D 1 - 3 ; S 1 - 2  END                        0.0291    0.01481  0.02507
  49.   269   D 1 - 4 ; D 1 - 3 ; S 1 - 2 D 3 ; D 1 - 2  END                            0.0285   -0.02847
  50.   129   D 1 - 3 S 5 - 6 ; D 1 - 3 ; D 1 - 2 ; D 1 - 2  END                        0.0285    0.02847
  51.   663   D 1 - 2 S 3 - 4 ; D 1 - 3 ; D 1 - 3 ; D 1 S 2 S 4  END                    0.0283    0.02151  0.01836
  52.   446   D 1 - 3 ; D 1 S 2 D 3 S 4 ; D 1 - 2 S 3 - 4 ; D 1 - 2  END                0.0283   -0.02151 -0.01836
  53.    59   D 1 - 3 ; D 1 - 4 ; D 1 - 3 ; S 1 - 2  END                                0.0271    0.02712
  54.    39   D 1 - 3 ; D 1 - 3 S 4 - 5 ; D 1 - 3 ; D 1  END                            0.0271    0.02712
  55.   350   D 1 - 3 ; D 1 - 2 S 3 - 4 ; D 1 - 2 S 3 - 4 ; D 1 - 2  END                0.0247    0.01421  0.02025
  56.   662   D 1 - 2 S 3 - 4 ; D 1 - 3 ; D 1 - 3 ; D 1 S 2 - 3  END                    0.0247   -0.01421 -0.02025
  57.    54   D 1 - 3 S 4 - 5 ; D 1 - 3 ; D 1 - 3 ; S 1 - 2  END                        0.0228    0.00935  0.02075
  58.   183   D 1 - 3 ; D 1 - 3 S 4 - 5 ; D 1 S 2 - 3 ; D 1 - 2  END                    0.0228    0.00935  0.02075
  59.   102   D 1 - 3 ; D 1 - 3 ; D 1 - 2 S 3 - 4 ; D 1 S 2 S 4  END                    0.0222   -0.02138 -0.00582
  60.   752   D 1 - 2 S 3 - 4 ; D 1 S 2 D 3 S 4 ; D 1 - 3 ; D 1 - 2  END                0.0222    0.02138  0.00582
  61.   311   D 1 - 3 S 4 ; D 1 - 2 S 3 ; D 1 - 3 S 4 ; D 1 S 2  END                    0.0221    0.01404  0.01710
  62.   701   D 1 - 2 S 3 ; D 1 - 3 S 4 ; D 1 - 2 S 3 ; D 1 - 2 S 3  END                0.0221   -0.01404 -0.01710
  63.   218   D 1 - 3 S 4 ; D 1 - 3 S 4 ; S 1 D 2 - 3 ; D 1 S 2  END                    0.0219    0.00525  0.02121
  64.    99   D 1 - 3 S 6 ; D 1 - 3 S 4 ; D 1 - 2 S 3 ; D 1 S 2  END                    0.0219   -0.00525 -0.02121
  65.   248   D 1 - 4 ; D 1 - 3 ; S 1 D 2 S 3 ; D 1 - 2  END                            0.0218    0.02179
  66.   127   D 1 - 3 S 4 S 6 ; D 1 - 3 ; D 1 - 2 ; D 1 - 2  END                        0.0218    0.02179
  67.   437   D 1 - 3 S 4 ; D 1 S 2 D 3 ; D 1 - 2 S 3 ; D 1 - 2 S 3  END                0.0203   -0.01571 -0.01292
  68.   342   D 1 - 3 S 4 ; D 1 - 2 S 3 ; D 1 - 2 S 3 ; D 1 - 2 S 4  END                0.0203   -0.01571 -0.01292
  69.   126   D 1 - 3 S 4 - 5 ; D 1 - 3 ; D 1 - 2 ; D 1 - 2  END                        0.0203   -0.02027
  70.   176   D 1 - 4 ; D 1 - 3 ; D 1 S 2 - 3 ; D 1 - 2  END                            0.0203   -0.02027
  71.   147   D 1 - 3 S 4 ; D 1 - 3 S 5 ; D 1 S 2 D 3 ; D 1 S 2  END                    0.0200    0.00740  0.01855
  72.   112   D 1 - 3 S 5 ; D 1 - 3 S 4 ; D 1 - 2 S 3 ; S 1 D 2  END                    0.0200    0.00740  0.01855
  73.    11   D 1 - 3 ; D 1 - 3 ; D 1 S 2 D 3 S 4 ; D 1 - 2  END                        0.0192   -0.01919
  74.    24   D 1 - 2 S 3 S 5 ; D 1 - 3 ; D 1 - 3 ; D 1 - 2  END                        0.0192    0.01919
  75.   270   D 1 - 3 S 4 - 5 ; D 1 - 3 ; S 1 - 2 D 3 ; D 1 - 2  END                    0.0187    0.00036  0.01866
  76.   180   D 1 - 3 S 5 - 6 ; D 1 - 3 ; D 1 S 2 - 3 ; D 1 - 2  END                    0.0187   -0.00036 -0.01866
  77.   200   D 1 - 3 D 5 ; D 1 - 3 ; D 1 D 3 ; D 1 - 2  END                            0.0184    0.01839
  78.    34   D 1 - 3 S 4 S 6 ; D 1 - 3 ; D 1 - 3 ; D 1  END                            0.0182   -0.01824
  79.   254   D 1 - 3 ; D 1 - 4 ; S 1 D 2 S 3 ; D 1 - 2  END                            0.0182   -0.01824
  80.   233   D 1 - 3 S 4 ; D 1 - 3 S 4 ; S 1 D 2 - 3 ; S 1 D 2  END                    0.0177    0.00388  0.01730
  81.   100   D 1 - 3 S 6 ; D 1 - 3 S 5 ; D 1 - 2 S 3 ; D 1 S 2  END                    0.0177    0.00388  0.01730
  82.   708   D 1 - 2 S 3 - 4 ; D 1 - 3 ; D 1 S 2 D 3 S 5 ; D 1 - 2  END                0.0168    0.01432  0.00872
  83.   836   D 1 S 2 D 3 S 5 ; D 1 - 3 ; D 1 - 2 S 3 - 4 ; D 1 - 2  END                0.0168    0.01432  0.00872
  84.   141   D 1 - 3 ; D 1 - 3 ; D 1 - 2 ; D 1 - 2 S 3 - 4  END                        0.0167   -0.01674
  85.   482   D 1 - 4 ; D 1 S 2 - 3 ; D 1 - 3 ; D 1 - 2  END                            0.0167    0.01674
  86.   150   D 1 - 3 S 6 ; D 1 - 3 S 4 ; D 1 S 2 D 3 ; D 1 S 2  END                    0.0167   -0.00635  0.01545
  87.   220   D 1 - 3 S 5 ; D 1 - 3 S 4 ; S 1 D 2 - 3 ; D 1 S 2  END                    0.0167   -0.00635  0.01545
  88.   848   D 1 S 2 D 3 S 4 ; D 1 - 3 ; D 1 S 2 D 3 S 4 ; D 1 - 2  END                0.0164   -0.01246 -0.01070
  89.   696   D 1 - 2 S 3 S 5 ; D 1 - 3 ; D 1 - 2 S 3 S 5 ; D 1 - 2  END                0.0164   -0.01246 -0.01070
  90.   186   D 1 - 3 ; D 1 - 3 ; D 1 S 2 - 5 ; D 1 - 2  END                            0.0163    0.00353  0.01596
  91.   924   D 1 S 2 - 5 ; D 1 - 3 ; D 1 - 3 ; D 1 - 2  END                            0.0163    0.00353  0.01596
  92.   273   D 1 - 3 S 5 - 6 ; D 1 - 3 ; S 1 - 2 D 3 ; D 1 - 2  END                    0.0152   -0.00857 -0.01256
  93.   976   S 1 D 2 - 3 ; D 1 - 3 S 4 ; D 1 - 3 S 6 ; D 1 S 2  END                    0.0148   -0.00761  0.01274
  94.   164   D 1 - 3 S 5 ; D 1 - 3 S 5 ; D 1 S 2 D 3 ; S 1 D 2  END                    0.0147    0.00923 -0.01146
  95.   679   D 1 - 2 S 3 - 4 ; D 1 - 3 ; D 1 - 3 ; S 1 D 2 S 5  END                    0.0144    0.01274  0.00668
  96.   566   D 1 - 3 ; S 1 D 2 - 3 S 5 ; D 1 - 2 S 3 - 4 ; D 1 - 2  END                0.0144    0.01274  0.00668
  97.   118   D 1 - 3 ; D 1 - 3 ; D 1 - 2 S 3 - 4 ; S 1 D 2 S 5  END                    0.0144   -0.01381 -0.00403
  98.   768   D 1 - 2 S 3 - 4 ; S 1 D 2 - 3 S 5 ; D 1 - 3 ; D 1 - 2  END                0.0144   -0.01381 -0.00403
  99.   737   D 1 - 2 S 3 - 4 ; D 1 - 2 S 3 - 4 ; D 1 - 3 ; D 1 - 2  END                0.0142   -0.00522 -0.01315
 100.   101   D 1 - 3 ; D 1 - 3 ; D 1 - 2 S 3 - 4 ; D 1 S 2 - 3  END                    0.0142    0.00522  0.01315




 POSITION OF FIRST SPIN COUPLING FOR TEN MOST IMPORTANT CONFIGURATIONS
     165    105     23      8    247     32    171    361    137      1



 ********************************
 RESULTS FOR ROOT   03
 TOTAL CI ENERGY =   -337.8780781
 ********************************

       CONF.                                                                           COEFF.
        NO.        SPACE ORBITAL PRODUCTS                                             CONTRIB.      CI COEFFICIENTS

       -----       ----------------------                                             --------   ---------------------
   1.     8   D 1 - 3 ; D 1 - 3 ; D 1 - 2 S 3 - 4 ; D 1 - 2  END                        0.4598    0.45983
   2.    23   D 1 - 2 S 3 - 4 ; D 1 - 3 ; D 1 - 3 ; D 1 - 2  END                        0.4598    0.45983
   3.    17   D 1 - 3 ; D 1 - 2 S 3 - 4 ; D 1 - 3 ; D 1 - 2  END                        0.2242    0.22418
   4.     2   D 1 - 3 ; D 1 - 3 ; D 1 - 3 ; D 1 S 2 - 3  END                            0.2242   -0.22418
   5.   126   D 1 - 3 S 4 - 5 ; D 1 - 3 ; D 1 - 2 ; D 1 - 2  END                        0.2121    0.21212
   6.   176   D 1 - 4 ; D 1 - 3 ; D 1 S 2 - 3 ; D 1 - 2  END                            0.2121    0.21212
   7.    95   D 1 - 3 S 4 ; D 1 - 3 S 4 ; D 1 - 2 S 3 ; D 1 S 2  END                    0.2070    0.20702 -0.00189
   8.    32   D 1 - 4 ; D 1 - 3 ; D 1 - 3 ; D 1  END                                    0.1852   -0.18522
   9.   131   D 1 - 3 ; D 1 - 4 ; D 1 - 2 ; D 1 - 2  END                                0.1852   -0.18522
  10.   692   D 1 - 2 S 3 - 4 ; D 1 - 3 ; D 1 - 2 S 3 - 4 ; D 1 - 2  END                0.1589   -0.12253 -0.10117
  11.   341   D 1 - 3 S 4 ; D 1 - 2 S 3 ; D 1 - 2 S 3 ; D 1 - 2 S 3  END                0.1349   -0.08818  0.10206
  12.    38   D 1 - 3 ; D 1 - 4 ; D 1 - 3 ; D 1  END                                    0.0951    0.09507
  13.    96   D 1 - 3 S 4 ; D 1 - 3 S 5 ; D 1 - 2 S 3 ; D 1 S 2  END                    0.0930    0.01422 -0.09190
  14.   110   D 1 - 3 S 4 ; D 1 - 3 S 4 ; D 1 - 2 S 3 ; S 1 D 2  END                    0.0930   -0.01422  0.09190
  15.   125   D 1 - 4 ; D 1 - 3 ; D 1 - 2 ; D 1 - 2  END                                0.0812    0.08118
  16.   177   D 1 - 3 S 4 - 5 ; D 1 - 3 ; D 1 S 2 - 3 ; D 1 - 2  END                    0.0773    0.06908  0.03461
  17.    26   D 1 S 2 D 3 S 4 ; D 1 - 3 ; D 1 - 3 ; D 1 - 2  END                        0.0742    0.07418
  18.     9   D 1 - 3 ; D 1 - 3 ; D 1 - 2 S 3 S 5 ; D 1 - 2  END                        0.0742   -0.07418
  19.     3   D 1 - 3 ; D 1 - 3 ; D 1 - 3 ; D 1 S 2 S 4  END                            0.0734    0.07336
  20.    19   D 1 - 3 ; D 1 S 2 D 3 S 4 ; D 1 - 3 ; D 1 - 2  END                        0.0734   -0.07336
  21.    33   D 1 - 3 S 4 - 5 ; D 1 - 3 ; D 1 - 3 ; D 1  END                            0.0685   -0.06848
  22.   182   D 1 - 3 ; D 1 - 4 ; D 1 S 2 - 3 ; D 1 - 2  END                            0.0685   -0.06848
  23.   249   D 1 - 3 S 4 - 5 ; D 1 - 3 ; S 1 D 2 S 3 ; D 1 - 2  END                    0.0674   -0.02890 -0.06092
  24.   178   D 1 - 3 S 4 S 6 ; D 1 - 3 ; D 1 S 2 - 3 ; D 1 - 2  END                    0.0674   -0.02890 -0.06092
  25.   342   D 1 - 3 S 4 ; D 1 - 2 S 3 ; D 1 - 2 S 3 ; D 1 - 2 S 4  END                0.0633    0.04085 -0.04840
  26.   437   D 1 - 3 S 4 ; D 1 S 2 D 3 ; D 1 - 2 S 3 ; D 1 - 2 S 3  END                0.0633    0.04085 -0.04840
  27.   111   D 1 - 3 S 4 ; D 1 - 3 S 5 ; D 1 - 2 S 3 ; S 1 D 2  END                    0.0620   -0.04444  0.04330
  28.   438   D 1 - 3 S 4 ; D 1 S 2 D 3 ; D 1 - 2 S 3 ; D 1 - 2 S 4  END                0.0613   -0.04064  0.04589
  29.   671   D 1 - 2 S 3 ; D 1 - 3 S 4 ; D 1 - 3 S 4 ; D 1 S 2  END                    0.0581    0.04833 -0.03232
  30.   134   D 1 - 3 ; D 1 - 3 ; D 1 - 2 D 4 ; D 1 - 2  END                            0.0514    0.05145
  31.   782   D 1 - 2 D 4 ; D 1 - 3 ; D 1 - 3 ; D 1 - 2  END                            0.0514    0.05145
  32.   146   D 1 - 3 S 4 ; D 1 - 3 S 4 ; D 1 S 2 D 3 ; D 1 S 2  END                    0.0499    0.04114  0.02830
  33.    97   D 1 - 3 S 5 ; D 1 - 3 S 4 ; D 1 - 2 S 3 ; D 1 S 2  END                    0.0499   -0.04114 -0.02830
  34.    53   D 1 - 4 ; D 1 - 3 ; D 1 - 3 ; S 1 - 2  END                                0.0479   -0.04787
  35.   132   D 1 - 3 ; D 1 - 3 S 4 - 5 ; D 1 - 2 ; D 1 - 2  END                        0.0479   -0.04787
  36.    55   D 1 - 3 S 4 S 6 ; D 1 - 3 ; D 1 - 3 ; S 1 - 2  END                        0.0432   -0.01402 -0.04082
  37.   255   D 1 - 3 ; D 1 - 3 S 4 - 5 ; S 1 D 2 S 3 ; D 1 - 2  END                    0.0432   -0.01402 -0.04082
  38.   102   D 1 - 3 ; D 1 - 3 ; D 1 - 2 S 3 - 4 ; D 1 S 2 S 4  END                    0.0409    0.03820  0.01468
  39.   752   D 1 - 2 S 3 - 4 ; D 1 S 2 D 3 S 4 ; D 1 - 3 ; D 1 - 2  END                0.0409   -0.03820 -0.01468
  40.   693   D 1 - 2 S 3 - 4 ; D 1 - 3 ; D 1 - 2 S 3 S 5 ; D 1 - 2  END                0.0394   -0.00958 -0.03818
  41.   833   D 1 S 2 D 3 S 4 ; D 1 - 3 ; D 1 - 2 S 3 - 4 ; D 1 - 2  END                0.0394    0.00958  0.03818
  42.   114   D 1 - 3 S 6 ; D 1 - 3 S 4 ; D 1 - 2 S 3 ; S 1 D 2  END                    0.0390   -0.01672 -0.03520
  43.   219   D 1 - 3 S 4 ; D 1 - 3 S 5 ; S 1 D 2 - 3 ; D 1 S 2  END                    0.0390   -0.01672 -0.03520
  44.   834   D 1 S 2 D 3 S 4 ; D 1 - 3 ; D 1 - 2 S 3 S 5 ; D 1 - 2  END                0.0388    0.02680  0.02800
  45.   101   D 1 - 3 ; D 1 - 3 ; D 1 - 2 S 3 - 4 ; D 1 S 2 - 3  END                    0.0368   -0.02275 -0.02898
  46.   737   D 1 - 2 S 3 - 4 ; D 1 - 2 S 3 - 4 ; D 1 - 3 ; D 1 - 2  END                0.0368    0.02275  0.02898
  47.   112   D 1 - 3 S 5 ; D 1 - 3 S 4 ; D 1 - 2 S 3 ; S 1 D 2  END                    0.0367    0.00148  0.03664
  48.   147   D 1 - 3 S 4 ; D 1 - 3 S 5 ; D 1 S 2 D 3 ; D 1 S 2  END                    0.0367    0.00148  0.03664
  49.   128   D 1 - 3 D 5 ; D 1 - 3 ; D 1 - 2 ; D 1 - 2  END                            0.0365   -0.03648
  50.   197   D 1 - 4 ; D 1 - 3 ; D 1 D 3 ; D 1 - 2  END                                0.0365   -0.03648
  51.   140   D 1 - 3 ; D 1 - 3 ; D 1 - 2 ; D 1 - 3  END                                0.0353    0.03531
  52.   386   D 1 - 4 ; D 1 - 2 ; D 1 - 3 ; D 1 - 2  END                                0.0353    0.03531
  53.    24   D 1 - 2 S 3 S 5 ; D 1 - 3 ; D 1 - 3 ; D 1 - 2  END                        0.0351   -0.03514
  54.    11   D 1 - 3 ; D 1 - 3 ; D 1 S 2 D 3 S 4 ; D 1 - 2  END                        0.0351    0.03514
  55.   556   D 1 - 3 S 4 ; S 1 D 2 - 3 ; D 1 - 2 S 3 ; D 1 - 2 S 5  END                0.0348   -0.02156  0.02727
  56.   743   D 1 - 2 S 3 ; D 1 - 2 S 3 ; D 1 - 3 S 4 ; D 1 - 2 S 3  END                0.0342   -0.01278 -0.03176
  57.   148   D 1 - 3 S 5 ; D 1 - 3 S 4 ; D 1 S 2 D 3 ; D 1 S 2  END                    0.0342   -0.02468  0.02370
  58.   254   D 1 - 3 ; D 1 - 4 ; S 1 D 2 S 3 ; D 1 - 2  END                            0.0338   -0.03378
  59.    34   D 1 - 3 S 4 S 6 ; D 1 - 3 ; D 1 - 3 ; D 1  END                            0.0338   -0.03378
  60.   416   D 1 - 3 ; D 1 S 2 D 3 S 4 ; D 1 - 3 ; D 1 S 2 - 3  END                    0.0336   -0.02815 -0.01843
  61.   321   D 1 - 3 ; D 1 - 2 S 3 - 4 ; D 1 - 3 ; D 1 S 2 S 4  END                    0.0336   -0.02815 -0.01843
  62.   835   D 1 S 2 D 3 S 4 ; D 1 - 3 ; D 1 - 2 S 3 S 6 ; D 1 - 2  END                0.0330    0.01612  0.02875
  63.   996   S 1 D 2 - 3 S 4 ; D 1 - 3 ; D 1 - 2 S 3 S 5 ; D 1 - 2  END                0.0330    0.01612  0.02875
  64.    27   D 1 S 2 D 3 S 5 ; D 1 - 3 ; D 1 - 3 ; D 1 - 2  END                        0.0327    0.03268
  65.    12   D 1 - 3 ; D 1 - 3 ; D 1 S 2 D 3 S 5 ; D 1 - 2  END                        0.0327    0.03268
  66.   439   D 1 - 3 S 4 ; D 1 S 2 D 3 ; D 1 - 2 S 3 ; D 1 - 2 S 5  END                0.0321    0.01459 -0.02865
  67.   555   D 1 - 3 S 4 ; S 1 D 2 - 3 ; D 1 - 2 S 3 ; D 1 - 2 S 4  END                0.0321    0.01459 -0.02865
  68.   186   D 1 - 3 ; D 1 - 3 ; D 1 S 2 - 5 ; D 1 - 2  END                            0.0313   -0.00835 -0.03020
  69.   924   D 1 S 2 - 5 ; D 1 - 3 ; D 1 - 3 ; D 1 - 2  END                            0.0313   -0.00835 -0.03020
  70.   320   D 1 - 3 ; D 1 - 2 S 3 - 4 ; D 1 - 3 ; D 1 S 2 - 3  END                    0.0313    0.01513  0.02743
  71.   127   D 1 - 3 S 4 S 6 ; D 1 - 3 ; D 1 - 2 ; D 1 - 2  END                        0.0292    0.02920
  72.   248   D 1 - 4 ; D 1 - 3 ; S 1 D 2 S 3 ; D 1 - 2  END                            0.0292    0.02920
  73.     4   D 1 - 3 ; D 1 - 3 ; D 1 - 3 ; D 1 S 2 S 5  END                            0.0286    0.02858
  74.    21   D 1 - 3 ; S 1 D 2 - 3 S 4 ; D 1 - 3 ; D 1 - 2  END                        0.0286   -0.02858
  75.   417   D 1 - 3 ; D 1 S 2 D 3 S 4 ; D 1 - 3 ; D 1 S 2 S 4  END                    0.0271    0.01948  0.01887
  76.   118   D 1 - 3 ; D 1 - 3 ; D 1 - 2 S 3 - 4 ; S 1 D 2 S 5  END                    0.0271    0.02634  0.00637
  77.   768   D 1 - 2 S 3 - 4 ; S 1 D 2 - 3 S 5 ; D 1 - 3 ; D 1 - 2  END                0.0271    0.02634  0.00637
  78.    60   D 1 - 3 ; D 1 - 3 S 4 - 5 ; D 1 - 3 ; S 1 - 2  END                        0.0271    0.01810  0.02012
  79.   446   D 1 - 3 ; D 1 S 2 D 3 S 4 ; D 1 - 2 S 3 - 4 ; D 1 - 2  END                0.0269    0.02672 -0.00351
  80.   663   D 1 - 2 S 3 - 4 ; D 1 - 3 ; D 1 - 3 ; D 1 S 2 S 4  END                    0.0269   -0.02672  0.00351
  81.    99   D 1 - 3 S 6 ; D 1 - 3 S 4 ; D 1 - 2 S 3 ; D 1 S 2  END                    0.0268   -0.01807 -0.01981
  82.   218   D 1 - 3 S 4 ; D 1 - 3 S 4 ; S 1 D 2 - 3 ; D 1 S 2  END                    0.0268    0.01807  0.01981
  83.   566   D 1 - 3 ; S 1 D 2 - 3 S 5 ; D 1 - 2 S 3 - 4 ; D 1 - 2  END                0.0257   -0.02450 -0.00777
  84.   679   D 1 - 2 S 3 - 4 ; D 1 - 3 ; D 1 - 3 ; S 1 D 2 S 5  END                    0.0257   -0.02450 -0.00777
  85.   836   D 1 S 2 D 3 S 5 ; D 1 - 3 ; D 1 - 2 S 3 - 4 ; D 1 - 2  END                0.0254   -0.02490 -0.00500
  86.   708   D 1 - 2 S 3 - 4 ; D 1 - 3 ; D 1 S 2 D 3 S 5 ; D 1 - 2  END                0.0254   -0.02490 -0.00500
  87.   311   D 1 - 3 S 4 ; D 1 - 2 S 3 ; D 1 - 3 S 4 ; D 1 S 2  END                    0.0251   -0.02167  0.01268
  88.   701   D 1 - 2 S 3 ; D 1 - 3 S 4 ; D 1 - 2 S 3 ; D 1 - 2 S 3  END                0.0251    0.02167 -0.01268
  89.   259   D 1 - 3 ; D 1 - 3 ; S 1 D 2 S 3 - 4 S 6 ; D 1 - 2  END                    0.0242    0.00658  0.02331
  90.  1087   S 1 D 2 S 3 - 4 S 6 ; D 1 - 3 ; D 1 - 3 ; D 1 - 2  END                    0.0242    0.00658  0.02331
  91.   395   D 1 - 3 ; D 1 - 2 ; D 1 - 4 ; D 1 - 2  END                                0.0234   -0.02339
  92.   797   D 1 - 2 ; D 1 - 3 ; D 1 - 3 ; D 1 - 3  END                                0.0234   -0.02339
  93.   728   D 1 - 2 S 3 S 6 ; D 1 - 3 ; S 1 D 2 - 3 S 4 ; D 1 - 2  END                0.0225    0.01853  0.01276
  94.   724   D 1 - 2 S 3 - 4 ; D 1 - 3 ; S 1 D 2 - 3 S 6 ; D 1 - 2  END                0.0223    0.02152  0.00594
  95.  1001   S 1 D 2 - 3 S 6 ; D 1 - 3 ; D 1 - 2 S 3 - 4 ; D 1 - 2  END                0.0223    0.02152  0.00594
  96.   758   D 1 - 2 S 3 ; D 1 S 2 D 3 ; D 1 - 3 S 4 ; D 1 - 2 S 3  END                0.0221   -0.00118  0.02207
  97.   744   D 1 - 2 S 3 ; D 1 - 2 S 3 ; D 1 - 3 S 4 ; D 1 - 2 S 4  END                0.0221   -0.00118  0.02207
  98.   812   D 1 S 2 D 3 ; D 1 - 3 S 4 ; D 1 - 3 S 4 ; D 1 S 2  END                    0.0218   -0.01655  0.01415
  99.   672   D 1 - 2 S 3 ; D 1 - 3 S 4 ; D 1 - 3 S 5 ; D 1 S 2  END                    0.0218    0.01655 -0.01415
 100.   488   D 1 - 3 ; D 1 S 2 - 3 D 4 ; D 1 - 3 ; D 1 - 2  END                        0.0213   -0.02127




 POSITION OF FIRST SPIN COUPLING FOR TEN MOST IMPORTANT CONFIGURATIONS
       8     23     17      2    166    246    105     32    171   1107



 ********************************
 RESULTS FOR ROOT   04
 TOTAL CI ENERGY =   -337.3167736
 ********************************

       CONF.                                                                           COEFF.
        NO.        SPACE ORBITAL PRODUCTS                                             CONTRIB.      CI COEFFICIENTS

       -----       ----------------------                                             --------   ---------------------
   1.   126   D 1 - 3 S 4 - 5 ; D 1 - 3 ; D 1 - 2 ; D 1 - 2  END                        0.4008   -0.40078
   2.   176   D 1 - 4 ; D 1 - 3 ; D 1 S 2 - 3 ; D 1 - 2  END                            0.4008   -0.40078
   3.    17   D 1 - 3 ; D 1 - 2 S 3 - 4 ; D 1 - 3 ; D 1 - 2  END                        0.2818    0.28177
   4.     2   D 1 - 3 ; D 1 - 3 ; D 1 - 3 ; D 1 S 2 - 3  END                            0.2818   -0.28177
   5.    95   D 1 - 3 S 4 ; D 1 - 3 S 4 ; D 1 - 2 S 3 ; D 1 S 2  END                    0.2813   -0.10403  0.26132
   6.   125   D 1 - 4 ; D 1 - 3 ; D 1 - 2 ; D 1 - 2  END                                0.1720    0.17200
   7.    24   D 1 - 2 S 3 S 5 ; D 1 - 3 ; D 1 - 3 ; D 1 - 2  END                        0.1585   -0.15854
   8.    11   D 1 - 3 ; D 1 - 3 ; D 1 S 2 D 3 S 4 ; D 1 - 2  END                        0.1585    0.15854
   9.    96   D 1 - 3 S 4 ; D 1 - 3 S 5 ; D 1 - 2 S 3 ; D 1 S 2  END                    0.1521   -0.11302  0.10177
  10.   110   D 1 - 3 S 4 ; D 1 - 3 S 4 ; D 1 - 2 S 3 ; S 1 D 2  END                    0.1521    0.11302 -0.10177
  11.    38   D 1 - 3 ; D 1 - 4 ; D 1 - 3 ; D 1  END                                    0.1354   -0.13542
  12.     9   D 1 - 3 ; D 1 - 3 ; D 1 - 2 S 3 S 5 ; D 1 - 2  END                        0.1322    0.13222
  13.    26   D 1 S 2 D 3 S 4 ; D 1 - 3 ; D 1 - 3 ; D 1 - 2  END                        0.1322   -0.13222
  14.     3   D 1 - 3 ; D 1 - 3 ; D 1 - 3 ; D 1 S 2 S 4  END                            0.1029    0.10291
  15.    19   D 1 - 3 ; D 1 S 2 D 3 S 4 ; D 1 - 3 ; D 1 - 2  END                        0.1029   -0.10290
  16.   178   D 1 - 3 S 4 S 6 ; D 1 - 3 ; D 1 S 2 - 3 ; D 1 - 2  END                    0.1010    0.07631  0.06620
  17.   249   D 1 - 3 S 4 - 5 ; D 1 - 3 ; S 1 D 2 S 3 ; D 1 - 2  END                    0.1010    0.07631  0.06619
  18.   177   D 1 - 3 S 4 - 5 ; D 1 - 3 ; D 1 S 2 - 3 ; D 1 - 2  END                    0.0988   -0.07849 -0.06008
  19.     8   D 1 - 3 ; D 1 - 3 ; D 1 - 2 S 3 - 4 ; D 1 - 2  END                        0.0888    0.08877
  20.    23   D 1 - 2 S 3 - 4 ; D 1 - 3 ; D 1 - 3 ; D 1 - 2  END                        0.0888    0.08877
  21.    53   D 1 - 4 ; D 1 - 3 ; D 1 - 3 ; S 1 - 2  END                                0.0785   -0.07850
  22.   132   D 1 - 3 ; D 1 - 3 S 4 - 5 ; D 1 - 2 ; D 1 - 2  END                        0.0785   -0.07850
  23.   111   D 1 - 3 S 4 ; D 1 - 3 S 5 ; D 1 - 2 S 3 ; S 1 D 2  END                    0.0712    0.02427 -0.06695
  24.    29   S 1 D 2 - 3 S 4 ; D 1 - 3 ; D 1 - 3 ; D 1 - 2  END                        0.0690    0.06897
  25.    10   D 1 - 3 ; D 1 - 3 ; D 1 - 2 S 3 S 6 ; D 1 - 2  END                        0.0690   -0.06897
  26.   148   D 1 - 3 S 5 ; D 1 - 3 S 4 ; D 1 S 2 D 3 ; D 1 S 2  END                    0.0664    0.04310 -0.05050
  27.    98   D 1 - 3 S 5 ; D 1 - 3 S 5 ; D 1 - 2 S 3 ; D 1 S 2  END                    0.0584   -0.02175  0.05421
  28.   161   D 1 - 3 S 4 ; D 1 - 3 S 4 ; D 1 S 2 D 3 ; S 1 D 2  END                    0.0584   -0.02175  0.05421
  29.     5   D 1 - 3 ; D 1 - 3 ; D 1 - 3 ; S 1 D 2 S 3  END                            0.0556    0.05561
  30.    18   D 1 - 3 ; D 1 - 2 S 3 S 5 ; D 1 - 3 ; D 1 - 2  END                        0.0556    0.05561
  31.    97   D 1 - 3 S 5 ; D 1 - 3 S 4 ; D 1 - 2 S 3 ; D 1 S 2  END                    0.0555    0.04615 -0.03088
  32.   146   D 1 - 3 S 4 ; D 1 - 3 S 4 ; D 1 S 2 D 3 ; D 1 S 2  END                    0.0555   -0.04614  0.03088
  33.   129   D 1 - 3 S 5 - 6 ; D 1 - 3 ; D 1 - 2 ; D 1 - 2  END                        0.0508    0.05081
  34.   269   D 1 - 4 ; D 1 - 3 ; S 1 - 2 D 3 ; D 1 - 2  END                            0.0508   -0.05081
  35.   341   D 1 - 3 S 4 ; D 1 - 2 S 3 ; D 1 - 2 S 3 ; D 1 - 2 S 3  END                0.0490    0.00792 -0.04837
  36.   833   D 1 S 2 D 3 S 4 ; D 1 - 3 ; D 1 - 2 S 3 - 4 ; D 1 - 2  END                0.0472   -0.00772 -0.04652
  37.   693   D 1 - 2 S 3 - 4 ; D 1 - 3 ; D 1 - 2 S 3 S 5 ; D 1 - 2  END                0.0472    0.00772  0.04652
  38.    60   D 1 - 3 ; D 1 - 3 S 4 - 5 ; D 1 - 3 ; S 1 - 2  END                        0.0471   -0.03885 -0.02655
  39.   438   D 1 - 3 S 4 ; D 1 S 2 D 3 ; D 1 - 2 S 3 ; D 1 - 2 S 4  END                0.0469    0.00754 -0.04628
  40.    32   D 1 - 4 ; D 1 - 3 ; D 1 - 3 ; D 1  END                                    0.0464   -0.04640
  41.   131   D 1 - 3 ; D 1 - 4 ; D 1 - 2 ; D 1 - 2  END                                0.0464   -0.04640
  42.   112   D 1 - 3 S 5 ; D 1 - 3 S 4 ; D 1 - 2 S 3 ; S 1 D 2  END                    0.0463    0.02438 -0.03931
  43.   147   D 1 - 3 S 4 ; D 1 - 3 S 5 ; D 1 S 2 D 3 ; D 1 S 2  END                    0.0463    0.02438 -0.03931
  44.   252   D 1 - 3 S 5 - 6 ; D 1 - 3 ; S 1 D 2 S 3 ; D 1 - 2  END                    0.0430    0.03333  0.02722
  45.   271   D 1 - 3 S 4 S 6 ; D 1 - 3 ; S 1 - 2 D 3 ; D 1 - 2  END                    0.0430   -0.03333 -0.02722
  46.   128   D 1 - 3 D 5 ; D 1 - 3 ; D 1 - 2 ; D 1 - 2  END                            0.0395    0.03952
  47.   197   D 1 - 4 ; D 1 - 3 ; D 1 D 3 ; D 1 - 2  END                                0.0395    0.03952
  48.   250   D 1 - 3 S 4 S 6 ; D 1 - 3 ; S 1 D 2 S 3 ; D 1 - 2  END                    0.0372    0.03689  0.00481
  49.    33   D 1 - 3 S 4 - 5 ; D 1 - 3 ; D 1 - 3 ; D 1  END                            0.0366    0.03661
  50.   182   D 1 - 3 ; D 1 - 4 ; D 1 S 2 - 3 ; D 1 - 2  END                            0.0366    0.03661
  51.   222   D 1 - 3 S 6 ; D 1 - 3 S 4 ; S 1 D 2 - 3 ; D 1 S 2  END                    0.0364    0.01910 -0.03104
  52.   350   D 1 - 3 ; D 1 - 2 S 3 - 4 ; D 1 - 2 S 3 - 4 ; D 1 - 2  END                0.0355   -0.02982 -0.01932
  53.   662   D 1 - 2 S 3 - 4 ; D 1 - 3 ; D 1 - 3 ; D 1 S 2 - 3  END                    0.0355    0.02981  0.01932
  54.   113   D 1 - 3 S 5 ; D 1 - 3 S 5 ; D 1 - 2 S 3 ; S 1 D 2  END                    0.0343   -0.02517  0.02330
  55.   162   D 1 - 3 S 4 ; D 1 - 3 S 5 ; D 1 S 2 D 3 ; S 1 D 2  END                    0.0343    0.02517 -0.02330
  56.   737   D 1 - 2 S 3 - 4 ; D 1 - 2 S 3 - 4 ; D 1 - 3 ; D 1 - 2  END                0.0339    0.03290  0.00823
  57.   101   D 1 - 3 ; D 1 - 3 ; D 1 - 2 S 3 - 4 ; D 1 S 2 - 3  END                    0.0339   -0.03290 -0.00823
  58.   200   D 1 - 3 D 5 ; D 1 - 3 ; D 1 D 3 ; D 1 - 2  END                            0.0330   -0.03304
  59.   701   D 1 - 2 S 3 ; D 1 - 3 S 4 ; D 1 - 2 S 3 ; D 1 - 2 S 3  END                0.0326    0.02462  0.02131
  60.   311   D 1 - 3 S 4 ; D 1 - 2 S 3 ; D 1 - 3 S 4 ; D 1 S 2  END                    0.0326   -0.02462 -0.02131
  61.   439   D 1 - 3 S 4 ; D 1 S 2 D 3 ; D 1 - 2 S 3 ; D 1 - 2 S 5  END                0.0324   -0.01493  0.02878
  62.   555   D 1 - 3 S 4 ; S 1 D 2 - 3 ; D 1 - 2 S 3 ; D 1 - 2 S 4  END                0.0324   -0.01493  0.02878
  63.   320   D 1 - 3 ; D 1 - 2 S 3 - 4 ; D 1 - 3 ; D 1 S 2 - 3  END                    0.0320   -0.01315 -0.02918
  64.   102   D 1 - 3 ; D 1 - 3 ; D 1 - 2 S 3 - 4 ; D 1 S 2 S 4  END                    0.0318    0.02349  0.02148
  65.   752   D 1 - 2 S 3 - 4 ; D 1 S 2 D 3 S 4 ; D 1 - 3 ; D 1 - 2  END                0.0318   -0.02349 -0.02148
  66.   923   D 1 S 2 - 3 D 4 ; D 1 - 3 ; D 1 - 3 ; D 1 - 2  END                        0.0302   -0.03019
  67.   135   D 1 - 3 ; D 1 - 3 ; D 1 - 2 S 4 - 5 ; D 1 - 2  END                        0.0302   -0.03019
  68.   996   S 1 D 2 - 3 S 4 ; D 1 - 3 ; D 1 - 2 S 3 S 5 ; D 1 - 2  END                0.0301   -0.01025 -0.02835
  69.   835   D 1 S 2 D 3 S 4 ; D 1 - 3 ; D 1 - 2 S 3 S 6 ; D 1 - 2  END                0.0301   -0.01025 -0.02835
  70.    20   D 1 - 3 ; D 1 S 2 D 3 S 5 ; D 1 - 3 ; D 1 - 2  END                        0.0287   -0.02874
  71.     6   D 1 - 3 ; D 1 - 3 ; D 1 - 3 ; S 1 D 2 S 4  END                            0.0287   -0.02874
  72.   130   D 1 - 3 D 6 ; D 1 - 3 ; D 1 - 2 ; D 1 - 2  END                            0.0283   -0.02830
  73.   290   D 1 - 4 ; D 1 - 3 ; D 2 - 3 ; D 1 - 2  END                                0.0283   -0.02830
  74.   321   D 1 - 3 ; D 1 - 2 S 3 - 4 ; D 1 - 3 ; D 1 S 2 S 4  END                    0.0283   -0.02674 -0.00916
  75.   416   D 1 - 3 ; D 1 S 2 D 3 S 4 ; D 1 - 3 ; D 1 S 2 - 3  END                    0.0283   -0.02674 -0.00916
  76.   218   D 1 - 3 S 4 ; D 1 - 3 S 4 ; S 1 D 2 - 3 ; D 1 S 2  END                    0.0279    0.00629  0.02714
  77.    99   D 1 - 3 S 6 ; D 1 - 3 S 4 ; D 1 - 2 S 3 ; D 1 S 2  END                    0.0279   -0.00629 -0.02714
  78.   417   D 1 - 3 ; D 1 S 2 D 3 S 4 ; D 1 - 3 ; D 1 S 2 S 4  END                    0.0271   -0.00353 -0.02687
  79.   488   D 1 - 3 ; D 1 S 2 - 3 D 4 ; D 1 - 3 ; D 1 - 2  END                        0.0268   -0.02682
  80.    48   D 1 - 3 ; D 1 - 3 ; D 1 - 3 ; D 1 S 3 - 4  END                            0.0268    0.02682
  81.   164   D 1 - 3 S 5 ; D 1 - 3 S 5 ; D 1 S 2 D 3 ; S 1 D 2  END                    0.0264   -0.01135  0.02384
  82.   834   D 1 S 2 D 3 S 4 ; D 1 - 3 ; D 1 - 2 S 3 S 5 ; D 1 - 2  END                0.0257   -0.01605 -0.02006
  83.   743   D 1 - 2 S 3 ; D 1 - 2 S 3 ; D 1 - 3 S 4 ; D 1 - 2 S 3  END                0.0251    0.00502 -0.02459
  84.   179   D 1 - 3 D 5 ; D 1 - 3 ; D 1 S 2 - 3 ; D 1 - 2  END                        0.0247   -0.02469
  85.   198   D 1 - 3 S 4 - 5 ; D 1 - 3 ; D 1 D 3 ; D 1 - 2  END                        0.0247   -0.02469
  86.   402   D 1 - 3 ; D 1 - 2 ; D 1 - 3 ; D 1 - 2 S 3 - 4  END                        0.0246   -0.02461
  87.   497   D 1 - 3 ; D 1 S 2 - 3 ; D 1 - 3 ; D 1 - 3  END                            0.0246    0.02461
  88.   746   D 1 - 2 S 3 ; D 1 - 2 S 3 ; D 1 - 3 S 5 ; D 1 - 2 S 3  END                0.0244    0.00173 -0.02433
  89.   884   D 1 S 2 D 3 ; D 1 - 2 S 3 ; D 1 - 3 S 4 ; D 1 - 2 S 3  END                0.0244   -0.00173  0.02433
  90.   105   D 1 - 3 ; D 1 - 3 ; D 1 - 2 S 3 S 5 ; D 1 S 2 S 4  END                    0.0237    0.02243  0.00751
  91.   893   D 1 S 2 D 3 S 4 ; D 1 S 2 D 3 S 4 ; D 1 - 3 ; D 1 - 2  END                0.0237    0.02243  0.00751
  92.    34   D 1 - 3 S 4 S 6 ; D 1 - 3 ; D 1 - 3 ; D 1  END                            0.0233   -0.02334
  93.   254   D 1 - 3 ; D 1 - 4 ; S 1 D 2 S 3 ; D 1 - 2  END                            0.0233   -0.02334
  94.   323   D 1 - 3 ; D 1 - 2 S 3 S 5 ; D 1 - 3 ; D 1 S 2 - 3  END                    0.0230   -0.00863 -0.02129
  95.   335   D 1 - 3 ; D 1 - 2 S 3 - 4 ; D 1 - 3 ; S 1 D 2 S 3  END                    0.0230    0.00863  0.02129
  96.   671   D 1 - 2 S 3 ; D 1 - 3 S 4 ; D 1 - 3 S 4 ; D 1 S 2  END                    0.0229    0.00800  0.02144
  97.   155   D 1 - 3 ; D 1 - 3 ; D 1 S 2 D 3 S 5 ; D 1 S 2 - 3  END                    0.0228   -0.02216 -0.00554
  98.   880   D 1 S 2 D 3 S 5 ; D 1 - 2 S 3 - 4 ; D 1 - 3 ; D 1 - 2  END                0.0228    0.02216  0.00554
  99.   153   D 1 - 3 ; D 1 - 3 ; D 1 S 2 D 3 S 4 ; D 1 S 2 S 4  END                    0.0225    0.01943  0.01134
 100.   754   D 1 - 2 S 3 S 5 ; D 1 S 2 D 3 S 4 ; D 1 - 3 ; D 1 - 2  END                0.0225    0.01943  0.01134




 POSITION OF FIRST SPIN COUPLING FOR TEN MOST IMPORTANT CONFIGURATIONS
     166    246     17      2    105    165     24     11    107    135



 ********************************
 RESULTS FOR ROOT   05
 TOTAL CI ENERGY =   -337.1949498
 ********************************

       CONF.                                                                           COEFF.
        NO.        SPACE ORBITAL PRODUCTS                                             CONTRIB.      CI COEFFICIENTS

       -----       ----------------------                                             --------   ---------------------
   1.    95   D 1 - 3 S 4 ; D 1 - 3 S 4 ; D 1 - 2 S 3 ; D 1 S 2  END                    0.4342    0.16699  0.40084
   2.   131   D 1 - 3 ; D 1 - 4 ; D 1 - 2 ; D 1 - 2  END                                0.3317   -0.33168
   3.    32   D 1 - 4 ; D 1 - 3 ; D 1 - 3 ; D 1  END                                    0.3317   -0.33167
   4.    17   D 1 - 3 ; D 1 - 2 S 3 - 4 ; D 1 - 3 ; D 1 - 2  END                        0.3129   -0.31292
   5.     2   D 1 - 3 ; D 1 - 3 ; D 1 - 3 ; D 1 S 2 - 3  END                            0.3129    0.31292
   6.   125   D 1 - 4 ; D 1 - 3 ; D 1 - 2 ; D 1 - 2  END                                0.1928   -0.19285
   7.   182   D 1 - 3 ; D 1 - 4 ; D 1 S 2 - 3 ; D 1 - 2  END                            0.1389   -0.13887
   8.    33   D 1 - 3 S 4 - 5 ; D 1 - 3 ; D 1 - 3 ; D 1  END                            0.1389   -0.13887
   9.   177   D 1 - 3 S 4 - 5 ; D 1 - 3 ; D 1 S 2 - 3 ; D 1 - 2  END                    0.1088   -0.10835 -0.00965
  10.    19   D 1 - 3 ; D 1 S 2 D 3 S 4 ; D 1 - 3 ; D 1 - 2  END                        0.1051   -0.10506
  11.     3   D 1 - 3 ; D 1 - 3 ; D 1 - 3 ; D 1 S 2 S 4  END                            0.1051    0.10506
  12.   128   D 1 - 3 D 5 ; D 1 - 3 ; D 1 - 2 ; D 1 - 2  END                            0.1000    0.10002
  13.   197   D 1 - 4 ; D 1 - 3 ; D 1 D 3 ; D 1 - 2  END                                0.1000    0.10002
  14.    97   D 1 - 3 S 5 ; D 1 - 3 S 4 ; D 1 - 2 S 3 ; D 1 S 2  END                    0.0954   -0.09201 -0.02506
  15.   146   D 1 - 3 S 4 ; D 1 - 3 S 4 ; D 1 S 2 D 3 ; D 1 S 2  END                    0.0954    0.09201  0.02505
  16.     1   D 1 - 3 ; D 1 - 3 ; D 1 - 3 ; D 1 - 2  END                                0.0932   -0.09317
  17.   127   D 1 - 3 S 4 S 6 ; D 1 - 3 ; D 1 - 2 ; D 1 - 2  END                        0.0812    0.08122
  18.   248   D 1 - 4 ; D 1 - 3 ; S 1 D 2 S 3 ; D 1 - 2  END                            0.0812    0.08122
  19.   255   D 1 - 3 ; D 1 - 3 S 4 - 5 ; S 1 D 2 S 3 ; D 1 - 2  END                    0.0733   -0.05122 -0.05246
  20.    55   D 1 - 3 S 4 S 6 ; D 1 - 3 ; D 1 - 3 ; S 1 - 2  END                        0.0733   -0.05122 -0.05246
  21.   114   D 1 - 3 S 6 ; D 1 - 3 S 4 ; D 1 - 2 S 3 ; S 1 D 2  END                    0.0700   -0.05099 -0.04799
  22.   219   D 1 - 3 S 4 ; D 1 - 3 S 5 ; S 1 D 2 - 3 ; D 1 S 2  END                    0.0700   -0.05099 -0.04799
  23.    18   D 1 - 3 ; D 1 - 2 S 3 S 5 ; D 1 - 3 ; D 1 - 2  END                        0.0691    0.06912
  24.     5   D 1 - 3 ; D 1 - 3 ; D 1 - 3 ; S 1 D 2 S 3  END                            0.0691    0.06912
  25.    98   D 1 - 3 S 5 ; D 1 - 3 S 5 ; D 1 - 2 S 3 ; D 1 S 2  END                    0.0680    0.00086  0.06796
  26.   161   D 1 - 3 S 4 ; D 1 - 3 S 4 ; D 1 S 2 D 3 ; S 1 D 2  END                    0.0680    0.00086  0.06796
  27.    38   D 1 - 3 ; D 1 - 4 ; D 1 - 3 ; D 1  END                                    0.0675    0.06751
  28.   112   D 1 - 3 S 5 ; D 1 - 3 S 4 ; D 1 - 2 S 3 ; S 1 D 2  END                    0.0667    0.05776  0.03341
  29.   147   D 1 - 3 S 4 ; D 1 - 3 S 5 ; D 1 S 2 D 3 ; D 1 S 2  END                    0.0667    0.05776  0.03341
  30.   110   D 1 - 3 S 4 ; D 1 - 3 S 4 ; D 1 - 2 S 3 ; S 1 D 2  END                    0.0652    0.06049 -0.02422
  31.    96   D 1 - 3 S 4 ; D 1 - 3 S 5 ; D 1 - 2 S 3 ; D 1 S 2  END                    0.0652   -0.06049  0.02422
  32.   701   D 1 - 2 S 3 ; D 1 - 3 S 4 ; D 1 - 2 S 3 ; D 1 - 2 S 3  END                0.0633   -0.04004 -0.04896
  33.   311   D 1 - 3 S 4 ; D 1 - 2 S 3 ; D 1 - 3 S 4 ; D 1 S 2  END                    0.0633    0.04004  0.04896
  34.   183   D 1 - 3 ; D 1 - 3 S 4 - 5 ; D 1 S 2 - 3 ; D 1 - 2  END                    0.0621    0.05288  0.03263
  35.    54   D 1 - 3 S 4 - 5 ; D 1 - 3 ; D 1 - 3 ; S 1 - 2  END                        0.0621    0.05288  0.03263
  36.   350   D 1 - 3 ; D 1 - 2 S 3 - 4 ; D 1 - 2 S 3 - 4 ; D 1 - 2  END                0.0620    0.04764  0.03961
  37.   662   D 1 - 2 S 3 - 4 ; D 1 - 3 ; D 1 - 3 ; D 1 S 2 - 3  END                    0.0620   -0.04764 -0.03961
  38.   132   D 1 - 3 ; D 1 - 3 S 4 - 5 ; D 1 - 2 ; D 1 - 2  END                        0.0608   -0.06081
  39.    53   D 1 - 4 ; D 1 - 3 ; D 1 - 3 ; S 1 - 2  END                                0.0608   -0.06081
  40.   446   D 1 - 3 ; D 1 S 2 D 3 S 4 ; D 1 - 2 S 3 - 4 ; D 1 - 2  END                0.0589   -0.01717 -0.05634
  41.   663   D 1 - 2 S 3 - 4 ; D 1 - 3 ; D 1 - 3 ; D 1 S 2 S 4  END                    0.0589    0.01717  0.05634
  42.   702   D 1 - 2 S 3 ; D 1 - 3 S 4 ; D 1 - 2 S 3 ; D 1 - 2 S 4  END                0.0530    0.02443  0.04705
  43.   407   D 1 - 3 S 4 ; D 1 S 2 D 3 ; D 1 - 3 S 4 ; D 1 S 2  END                    0.0530   -0.02443 -0.04705
  44.     9   D 1 - 3 ; D 1 - 3 ; D 1 - 2 S 3 S 5 ; D 1 - 2  END                        0.0502    0.05017
  45.    26   D 1 S 2 D 3 S 4 ; D 1 - 3 ; D 1 - 3 ; D 1 - 2  END                        0.0502   -0.05017
  46.   111   D 1 - 3 S 4 ; D 1 - 3 S 5 ; D 1 - 2 S 3 ; S 1 D 2  END                    0.0481    0.04645 -0.01244
  47.   250   D 1 - 3 S 4 S 6 ; D 1 - 3 ; S 1 D 2 S 3 ; D 1 - 2  END                    0.0427   -0.04169  0.00921
  48.    99   D 1 - 3 S 6 ; D 1 - 3 S 4 ; D 1 - 2 S 3 ; D 1 S 2  END                    0.0422   -0.03930  0.01546
  49.   218   D 1 - 3 S 4 ; D 1 - 3 S 4 ; S 1 D 2 - 3 ; D 1 S 2  END                    0.0422    0.03930 -0.01546
  50.   341   D 1 - 3 S 4 ; D 1 - 2 S 3 ; D 1 - 2 S 3 ; D 1 - 2 S 3  END                0.0402    0.00576  0.03975
  51.   320   D 1 - 3 ; D 1 - 2 S 3 - 4 ; D 1 - 3 ; D 1 S 2 - 3  END                    0.0395    0.01598  0.03609
  52.    10   D 1 - 3 ; D 1 - 3 ; D 1 - 2 S 3 S 6 ; D 1 - 2  END                        0.0393   -0.03926
  53.    29   S 1 D 2 - 3 S 4 ; D 1 - 3 ; D 1 - 3 ; D 1 - 2  END                        0.0393    0.03926
  54.   130   D 1 - 3 D 6 ; D 1 - 3 ; D 1 - 2 ; D 1 - 2  END                            0.0382    0.03818
  55.   290   D 1 - 4 ; D 1 - 3 ; D 2 - 3 ; D 1 - 2  END                                0.0382    0.03818
  56.   321   D 1 - 3 ; D 1 - 2 S 3 - 4 ; D 1 - 3 ; D 1 S 2 S 4  END                    0.0381    0.02978  0.02382
  57.   416   D 1 - 3 ; D 1 S 2 D 3 S 4 ; D 1 - 3 ; D 1 S 2 - 3  END                    0.0381    0.02978  0.02382
  58.   176   D 1 - 4 ; D 1 - 3 ; D 1 S 2 - 3 ; D 1 - 2  END                            0.0371   -0.03712
  59.   126   D 1 - 3 S 4 - 5 ; D 1 - 3 ; D 1 - 2 ; D 1 - 2  END                        0.0371   -0.03712
  60.    60   D 1 - 3 ; D 1 - 3 S 4 - 5 ; D 1 - 3 ; S 1 - 2  END                        0.0369   -0.01584  0.03338
  61.   100   D 1 - 3 S 6 ; D 1 - 3 S 5 ; D 1 - 2 S 3 ; D 1 S 2  END                    0.0366    0.00216 -0.03650
  62.   233   D 1 - 3 S 4 ; D 1 - 3 S 4 ; S 1 D 2 - 3 ; S 1 D 2  END                    0.0366    0.00216 -0.03650
  63.    34   D 1 - 3 S 4 S 6 ; D 1 - 3 ; D 1 - 3 ; D 1  END                            0.0358   -0.03580
  64.   254   D 1 - 3 ; D 1 - 4 ; S 1 D 2 S 3 ; D 1 - 2  END                            0.0358   -0.03580
  65.   113   D 1 - 3 S 5 ; D 1 - 3 S 5 ; D 1 - 2 S 3 ; S 1 D 2  END                    0.0354   -0.00281 -0.03530
  66.   162   D 1 - 3 S 4 ; D 1 - 3 S 5 ; D 1 S 2 D 3 ; S 1 D 2  END                    0.0354    0.00281  0.03530
  67.   342   D 1 - 3 S 4 ; D 1 - 2 S 3 ; D 1 - 2 S 3 ; D 1 - 2 S 4  END                0.0345   -0.01978  0.02820
  68.   437   D 1 - 3 S 4 ; D 1 S 2 D 3 ; D 1 - 2 S 3 ; D 1 - 2 S 3  END                0.0345   -0.01978  0.02820
  69.   133   D 1 - 3 ; D 1 - 3 D 5 ; D 1 - 2 ; D 1 - 2  END                            0.0333    0.03335
  70.    74   D 1 - 4 ; D 1 - 3 ; D 1 - 3 ; D 2  END                                    0.0333    0.03335
  71.   843   D 1 S 2 D 3 ; D 1 - 3 S 4 ; D 1 - 2 S 3 ; D 1 - 2 S 4  END                0.0323   -0.00959 -0.03083
  72.   408   D 1 - 3 S 4 ; D 1 S 2 D 3 ; D 1 - 3 S 5 ; D 1 S 2  END                    0.0323   -0.00959 -0.03083
  73.   251   D 1 - 3 D 5 ; D 1 - 3 ; S 1 D 2 S 3 ; D 1 - 2  END                        0.0320   -0.03205
  74.   199   D 1 - 3 S 4 S 6 ; D 1 - 3 ; D 1 D 3 ; D 1 - 2  END                        0.0320   -0.03205
  75.   184   D 1 - 3 ; D 1 - 3 D 5 ; D 1 S 2 - 3 ; D 1 - 2  END                        0.0306    0.03061
  76.    75   D 1 - 3 S 4 - 5 ; D 1 - 3 ; D 1 - 3 ; D 2  END                            0.0306    0.03061
  77.   179   D 1 - 3 D 5 ; D 1 - 3 ; D 1 S 2 - 3 ; D 1 - 2  END                        0.0304    0.03043
  78.   198   D 1 - 3 S 4 - 5 ; D 1 - 3 ; D 1 D 3 ; D 1 - 2  END                        0.0304    0.03043
  79.   564   D 1 - 3 ; S 1 D 2 - 3 S 4 ; D 1 - 2 S 3 S 5 ; D 1 - 2  END                0.0300    0.01305  0.02701
  80.   805   D 1 S 2 D 3 S 4 ; D 1 - 3 ; D 1 - 3 ; D 1 S 2 S 5  END                    0.0300    0.01305  0.02701
  81.  1006   S 1 D 2 - 3 ; D 1 - 3 S 4 ; D 1 - 2 S 3 ; D 1 - 2 S 5  END                0.0297    0.01124  0.02752
  82.   526   D 1 - 3 S 4 ; S 1 D 2 - 3 ; D 1 - 3 S 6 ; D 1 S 2  END                    0.0297    0.01124  0.02752
  83.    80   D 1 - 3 ; D 1 - 4 ; D 1 - 3 ; D 2  END                                    0.0296    0.02956
  84.    40   D 1 - 3 ; D 1 - 3 D 5 ; D 1 - 3 ; D 1  END                                0.0296    0.02956
  85.   565   D 1 - 3 ; S 1 D 2 - 3 S 4 ; D 1 - 2 S 3 S 6 ; D 1 - 2  END                0.0284    0.01228  0.02558
  86.   967   S 1 D 2 - 3 S 4 ; D 1 - 3 ; D 1 - 3 ; D 1 S 2 S 5  END                    0.0284    0.01228  0.02558
  87.   447   D 1 - 3 ; D 1 S 2 D 3 S 4 ; D 1 - 2 S 3 S 5 ; D 1 - 2  END                0.0280   -0.01311 -0.02470
  88.   804   D 1 S 2 D 3 S 4 ; D 1 - 3 ; D 1 - 3 ; D 1 S 2 S 4  END                    0.0280   -0.01311 -0.02470
  89.   844   D 1 S 2 D 3 ; D 1 - 3 S 4 ; D 1 - 2 S 3 ; D 1 - 2 S 5  END                0.0279    0.01488  0.02360
  90.   525   D 1 - 3 S 4 ; S 1 D 2 - 3 ; D 1 - 3 S 5 ; D 1 S 2  END                    0.0279    0.01488  0.02360
  91.   270   D 1 - 3 S 4 - 5 ; D 1 - 3 ; S 1 - 2 D 3 ; D 1 - 2  END                    0.0276   -0.01563 -0.02271
  92.   180   D 1 - 3 S 5 - 6 ; D 1 - 3 ; D 1 S 2 - 3 ; D 1 - 2  END                    0.0276    0.01563  0.02271
  93.    21   D 1 - 3 ; S 1 D 2 - 3 S 4 ; D 1 - 3 ; D 1 - 2  END                        0.0273   -0.02726
  94.     4   D 1 - 3 ; D 1 - 3 ; D 1 - 3 ; D 1 S 2 S 5  END                            0.0273    0.02726
  95.   743   D 1 - 2 S 3 ; D 1 - 2 S 3 ; D 1 - 3 S 4 ; D 1 - 2 S 3  END                0.0269   -0.00646  0.02608
  96.   402   D 1 - 3 ; D 1 - 2 ; D 1 - 3 ; D 1 - 2 S 3 - 4  END                        0.0260    0.02598
  97.   497   D 1 - 3 ; D 1 S 2 - 3 ; D 1 - 3 ; D 1 - 3  END                            0.0260   -0.02598
  98.   344   D 1 - 3 S 5 ; D 1 - 2 S 3 ; D 1 - 2 S 3 ; D 1 - 2 S 3  END                0.0253    0.01003 -0.02328
  99.   356   D 1 - 3 S 4 ; D 1 - 2 S 3 ; D 1 S 2 D 3 ; D 1 - 2 S 3  END                0.0253   -0.01003  0.02328
 100.   417   D 1 - 3 ; D 1 S 2 D 3 S 4 ; D 1 - 3 ; D 1 S 2 S 4  END                    0.0247    0.02170  0.01190




 POSITION OF FIRST SPIN COUPLING FOR TEN MOST IMPORTANT CONFIGURATIONS
     105    171     32     17      2    165    255     33    247     19



 ELAPSED TIME =       0.12 CPU SECONDS. (      0.20 WALL CLOCK SECONDS)
