 ************************************************************************
 * CISTAR - CONFIGURATION INTERACTION/PERTURBATION THEORY PROGRAM       *
 * QUANTUM CHEMISTRY GROUP - INDIANA UNIVERSITY -  4Jul 2016  23:13:36  *
 ************************************************************************



 THE TRANSFORMED INTEGRALS ARE TITLED: dumm                                    
 THE FILE IS DATED:                      4Jul 2016  22:11:17 
 THE NUMBER OF ORBITALS FROM FILE 16 IS  22.


                         CI RUN TITLE
                         -- --- -----
 )* H2O  -SINGLET A1-  STO-3G HF SD-CI TEST CASE *


 ) $
 ) $ GENERAL OPTIONS LIST INPUT
 ) $
 )MRSDCI=61      $ REQUEST UP TO SD EXCITATIONS FROM THESE CONFIGURATIONs
 )ISYMMETRY=1     $ SPECIFY Ag OVERALL SYMMETRY
 )MULTIPLICITY=1  $ SPECIFY SPIN MULTIPLICITY
 )END
 TIME TO PROCESS FORMULA FILE = 0.0 CPU SEC. ( 0.0 WALL CLOCK SEC.)

            THE REFERENCE SPACE CONFIGURATIONS
            --- --------- ----- --------------
 ) $
 ) $ SPECIFY THE HARTREE-FOCK CONFIGURATION
 ) $
 ) D 1 - 3 ; D 1 - 3 ; D 1 - 3 ; D 1 - 2  END
 ) D 1 - 4 ; D 1 - 3 ; D 1 - 2 ; D 1 - 2  END
 ) D 1 - 3 S 4 ; D 1 - 3 S 4 ; D 1 - 2 S 3 ; D 1 S 2  END
 ) D 1 - 3 S 4 - 5 ; D 1 - 3 ; D 1 S 2 - 3 ; D 1 - 2  END
 ) D 1 - 3 S 4 S 6 ; D 1 - 3 ; S 1 D 2 S 3 ; D 1 - 2  END
 ) D 1 - 3 S 4 ; D 1 - 2 S 3 ; D 1 - 2 S 3 ; D 1 - 2 S 3  END
 ) D 1 - 3 S 4 ; D 1 - 3 S 5 ; D 1 - 2 S 3 ; S 1 D 2  END
 ) D 1 - 2 S 3 - 4 ; D 1 - 3 ; D 1 - 2 S 3 - 4 ; D 1 - 2  END
 ) D 1 - 3 S 5 ; D 1 - 3 S 4 ; D 1 S 2 D 3 ; D 1 S 2  END
 ) D 1 - 3 ; D 1 - 3 S 4 - 5 ; D 1 - 3 ; S 1 - 2  END
 ) D 1 - 3 ; D 1 - 4 ; D 1 - 3 ; D 1  END
 ) D 1 - 2 S 3 ; D 1 - 2 S 3 ; D 1 - 3 S 4 ; D 1 - 2 S 3  END
 ) D 1 - 3 ; D 1 - 2 S 3 - 4 ; D 1 - 3 ; D 1 S 2 - 3  END
 ) D 1 - 3 S 4 ; D 1 S 2 D 3 ; D 1 - 2 S 3 ; D 1 - 2 S 4  END
 ) D 1 - 4 ; D 1 - 3 ; D 1 - 3 ; D 1  END
 ) D 1 - 3 ; D 1 - 4 ; D 1 - 2 ; D 1 - 2  END
 ) D 1 - 2 S 3 ; D 1 - 3 S 4 ; D 1 - 3 S 4 ; D 1 S 2  END
 ) D 1 - 3 ; D 1 S 2 D 3 S 4 ; D 1 - 3 ; D 1 S 2 S 4  END
 ) D 1 - 3 S 6 ; D 1 - 3 S 4 ; S 1 D 2 - 3 ; D 1 S 2  END
 ) D 1 - 3 ; D 1 S 2 - 3 ; D 1 - 3 ; D 1 - 2 S 3 - 4  END
 ) D 1 - 3 ; D 1 - 2 ; D 1 - 3 ; D 1 - 3  END
 ) D 1 - 3 ; D 1 - 3 S 4 - 5 ; S 1 D 2 S 3 ; D 1 - 2  END
 ) D 1 - 3 S 4 S 6 ; D 1 - 3 ; D 1 - 3 ; S 1 - 2  END
 ) S 1 D 2 - 3 S 4 ; D 1 - 3 ; D 1 - 2 S 3 S 6 ; D 1 - 2  END
 ) D 1 S 2 D 3 S 4 ; D 1 - 3 ; D 1 - 2 S 3 S 5 ; D 1 - 2  END
 ) D 1 - 3 S 5 ; D 1 - 2 S 3 ; D 1 S 2 D 3 ; D 1 - 2 S 3  END
 ) D 1 - 3 D 5 ; D 1 - 3 ; D 1 D 3 ; D 1 - 2  END
 ) D 1 - 3 S 5 ; D 1 - 3 S 5 ; D 1 S 2 D 3 ; S 1 D 2  END
 ) D 1 - 4 ; D 1 - 3 ; D 1 S 2 - 3 ; D 1 - 2  END
 ) D 1 - 3 S 4 - 5 ; D 1 - 3 ; D 1 - 2 ; D 1 - 2  END
 ) D 1 - 3 S 4 ; D 1 - 3 S 5 ; S 1 D 2 - 3 ; D 1 S 2  END
 ) D 1 - 3 S 6 ; D 1 - 3 S 4 ; D 1 - 2 S 3 ; S 1 D 2  END
 ) D 1 - 2 S 3 S 5 ; D 1 - 3 ; D 1 S 2 D 3 S 4 ; D 1 - 2  END
 ) D 1 - 2 S 3 ; D 1 S 2 D 3 ; D 1 - 3 S 4 ; D 1 - 2 S 4  END
 ) D 1 - 3 S 4 ; S 1 D 2 - 3 ; D 1 - 2 S 3 ; D 1 - 2 S 5  END
 ) D 1 - 3 S 5 - 6 ; D 1 - 3 ; S 1 - 2 D 3 ; D 1 - 2  END
 ) D 1 - 3 S 4 ; D 1 - 3 S 5 ; D 1 - 2 S 3 ; D 1 S 2  END
 ) D 1 - 3 S 4 ; D 1 - 3 S 4 ; D 1 - 2 S 3 ; S 1 D 2  END
 ) D 1 S 2 D 3 ; D 1 - 2 S 3 ; D 1 - 3 S 5 ; D 1 - 2 S 3  END
 ) D 1 - 2 ; D 1 - 3 ; D 1 - 4 ; D 1 - 2  END
 ) D 1 - 3 ; D 1 - 2 S 3 S 5 ; D 1 - 3 ; S 1 D 2 S 3  END
 ) D 1 S 2 D 3 S 5 ; D 1 - 3 ; D 1 S 2 D 3 S 5 ; D 1 - 2  END
 ) D 1 - 3 ; D 1 - 2 S 3 - 4 ; D 1 - 2 S 3 - 4 ; D 1 - 2  END
 ) D 1 - 2 S 3 - 4 ; D 1 - 3 ; D 1 - 3 ; D 1 S 2 - 3  END
 ) D 1 - 3 S 5 ; D 1 - 3 S 4 ; D 1 - 2 S 3 ; S 1 D 2  END
 ) D 1 - 3 S 4 ; D 1 - 3 S 5 ; D 1 S 2 D 3 ; D 1 S 2  END
 ) D 1 - 3 ; D 1 - 4 ; D 1 S 2 - 3 ; D 1 - 2  END
 ) D 1 - 3 S 4 - 5 ; D 1 - 3 ; D 1 - 3 ; D 1  END
 ) D 1 - 3 S 4 - 5 ; D 1 - 3 ; S 1 - 2 D 3 ; D 1 - 2  END
 ) D 1 - 3 S 5 - 6 ; D 1 - 3 ; D 1 S 2 - 3 ; D 1 - 2  END
 ) D 1 - 3 S 6 ; D 1 - 2 S 3 ; S 1 D 2 - 3 ; D 1 - 2 S 3  END
 ) D 1 - 3 S 5 ; D 1 - 3 S 4 ; D 1 - 2 S 3 ; D 1 S 2  END
 ) D 1 - 3 S 4 ; D 1 - 3 S 4 ; D 1 S 2 D 3 ; D 1 S 2  END
 ) D 1 - 3 S 6 ; D 1 - 3 S 5 ; S 1 D 2 - 3 ; S 1 D 2  END
 ) D 1 - 2 S 3 ; D 1 - 3 S 5 ; D 1 - 3 S 4 ; S 1 D 2  END
 ) D 1 S 2 D 3 ; D 1 - 3 S 4 ; D 1 - 3 S 5 ; D 1 S 2  END
 ) D 1 - 3 S 5 ; D 1 - 3 S 5 ; D 1 S 2 D 3 ; D 1 S 2  END
 ) D 1 - 3 S 5 ; D 1 - 3 S 4 ; D 1 S 2 D 3 ; S 1 D 2  END
 ) D 1 - 3 ; S 1 D 2 S 3 ; D 1 - 3 ; D 1 - 2 S 3 S 5  END
 ) D 1 - 3 S 4 ; D 1 - 3 S 4 ; S 1 D 2 - 3 ; S 1 D 2  END
 ) D 1 - 3 S 6 ; D 1 - 3 S 5 ; D 1 - 2 S 3 ; D 1 S 2  END

               INTERNALLY GENERATED ORBITAL SETS (MR SD-CI TYPE 1)
               ---------- --------- ------- ---------------------
 MIN. MAX.
 OCC. OCC.
   0   4   0001110001100011100111
  18  22   1110001110011100011000
 THE REFERENCE SPACE CONTAINS 110 SPIN-ADAPTED CONFIGURATIONS.


     58377 SPACE ORBITAL PRODUCTS (   313777 SPIN-ADAPTED CONFIGURATIONS)
 WERE GENERATED IN     0.1 CPU SECONDS.
 TIME IN DIAGC    0.0


 THE TOTAL NUMBER OF SPACE ORBITAL PRODUCTS IS          58377
 THE TOTAL NUMBER OF SPIN-ADAPTED CONFIGURATIONS IS    313777
 THE MAX. NUMBER OF SPIN COUPLINGS IN A S.O.P. IS   14
 THERE WILL BE         2 INTEGRAL LOADS UTILIZING  79995967 WORDS OF MEMORY.
 writ50, first, nrec= T       15872
 A TOTAL OF  9708445 NONZERO S.O.P. PAIRS WERE FOUND.
 TIME TO FIND (I,J) PAIRS =    9.26 CPU SECONDS.
 THE VALUE OF THE H(1,1) ELEMENT IS  -340.1900082

          HAMILTONIAN MATRIX STORAGE DATA
 I/O   NO. OF    NO. OF     FILE SIZE    PERCENT NONZERO
 FILE  RECORDS   ELEMENTS   (IN BYTES)    IN ALL BLOCKS
  12         4     627554      5020452
  13      1228    1166633     19652912
  17     45756  181333086    810881584      64.9
  18      2301   18160334    220905204
  19      1507   12012377    120566028
  20      1083    8643495     69316332
 TOTAL ELAPSED TIME =    31.5 CPU SECONDS AND       33.9 WALL CLOCK SECONDS.
