 ************************************************************************
 * CISTAR - CONFIGURATION INTERACTION/PERTURBATION THEORY PROGRAM       *
 * QUANTUM CHEMISTRY GROUP - INDIANA UNIVERSITY -  5Jul 2016  17:37:14  *
 ************************************************************************



 THE TRANSFORMED INTEGRALS ARE TITLED: dumm                                    
 THE FILE IS DATED:                      4Jul 2016  22:11:17 
 THE NUMBER OF ORBITALS FROM FILE 16 IS  22.


                         CI RUN TITLE
                         -- --- -----
 )* h2o  -singlet a1-  sto-3g hf sd-ci test case *


 ) $
 ) $ general options list input
 ) $
 )MRSDCI=24      $ request up to sd excitations from these configurations
 )ISYMMETRY=2     $ specify ag overall symmetry
 )MULTIPLICITY=1  $ specify spin multiplicity
 )END
 TIME TO PROCESS FORMULA FILE = 0.0 CPU SEC. ( 0.0 WALL CLOCK SEC.)

            THE REFERENCE SPACE CONFIGURATIONS
            --- --------- ----- --------------
 ) $
 ) $ specify the hartree-fock configuration
 ) $
 ) D 1 - 3 ; D 1 - 3 ; D 1 - 2 S 3 ; D 1 - 2 S 3  END
 ) D 1 - 3 S 4 ; D 1 - 2 S 3 ; D 1 - 3 ; D 1 - 2  END
 ) D 1 - 3 S 4 ; D 1 - 2 S 3 ; D 1 - 2 S 3 - 4 ; D 1 - 2  END
 ) D 1 - 2 S 3 - 4 ; D 1 - 3 ; D 1 - 2 S 3 ; D 1 - 2 S 3  END
 ) D 1 - 3 ; D 1 - 3 ; D 1 - 3 S 4 ; D 1 S 2  END
 ) D 1 - 2 S 3 ; D 1 - 3 S 4 ; D 1 - 3 ; D 1 - 2  END
 ) D 1 - 2 S 3 D 4 ; D 1 - 2 S 3 ; D 1 - 3 ; D 1 - 2  END
 ) D 1 - 3 ; D 1 - 3 ; D 1 - 2 S 4 ; D 1 - 2 S 3  END
 ) D 1 - 3 S 4 ; D 1 - 2 S 3 ; D 1 - 3 ; D 1 S 2 S 4  END
 ) D 1 - 3 ; D 1 S 2 D 3 S 4 ; D 1 - 2 S 3 ; D 1 - 2 S 3  END
 ) D 1 - 3 S 4 ; D 1 S 2 D 3 ; D 1 - 3 ; D 1 S 2 - 3  END
 ) D 1 - 3 ; D 1 - 2 S 3 - 4 ; D 1 - 2 S 3 ; D 1 - 2 S 4  END
 ) D 1 - 3 S 4 ; D 1 - 3 S 4 ; D 1 - 2 ; D 1 S 2 - 3  END
 ) D 1 - 4 ; D 1 - 2 S 3 - 4 ; D 1 - 2 S 3 ; D 1 S 2  END
 ) D 1 - 3 S 4 ; D 1 S 2 - 4 ; D 1 - 3 ; D 1 - 2  END
 ) D 1 - 3 ; D 1 - 3 ; D 1 - 2 S 3 ; D 1 S 2 - 4  END
 ) D 1 - 3 S 4 ; D 1 S 2 D 3 ; D 1 - 3 ; D 1 - 2  END
 ) D 1 - 3 ; D 1 - 3 ; D 1 - 2 S 3 ; D 1 - 2 S 4  END
 ) D 1 - 4 ; D 1 - 3 ; D 1 - 2 S 3 ; D 1 S 2  END
 ) D 1 - 3 S 4 ; D 1 - 3 S 4 ; D 1 - 2 ; D 1 - 2  END
 ) D 1 - 3 S 4 ; D 1 - 2 S 3 ; S 1 D 2 - 3 S 6 ; D 1 - 2  END
 ) S 1 D 2 - 3 S 6 ; D 1 - 3 ; D 1 - 2 S 3 ; D 1 - 2 S 3  END
 ) D 1 - 3 S 4 ; D 1 - 2 S 3 ; D 1 S 2 D 3 S 5 ; D 1 - 2  END
 ) D 1 S 2 D 3 S 5 ; D 1 - 3 ; D 1 - 2 S 3 ; D 1 - 2 S 3  END
 THE ORBITAL SET EXCITATION LEVEL OF REF. CONFIG. 14 WITH RESPECT TO 
 THE HARTREE-FOCK CONFIGURATION IS  3.

               INTERNALLY GENERATED ORBITAL SETS (MR SD-CI TYPE 2)
               ---------- --------- ------- ---------------------
 MIN. MAX.
 OCC. OCC.
   0   2   0000000000100000000001
  16  20   1111110111011111101110
   2   4   0000001000000000010000
 THE REFERENCE SPACE CONTAINS  38 SPIN-ADAPTED CONFIGURATIONS.


     25758 SPACE ORBITAL PRODUCTS (   130618 SPIN-ADAPTED CONFIGURATIONS)
 WERE GENERATED IN    75.7 CPU SECONDS.
 TIME IN DIAGC    0.0


 THE TOTAL NUMBER OF SPACE ORBITAL PRODUCTS IS          25758
 THE TOTAL NUMBER OF SPIN-ADAPTED CONFIGURATIONS IS    130618
 THE MAX. NUMBER OF SPIN COUPLINGS IN A S.O.P. IS   14
 THERE WILL BE         2 INTEGRAL LOADS UTILIZING  79995967 WORDS OF MEMORY.
 writ50, first, nrec= T       15872
 A TOTAL OF  3524003 NONZERO S.O.P. PAIRS WERE FOUND.
 TIME TO FIND (I,J) PAIRS =    1.61 CPU SECONDS.
 THE VALUE OF THE H(1,1) ELEMENT IS  -336.6070239

          HAMILTONIAN MATRIX STORAGE DATA
 I/O   NO. OF    NO. OF     FILE SIZE    PERCENT NONZERO
 FILE  RECORDS   ELEMENTS   (IN BYTES)    IN ALL BLOCKS
  12         4     261236      2089908
  13       485     461453      7761940
  17     13710   54373251    244448356      64.2
  18       498    3950021     47809992
  19       457    3621936     36561828
  20       737    5863932     47170948
 TOTAL ELAPSED TIME =    81.6 CPU SECONDS AND       81.5 WALL CLOCK SECONDS.
