 ************************************************************************
 * CISTAR - CONFIGURATION INTERACTION/PERTURBATION THEORY PROGRAM       *
 * QUANTUM CHEMISTRY GROUP - INDIANA UNIVERSITY - 11Apr 2016  11:32:35  *
 ************************************************************************



 THE TRANSFORMED INTEGRALS ARE TITLED: dumm                                    
 THE FILE IS DATED:                      8Apr 2016  21:00:11 
 THE NUMBER OF ORBITALS FROM FILE 16 IS  14.


                         CI RUN TITLE
                         -- --- -----
 )* H2O  -SINGLET A1-  STO-3G HF SD-CI TEST CASE *


 ) $
 ) $ GENERAL OPTIONS LIST INPUT
 ) $
 )SDTQCI      $ REQUEST UP TO SD EXCITATIONS FROM THESE CONFIGURATIONs
 )ISYMMETRY=2     $ SPECIFY Ag OVERALL SYMMETRY
 )MULTIPLICITY=3  $ SPECIFY SPIN MULTIPLICITY
 )END
 TIME TO PROCESS FORMULA FILE = 0.0 CPU SEC. ( 0.0 WALL CLOCK SEC.)

            THE HARTREE-FOCK CONFIGURATION
            --- ------------ -------------
 ) $
 ) $ SPECIFY THE HARTREE-FOCK CONFIGURATION
 ) $
 ) D 1 - 3 S 4 ; D 1 - 3 S 4  END $1Ag

               INTERNALLY GENERATED ORBITAL SETS (SDTQ-CI)
               ---------- --------- ------- --------------
 MIN. MAX.
 OCC. OCC.
   0   4   00001111000011
  10  14   11110000111100
 THE REFERENCE SPACE CONTAINS   1 SPIN-ADAPTED CONFIGURATIONS.


     21969 SPACE ORBITAL PRODUCTS (   145013 SPIN-ADAPTED CONFIGURATIONS)
 WERE GENERATED IN     0.0 CPU SECONDS.
 TIME IN DIAGC    0.0


 THE TOTAL NUMBER OF SPACE ORBITAL PRODUCTS IS          21969
 THE TOTAL NUMBER OF SPIN-ADAPTED CONFIGURATIONS IS    145013
 THE MAX. NUMBER OF SPIN COUPLINGS IN A S.O.P. IS   28
 THERE WILL BE         2 INTEGRAL LOADS UTILIZING  79995967 WORDS OF MEMORY.
 writ50, first, nrec= T       15872
 A TOTAL OF  4321491 NONZERO S.O.P. PAIRS WERE FOUND.
 TIME TO FIND (I,J) PAIRS =    1.00 CPU SECONDS.
 THE VALUE OF THE H(1,1) ELEMENT IS  -325.3289098

          HAMILTONIAN MATRIX STORAGE DATA
 I/O   NO. OF    NO. OF     FILE SIZE    PERCENT NONZERO
 FILE  RECORDS   ELEMENTS   (IN BYTES)    IN ALL BLOCKS
  12         4     290026      2320228
  13      1056     822082     16900224
  17     17260   66997185    301135964      57.1
  18       824    6225361     79107296
  19       460    3504273     36801840
  20       786    6109938     50307144
 TOTAL ELAPSED TIME =    10.8 CPU SECONDS AND       10.8 WALL CLOCK SECONDS.
