 ************************************************************************
 * CISTAR - CONFIGURATION INTERACTION/PERTURBATION THEORY PROGRAM       *
 * QUANTUM CHEMISTRY GROUP - INDIANA UNIVERSITY -  5Apr 2016  23:12:37  *
 ************************************************************************



 THE TRANSFORMED INTEGRALS ARE TITLED: dumm                                    
 THE FILE IS DATED:                      5Apr 2016  23:12:12 
 THE NUMBER OF ORBITALS FROM FILE 16 IS  14.


                         CI RUN TITLE
                         -- --- -----
 )* H2O  -SINGLET A1-  STO-3G HF SD-CI TEST CASE *


 ) $
 ) $ GENERAL OPTIONS LIST INPUT
 ) $
 )FULLCI      $ REQUEST UP TO SD EXCITATIONS FROM THESE CONFIGURATIONs
 )ISYMMETRY=1     $ SPECIFY Ag OVERALL SYMMETRY
 )MULTIPLICITY=1  $ SPECIFY SPIN MULTIPLICITY
 )END
 TIME TO PROCESS FORMULA FILE = 0.0 CPU SEC. ( 0.0 WALL CLOCK SEC.)

            THE HARTREE-FOCK CONFIGURATION
            --- ------------ -------------
 ) $
 ) $ SPECIFY THE HARTREE-FOCK CONFIGURATION
 ) $
 ) D 1 - 4 ; D 1 - 3  END $1Ag

               INTERNALLY GENERATED ORBITAL SETS (FULL-CI)
               ---------- --------- ------- --------------
 MIN. MAX.
 OCC. OCC.
   0  14   00001111000111
   0  14   11110000111000

    305334 SPACE ORBITAL PRODUCTS (  1242054 SPIN-ADAPTED CONFIGURATIONS)
 WERE GENERATED IN     0.1 CPU SECONDS.
 TIME IN DIAGC    0.1


 THE TOTAL NUMBER OF SPACE ORBITAL PRODUCTS IS         305334
 THE TOTAL NUMBER OF SPIN-ADAPTED CONFIGURATIONS IS   1242054
 THE MAX. NUMBER OF SPIN COUPLINGS IN A S.O.P. IS   14
 THERE WILL BE         2 INTEGRAL LOADS UTILIZING  79995967 WORDS OF MEMORY.
 writ50, first, nrec= T       15872
 A TOTAL OF ******** NONZERO S.O.P. PAIRS WERE FOUND.
 TIME TO FIND (I,J) PAIRS =  159.74 CPU SECONDS.
 THE VALUE OF THE H(1,1) ELEMENT IS  -329.8674127

          HAMILTONIAN MATRIX STORAGE DATA
 I/O   NO. OF    NO. OF     FILE SIZE    PERCENT NONZERO
 FILE  RECORDS   ELEMENTS   (IN BYTES)    IN ALL BLOCKS
  12         4    2484108     19872884
  13      3899    3724860     62399596
  17    191874  761266970   -873190480      65.0
  18     29384  233583707   **********
  19      1964   15627452    157127856
  20      1061    8466395     67908244
 TOTAL ELAPSED TIME =   272.8 CPU SECONDS AND      293.4 WALL CLOCK SECONDS.
