 ************************************************************************
 * RTSIM - DAVIDSON METHOD SPARSE MATRIX EIGENVALUE/EIGENVECTOR PROGRAM *
 * QUANTUM CHEMISTRY GROUP - INDIANA UNIVERSITY - 11May 2016  11:52:58  *
 ************************************************************************



                 DIAGONALIZATION RUN TITLE
                 -------------------------
 )* WATER TEST *



 ) DAVIDSON
 ) LAST=5
 ) COEFF
 ) NOVLP
 ) MAXITR=1000 END

 THE CI MATRIX IS TITLED:  H2O  -SINGLET A1-  STO-3G HF SD-CI TEST
 THE MATRIX IS DATED:     11May 2016  11:52:56 
 THE SPIN MULTIPLICITY IS 1 AND THE DIMENSION IS  54928.

 ROOTS  1 THROUGH  5 WILL BE OBTAINED.

  
  
  
 AMOUNT OF CORE AVAILABLE                      80000000
 MAXIMUM NUMBER OF VECTORS PER ITERATION              5
 MAXIMUM NUMBER OF VECTORS ON DISK                   25
 NUMBER OF SOLUTIONS SOUGHT                           5
 NUMBER OF SOLUTIONS INVESTIGATED                     5
 SIZE OF MATRIX DIAGONALISED                      54928
  
  
 INITIAL GUESS AT ROOTS (OBTAINED FROM DIAGONAL ELEMENTS OF HAMILTONIAN MATRIX)

                1        -125.30234
               55        -123.68976
               54        -123.65021
               56        -122.27821
                3        -122.27821


 ITERATION       ROOT           EIGENVALUE          NORM OF RESIDUAL
     1             1          -125.32057988              5.07437
     1             2          -123.78471912              5.05522
     1             3          -123.56886981              5.04321
     1             4          -122.52030444              5.46669
     1             5          -122.00425799              5.05029
     2             1          -127.13228073              5.99732
     2             2          -125.72751446              6.82472
     2             3          -125.43116862              6.41763
     2             4          -125.17538027             10.16723
     2             5          -123.80080639              8.76239
     2             1          -127.13228073              2.35826
     2             2          -125.72751446              2.58092
     2             3          -125.43116862              2.45410
     2             4          -125.17538027              3.74099
     2             5          -123.80080639              3.01439
     3             1          -127.38446440              2.97219
     3             2          -126.20515270           **********
     3             3          -126.06705113           1234.63649
     3             4          -125.73056393           **********
     3             5          -124.35696799              6.17193
     3             1          -127.38446440              0.91934
     3             2          -126.20515270              2.25068
     3             3          -126.06705113              1.13263
     3             4          -125.73056393              1.05998
     3             5          -124.35696799              1.57158
     4             1          -127.41624978              1.06442
     4             2          -126.52319591              4.71474
     4             3          -126.12236962              1.53270
     4             4          -125.77890550              1.48490
     4             5          -124.49189296              3.05313
     4             1          -127.41624978              0.33919
     4             2          -126.52319591              1.32944
     4             3          -126.12236962              0.45353
     4             4          -125.77890550              0.43470
     4             5          -124.49189296              0.74652
     5             1          -127.42028500              0.39194
     5             2          -126.61526571              2.68483
     5             3          -126.13118372              0.66022
     5             4          -125.78699326              0.69024
     5             5          -124.52408526              1.64596
  truncating with vlp=false 
 TRUNCATION TO 1 VECTOR PER ROOT HAS BEEN PERFORMED
     5             1          -127.42028500              0.11967
     5             2          -126.61526571              0.71729
     5             3          -126.13118372              0.19802
     5             4          -125.78699326              0.18018
     5             5          -124.52408526              0.41106
     6             1          -127.42074752              0.11487
     6             2          -126.63342379              0.74739
     6             3          -126.13280540              0.25093
     6             4          -125.78820633              0.20941
     6             5          -124.53326898              0.76507
     6             1          -127.42074752              0.05217
     6             2          -126.63342379              0.34099
     6             3          -126.13280540              0.10535
     6             4          -125.78820633              0.08520
     6             5          -124.53326898              0.26407
     7             1          -127.42088683              0.11330
     7             2          -126.64092920              0.88136
     7             3          -126.13368326              0.33736
     7             4          -125.78870574              0.28889
     7             5          -124.54295400              2.00785
     7             1          -127.42088683              0.02656
     7             2          -126.64092920              0.20767
     7             3          -126.13368326              0.07063
     7             4          -125.78870574              0.05415
     7             5          -124.54295400              0.32073
     8             1          -127.42091415              0.05157
     8             2          -126.64344762              0.65758
     8             3          -126.13389942              0.16181
     8             4          -125.78882606              0.13802
     8             5          -124.54938281              2.20960
     8             1          -127.42091415              0.01152
     8             2          -126.64344762              0.12222
     8             3          -126.13389942              0.02810
     8             4          -125.78882606              0.02653
     8             5          -124.54938281              0.30079
     9             1          -127.42091911              0.02238
     9             2          -126.64420956              0.38152
     9             3          -126.13393385              0.06312
     9             4          -125.78886665              0.11509
     9             5          -124.56111670              4.60287
  truncating with vlp=false 
 TRUNCATION TO 1 VECTOR PER ROOT HAS BEEN PERFORMED
     9             1          -127.42091911              0.00446
     9             2          -126.64420956              0.06307
     9             3          -126.13393385              0.01008
     9             4          -125.78886665              0.01627
     9             5          -124.56111670              0.38108
    10             1          -127.42091968              0.00411
    10             2          -126.64436238              0.08429
    10             3          -126.13393747              0.01229
    10             4          -125.78887650              0.02412
    10             5          -124.56718760              0.62966
    10             1          -127.42091968              0.00208
    10             2          -126.64436238              0.03911
    10             3          -126.13393747              0.00504
    10             4          -125.78887650              0.00845
    10             5          -124.56718760              0.22596
    11             1          -127.42091990              0.00521
    11             2          -126.64451927              0.23902
    11             3          -126.13393911              0.01675
    11             4          -125.78888135              0.03533
    11             5          -124.57368711              1.67154
    11             1          -127.42091990              0.00103
    11             2          -126.64451927              0.04403
    11             3          -126.13393911              0.00286
    11             4          -125.78888135              0.00618
    11             5          -124.57368711              0.25789
    12             1          -127.42091993              0.00244
    12             2          -126.64462017              0.24826
    12             3          -126.13393940              0.00698
    12             4          -125.78888351              0.02697
    12             5          -124.57892790              2.54211
    12             1          -127.42091993              0.00040
    12             2          -126.64462017              0.02577
    12             3          -126.13393940              0.00118
    12             4          -125.78888351              0.00338
    12             5          -124.57892790              0.22625
    13             1          -127.42091994              0.00098
    13             2          -126.64465239              0.11758
    13             3          -126.13393946              0.00336
    13             4          -125.78888411              0.01406
    13             5          -124.93518719           3239.84724
  truncating with vlp=false 
 TRUNCATION TO 1 VECTOR PER ROOT HAS BEEN PERFORMED
    13             1          -127.42091994              0.00018
    13             2          -126.64465239              0.01481
    13             3          -126.13393946              0.00061
    13             4          -125.78888411              0.00190
    13             5          -124.93518719              1.92100
    14             1          -127.42091994              0.00018
    14             2          -126.64466168              0.02431
    14             3          -126.13393947              0.00064
    14             4          -125.78888425              0.00239
    14             5          -125.13558108              3.23930
    14             1          -127.42091994              0.00009
    14             2          -126.64466168              0.00858
    14             3          -126.13393947              0.00030
    14             4          -125.78888425              0.00102
    14             5          -125.13558108              1.12138
     ROOT    ITERATION     NUMBER OF PRODUCTS       EIGENVALUE
       1        14                65                -127.4209199412


    15             2          -126.64466740              0.03221
    15             3          -126.13393948              0.00083
    15             4          -125.78888432              0.00275
    15             5          -125.24155943              4.36536
    15             2          -126.64466740              0.00668
    15             3          -126.13393948              0.00020
    15             4          -125.78888432              0.00070
    15             5          -125.24155943              1.00990
    16             2          -126.64466901              0.01479
    16             3          -126.13393948              0.00041
    16             4          -125.78888434              0.00213
    16             5          -125.28391904              2.67626
    16             2          -126.64466901              0.00267
    16             3          -126.13393948              0.00007
    16             4          -125.78888434              0.00035
    16             5          -125.28391904              0.59301
     ROOT    ITERATION     NUMBER OF PRODUCTS       EIGENVALUE
       3        16                73                -126.1339394769


    17             2          -126.64466929              0.00712
    17             4          -125.78888434              0.00126
    17             5          -125.30480740              2.74785
    17             2          -126.64466929              0.00142
    17             4          -125.78888434              0.00018
    17             5          -125.30480740              0.42180
    18             2          -126.64466939              0.00586
    18             4          -125.78888435              0.00102
    18             5          -125.31673416              2.71777
  truncating with vlp=false 
 TRUNCATION TO 1 VECTOR PER ROOT HAS BEEN PERFORMED
    18             2          -126.64466939              0.00064
    18             4          -125.78888435              0.00011
    18             5          -125.31673416              0.26726
    19             2          -126.64466941              0.00067
    19             4          -125.78888435              0.00012
    19             5          -125.32066555              0.33038
    19             2          -126.64466941              0.00039
    19             4          -125.78888435              0.00006
    19             5          -125.32066555              0.18890
     ROOT    ITERATION     NUMBER OF PRODUCTS       EIGENVALUE
       4        19                82                -125.7888843470


    20             2          -126.64466942              0.00115
    20             5          -125.32342773              0.70735
    20             2          -126.64466942              0.00029
    20             5          -125.32342773              0.19547
    21             2          -126.64466943              0.00093
    21             5          -125.32646184              1.15842
    21             2          -126.64466943              0.00015
    21             5          -125.32646184              0.16054
    22             2          -126.64466943              0.00045
    22             5          -125.32822647              1.03281
    22             2          -126.64466943              0.00008
    22             5          -125.32822647              0.12801
     ROOT    ITERATION     NUMBER OF PRODUCTS       EIGENVALUE
       2        22                88                -126.6446694295


    23             5          -125.32915233              0.68380
    23             5          -125.32915233              0.08367
    24             5          -125.32960705              0.44696
    24             5          -125.32960705              0.05789
    25             5          -125.32977860              0.24824
    25             5          -125.32977860              0.03910
    26             5          -125.32986081              0.16469
    26             5          -125.32986081              0.02309
    27             5          -125.32988630              0.08884
    27             5          -125.32988630              0.01413
    28             5          -125.32989539              0.05106
    28             5          -125.32989539              0.00847
    29             5          -125.32989948              0.03824
    29             5          -125.32989948              0.00605
    30             5          -125.32990191              0.03609
    30             5          -125.32990191              0.00527
    31             5          -125.32990321              0.02658
    31             5          -125.32990321              0.00311
    32             5          -125.32990362              0.01157
    32             5          -125.32990362              0.00155
    33             5          -125.32990371              0.00419
  truncating with vlp=false 
 TRUNCATION TO 1 VECTOR PER ROOT HAS BEEN PERFORMED
    33             5          -125.32990371              0.00079
    34             5          -125.32990373              0.00074
    34             5          -125.32990373              0.00041
    35             5          -125.32990373              0.00069
    35             5          -125.32990373              0.00026
    36             5          -125.32990374              0.00065
    36             5          -125.32990374              0.00025
    37             5          -125.32990374              0.00064
    37             5          -125.32990374              0.00013
    38             5          -125.32990374              0.00032
    38             5          -125.32990374              0.00008
     ROOT    ITERATION     NUMBER OF PRODUCTS       EIGENVALUE
       5        38               104                -125.3299037401


  all roots converged 
  

 ************************************
 COMPLETED CI VECTOR OPTIMISATION
 ************************************





 ********************************
 RESULTS FOR ROOT   01
 TOTAL CI ENERGY =   -127.4209199
 ********************************

       CONF.                                                                           COEFF.
        NO.        SPACE ORBITAL PRODUCTS                                             CONTRIB.      CI COEFFICIENTS

       -----       ----------------------                                             --------   ---------------------
   1.     1   D 1 - 2 S 3 ; D 1 S 2 ; D 1 ; D 1  END                                    0.9061    0.90609
   2.   189   D 1 - 2 S 3 ; D 1 S 2 ; S 1 - 2 ; S 1 - 2  END                            0.1173   -0.00323  0.00074  0.10068 -0.00306
                                                                                                  0.05994
   3.    42   D 1 - 2 ; D 1 - 2 ; S 1 ; D 1 S 2  END                                    0.0691    0.06909
   4.   186   D 1 - 2 S 3 ; D 1 S 2 ; D 1 ; D 2  END                                    0.0621   -0.06210
   5.   194   D 1 - 2 S 3 ; D 1 S 2 ; D 2 ; D 1  END                                    0.0621   -0.06210
   6.    41   D 1 - 2 ; D 1 - 2 ; D 1 S 2 ; S 1  END                                    0.0614   -0.06140
   7.   185   D 1 - 2 S 3 ; D 1 S 2 ; D 1 - 2  END                                      0.0595   -0.05945
   8.   195   D 1 - 2 S 3 ; D 1 S 2 ; ; D 1 - 2  END                                    0.0594   -0.05943
   9.   217   D 1 - 2 S 3 - 4 ; S 1 - 2 ; D 1 S 2 ; S 1  END                            0.0580    0.04323  0.01668  0.02566  0.02087
                                                                                                 -0.01131
  10.   220   D 1 - 2 S 3 - 4 ; S 1 - 2 ; S 1 ; D 1 S 2  END                            0.0580    0.04329  0.01667  0.02572 -0.02100
                                                                                                  0.01043
  11.   270   D 1 - 2 ; S 1 - 2 ; D 1 S 2 ; D 1 S 2  END                                0.0564   -0.00107  0.05635
  12.    28   D 1 - 2 S 3 - 4 ; D 1 - 2 ; S 1 ; S 1  END                                0.0564    0.00107 -0.05635
  13.     5   D 1 S 2 D 3 ; S 1 D 2 ; D 1 ; D 1  END                                    0.0558    0.05578
  14.   259   D 1 - 2 S 4 ; D 1 S 3 ; D 1 ; D 1  END                                    0.0558   -0.05578
  15.   253   D 1 - 2 S 4 ; D 1 S 2 ; D 1 ; S 1 - 2  END                                0.0556   -0.03783  0.04072
  16.    36   D 1 - 2 S 3 ; S 1 D 2 ; S 1 - 2 ; D 1  END                                0.0556    0.03783 -0.04072
  17.   256   D 1 - 2 S 4 ; D 1 S 2 ; S 1 - 2 ; D 1  END                                0.0548    0.03800 -0.03946
  18.    35   D 1 - 2 S 3 ; S 1 D 2 ; D 1 ; S 1 - 2  END                                0.0548   -0.03799  0.03946
  19.   431   D 1 S 3 ; D 1 S 2 D 3 ; D 1 ; D 1  END                                    0.0540   -0.05399
  20.   367   D 1 S 2 - 4 ; S 1 - 3 ; D 1 ; D 1  END                                    0.0500    0.03324  0.01963  0.02182  0.02182
                                                                                                 -0.00781
  21.     2   D 1 - 3 ; D 1 - 2 ; S 1 ; S 1  END                                        0.0493   -0.04934
  22.   261   D 1 - 2 ; D 1 ; D 1 S 2 ; D 1 S 2  END                                    0.0493    0.04934
  23.    87   S 1 D 2 S 3 ; D 1 - 2 ; D 1 S 2 ; S 1  END                                0.0474   -0.03761  0.02889
  24.   255   D 1 - 2 ; D 1 S 2 S 4 ; D 1 S 2 ; S 1  END                                0.0474    0.03760 -0.02889
  25.   526   S 1 D 2 S 3 - 4 ; D 1 S 2 ; S 1 - 2 ; D 1  END                            0.0472    0.03418  0.00974 -0.02424  0.01702
                                                                                                  0.00924
  26.   219   D 1 - 2 S 3 ; S 1 - 2 S 4 ; D 1 ; S 1 - 2  END                            0.0472   -0.00381  0.03660  0.02229  0.01702
                                                                                                  0.00924
  27.    88   S 1 D 2 S 3 ; D 1 - 2 ; S 1 ; D 1 S 2  END                                0.0469   -0.03625 -0.02980
  28.   258   D 1 - 2 ; D 1 S 2 S 4 ; S 1 ; D 1 S 2  END                                0.0469    0.03625  0.02980
  29.   222   D 1 - 2 S 3 ; S 1 - 2 S 4 ; S 1 - 2 ; D 1  END                            0.0468    0.00361 -0.03597 -0.02235 -0.01722
                                                                                                 -0.00939
  30.   523   S 1 D 2 S 3 - 4 ; D 1 S 2 ; D 1 ; S 1 - 2  END                            0.0468   -0.03400 -0.00938  0.02372 -0.01722
                                                                                                 -0.00939
  31.   353   D 1 S 2 - 3 ; D 1 S 2 - 3 ; D 1 S 2 ; S 1  END                            0.0463   -0.00198  0.03906 -0.02417  0.00548
                                                                                                  0.00116
  32.   356   D 1 S 2 - 3 ; D 1 S 2 - 3 ; S 1 ; D 1 S 2  END                            0.0448   -0.00240  0.03747 -0.02359 -0.00566
                                                                                                 -0.00246
  33.    52   D 1 S 2 D 3 ; D 1 S 3 ; D 1 ; D 1  END                                    0.0436   -0.04362
  34.   603   S 1 - 3 ; D 1 S 2 - 4 ; D 1 ; D 1  END                                    0.0435    0.00258 -0.00335 -0.00231 -0.00231
                                                                                                  0.04322
  35.   540   S 1 D 2 S 3 ; S 1 - 2 ; D 1 S 2 ; D 1 S 2  END                            0.0416   -0.00033 -0.00045  0.00025 -0.03528
                                                                                                 -0.02195
  36.   188   D 1 - 2 S 3 - 4 ; D 1 S 2 S 4 ; S 1 ; S 1  END                            0.0416   -0.00012 -0.00060 -0.00001 -0.03528
                                                                                                 -0.02195
  37.   381   D 1 S 2 ; D 1 S 2 - 4 ; D 1 ; D 1  END                                    0.0407   -0.00722 -0.04006
  38.    97   S 1 - 3 ; D 1 - 2 S 3 ; D 1 ; D 1  END                                    0.0407    0.00722  0.04006
  39.   525   S 1 D 2 S 3 ; D 1 S 2 S 4 ; D 1 S 2 ; S 1  END                            0.0386   -0.00228  0.03041 -0.01942 -0.01042
                                                                                                  0.00860
  40.   528   S 1 D 2 S 3 ; D 1 S 2 S 4 ; S 1 ; D 1 S 2  END                            0.0380   -0.00204  0.02982 -0.01888  0.01045
                                                                                                 -0.00941
  41.     3   D 1 - 2 S 3 ; S 1 D 2 ; D 1 ; D 1  END                                    0.0374    0.03738
  42.    43   D 1 - 2 S 4 ; D 1 S 2 ; D 1 ; D 1  END                                    0.0374   -0.03738
  43.    64   D 1 S 2 ; D 1 - 2 S 3 ; D 1 ; D 1  END                                    0.0369   -0.03685
  44.    51   D 1 S 2 D 3 ; D 1 S 2 ; S 1 - 2 ; D 1  END                                0.0359   -0.03551  0.00508
  45.   197   D 1 - 2 S 3 ; D 1 S 3 ; D 1 ; S 1 - 2  END                                0.0359   -0.03551  0.00508
  46.     4   D 1 S 2 D 3 ; D 1 S 2 ; D 1 ; D 1  END                                    0.0353   -0.03528
  47.    33   D 1 - 2 S 3 ; D 1 S 3 ; D 1 ; D 1  END                                    0.0353   -0.03528
  48.   554   S 1 D 2 ; D 1 S 2 ; D 1 - 2 ; D 1  END                                    0.0351   -0.03514
  49.    27   D 1 - 2 S 3 ; D 1 - 2 S 4 ; D 1  END                                      0.0351   -0.03514
  50.   555   S 1 D 2 ; D 1 S 2 ; D 1 ; D 1 - 2  END                                    0.0349   -0.03486
  51.    30   D 1 - 2 S 3 ; D 1 - 2 S 4 ; ; D 1  END                                    0.0349   -0.03486
  52.    92   S 1 D 2 ; D 1 - 2 S 4 ; D 1 ; D 1  END                                    0.0344   -0.03444
  53.    50   D 1 S 2 D 3 ; D 1 S 2 ; D 1 ; S 1 - 2  END                                0.0332    0.03297 -0.00388
  54.   200   D 1 - 2 S 3 ; D 1 S 3 ; S 1 - 2 ; D 1  END                                0.0332    0.03297 -0.00388
  55.   551   S 1 D 2 ; D 1 S 2 D 3 ; D 1 ; D 1  END                                    0.0326    0.03265
  56.    71   D 1 S 3 ; D 1 - 2 S 4 ; D 1 ; D 1  END                                    0.0326    0.03265
  57.    57   D 1 S 2 D 3 ; S 1 - 2 S 4 ; D 1 ; D 1  END                                0.0292   -0.00057 -0.02923
  58.   529   S 1 D 2 S 3 - 4 ; D 1 S 3 ; D 1 ; D 1  END                                0.0292   -0.00057 -0.02923
  59.    95   S 1 - 2 D 3 S 4 ; D 1 S 2 ; D 1 ; D 1  END                                0.0287   -0.00303  0.02859
  60.   225   D 1 - 2 S 3 ; S 1 S 3 - 4 ; D 1 ; D 1  END                                0.0287   -0.00303  0.02859
  61.   539   S 1 D 2 S 3 - 4 ; S 1 - 2 S 4 ; D 1 ; D 1  END                            0.0283    0.01837  0.00939  0.01248  0.01248
                                                                                                 -0.00802
  62.   190   D 1 - 2 S 3 D 4 ; D 1 S 2 ; ; D 1  END                                    0.0271   -0.02709
  63.   240   D 1 - 2 S 3 ; S 2 ; D 1 ; D 1 - 2  END                                    0.0271   -0.02709
  64.   239   D 1 - 2 S 3 ; S 2 ; D 1 - 2 ; D 1  END                                    0.0268   -0.02684
  65.   181   D 1 - 2 S 3 D 4 ; D 1 S 2 ; D 1  END                                      0.0268   -0.02684
  66.    44   D 1 - 2 S 4 ; S 1 D 2 ; D 1 ; D 1  END                                    0.0268    0.02677
  67.   221   D 1 - 2 S 3 ; S 1 - 3 ; S 1 - 2 ; D 1  END                                0.0258    0.00164 -0.01971 -0.01469 -0.00675
                                                                                                 -0.00397
  68.   352   D 1 S 2 - 4 ; D 1 S 2 ; D 1 ; S 1 - 2  END                                0.0258   -0.02074 -0.00388  0.01271 -0.00675
                                                                                                 -0.00397
  69.   218   D 1 - 2 S 3 ; S 1 - 3 ; D 1 ; S 1 - 2  END                                0.0254   -0.00264  0.01962  0.01381  0.00689
                                                                                                  0.00401
  70.   355   D 1 S 2 - 4 ; D 1 S 2 ; S 1 - 2 ; D 1  END                                0.0254    0.01964  0.00386 -0.01348  0.00689
                                                                                                  0.00401
  71.    83   S 1 D 2 - 3 ; S 1 - 3 ; D 1 ; D 1  END                                    0.0250   -0.00432 -0.02466
  72.   359   D 1 S 2 - 4 ; D 1 S 4 ; D 1 ; D 1  END                                    0.0250   -0.00432 -0.02466
  73.    56   D 1 S 2 D 3 ; S 1 - 3 ; D 1 ; D 1  END                                    0.0248    0.00105 -0.02476
  74.   358   D 1 S 2 - 4 ; D 1 S 3 ; D 1 ; D 1  END                                    0.0248    0.00105 -0.02476
  75.   430   D 1 S 3 D 4 ; D 1 S 2 ; D 1 ; D 1  END                                    0.0240   -0.02403
  76.   236   D 1 - 2 S 3 ; S 2 D 3 ; D 1 ; D 1  END                                    0.0240   -0.02403
  77.    37   D 1 - 2 S 3 ; S 1 - 3 ; D 1 ; D 1  END                                    0.0224    0.01069  0.01963
  78.    62   D 1 S 2 - 4 ; D 1 S 2 ; D 1 ; D 1  END                                    0.0224    0.01069  0.01963
  79.   235   D 1 - 2 S 3 D 4 ; S 2 ; D 1 ; D 1  END                                    0.0223   -0.02233
  80.    70   D 1 S 3 ; D 1 - 2 S 3 ; D 1 ; D 1  END                                    0.0222    0.02216
  81.   380   D 1 S 2 ; D 1 S 2 D 3 ; D 1 ; D 1  END                                    0.0222    0.02216
  82.   679   D 2 S 3 ; D 1 S 2 D 4 ; D 1 ; D 1  END                                    0.0221   -0.02208
  83.   677   D 2 S 3 ; D 1 S 2 D 3 ; D 1 ; D 1  END                                    0.0221   -0.02205
  84.   433   D 1 S 3 ; D 1 S 2 D 4 ; D 1 ; D 1  END                                    0.0221   -0.02205
  85.    80   S 1 D 2 - 3 ; D 1 S 4 ; D 1 ; D 1  END                                    0.0213   -0.02127
  86.    68   D 1 D 3 S 4 ; D 1 S 2 ; D 1 ; D 1  END                                    0.0210    0.02100
  87.   224   D 1 - 2 S 3 ; S 1 D 3 ; D 1 ; D 1  END                                    0.0210   -0.02100
  88.    22   D 1 - 3 S 4 ; S 1 ; D 1 ; D 1  END                                        0.0210    0.02095
  89.   254   D 1 - 2 ; D 1 S 2 - 3 ; D 1 S 2 ; S 1  END                                0.0204   -0.01042 -0.01759
  90.    60   D 1 S 2 - 3 ; D 1 - 2 ; D 1 S 2 ; S 1  END                                0.0204    0.01042  0.01759
  91.   268   D 1 - 2 S 4 ; S 1 - 3 ; D 1 ; D 1  END                                    0.0185    0.01684 -0.00773
  92.    63   D 1 S 2 - 4 ; S 1 D 2 ; D 1 ; D 1  END                                    0.0185   -0.01684  0.00773
  93.   257   D 1 - 2 ; D 1 S 2 - 3 ; S 1 ; D 1 S 2  END                                0.0185   -0.00831  0.01653
  94.    61   D 1 S 2 - 3 ; D 1 - 2 ; S 1 ; D 1 S 2  END                                0.0185    0.00831 -0.01653
  95.   680   D 2 S 3 ; D 1 S 2 ; D 1 - 2 ; D 1  END                                    0.0182   -0.01815
  96.   184   D 1 - 2 S 3 ; D 1 S 2 D 4 ; D 1  END                                      0.0182   -0.01815
  97.   681   D 2 S 3 ; D 1 S 2 ; D 1 ; D 1 - 2  END                                    0.0178   -0.01782
  98.   193   D 1 - 2 S 3 ; D 1 S 2 D 4 ; ; D 1  END                                    0.0178   -0.01782
  99.   369   D 1 S 2 - 3 ; S 1 - 2 ; D 1 S 2 ; D 1 S 2  END                            0.0172    0.00037  0.00055 -0.00018 -0.01435
                                                                                                 -0.00942
 100.   187   D 1 - 2 S 3 - 4 ; D 1 S 2 - 3 ; S 1 ; S 1  END                            0.0172    0.00023  0.00064 -0.00002 -0.01435
                                                                                                 -0.00942




 POSITION OF FIRST SPIN COUPLING FOR TEN MOST IMPORTANT CONFIGURATIONS
       1    286     55    275    296     54    274    297    339    354



 ********************************
 RESULTS FOR ROOT   02
 TOTAL CI ENERGY =   -126.6446694
 ********************************

       CONF.                                                                           COEFF.
        NO.        SPACE ORBITAL PRODUCTS                                             CONTRIB.      CI COEFFICIENTS

       -----       ----------------------                                             --------   ---------------------
   1.    43   D 1 - 2 S 4 ; D 1 S 2 ; D 1 ; D 1  END                                    0.4624    0.46239
   2.     3   D 1 - 2 S 3 ; S 1 D 2 ; D 1 ; D 1  END                                    0.4624    0.46239
   3.     4   D 1 S 2 D 3 ; D 1 S 2 ; D 1 ; D 1  END                                    0.2407    0.24075
   4.    33   D 1 - 2 S 3 ; D 1 S 3 ; D 1 ; D 1  END                                    0.2407   -0.24075
   5.    32   D 1 - 2 S 3 ; D 1 S 2 ; S 1 - 2 ; D 1  END                                0.2187    0.20558 -0.07455
   6.    31   D 1 - 2 S 3 ; D 1 S 2 ; D 1 ; S 1 - 2  END                                0.2187   -0.20558  0.07455
   7.    65   D 1 S 2 ; D 1 - 2 S 4 ; D 1 ; D 1  END                                    0.1323    0.13225
   8.    91   S 1 D 2 ; D 1 - 2 S 3 ; D 1 ; D 1  END                                    0.1323   -0.13225
   9.     2   D 1 - 3 ; D 1 - 2 ; S 1 ; S 1  END                                        0.1022   -0.10222
  10.   261   D 1 - 2 ; D 1 ; D 1 S 2 ; D 1 S 2  END                                    0.1022   -0.10222
  11.    70   D 1 S 3 ; D 1 - 2 S 3 ; D 1 ; D 1  END                                    0.0776   -0.07756
  12.   380   D 1 S 2 ; D 1 S 2 D 3 ; D 1 ; D 1  END                                    0.0776    0.07756
  13.    26   D 1 - 2 S 3 ; D 1 - 2 S 3 ; D 1  END                                      0.0628    0.06281
  14.   383   D 1 S 2 ; D 1 S 2 ; D 1 - 2 ; D 1  END                                    0.0628   -0.06281
  15.    29   D 1 - 2 S 3 ; D 1 - 2 S 3 ; ; D 1  END                                    0.0624    0.06237
  16.   384   D 1 S 2 ; D 1 S 2 ; D 1 ; D 1 - 2  END                                    0.0624   -0.06237
  17.   244   D 1 - 2 D 4 ; D 1 - 2 ; S 1 ; S 1  END                                    0.0611    0.06112
  18.   273   D 1 - 2 ; D 2 ; D 1 S 2 ; D 1 S 2  END                                    0.0611    0.06112
  19.   374   D 1 S 2 ; D 1 - 2 S 3 ; D 1 ; S 1 - 2  END                                0.0607    0.05925  0.01323
  20.   377   D 1 S 2 ; D 1 - 2 S 3 ; S 1 - 2 ; D 1  END                                0.0607   -0.05925 -0.01323
  21.   379   D 1 S 2 D 4 ; D 1 S 2 ; D 1 ; D 1  END                                    0.0601   -0.06007
  22.    39   D 1 - 2 S 3 ; D 2 S 3 ; D 1 ; D 1  END                                    0.0601    0.06007
  23.    34   D 1 - 2 S 3 ; D 1 S 4 ; D 1 ; D 1  END                                    0.0595   -0.05952
  24.     6   S 1 D 2 - 3 ; D 1 S 2 ; D 1 ; D 1  END                                    0.0595    0.05952
  25.  1003   D 1 - 2 S 4 ; D 1 S 2 ; S 1 - 2 ; S 1 - 2  END                            0.0561    0.00927 -0.00662  0.04922  0.01123
                                                                                                  0.02176
  26.   210   D 1 - 2 S 3 ; S 1 D 2 ; S 1 - 2 ; S 1 - 2  END                            0.0561    0.00914 -0.00653  0.04922  0.01139
                                                                                                  0.02176
  27.   200   D 1 - 2 S 3 ; D 1 S 3 ; S 1 - 2 ; D 1  END                                0.0552    0.05319  0.01462
  28.    50   D 1 S 2 D 3 ; D 1 S 2 ; D 1 ; S 1 - 2  END                                0.0552   -0.05319 -0.01462
  29.   197   D 1 - 2 S 3 ; D 1 S 3 ; D 1 ; S 1 - 2  END                                0.0542   -0.05258 -0.01321
  30.    51   D 1 S 2 D 3 ; D 1 S 2 ; S 1 - 2 ; D 1  END                                0.0542    0.05258  0.01321
  31.    37   D 1 - 2 S 3 ; S 1 - 3 ; D 1 ; D 1  END                                    0.0540   -0.00575 -0.05371
  32.    62   D 1 S 2 - 4 ; D 1 S 2 ; D 1 ; D 1  END                                    0.0540    0.00575  0.05371
  33.   262   D 1 - 2 S 4 ; S 1 D 2 ; D 1 ; S 1 - 2  END                                0.0526   -0.01589  0.05010
  34.   265   D 1 - 2 S 4 ; S 1 D 2 ; S 1 - 2 ; D 1  END                                0.0526    0.01589 -0.05010
  35.   268   D 1 - 2 S 4 ; S 1 - 3 ; D 1 ; D 1  END                                    0.0509   -0.00767  0.05037
  36.    63   D 1 S 2 - 4 ; S 1 D 2 ; D 1 ; D 1  END                                    0.0509   -0.00767  0.05037
  37.    61   D 1 S 2 - 3 ; D 1 - 2 ; S 1 ; D 1 S 2  END                                0.0472    0.01960  0.04294
  38.   257   D 1 - 2 ; D 1 S 2 - 3 ; S 1 ; D 1 S 2  END                                0.0472    0.01960  0.04294
  39.    60   D 1 S 2 - 3 ; D 1 - 2 ; D 1 S 2 ; S 1  END                                0.0470    0.02001 -0.04255
  40.   254   D 1 - 2 ; D 1 S 2 - 3 ; D 1 S 2 ; S 1  END                                0.0470    0.02001 -0.04255
  41.   355   D 1 S 2 - 4 ; D 1 S 2 ; S 1 - 2 ; D 1  END                                0.0456    0.01565  0.01258  0.03763  0.01510
                                                                                                 -0.00572
  42.   218   D 1 - 2 S 3 ; S 1 - 3 ; D 1 ; S 1 - 2  END                                0.0456   -0.04188  0.00596 -0.00552 -0.01510
                                                                                                  0.00572
  43.   221   D 1 - 2 S 3 ; S 1 - 3 ; S 1 - 2 ; D 1  END                                0.0455    0.04174 -0.00581  0.00594  0.01495
                                                                                                 -0.00586
  44.   352   D 1 S 2 - 4 ; D 1 S 2 ; D 1 ; S 1 - 2  END                                0.0455   -0.01603 -0.01237 -0.03743 -0.01495
                                                                                                  0.00586
  45.   299   D 1 S 2 D 3 ; D 1 S 3 ; S 1 - 2 ; D 1  END                                0.0450    0.04497  0.00168
  46.   296   D 1 S 2 D 3 ; D 1 S 3 ; D 1 ; S 1 - 2  END                                0.0450   -0.04497 -0.00168
  47.    35   D 1 - 2 S 3 ; S 1 D 2 ; D 1 ; S 1 - 2  END                                0.0439    0.03995 -0.01815
  48.   256   D 1 - 2 S 4 ; D 1 S 2 ; S 1 - 2 ; D 1  END                                0.0439    0.03995 -0.01815
  49.    36   D 1 - 2 S 3 ; S 1 D 2 ; S 1 - 2 ; D 1  END                                0.0434   -0.04037  0.01586
  50.   253   D 1 - 2 S 4 ; D 1 S 2 ; D 1 ; S 1 - 2  END                                0.0434   -0.04037  0.01586
  51.   260   D 1 - 2 S 4 ; D 1 S 4 ; D 1 ; D 1  END                                    0.0412    0.04125
  52.     7   S 1 D 2 - 3 ; S 1 D 2 ; D 1 ; D 1  END                                    0.0412    0.04125
  53.   242   D 1 - 2 S 4 ; D 1 - 2 S 4 ; D 1  END                                      0.0404   -0.04037
  54.   560   S 1 D 2 ; S 1 D 2 ; D 1 - 2 ; D 1  END                                    0.0404   -0.04037
  55.   251   D 1 - 2 S 4 ; D 1 - 2 S 4 ; ; D 1  END                                    0.0399   -0.03991
  56.   561   S 1 D 2 ; S 1 D 2 ; D 1 ; D 1 - 2  END                                    0.0399   -0.03991
  57.   187   D 1 - 2 S 3 - 4 ; D 1 S 2 - 3 ; S 1 ; S 1  END                            0.0376    0.00014  0.00091 -0.00012  0.03430
                                                                                                 -0.01543
  58.   369   D 1 S 2 - 3 ; S 1 - 2 ; D 1 S 2 ; D 1 S 2  END                            0.0376   -0.00037 -0.00074  0.00041 -0.03430
                                                                                                  0.01543
  59.    77   S 1 D 2 - 3 ; D 1 S 2 ; D 1 ; S 1 - 2  END                                0.0373   -0.03332 -0.01680
  60.   201   D 1 - 2 S 3 ; D 1 S 4 ; S 1 - 2 ; D 1  END                                0.0373    0.03332  0.01680
  61.    78   S 1 D 2 - 3 ; D 1 S 2 ; S 1 - 2 ; D 1  END                                0.0371    0.03309  0.01672
  62.   198   D 1 - 2 S 3 ; D 1 S 4 ; D 1 ; S 1 - 2  END                                0.0371   -0.03309 -0.01672
  63.    56   D 1 S 2 D 3 ; S 1 - 3 ; D 1 ; D 1  END                                    0.0369   -0.03211 -0.01820
  64.   358   D 1 S 2 - 4 ; D 1 S 3 ; D 1 ; D 1  END                                    0.0369    0.03211  0.01820
  65.    89   S 1 D 2 S 3 - 4 ; D 1 S 2 ; D 1 ; D 1  END                                0.0361    0.03503 -0.00891
  66.    38   D 1 - 2 S 3 ; S 1 - 2 S 4 ; D 1 ; D 1  END                                0.0361   -0.03503  0.00891
  67.   259   D 1 - 2 S 4 ; D 1 S 3 ; D 1 ; D 1  END                                    0.0349    0.03487
  68.     5   D 1 S 2 D 3 ; S 1 D 2 ; D 1 ; D 1  END                                    0.0349    0.03487
  69.   270   D 1 - 2 ; S 1 - 2 ; D 1 S 2 ; D 1 S 2  END                                0.0336    0.00142  0.03361
  70.    28   D 1 - 2 S 3 - 4 ; D 1 - 2 ; S 1 ; S 1  END                                0.0336    0.00142  0.03361
  71.    13   D 1 - 3 S 4 ; D 1 S 2 ; ; D 1  END                                        0.0327   -0.03275
  72.   228   D 1 - 2 S 3 ; S 1 ; D 1 ; D 1 - 2  END                                    0.0327   -0.03275
  73.   547   S 1 D 2 S 4 ; D 1 - 2 ; S 1 ; D 1 S 2  END                                0.0326   -0.01487 -0.02897
  74.   267   D 1 - 2 ; S 1 D 2 S 4 ; S 1 ; D 1 S 2  END                                0.0326    0.01487  0.02897
  75.   264   D 1 - 2 ; S 1 D 2 S 4 ; D 1 S 2 ; S 1  END                                0.0325    0.01523 -0.02873
  76.   544   S 1 D 2 S 4 ; D 1 - 2 ; D 1 S 2 ; S 1  END                                0.0325   -0.01523  0.02873
  77.   215   D 1 - 2 S 3 ; S 1 D 2 ; D 2 ; D 1  END                                    0.0324   -0.03239
  78.   998   D 1 - 2 S 4 ; D 1 S 2 ; D 1 ; D 2  END                                    0.0324   -0.03239
  79.   207   D 1 - 2 S 3 ; S 1 D 2 ; D 1 ; D 2  END                                    0.0323   -0.03235
  80.  1013   D 1 - 2 S 4 ; D 1 S 2 ; D 2 ; D 1  END                                    0.0323   -0.03235
  81.   248   D 1 - 2 ; D 1 - 2 ; S 1 D 2 ; S 1  END                                    0.0321   -0.03206
  82.   243   D 1 - 2 ; D 1 - 2 ; D 1 S 2 ; S 2  END                                    0.0321   -0.03206
  83.   249   D 1 - 2 ; D 1 - 2 ; S 1 ; S 1 D 2  END                                    0.0320   -0.03198
  84.   252   D 1 - 2 ; D 1 - 2 ; S 2 ; D 1 S 2  END                                    0.0320   -0.03198
  85.    10   D 1 - 3 S 4 ; D 1 S 2 ; D 1  END                                          0.0320   -0.03198
  86.   227   D 1 - 2 S 3 ; S 1 ; D 1 - 2 ; D 1  END                                    0.0320   -0.03198
  87.   443   D 1 S 4 ; D 1 - 2 S 4 ; D 1 ; D 1  END                                    0.0319    0.03191
  88.   557   S 1 D 2 ; S 1 D 2 - 3 ; D 1 ; D 1  END                                    0.0319    0.03191
  89.   613   S 1 - 2 S 4 ; D 1 - 2 S 3 ; D 1 ; D 1  END                                0.0312    0.01028  0.02946
  90.   387   D 1 S 2 ; S 1 D 2 S 3 - 4 ; D 1 ; D 1  END                                0.0312   -0.01028 -0.02946
  91.   535   S 1 D 2 S 3 - 4 ; S 1 D 2 ; S 1 - 2 ; D 1  END                            0.0310    0.02442  0.01019 -0.01107  0.01107
                                                                                                  0.00428
  92.  1056   D 1 - 2 S 4 ; S 1 - 2 S 4 ; D 1 ; S 1 - 2  END                            0.0310    0.00391  0.02470  0.01406  0.01107
                                                                                                  0.00428
  93.   532   S 1 D 2 S 3 - 4 ; S 1 D 2 ; D 1 ; S 1 - 2  END                            0.0308   -0.02418 -0.01008  0.01095 -0.01116
                                                                                                 -0.00439
  94.  1063   D 1 - 2 S 4 ; S 1 - 2 S 4 ; S 1 - 2 ; D 1  END                            0.0308   -0.00388 -0.02444 -0.01392 -0.01116
                                                                                                 -0.00439
  95.   551   S 1 D 2 ; D 1 S 2 D 3 ; D 1 ; D 1  END                                    0.0301   -0.03007
  96.    71   D 1 S 3 ; D 1 - 2 S 4 ; D 1 ; D 1  END                                    0.0301    0.03007
  97.   552   S 1 D 2 ; D 1 S 2 - 4 ; D 1 ; D 1  END                                    0.0296   -0.02716 -0.01179
  98.    98   S 1 - 3 ; D 1 - 2 S 4 ; D 1 ; D 1  END                                    0.0296   -0.02716 -0.01179
  99.   524   S 1 D 2 S 3 ; D 1 S 2 - 3 ; D 1 S 2 ; S 1  END                            0.0293   -0.00901  0.00285  0.02368  0.01157
                                                                                                  0.00858
 100.   354   D 1 S 2 - 3 ; D 1 S 2 S 4 ; D 1 S 2 ; S 1  END                            0.0293   -0.01768  0.01601  0.00900 -0.01157
                                                                                                 -0.00858




 POSITION OF FIRST SPIN COUPLING FOR TEN MOST IMPORTANT CONFIGURATIONS
      56      3      4     42     40     38     89    126      2    422



 ********************************
 RESULTS FOR ROOT   03
 TOTAL CI ENERGY =   -126.1339395
 ********************************

       CONF.                                                                           COEFF.
        NO.        SPACE ORBITAL PRODUCTS                                             CONTRIB.      CI COEFFICIENTS

       -----       ----------------------                                             --------   ---------------------
   1.    42   D 1 - 2 ; D 1 - 2 ; S 1 ; D 1 S 2  END                                    0.6408    0.64077
   2.    41   D 1 - 2 ; D 1 - 2 ; D 1 S 2 ; S 1  END                                    0.6081    0.60811
   3.    31   D 1 - 2 S 3 ; D 1 S 2 ; D 1 ; S 1 - 2  END                                0.1244    0.04842 -0.11458
   4.    32   D 1 - 2 S 3 ; D 1 S 2 ; S 1 - 2 ; D 1  END                                0.1244    0.04842 -0.11458
   5.   256   D 1 - 2 S 4 ; D 1 S 2 ; S 1 - 2 ; D 1  END                                0.0955   -0.08139  0.04990
   6.    35   D 1 - 2 S 3 ; S 1 D 2 ; D 1 ; S 1 - 2  END                                0.0955    0.08139 -0.04990
   7.   253   D 1 - 2 S 4 ; D 1 S 2 ; D 1 ; S 1 - 2  END                                0.0947   -0.08168  0.04787
   8.    36   D 1 - 2 S 3 ; S 1 D 2 ; S 1 - 2 ; D 1  END                                0.0947    0.08168 -0.04787
   9.   356   D 1 S 2 - 3 ; D 1 S 2 - 3 ; S 1 ; D 1 S 2  END                            0.0714    0.00247 -0.00775  0.00650 -0.05857
                                                                                                 -0.03940
  10.   353   D 1 S 2 - 3 ; D 1 S 2 - 3 ; D 1 S 2 ; S 1  END                            0.0679   -0.00210  0.00823 -0.00646 -0.05587
                                                                                                 -0.03713
  11.   555   S 1 D 2 ; D 1 S 2 ; D 1 ; D 1 - 2  END                                    0.0635   -0.06348
  12.    30   D 1 - 2 S 3 ; D 1 - 2 S 4 ; ; D 1  END                                    0.0635   -0.06348
  13.    27   D 1 - 2 S 3 ; D 1 - 2 S 4 ; D 1  END                                      0.0611    0.06113
  14.   554   S 1 D 2 ; D 1 S 2 ; D 1 - 2 ; D 1  END                                    0.0611    0.06113
  15.   374   D 1 S 2 ; D 1 - 2 S 3 ; D 1 ; S 1 - 2  END                                0.0595    0.05069  0.03115
  16.   377   D 1 S 2 ; D 1 - 2 S 3 ; S 1 - 2 ; D 1  END                                0.0595    0.05069  0.03115
  17.   545   S 1 D 2 ; D 1 - 2 S 3 ; D 1 ; S 1 - 2  END                                0.0505    0.04950  0.00982
  18.   378   D 1 S 2 ; D 1 - 2 S 4 ; S 1 - 2 ; D 1  END                                0.0505    0.04950  0.00982
  19.   548   S 1 D 2 ; D 1 - 2 S 3 ; S 1 - 2 ; D 1  END                                0.0491    0.04786  0.01095
  20.   375   D 1 S 2 ; D 1 - 2 S 4 ; D 1 ; S 1 - 2  END                                0.0491    0.04786  0.01095
  21.   189   D 1 - 2 S 3 ; D 1 S 2 ; S 1 - 2 ; S 1 - 2  END                            0.0489   -0.02818 -0.03992 -0.00225  0.00004
                                                                                                  0.00124
  22.   220   D 1 - 2 S 3 - 4 ; S 1 - 2 ; S 1 ; D 1 S 2  END                            0.0478   -0.00926 -0.00860 -0.00260  0.00110
                                                                                                 -0.04599
  23.    15   D 1 - 3 ; D 1 ; S 1 ; D 1 S 2  END                                        0.0458   -0.04580
  24.   217   D 1 - 2 S 3 - 4 ; S 1 - 2 ; D 1 S 2 ; S 1  END                            0.0455    0.00870  0.00934  0.00171  0.00061
                                                                                                 -0.04366
  25.  1040   D 1 - 2 S 4 ; S 1 D 2 ; S 1 - 2 ; S 1 - 2  END                            0.0455    0.02685  0.03669  0.00028  0.00074
                                                                                                 -0.00081
  26.   250   D 1 - 2 S 4 ; D 1 - 2 S 3 ; ; D 1  END                                    0.0451   -0.04512
  27.   390   D 1 S 2 ; S 1 D 2 ; D 1 ; D 1 - 2  END                                    0.0451    0.04512
  28.   241   D 1 - 2 S 4 ; D 1 - 2 S 3 ; D 1  END                                      0.0429    0.04287
  29.   389   D 1 S 2 ; S 1 D 2 ; D 1 - 2 ; D 1  END                                    0.0429   -0.04287
  30.    14   D 1 - 3 ; D 1 ; D 1 S 2 ; S 1  END                                        0.0426   -0.04260
  31.  1375   D 1 S 2 ; D 1 - 2 S 3 ; S 1 - 2 ; S 1 - 2  END                            0.0407    0.02450  0.03250  0.00039  0.00125
                                                                                                 -0.00035
  32.   528   S 1 D 2 S 3 ; D 1 S 2 S 4 ; S 1 ; D 1 S 2  END                            0.0388    0.00035  0.00133 -0.00048 -0.02873
                                                                                                 -0.02596
  33.   525   S 1 D 2 S 3 ; D 1 S 2 S 4 ; D 1 S 2 ; S 1  END                            0.0369    0.00072 -0.00101  0.00117 -0.02732
                                                                                                 -0.02470
  34.  1647   D 1 ; D 1 - 3 ; S 1 ; D 1 S 2  END                                        0.0368   -0.03680
  35.  2217   S 1 - 2 ; D 1 - 2 S 3 - 4 ; S 1 ; D 1 S 2  END                            0.0356   -0.00077 -0.00220  0.00065  0.00159
                                                                                                  0.03548
  36.  1640   D 1 ; D 1 - 3 ; D 1 S 2 ; S 1  END                                        0.0350   -0.03503
  37.  1417   D 1 S 2 S 4 ; S 1 D 2 S 3 ; S 1 ; D 1 S 2  END                            0.0348    0.00123  0.00098  0.00045  0.02699
                                                                                                  0.02188
  38.    67   D 1 D 3 ; D 1 - 2 ; S 1 ; D 1 S 2  END                                    0.0346   -0.03464
  39.  1027   D 1 - 2 ; D 1 D 3 ; S 1 ; D 1 S 2  END                                    0.0346   -0.03464
  40.  2210   S 1 - 2 ; D 1 - 2 S 3 - 4 ; D 1 S 2 ; S 1  END                            0.0338    0.00025  0.00249 -0.00123  0.00135
                                                                                                  0.03368
  41.  1945   S 1 D 2 ; D 1 - 2 S 4 ; S 1 - 2 ; S 1 - 2  END                            0.0336    0.02024  0.02674 -0.00022  0.00108
                                                                                                  0.00012
  42.  1410   D 1 S 2 S 4 ; S 1 D 2 S 3 ; D 1 S 2 ; S 1  END                            0.0331   -0.00115 -0.00166  0.00002  0.02577
                                                                                                  0.02075
  43.    66   D 1 D 3 ; D 1 - 2 ; D 1 S 2 ; S 1  END                                    0.0328   -0.03279
  44.  1020   D 1 - 2 ; D 1 D 3 ; D 1 S 2 ; S 1  END                                    0.0328   -0.03279
  45.   270   D 1 - 2 ; S 1 - 2 ; D 1 S 2 ; D 1 S 2  END                                0.0327   -0.03269  0.00083
  46.    28   D 1 - 2 S 3 - 4 ; D 1 - 2 ; S 1 ; S 1  END                                0.0327    0.03269 -0.00083
  47.  1065   D 1 - 2 ; S 1 - 4 ; S 1 ; D 1 S 2  END                                    0.0297   -0.00009  0.00069 -0.00085 -0.00422
                                                                                                 -0.02934
  48.   598   S 1 - 4 ; D 1 - 2 ; S 1 ; D 1 S 2  END                                    0.0297    0.00040 -0.00091  0.00048  0.00422
                                                                                                  0.02934
  49.  1963   S 1 D 2 S 4 ; D 1 S 2 - 3 ; S 1 ; D 1 S 2  END                            0.0287   -0.00055  0.00222 -0.00405 -0.02400
                                                                                                 -0.01504
  50.   366   D 1 S 2 - 3 ; S 1 D 2 S 4 ; S 1 ; D 1 S 2  END                            0.0287    0.00244 -0.00355  0.00173  0.02400
                                                                                                  0.01504
  51.  1058   D 1 - 2 ; S 1 - 4 ; D 1 S 2 ; S 1  END                                    0.0284    0.00043 -0.00085  0.00117 -0.00391
                                                                                                 -0.02813
  52.   595   S 1 - 4 ; D 1 - 2 ; D 1 S 2 ; S 1  END                                    0.0284   -0.00070  0.00104 -0.00085  0.00391
                                                                                                  0.02813
  53.     8   D 1 - 3 ; D 1 - 2 ; S 1 ; S 2  END                                        0.0279   -0.02789
  54.  1030   D 1 - 2 ; D 1 ; S 1 D 2 ; D 1 S 2  END                                    0.0279   -0.02789
  55.     9   D 1 - 3 ; D 1 - 2 ; S 2 ; S 1  END                                        0.0279   -0.02788
  56.  1023   D 1 - 2 ; D 1 ; D 1 S 2 ; S 1 D 2  END                                    0.0279   -0.02788
  57.   536   S 1 D 2 S 3 ; S 1 D 2 S 3 ; S 1 ; D 1 S 2  END                            0.0274    0.00164 -0.00177  0.00220  0.02065
                                                                                                  0.01773
  58.  1395   D 1 S 2 S 4 ; D 1 S 2 S 4 ; S 1 ; D 1 S 2  END                            0.0274   -0.00151  0.00167 -0.00236 -0.02065
                                                                                                 -0.01773
  59.   363   D 1 S 2 - 3 ; S 1 D 2 S 4 ; D 1 S 2 ; S 1  END                            0.0273   -0.00253  0.00316 -0.00209  0.02272
                                                                                                  0.01446
  60.  1956   S 1 D 2 S 4 ; D 1 S 2 - 3 ; D 1 S 2 ; S 1  END                            0.0273    0.00106 -0.00212  0.00389 -0.02272
                                                                                                 -0.01446
  61.  1388   D 1 S 2 S 4 ; D 1 S 2 S 4 ; D 1 S 2 ; S 1  END                            0.0262    0.00150 -0.00142  0.00280 -0.01955
                                                                                                 -0.01702
  62.   533   S 1 D 2 S 3 ; S 1 D 2 S 3 ; D 1 S 2 ; S 1  END                            0.0262   -0.00212  0.00185 -0.00204  0.01955
                                                                                                  0.01702
  63.   989   D 1 - 2 S 4 ; D 1 - 2 S 4 ; ; S 1 - 2  END                                0.0260    0.00227 -0.02587
  64.  1991   S 1 D 2 ; S 1 D 2 ; S 1 - 2 ; D 1 - 2  END                                0.0260   -0.00227  0.02587
  65.   982   D 1 - 2 S 4 ; D 1 - 2 S 4 ; S 1 - 2  END                                  0.0249    0.00170 -0.02487
  66.  1984   S 1 D 2 ; S 1 D 2 ; D 1 - 2 ; S 1 - 2  END                                0.0249   -0.00170  0.02487
  67.   255   D 1 - 2 ; D 1 S 2 S 4 ; D 1 S 2 ; S 1  END                                0.0242   -0.01325  0.02031
  68.    87   S 1 D 2 S 3 ; D 1 - 2 ; D 1 S 2 ; S 1  END                                0.0242    0.01325 -0.02031
  69.  1394   D 1 S 2 S 4 ; D 1 S 2 - 3 ; S 1 ; D 1 S 2  END                            0.0240   -0.00167  0.00381 -0.00490 -0.02083
                                                                                                 -0.01005
  70.   365   D 1 S 2 - 3 ; S 1 D 2 S 3 ; S 1 ; D 1 S 2  END                            0.0240    0.00276 -0.00459  0.00357  0.02083
                                                                                                  0.01005
  71.   362   D 1 S 2 - 3 ; S 1 D 2 S 3 ; D 1 S 2 ; S 1  END                            0.0231   -0.00280  0.00540 -0.00394  0.01961
                                                                                                  0.00979
  72.  1387   D 1 S 2 S 4 ; D 1 S 2 - 3 ; D 1 S 2 ; S 1  END                            0.0231    0.00161 -0.00456  0.00541 -0.01961
                                                                                                 -0.00979
  73.    88   S 1 D 2 S 3 ; D 1 - 2 ; S 1 ; D 1 S 2  END                                0.0229   -0.00741 -0.02168
  74.   258   D 1 - 2 ; D 1 S 2 S 4 ; S 1 ; D 1 S 2  END                                0.0229    0.00741  0.02168
  75.  1053   D 1 - 2 ; S 1 D 2 S 4 ; S 2 ; D 1 S 2  END                                0.0224    0.01907 -0.01177
  76.  1943   S 1 D 2 S 4 ; D 1 - 2 ; S 1 ; S 1 D 2  END                                0.0224   -0.01907  0.01177
  77.  1088   D 1 - 2 ; D 2 ; S 1 D 2 ; D 1 S 2  END                                    0.0223   -0.02231
  78.   980   D 1 - 2 D 4 ; D 1 - 2 ; S 1 ; S 2  END                                    0.0223   -0.02231
  79.  1046   D 1 - 2 ; S 1 D 2 S 4 ; S 1 ; S 1 D 2  END                                0.0219    0.01914 -0.01054
  80.  1948   S 1 D 2 S 4 ; D 1 - 2 ; S 2 ; D 1 S 2  END                                0.0219   -0.01914  0.01054
  81.   249   D 1 - 2 ; D 1 - 2 ; S 1 ; S 1 D 2  END                                    0.0218   -0.02184
  82.   252   D 1 - 2 ; D 1 - 2 ; S 2 ; D 1 S 2  END                                    0.0218    0.02184
  83.  1081   D 1 - 2 ; D 2 ; D 1 S 2 ; S 1 D 2  END                                    0.0217   -0.02167
  84.   987   D 1 - 2 D 4 ; D 1 - 2 ; S 2 ; S 1  END                                    0.0217   -0.02167
  85.  1942   S 1 D 2 S 4 ; D 1 - 2 ; S 1 D 2 ; S 1  END                                0.0213   -0.01822 -0.01106
  86.  1037   D 1 - 2 ; S 1 D 2 S 4 ; D 1 S 2 ; S 2  END                                0.0213    0.01822  0.01106
  87.  1987   S 1 D 2 S 4 ; S 1 D 2 S 4 ; S 1 ; D 1 S 2  END                            0.0208    0.00003  0.00009 -0.00003  0.01742
                                                                                                  0.01138
  88.    24   D 1 - 3 ; D 2 ; S 1 ; D 1 S 2  END                                        0.0206   -0.02061
  89.  1024   D 1 - 2 D 4 ; D 1 ; S 1 ; D 1 S 2  END                                    0.0206   -0.02061
  90.   262   D 1 - 2 S 4 ; S 1 D 2 ; D 1 ; S 1 - 2  END                                0.0205    0.02011 -0.00391
  91.   265   D 1 - 2 S 4 ; S 1 D 2 ; S 1 - 2 ; D 1  END                                0.0205    0.02011 -0.00391
  92.  1045   D 1 - 2 ; S 1 D 2 S 4 ; S 1 D 2 ; S 1  END                                0.0203    0.01755  0.01012
  93.  1932   S 1 D 2 S 4 ; D 1 - 2 ; D 1 S 2 ; S 2  END                                0.0203   -0.01755 -0.01012
  94.   243   D 1 - 2 ; D 1 - 2 ; D 1 S 2 ; S 2  END                                    0.0202   -0.02016
  95.   248   D 1 - 2 ; D 1 - 2 ; S 1 D 2 ; S 1  END                                    0.0202    0.02016
  96.  1980   S 1 D 2 S 4 ; S 1 D 2 S 4 ; D 1 S 2 ; S 1  END                            0.0198   -0.00018 -0.00067  0.00024  0.01660
                                                                                                  0.01068
  97.   351   D 1 S 2 - 3 ; D 1 - 2 ; S 2 ; D 1 S 2  END                                0.0195   -0.01864 -0.00571
  98.  1007   D 1 - 2 ; D 1 S 2 - 3 ; S 1 ; S 1 D 2  END                                0.0195   -0.01864 -0.00571
  99.  1017   D 1 - 2 D 4 ; D 1 ; D 1 S 2 ; S 1  END                                    0.0195   -0.01946
 100.    23   D 1 - 3 ; D 2 ; D 1 S 2 ; S 1  END                                        0.0195   -0.01946




 POSITION OF FIRST SPIN COUPLING FOR TEN MOST IMPORTANT CONFIGURATIONS
      55     54     38     40    414     44    408     46    629    614



 ********************************
 RESULTS FOR ROOT   04
 TOTAL CI ENERGY =   -125.7888843
 ********************************

       CONF.                                                                           COEFF.
        NO.        SPACE ORBITAL PRODUCTS                                             CONTRIB.      CI COEFFICIENTS

       -----       ----------------------                                             --------   ---------------------
   1.    41   D 1 - 2 ; D 1 - 2 ; D 1 S 2 ; S 1  END                                    0.6318    0.63176
   2.    42   D 1 - 2 ; D 1 - 2 ; S 1 ; D 1 S 2  END                                    0.5980   -0.59800
   3.     3   D 1 - 2 S 3 ; S 1 D 2 ; D 1 ; D 1  END                                    0.1025   -0.10253
   4.    43   D 1 - 2 S 4 ; D 1 S 2 ; D 1 ; D 1  END                                    0.1025    0.10253
   5.    44   D 1 - 2 S 4 ; S 1 D 2 ; D 1 ; D 1  END                                    0.1000    0.10004
   6.     1   D 1 - 2 S 3 ; D 1 S 2 ; D 1 ; D 1  END                                    0.0989    0.09895
   7.   189   D 1 - 2 S 3 ; D 1 S 2 ; S 1 - 2 ; S 1 - 2  END                            0.0952    0.05097 -0.03809  0.02745  0.06361
                                                                                                  0.01466
   8.   993   D 1 - 2 ; D 1 - 2 ; S 2 ; S 1 D 2  END                                    0.0888   -0.08876
   9.   986   D 1 - 2 ; D 1 - 2 ; S 1 D 2 ; S 2  END                                    0.0885    0.08854
  10.   270   D 1 - 2 ; S 1 - 2 ; D 1 S 2 ; D 1 S 2  END                                0.0841   -0.00419 -0.08396
  11.    28   D 1 - 2 S 3 - 4 ; D 1 - 2 ; S 1 ; S 1  END                                0.0841    0.00419  0.08396
  12.    64   D 1 S 2 ; D 1 - 2 S 3 ; D 1 ; D 1  END                                    0.0773   -0.07734
  13.   353   D 1 S 2 - 3 ; D 1 S 2 - 3 ; D 1 S 2 ; S 1  END                            0.0750    0.00337  0.00393  0.00048 -0.05784
                                                                                                 -0.04742
  14.   261   D 1 - 2 ; D 1 ; D 1 S 2 ; D 1 S 2  END                                    0.0716   -0.07162
  15.     2   D 1 - 3 ; D 1 - 2 ; S 1 ; S 1  END                                        0.0716    0.07162
  16.   356   D 1 S 2 - 3 ; D 1 S 2 - 3 ; S 1 ; D 1 S 2  END                            0.0712    0.00341  0.00290  0.00111  0.05497
                                                                                                  0.04505
  17.  1040   D 1 - 2 S 4 ; S 1 D 2 ; S 1 - 2 ; S 1 - 2  END                            0.0598   -0.03034  0.02306 -0.01890 -0.03809
                                                                                                  0.01764
  18.    14   D 1 - 3 ; D 1 ; D 1 S 2 ; S 1  END                                        0.0571   -0.05708
  19.  1375   D 1 S 2 ; D 1 - 2 S 3 ; S 1 - 2 ; S 1 - 2  END                            0.0557   -0.03157  0.02335 -0.00394 -0.03925
                                                                                                 -0.00238
  20.   241   D 1 - 2 S 4 ; D 1 - 2 S 3 ; D 1  END                                      0.0530    0.05299
  21.   389   D 1 S 2 ; S 1 D 2 ; D 1 - 2 ; D 1  END                                    0.0530   -0.05299
  22.    15   D 1 - 3 ; D 1 ; S 1 ; D 1 S 2  END                                        0.0527    0.05272
  23.   554   S 1 D 2 ; D 1 S 2 ; D 1 - 2 ; D 1  END                                    0.0490    0.04905
  24.    27   D 1 - 2 S 3 ; D 1 - 2 S 4 ; D 1  END                                      0.0490    0.04905
  25.   390   D 1 S 2 ; S 1 D 2 ; D 1 ; D 1 - 2  END                                    0.0489   -0.04892
  26.   250   D 1 - 2 S 4 ; D 1 - 2 S 3 ; ; D 1  END                                    0.0489    0.04892
  27.   245   D 1 - 2 ; D 1 - 3 ; S 1 ; S 1  END                                        0.0479   -0.04792
  28.   444   D 1 ; D 1 - 2 ; D 1 S 2 ; D 1 S 2  END                                    0.0479    0.04792
  29.    30   D 1 - 2 S 3 ; D 1 - 2 S 4 ; ; D 1  END                                    0.0474    0.04736
  30.   555   S 1 D 2 ; D 1 S 2 ; D 1 ; D 1 - 2  END                                    0.0474    0.04736
  31.  1945   S 1 D 2 ; D 1 - 2 S 4 ; S 1 - 2 ; S 1 - 2  END                            0.0460   -0.02415  0.01785  0.01301 -0.03002
                                                                                                 -0.01205
  32.   246   D 1 - 2 ; D 1 - 2 S 3 - 4 ; S 1 ; S 1  END                                0.0445   -0.00121  0.04448
  33.   615   S 1 - 2 ; D 1 - 2 ; D 1 S 2 ; D 1 S 2  END                                0.0445   -0.00121  0.04448
  34.    92   S 1 D 2 ; D 1 - 2 S 4 ; D 1 ; D 1  END                                    0.0426   -0.04260
  35.   525   S 1 D 2 S 3 ; D 1 S 2 S 4 ; D 1 S 2 ; S 1  END                            0.0417    0.00115  0.00373 -0.00121 -0.03163
                                                                                                 -0.02679
  36.   528   S 1 D 2 S 3 ; D 1 S 2 S 4 ; S 1 ; D 1 S 2  END                            0.0390    0.00057  0.00269 -0.00109  0.02986
                                                                                                  0.02497
  37.   217   D 1 - 2 S 3 - 4 ; S 1 - 2 ; D 1 S 2 ; S 1  END                            0.0386    0.00452 -0.00015  0.00377 -0.00279
                                                                                                 -0.03802
  38.    66   D 1 D 3 ; D 1 - 2 ; D 1 S 2 ; S 1  END                                    0.0380   -0.03801
  39.  1020   D 1 - 2 ; D 1 D 3 ; D 1 S 2 ; S 1  END                                    0.0380   -0.03801
  40.    65   D 1 S 2 ; D 1 - 2 S 4 ; D 1 ; D 1  END                                    0.0377   -0.03766
  41.    91   S 1 D 2 ; D 1 - 2 S 3 ; D 1 ; D 1  END                                    0.0377   -0.03766
  42.    67   D 1 D 3 ; D 1 - 2 ; S 1 ; D 1 S 2  END                                    0.0363    0.03632
  43.  1027   D 1 - 2 ; D 1 D 3 ; S 1 ; D 1 S 2  END                                    0.0363    0.03632
  44.   220   D 1 - 2 S 3 - 4 ; S 1 - 2 ; S 1 ; D 1 S 2  END                            0.0354    0.00394 -0.00025  0.00336  0.00299
                                                                                                  0.03492
  45.  1640   D 1 ; D 1 - 3 ; D 1 S 2 ; S 1  END                                        0.0341   -0.03410
  46.  1410   D 1 S 2 S 4 ; S 1 D 2 S 3 ; D 1 S 2 ; S 1  END                            0.0336   -0.00446  0.00137 -0.00443  0.02478
                                                                                                  0.02183
  47.   253   D 1 - 2 S 4 ; D 1 S 2 ; D 1 ; S 1 - 2  END                                0.0326   -0.03258  0.00096
  48.    36   D 1 - 2 S 3 ; S 1 D 2 ; S 1 - 2 ; D 1  END                                0.0326    0.03258 -0.00096
  49.  1647   D 1 ; D 1 - 3 ; S 1 ; D 1 S 2  END                                        0.0323    0.03225
  50.  1417   D 1 S 2 S 4 ; S 1 D 2 S 3 ; S 1 ; D 1 S 2  END                            0.0320   -0.00425  0.00156 -0.00437 -0.02350
                                                                                                 -0.02080
  51.  2210   S 1 - 2 ; D 1 - 2 S 3 - 4 ; D 1 S 2 ; S 1  END                            0.0308   -0.00002 -0.00342  0.00196  0.00401
                                                                                                  0.03030
  52.  2217   S 1 - 2 ; D 1 - 2 S 3 - 4 ; S 1 ; D 1 S 2  END                            0.0292   -0.00005 -0.00353  0.00199 -0.00394
                                                                                                 -0.02867
  53.   342   D 1 S 2 - 3 ; D 1 - 2 ; D 1 S 2 ; S 2  END                                0.0291   -0.02894  0.00298
  54.  1006   D 1 - 2 ; D 1 S 2 - 3 ; S 1 D 2 ; S 1  END                                0.0291   -0.02894  0.00298
  55.   351   D 1 S 2 - 3 ; D 1 - 2 ; S 2 ; D 1 S 2  END                                0.0290    0.02886  0.00297
  56.  1007   D 1 - 2 ; D 1 S 2 - 3 ; S 1 ; S 1 D 2  END                                0.0290    0.02886  0.00297
  57.  1037   D 1 - 2 ; S 1 D 2 S 4 ; D 1 S 2 ; S 2  END                                0.0279    0.02441  0.01343
  58.  1942   S 1 D 2 S 4 ; D 1 - 2 ; S 1 D 2 ; S 1  END                                0.0279   -0.02441 -0.01343
  59.   999   D 1 - 2 ; D 1 S 2 - 3 ; D 1 S 2 ; S 2  END                                0.0271   -0.02707  0.00171
  60.   347   D 1 S 2 - 3 ; D 1 - 2 ; S 1 D 2 ; S 1  END                                0.0271   -0.02707  0.00171
  61.  1053   D 1 - 2 ; S 1 D 2 S 4 ; S 2 ; D 1 S 2  END                                0.0266   -0.02337  0.01281
  62.  1943   S 1 D 2 S 4 ; D 1 - 2 ; S 1 ; S 1 D 2  END                                0.0266    0.02337 -0.01281
  63.   595   S 1 - 4 ; D 1 - 2 ; D 1 S 2 ; S 1  END                                    0.0265    0.00239 -0.00025  0.00273  0.00528
                                                                                                  0.02568
  64.  1058   D 1 - 2 ; S 1 - 4 ; D 1 S 2 ; S 1  END                                    0.0265   -0.00291  0.00061 -0.00209 -0.00528
                                                                                                 -0.02568
  65.   363   D 1 S 2 - 3 ; S 1 D 2 S 4 ; D 1 S 2 ; S 1  END                            0.0261   -0.00228  0.00203  0.00252  0.02379
                                                                                                  0.00998
  66.  1956   S 1 D 2 S 4 ; D 1 S 2 - 3 ; D 1 S 2 ; S 1  END                            0.0261   -0.00226  0.00118  0.00304 -0.02379
                                                                                                 -0.00998
  67.  1015   D 1 - 2 ; D 1 S 2 - 3 ; S 2 ; D 1 S 2  END                                0.0261    0.02605  0.00137
  68.   348   D 1 S 2 - 3 ; D 1 - 2 ; S 1 ; S 1 D 2  END                                0.0261    0.02605  0.00137
  69.  1932   S 1 D 2 S 4 ; D 1 - 2 ; D 1 S 2 ; S 2  END                                0.0259   -0.02306 -0.01174
  70.  1045   D 1 - 2 ; S 1 D 2 S 4 ; S 1 D 2 ; S 1  END                                0.0259    0.02306  0.01174
  71.  1948   S 1 D 2 S 4 ; D 1 - 2 ; S 2 ; D 1 S 2  END                                0.0248    0.02225 -0.01107
  72.  1046   D 1 - 2 ; S 1 D 2 S 4 ; S 1 ; S 1 D 2  END                                0.0248   -0.02225  0.01107
  73.   598   S 1 - 4 ; D 1 - 2 ; S 1 ; D 1 S 2  END                                    0.0248    0.00237 -0.00024  0.00307 -0.00509
                                                                                                 -0.02401
  74.  1065   D 1 - 2 ; S 1 - 4 ; S 1 ; D 1 S 2  END                                    0.0248   -0.00318  0.00081 -0.00207  0.00509
                                                                                                  0.02401
  75.  1388   D 1 S 2 S 4 ; D 1 S 2 S 4 ; D 1 S 2 ; S 1  END                            0.0247   -0.00076  0.00144 -0.00066 -0.02069
                                                                                                 -0.01342
  76.   533   S 1 D 2 S 3 ; S 1 D 2 S 3 ; D 1 S 2 ; S 1  END                            0.0247    0.00011 -0.00098  0.00145  0.02069
                                                                                                  0.01342
  77.  1963   S 1 D 2 S 4 ; D 1 S 2 - 3 ; S 1 ; D 1 S 2  END                            0.0245   -0.00270  0.00100  0.00287  0.02238
                                                                                                  0.00911
  78.   366   D 1 S 2 - 3 ; S 1 D 2 S 4 ; S 1 ; D 1 S 2  END                            0.0245   -0.00191  0.00226  0.00278 -0.02238
                                                                                                 -0.00911
  79.    33   D 1 - 2 S 3 ; D 1 S 3 ; D 1 ; D 1  END                                    0.0245   -0.02450
  80.     4   D 1 S 2 D 3 ; D 1 S 2 ; D 1 ; D 1  END                                    0.0245   -0.02450
  81.   256   D 1 - 2 S 4 ; D 1 S 2 ; S 1 - 2 ; D 1  END                                0.0236    0.02358 -0.00115
  82.    35   D 1 - 2 S 3 ; S 1 D 2 ; D 1 ; S 1 - 2  END                                0.0236   -0.02358  0.00115
  83.  1395   D 1 S 2 S 4 ; D 1 S 2 S 4 ; S 1 ; D 1 S 2  END                            0.0231   -0.00112  0.00090 -0.00099  0.01940
                                                                                                  0.01235
  84.   536   S 1 D 2 S 3 ; S 1 D 2 S 3 ; S 1 ; D 1 S 2  END                            0.0231    0.00075 -0.00064  0.00143 -0.01940
                                                                                                 -0.01235
  85.   362   D 1 S 2 - 3 ; S 1 D 2 S 3 ; D 1 S 2 ; S 1  END                            0.0229    0.00097 -0.00076  0.00340  0.02193
                                                                                                  0.00533
  86.  1387   D 1 S 2 S 4 ; D 1 S 2 - 3 ; D 1 S 2 ; S 1  END                            0.0229   -0.00274  0.00201 -0.00123 -0.02193
                                                                                                 -0.00533
  87.   365   D 1 S 2 - 3 ; S 1 D 2 S 3 ; S 1 ; D 1 S 2  END                            0.0217    0.00116 -0.00101  0.00365 -0.02076
                                                                                                 -0.00479
  88.  1394   D 1 S 2 S 4 ; D 1 S 2 - 3 ; S 1 ; D 1 S 2  END                            0.0217   -0.00290  0.00223 -0.00153  0.02076
                                                                                                  0.00479
  89.     5   D 1 S 2 D 3 ; S 1 D 2 ; D 1 ; D 1  END                                    0.0216    0.02161
  90.   259   D 1 - 2 S 4 ; D 1 S 3 ; D 1 ; D 1  END                                    0.0216   -0.02161
  91.  1980   S 1 D 2 S 4 ; S 1 D 2 S 4 ; D 1 S 2 ; S 1  END                            0.0216   -0.00255  0.00272 -0.00365  0.01627
                                                                                                  0.01316
  92.  1987   S 1 D 2 S 4 ; S 1 D 2 S 4 ; S 1 ; D 1 S 2  END                            0.0204   -0.00261  0.00258 -0.00362 -0.01528
                                                                                                 -0.01255
  93.  1984   S 1 D 2 ; S 1 D 2 ; D 1 - 2 ; S 1 - 2  END                                0.0194   -0.00038  0.01941
  94.   982   D 1 - 2 S 4 ; D 1 - 2 S 4 ; S 1 - 2  END                                  0.0194    0.00038 -0.01941
  95.  1991   S 1 D 2 ; S 1 D 2 ; S 1 - 2 ; D 1 - 2  END                                0.0181    0.00142 -0.01800
  96.   989   D 1 - 2 S 4 ; D 1 - 2 S 4 ; ; S 1 - 2  END                                0.0181   -0.00142  0.01800
  97.    60   D 1 S 2 - 3 ; D 1 - 2 ; D 1 S 2 ; S 1  END                                0.0178   -0.01757  0.00313
  98.   254   D 1 - 2 ; D 1 S 2 - 3 ; D 1 S 2 ; S 1  END                                0.0178    0.01757 -0.00313
  99.  1022   D 1 - 2 ; D 1 D 4 ; D 1 S 2 ; S 1  END                                    0.0174   -0.01741
 100.   101   D 2 - 3 ; D 1 - 2 ; D 1 S 2 ; S 1  END                                    0.0174   -0.01741




 POSITION OF FIRST SPIN COUPLING FOR TEN MOST IMPORTANT CONFIGURATIONS
      54     55      3     56     57      1    286   2024   2014    439



 ********************************
 RESULTS FOR ROOT   05
 TOTAL CI ENERGY =   -125.3299037
 ********************************

       CONF.                                                                           COEFF.
        NO.        SPACE ORBITAL PRODUCTS                                             CONTRIB.      CI COEFFICIENTS

       -----       ----------------------                                             --------   ---------------------
   1.    32   D 1 - 2 S 3 ; D 1 S 2 ; S 1 - 2 ; D 1  END                                0.3784   -0.37739 -0.02736
   2.    31   D 1 - 2 S 3 ; D 1 S 2 ; D 1 ; S 1 - 2  END                                0.3784    0.37739  0.02736
   3.   254   D 1 - 2 ; D 1 S 2 - 3 ; D 1 S 2 ; S 1  END                                0.2634    0.26287 -0.01721
   4.    60   D 1 S 2 - 3 ; D 1 - 2 ; D 1 S 2 ; S 1  END                                0.2634    0.26287 -0.01721
   5.   257   D 1 - 2 ; D 1 S 2 - 3 ; S 1 ; D 1 S 2  END                                0.2625    0.26190  0.01808
   6.    61   D 1 S 2 - 3 ; D 1 - 2 ; S 1 ; D 1 S 2  END                                0.2625    0.26190  0.01808
   7.   374   D 1 S 2 ; D 1 - 2 S 3 ; D 1 ; S 1 - 2  END                                0.1831   -0.18236  0.01666
   8.   377   D 1 S 2 ; D 1 - 2 S 3 ; S 1 - 2 ; D 1  END                                0.1831    0.18236 -0.01666
   9.    91   S 1 D 2 ; D 1 - 2 S 3 ; D 1 ; D 1  END                                    0.1256   -0.12556
  10.    65   D 1 S 2 ; D 1 - 2 S 4 ; D 1 ; D 1  END                                    0.1256    0.12556
  11.    43   D 1 - 2 S 4 ; D 1 S 2 ; D 1 ; D 1  END                                    0.0834    0.08337
  12.     3   D 1 - 2 S 3 ; S 1 D 2 ; D 1 ; D 1  END                                    0.0834    0.08336
  13.    33   D 1 - 2 S 3 ; D 1 S 3 ; D 1 ; D 1  END                                    0.0641   -0.06410
  14.     4   D 1 S 2 D 3 ; D 1 S 2 ; D 1 ; D 1  END                                    0.0641    0.06410
  15.   355   D 1 S 2 - 4 ; D 1 S 2 ; S 1 - 2 ; D 1  END                                0.0636   -0.02462  0.04633 -0.03524  0.00729
                                                                                                  0.00072
  16.   218   D 1 - 2 S 3 ; S 1 - 3 ; D 1 ; S 1 - 2  END                                0.0636    0.01514 -0.03963  0.04685 -0.00729
                                                                                                 -0.00072
  17.   352   D 1 S 2 - 4 ; D 1 S 2 ; D 1 ; S 1 - 2  END                                0.0635    0.02462 -0.04620  0.03506 -0.00762
                                                                                                 -0.00072
  18.   221   D 1 - 2 S 3 ; S 1 - 3 ; S 1 - 2 ; D 1  END                                0.0635   -0.01505  0.03944 -0.04677  0.00762
                                                                                                  0.00072
  19.    38   D 1 - 2 S 3 ; S 1 - 2 S 4 ; D 1 ; D 1  END                                0.0596    0.01226 -0.05832
  20.    89   S 1 D 2 S 3 - 4 ; D 1 S 2 ; D 1 ; D 1  END                                0.0596   -0.01226  0.05832
  21.   265   D 1 - 2 S 4 ; S 1 D 2 ; S 1 - 2 ; D 1  END                                0.0581    0.05680 -0.01236
  22.   262   D 1 - 2 S 4 ; S 1 D 2 ; D 1 ; S 1 - 2  END                                0.0581   -0.05680  0.01236
  23.     6   S 1 D 2 - 3 ; D 1 S 2 ; D 1 ; D 1  END                                    0.0581   -0.05812
  24.    34   D 1 - 2 S 3 ; D 1 S 4 ; D 1 ; D 1  END                                    0.0581    0.05812
  25.   546   S 1 D 2 ; D 1 - 2 S 4 ; D 1 ; S 1 - 2  END                                0.0543   -0.05249 -0.01394
  26.   549   S 1 D 2 ; D 1 - 2 S 4 ; S 1 - 2 ; D 1  END                                0.0543    0.05249  0.01394
  27.   255   D 1 - 2 ; D 1 S 2 S 4 ; D 1 S 2 ; S 1  END                                0.0528   -0.05260  0.00444
  28.    87   S 1 D 2 S 3 ; D 1 - 2 ; D 1 S 2 ; S 1  END                                0.0528   -0.05260  0.00444
  29.   258   D 1 - 2 ; D 1 S 2 S 4 ; S 1 ; D 1 S 2  END                                0.0519   -0.05171 -0.00455
  30.    88   S 1 D 2 S 3 ; D 1 - 2 ; S 1 ; D 1 S 2  END                                0.0519   -0.05171 -0.00455
  31.  1000   D 1 - 2 ; D 1 S 2 S 4 ; D 1 S 2 ; S 2  END                                0.0514   -0.05043  0.01012
  32.   518   S 1 D 2 S 3 ; D 1 - 2 ; S 1 D 2 ; S 1  END                                0.0514    0.05043 -0.01012
  33.  1016   D 1 - 2 ; D 1 S 2 S 4 ; S 2 ; D 1 S 2  END                                0.0507    0.04977  0.00973
  34.   519   S 1 D 2 S 3 ; D 1 - 2 ; S 1 ; S 1 D 2  END                                0.0507   -0.04977 -0.00973
  35.   266   D 1 - 2 ; S 1 D 2 S 3 ; S 1 ; D 1 S 2  END                                0.0506   -0.05060 -0.00017
  36.   376   D 1 S 2 S 4 ; D 1 - 2 ; S 1 ; D 1 S 2  END                                0.0506    0.05060  0.00017
  37.   263   D 1 - 2 ; S 1 D 2 S 3 ; D 1 S 2 ; S 1  END                                0.0506   -0.05058  0.00032
  38.   373   D 1 S 2 S 4 ; D 1 - 2 ; D 1 S 2 ; S 1  END                                0.0506    0.05058 -0.00032
  39.   261   D 1 - 2 ; D 1 ; D 1 S 2 ; D 1 S 2  END                                    0.0501   -0.05008
  40.     2   D 1 - 3 ; D 1 - 2 ; S 1 ; S 1  END                                        0.0501   -0.05008
  41.   380   D 1 S 2 ; D 1 S 2 D 3 ; D 1 ; D 1  END                                    0.0493    0.04933
  42.    70   D 1 S 3 ; D 1 - 2 S 3 ; D 1 ; D 1  END                                    0.0493   -0.04933
  43.   846   D 1 - 2 S 3 ; D 1 S 2 ; S 1 - 2 ; D 2  END                                0.0486    0.04848  0.00361
  44.   853   D 1 - 2 S 3 ; D 1 S 2 ; D 2 ; S 1 - 2  END                                0.0486   -0.04848 -0.00361
  45.   198   D 1 - 2 S 3 ; D 1 S 4 ; D 1 ; S 1 - 2  END                                0.0478    0.04777 -0.00005
  46.    78   S 1 D 2 - 3 ; D 1 S 2 ; S 1 - 2 ; D 1  END                                0.0478   -0.04777  0.00005
  47.  1021   D 1 - 2 ; D 1 S 3 - 4 ; D 1 S 2 ; S 1  END                                0.0470   -0.04663  0.00598
  48.    93   S 1 - 2 D 3 ; D 1 - 2 ; D 1 S 2 ; S 1  END                                0.0470   -0.04663  0.00598
  49.  1028   D 1 - 2 ; D 1 S 3 - 4 ; S 1 ; D 1 S 2  END                                0.0469   -0.04638 -0.00667
  50.    94   S 1 - 2 D 3 ; D 1 - 2 ; S 1 ; D 1 S 2  END                                0.0469   -0.04638 -0.00667
  51.    77   S 1 D 2 - 3 ; D 1 S 2 ; D 1 ; S 1 - 2  END                                0.0467    0.04669 -0.00029
  52.   201   D 1 - 2 S 3 ; D 1 S 4 ; S 1 - 2 ; D 1  END                                0.0467   -0.04669  0.00029
  53.   259   D 1 - 2 S 4 ; D 1 S 3 ; D 1 ; D 1  END                                    0.0460   -0.04599
  54.     5   D 1 S 2 D 3 ; S 1 D 2 ; D 1 ; D 1  END                                    0.0460   -0.04599
  55.    35   D 1 - 2 S 3 ; S 1 D 2 ; D 1 ; S 1 - 2  END                                0.0425   -0.04252 -0.00143
  56.   256   D 1 - 2 S 4 ; D 1 S 2 ; S 1 - 2 ; D 1  END                                0.0425   -0.04252 -0.00144
  57.  1044   D 1 - 2 ; S 1 D 2 S 3 ; S 1 ; S 1 D 2  END                                0.0425    0.04246  0.00139
  58.  1379   D 1 S 2 S 4 ; D 1 - 2 ; S 2 ; D 1 S 2  END                                0.0425    0.04246  0.00139
  59.  1043   D 1 - 2 ; S 1 D 2 S 3 ; S 1 D 2 ; S 1  END                                0.0424   -0.04240  0.00136
  60.  1363   D 1 S 2 S 4 ; D 1 - 2 ; D 1 S 2 ; S 2  END                                0.0424   -0.04240  0.00136
  61.   253   D 1 - 2 S 4 ; D 1 S 2 ; D 1 ; S 1 - 2  END                                0.0418    0.04183  0.00105
  62.    36   D 1 - 2 S 3 ; S 1 D 2 ; S 1 - 2 ; D 1  END                                0.0418    0.04183  0.00105
  63.   524   S 1 D 2 S 3 ; D 1 S 2 - 3 ; D 1 S 2 ; S 1  END                            0.0410   -0.02415 -0.03188  0.00497  0.00733
                                                                                                  0.00010
  64.   354   D 1 S 2 - 3 ; D 1 S 2 S 4 ; D 1 S 2 ; S 1  END                            0.0410    0.01902  0.03551  0.00131 -0.00733
                                                                                                 -0.00010
  65.   527   S 1 D 2 S 3 ; D 1 S 2 - 3 ; S 1 ; D 1 S 2  END                            0.0409   -0.02384 -0.03189  0.00519 -0.00772
                                                                                                 -0.00052
  66.   357   D 1 S 2 - 3 ; D 1 S 2 S 4 ; S 1 ; D 1 S 2  END                            0.0409    0.01874  0.03549  0.00106  0.00772
                                                                                                  0.00052
  67.   356   D 1 S 2 - 3 ; D 1 S 2 - 3 ; S 1 ; D 1 S 2  END                            0.0408    0.02354 -0.01664 -0.02883  0.00000
                                                                                                  0.00000
  68.   353   D 1 S 2 - 3 ; D 1 S 2 - 3 ; D 1 S 2 ; S 1  END                            0.0407    0.02350 -0.01662 -0.02878  0.00000
                                                                                                  0.00000
  69.    63   D 1 S 2 - 4 ; S 1 D 2 ; D 1 ; D 1  END                                    0.0402   -0.03998  0.00406
  70.   268   D 1 - 2 S 4 ; S 1 - 3 ; D 1 ; D 1  END                                    0.0402   -0.03998  0.00406
  71.  1320   D 1 S 2 - 4 ; S 1 - 3 ; D 1 ; S 1 - 2  END                                0.0399   -0.00132  0.01852  0.00698  0.01162
                                                                                                  0.01166  0.01582 -0.00572 -0.02367
                                                                                                  0.00886 -0.00096  0.00074  0.00089
                                                                                                  0.00096 -0.00053
  72.  1327   D 1 S 2 - 4 ; S 1 - 3 ; S 1 - 2 ; D 1  END                                0.0399    0.00139 -0.01856 -0.00700 -0.01162
                                                                                                 -0.01168 -0.01587  0.00572  0.02360
                                                                                                 -0.00884  0.00096 -0.00074 -0.00096
                                                                                                 -0.00089  0.00053
  73.  1387   D 1 S 2 S 4 ; D 1 S 2 - 3 ; D 1 S 2 ; S 1  END                            0.0388   -0.02094 -0.03163  0.00547 -0.00618
                                                                                                 -0.00100
  74.   362   D 1 S 2 - 3 ; S 1 D 2 S 3 ; D 1 S 2 ; S 1  END                            0.0388   -0.01742 -0.03412  0.00117 -0.00618
                                                                                                 -0.00100
  75.  1394   D 1 S 2 S 4 ; D 1 S 2 - 3 ; S 1 ; D 1 S 2  END                            0.0385   -0.02104 -0.03112  0.00584  0.00579
                                                                                                  0.00068
  76.   365   D 1 S 2 - 3 ; S 1 D 2 S 3 ; S 1 ; D 1 S 2  END                            0.0385   -0.01692 -0.03404  0.00079  0.00579
                                                                                                  0.00068
  77.    37   D 1 - 2 S 3 ; S 1 - 3 ; D 1 ; D 1  END                                    0.0383    0.03814 -0.00389
  78.    62   D 1 S 2 - 4 ; D 1 S 2 ; D 1 ; D 1  END                                    0.0383   -0.03814  0.00389
  79.  1057   D 1 - 2 ; S 1 - 2 D 3 ; D 1 S 2 ; S 1  END                                0.0361    0.03570 -0.00531
  80.   424   D 1 S 3 - 4 ; D 1 - 2 ; D 1 S 2 ; S 1  END                                0.0361   -0.03570  0.00531
  81.  1837   S 1 D 2 S 3 - 4 ; D 1 S 2 ; S 1 - 2 ; S 1 - 2  END                        0.0361    0.03009  0.00260  0.00692  0.00221
                                                                                                 -0.00174 -0.00494 -0.00135 -0.00442
                                                                                                  0.01383  0.00318  0.00856  0.00256
                                                                                                 -0.00030  0.00258
  82.   908   D 1 - 2 S 3 ; S 1 - 2 S 4 ; S 1 - 2 ; S 1 - 2  END                        0.0361   -0.03009 -0.00596 -0.00463  0.00187
                                                                                                  0.00403  0.00338 -0.00142  0.00442
                                                                                                 -0.01383 -0.00715 -0.00565  0.00235
                                                                                                  0.00030 -0.00258
  83.  1003   D 1 - 2 S 4 ; D 1 S 2 ; S 1 - 2 ; S 1 - 2  END                            0.0358   -0.02049  0.01412 -0.00533 -0.02444
                                                                                                  0.00631
  84.   210   D 1 - 2 S 3 ; S 1 D 2 ; S 1 - 2 ; S 1 - 2  END                            0.0358   -0.02013  0.01386 -0.00533 -0.02488
                                                                                                  0.00631
  85.  1064   D 1 - 2 ; S 1 - 2 D 3 ; S 1 ; D 1 S 2  END                                0.0358    0.03546  0.00516
  86.   427   D 1 S 3 - 4 ; D 1 - 2 ; S 1 ; D 1 S 2  END                                0.0358   -0.03546 -0.00516
  87.  1285   D 1 S 2 - 3 ; D 1 D 3 ; D 1 S 2 ; S 1  END                                0.0358   -0.03569  0.00269
  88.   404   D 1 D 3 ; D 1 S 2 - 3 ; D 1 S 2 ; S 1  END                                0.0358   -0.03569  0.00269
  89.  1292   D 1 S 2 - 3 ; D 1 D 3 ; S 1 ; D 1 S 2  END                                0.0357   -0.03556 -0.00271
  90.   407   D 1 D 3 ; D 1 S 2 - 3 ; S 1 ; D 1 S 2  END                                0.0357   -0.03556 -0.00271
  91.   381   D 1 S 2 ; D 1 S 2 - 4 ; D 1 ; D 1  END                                    0.0354   -0.00293  0.03532
  92.    97   S 1 - 3 ; D 1 - 2 S 3 ; D 1 ; D 1  END                                    0.0354   -0.00293  0.03532
  93.   296   D 1 S 2 D 3 ; D 1 S 3 ; D 1 ; S 1 - 2  END                                0.0347    0.03461 -0.00179
  94.   299   D 1 S 2 D 3 ; D 1 S 3 ; S 1 - 2 ; D 1  END                                0.0347   -0.03461  0.00179
  95.  3052   D 1 - 2 ; D 1 S 2 - 3 ; S 2 ; S 1 D 2  END                                0.0342   -0.03410  0.00216
  96.  1258   D 1 S 2 - 3 ; D 1 - 2 ; S 2 ; S 1 D 2  END                                0.0342   -0.03410  0.00216
  97.  3042   D 1 - 2 ; D 1 S 2 - 3 ; S 1 D 2 ; S 2  END                                0.0341   -0.03403 -0.00221
  98.  1251   D 1 S 2 - 3 ; D 1 - 2 ; S 1 D 2 ; S 2  END                                0.0341   -0.03403 -0.00221
  99.   383   D 1 S 2 ; D 1 S 2 ; D 1 - 2 ; D 1  END                                    0.0332   -0.03323
 100.    26   D 1 - 2 S 3 ; D 1 - 2 S 3 ; D 1  END                                      0.0332    0.03323




 POSITION OF FIRST SPIN COUPLING FOR TEN MOST IMPORTANT CONFIGURATIONS
      40     38    410     80    416     82    698    704    126     89



 ELAPSED TIME =       7.35 CPU SECONDS. (      7.35 WALL CLOCK SECONDS)
