 ************************************************************************
 * RTSIM - DAVIDSON METHOD SPARSE MATRIX EIGENVALUE/EIGENVECTOR PROGRAM *
 * QUANTUM CHEMISTRY GROUP - INDIANA UNIVERSITY - 11May 2016  11:53:07  *
 ************************************************************************



                 DIAGONALIZATION RUN TITLE
                 -------------------------
 )* WATER TEST *



 ) DAVIDSON
 ) LAST=5
 ) COEFF
 ) NOVLP
 ) MAXITR=1000 END

 THE CI MATRIX IS TITLED:  H2O  -SINGLET A1-  STO-3G HF SD-CI TEST
 THE MATRIX IS DATED:     11May 2016  11:53:05 
 THE SPIN MULTIPLICITY IS 1 AND THE DIMENSION IS  55104.

 ROOTS  1 THROUGH  5 WILL BE OBTAINED.

  
  
  
 AMOUNT OF CORE AVAILABLE                      80000000
 MAXIMUM NUMBER OF VECTORS PER ITERATION              5
 MAXIMUM NUMBER OF VECTORS ON DISK                   25
 NUMBER OF SOLUTIONS SOUGHT                           5
 NUMBER OF SOLUTIONS INVESTIGATED                     5
 SIZE OF MATRIX DIAGONALISED                      55104
  
  
 INITIAL GUESS AT ROOTS (OBTAINED FROM DIAGONAL ELEMENTS OF HAMILTONIAN MATRIX)

               54        -124.70242
                1        -124.70242
               86        -123.22693
               51        -123.22693
               53        -121.44016


 ITERATION       ROOT           EIGENVALUE          NORM OF RESIDUAL
     1             1          -125.35793337              5.74782
     1             2          -124.22961780              5.14021
     1             3          -123.43407855              5.34453
     1             4          -122.85903196              5.20445
     1             5          -121.41819930              5.20555
     2             1          -127.98835886              8.48420
     2             2          -126.14174338              6.84187
     2             3          -125.67956356              8.53903
     2             4          -124.83501335              7.16403
     2             5          -121.42621028              3.60396
     2             1          -127.98835886              3.24035
     2             2          -126.14174338              2.59750
     2             3          -125.67956356              3.04081
     2             4          -124.83501335              2.70870
     2             5          -121.42621028              5.33147
     3             1          -128.54826141              4.79961
     3             2          -126.47739612              3.70164
     3             3          -126.24717025              5.60131
     3             4          -125.20648921              4.03226
     3             5          -123.46773209             18.26723
     3             1          -128.54826141              1.50915
     3             2          -126.47739612              1.14403
     3             3          -126.24717025              1.77194
     3             4          -125.20648921              1.25807
     3             5          -123.46773209              3.38391
     4             1          -128.64144425              2.29081
     4             2          -126.53252546              1.76824
     4             3          -126.47777897              5.74079
     4             4          -125.27649885              2.08025
     4             5          -124.49739179             14.16989
     4             1          -128.64144425              0.64311
     4             2          -126.53252546              0.43917
     4             3          -126.47777897              1.36763
     4             4          -125.27649885              0.53038
     4             5          -124.49739179              2.71610
     5             1          -128.65781026              1.10597
     5             2          -126.62699016           1894.90886
     5             3          -126.54040803           1882.36412
     5             4          -125.28804183              1.24123
     5             5          -125.20503816             14.70134
  truncating with vlp=false 
 TRUNCATION TO 1 VECTOR PER ROOT HAS BEEN PERFORMED
     5             1          -128.65781026              0.27698
     5             2          -126.62699016              1.07580
     5             3          -126.54040803              0.18101
     5             4          -125.28804183              0.23238
     5             5          -125.20503816              2.40416
     6             1          -128.66016889              0.26877
     6             2          -126.66990208              1.69689
     6             3          -126.54176270              0.25538
     6             4          -125.47798456            649.93268
     6             5          -125.28986659            647.25717
     6             1          -128.66016889              0.11667
     6             2          -126.66990208              0.52611
     6             3          -126.54176270              0.09513
     6             4          -125.47798456              1.40652
     6             5          -125.28986659              0.11335
     7             1          -128.66087878              0.24681
     7             2          -126.68886722              1.75040
     7             3          -126.54247319              0.34627
     7             4          -125.74545130              8.98208
     7             5          -125.29095925              0.51592
     7             1          -128.66087878              0.06120
     7             2          -126.68886722              0.32794
     7             3          -126.54247319              0.06286
     7             4          -125.74545130              1.45222
     7             5          -125.29095925              0.08608
     8             1          -128.66105390              0.14580
     8             2          -126.69590559              1.21351
     8             3          -126.54263499              0.15469
     8             4          -125.88617081              6.85165
     8             5          -125.29134275              0.29826
     8             1          -128.66105390              0.02919
     8             2          -126.69590559              0.19763
     8             3          -126.54263499              0.02541
     8             4          -125.88617081              0.91742
     8             5          -125.29134275              0.04646
     9             1          -128.66109128              0.07124
     9             2          -126.69842867              0.88089
     9             3          -126.54266322              0.06026
     9             4          -125.94183041              5.07726
     9             5          -125.29144884              0.16719
  truncating with vlp=false 
 TRUNCATION TO 1 VECTOR PER ROOT HAS BEEN PERFORMED
     9             1          -128.66109128              0.01230
     9             2          -126.69842867              0.09605
     9             3          -126.54266322              0.01080
     9             4          -125.94183041              0.52821
     9             5          -125.29144884              0.03357
    10             1          -128.66109589              0.01132
    10             2          -126.69875791              0.11475
    10             3          -126.54266768              0.01274
    10             4          -125.95302293              0.70610
    10             5          -125.29148921              0.04681
    10             1          -128.66109589              0.00592
    10             2          -126.69875791              0.04430
    10             3          -126.54266768              0.00659
    10             4          -125.95302293              0.29178
    10             5          -125.29148921              0.02289
    11             1          -128.66109807              0.01994
    11             2          -126.69890233              0.16957
    11             3          -126.54267070              0.02706
    11             4          -125.96038772              1.54738
    11             5          -125.29153443              0.11418
    11             1          -128.66109807              0.00431
    11             2          -126.69890233              0.03465
    11             3          -126.54267070              0.00413
    11             4          -125.96038772              0.28190
    11             5          -125.29153443              0.01973
    12             1          -128.66109875              0.01267
    12             2          -126.69896824              0.16130
    12             3          -126.54267130              0.01223
    12             4          -125.96574867              1.81507
    12             5          -125.29155884              0.11652
    12             1          -128.66109875              0.00196
    12             2          -126.69896824              0.02238
    12             3          -126.54267130              0.00163
    12             4          -125.96574867              0.23377
    12             5          -125.29155884              0.01219
    13             1          -128.66109889              0.00519
    13             2          -126.69899413              0.10806
    13             3          -126.54267142              0.00571
    13             4          -125.96939101              1.84815
    13             5          -125.29156696              0.06443
  truncating with vlp=false 
 TRUNCATION TO 1 VECTOR PER ROOT HAS BEEN PERFORMED
    13             1          -128.66109889              0.00091
    13             2          -126.69899413              0.01472
    13             3          -126.54267142              0.00090
    13             4          -125.96939101              0.18434
    13             5          -125.29156696              0.00834
    14             1          -128.66109891              0.00089
    14             2          -126.69900129              0.01563
    14             3          -126.54267145              0.00111
    14             4          -125.97072378              0.23160
    14             5          -125.29156987              0.01185
    14             1          -128.66109891              0.00045
    14             2          -126.69900129              0.00711
    14             3          -126.54267145              0.00049
    14             4          -125.97072378              0.10043
    14             5          -125.29156987              0.00468
    15             1          -128.66109892              0.00116
    15             2          -126.69900462              0.02610
    15             3          -126.54267147              0.00200
    15             4          -125.97154940              0.51236
    15             5          -125.29157170              0.02260
    15             1          -128.66109892              0.00025
    15             2          -126.69900462              0.00510
    15             3          -126.54267147              0.00032
    15             4          -125.97154940              0.09020
    15             5          -125.29157170              0.00334
    16             1          -128.66109893              0.00062
    16             2          -126.69900591              0.01989
    16             3          -126.54267147              0.00106
    16             4          -125.97205714              0.49263
    16             5          -125.29157228              0.01642
    16             1          -128.66109893              0.00010
    16             2          -126.69900591              0.00276
    16             3          -126.54267147              0.00013
    16             4          -125.97205714              0.05990
    16             5          -125.29157228              0.00209
     ROOT    ITERATION     NUMBER OF PRODUCTS       EIGENVALUE
       1        16                75                -128.6610989252


    17             2          -126.69900647              0.01626
    17             3          -126.54267147              0.00048
    17             4          -125.97233722              0.47547
    17             5          -125.29157251              0.01017
  truncating with vlp=false 
 TRUNCATION TO 1 VECTOR PER ROOT HAS BEEN PERFORMED
    17             2          -126.69900647              0.00237
    17             3          -126.54267147              0.00009
    17             4          -125.97233722              0.05817
    17             5          -125.29157251              0.00189
     ROOT    ITERATION     NUMBER OF PRODUCTS       EIGENVALUE
       3        17                79                -126.5426714717


    18             2          -126.69900666              0.00213
    18             4          -125.97246861              0.05972
    18             5          -125.29157263              0.00203
    18             2          -126.69900666              0.00113
    18             4          -125.97246861              0.03114
    18             5          -125.29157263              0.00116
    19             2          -126.69900677              0.00346
    19             4          -125.97256606              0.12321
    19             5          -125.29157274              0.00311
    19             2          -126.69900677              0.00101
    19             4          -125.97256606              0.03147
    19             5          -125.29157274              0.00105
    20             2          -126.69900682              0.00317
    20             4          -125.97262766              0.13449
    20             5          -125.29157283              0.00541
    20             2          -126.69900682              0.00056
    20             4          -125.97262766              0.02160
    20             5          -125.29157283              0.00081
    21             2          -126.69900684              0.00240
    21             4          -125.97266549              0.14554
    21             5          -125.29157287              0.00417
    21             2          -126.69900684              0.00047
    21             4          -125.97266549              0.02260
    21             5          -125.29157287              0.00063
    22             2          -126.69900685              0.00242
    22             4          -125.97270722              0.19789
    22             5          -125.29157290              0.00750
    22             2          -126.69900685              0.00020
    22             4          -125.97270722              0.01314
    22             5          -125.29157290              0.00039
    23             2          -126.69900685              0.00051
    23             4          -125.97271461              0.05191
    23             5          -125.29157291              0.00355
  truncating with vlp=false 
 TRUNCATION TO 1 VECTOR PER ROOT HAS BEEN PERFORMED
    23             2          -126.69900685              0.00008
    23             4          -125.97271461              0.00638
    23             5          -125.29157291              0.00023
     ROOT    ITERATION     NUMBER OF PRODUCTS       EIGENVALUE
       2        23                97                -126.6990068533


    24             4          -125.97271628              0.00592
    24             5          -125.29157291              0.00025
    24             4          -125.97271628              0.00353
    24             5          -125.29157291              0.00015
    25             4          -125.97271720              0.01076
    25             5          -125.29157291              0.00068
    25             4          -125.97271720              0.00212
    25             5          -125.29157291              0.00013
    26             4          -125.97271740              0.00398
    26             5          -125.29157291              0.00043
    26             4          -125.97271740              0.00121
    26             5          -125.29157291              0.00011
    27             4          -125.97271749              0.00370
    27             5          -125.29157292              0.00051
    27             4          -125.97271749              0.00084
    27             5          -125.29157292              0.00010
     ROOT    ITERATION     NUMBER OF PRODUCTS       EIGENVALUE
       5        27               105                -125.2915729155


    28             4          -125.97271753              0.00290
    28             4          -125.97271753              0.00049
    29             4          -125.97271755              0.00195
    29             4          -125.97271755              0.00044
    30             4          -125.97271756              0.00259
    30             4          -125.97271756              0.00037
    31             4          -125.97271757              0.00156
    31             4          -125.97271757              0.00025
    32             4          -125.97271757              0.00128
    32             4          -125.97271757              0.00019
    33             4          -125.97271757              0.00075
    33             4          -125.97271757              0.00010
    34             4          -125.97271758              0.00045
    34             4          -125.97271758              0.00007
     ROOT    ITERATION     NUMBER OF PRODUCTS       EIGENVALUE
       4        34               112                -125.9727175751


  all roots converged 
  

 ************************************
 COMPLETED CI VECTOR OPTIMISATION
 ************************************





 ********************************
 RESULTS FOR ROOT   01
 TOTAL CI ENERGY =   -128.6610989
 ********************************

       CONF.                                                                           COEFF.
        NO.        SPACE ORBITAL PRODUCTS                                             CONTRIB.      CI COEFFICIENTS

       -----       ----------------------                                             --------   ---------------------
   1.     1   D 1 - 2 S 3 ; D 1 - 2 ; S 1 ; D 1  END                                    0.5379   -0.53787
   2.    41   D 1 - 2 ; D 1 S 2 ; D 1 ; D 1 S 2  END                                    0.5379   -0.53787
   3.    60   D 1 S 2 ; D 1 - 2 ; D 1 S 2 ; D 1  END                                    0.2424    0.24245
   4.    38   D 1 - 2 ; D 1 - 2 S 3 ; D 1 ; S 1  END                                    0.2424   -0.24245
   5.    36   D 1 - 2 S 3 ; S 1 - 2 ; D 1 S 2 ; D 1  END                                0.0971   -0.07850  0.05719
   6.    29   D 1 - 2 S 3 - 4 ; D 1 S 2 ; D 1 ; S 1  END                                0.0971   -0.01028  0.09658
   7.    32   D 1 - 2 S 3 ; D 1 ; D 1 S 2 ; D 1  END                                    0.0894   -0.08936
   8.     2   D 1 - 3 ; D 1 S 2 ; D 1 ; S 1  END                                        0.0894    0.08936
   9.    82   S 1 D 2 S 3 ; D 1 S 2 ; D 1 ; D 1 S 2  END                                0.0855    0.06728  0.05269
  10.    31   D 1 - 2 S 3 ; D 1 S 2 S 4 ; S 1 ; D 1  END                                0.0855   -0.07927 -0.03192
  11.   231   D 1 - 2 S 4 ; D 1 - 2 ; S 1 ; S 1 - 2  END                                0.0753    0.06424 -0.03929
  12.   257   D 1 - 2 ; S 1 D 2 ; S 1 - 2 ; D 1 S 2  END                                0.0753    0.00191 -0.07528
  13.   369   D 1 S 2 S 4 ; D 1 S 2 ; D 1 ; D 1 S 2  END                                0.0720    0.06387  0.03329
  14.    34   D 1 - 2 S 3 ; S 1 D 2 S 3 ; S 1 ; D 1  END                                0.0720    0.06076  0.03867
  15.   259   D 1 - 2 ; S 1 - 3 ; D 1 ; D 1 S 2  END                                    0.0694   -0.00809  0.06891
  16.    57   D 1 S 2 - 4 ; D 1 - 2 ; S 1 ; D 1  END                                    0.0694    0.05563 -0.04146
  17.    59   D 1 S 2 - 3 ; S 1 D 2 ; D 1 ; D 1 S 2  END                                0.0632   -0.05228 -0.03555
  18.   243   D 1 - 2 S 4 ; D 1 S 2 - 3 ; S 1 ; D 1  END                                0.0632   -0.05692 -0.02750
  19.   246   D 1 - 2 S 4 ; D 1 ; D 1 S 2 ; D 1  END                                    0.0610    0.06097
  20.     3   D 1 - 3 ; S 1 D 2 ; D 1 ; S 1  END                                        0.0610    0.06097
  21.   254   D 1 - 2 ; S 1 D 2 ; D 1 ; S 1 D 2  END                                    0.0569   -0.05689
  22.   234   D 1 - 2 S 4 ; D 1 - 2 ; S 2 ; D 1  END                                    0.0569   -0.05689
  23.   176   D 1 - 2 S 3 ; D 1 - 2 ; S 2 ; S 1 - 2  END                                0.0562    0.04992  0.02590
  24.   977   D 1 - 2 ; D 1 S 2 ; S 1 - 2 ; S 1 D 2  END                                0.0562   -0.04739 -0.03028
  25.   533   S 1 D 2 ; D 1 - 2 ; S 1 ; D 1 - 2  END                                    0.0523    0.05230
  26.   236   D 1 - 2 ; D 1 - 2 S 4 ; ; D 1 S 2  END                                    0.0523    0.05230
  27.     5   S 1 D 2 - 3 ; D 1 - 2 ; S 1 ; D 1  END                                    0.0522   -0.05220
  28.   248   D 1 - 2 ; D 1 S 4 ; D 1 ; D 1 S 2  END                                    0.0522   -0.05220
  29.   371   D 1 S 2 ; D 1 S 2 S 4 ; D 1 S 2 ; D 1  END                                0.0505   -0.01043  0.04940
  30.    79   S 1 D 2 S 3 ; D 1 - 2 S 3 ; D 1 ; S 1  END                                0.0505    0.03757 -0.03374
  31.   535   S 1 D 2 ; D 1 S 2 - 3 ; D 1 S 2 ; D 1  END                                0.0496   -0.00752  0.04905
  32.    56   D 1 S 2 - 3 ; D 1 - 2 S 4 ; D 1 ; S 1  END                                0.0496    0.03872 -0.03104
  33.    28   D 1 - 2 S 3 ; D 1 - 2 ; S 2 ; D 1  END                                    0.0487    0.04873
  34.   242   D 1 - 2 ; D 1 S 2 ; D 1 ; S 1 D 2  END                                    0.0487   -0.04873
  35.   341   D 1 S 2 - 3 ; D 1 S 2 ; S 1 - 2 ; D 1 S 2  END                            0.0482    0.04587  0.00767 -0.01270 -0.00046
                                                                                                 -0.00189
  36.   181   D 1 - 2 S 3 ; D 1 S 2 - 3 ; S 1 ; S 1 - 2  END                            0.0482   -0.04587  0.00520 -0.00697  0.00527
                                                                                                 -0.01098
  37.   233   D 1 - 2 ; D 1 - 2 S 4 ; S 1 - 2 ; S 1  END                                0.0478    0.04000  0.02614
  38.   527   S 1 D 2 ; D 1 - 2 ; D 1 S 2 ; S 1 - 2  END                                0.0478   -0.04263 -0.02157
  39.    47   D 1 S 2 D 3 ; D 1 S 2 - 3 ; S 1 ; D 1  END                                0.0475    0.00305 -0.04745
  40.   343   D 1 S 2 - 3 ; D 1 S 3 ; D 1 ; D 1 S 2  END                                0.0475    0.03957 -0.02637
  41.   173   D 1 - 2 S 3 ; D 1 - 2 ; S 1 ; D 2  END                                    0.0450    0.04496
  42.   984   D 1 - 2 ; D 1 S 2 ; D 2 ; D 1 S 2  END                                    0.0450    0.04496
  43.   245   D 1 - 2 ; D 1 S 2 ; S 1 - 2 ; D 1 S 2  END                                0.0436   -0.01832 -0.03956
  44.    27   D 1 - 2 S 3 ; D 1 - 2 ; S 1 ; S 1 - 2  END                                0.0436   -0.04343  0.00391
  45.   365   D 1 S 2 ; D 1 - 2 S 3 - 4 ; S 1 ; D 1  END                                0.0418    0.03543 -0.02215
  46.   592   S 1 - 2 ; D 1 - 2 S 3 ; D 1 ; D 1 S 2  END                                0.0418    0.00147 -0.04176
  47.  1355   D 1 S 2 ; D 1 S 2 - 3 ; D 1 S 2 ; S 1 - 2  END                            0.0402    0.03810  0.00152 -0.00163 -0.01132
                                                                                                  0.00578
  48.   328   D 1 S 2 - 3 ; D 1 - 2 S 3 ; S 1 - 2 ; S 1  END                            0.0402    0.03810 -0.00090 -0.00992 -0.00024
                                                                                                  0.00820
  49.   373   D 1 S 2 ; S 1 D 2 S 3 ; D 1 S 2 ; D 1  END                                0.0388    0.00346 -0.03864
  50.   360   D 1 S 2 S 4 ; D 1 - 2 S 3 ; D 1 ; S 1  END                                0.0388    0.03173 -0.02232
  51.    90   S 1 - 3 ; D 1 - 2 ; D 1 S 2 ; D 1  END                                    0.0385    0.00145  0.03847
  52.   239   D 1 - 2 ; D 1 S 2 - 4 ; D 1 ; S 1  END                                    0.0385    0.03404 -0.01797
  53.   532   S 1 D 2 ; D 1 - 2 ; S 1 D 2 ; D 1  END                                    0.0382    0.03816
  54.   230   D 1 - 2 ; D 1 - 2 S 4 ; D 1 ; S 2  END                                    0.0382    0.03816
  55.   172   D 1 - 2 S 3 ; D 1 - 2 ; S 1 D 2  END                                      0.0365    0.03654
  56.   970   D 1 - 2 ; D 1 S 2 ; D 1 - 2 ; S 2  END                                    0.0365    0.03654
  57.     9   D 1 - 3 ; D 1 S 2 ; D 1 ; S 2  END                                        0.0364    0.03642
  58.   193   D 1 - 2 S 3 ; D 1 ; S 1 D 2 ; D 1  END                                    0.0364    0.03642
  59.   518   S 1 D 2 S 3 ; S 1 D 2 ; S 1 - 2 ; D 1 S 2  END                            0.0357    0.00306 -0.00047  0.00014  0.03122
                                                                                                  0.01708
  60.   973   D 1 - 2 S 4 ; D 1 S 2 S 4 ; S 1 ; S 1 - 2  END                            0.0357    0.00306  0.02628  0.01578 -0.01530
                                                                                                 -0.00966
  61.   190   D 1 - 2 S 3 ; D 1 D 3 ; S 1 ; D 1  END                                    0.0352    0.03517
  62.    64   D 1 D 3 ; D 1 S 2 ; D 1 ; D 1 S 2  END                                    0.0352    0.03517
  63.   198   D 1 - 2 S 3 - 4 ; S 1 D 2 ; S 1 - 2 ; S 1  END                            0.0351   -0.02604 -0.01228 -0.00735 -0.01206
                                                                                                  0.01423
  64.  1024   D 1 - 2 S 4 ; S 1 - 2 ; D 1 S 2 ; S 1 - 2  END                            0.0351   -0.02604 -0.00080 -0.01869 -0.01398
                                                                                                  0.00275
  65.    12   D 1 - 3 ; D 1 S 3 ; D 1 ; S 1  END                                        0.0334    0.03336
  66.    49   D 1 S 2 D 3 ; D 1 ; D 1 S 2 ; D 1  END                                    0.0334   -0.03336
  67.   520   S 1 D 2 S 3 ; S 1 - 3 ; D 1 ; D 1 S 2  END                                0.0327    0.00070  0.02382  0.01709  0.01278
                                                                                                  0.00690
  68.   340   D 1 S 2 - 4 ; D 1 S 2 S 4 ; S 1 ; D 1  END                                0.0327   -0.02190 -0.00908 -0.01695  0.01332
                                                                                                 -0.00666
  69.   492   S 1 D 2 S 3 - 4 ; D 1 - 2 ; S 1 ; S 1 - 2  END                            0.0321    0.02498  0.00162 -0.01150  0.01617
                                                                                                  0.00327
  70.  1037   D 1 - 2 ; S 1 - 2 S 4 ; S 1 - 2 ; D 1 S 2  END                            0.0321    0.02498  0.00488  0.01429 -0.01338
                                                                                                  0.00000
  71.   415   D 1 S 3 ; D 1 - 3 ; S 1 ; D 1  END                                        0.0315    0.03151
  72.  1616   D 1 ; D 1 S 2 D 3 ; D 1 ; D 1 S 2  END                                    0.0315    0.03151
  73.   351   D 1 S 2 - 4 ; S 1 D 2 S 3 ; S 1 ; D 1  END                                0.0315    0.02161  0.00495  0.01200 -0.01859
                                                                                                  0.00322
  74.  1390   D 1 S 2 S 4 ; S 1 - 3 ; D 1 ; D 1 S 2  END                                0.0315   -0.00564  0.02007  0.01440  0.01718
                                                                                                  0.00737
  75.   238   D 1 - 2 ; D 1 S 2 D 3 ; D 1 ; S 1  END                                    0.0309   -0.03087
  76.    66   D 1 S 3 ; D 1 - 2 ; D 1 S 2 ; D 1  END                                    0.0309    0.03087
  77.    84   S 1 D 2 ; D 1 - 2 ; D 1 S 2 ; D 1  END                                    0.0307   -0.03067
  78.    39   D 1 - 2 ; D 1 - 2 S 4 ; D 1 ; S 1  END                                    0.0307    0.03067
  79.   529   S 1 D 2 ; D 1 - 3 ; S 1 ; D 1  END                                        0.0297   -0.02966
  80.   428   D 1 ; D 1 - 2 S 4 ; D 1 ; D 1 S 2  END                                    0.0297   -0.02966
  81.   581   S 1 - 3 ; D 1 - 2 S 3 - 4 ; S 1 ; D 1  END                                0.0292    0.00219 -0.00466 -0.02617 -0.00192
                                                                                                  0.01180
  82.  2176   S 1 - 2 ; D 1 S 2 - 4 ; D 1 ; D 1 S 2  END                                0.0292   -0.00303 -0.00079 -0.02628  0.00438
                                                                                                  0.01162
  83.   247   D 1 - 2 ; D 1 S 3 ; D 1 ; D 1 S 2  END                                    0.0281   -0.02814
  84.     4   D 1 S 2 D 3 ; D 1 - 2 ; S 1 ; D 1  END                                    0.0281   -0.02814
  85.    58   D 1 S 2 - 3 ; D 1 S 2 ; D 1 ; D 1 S 2  END                                0.0281    0.02806 -0.00038
  86.    30   D 1 - 2 S 3 ; D 1 S 2 - 3 ; S 1 ; D 1  END                                0.0281   -0.01370 -0.02449
  87.   253   D 1 - 2 ; S 1 D 2 ; D 1 - 2 ; S 1  END                                    0.0274   -0.02739
  88.   228   D 1 - 2 S 4 ; D 1 - 2 ; D 1 S 2  END                                      0.0274   -0.02739
  89.  1342   D 1 S 2 ; D 1 - 2 ; S 1 D 2 ; S 1 - 2  END                                0.0274   -0.02340  0.01420
  90.   953   D 1 - 2 ; D 1 - 2 S 3 ; S 1 - 2 ; S 2  END                                0.0274    0.00059 -0.02737
  91.   200   D 1 - 2 S 3 ; S 1 D 2 S 4 ; S 1 ; S 1 - 2  END                            0.0269    0.02205  0.00000  0.01011  0.01101
                                                                                                 -0.00348
  92.  1918   S 1 D 2 S 4 ; D 1 S 2 ; S 1 - 2 ; D 1 S 2  END                            0.0269    0.02205  0.00653  0.00723  0.00634
                                                                                                 -0.01002
  93.   209   D 1 - 2 S 3 ; S 1 - 4 ; S 1 ; D 1  END                                    0.0265   -0.00516  0.01692 -0.01766 -0.00889
                                                                                                  0.00111
  94.   585   S 1 - 4 ; D 1 S 2 ; D 1 ; D 1 S 2  END                                    0.0265    0.00100  0.00937  0.00418  0.00050
                                                                                                 -0.02446
  95.   494   S 1 D 2 S 3 ; D 1 - 2 S 4 ; S 1 - 2 ; S 1  END                            0.0262    0.02305  0.00028 -0.00706 -0.01031
                                                                                                 -0.00098
  96.  1915   S 1 D 2 ; D 1 S 2 S 4 ; D 1 S 2 ; S 1 - 2  END                            0.0262    0.02305 -0.00819 -0.00542 -0.00217
                                                                                                  0.00749
  97.   504   S 1 D 2 S 3 - 4 ; D 1 S 2 - 3 ; S 1 ; D 1  END                            0.0257   -0.01362 -0.00962 -0.01079  0.01071
                                                                                                 -0.01229
  98.   356   D 1 S 2 - 3 ; S 1 - 2 S 4 ; D 1 ; D 1 S 2  END                            0.0257    0.00033  0.02106  0.00961  0.00439
                                                                                                  0.01026
  99.    72   S 1 D 2 - 3 ; D 1 S 2 S 4 ; S 1 ; D 1  END                                0.0250    0.00028 -0.02496
 100.   509   S 1 D 2 S 3 ; D 1 S 4 ; D 1 ; D 1 S 2  END                                0.0250    0.02148 -0.01272




 POSITION OF FIRST SPIN COUPLING FOR TEN MOST IMPORTANT CONFIGURATIONS
       1     54     86     51     48     35     41      2    119     39



 ********************************
 RESULTS FOR ROOT   02
 TOTAL CI ENERGY =   -126.6990069
 ********************************

       CONF.                                                                           COEFF.
        NO.        SPACE ORBITAL PRODUCTS                                             CONTRIB.      CI COEFFICIENTS

       -----       ----------------------                                             --------   ---------------------
   1.    38   D 1 - 2 ; D 1 - 2 S 3 ; D 1 ; S 1  END                                    0.4287    0.42870
   2.    60   D 1 S 2 ; D 1 - 2 ; D 1 S 2 ; D 1  END                                    0.4287   -0.42870
   3.    42   D 1 - 2 ; S 1 D 2 ; D 1 ; D 1 S 2  END                                    0.2157   -0.21567
   4.    40   D 1 - 2 S 4 ; D 1 - 2 ; S 1 ; D 1  END                                    0.2157    0.21567
   5.     1   D 1 - 2 S 3 ; D 1 - 2 ; S 1 ; D 1  END                                    0.1661   -0.16615
   6.    41   D 1 - 2 ; D 1 S 2 ; D 1 ; D 1 S 2  END                                    0.1661   -0.16615
   7.    32   D 1 - 2 S 3 ; D 1 ; D 1 S 2 ; D 1  END                                    0.1590   -0.15901
   8.     2   D 1 - 3 ; D 1 S 2 ; D 1 ; S 1  END                                        0.1590    0.15900
   9.   242   D 1 - 2 ; D 1 S 2 ; D 1 ; S 1 D 2  END                                    0.1502   -0.15025
  10.    28   D 1 - 2 S 3 ; D 1 - 2 ; S 2 ; D 1  END                                    0.1502    0.15025
  11.    27   D 1 - 2 S 3 ; D 1 - 2 ; S 1 ; S 1 - 2  END                                0.1448   -0.14111  0.03229
  12.   245   D 1 - 2 ; D 1 S 2 ; S 1 - 2 ; D 1 S 2  END                                0.1448   -0.04259 -0.13834
  13.   247   D 1 - 2 ; D 1 S 3 ; D 1 ; D 1 S 2  END                                    0.1051   -0.10513
  14.     4   D 1 S 2 D 3 ; D 1 - 2 ; S 1 ; D 1  END                                    0.1051   -0.10513
  15.   232   D 1 - 2 ; D 1 - 2 S 3 ; S 1 - 2 ; S 1  END                                0.0937   -0.07897 -0.05049
  16.   362   D 1 S 2 ; D 1 - 2 ; D 1 S 2 ; S 1 - 2  END                                0.0937    0.08321  0.04315
  17.    39   D 1 - 2 ; D 1 - 2 S 4 ; D 1 ; S 1  END                                    0.0906    0.09059
  18.    84   S 1 D 2 ; D 1 - 2 ; D 1 S 2 ; D 1  END                                    0.0906   -0.09059
  19.    58   D 1 S 2 - 3 ; D 1 S 2 ; D 1 ; D 1 S 2  END                                0.0844    0.06845 -0.04937
  20.    30   D 1 - 2 S 3 ; D 1 S 2 - 3 ; S 1 ; D 1  END                                0.0844    0.00853 -0.08396
  21.   229   D 1 - 2 ; D 1 - 2 S 3 ; D 1 ; S 2  END                                    0.0787   -0.07868
  22.   367   D 1 S 2 ; D 1 - 2 ; S 1 D 2 ; D 1  END                                    0.0787   -0.07868
  23.    90   S 1 - 3 ; D 1 - 2 ; D 1 S 2 ; D 1  END                                    0.0745    0.00976 -0.07384
  24.   239   D 1 - 2 ; D 1 S 2 - 4 ; D 1 ; S 1  END                                    0.0745   -0.05906  0.04537
  25.   427   D 1 ; D 1 - 2 S 3 ; D 1 ; D 1 S 2  END                                    0.0692    0.06917
  26.   364   D 1 S 2 ; D 1 - 3 ; S 1 ; D 1  END                                        0.0692    0.06917
  27.   373   D 1 S 2 ; S 1 D 2 S 3 ; D 1 S 2 ; D 1  END                                0.0677   -0.00636  0.06742
  28.   360   D 1 S 2 S 4 ; D 1 - 2 S 3 ; D 1 ; S 1  END                                0.0677   -0.05521  0.03922
  29.   228   D 1 - 2 S 4 ; D 1 - 2 ; D 1 S 2  END                                      0.0629    0.06290
  30.   253   D 1 - 2 ; S 1 D 2 ; D 1 - 2 ; S 1  END                                    0.0629    0.06290
  31.    82   S 1 D 2 S 3 ; D 1 S 2 ; D 1 ; D 1 S 2  END                                0.0609    0.02104  0.05718
  32.    31   D 1 - 2 S 3 ; D 1 S 2 S 4 ; S 1 ; D 1  END                                0.0609   -0.06004  0.01037
  33.    36   D 1 - 2 S 3 ; S 1 - 2 ; D 1 S 2 ; D 1  END                                0.0542   -0.01247  0.05273
  34.    29   D 1 - 2 S 3 - 4 ; D 1 S 2 ; D 1 ; S 1  END                                0.0542   -0.03943  0.03717
  35.    59   D 1 S 2 - 3 ; S 1 D 2 ; D 1 ; D 1 S 2  END                                0.0515    0.04606  0.02314
  36.   243   D 1 - 2 S 4 ; D 1 S 2 - 3 ; S 1 ; D 1  END                                0.0515    0.04307  0.02832
  37.   371   D 1 S 2 ; D 1 S 2 S 4 ; D 1 S 2 ; D 1  END                                0.0499   -0.01962 -0.04593
  38.    79   S 1 D 2 S 3 ; D 1 - 2 S 3 ; D 1 ; S 1  END                                0.0499   -0.04958  0.00597
  39.    26   D 1 - 2 S 3 ; D 1 - 2 ; D 1 S 2  END                                      0.0496    0.04961
  40.   241   D 1 - 2 ; D 1 S 2 ; D 1 - 2 ; S 1  END                                    0.0496   -0.04960
  41.    56   D 1 S 2 - 3 ; D 1 - 2 S 4 ; D 1 ; S 1  END                                0.0486   -0.04757  0.01010
  42.   535   S 1 D 2 ; D 1 S 2 - 3 ; D 1 S 2 ; D 1  END                                0.0486   -0.01503 -0.04625
  43.  1342   D 1 S 2 ; D 1 - 2 ; S 1 D 2 ; S 1 - 2  END                                0.0439    0.03704 -0.02359
  44.   953   D 1 - 2 ; D 1 - 2 S 3 ; S 1 - 2 ; S 2  END                                0.0439   -0.00191  0.04387
  45.   250   D 1 - 2 ; S 1 D 2 - 3 ; D 1 ; S 1  END                                    0.0435   -0.04350
  46.   426   D 1 S 4 ; D 1 - 2 ; D 1 S 2 ; D 1  END                                    0.0435   -0.04350
  47.    57   D 1 S 2 - 4 ; D 1 - 2 ; S 1 ; D 1  END                                    0.0420   -0.03253 -0.02651
  48.   259   D 1 - 2 ; S 1 - 3 ; D 1 ; D 1 S 2  END                                    0.0420   -0.03923 -0.01491
  49.   258   D 1 - 2 S 4 ; S 1 - 2 ; D 1 S 2 ; D 1  END                                0.0412    0.02711 -0.03105
  50.    33   D 1 - 2 S 3 - 4 ; S 1 D 2 ; D 1 ; S 1  END                                0.0412   -0.01333  0.03900
  51.    37   D 1 - 2 S 3 ; D 2 ; D 1 S 2 ; D 1  END                                    0.0395   -0.03953
  52.   237   D 1 - 2 D 4 ; D 1 S 2 ; D 1 ; S 1  END                                    0.0395    0.03953
  53.   177   D 1 - 2 S 3 - 4 ; D 1 S 2 ; D 1 ; S 2  END                                0.0393    0.00194  0.03923
  54.   211   D 1 - 2 S 3 ; S 1 - 2 ; S 1 D 2 ; D 1  END                                0.0393    0.03495 -0.01794
  55.   244   D 1 - 2 S 4 ; D 1 S 2 S 4 ; S 1 ; D 1  END                                0.0381    0.03341  0.01839
  56.    83   S 1 D 2 S 3 ; S 1 D 2 ; D 1 ; D 1 S 2  END                                0.0381    0.03263  0.01974
  57.   354   D 1 S 2 - 4 ; S 1 - 2 ; D 1 S 2 ; D 1  END                                0.0360    0.00505  0.02154 -0.01853 -0.01870
                                                                                                  0.01059
  58.   204   D 1 - 2 S 3 - 4 ; S 1 - 3 ; D 1 ; S 1  END                                0.0360    0.00343 -0.00320  0.00449 -0.00573
                                                                                                 -0.03492
  59.   180   D 1 - 2 S 3 - 4 ; D 1 S 2 ; S 1 - 2 ; S 1  END                            0.0359    0.01217 -0.00701  0.02440 -0.01161
                                                                                                  0.01910
  60.   206   D 1 - 2 S 3 ; S 1 - 2 ; D 1 S 2 ; S 1 - 2  END                            0.0359   -0.01217 -0.01811  0.02611 -0.00990
                                                                                                  0.00602
  61.   341   D 1 S 2 - 3 ; D 1 S 2 ; S 1 - 2 ; D 1 S 2  END                            0.0356   -0.02666  0.01022  0.00959  0.01042
                                                                                                 -0.01584
  62.   181   D 1 - 2 S 3 ; D 1 S 2 - 3 ; S 1 ; S 1 - 2  END                            0.0356    0.02666  0.00066 -0.01670 -0.01587
                                                                                                  0.00496
  63.   262   D 1 - 2 ; D 2 S 3 ; D 1 ; D 1 S 2  END                                    0.0346    0.03459
  64.   363   D 1 S 2 D 4 ; D 1 - 2 ; S 1 ; D 1  END                                    0.0346    0.03459
  65.  1382   D 1 S 2 S 4 ; S 1 D 2 ; S 1 - 2 ; D 1 S 2  END                            0.0343    0.03069 -0.01228 -0.00070 -0.00461
                                                                                                  0.00791
  66.  1009   D 1 - 2 S 4 ; S 1 D 2 S 3 ; S 1 ; S 1 - 2  END                            0.0343   -0.03069 -0.00056  0.01202  0.00812
                                                                                                  0.00494
  67.   334   D 1 S 2 - 3 ; D 1 S 2 D 3 ; D 1 ; S 1  END                                0.0337   -0.03003 -0.01532
  68.   421   D 1 S 3 ; D 1 S 2 - 3 ; D 1 S 2 ; D 1  END                                0.0337   -0.02828 -0.01835
  69.  1335   D 1 S 2 ; D 1 - 2 ; D 1 S 2 ; D 2  END                                    0.0319    0.03189
  70.   960   D 1 - 2 ; D 1 - 2 S 3 ; D 2 ; S 1  END                                    0.0319   -0.03189
  71.   503   S 1 D 2 S 3 ; D 1 S 2 ; D 1 ; S 1 D 2  END                                0.0317    0.01366  0.02858
  72.   185   D 1 - 2 S 3 ; D 1 S 2 S 4 ; S 2 ; D 1  END                                0.0317    0.03158 -0.00246
  73.   182   D 1 - 2 S 3 ; D 1 S 2 S 4 ; S 1 ; S 1 - 2  END                            0.0316   -0.00408 -0.02764 -0.01409  0.00110
                                                                                                  0.00403
  74.   506   S 1 D 2 S 3 ; D 1 S 2 ; S 1 - 2 ; D 1 S 2  END                            0.0316    0.00408  0.00951  0.00937  0.02456
                                                                                                  0.01410
  75.   372   D 1 S 2 S 4 ; S 1 D 2 ; D 1 ; D 1 S 2  END                                0.0315    0.03103  0.00524
  76.   255   D 1 - 2 S 4 ; S 1 D 2 S 3 ; S 1 ; D 1  END                                0.0315   -0.02005 -0.02426
  77.   534   S 1 D 2 S 4 ; D 1 S 2 ; D 1 ; D 1 S 2  END                                0.0314    0.01911 -0.02494
  78.    35   D 1 - 2 S 3 ; S 1 D 2 S 4 ; S 1 ; D 1  END                                0.0314   -0.01204  0.02902
  79.    53   D 1 S 2 D 3 ; S 1 - 2 ; D 1 S 2 ; D 1  END                                0.0311   -0.02121  0.02270
  80.   186   D 1 - 2 S 3 - 4 ; D 1 S 3 ; D 1 ; S 1  END                                0.0311   -0.00905  0.02972
  81.   370   D 1 S 2 ; D 1 S 2 - 3 ; D 1 S 2 ; D 1  END                                0.0311    0.01780 -0.02546
  82.    55   D 1 S 2 - 3 ; D 1 - 2 S 3 ; D 1 ; S 1  END                                0.0311   -0.01315  0.02815
  83.   500   S 1 D 2 S 3 ; D 1 S 2 - 4 ; D 1 ; S 1  END                                0.0308    0.00168  0.02306  0.00692  0.01177
                                                                                                  0.01513
  84.   587   S 1 - 3 ; D 1 S 2 S 4 ; D 1 S 2 ; D 1  END                                0.0308   -0.02104 -0.01152 -0.00568  0.01318
                                                                                                 -0.01299
  85.   214   D 1 - 2 S 3 ; S 1 S 3 ; D 1 S 2 ; D 1  END                                0.0308    0.00344  0.03057
  86.    46   D 1 S 2 D 3 S 4 ; D 1 S 2 ; D 1 ; S 1  END                                0.0308   -0.02819  0.01230
  87.    61   D 1 D 3 ; D 1 - 2 S 3 ; D 1 ; S 1  END                                    0.0307   -0.03074
  88.  1369   D 1 S 2 ; D 1 D 3 ; D 1 S 2 ; D 1  END                                    0.0307    0.03074
  89.   527   S 1 D 2 ; D 1 - 2 ; D 1 S 2 ; S 1 - 2  END                                0.0302    0.01398  0.02673
  90.   233   D 1 - 2 ; D 1 - 2 S 4 ; S 1 - 2 ; S 1  END                                0.0302   -0.03014  0.00126
  91.     9   D 1 - 3 ; D 1 S 2 ; D 1 ; S 2  END                                        0.0300    0.03000
  92.   193   D 1 - 2 S 3 ; D 1 ; S 1 D 2 ; D 1  END                                    0.0300    0.03000
  93.   813   D 1 - 2 S 3 ; D 1 - 2 ; S 2 ; D 2  END                                    0.0296   -0.02957
  94.  2993   D 1 - 2 ; D 1 S 2 ; D 2 ; S 1 D 2  END                                    0.0296    0.02957
  95.  1378   D 1 S 2 ; S 1 D 2 S 3 ; D 1 S 2 ; S 1 - 2  END                            0.0295    0.01693  0.00380 -0.02178 -0.00075
                                                                                                 -0.00967
  96.  1337   D 1 S 2 S 4 ; D 1 - 2 S 3 ; S 1 - 2 ; S 1  END                            0.0295   -0.01693  0.01606 -0.01072  0.01031
                                                                                                 -0.01019
  97.  1036   D 1 - 2 ; S 1 - 3 ; S 1 - 2 ; D 1 S 2  END                                0.0279    0.02470 -0.00092  0.00884 -0.00395
                                                                                                  0.00868
  98.   327   D 1 S 2 - 4 ; D 1 - 2 ; S 1 ; S 1 - 2  END                                0.0279    0.02470  0.00840 -0.00933  0.00347
                                                                                                 -0.00064
  99.   576   S 1 - 4 ; D 1 - 2 S 3 ; D 1 ; S 1  END                                    0.0279    0.00536  0.00130 -0.00850 -0.00101
                                                                                                  0.02593
 100.  1393   D 1 S 2 ; S 1 - 4 ; D 1 S 2 ; D 1  END                                    0.0279    0.00158  0.01833 -0.01678 -0.00466
                                                                                                  0.01157




 POSITION OF FIRST SPIN COUPLING FOR TEN MOST IMPORTANT CONFIGURATIONS
      51     86     55     53      1     54     41      2    406     34



 ********************************
 RESULTS FOR ROOT   03
 TOTAL CI ENERGY =   -126.5426715
 ********************************

       CONF.                                                                           COEFF.
        NO.        SPACE ORBITAL PRODUCTS                                             CONTRIB.      CI COEFFICIENTS

       -----       ----------------------                                             --------   ---------------------
   1.    41   D 1 - 2 ; D 1 S 2 ; D 1 ; D 1 S 2  END                                    0.6223   -0.62231
   2.     1   D 1 - 2 S 3 ; D 1 - 2 ; S 1 ; D 1  END                                    0.6223    0.62231
   3.    60   D 1 S 2 ; D 1 - 2 ; D 1 S 2 ; D 1  END                                    0.0969   -0.09687
   4.    38   D 1 - 2 ; D 1 - 2 S 3 ; D 1 ; S 1  END                                    0.0969   -0.09687
   5.   259   D 1 - 2 ; S 1 - 3 ; D 1 ; D 1 S 2  END                                    0.0775   -0.01322  0.07635
   6.    57   D 1 S 2 - 4 ; D 1 - 2 ; S 1 ; D 1  END                                    0.0775   -0.05951  0.04963
   7.    30   D 1 - 2 S 3 ; D 1 S 2 - 3 ; S 1 ; D 1  END                                0.0741    0.01316  0.07288
   8.    58   D 1 S 2 - 3 ; D 1 S 2 ; D 1 ; D 1 S 2  END                                0.0741    0.06969 -0.02505
   9.   176   D 1 - 2 S 3 ; D 1 - 2 ; S 2 ; S 1 - 2  END                                0.0641   -0.05505 -0.03282
  10.   977   D 1 - 2 ; D 1 S 2 ; S 1 - 2 ; S 1 D 2  END                                0.0641   -0.05595 -0.03127
  11.   194   D 1 - 2 S 3 ; D 1 ; S 1 ; D 1 - 2  END                                    0.0619   -0.06188
  12.    11   D 1 - 3 ; D 1 S 2 ; ; D 1 S 2  END                                        0.0619    0.06188
  13.   248   D 1 - 2 ; D 1 S 4 ; D 1 ; D 1 S 2  END                                    0.0607   -0.06065
  14.     5   S 1 D 2 - 3 ; D 1 - 2 ; S 1 ; D 1  END                                    0.0607    0.06065
  15.   369   D 1 S 2 S 4 ; D 1 S 2 ; D 1 ; D 1 S 2  END                                0.0590    0.05490  0.02172
  16.    34   D 1 - 2 S 3 ; S 1 D 2 S 3 ; S 1 ; D 1  END                                0.0590   -0.04626 -0.03668
  17.   242   D 1 - 2 ; D 1 S 2 ; D 1 ; S 1 D 2  END                                    0.0574   -0.05743
  18.    28   D 1 - 2 S 3 ; D 1 - 2 ; S 2 ; D 1  END                                    0.0574   -0.05743
  19.   234   D 1 - 2 S 4 ; D 1 - 2 ; S 2 ; D 1  END                                    0.0572    0.05722
  20.   254   D 1 - 2 ; S 1 D 2 ; D 1 ; S 1 D 2  END                                    0.0572   -0.05722
  21.    32   D 1 - 2 S 3 ; D 1 ; D 1 S 2 ; D 1  END                                    0.0548   -0.05484
  22.     2   D 1 - 3 ; D 1 S 2 ; D 1 ; S 1  END                                        0.0548   -0.05484
  23.   343   D 1 S 2 - 3 ; D 1 S 3 ; D 1 ; D 1 S 2  END                                0.0527    0.04208 -0.03166
  24.    47   D 1 S 2 D 3 ; D 1 S 2 - 3 ; S 1 ; D 1  END                                0.0527   -0.00638  0.05227
  25.     3   D 1 - 3 ; S 1 D 2 ; D 1 ; S 1  END                                        0.0508   -0.05077
  26.   246   D 1 - 2 S 4 ; D 1 ; D 1 S 2 ; D 1  END                                    0.0508    0.05077
  27.    39   D 1 - 2 ; D 1 - 2 S 4 ; D 1 ; S 1  END                                    0.0445    0.04446
  28.    84   S 1 D 2 ; D 1 - 2 ; D 1 S 2 ; D 1  END                                    0.0445    0.04446
  29.   970   D 1 - 2 ; D 1 S 2 ; D 1 - 2 ; S 2  END                                    0.0436    0.04361
  30.   172   D 1 - 2 S 3 ; D 1 - 2 ; S 1 D 2  END                                      0.0436   -0.04361
  31.   173   D 1 - 2 S 3 ; D 1 - 2 ; S 1 ; D 2  END                                    0.0432   -0.04322
  32.   984   D 1 - 2 ; D 1 S 2 ; D 2 ; D 1 S 2  END                                    0.0432    0.04322
  33.   239   D 1 - 2 ; D 1 S 2 - 4 ; D 1 ; S 1  END                                    0.0418    0.03924 -0.01440
  34.    90   S 1 - 3 ; D 1 - 2 ; D 1 S 2 ; D 1  END                                    0.0418   -0.00715 -0.04118
  35.   341   D 1 S 2 - 3 ; D 1 S 2 ; S 1 - 2 ; D 1 S 2  END                            0.0417    0.02665  0.01191 -0.00636  0.02663
                                                                                                  0.01176
  36.   181   D 1 - 2 S 3 ; D 1 S 2 - 3 ; S 1 ; S 1 - 2  END                            0.0417    0.02665  0.02057  0.02163 -0.01136
                                                                                                  0.00309
  37.     4   D 1 S 2 D 3 ; D 1 - 2 ; S 1 ; D 1  END                                    0.0394    0.03940
  38.   247   D 1 - 2 ; D 1 S 3 ; D 1 ; D 1 S 2  END                                    0.0394   -0.03940
  39.  1390   D 1 S 2 S 4 ; S 1 - 3 ; D 1 ; D 1 S 2  END                                0.0388   -0.00473  0.02754  0.01886  0.01738
                                                                                                  0.00811
  40.   351   D 1 S 2 - 4 ; S 1 D 2 S 3 ; S 1 ; D 1  END                                0.0388   -0.02559 -0.00721 -0.01822  0.02041
                                                                                                 -0.00699
  41.    64   D 1 D 3 ; D 1 S 2 ; D 1 ; D 1 S 2  END                                    0.0383    0.03827
  42.   190   D 1 - 2 S 3 ; D 1 D 3 ; S 1 ; D 1  END                                    0.0383   -0.03827
  43.  1024   D 1 - 2 S 4 ; S 1 - 2 ; D 1 S 2 ; S 1 - 2  END                            0.0352   -0.02856 -0.00749 -0.01235 -0.01403
                                                                                                  0.00455
  44.   198   D 1 - 2 S 3 - 4 ; S 1 D 2 ; S 1 - 2 ; S 1  END                            0.0352    0.02856  0.00988  0.01265  0.01096
                                                                                                 -0.00694
  45.   492   S 1 D 2 S 3 - 4 ; D 1 - 2 ; S 1 ; S 1 - 2  END                            0.0349   -0.02806 -0.00922  0.01329 -0.01178
                                                                                                 -0.00551
  46.  1037   D 1 - 2 ; S 1 - 2 S 4 ; S 1 - 2 ; D 1 S 2  END                            0.0349    0.02806  0.00578  0.01376 -0.01130
                                                                                                  0.00895
  47.   188   D 1 - 2 S 3 ; D 1 ; D 1 S 2 ; S 1 - 2  END                                0.0348    0.01195  0.03269
  48.    10   D 1 - 3 ; D 1 S 2 ; S 1 - 2 ; S 1  END                                    0.0348    0.03429 -0.00600
  49.   415   D 1 S 3 ; D 1 - 3 ; S 1 ; D 1  END                                        0.0347   -0.03475
  50.  1616   D 1 ; D 1 S 2 D 3 ; D 1 ; D 1 S 2  END                                    0.0347    0.03475
  51.  1918   S 1 D 2 S 4 ; D 1 S 2 ; S 1 - 2 ; D 1 S 2  END                            0.0334    0.02446  0.01083  0.01030  0.01519
                                                                                                 -0.00804
  52.   200   D 1 - 2 S 3 ; S 1 D 2 S 4 ; S 1 ; S 1 - 2  END                            0.0334   -0.02446 -0.00771 -0.01699 -0.01210
                                                                                                  0.00493
  53.   532   S 1 D 2 ; D 1 - 2 ; S 1 D 2 ; D 1  END                                    0.0330   -0.03304
  54.   230   D 1 - 2 ; D 1 - 2 S 4 ; D 1 ; S 2  END                                    0.0330    0.03304
  55.  1915   S 1 D 2 ; D 1 S 2 S 4 ; D 1 S 2 ; S 1 - 2  END                            0.0322    0.02558 -0.01193 -0.00394 -0.00281
                                                                                                  0.01478
  56.   494   S 1 D 2 S 3 ; D 1 - 2 S 4 ; S 1 - 2 ; S 1  END                            0.0322   -0.02558 -0.00518  0.01269  0.01382
                                                                                                  0.00233
  57.   509   S 1 D 2 S 3 ; D 1 S 4 ; D 1 ; D 1 S 2  END                                0.0321    0.02685 -0.01767
  58.    72   S 1 D 2 - 3 ; D 1 S 2 S 4 ; S 1 ; D 1  END                                0.0321   -0.00188  0.03209
  59.  1035   D 1 - 2 S 4 ; S 1 - 2 ; S 1 ; D 1 - 2  END                                0.0308    0.02723  0.01443
  60.   201   D 1 - 2 S 3 - 4 ; S 1 D 2 ; ; D 1 S 2  END                                0.0308    0.02611  0.01637
  61.   973   D 1 - 2 S 4 ; D 1 S 2 S 4 ; S 1 ; S 1 - 2  END                            0.0308   -0.00277  0.02183  0.01581 -0.01250
                                                                                                 -0.00756
  62.   518   S 1 D 2 S 3 ; S 1 D 2 ; S 1 - 2 ; D 1 S 2  END                            0.0308    0.00277 -0.00122  0.00060 -0.02771
                                                                                                 -0.01305
  63.   527   S 1 D 2 ; D 1 - 2 ; D 1 S 2 ; S 1 - 2  END                                0.0307   -0.02957 -0.00825
  64.   233   D 1 - 2 ; D 1 - 2 S 4 ; S 1 - 2 ; S 1  END                                0.0307   -0.02193 -0.02148
  65.   245   D 1 - 2 ; D 1 S 2 ; S 1 - 2 ; D 1 S 2  END                                0.0306   -0.02652 -0.01536
  66.    27   D 1 - 2 S 3 ; D 1 - 2 ; S 1 ; S 1 - 2  END                                0.0306    0.02657  0.01528
  67.   356   D 1 S 2 - 3 ; S 1 - 2 S 4 ; D 1 ; D 1 S 2  END                            0.0306   -0.00161  0.02475  0.01066  0.01329
                                                                                                  0.00527
  68.   504   S 1 D 2 S 3 - 4 ; D 1 S 2 - 3 ; S 1 ; D 1  END                            0.0306    0.02199  0.00383  0.01311 -0.01316
                                                                                                  0.00951
  69.   581   S 1 - 3 ; D 1 - 2 S 3 - 4 ; S 1 ; D 1  END                                0.0305    0.00126  0.00461  0.02647  0.00096
                                                                                                 -0.01427
  70.  2176   S 1 - 2 ; D 1 S 2 - 4 ; D 1 ; D 1 S 2  END                                0.0305   -0.00338 -0.00083 -0.02778  0.00031
                                                                                                  0.01199
  71.   213   D 1 - 2 S 3 - 4 ; S 1 ; D 1 ; D 1 S 2  END                                0.0299   -0.00261 -0.02982
  72.    20   D 1 - 3 S 4 ; S 1 - 2 ; S 1 ; D 1  END                                    0.0299   -0.02713  0.01264
  73.   243   D 1 - 2 S 4 ; D 1 S 2 - 3 ; S 1 ; D 1  END                                0.0298   -0.00287 -0.02969
  74.    59   D 1 S 2 - 3 ; S 1 D 2 ; D 1 ; D 1 S 2  END                                0.0298    0.02715 -0.01236
  75.   585   S 1 - 4 ; D 1 S 2 ; D 1 ; D 1 S 2  END                                    0.0287    0.00238  0.00063  0.00293 -0.00518
                                                                                                 -0.02799
  76.   209   D 1 - 2 S 3 ; S 1 - 4 ; S 1 ; D 1  END                                    0.0287   -0.00314 -0.01790  0.01589  0.01454
                                                                                                 -0.00555
  77.  1355   D 1 S 2 ; D 1 S 2 - 3 ; D 1 S 2 ; S 1 - 2  END                            0.0272    0.02353 -0.00398 -0.00199 -0.00779
                                                                                                  0.01032
  78.   328   D 1 S 2 - 3 ; D 1 - 2 S 3 ; S 1 - 2 ; S 1  END                            0.0272   -0.02353 -0.00251  0.01153  0.00574
                                                                                                 -0.00383
  79.   365   D 1 S 2 ; D 1 - 2 S 3 - 4 ; S 1 ; D 1  END                                0.0267   -0.02147  0.01590
  80.   592   S 1 - 2 ; D 1 - 2 S 3 ; D 1 ; D 1 S 2  END                                0.0267    0.00303 -0.02654
  81.   339   D 1 S 2 - 4 ; D 1 S 2 - 3 ; S 1 ; D 1  END                                0.0262    0.02239  0.00189  0.00559 -0.01029
                                                                                                  0.00672
  82.   355   D 1 S 2 - 3 ; S 1 - 3 ; D 1 ; D 1 S 2  END                                0.0262   -0.00004  0.01933  0.00467  0.01627
                                                                                                  0.00513
  83.    45   D 1 S 2 D 3 ; D 1 - 2 ; S 2 ; D 1  END                                    0.0250   -0.02500
  84.   991   D 1 - 2 ; D 1 S 3 ; D 1 ; S 1 D 2  END                                    0.0250   -0.02500
  85.   535   S 1 D 2 ; D 1 S 2 - 3 ; D 1 S 2 ; D 1  END                                0.0247    0.00012  0.02470
  86.    56   D 1 S 2 - 3 ; D 1 - 2 S 4 ; D 1 ; S 1  END                                0.0247   -0.02145  0.01225
  87.   520   S 1 D 2 S 3 ; S 1 - 3 ; D 1 ; D 1 S 2  END                                0.0237   -0.00319  0.01776  0.01166  0.00868
                                                                                                  0.00501
  88.   340   D 1 S 2 - 4 ; D 1 S 2 S 4 ; S 1 ; D 1  END                                0.0237    0.01440  0.00457  0.01209 -0.01243
                                                                                                  0.00576
  89.   182   D 1 - 2 S 3 ; D 1 S 2 S 4 ; S 1 ; S 1 - 2  END                            0.0235   -0.00881 -0.01077 -0.01703  0.00339
                                                                                                  0.00764
  90.   506   S 1 D 2 S 3 ; D 1 S 2 ; S 1 - 2 ; D 1 S 2  END                            0.0235   -0.00881 -0.00287 -0.00117 -0.02159
                                                                                                 -0.00026
  91.   331   D 1 S 2 - 3 ; D 1 - 2 S 3 ; ; D 1 S 2  END                                0.0233   -0.00869  0.02157
  92.  1363   D 1 S 2 ; D 1 S 2 - 3 ; S 1 ; D 1 - 2  END                                0.0233    0.01434 -0.01831
  93.  1359   D 1 S 2 S 4 ; D 1 S 2 ; S 1 - 2 ; D 1 S 2  END                            0.0229    0.02014  0.00237  0.00715  0.00737
                                                                                                 -0.00293
  94.   199   D 1 - 2 S 3 ; S 1 D 2 S 3 ; S 1 ; S 1 - 2  END                            0.0229   -0.02014 -0.00469 -0.00604 -0.00581
                                                                                                  0.00525
  95.  1913   S 1 D 2 S 4 ; D 1 S 2 ; D 1 ; S 1 D 2  END                                0.0225    0.01997 -0.01036
  96.   203   D 1 - 2 S 3 ; S 1 D 2 S 4 ; S 2 ; D 1  END                                0.0225    0.00102  0.02248
  97.   327   D 1 S 2 - 4 ; D 1 - 2 ; S 1 ; S 1 - 2  END                                0.0225   -0.01791 -0.00889  0.00888 -0.00410
                                                                                                 -0.00304
  98.  1036   D 1 - 2 ; S 1 - 3 ; S 1 - 2 ; D 1 S 2  END                                0.0225    0.01791  0.00244  0.00783 -0.00515
                                                                                                  0.00950
  99.   517   S 1 D 2 S 3 - 4 ; S 1 D 2 S 4 ; S 1 ; D 1  END                            0.0218   -0.01526 -0.00575 -0.00931  0.01017
                                                                                                 -0.00453
 100.  1950   S 1 D 2 S 4 ; S 1 - 2 S 4 ; D 1 ; D 1 S 2  END                            0.0218   -0.00050  0.01561  0.01006  0.00989
                                                                                                  0.00582




 POSITION OF FIRST SPIN COUPLING FOR TEN MOST IMPORTANT CONFIGURATIONS
      54      1     86     51    431     80     37     82    264   2038



 ********************************
 RESULTS FOR ROOT   04
 TOTAL CI ENERGY =   -125.9727176
 ********************************

       CONF.                                                                           COEFF.
        NO.        SPACE ORBITAL PRODUCTS                                             CONTRIB.      CI COEFFICIENTS

       -----       ----------------------                                             --------   ---------------------
   1.    40   D 1 - 2 S 4 ; D 1 - 2 ; S 1 ; D 1  END                                    0.3128    0.31282
   2.    42   D 1 - 2 ; S 1 D 2 ; D 1 ; D 1 S 2  END                                    0.3128   -0.31282
   3.    39   D 1 - 2 ; D 1 - 2 S 4 ; D 1 ; S 1  END                                    0.2437    0.24368
   4.    84   S 1 D 2 ; D 1 - 2 ; D 1 S 2 ; D 1  END                                    0.2437   -0.24368
   5.    32   D 1 - 2 S 3 ; D 1 ; D 1 S 2 ; D 1  END                                    0.1891    0.18910
   6.     2   D 1 - 3 ; D 1 S 2 ; D 1 ; S 1  END                                        0.1891   -0.18910
   7.    27   D 1 - 2 S 3 ; D 1 - 2 ; S 1 ; S 1 - 2  END                                0.1817   -0.11967  0.13677
   8.   245   D 1 - 2 ; D 1 S 2 ; S 1 - 2 ; D 1 S 2  END                                0.1817    0.05861 -0.17202
   9.   247   D 1 - 2 ; D 1 S 3 ; D 1 ; D 1 S 2  END                                    0.1649    0.16492
  10.     4   D 1 S 2 D 3 ; D 1 - 2 ; S 1 ; D 1  END                                    0.1649    0.16492
  11.    60   D 1 S 2 ; D 1 - 2 ; D 1 S 2 ; D 1  END                                    0.1627    0.16267
  12.    38   D 1 - 2 ; D 1 - 2 S 3 ; D 1 ; S 1  END                                    0.1627   -0.16267
  13.    26   D 1 - 2 S 3 ; D 1 - 2 ; D 1 S 2  END                                      0.1545    0.15445
  14.   241   D 1 - 2 ; D 1 S 2 ; D 1 - 2 ; S 1  END                                    0.1545   -0.15445
  15.   235   D 1 - 2 ; D 1 - 2 S 3 ; ; D 1 S 2  END                                    0.1470   -0.14702
  16.   368   D 1 S 2 ; D 1 - 2 ; S 1 ; D 1 - 2  END                                    0.1470   -0.14702
  17.    30   D 1 - 2 S 3 ; D 1 S 2 - 3 ; S 1 ; D 1  END                                0.1252   -0.02708  0.12228
  18.    58   D 1 S 2 - 3 ; D 1 S 2 ; D 1 ; D 1 S 2  END                                0.1252   -0.09236  0.08459
  19.   232   D 1 - 2 ; D 1 - 2 S 3 ; S 1 - 2 ; S 1  END                                0.1011   -0.09821 -0.02408
  20.   362   D 1 S 2 ; D 1 - 2 ; D 1 S 2 ; S 1 - 2  END                                0.1011    0.06996  0.07301
  21.    66   D 1 S 3 ; D 1 - 2 ; D 1 S 2 ; D 1  END                                    0.0717   -0.07167
  22.   238   D 1 - 2 ; D 1 S 2 D 3 ; D 1 ; S 1  END                                    0.0717    0.07167
  23.   237   D 1 - 2 D 4 ; D 1 S 2 ; D 1 ; S 1  END                                    0.0660    0.06596
  24.    37   D 1 - 2 S 3 ; D 2 ; D 1 S 2 ; D 1  END                                    0.0660   -0.06596
  25.   244   D 1 - 2 S 4 ; D 1 S 2 S 4 ; S 1 ; D 1  END                                0.0647    0.05656  0.03134
  26.    83   S 1 D 2 S 3 ; S 1 D 2 ; D 1 ; D 1 S 2  END                                0.0647    0.05542  0.03331
  27.   427   D 1 ; D 1 - 2 S 3 ; D 1 ; D 1 S 2  END                                    0.0559   -0.05590
  28.   364   D 1 S 2 ; D 1 - 3 ; S 1 ; D 1  END                                        0.0559   -0.05590
  29.   370   D 1 S 2 ; D 1 S 2 - 3 ; D 1 S 2 ; D 1  END                                0.0557   -0.05505  0.00853
  30.    55   D 1 S 2 - 3 ; D 1 - 2 S 3 ; D 1 ; S 1  END                                0.0557   -0.02014 -0.05195
  31.   186   D 1 - 2 S 3 - 4 ; D 1 S 3 ; D 1 ; S 1  END                                0.0533    0.03468 -0.04048
  32.    53   D 1 S 2 D 3 ; S 1 - 2 ; D 1 S 2 ; D 1  END                                0.0533    0.01772 -0.05027
  33.   242   D 1 - 2 ; D 1 S 2 ; D 1 ; S 1 D 2  END                                    0.0532   -0.05321
  34.    28   D 1 - 2 S 3 ; D 1 - 2 ; S 2 ; D 1  END                                    0.0532    0.05321
  35.   361   D 1 S 2 S 4 ; D 1 - 2 S 4 ; D 1 ; S 1  END                                0.0513   -0.04147  0.03015
  36.   538   S 1 D 2 ; S 1 D 2 S 3 ; D 1 S 2 ; D 1  END                                0.0513   -0.00537  0.05099
  37.   240   D 1 - 2 ; D 1 S 2 D 4 ; D 1 ; S 1  END                                    0.0502    0.05024
  38.    97   D 2 S 3 ; D 1 - 2 ; D 1 S 2 ; D 1  END                                    0.0502   -0.05024
  39.   260   D 1 - 2 ; S 1 - 2 S 4 ; D 1 ; D 1 S 2  END                                0.0497   -0.01839 -0.04612
  40.    81   S 1 D 2 S 3 - 4 ; D 1 - 2 ; S 1 ; D 1  END                                0.0497   -0.04914  0.00713
  41.    33   D 1 - 2 S 3 - 4 ; S 1 D 2 ; D 1 ; S 1  END                                0.0495   -0.04896  0.00721
  42.   258   D 1 - 2 S 4 ; S 1 - 2 ; D 1 S 2 ; D 1  END                                0.0495   -0.01823 -0.04601
  43.    41   D 1 - 2 ; D 1 S 2 ; D 1 ; D 1 S 2  END                                    0.0487    0.04866
  44.     1   D 1 - 2 S 3 ; D 1 - 2 ; S 1 ; D 1  END                                    0.0487    0.04866
  45.    56   D 1 S 2 - 3 ; D 1 - 2 S 4 ; D 1 ; S 1  END                                0.0486    0.03757 -0.03083
  46.   535   S 1 D 2 ; D 1 S 2 - 3 ; D 1 S 2 ; D 1  END                                0.0486   -0.00791  0.04795
  47.   534   S 1 D 2 S 4 ; D 1 S 2 ; D 1 ; D 1 S 2  END                                0.0451   -0.03012 -0.03352
  48.    35   D 1 - 2 S 3 ; S 1 D 2 S 4 ; S 1 ; D 1  END                                0.0451   -0.04409 -0.00932
  49.   180   D 1 - 2 S 3 - 4 ; D 1 S 2 ; S 1 - 2 ; S 1  END                            0.0399    0.02746  0.02338  0.00188  0.00923
                                                                                                  0.01431
  50.   206   D 1 - 2 S 3 ; S 1 - 2 ; D 1 S 2 ; S 1 - 2  END                            0.0399   -0.02746 -0.02139 -0.01038 -0.00303
                                                                                                 -0.01630
  51.  1036   D 1 - 2 ; S 1 - 3 ; S 1 - 2 ; D 1 S 2  END                                0.0397    0.00071 -0.00882 -0.02035 -0.00302
                                                                                                  0.03273
  52.   327   D 1 S 2 - 4 ; D 1 - 2 ; S 1 ; S 1 - 2  END                                0.0397    0.00071  0.01222 -0.01517 -0.03250
                                                                                                  0.01168
  53.   374   D 1 S 2 ; S 1 D 2 S 4 ; D 1 S 2 ; D 1  END                                0.0391   -0.01568  0.03585
  54.   525   S 1 D 2 S 4 ; D 1 - 2 S 3 ; D 1 ; S 1  END                                0.0391   -0.02320  0.03150
  55.   191   D 1 - 2 S 3 ; D 1 S 3 - 4 ; S 1 ; D 1  END                                0.0389    0.03787 -0.00892
  56.    88   S 1 - 2 D 3 ; D 1 S 2 ; D 1 ; D 1 S 2  END                                0.0389   -0.01121 -0.03725
  57.   233   D 1 - 2 ; D 1 - 2 S 4 ; S 1 - 2 ; S 1  END                                0.0372    0.03690  0.00490
  58.   527   S 1 D 2 ; D 1 - 2 ; D 1 S 2 ; S 1 - 2  END                                0.0372   -0.02269 -0.02950
  59.   972   D 1 - 2 S 4 ; D 1 S 2 - 3 ; S 1 ; S 1 - 2  END                            0.0369    0.00471 -0.01676 -0.01989  0.01177
                                                                                                  0.02282
  60.   353   D 1 S 2 - 3 ; S 1 D 2 ; S 1 - 2 ; D 1 S 2  END                            0.0369    0.00471  0.00941 -0.00334 -0.03500
                                                                                                 -0.00334
  61.   182   D 1 - 2 S 3 ; D 1 S 2 S 4 ; S 1 ; S 1 - 2  END                            0.0366    0.03364 -0.00487 -0.00328  0.00806
                                                                                                  0.01044
  62.   506   S 1 D 2 S 3 ; D 1 S 2 ; S 1 - 2 ; D 1 S 2  END                            0.0366   -0.03364 -0.00868 -0.00023  0.01110
                                                                                                  0.00311
  63.   214   D 1 - 2 S 3 ; S 1 S 3 ; D 1 S 2 ; D 1  END                                0.0364    0.01484 -0.03323
  64.    46   D 1 S 2 D 3 S 4 ; D 1 S 2 ; D 1 ; S 1  END                                0.0364    0.02136 -0.02947
  65.   367   D 1 S 2 ; D 1 - 2 ; S 1 D 2 ; D 1  END                                    0.0362   -0.03625
  66.   229   D 1 - 2 ; D 1 - 2 S 3 ; D 1 ; S 2  END                                    0.0362   -0.03625
  67.    79   S 1 D 2 S 3 ; D 1 - 2 S 3 ; D 1 ; S 1  END                                0.0361    0.02685 -0.02410
  68.   371   D 1 S 2 ; D 1 S 2 S 4 ; D 1 S 2 ; D 1  END                                0.0361   -0.00745  0.03530
  69.    80   S 1 D 2 S 3 ; D 1 - 2 S 4 ; D 1 ; S 1  END                                0.0358   -0.03163 -0.01668
  70.   536   S 1 D 2 ; D 1 S 2 S 4 ; D 1 S 2 ; D 1  END                                0.0358   -0.03026 -0.01905
  71.  1922   S 1 D 2 ; D 1 S 2 - 3 ; S 1 ; D 1 - 2  END                                0.0357    0.00516 -0.03530
  72.   332   D 1 S 2 - 3 ; D 1 - 2 S 4 ; ; D 1 S 2  END                                0.0357    0.02799 -0.02212
  73.   246   D 1 - 2 S 4 ; D 1 ; D 1 S 2 ; D 1  END                                    0.0351    0.03509
  74.     3   D 1 - 3 ; S 1 D 2 ; D 1 ; S 1  END                                        0.0351    0.03509
  75.   982   D 1 - 2 ; D 1 S 2 - 4 ; ; D 1 S 2  END                                    0.0345    0.03443 -0.00273
  76.   584   S 1 - 3 ; D 1 - 2 ; S 1 ; D 1 - 2  END                                    0.0345   -0.01485 -0.03119
  77.   813   D 1 - 2 S 3 ; D 1 - 2 ; S 2 ; D 2  END                                    0.0345   -0.03447
  78.  2993   D 1 - 2 ; D 1 S 2 ; D 2 ; S 1 D 2  END                                    0.0345    0.03447
  79.   363   D 1 S 2 D 4 ; D 1 - 2 ; S 1 ; D 1  END                                    0.0339    0.03394
  80.   262   D 1 - 2 ; D 2 S 3 ; D 1 ; D 1 S 2  END                                    0.0339    0.03394
  81.   508   S 1 D 2 S 3 ; D 1 S 3 ; D 1 ; D 1 S 2  END                                0.0338   -0.03107 -0.01337
  82.    48   D 1 S 2 D 3 ; D 1 S 2 S 4 ; S 1 ; D 1  END                                0.0338    0.02711  0.02023
  83.   339   D 1 S 2 - 4 ; D 1 S 2 - 3 ; S 1 ; D 1  END                                0.0335   -0.02078 -0.01285 -0.01375 -0.00397
                                                                                                  0.01785
  84.   355   D 1 S 2 - 3 ; S 1 - 3 ; D 1 ; D 1 S 2  END                                0.0335    0.01622  0.00072  0.02261  0.01841
                                                                                                 -0.00250
  85.   251   D 1 - 2 ; S 1 D 2 S 3 - 4 ; D 1 ; S 1  END                                0.0325    0.03205 -0.00534
  86.   591   S 1 - 2 S 4 ; D 1 - 2 ; D 1 S 2 ; D 1  END                                0.0325   -0.01140 -0.03042
  87.    36   D 1 - 2 S 3 ; S 1 - 2 ; D 1 S 2 ; D 1  END                                0.0322   -0.02462 -0.02078
  88.    29   D 1 - 2 S 3 - 4 ; D 1 S 2 ; D 1 ; S 1  END                                0.0322    0.03031  0.01093
  89.   349   D 1 S 2 - 3 ; S 1 D 2 ; D 1 - 2 ; S 1  END                                0.0318   -0.02887 -0.01337
  90.   965   D 1 - 2 S 4 ; D 1 S 2 - 3 ; D 1 S 2  END                                  0.0318    0.02601  0.01832
  91.  1914   S 1 D 2 ; D 1 S 2 - 3 ; D 1 S 2 ; S 1 - 2  END                            0.0317   -0.01343 -0.00158  0.02209  0.00265
                                                                                                  0.01810
  92.   329   D 1 S 2 - 3 ; D 1 - 2 S 4 ; S 1 - 2 ; S 1  END                            0.0317   -0.01343  0.02389 -0.01206  0.00739
                                                                                                 -0.00738
  93.   954   D 1 - 2 ; D 1 - 2 S 4 ; S 1 - 2 ; S 2  END                                0.0315   -0.00914  0.03019
  94.  1901   S 1 D 2 ; D 1 - 2 ; S 1 D 2 ; S 1 - 2  END                                0.0315    0.02157 -0.02301
  95.   324   D 1 S 2 - 4 ; D 1 - 2 ; D 1 S 2  END                                      0.0307   -0.03014  0.00589
  96.  1027   D 1 - 2 ; S 1 - 3 ; D 1 - 2 ; S 1  END                                    0.0307    0.00997  0.02904
  97.   239   D 1 - 2 ; D 1 S 2 - 4 ; D 1 ; S 1  END                                    0.0307    0.02850 -0.01135
  98.    90   S 1 - 3 ; D 1 - 2 ; D 1 S 2 ; D 1  END                                    0.0307    0.00442  0.03036
  99.   957   D 1 - 2 S 4 ; D 1 - 2 ; S 2 ; S 1 - 2  END                                0.0299   -0.02339 -0.01864
 100.  1014   D 1 - 2 ; S 1 D 2 ; S 1 - 2 ; S 1 D 2  END                                0.0299   -0.02784 -0.01094




 POSITION OF FIRST SPIN COUPLING FOR TEN MOST IMPORTANT CONFIGURATIONS
      53     55     52    123     41      2     32    411    414      4



 ********************************
 RESULTS FOR ROOT   05
 TOTAL CI ENERGY =   -125.2915729
 ********************************

       CONF.                                                                           COEFF.
        NO.        SPACE ORBITAL PRODUCTS                                             CONTRIB.      CI COEFFICIENTS

       -----       ----------------------                                             --------   ---------------------
   1.    38   D 1 - 2 ; D 1 - 2 S 3 ; D 1 ; S 1  END                                    0.6134    0.61340
   2.    60   D 1 S 2 ; D 1 - 2 ; D 1 S 2 ; D 1  END                                    0.6134    0.61335
   3.    41   D 1 - 2 ; D 1 S 2 ; D 1 ; D 1 S 2  END                                    0.1083   -0.10833
   4.     1   D 1 - 2 S 3 ; D 1 - 2 ; S 1 ; D 1  END                                    0.1083    0.10830
   5.   239   D 1 - 2 ; D 1 S 2 - 4 ; D 1 ; S 1  END                                    0.0755   -0.05810  0.04816
   6.    90   S 1 - 3 ; D 1 - 2 ; D 1 S 2 ; D 1  END                                    0.0755   -0.01265  0.07440
   7.    79   S 1 D 2 S 3 ; D 1 - 2 S 3 ; D 1 ; S 1  END                                0.0746   -0.06803  0.03062
   8.   371   D 1 S 2 ; D 1 S 2 S 4 ; D 1 S 2 ; D 1  END                                0.0746    0.00750  0.07422
   9.    32   D 1 - 2 S 3 ; D 1 ; D 1 S 2 ; D 1  END                                    0.0661    0.06612
  10.     2   D 1 - 3 ; D 1 S 2 ; D 1 ; S 1  END                                        0.0661    0.06609
  11.   250   D 1 - 2 ; S 1 D 2 - 3 ; D 1 ; S 1  END                                    0.0617   -0.06166
  12.   426   D 1 S 4 ; D 1 - 2 ; D 1 S 2 ; D 1  END                                    0.0616    0.06165
  13.   181   D 1 - 2 S 3 ; D 1 S 2 - 3 ; S 1 ; S 1 - 2  END                            0.0615    0.05564  0.00443  0.00306 -0.02537
                                                                                                  0.00287
  14.   341   D 1 S 2 - 3 ; D 1 S 2 ; S 1 - 2 ; D 1 S 2  END                            0.0614    0.05563 -0.00640 -0.01912  0.00931
                                                                                                  0.01369
  15.   953   D 1 - 2 ; D 1 - 2 S 3 ; S 1 - 2 ; S 2  END                                0.0613   -0.00287  0.06122
  16.  1342   D 1 S 2 ; D 1 - 2 ; S 1 D 2 ; S 1 - 2  END                                0.0613   -0.05159  0.03309
  17.    58   D 1 S 2 - 3 ; D 1 S 2 ; D 1 ; D 1 S 2  END                                0.0589   -0.05785  0.01086
  18.    30   D 1 - 2 S 3 ; D 1 S 2 - 3 ; S 1 ; D 1  END                                0.0589   -0.01953 -0.05552
  19.    12   D 1 - 3 ; D 1 S 3 ; D 1 ; S 1  END                                        0.0546   -0.05460
  20.    49   D 1 S 2 D 3 ; D 1 ; D 1 S 2 ; D 1  END                                    0.0546   -0.05459
  21.   334   D 1 S 2 - 3 ; D 1 S 2 D 3 ; D 1 ; S 1  END                                0.0543   -0.04417 -0.03158
  22.   421   D 1 S 3 ; D 1 S 2 - 3 ; D 1 S 2 ; D 1  END                                0.0543    0.04943  0.02246
  23.    36   D 1 - 2 S 3 ; S 1 - 2 ; D 1 S 2 ; D 1  END                                0.0504   -0.04993 -0.00659
  24.    29   D 1 - 2 S 3 - 4 ; D 1 S 2 ; D 1 ; S 1  END                                0.0504   -0.03068 -0.03994
  25.    59   D 1 S 2 - 3 ; S 1 D 2 ; D 1 ; D 1 S 2  END                                0.0491   -0.04300 -0.02372
  26.   243   D 1 - 2 S 4 ; D 1 S 2 - 3 ; S 1 ; D 1  END                                0.0491    0.04204  0.02538
  27.  1355   D 1 S 2 ; D 1 S 2 - 3 ; D 1 S 2 ; S 1 - 2  END                            0.0487    0.03492  0.01108  0.02649 -0.01158
                                                                                                  0.01396
  28.   328   D 1 S 2 - 3 ; D 1 - 2 S 3 ; S 1 - 2 ; S 1  END                            0.0487   -0.03492 -0.01969  0.01656 -0.02151
                                                                                                 -0.00535
  29.   259   D 1 - 2 ; S 1 - 3 ; D 1 ; D 1 S 2  END                                    0.0469   -0.01333 -0.04493
  30.    57   D 1 S 2 - 4 ; D 1 - 2 ; S 1 ; D 1  END                                    0.0469    0.04557 -0.01092
  31.   367   D 1 S 2 ; D 1 - 2 ; S 1 D 2 ; D 1  END                                    0.0464    0.04636
  32.   229   D 1 - 2 ; D 1 - 2 S 3 ; D 1 ; S 2  END                                    0.0463   -0.04634
  33.   500   S 1 D 2 S 3 ; D 1 S 2 - 4 ; D 1 ; S 1  END                                0.0463    0.00345  0.03490  0.01991  0.01547
                                                                                                  0.01664
  34.   587   S 1 - 3 ; D 1 S 2 S 4 ; D 1 S 2 ; D 1  END                                0.0463    0.03023  0.01759  0.01897 -0.01827
                                                                                                  0.01502
  35.  1009   D 1 - 2 S 4 ; S 1 D 2 S 3 ; S 1 ; S 1 - 2  END                            0.0448   -0.03446 -0.00431  0.01863  0.01973
                                                                                                  0.00823
  36.  1382   D 1 S 2 S 4 ; S 1 D 2 ; S 1 - 2 ; D 1 S 2  END                            0.0448   -0.03445  0.02170  0.00471  0.00361
                                                                                                 -0.01778
  37.   961   D 1 - 2 ; D 1 - 2 S 3 ; ; S 1 D 2  END                                    0.0440   -0.04404
  38.  1349   D 1 S 2 ; D 1 - 2 ; S 2 ; D 1 - 2  END                                    0.0440   -0.04403
  39.   960   D 1 - 2 ; D 1 - 2 S 3 ; D 2 ; S 1  END                                    0.0433   -0.04331
  40.  1335   D 1 S 2 ; D 1 - 2 ; D 1 S 2 ; D 2  END                                    0.0433   -0.04331
  41.   257   D 1 - 2 ; S 1 D 2 ; S 1 - 2 ; D 1 S 2  END                                0.0425   -0.01143 -0.04088
  42.   231   D 1 - 2 S 4 ; D 1 - 2 ; S 1 ; S 1 - 2  END                                0.0424   -0.04112  0.01053
  43.   204   D 1 - 2 S 3 - 4 ; S 1 - 3 ; D 1 ; S 1  END                                0.0400    0.00247  0.00016 -0.00446 -0.00859
                                                                                                 -0.03873
  44.   354   D 1 S 2 - 4 ; S 1 - 2 ; D 1 S 2 ; D 1  END                                0.0400   -0.00612 -0.02858  0.01564  0.02203
                                                                                                 -0.00390
  45.    34   D 1 - 2 S 3 ; S 1 D 2 S 3 ; S 1 ; D 1  END                                0.0395   -0.03784 -0.01139
  46.   369   D 1 S 2 S 4 ; D 1 S 2 ; D 1 ; D 1 S 2  END                                0.0395    0.02878  0.02708
  47.   370   D 1 S 2 ; D 1 S 2 - 3 ; D 1 S 2 ; D 1  END                                0.0376   -0.02237  0.03017
  48.    55   D 1 S 2 - 3 ; D 1 - 2 S 3 ; D 1 ; S 1  END                                0.0375   -0.01495  0.03444
  49.   246   D 1 - 2 S 4 ; D 1 ; D 1 S 2 ; D 1  END                                    0.0369    0.03688
  50.     3   D 1 - 3 ; S 1 D 2 ; D 1 ; S 1  END                                        0.0369   -0.03688
  51.  1332   D 1 S 2 ; D 1 - 3 ; D 1 S 2  END                                          0.0350   -0.03503
  52.  1602   D 1 ; D 1 - 2 S 3 ; D 1 - 2 ; S 1  END                                    0.0350   -0.03503
  53.   230   D 1 - 2 ; D 1 - 2 S 4 ; D 1 ; S 2  END                                    0.0343   -0.03429
  54.   532   S 1 D 2 ; D 1 - 2 ; S 1 D 2 ; D 1  END                                    0.0343    0.03428
  55.    61   D 1 D 3 ; D 1 - 2 S 3 ; D 1 ; S 1  END                                    0.0342   -0.03415
  56.  1369   D 1 S 2 ; D 1 D 3 ; D 1 S 2 ; D 1  END                                    0.0341   -0.03415
  57.  1896   S 1 D 2 S 4 ; D 1 - 2 S 3 ; S 1 - 2 ; S 1  END                            0.0340   -0.02605 -0.00567 -0.01189 -0.01624
                                                                                                  0.00651
  58.  1379   D 1 S 2 ; S 1 D 2 S 4 ; D 1 S 2 ; S 1 - 2  END                            0.0340   -0.02605 -0.00872 -0.01448 -0.01013
                                                                                                  0.00955
  59.   178   D 1 - 2 S 3 ; D 1 S 2 - 3 ; D 1 S 2  END                                  0.0334   -0.03164  0.01080
  60.   337   D 1 S 2 - 3 ; D 1 S 2 ; D 1 - 2 ; S 1  END                                0.0334    0.00647  0.03280
  61.  1012   D 1 - 2 ; S 1 D 2 S 3 - 4 ; S 1 - 2 ; S 1  END                            0.0330   -0.02664 -0.00576 -0.01177  0.01168
                                                                                                 -0.00857
  62.  2158   S 1 - 2 S 4 ; D 1 - 2 ; D 1 S 2 ; S 1 - 2  END                            0.0330   -0.02664 -0.00791  0.01292 -0.01053
                                                                                                 -0.00642
  63.   529   S 1 D 2 ; D 1 - 3 ; S 1 ; D 1  END                                        0.0311    0.03110
  64.   428   D 1 ; D 1 - 2 S 4 ; D 1 ; D 1 S 2  END                                    0.0311   -0.03110
  65.    39   D 1 - 2 ; D 1 - 2 S 4 ; D 1 ; S 1  END                                    0.0306   -0.03060
  66.    84   S 1 D 2 ; D 1 - 2 ; D 1 S 2 ; D 1  END                                    0.0306   -0.03059
  67.  1337   D 1 S 2 S 4 ; D 1 - 2 S 3 ; S 1 - 2 ; S 1  END                            0.0304   -0.01386 -0.01686 -0.00060 -0.01906
                                                                                                  0.00916
  68.  1378   D 1 S 2 ; S 1 D 2 S 3 ; D 1 S 2 ; S 1 - 2  END                            0.0304   -0.01386 -0.00586 -0.02541 -0.00695
                                                                                                 -0.00185
  69.  1937   S 1 D 2 ; S 1 D 2 S 3 ; D 1 S 2 ; S 1 - 2  END                            0.0287    0.00288 -0.00044 -0.02491  0.00129
                                                                                                 -0.01396
  70.  1338   D 1 S 2 S 4 ; D 1 - 2 S 4 ; S 1 - 2 ; S 1  END                            0.0287    0.00288 -0.02080  0.01305 -0.01315
                                                                                                  0.00640
  71.   347   D 1 S 2 - 3 ; S 1 D 2 S 3 - 4 ; D 1 ; S 1  END                            0.0286    0.00160 -0.02177 -0.01127 -0.01340
                                                                                                 -0.00577
  72.  2173   S 1 - 2 S 4 ; D 1 S 2 - 3 ; D 1 S 2 ; D 1  END                            0.0286    0.02067  0.00471  0.01203 -0.01311
                                                                                                  0.00709
  73.  1899   S 1 D 2 ; D 1 - 2 S 3 - 4 ; S 1 ; S 1 - 2  END                            0.0283    0.02401  0.00434  0.00874  0.00842
                                                                                                 -0.00765
  74.  2171   S 1 - 2 ; D 1 - 2 S 4 ; S 1 - 2 ; D 1 S 2  END                            0.0283    0.02401  0.00278  0.00932  0.00964
                                                                                                 -0.00608
  75.   991   D 1 - 2 ; D 1 S 3 ; D 1 ; S 1 D 2  END                                    0.0278   -0.02780
  76.    45   D 1 S 2 D 3 ; D 1 - 2 ; S 2 ; D 1  END                                    0.0278   -0.02780
  77.   576   S 1 - 4 ; D 1 - 2 S 3 ; D 1 ; S 1  END                                    0.0278    0.00226  0.00135  0.00011  0.00350
                                                                                                  0.02743
  78.  1393   D 1 S 2 ; S 1 - 4 ; D 1 S 2 ; D 1  END                                    0.0278   -0.00424 -0.02106  0.01208  0.01113
                                                                                                 -0.00631
  79.  1002   D 1 - 2 S 4 ; S 1 D 2 S 3 ; D 1 S 2  END                                  0.0270    0.02478 -0.01083
  80.  1376   D 1 S 2 S 4 ; S 1 D 2 ; D 1 - 2 ; S 1  END                                0.0270   -0.00301 -0.02687
  81.   360   D 1 S 2 S 4 ; D 1 - 2 S 3 ; D 1 ; S 1  END                                0.0258   -0.02578 -0.00108
  82.   373   D 1 S 2 ; S 1 D 2 S 3 ; D 1 S 2 ; D 1  END                                0.0258   -0.01382 -0.02178
  83.  1373   D 1 S 2 S 4 ; S 1 D 2 - 3 ; D 1 ; S 1  END                                0.0257    0.02170  0.01375
  84.  1621   D 1 S 4 ; S 1 D 2 S 3 ; D 1 S 2 ; D 1  END                                0.0257   -0.02276 -0.01192
  85.  1351   D 1 S 2 S 4 ; D 1 S 2 - 4 ; D 1 ; S 1  END                                0.0253    0.00062  0.01900  0.01213  0.00878
                                                                                                  0.00738
  86.   589   S 1 - 3 ; S 1 D 2 S 3 ; D 1 S 2 ; D 1  END                                0.0253   -0.01633 -0.00823 -0.01194  0.01065
                                                                                                 -0.00704
  87.   967   D 1 - 2 ; D 1 S 2 D 3 ; D 1 ; S 2  END                                    0.0253    0.02529
  88.   418   D 1 S 3 ; D 1 - 2 ; S 1 D 2 ; D 1  END                                    0.0253   -0.02529
  89.   228   D 1 - 2 S 4 ; D 1 - 2 ; D 1 S 2  END                                      0.0230    0.02304
  90.   253   D 1 - 2 ; S 1 D 2 ; D 1 - 2 ; S 1  END                                    0.0230   -0.02303
  91.   234   D 1 - 2 S 4 ; D 1 - 2 ; S 2 ; D 1  END                                    0.0228   -0.02284
  92.   254   D 1 - 2 ; S 1 D 2 ; D 1 ; S 1 D 2  END                                    0.0228    0.02284
  93.    40   D 1 - 2 S 4 ; D 1 - 2 ; S 1 ; D 1  END                                    0.0224   -0.02239
  94.    42   D 1 - 2 ; S 1 D 2 ; D 1 ; D 1 S 2  END                                    0.0224   -0.02236
  95.    28   D 1 - 2 S 3 ; D 1 - 2 ; S 2 ; D 1  END                                    0.0222   -0.02220
  96.   242   D 1 - 2 ; D 1 S 2 ; D 1 ; S 1 D 2  END                                    0.0222   -0.02216
  97.  2159   S 1 - 2 ; D 1 - 3 S 4 ; D 1 ; S 1  END                                    0.0221   -0.00099  0.02205
  98.  2294   S 1 ; D 1 - 2 S 3 - 4 ; D 1 S 2 ; D 1  END                                0.0221   -0.01860  0.01188
  99.  1005   D 1 - 2 ; S 1 D 2 S 3 - 4 ; D 1 ; S 2  END                                0.0219   -0.00221 -0.02178
 100.  2168   S 1 - 2 S 4 ; D 1 - 2 ; S 1 D 2 ; D 1  END                                0.0219    0.01996 -0.00898




 POSITION OF FIRST SPIN COUPLING FOR TEN MOST IMPORTANT CONFIGURATIONS
      51     86     54      1    402    134    113    704     41      2



 ELAPSED TIME =       7.83 CPU SECONDS. (      7.83 WALL CLOCK SECONDS)
