 ************************************************************************
 * RTSIM - DAVIDSON METHOD SPARSE MATRIX EIGENVALUE/EIGENVECTOR PROGRAM *
 * QUANTUM CHEMISTRY GROUP - INDIANA UNIVERSITY - 13May 2016  12:14:42  *
 ************************************************************************



                 DIAGONALIZATION RUN TITLE
                 -------------------------
 )* WATER TEST *



 ) DAVIDSON
 ) LAST=5
 ) COEFF
 ) NOVLP
 ) MAXITR=1000 END

 THE CI MATRIX IS TITLED:  H2O  -SINGLET A1-  STO-3G HF SD-CI TEST
 THE MATRIX IS DATED:     13May 2016  12:14:17 
 THE SPIN MULTIPLICITY IS 1 AND THE DIMENSION IS 335545.

 ROOTS  1 THROUGH  5 WILL BE OBTAINED.

  
  
  
 AMOUNT OF CORE AVAILABLE                      80000000
 MAXIMUM NUMBER OF VECTORS PER ITERATION              5
 MAXIMUM NUMBER OF VECTORS ON DISK                   25
 NUMBER OF SOLUTIONS SOUGHT                           5
 NUMBER OF SOLUTIONS INVESTIGATED                     5
 SIZE OF MATRIX DIAGONALISED                     335545
  
  
 INITIAL GUESS AT ROOTS (OBTAINED FROM DIAGONAL ELEMENTS OF HAMILTONIAN MATRIX)

                1        -600.56795
              232        -597.83480
              229        -597.78111
              233        -597.68867
                4        -597.68867


 ITERATION       ROOT           EIGENVALUE          NORM OF RESIDUAL
     1             1          -600.74735481              5.74422
     1             2          -598.41194514              5.93309
     1             3          -597.67842873              6.20235
     1             4          -597.59204882              6.15076
     1             5          -597.13142534              5.87636
     2             1          -602.73818393              7.40873
     2             2          -600.28951514             15.31262
     2             3          -600.01128359             32.27143
     2             4          -599.34544572           **********
     2             5          -598.41744776           **********
     2             1          -602.73818393              3.33608
     2             2          -600.28951514              4.47449
     2             3          -600.01128359              5.12779
     2             4          -599.34544572              3.53368
     2             5          -598.41744776              5.15867
     3             1          -603.25939280              4.75030
     3             2          -601.68715987             55.52674
     3             3          -601.40232295             55.65529
     3             4          -600.34948378           **********
     3             5          -599.92722090           **********
     3             1          -603.25939280              1.54615
     3             2          -601.68715987              2.68895
     3             3          -601.40232295              2.07616
     3             4          -600.34948378              3.43644
     3             5          -599.92722090              1.78048
     4             1          -603.34678113              2.19846
     4             2          -602.01147003              4.71406
     4             3          -601.57750459              3.45353
     4             4          -601.09103548              8.21321
     4             5          -600.07933386              3.32510
     4             1          -603.34678113              0.69807
     4             2          -602.01147003              1.14092
     4             3          -601.57750459              0.90430
     4             4          -601.09103548              2.41320
     4             5          -600.07933386              1.04990
     5             1          -603.36357476              1.04697
     5             2          -602.06579166              2.04704
     5             3          -601.60714890              1.40518
     5             4          -601.49011335              8.54818
     5             5          -600.13551982              2.59838
  truncating with vlp=false 
 TRUNCATION TO 1 VECTOR PER ROOT HAS BEEN PERFORMED
     5             1          -603.36357476              0.34066
     5             2          -602.06579166              0.55859
     5             3          -601.60714890              0.47222
     5             4          -601.49011335              2.08376
     5             5          -600.13551982              0.69283
     6             1          -603.36674087              0.32740
     6             2          -602.07565757              0.62451
     6             3          -601.64155601           **********
     6             4          -601.61378916           **********
     6             5          -600.15133431              0.83294
     6             1          -603.36674087              0.18264
     6             2          -602.07565757              0.28460
     6             3          -601.64155601              1.21879
     6             4          -601.61378916              0.26500
     6             5          -600.15133431              0.41335
     7             1          -603.36813879              0.42370
     7             2          -602.07965315              0.77006
     7             3          -601.76231406              5.95324
     7             4          -601.61728741              0.74300
     7             5          -600.16135645              1.51610
     7             1          -603.36813879              0.10664
     7             2          -602.07965315              0.17204
     7             3          -601.76231406              1.14857
     7             4          -601.61728741              0.17490
     7             5          -600.16135645              0.33774
     8             1          -603.36852783              0.27936
     8             2          -602.08080692              0.50892
     8             3          -601.84011940              6.55377
     8             4          -601.61854240              0.57491
     8             5          -600.16185255              0.34024
     8             1          -603.36852783              0.05798
     8             2          -602.08080692              0.09372
     8             3          -601.84011940              0.71495
     8             4          -601.61854240              0.11942
     8             5          -600.16185255              0.30689
     9             1          -603.36862269              0.14623
     9             2          -602.08113441              0.33346
     9             3          -601.85922599              3.11854
     9             4          -601.61903508              0.42577
     9             5          -600.16722237              1.89309
  truncating with vlp=false 
 TRUNCATION TO 1 VECTOR PER ROOT HAS BEEN PERFORMED
     9             1          -603.36862269              0.02593
     9             2          -602.08113441              0.04936
     9             3          -601.85922599              0.37882
     9             4          -601.61903508              0.06868
     9             5          -600.16722237              0.28977
    10             1          -603.36863830              0.02604
    10             2          -602.08121594              0.07539
    10             3          -601.86350144              0.49035
    10             4          -601.61917442              0.09327
    10             5          -600.16943353              0.37615
    10             1          -603.36863830              0.01381
    10             2          -602.08121594              0.03406
    10             3          -601.86350144              0.27800
    10             4          -601.61917442              0.04961
    10             5          -600.16943353              0.16515
    11             1          -603.36864608              0.05288
    11             2          -602.08127910              0.21199
    11             3          -601.86879830              1.97114
    11             4          -601.61929190              0.27557
    11             5          -600.16980516              0.50909
    11             1          -603.36864608              0.00897
    11             2          -602.08127910              0.02768
    11             3          -601.86879830              0.26521
    11             4          -601.61929190              0.03796
    11             5          -600.16980516              0.17680
    12             1          -603.36864893              0.04345
    12             2          -602.08130634              0.16469
    12             3          -601.87166851              1.77795
    12             4          -601.61935192              0.25267
    12             5          -600.17156792              2.60236
    12             1          -603.36864893              0.00485
    12             2          -602.08130634              0.01518
    12             3          -601.87166851              0.18974
    12             4          -601.61935192              0.02238
    12             5          -600.17156792              0.16160
    13             1          -603.36864968              0.02082
    13             2          -602.08131421              0.07969
    13             3          -601.87304680              1.23058
    13             4          -601.61937214              0.14000
    13             5          -600.17411850              3.79715
  truncating with vlp=false 
 TRUNCATION TO 1 VECTOR PER ROOT HAS BEEN PERFORMED
    13             1          -603.36864968              0.00274
    13             2          -602.08131421              0.00990
    13             3          -601.87304680              0.13385
    13             4          -601.61937214              0.01611
    13             5          -600.17411850              0.22166
    14             1          -603.36864986              0.00266
    14             2          -602.08131679              0.01079
    14             3          -601.87355753              0.15836
    14             4          -601.61938007              0.02084
    14             5          -600.17559469              0.37209
    14             1          -603.36864986              0.00145
    14             2          -602.08131679              0.00616
    14             3          -601.87355753              0.10022
    14             4          -601.61938007              0.01001
    14             5          -600.17559469              0.14387
    15             1          -603.36864994              0.00478
    15             2          -602.08131832              0.02420
    15             3          -601.87401746              0.49397
    15             4          -601.61938496              0.04598
    15             5          -600.17610814              0.47396
    15             1          -603.36864994              0.00092
    15             2          -602.08131832              0.00389
    15             3          -601.87401746              0.07970
    15             4          -601.61938496              0.00678
    15             5          -600.17610814              0.13161
    16             1          -603.36864997              0.00359
    16             2          -602.08131888              0.02065
    16             3          -601.87429928              0.56178
    16             4          -601.61938677              0.03542
    16             5          -600.17642172              0.62288
    16             1          -603.36864997              0.00049
    16             2          -602.08131888              0.00206
    16             3          -601.87429928              0.05351
    16             4          -601.61938677              0.00413
    16             5          -600.17642172              0.12817
    17             1          -603.36864997              0.00199
    17             2          -602.08131903              0.01110
    17             3          -601.87440489              0.34439
    17             4          -601.61938736              0.02207
    17             5          -600.17673835              0.87942
  truncating with vlp=false 
 TRUNCATION TO 1 VECTOR PER ROOT HAS BEEN PERFORMED
    17             1          -603.36864997              0.00029
    17             2          -602.08131903              0.00145
    17             3          -601.87440489              0.04309
    17             4          -601.61938736              0.00343
    17             5          -600.17673835              0.14731
    18             1          -603.36864998              0.00029
    18             2          -602.08131909              0.00196
    18             3          -601.87446116              0.06233
    18             4          -601.61938767              0.00457
    18             5          -600.17698630              0.11385
    18             1          -603.36864998              0.00016
    18             2          -602.08131909              0.00093
    18             3          -601.87446116              0.03377
    18             4          -601.61938767              0.00237
    18             5          -600.17698630              0.11637
    19             1          -603.36864998              0.00055
    19             2          -602.08131914              0.00576
    19             3          -601.87452840              0.23381
    19             4          -601.61938795              0.01411
    19             5          -600.17818499              1.61726
    19             1          -603.36864998              0.00010
    19             2          -602.08131914              0.00067
    19             3          -601.87452840              0.03111
    19             4          -601.61938795              0.00180
    19             5          -600.17818499              0.14839
     ROOT    ITERATION     NUMBER OF PRODUCTS       EIGENVALUE
       1        19                90                -603.3686499762


    20             2          -602.08131915              0.00416
    20             3          -601.87456584              0.20256
    20             4          -601.61938810              0.01300
    20             5          -600.18017479              3.64222
    20             2          -602.08131915              0.00042
    20             3          -601.87456584              0.02299
    20             4          -601.61938810              0.00115
    20             5          -600.18017479              0.20374
    21             2          -602.08131916              0.00211
    21             3          -601.87458524              0.14975
    21             4          -601.61938815              0.00767
    21             5          -600.18307379              6.33835
  truncating with vlp=false 
 TRUNCATION TO 1 VECTOR PER ROOT HAS BEEN PERFORMED
    21             2          -602.08131916              0.00028
    21             3          -601.87458524              0.01940
    21             4          -601.61938815              0.00089
    21             5          -600.18307379              0.25149
    22             2          -602.08131916              0.00028
    22             3          -601.87459594              0.02038
    22             4          -601.61938817              0.00098
    22             5          -600.18475171              0.29064
    22             2          -602.08131916              0.00018
    22             3          -601.87459594              0.01405
    22             4          -601.61938817              0.00055
    22             5          -600.18475171              0.16061
    23             2          -602.08131916              0.00068
    23             3          -601.87460503              0.06626
    23             4          -601.61938819              0.00248
    23             5          -600.18532104              0.50980
    23             2          -602.08131916              0.00011
    23             3          -601.87460503              0.01194
    23             4          -601.61938819              0.00037
    23             5          -600.18532104              0.15067
    24             2          -602.08131916              0.00068
    24             3          -601.87461089              0.07535
    24             4          -601.61938819              0.00221
    24             5          -600.18580995              1.09587
    24             2          -602.08131916              0.00007
    24             3          -601.87461089              0.00800
    24             4          -601.61938819              0.00025
    24             5          -600.18580995              0.13669
     ROOT    ITERATION     NUMBER OF PRODUCTS       EIGENVALUE
       2        24               110                -602.0813191639


    25             3          -601.87461336              0.05284
    25             4          -601.61938819              0.00151
    25             5          -600.18652794              2.15780
    25             3          -601.87461336              0.00738
    25             4          -601.61938819              0.00021
    25             5          -600.18652794              0.19245
    26             3          -601.87461746              0.11846
    26             4          -601.61938820              0.00253
    26             5          -600.46524425           1515.87988
  truncating with vlp=false 
 TRUNCATION TO 1 VECTOR PER ROOT HAS BEEN PERFORMED
    26             3          -601.87461746              0.00538
    26             4          -601.61938820              0.00011
    26             5          -600.46524425              2.33052
    27             3          -601.87461867              0.01498
    27             4          -601.61938820              0.00010
    27             5          -600.66451154              4.09066
    27             3          -601.87461867              0.00337
    27             4          -601.61938820              0.00005
    27             5          -600.66451154              1.27572
     ROOT    ITERATION     NUMBER OF PRODUCTS       EIGENVALUE
       4        27               119                -601.6193881970


    28             3          -601.87461907              0.01045
    28             5          -600.71612306              3.46748
    28             3          -601.87461907              0.00256
    28             5          -600.71612306              1.05742
    29             3          -601.87461936              0.01535
    29             5          -600.77421195              6.73553
    29             3          -601.87461936              0.00154
    29             5          -600.77421195              0.73778
    30             3          -601.87461943              0.00586
    30             5          -600.79281061              3.34858
    30             3          -601.87461943              0.00102
    30             5          -600.79281061              0.54396
    31             3          -601.87461946              0.00457
    31             5          -600.80434485              3.31785
    31             3          -601.87461946              0.00073
    31             5          -600.80434485              0.44580
    32             3          -601.87461949              0.00749
    32             5          -600.82048811              7.18750
    32             3          -601.87461949              0.00060
    32             5          -600.82048811              0.51545
    33             3          -601.87461951              0.00513
    33             5          -600.83770861              9.39502
    33             3          -601.87461951              0.00059
    33             5          -600.83770861              0.70449
    34             3          -601.87461952              0.00521
    34             5          -600.86783140             17.08418
    34             3          -601.87461952              0.00037
    34             5          -600.86783140              0.66136
    35             3          -601.87461953              0.00184
    35             5          -600.88355538              9.53052
  truncating with vlp=false 
 TRUNCATION TO 1 VECTOR PER ROOT HAS BEEN PERFORMED
    35             3          -601.87461953              0.00021
    35             5          -600.88355538              0.48565
    36             3          -601.87461953              0.00024
    36             5          -600.88942345              0.58410
    36             3          -601.87461953              0.00014
    36             5          -600.88942345              0.33346
    37             3          -601.87461953              0.00076
    37             5          -600.89491618              2.05225
    37             3          -601.87461953              0.00010
    37             5          -600.89491618              0.27799
    38             3          -601.87461953              0.00057
    38             5          -600.89774896              1.81002
    38             3          -601.87461953              0.00007
    38             5          -600.89774896              0.22952
     ROOT    ITERATION     NUMBER OF PRODUCTS       EIGENVALUE
       3        38               141                -601.8746195277


    39             5          -600.89979598              1.95302
    39             5          -600.89979598              0.18248
    40             5          -600.90129423              1.68897
    40             5          -600.90129423              0.15427
    41             5          -600.90247458              1.71017
    41             5          -600.90247458              0.13932
    42             5          -600.90338133              1.60196
    42             5          -600.90338133              0.12925
    43             5          -600.90436438              2.10108
    43             5          -600.90436438              0.11548
    44             5          -600.90508658              1.86339
    44             5          -600.90508658              0.11310
    45             5          -600.90587545              2.15564
    45             5          -600.90587545              0.11374
    46             5          -600.90636783              1.43449
    46             5          -600.90636783              0.07794
    47             5          -600.90664640              0.96887
    47             5          -600.90664640              0.06377
    48             5          -600.90682486              0.72386
    48             5          -600.90682486              0.05326
    49             5          -600.90696519              0.65107
    49             5          -600.90696519              0.04431
    50             5          -600.90705303              0.51033
    50             5          -600.90705303              0.03515
    51             5          -600.90710491              0.38324
    51             5          -600.90710491              0.02482
    52             5          -600.90712693              0.20830
  truncating with vlp=false 
 TRUNCATION TO 1 VECTOR PER ROOT HAS BEEN PERFORMED
    52             5          -600.90712693              0.01708
    53             5          -600.90713468              0.01511
    53             5          -600.90713468              0.01127
    54             5          -600.90714065              0.04673
    54             5          -600.90714065              0.00898
    55             5          -600.90714264              0.03062
    55             5          -600.90714264              0.00828
    56             5          -600.90714563              0.05100
    56             5          -600.90714563              0.00668
    57             5          -600.90714732              0.04173
    57             5          -600.90714732              0.00449
    58             5          -600.90714815              0.03041
    58             5          -600.90714815              0.00342
    59             5          -600.90714861              0.02300
    59             5          -600.90714861              0.00262
    60             5          -600.90714887              0.01903
    60             5          -600.90714887              0.00206
    61             5          -600.90714903              0.01504
    61             5          -600.90714903              0.00157
    62             5          -600.90714912              0.01209
    62             5          -600.90714912              0.00130
    63             5          -600.90714919              0.01267
    63             5          -600.90714919              0.00107
    64             5          -600.90714924              0.00975
    64             5          -600.90714924              0.00076
    65             5          -600.90714927              0.00802
    65             5          -600.90714927              0.00060
    66             5          -600.90714928              0.00622
    66             5          -600.90714928              0.00056
    67             5          -600.90714930              0.00678
    67             5          -600.90714930              0.00053
    68             5          -600.90714931              0.00767
    68             5          -600.90714931              0.00051
    69             5          -600.90714933              0.00745
    69             5          -600.90714933              0.00044
    70             5          -600.90714934              0.00657
    70             5          -600.90714934              0.00050
    71             5          -600.90714935              0.00800
    71             5          -600.90714935              0.00036
    72             5          -600.90714935              0.00391
  truncating with vlp=false 
 TRUNCATION TO 1 VECTOR PER ROOT HAS BEEN PERFORMED
    72             5          -600.90714935              0.00028
    73             5          -600.90714935              0.00025
    73             5          -600.90714935              0.00018
    74             5          -600.90714935              0.00087
    74             5          -600.90714935              0.00014
    75             5          -600.90714936              0.00065
    75             5          -600.90714936              0.00010
     ROOT    ITERATION     NUMBER OF PRODUCTS       EIGENVALUE
       5        75               178                -600.9071493551


  all roots converged 
  

 ************************************
 COMPLETED CI VECTOR OPTIMISATION
 ************************************





 ********************************
 RESULTS FOR ROOT   01
 TOTAL CI ENERGY =   -603.3686500
 ********************************

       CONF.                                                                           COEFF.
        NO.        SPACE ORBITAL PRODUCTS                                             CONTRIB.      CI COEFFICIENTS

       -----       ----------------------                                             --------   ---------------------
   1.     1   D 1 - 3 S 4 ; D 1 - 2 S 3 ; D 1 - 2 ; D 1  END                            0.8483   -0.84827
   2.   226   D 1 - 2 S 3 ; D 1 - 3 S 4 ; D 1 - 2 ; D 1  END                            0.2465   -0.24645
   3.   162   D 1 - 3 ; D 1 - 3 ; S 1 D 2 ; D 1 S 3  END                                0.1301    0.13005
   4.   165   D 1 - 3 S 5 ; D 1 S 2 D 3 ; D 1 - 2 ; D 1  END                            0.1272    0.12715
   5.   159   D 1 - 3 ; D 1 - 3 ; D 1 S 2 ; D 1 S 2  END                                0.1134    0.11341
   6.     4   D 1 - 3 S 4 ; D 1 S 2 D 3 ; D 1 - 2 ; D 1  END                            0.0778    0.07781
   7.   163   D 1 - 3 S 5 ; D 1 - 2 S 3 ; D 1 - 2 ; D 1  END                            0.0778   -0.07781
   8.   158   D 1 - 3 ; D 1 - 3 ; D 1 - 2 S 3 ; S 1  END                                0.0768   -0.07682
   9.  2423   D 1 - 2 S 3 - 4 ; D 1 - 2 S 3 - 4 ; D 1 - 2 S 3 ; S 1  END                0.0643    0.00947 -0.03916  0.03034 -0.03295
                                                                                                  0.02259
  10.  1333   D 1 - 3 S 4 ; D 1 - 2 S 3 ; S 1 - 2 ; D 1 S 2 - 3  END                    0.0522   -0.00829 -0.00964 -0.01147 -0.00121
                                                                                                 -0.04929
  11.   301   D 1 S 2 D 3 ; D 1 - 3 S 5 ; D 1 - 2 ; D 1  END                            0.0511   -0.05110
  12.   139   D 1 - 3 S 4 ; D 1 S 2 - 4 ; D 1 - 2 ; D 1  END                            0.0466   -0.00518  0.04635
  13.   220   D 1 - 2 S 3 - 5 ; D 1 - 2 S 3 ; D 1 - 2 ; D 1  END                        0.0466   -0.00518  0.04635
  14.   161   D 1 - 3 ; D 1 - 3 ; S 1 D 2 ; D 1 S 2  END                                0.0445   -0.04447
  15.   160   D 1 - 3 ; D 1 - 3 ; D 1 S 2 ; D 1 S 3  END                                0.0445   -0.04447
  16.  2428   D 1 - 2 S 3 - 4 ; D 1 - 2 S 3 - 4 ; D 1 S 2 ; D 1 S 2  END                0.0435    0.01276 -0.02326  0.02384  0.01850
                                                                                                 -0.01676
  17.  1320   D 1 - 3 S 4 ; D 1 - 2 S 3 ; S 1 D 2 S 3 ; S 1 - 2  END                    0.0425    0.00231 -0.00131 -0.03852  0.00233
                                                                                                 -0.01771
  18.  1300   D 1 - 3 S 4 ; D 1 - 2 S 3 ; D 1 S 2 - 3 ; S 1 S 3  END                    0.0425    0.00206 -0.00113 -0.03852  0.00264
                                                                                                 -0.01771
  19.  2473   D 1 - 2 S 3 - 5 ; D 1 S 2 - 4 ; D 1 - 2 ; D 1  END                        0.0424   -0.02134 -0.00746 -0.02490 -0.02490
                                                                                                 -0.00687
  20.  1299   D 1 - 3 S 4 ; D 1 - 2 S 3 ; D 1 S 2 - 3 ; S 1 - 2  END                    0.0417   -0.00475  0.00399 -0.03111 -0.00619
                                                                                                 -0.02628
  21.  2797   D 1 - 2 S 4 ; D 1 - 2 S 3 D 4 ; D 1 - 2 ; D 1  END                        0.0386    0.03861
  22.  1289   D 1 - 3 S 4 ; D 1 - 2 S 3 ; D 1 - 3  END                                  0.0383    0.03830
  23.   168   D 1 - 3 S 6 ; S 1 D 2 - 3 ; D 1 - 2 ; D 1  END                            0.0373    0.03731
  24.   396   S 1 D 2 - 3 ; D 1 - 3 S 6 ; D 1 - 2 ; D 1  END                            0.0366   -0.03664
  25.   300   D 1 S 2 D 3 ; D 1 - 3 S 4 ; D 1 - 2 ; D 1  END                            0.0364    0.03636
  26.   227   D 1 - 2 S 3 ; D 1 - 3 S 5 ; D 1 - 2 ; D 1  END                            0.0364    0.03636
  27.  1363   D 1 - 3 S 4 - 5 ; D 1 - 2 ; S 1 D 2 ; D 1 S 2  END                        0.0347   -0.02238  0.02654
  28.    61   D 1 - 4 ; D 1 S 2 - 3 ; D 1 S 2 ; D 1 S 3  END                            0.0347   -0.02238  0.02654
  29.  2437   D 1 - 2 S 3 - 4 ; D 1 - 2 S 3 - 4 ; S 1 D 2 ; D 1 S 3  END                0.0340    0.01106 -0.01811  0.01949  0.01133
                                                                                                 -0.01408
  30.   294   D 1 S 2 D 3 S 4 - 5 ; D 1 - 2 S 3 ; D 1 - 2 ; D 1  END                    0.0337   -0.00077 -0.03365
  31.   140   D 1 - 3 S 4 ; D 1 S 2 - 3 S 5 ; D 1 - 2 ; D 1  END                        0.0337   -0.00077 -0.03365
  32.  1321   D 1 - 3 S 4 ; D 1 - 2 S 3 ; S 1 D 2 S 3 ; S 1 S 3  END                    0.0328   -0.00606  0.00295 -0.02242 -0.00665
                                                                                                 -0.02197
  33.  1454   D 1 - 3 S 4 - 5 ; D 1 S 2 - 3 ; S 1 D 2 ; D 1 S 3  END                    0.0327   -0.01951 -0.01075 -0.00973 -0.02060
                                                                                                  0.00744
  34.   291   D 1 S 2 D 3 S 4 ; D 1 - 3 ; D 1 S 2 ; D 1 S 3  END                        0.0322    0.01366  0.02915
  35.  1784   D 1 - 3 ; D 1 - 2 S 3 S 5 ; S 1 D 2 ; D 1 S 2  END                        0.0322   -0.01366 -0.02915
  36.   187   D 1 - 2 S 3 D 4 ; D 1 - 2 S 3 ; D 1 S 2 - 3 ; D 1  END                    0.0316    0.02530 -0.01902
  37.  1350   D 1 - 3 S 4 ; D 1 - 2 S 4 ; D 1 - 2 ; S 1 - 2  END                        0.0316    0.02530 -0.01902
  38.   292   D 1 S 2 D 3 S 4 ; D 1 - 3 ; S 1 D 2 ; D 1 S 2  END                        0.0315    0.01482  0.02784
  39.  1777   D 1 - 3 ; D 1 - 2 S 3 S 5 ; D 1 S 2 ; D 1 S 3  END                        0.0315   -0.01482 -0.02784
  40.     6   D 1 - 2 S 3 D 4 ; D 1 - 2 S 3 ; D 1 - 2 ; D 1  END                        0.0303    0.03027
  41.   132   D 1 - 3 S 4 ; D 1 - 2 S 4 ; D 1 - 2 ; D 1  END                            0.0303    0.03027
  42.  1357   D 1 - 3 S 4 - 5 ; D 1 - 2 ; D 1 S 2 ; D 1 S 3  END                        0.0302   -0.01858  0.02375
  43.    62   D 1 - 4 ; D 1 S 2 - 3 ; S 1 D 2 ; D 1 S 2  END                            0.0302   -0.01858  0.02375
  44.  1446   D 1 - 3 S 4 - 5 ; D 1 S 2 - 3 ; D 1 S 2 ; D 1 S 2  END                    0.0301   -0.01743 -0.01191 -0.00736 -0.01910
                                                                                                  0.00625
  45.  1450   D 1 - 3 S 4 ; D 1 S 2 - 4 ; D 1 S 2 - 3 ; D 1  END                        0.0299   -0.00070 -0.01821 -0.01345  0.01687
                                                                                                  0.00992
  46.  2419   D 1 - 2 S 3 - 5 ; D 1 - 2 S 3 ; D 1 - 2 ; S 1 - 2  END                    0.0299   -0.01981 -0.00471  0.00994  0.01687
                                                                                                  0.00992
  47.  1438   D 1 - 3 S 4 - 5 ; D 1 S 2 - 3 ; D 1 - 2 S 3 ; S 1  END                    0.0294   -0.01915 -0.01261 -0.00835  0.01630
                                                                                                 -0.00085
  48.  1441   D 1 - 3 S 4 ; D 1 S 2 - 4 ; D 1 - 2 ; S 1 S 3  END                        0.0290    0.00084  0.01847  0.01243 -0.01621
                                                                                                 -0.00913
  49.  2434   D 1 - 2 S 3 - 5 ; D 1 - 2 S 3 ; S 1 D 2 S 3 ; D 1  END                    0.0290    0.01914  0.00553 -0.00998 -0.01621
                                                                                                 -0.00913
  50.  1313   D 1 - 3 S 4 ; D 1 - 2 S 3 ; D 1 ; D 1 D 3  END                            0.0287    0.02866
  51.  1345   D 1 - 3 S 4 ; D 1 - 2 S 3 ; D 2 ; D 1 - 2  END                            0.0287    0.02866
  52.   185   D 1 - 2 S 3 D 4 ; D 1 - 2 S 3 ; D 1 - 2 ; S 1 - 2  END                    0.0285   -0.02270  0.01727
  53.  1360   D 1 - 3 S 4 ; D 1 - 2 S 4 ; D 1 S 2 - 3 ; D 1  END                        0.0285   -0.02270  0.01727
  54.  1331   D 1 - 3 S 4 ; D 1 - 2 S 3 ; S 1 - 2 D 3 ; D 1  END                        0.0283    0.00041  0.02827
  55.  1291   D 1 - 3 S 4 ; D 1 - 2 S 3 ; D 1 - 2 ; S 2 - 3  END                        0.0283   -0.00041 -0.02827
  56.  1440   D 1 - 3 S 4 ; D 1 S 2 - 4 ; D 1 - 2 ; S 1 - 2  END                        0.0279    0.00011  0.01631  0.01306 -0.01557
                                                                                                 -0.01003
  57.  2426   D 1 - 2 S 3 - 5 ; D 1 - 2 S 3 ; D 1 S 2 - 3 ; D 1  END                    0.0279    0.01839  0.00338 -0.00932 -0.01557
                                                                                                 -0.01003
  58.  2436   D 1 - 2 S 3 - 4 ; D 1 - 2 S 3 - 4 ; S 1 D 2 ; D 1 S 2  END                0.0273   -0.00250 -0.01762  0.00842  0.01764
                                                                                                 -0.00697
  59.  2429   D 1 - 2 S 3 - 4 ; D 1 - 2 S 3 - 4 ; D 1 S 2 ; D 1 S 3  END                0.0273   -0.00226 -0.01778  0.00813  0.01764
                                                                                                 -0.00697
  60.    41   D 1 - 4 ; D 1 - 2 ; D 1 S 2 ; D 1 S 2  END                                0.0273    0.02726
  61.  2442   D 1 - 2 S 3 - 5 ; D 1 - 2 S 4 ; D 1 - 2 ; D 1  END                        0.0265    0.00354 -0.02627
  62.   196   D 1 - 2 S 3 D 4 ; D 1 S 2 - 4 ; D 1 - 2 ; D 1  END                        0.0265    0.00354 -0.02627
  63.  2515   D 1 - 2 S 3 - 4 S 6 ; S 1 D 2 S 3 - 4 ; D 1 - 2 ; D 1  END                0.0264   -0.00917 -0.00923 -0.01620 -0.01620
                                                                                                 -0.00027
  64.  1457   D 1 - 3 S 4 ; D 1 S 2 - 4 ; S 1 D 2 S 3 ; D 1  END                        0.0261   -0.00028 -0.01588 -0.01171  0.01451
                                                                                                  0.00905
  65.  2420   D 1 - 2 S 3 - 5 ; D 1 - 2 S 3 ; D 1 - 2 ; S 1 S 3  END                    0.0261   -0.01714 -0.00396  0.00894  0.01451
                                                                                                  0.00905
  66.  1787   D 1 - 3 ; D 1 - 2 S 3 S 6 ; S 1 D 2 ; D 1 S 3  END                        0.0258    0.01735  0.01912
  67.   387   S 1 D 2 - 3 S 4 ; D 1 - 3 ; S 1 D 2 ; D 1 S 3  END                        0.0258   -0.01735 -0.01912
  68.  1577   D 1 - 3 S 4 S 6 ; S 1 D 2 S 3 ; D 1 - 2 S 3 ; S 1  END                    0.0249   -0.02024 -0.00850 -0.01162 -0.00141
                                                                                                  0.00174
  69.    59   D 1 - 4 ; D 1 S 2 - 3 ; D 1 - 2 S 3 ; S 1  END                            0.0243   -0.01645 -0.01794
  70.  1348   D 1 - 3 S 4 - 5 ; D 1 - 2 ; D 1 - 2 S 3 ; S 1  END                        0.0243   -0.01645 -0.01794
  71.   186   D 1 - 2 S 3 D 4 ; D 1 - 2 S 3 ; D 1 - 2 ; S 1 S 3  END                    0.0243   -0.01923  0.01492
  72.  1367   D 1 - 3 S 4 ; D 1 - 2 S 4 ; S 1 D 2 S 3 ; D 1  END                        0.0243   -0.01923  0.01492
  73.   167   D 1 - 3 S 5 ; S 1 D 2 - 3 ; D 1 - 2 ; D 1  END                            0.0241   -0.02406
  74.   166   D 1 - 3 S 6 ; D 1 S 2 D 3 ; D 1 - 2 ; D 1  END                            0.0241   -0.02406
  75.  1347   D 1 - 3 S 4 ; D 1 - 2 S 3 ; D 2 ; D 1 D 3  END                            0.0239    0.02391
  76.    44   D 1 - 4 ; D 1 - 2 ; S 1 D 2 ; D 1 S 3  END                                0.0234    0.02340
  77.  1770   D 1 - 3 ; D 1 - 2 S 3 S 5 ; D 1 - 2 S 3 ; S 1  END                        0.0232   -0.00911  0.02136
  78.   289   D 1 S 2 D 3 S 4 ; D 1 - 3 ; D 1 - 2 S 3 ; S 1  END                        0.0232    0.00911 -0.02136
  79.  1778   D 1 - 3 ; D 1 - 2 S 3 S 6 ; D 1 S 2 ; D 1 S 2  END                        0.0229    0.01462  0.01766
  80.   384   S 1 D 2 - 3 S 4 ; D 1 - 3 ; D 1 S 2 ; D 1 S 2  END                        0.0229   -0.01462 -0.01766
  81.  1310   D 1 - 3 S 4 ; D 1 - 2 S 3 ; D 1 D 3 ; D 1  END                            0.0226    0.02258
  82.  1290   D 1 - 3 S 4 ; D 1 - 2 S 3 ; D 1 - 2 ; D 2  END                            0.0226    0.02258
  83.  3389   D 1 S 2 D 3 S 4 ; D 1 - 2 S 3 S 5 ; D 1 S 2 ; D 1 S 2  END                0.0225    0.00299 -0.01798  0.01282 -0.00282
                                                                                                  0.00120
  84.  3757   D 1 S 2 - 4 ; D 1 - 2 S 3 - 5 ; D 1 - 2 ; D 1  END                        0.0222   -0.00408  0.01162  0.00249  0.00249
                                                                                                 -0.01807
  85.  2562   D 1 - 2 S 3 ; D 1 - 2 S 3 - 5 ; D 1 - 2 ; D 1  END                        0.0217    0.01290  0.01750
  86.   314   D 1 S 2 - 4 ; D 1 - 3 S 4 ; D 1 - 2 ; D 1  END                            0.0217   -0.01290 -0.01750
  87.   188   D 1 - 2 S 3 D 4 ; D 1 - 2 S 3 ; S 1 D 2 S 3 ; D 1  END                    0.0216    0.01703 -0.01333
  88.  1351   D 1 - 3 S 4 ; D 1 - 2 S 4 ; D 1 - 2 ; S 1 S 3  END                        0.0216    0.01703 -0.01333
  89.  3398   D 1 S 2 D 3 S 4 ; D 1 - 2 S 3 S 5 ; S 1 D 2 ; D 1 S 3  END                0.0213    0.00255 -0.01696  0.01187 -0.00417
                                                                                                  0.00161
  90.  3383   D 1 S 2 D 3 S 4 ; D 1 - 2 S 3 S 5 ; D 1 - 2 S 3 ; S 1  END                0.0213    0.00176 -0.01739  0.01148  0.00390
                                                                                                 -0.00058
  91.   189   D 1 - 2 S 3 D 4 ; D 1 - 2 S 4 ; D 1 - 2 ; D 1  END                        0.0212    0.02124
  92.  1783   D 1 - 3 ; D 1 - 2 S 3 - 4 ; S 1 D 2 ; D 1 S 3  END                        0.0205    0.00702 -0.01925
  93.   219   D 1 - 2 S 3 - 4 ; D 1 - 3 ; S 1 D 2 ; D 1 S 3  END                        0.0205   -0.00702  0.01925
  94.  1311   D 1 - 3 S 4 ; D 1 - 2 S 3 ; D 1 ; D 1 - 2  END                            0.0205    0.02046
  95.  2794   D 1 - 2 S 4 D 5 ; D 1 - 2 S 3 ; D 1 - 2 ; D 1  END                        0.0199    0.01989
  96.  1498   D 1 - 3 S 4 ; D 1 S 3 D 4 ; D 1 - 2 ; D 1  END                            0.0199    0.01989
  97.  1789   D 1 - 3 S 5 ; D 1 - 2 S 5 ; D 1 - 2 ; D 1  END                            0.0194   -0.01941
  98.    10   D 1 S 2 D 3 - 4 ; D 1 S 2 D 3 ; D 1 - 2 ; D 1  END                        0.0194    0.01941
  99.  4739   S 1 D 2 - 3 S 4 ; D 1 - 2 S 3 S 5 ; D 1 S 2 ; D 1 S 3  END                0.0193   -0.00047  0.01576 -0.01003  0.00054
                                                                                                 -0.00471
 100.  3399   D 1 S 2 D 3 S 4 ; D 1 - 2 S 3 S 6 ; S 1 D 2 ; D 1 S 2  END                0.0193   -0.00091  0.01608 -0.00948  0.00054
                                                                                                 -0.00471




 POSITION OF FIRST SPIN COUPLING FOR TEN MOST IMPORTANT CONFIGURATIONS
       1    335    232    235    229      4    233    228   5348   2622



 ********************************
 RESULTS FOR ROOT   02
 TOTAL CI ENERGY =   -602.0813192
 ********************************

       CONF.                                                                           COEFF.
        NO.        SPACE ORBITAL PRODUCTS                                             CONTRIB.      CI COEFFICIENTS

       -----       ----------------------                                             --------   ---------------------
   1.   158   D 1 - 3 ; D 1 - 3 ; D 1 - 2 S 3 ; S 1  END                                0.4102    0.41017
   2.   160   D 1 - 3 ; D 1 - 3 ; D 1 S 2 ; D 1 S 3  END                                0.3902   -0.39022
   3.   161   D 1 - 3 ; D 1 - 3 ; S 1 D 2 ; D 1 S 2  END                                0.3902   -0.39022
   4.     4   D 1 - 3 S 4 ; D 1 S 2 D 3 ; D 1 - 2 ; D 1  END                            0.3485    0.34851
   5.   163   D 1 - 3 S 5 ; D 1 - 2 S 3 ; D 1 - 2 ; D 1  END                            0.3485   -0.34851
   6.   226   D 1 - 2 S 3 ; D 1 - 3 S 4 ; D 1 - 2 ; D 1  END                            0.3474    0.34741
   7.   159   D 1 - 3 ; D 1 - 3 ; D 1 S 2 ; D 1 S 2  END                                0.0647   -0.06466
   8.   300   D 1 S 2 D 3 ; D 1 - 3 S 4 ; D 1 - 2 ; D 1  END                            0.0540    0.05395
   9.   227   D 1 - 2 S 3 ; D 1 - 3 S 5 ; D 1 - 2 ; D 1  END                            0.0540    0.05395
  10.   395   S 1 D 2 - 3 ; D 1 - 3 S 5 ; D 1 - 2 ; D 1  END                            0.0496   -0.04958
  11.   302   D 1 S 2 D 3 ; D 1 - 3 S 6 ; D 1 - 2 ; D 1  END                            0.0496   -0.04958
  12. 10768   D 1 - 3 ; D 1 - 3 ; S 1 - 3 ; S 1 - 3  END                                0.0490    0.02965  0.00560 -0.00191 -0.00191
                                                                                                  0.03845
  13.  2473   D 1 - 2 S 3 - 5 ; D 1 S 2 - 4 ; D 1 - 2 ; D 1  END                        0.0480   -0.03231 -0.02519  0.01767  0.01767
                                                                                                 -0.00109
  14.   168   D 1 - 3 S 6 ; S 1 D 2 - 3 ; D 1 - 2 ; D 1  END                            0.0467   -0.04674
  15.     5   D 1 - 3 S 4 ; S 1 D 2 - 3 ; D 1 - 2 ; D 1  END                            0.0430   -0.04301
  16.   164   D 1 - 3 S 6 ; D 1 - 2 S 3 ; D 1 - 2 ; D 1  END                            0.0430    0.04301
  17.   167   D 1 - 3 S 5 ; S 1 D 2 - 3 ; D 1 - 2 ; D 1  END                            0.0385   -0.03851
  18.   166   D 1 - 3 S 6 ; D 1 S 2 D 3 ; D 1 - 2 ; D 1  END                            0.0385   -0.03851
  19.     1   D 1 - 3 S 4 ; D 1 - 2 S 3 ; D 1 - 2 ; D 1  END                            0.0347   -0.03466
  20.   165   D 1 - 3 S 5 ; D 1 S 2 D 3 ; D 1 - 2 ; D 1  END                            0.0340   -0.03395
  21.  1299   D 1 - 3 S 4 ; D 1 - 2 S 3 ; D 1 S 2 - 3 ; S 1 - 2  END                    0.0334    0.00308 -0.02387 -0.01517  0.01630
                                                                                                  0.00644
  22. 10848   D 1 - 3 ; D 1 - 3 ; S 2 ; D 1 - 2 S 3  END                                0.0314    0.03139
  23. 10797   D 1 - 3 ; D 1 - 3 ; S 1 ; D 1 S 2 D 3  END                                0.0314    0.03139
  24. 10980   D 1 - 3 S 5 ; D 1 - 2 S 3 ; S 1 - 2 ; D 1 S 2 - 3  END                    0.0314    0.01116  0.01821  0.02159  0.00014
                                                                                                 -0.00790
  25.  1423   D 1 - 3 S 4 ; D 1 S 2 D 3 ; S 1 - 2 ; D 1 S 2 - 3  END                    0.0314   -0.01242 -0.01732 -0.02159  0.00140
                                                                                                  0.00790
  26. 14769   D 1 - 2 S 3 ; D 1 - 3 S 4 ; D 1 S 2 - 3 ; S 1 S 3  END                    0.0309   -0.01707  0.00120 -0.00923 -0.01468
                                                                                                  0.01898
  27. 14828   D 1 - 2 S 3 ; D 1 - 3 S 4 ; S 1 D 2 S 3 ; S 1 - 2  END                    0.0309   -0.01711  0.00123 -0.00923 -0.01463
                                                                                                  0.01898
  28.    71   D 1 - 4 S 5 ; D 1 S 3 ; D 1 - 2 ; D 1  END                                0.0308    0.03080
  29.  1460   D 1 - 3 S 4 D 5 ; D 1 S 2 ; D 1 - 2 ; D 1  END                            0.0308   -0.03080
  30.  1321   D 1 - 3 S 4 ; D 1 - 2 S 3 ; S 1 D 2 S 3 ; S 1 S 3  END                    0.0302   -0.00109 -0.02361 -0.01271  0.01274
                                                                                                  0.00524
  31.   162   D 1 - 3 ; D 1 - 3 ; S 1 D 2 ; D 1 S 3  END                                0.0293    0.02926
  32.  2423   D 1 - 2 S 3 - 4 ; D 1 - 2 S 3 - 4 ; D 1 - 2 S 3 ; S 1  END                0.0292   -0.01261 -0.00863 -0.00532 -0.00666
                                                                                                 -0.02341
  33. 10691   D 1 - 3 ; D 1 - 3 ; D 1 S 2 D 3 ; S 3  END                                0.0287    0.02873
  34. 10742   D 1 - 3 ; D 1 - 3 ; S 1 D 2 - 3 ; S 2  END                                0.0287    0.02873
  35.  1390   D 1 - 3 S 4 ; D 1 S 2 D 3 ; D 1 S 2 - 3 ; S 1 S 3  END                    0.0283    0.00789 -0.01115 -0.00771  0.01306
                                                                                                  0.01953
  36. 10944   D 1 - 3 S 5 ; D 1 - 2 S 3 ; S 1 D 2 S 3 ; S 1 - 2  END                    0.0283   -0.00804  0.01125  0.00771 -0.01288
                                                                                                 -0.01953
  37.  2428   D 1 - 2 S 3 - 4 ; D 1 - 2 S 3 - 4 ; D 1 S 2 ; D 1 S 2  END                0.0280   -0.02037 -0.00734 -0.01239 -0.00909
                                                                                                  0.00901
  38.  2810   D 1 - 2 S 4 ; D 1 S 2 D 3 - 4 ; D 1 - 2 ; D 1  END                        0.0266   -0.02658
  39. 16560   D 1 - 2 S 5 ; D 1 - 2 S 3 D 4 ; D 1 - 2 ; D 1  END                        0.0266    0.02658
  40.  1453   D 1 - 3 S 4 - 5 ; D 1 S 2 - 3 ; S 1 D 2 ; D 1 S 2  END                    0.0266   -0.01246 -0.01878 -0.00211 -0.01086
                                                                                                  0.00868
  41.  1447   D 1 - 3 S 4 - 5 ; D 1 S 2 - 3 ; D 1 S 2 ; D 1 S 3  END                    0.0266   -0.01473 -0.01717  0.00067 -0.01086
                                                                                                  0.00868
  42. 10885   D 1 - 3 S 5 ; D 1 - 2 S 3 ; D 1 S 2 - 3 ; S 1 S 3  END                    0.0264   -0.00791  0.00970  0.00695 -0.01194
                                                                                                 -0.01875
  43.  1410   D 1 - 3 S 4 ; D 1 S 2 D 3 ; S 1 D 2 S 3 ; S 1 - 2  END                    0.0264    0.00781 -0.00963 -0.00695  0.01205
                                                                                                  0.01875
  44.  2454   D 1 - 2 S 3 - 4 ; D 1 S 2 D 3 S 4 ; D 1 - 2 S 3 ; S 1  END                0.0261   -0.00765  0.01481 -0.01520  0.00391
                                                                                                 -0.01247
  45. 14902   D 1 - 2 S 3 S 5 ; D 1 - 2 S 3 - 4 ; D 1 - 2 S 3 ; S 1  END                0.0261    0.00798 -0.01504  0.01480 -0.00391
                                                                                                  0.01247
  46.   394   S 1 D 2 - 3 ; D 1 - 3 S 4 ; D 1 - 2 ; D 1  END                            0.0261    0.02606
  47.   228   D 1 - 2 S 3 ; D 1 - 3 S 6 ; D 1 - 2 ; D 1  END                            0.0261    0.02606
  48.  2437   D 1 - 2 S 3 - 4 ; D 1 - 2 S 3 - 4 ; S 1 D 2 ; D 1 S 3  END                0.0260   -0.01902 -0.00585 -0.01215 -0.01094
                                                                                                  0.00390
  49.  2436   D 1 - 2 S 3 - 4 ; D 1 - 2 S 3 - 4 ; S 1 D 2 ; D 1 S 2  END                0.0258    0.00665 -0.00189  0.00722  0.01660
                                                                                                  0.01708
  50.  2429   D 1 - 2 S 3 - 4 ; D 1 - 2 S 3 - 4 ; D 1 S 2 ; D 1 S 3  END                0.0258    0.00723 -0.00230  0.00652  0.01660
                                                                                                  0.01708
  51. 10819   D 1 - 3 ; D 1 - 3 ; D 2 S 3 ; S 1 D 2  END                                0.0249   -0.02488
  52. 10717   D 1 - 3 ; D 1 - 3 ; D 1 S 3 ; S 1 D 3  END                                0.0249   -0.02488
  53.   301   D 1 S 2 D 3 ; D 1 - 3 S 5 ; D 1 - 2 ; D 1  END                            0.0246    0.02455
  54.    60   D 1 - 4 ; D 1 S 2 - 3 ; D 1 S 2 ; D 1 S 2  END                            0.0232   -0.01875 -0.01361
  55.  1356   D 1 - 3 S 4 - 5 ; D 1 - 2 ; D 1 S 2 ; D 1 S 2  END                        0.0232   -0.01875 -0.01361
  56. 14974   D 1 - 2 S 3 D 5 ; D 1 - 2 S 4 ; D 1 - 2 ; D 1  END                        0.0228   -0.02282
  57.   199   D 1 - 2 S 3 D 4 ; D 1 D 3 S 4 ; D 1 - 2 ; D 1  END                        0.0228   -0.02282
  58.  1312   D 1 - 3 S 4 ; D 1 - 2 S 3 ; D 1 ; D 1 S 2 - 3  END                        0.0227    0.02018 -0.01035
  59.  1332   D 1 - 3 S 4 ; D 1 - 2 S 3 ; S 1 - 2 ; D 1 - 2  END                        0.0227   -0.02018  0.01035
  60.    40   D 1 - 4 ; D 1 - 2 ; D 1 - 2 S 3 ; S 1  END                                0.0226   -0.02256
  61.  2460   D 1 - 2 S 3 - 4 ; D 1 S 2 D 3 S 4 ; D 1 S 2 ; D 1 S 3  END                0.0220   -0.01250  0.00264 -0.01242 -0.00213
                                                                                                  0.01277
  62. 14952   D 1 - 2 S 3 S 5 ; D 1 - 2 S 3 - 4 ; S 1 D 2 ; D 1 S 2  END                0.0220    0.01306 -0.00304  0.01173  0.00213
                                                                                                 -0.01277
  63.  1782   D 1 - 3 ; D 1 - 2 S 3 - 4 ; S 1 D 2 ; D 1 S 2  END                        0.0220    0.02196  0.00035
  64.   217   D 1 - 2 S 3 - 4 ; D 1 - 3 ; D 1 S 2 ; D 1 S 3  END                        0.0220   -0.02196 -0.00035
  65. 14854   D 1 - 2 S 3 ; D 1 - 3 S 4 ; S 1 - 2 ; D 1 S 2 - 3  END                    0.0218    0.00694  0.00708 -0.01529  0.00158
                                                                                                  0.01182
  66.   189   D 1 - 2 S 3 D 4 ; D 1 - 2 S 4 ; D 1 - 2 ; D 1  END                        0.0214   -0.02139
  67.  1346   D 1 - 3 S 4 ; D 1 - 2 S 3 ; D 2 ; D 1 S 2 - 3  END                        0.0210   -0.01794 -0.01097
  68.  1334   D 1 - 3 S 4 ; D 1 - 2 S 3 ; S 1 - 2 ; D 1 D 3  END                        0.0210    0.01794  0.01097
  69.  1320   D 1 - 3 S 4 ; D 1 - 2 S 3 ; S 1 D 2 S 3 ; S 1 - 2  END                    0.0208    0.01577  0.01188 -0.00257  0.00581
                                                                                                 -0.00157
  70.  1300   D 1 - 3 S 4 ; D 1 - 2 S 3 ; D 1 S 2 - 3 ; S 1 S 3  END                    0.0208    0.01560  0.01200 -0.00257  0.00602
                                                                                                 -0.00157
  71. 14768   D 1 - 2 S 3 ; D 1 - 3 S 4 ; D 1 S 2 - 3 ; S 1 - 2  END                    0.0207   -0.00334  0.01216  0.00429 -0.00975
                                                                                                  0.01245
  72.  1438   D 1 - 3 S 4 - 5 ; D 1 S 2 - 3 ; D 1 - 2 S 3 ; S 1  END                    0.0206   -0.00987 -0.01013 -0.00221  0.00521
                                                                                                 -0.01392
  73.  2467   D 1 - 2 S 3 - 4 ; D 1 S 2 D 3 S 4 ; S 1 D 2 ; D 1 S 2  END                0.0203   -0.01080  0.00339 -0.01156 -0.00104
                                                                                                  0.01229
  74. 14929   D 1 - 2 S 3 S 5 ; D 1 - 2 S 3 - 4 ; D 1 S 2 ; D 1 S 3  END                0.0203    0.01144 -0.00385  0.01077  0.00104
                                                                                                 -0.01229
  75.    63   D 1 - 4 ; D 1 S 2 - 3 ; S 1 D 2 ; D 1 S 3  END                            0.0202   -0.01657 -0.01153
  76.  1364   D 1 - 3 S 4 - 5 ; D 1 - 2 ; S 1 D 2 ; D 1 S 3  END                        0.0202   -0.01657 -0.01153
  77.  1775   D 1 - 3 ; D 1 - 2 S 3 - 4 ; D 1 S 2 ; D 1 S 3  END                        0.0201    0.02013  0.00062
  78.   218   D 1 - 2 S 3 - 4 ; D 1 - 3 ; S 1 D 2 ; D 1 S 2  END                        0.0201   -0.02013 -0.00062
  79.  1440   D 1 - 3 S 4 ; D 1 S 2 - 4 ; D 1 - 2 ; S 1 - 2  END                        0.0198   -0.00045  0.00172  0.01594  0.00130
                                                                                                 -0.01150
  80.  2426   D 1 - 2 S 3 - 5 ; D 1 - 2 S 3 ; D 1 S 2 - 3 ; D 1  END                    0.0198    0.01368 -0.00826 -0.00136  0.00130
                                                                                                 -0.01150
  81.   196   D 1 - 2 S 3 D 4 ; D 1 S 2 - 4 ; D 1 - 2 ; D 1  END                        0.0195   -0.00376 -0.01915
  82.  2442   D 1 - 2 S 3 - 5 ; D 1 - 2 S 4 ; D 1 - 2 ; D 1  END                        0.0195   -0.00376 -0.01915
  83.  2419   D 1 - 2 S 3 - 5 ; D 1 - 2 S 3 ; D 1 - 2 ; S 1 - 2  END                    0.0183   -0.01262  0.00725  0.00172 -0.00134
                                                                                                  0.01079
  84.  1450   D 1 - 3 S 4 ; D 1 S 2 - 4 ; D 1 S 2 - 3 ; D 1  END                        0.0183    0.00061 -0.00211 -0.01450 -0.00134
                                                                                                  0.01079
  85. 10898   D 1 - 3 ; D 1 - 2 S 3 - 4 ; D 1 S 2 ; S 1 - 3  END                        0.0182   -0.01052 -0.00417  0.00852 -0.00882
                                                                                                 -0.00738
  86.  2409   D 1 - 2 S 3 - 4 ; D 1 - 3 ; S 1 - 3 ; D 1 S 2  END                        0.0182    0.01267  0.00265 -0.00852  0.00618
                                                                                                  0.00738
  87.  1333   D 1 - 3 S 4 ; D 1 - 2 S 3 ; S 1 - 2 ; D 1 S 2 - 3  END                    0.0181    0.00455  0.01141  0.01189 -0.00287
                                                                                                  0.00512
  88.    59   D 1 - 4 ; D 1 S 2 - 3 ; D 1 - 2 S 3 ; S 1  END                            0.0179   -0.01227  0.01298
  89.  1348   D 1 - 3 S 4 - 5 ; D 1 - 2 ; D 1 - 2 S 3 ; S 1  END                        0.0179   -0.01227  0.01298
  90.  4877   S 1 D 2 - 3 ; D 1 - 2 S 3 ; D 1 - 2 ; D 1 S 2 - 3  END                    0.0178   -0.00418  0.01730
  91.   124   D 1 - 3 S 4 ; D 1 - 3 S 6 ; S 1 - 2 ; D 1  END                            0.0178    0.00418 -0.01730
  92.    43   D 1 - 4 ; D 1 - 2 ; S 1 D 2 ; D 1 S 2  END                                0.0175    0.01748
  93.    42   D 1 - 4 ; D 1 - 2 ; D 1 S 2 ; D 1 S 3  END                                0.0175    0.01748
  94.  2380   D 1 - 2 S 3 - 4 ; D 1 - 3 ; D 1 S 2 ; S 1 - 3  END                        0.0172   -0.01014 -0.00332  0.00782 -0.00838
                                                                                                 -0.00719
  95. 10992   D 1 - 3 ; D 1 - 2 S 3 - 4 ; S 1 - 3 ; D 1 S 2  END                        0.0172    0.01179  0.00216 -0.00782  0.00636
                                                                                                  0.00719
  96. 15010   D 1 - 2 S 3 S 5 ; D 1 S 2 D 3 S 4 ; D 1 - 2 S 3 ; S 1  END                0.0171    0.00674  0.00101  0.00492  0.00319
                                                                                                  0.01455
  97.   117   D 1 - 3 S 4 ; D 1 - 3 S 4 ; D 1 ; D 1  END                                0.0170   -0.01697
  98.  2568   D 1 - 2 S 3 ; D 1 - 2 S 3 ; D 1 - 2 ; D 1 - 2  END                        0.0170   -0.01697
  99.  1411   D 1 - 3 S 4 ; D 1 S 2 D 3 ; S 1 D 2 S 3 ; S 1 S 3  END                    0.0169   -0.00056  0.00548  0.01479 -0.00397
                                                                                                  0.00460
 100. 10945   D 1 - 3 S 5 ; D 1 - 2 S 3 ; S 1 D 2 S 3 ; S 1 S 3  END                    0.0169    0.00084 -0.00568 -0.01479  0.00362
                                                                                                 -0.00460




 POSITION OF FIRST SPIN COUPLING FOR TEN MOST IMPORTANT CONFIGURATIONS
     228    230    231      4    233    335    229    448    336    596



 ********************************
 RESULTS FOR ROOT   03
 TOTAL CI ENERGY =   -601.8746195
 ********************************

       CONF.                                                                           COEFF.
        NO.        SPACE ORBITAL PRODUCTS                                             CONTRIB.      CI COEFFICIENTS

       -----       ----------------------                                             --------   ---------------------
   1.     4   D 1 - 3 S 4 ; D 1 S 2 D 3 ; D 1 - 2 ; D 1  END                            0.4263    0.42633
   2.   163   D 1 - 3 S 5 ; D 1 - 2 S 3 ; D 1 - 2 ; D 1  END                            0.4263    0.42633
   3.   132   D 1 - 3 S 4 ; D 1 - 2 S 4 ; D 1 - 2 ; D 1  END                            0.3377    0.33773
   4.     6   D 1 - 2 S 3 D 4 ; D 1 - 2 S 3 ; D 1 - 2 ; D 1  END                        0.3377   -0.33773
   5.   139   D 1 - 3 S 4 ; D 1 S 2 - 4 ; D 1 - 2 ; D 1  END                            0.1394   -0.01888 -0.13812
   6.   220   D 1 - 2 S 3 - 5 ; D 1 - 2 S 3 ; D 1 - 2 ; D 1  END                        0.1394    0.01888  0.13812
   7.   227   D 1 - 2 S 3 ; D 1 - 3 S 5 ; D 1 - 2 ; D 1  END                            0.1352   -0.13524
   8.   300   D 1 S 2 D 3 ; D 1 - 3 S 4 ; D 1 - 2 ; D 1  END                            0.1352    0.13524
   9.  1788   D 1 - 3 S 5 ; D 1 - 2 S 4 ; D 1 - 2 ; D 1  END                            0.1098    0.10984
  10.     7   D 1 - 2 S 3 D 4 ; D 1 S 2 D 3 ; D 1 - 2 ; D 1  END                        0.1098    0.10984
  11.   222   D 1 - 2 S 3 - 5 ; D 1 S 2 D 3 ; D 1 - 2 ; D 1  END                        0.1060   -0.07386 -0.07598
  12.  1819   D 1 - 3 S 5 ; D 1 S 2 - 4 ; D 1 - 2 ; D 1  END                            0.1060   -0.07386 -0.07598
  13.  2561   D 1 - 2 S 3 ; D 1 - 2 S 3 D 4 ; D 1 - 2 ; D 1  END                        0.0828   -0.08280
  14.   240   D 1 - 2 S 4 ; D 1 - 3 S 4 ; D 1 - 2 ; D 1  END                            0.0828    0.08280
  15.   166   D 1 - 3 S 6 ; D 1 S 2 D 3 ; D 1 - 2 ; D 1  END                            0.0718    0.07185
  16.   167   D 1 - 3 S 5 ; S 1 D 2 - 3 ; D 1 - 2 ; D 1  END                            0.0718   -0.07185
  17.  2558   D 1 - 2 S 3 D 5 ; D 1 - 2 S 3 ; D 1 - 2 ; D 1  END                        0.0690    0.06898
  18.   142   D 1 - 3 S 4 ; D 1 D 3 S 4 ; D 1 - 2 ; D 1  END                            0.0690   -0.06898
  19.  1782   D 1 - 3 ; D 1 - 2 S 3 - 4 ; S 1 D 2 ; D 1 S 2  END                        0.0591   -0.05885 -0.00543
  20.   217   D 1 - 2 S 3 - 4 ; D 1 - 3 ; D 1 S 2 ; D 1 S 3  END                        0.0591   -0.05885 -0.00543
  21.  1775   D 1 - 3 ; D 1 - 2 S 3 - 4 ; D 1 S 2 ; D 1 S 3  END                        0.0582   -0.05800 -0.00469
  22.   218   D 1 - 2 S 3 - 4 ; D 1 - 3 ; S 1 D 2 ; D 1 S 2  END                        0.0582   -0.05800 -0.00469
  23.   219   D 1 - 2 S 3 - 4 ; D 1 - 3 ; S 1 D 2 ; D 1 S 3  END                        0.0477    0.04727 -0.00672
  24.  1783   D 1 - 3 ; D 1 - 2 S 3 - 4 ; S 1 D 2 ; D 1 S 3  END                        0.0477    0.04727 -0.00672
  25.   137   D 1 - 3 S 4 ; D 1 S 2 D 3 ; D 1 S 2 - 3 ; D 1  END                        0.0462   -0.04557  0.00788
  26.  1765   D 1 - 3 S 5 ; D 1 - 2 S 3 ; D 1 - 2 ; S 1 - 2  END                        0.0462   -0.04557  0.00788
  27.  1791   D 1 - 3 S 6 ; D 1 - 2 S 4 ; D 1 - 2 ; D 1  END                            0.0449   -0.04486
  28.     8   D 1 - 2 S 3 D 4 ; S 1 D 2 - 3 ; D 1 - 2 ; D 1  END                        0.0449   -0.04486
  29.  1772   D 1 - 3 S 5 ; D 1 - 2 S 3 ; D 1 S 2 - 3 ; D 1  END                        0.0446    0.04354 -0.00948
  30.   135   D 1 - 3 S 4 ; D 1 S 2 D 3 ; D 1 - 2 ; S 1 - 2  END                        0.0446    0.04354 -0.00948
  31.   150   D 1 - 3 S 4 ; S 1 D 2 S 3 S 5 ; D 1 - 2 ; D 1  END                        0.0417    0.02086 -0.03605
  32.   295   D 1 S 2 D 3 S 4 S 6 ; D 1 - 2 S 3 ; D 1 - 2 ; D 1  END                    0.0417   -0.02086  0.03605
  33.  1780   D 1 - 3 S 5 ; D 1 - 2 S 3 ; S 1 D 2 S 3 ; D 1  END                        0.0412    0.04059 -0.00683
  34.   136   D 1 - 3 S 4 ; D 1 S 2 D 3 ; D 1 - 2 ; S 1 S 3  END                        0.0412    0.04059 -0.00683
  35.  1766   D 1 - 3 S 5 ; D 1 - 2 S 3 ; D 1 - 2 ; S 1 S 3  END                        0.0394   -0.03850  0.00850
  36.   138   D 1 - 3 S 4 ; D 1 S 2 D 3 ; S 1 D 2 S 3 ; D 1  END                        0.0394   -0.03850  0.00850
  37.  1827   D 1 - 3 S 5 ; D 1 D 3 S 4 ; D 1 - 2 ; D 1  END                            0.0377   -0.03767
  38.  2571   D 1 - 2 S 3 D 5 ; D 1 S 2 D 3 ; D 1 - 2 ; D 1  END                        0.0377   -0.03767
  39.   315   D 1 S 2 - 4 ; D 1 - 3 S 5 ; D 1 - 2 ; D 1  END                            0.0358    0.02511  0.02555
  40.  3521   D 1 S 2 D 3 ; D 1 - 2 S 3 - 5 ; D 1 - 2 ; D 1  END                        0.0358    0.02511  0.02555
  41.   128   D 1 - 3 S 4 ; D 1 - 2 S 3 ; D 1 - 2 ; S 1 - 2  END                        0.0353   -0.03029 -0.01810
  42.   130   D 1 - 3 S 4 ; D 1 - 2 S 3 ; D 1 S 2 - 3 ; D 1  END                        0.0353    0.03029  0.01810
  43.  1774   D 1 - 3 ; D 1 - 2 S 3 - 4 ; D 1 S 2 ; D 1 S 2  END                        0.0336    0.03217 -0.00952
  44.   216   D 1 - 2 S 3 - 4 ; D 1 - 3 ; D 1 S 2 ; D 1 S 2  END                        0.0336    0.03217 -0.00952
  45.   140   D 1 - 3 S 4 ; D 1 S 2 - 3 S 5 ; D 1 - 2 ; D 1  END                        0.0327    0.01407 -0.02946
  46.   294   D 1 S 2 D 3 S 4 - 5 ; D 1 - 2 S 3 ; D 1 - 2 ; D 1  END                    0.0327   -0.01407  0.02946
  47.   131   D 1 - 3 S 4 ; D 1 - 2 S 3 ; S 1 D 2 S 3 ; D 1  END                        0.0319    0.02873  0.01398
  48.   129   D 1 - 3 S 4 ; D 1 - 2 S 3 ; D 1 - 2 ; S 1 S 3  END                        0.0319   -0.02873 -0.01398
  49.   190   D 1 - 2 S 3 D 4 ; D 1 - 2 S 5 ; D 1 - 2 ; D 1  END                        0.0315    0.03149
  50.   263   D 1 S 2 D 3 - 4 ; D 1 - 2 S 4 ; D 1 - 2 ; D 1  END                        0.0315   -0.03149
  51.    13   S 1 D 2 - 4 ; D 1 S 2 D 3 ; D 1 - 2 ; D 1  END                            0.0309    0.03088
  52.  1790   D 1 - 3 S 5 ; D 1 - 2 S 6 ; D 1 - 2 ; D 1  END                            0.0309    0.03088
  53.  2574   D 1 - 2 S 3 ; D 1 S 2 D 3 - 4 ; D 1 - 2 ; D 1  END                        0.0308   -0.03083
  54.  2833   D 1 - 2 S 5 ; D 1 - 3 S 4 ; D 1 - 2 ; D 1  END                            0.0308   -0.03083
  55.   388   S 1 D 2 - 3 S 4 - 5 ; D 1 - 2 S 3 ; D 1 - 2 ; D 1  END                    0.0306    0.02336 -0.01976
  56.   141   D 1 - 3 S 4 ; D 1 S 2 - 3 S 6 ; D 1 - 2 ; D 1  END                        0.0306   -0.02336  0.01976
  57.   112   D 1 - 3 S 4 ; D 1 - 3 S 4 ; D 1 - 2  END                                  0.0301   -0.03008
  58.  2567   D 1 - 2 S 3 ; D 1 - 2 S 3 ; D 1 - 3 ; D 1  END                            0.0301    0.03008
  59.  1806   D 1 - 3 ; D 1 S 2 D 3 S 4 ; D 1 S 2 ; D 1 S 3  END                        0.0297   -0.02814 -0.00942
  60.  2551   D 1 - 2 S 3 S 5 ; D 1 - 3 ; S 1 D 2 ; D 1 S 2  END                        0.0297    0.02814  0.00942
  61.  1813   D 1 - 3 ; D 1 S 2 D 3 S 4 ; S 1 D 2 ; D 1 S 2  END                        0.0285   -0.02672 -0.00981
  62.  2545   D 1 - 2 S 3 S 5 ; D 1 - 3 ; D 1 S 2 ; D 1 S 3  END                        0.0285    0.02672  0.00981
  63.   408   S 1 D 2 S 3 - 4 ; D 1 - 3 S 4 ; D 1 - 2 ; D 1  END                        0.0282   -0.00666 -0.02743
  64.  2563   D 1 - 2 S 3 ; D 1 - 2 S 3 - 4 S 6 ; D 1 - 2 ; D 1  END                    0.0282   -0.00666 -0.02743
  65.   221   D 1 - 2 S 3 - 4 S 6 ; D 1 - 2 S 3 ; D 1 - 2 ; D 1  END                    0.0280   -0.02384  0.01471
  66.   149   D 1 - 3 S 4 ; S 1 D 2 S 3 - 4 ; D 1 - 2 ; D 1  END                        0.0280    0.02384 -0.01471
  67.  2572   D 1 - 2 S 3 S 5 - 6 ; D 1 S 2 D 3 ; D 1 - 2 ; D 1  END                    0.0278   -0.02007  0.01929
  68.  1866   D 1 - 3 S 5 ; S 1 - 2 D 3 S 4 ; D 1 - 2 ; D 1  END                        0.0278    0.02007 -0.01929
  69.  1423   D 1 - 3 S 4 ; D 1 S 2 D 3 ; S 1 - 2 ; D 1 S 2 - 3  END                    0.0270    0.00094  0.00109  0.00275 -0.00031
                                                                                                  0.02683
  70. 10980   D 1 - 3 S 5 ; D 1 - 2 S 3 ; S 1 - 2 ; D 1 S 2 - 3  END                    0.0270    0.00057  0.00135  0.00275  0.00014
                                                                                                  0.02683
  71.   133   D 1 - 3 S 4 ; D 1 - 2 S 5 ; D 1 - 2 ; D 1  END                            0.0267    0.02668
  72.     9   D 1 S 2 D 3 - 4 ; D 1 - 2 S 3 ; D 1 - 2 ; D 1  END                        0.0267   -0.02668
  73.  1820   D 1 - 3 S 5 ; D 1 S 2 - 3 S 5 ; D 1 - 2 ; D 1  END                        0.0267    0.02504  0.00915
  74.   296   D 1 S 2 D 3 S 4 - 5 ; D 1 S 2 D 3 ; D 1 - 2 ; D 1  END                    0.0267    0.02504  0.00915
  75.  4871   S 1 D 2 - 3 ; D 1 - 2 S 3 - 4 S 6 ; D 1 - 2 ; D 1  END                    0.0262    0.01772  0.01924
  76.   410   S 1 D 2 S 3 - 4 ; D 1 - 3 S 6 ; D 1 - 2 ; D 1  END                        0.0262    0.01772  0.01924
  77.   395   S 1 D 2 - 3 ; D 1 - 3 S 5 ; D 1 - 2 ; D 1  END                            0.0256   -0.02563
  78.   302   D 1 S 2 D 3 ; D 1 - 3 S 6 ; D 1 - 2 ; D 1  END                            0.0256    0.02563
  79.    12   S 1 D 2 - 4 ; D 1 - 2 S 3 ; D 1 - 2 ; D 1  END                            0.0255   -0.02547
  80.   134   D 1 - 3 S 4 ; D 1 - 2 S 6 ; D 1 - 2 ; D 1  END                            0.0255    0.02547
  81.  1825   D 1 - 3 ; D 1 S 2 - 3 ; D 1 - 2 S 3 ; D 1 S 2  END                        0.0250    0.00208  0.02487
  82.   115   D 1 - 3 S 4 - 5 ; D 1 - 3 ; D 1 S 2 ; S 1  END                            0.0250    0.00208  0.02487
  83.  1356   D 1 - 3 S 4 - 5 ; D 1 - 2 ; D 1 S 2 ; D 1 S 2  END                        0.0246    0.02419  0.00453
  84.    60   D 1 - 4 ; D 1 S 2 - 3 ; D 1 S 2 ; D 1 S 2  END                            0.0246   -0.02419 -0.00453
  85.  1364   D 1 - 3 S 4 - 5 ; D 1 - 2 ; S 1 D 2 ; D 1 S 3  END                        0.0246    0.02439  0.00328
  86.    63   D 1 - 4 ; D 1 S 2 - 3 ; S 1 D 2 ; D 1 S 3  END                            0.0246   -0.02439 -0.00328
  87.   199   D 1 - 2 S 3 D 4 ; D 1 D 3 S 4 ; D 1 - 2 ; D 1  END                        0.0245   -0.02452
  88. 14974   D 1 - 2 S 3 D 5 ; D 1 - 2 S 4 ; D 1 - 2 ; D 1  END                        0.0245    0.02452
  89.  3522   D 1 S 2 D 3 ; D 1 - 2 S 3 - 4 S 6 ; D 1 - 2 ; D 1  END                    0.0240    0.00823  0.02253
  90.   409   S 1 D 2 S 3 - 4 ; D 1 - 3 S 5 ; D 1 - 2 ; D 1  END                        0.0240    0.00823  0.02253
  91.  3518   D 1 S 2 D 3 S 5 - 6 ; D 1 - 2 S 3 ; D 1 - 2 ; D 1  END                    0.0237   -0.01945  0.01351
  92.   153   D 1 - 3 S 4 ; S 1 - 2 D 3 S 5 ; D 1 - 2 ; D 1  END                        0.0237   -0.01945  0.01351
  93.  2014   D 1 - 2 S 3 D 4 ; D 1 - 2 S 4 ; D 1 S 2 - 3 ; D 1  END                    0.0236   -0.02052  0.01170
  94.  2004   D 1 - 2 S 3 D 4 ; D 1 - 2 S 4 ; D 1 - 2 ; S 1 - 2  END                    0.0236    0.02052 -0.01170
  95.  1859   D 1 - 3 S 5 ; S 1 D 2 S 3 S 5 ; D 1 - 2 ; D 1  END                        0.0235    0.01291 -0.01962
  96.   297   D 1 S 2 D 3 S 4 S 6 ; D 1 S 2 D 3 ; D 1 - 2 ; D 1  END                    0.0235    0.01291 -0.01962
  97.   215   D 1 - 2 S 3 - 4 ; D 1 - 3 ; D 1 - 2 S 3 ; S 1  END                        0.0233   -0.01915  0.01326
  98.  1769   D 1 - 3 ; D 1 - 2 S 3 - 4 ; D 1 - 2 S 3 ; S 1  END                        0.0233   -0.01915  0.01326
  99.  4870   S 1 D 2 - 3 ; D 1 - 2 S 3 - 5 ; D 1 - 2 ; D 1  END                        0.0226    0.00995  0.02024
 100.   316   D 1 S 2 - 4 ; D 1 - 3 S 6 ; D 1 - 2 ; D 1  END                            0.0226    0.00995  0.02024




 POSITION OF FIRST SPIN COUPLING FOR TEN MOST IMPORTANT CONFIGURATIONS
       4    233    185      6    196    323    336    448   3730      7



 ********************************
 RESULTS FOR ROOT   04
 TOTAL CI ENERGY =   -601.6193882
 ********************************

       CONF.                                                                           COEFF.
        NO.        SPACE ORBITAL PRODUCTS                                             CONTRIB.      CI COEFFICIENTS

       -----       ----------------------                                             --------   ---------------------
   1.   162   D 1 - 3 ; D 1 - 3 ; S 1 D 2 ; D 1 S 3  END                                0.5409    0.54088
   2.   159   D 1 - 3 ; D 1 - 3 ; D 1 S 2 ; D 1 S 2  END                                0.5356    0.53558
   3.   158   D 1 - 3 ; D 1 - 3 ; D 1 - 2 S 3 ; S 1  END                                0.3670   -0.36695
   4.     1   D 1 - 3 S 4 ; D 1 - 2 S 3 ; D 1 - 2 ; D 1  END                            0.2008    0.20077
   5.   161   D 1 - 3 ; D 1 - 3 ; S 1 D 2 ; D 1 S 2  END                                0.1715   -0.17149
   6.   160   D 1 - 3 ; D 1 - 3 ; D 1 S 2 ; D 1 S 3  END                                0.1715   -0.17149
   7.   165   D 1 - 3 S 5 ; D 1 S 2 D 3 ; D 1 - 2 ; D 1  END                            0.0903    0.09030
   8.   163   D 1 - 3 S 5 ; D 1 - 2 S 3 ; D 1 - 2 ; D 1  END                            0.0596   -0.05958
   9.     4   D 1 - 3 S 4 ; D 1 S 2 D 3 ; D 1 - 2 ; D 1  END                            0.0596    0.05958
  10.  1333   D 1 - 3 S 4 ; D 1 - 2 S 3 ; S 1 - 2 ; D 1 S 2 - 3  END                    0.0594   -0.02579 -0.03561 -0.02403 -0.00050
                                                                                                  0.03192
  11.   164   D 1 - 3 S 6 ; D 1 - 2 S 3 ; D 1 - 2 ; D 1  END                            0.0561    0.05609
  12.     5   D 1 - 3 S 4 ; S 1 D 2 - 3 ; D 1 - 2 ; D 1  END                            0.0561   -0.05609
  13. 10768   D 1 - 3 ; D 1 - 3 ; S 1 - 3 ; S 1 - 3  END                                0.0524    0.03969  0.01956 -0.00250 -0.00250
                                                                                                 -0.02789
  14.   123   D 1 - 3 S 4 ; D 1 - 3 S 5 ; S 1 - 2 ; D 1  END                            0.0484    0.00099 -0.04843
  15.  3528   D 1 S 2 D 3 ; D 1 - 2 S 3 ; D 1 - 2 ; D 1 S 2 - 3  END                    0.0484   -0.00099  0.04843
  16.   396   S 1 D 2 - 3 ; D 1 - 3 S 6 ; D 1 - 2 ; D 1  END                            0.0467   -0.04667
  17.  1299   D 1 - 3 S 4 ; D 1 - 2 S 3 ; D 1 S 2 - 3 ; S 1 - 2  END                    0.0444   -0.02039  0.01443  0.02626 -0.02498
                                                                                                 -0.00564
  18.   301   D 1 S 2 D 3 ; D 1 - 3 S 5 ; D 1 - 2 ; D 1  END                            0.0440   -0.04399
  19.  1321   D 1 - 3 S 4 ; D 1 - 2 S 3 ; S 1 D 2 S 3 ; S 1 S 3  END                    0.0418   -0.01979  0.01326  0.02408 -0.02381
                                                                                                 -0.00562
  20. 14768   D 1 - 2 S 3 ; D 1 - 3 S 4 ; D 1 S 2 - 3 ; S 1 - 2  END                    0.0415    0.02391 -0.00319  0.02296  0.02136
                                                                                                 -0.01245
  21. 14829   D 1 - 2 S 3 ; D 1 - 3 S 4 ; S 1 D 2 S 3 ; S 1 S 3  END                    0.0391    0.02396 -0.00099  0.02046  0.02014
                                                                                                 -0.01124
  22.  2569   D 1 - 2 S 3 ; D 1 - 2 S 3 ; D 1 - 2 ; D 1 S 2 - 3  END                    0.0367    0.00003 -0.03669
  23.   122   D 1 - 3 S 4 ; D 1 - 3 S 4 ; S 1 - 2 ; D 1  END                            0.0367   -0.00003  0.03669
  24. 14854   D 1 - 2 S 3 ; D 1 - 3 S 4 ; S 1 - 2 ; D 1 S 2 - 3  END                    0.0360    0.01940  0.02401 -0.01848  0.00198
                                                                                                  0.00045
  25.  2437   D 1 - 2 S 3 - 4 ; D 1 - 2 S 3 - 4 ; S 1 D 2 ; D 1 S 3  END                0.0358    0.00065  0.00732 -0.00370 -0.02145
                                                                                                 -0.02741
  26.  2428   D 1 - 2 S 3 - 4 ; D 1 - 2 S 3 - 4 ; D 1 S 2 ; D 1 S 2  END                0.0343    0.00028  0.00843 -0.00464 -0.02140
                                                                                                 -0.02498
  27.  1446   D 1 - 3 S 4 - 5 ; D 1 S 2 - 3 ; D 1 S 2 ; D 1 S 2  END                    0.0337    0.00502 -0.00371  0.00625 -0.01344
                                                                                                 -0.02960
  28.  1454   D 1 - 3 S 4 - 5 ; D 1 S 2 - 3 ; S 1 D 2 ; D 1 S 3  END                    0.0335    0.00560 -0.00255  0.00605 -0.01218
                                                                                                 -0.02996
  29.    44   D 1 - 4 ; D 1 - 2 ; S 1 D 2 ; D 1 S 3  END                                0.0331   -0.03307
  30.    41   D 1 - 4 ; D 1 - 2 ; D 1 S 2 ; D 1 S 2  END                                0.0325   -0.03250
  31.   119   D 1 - 3 S 4 ; D 1 - 3 S 6 ; D 1 ; D 1  END                                0.0322    0.03220
  32.  4876   S 1 D 2 - 3 ; D 1 - 2 S 3 ; D 1 - 2 ; D 1 - 2  END                        0.0322    0.03220
  33.  4878   S 1 D 2 - 3 ; D 1 - 2 S 3 ; D 1 - 2 ; D 1 D 3  END                        0.0320    0.03201
  34.   127   D 1 - 3 S 4 ; D 1 - 3 S 6 ; D 2 ; D 1  END                                0.0320    0.03201
  35. 10690   D 1 - 3 ; D 1 - 3 ; D 1 S 2 D 3 ; S 2  END                                0.0313   -0.03132
  36.   168   D 1 - 3 S 6 ; S 1 D 2 - 3 ; D 1 - 2 ; D 1  END                            0.0307    0.03066
  37. 10743   D 1 - 3 ; D 1 - 3 ; S 1 D 2 - 3 ; S 3  END                                0.0293   -0.02926
  38. 11236   D 1 - 3 S 5 ; D 1 S 2 D 3 ; S 1 - 2 ; D 1 S 2 - 3  END                    0.0292    0.01263  0.01902  0.01683 -0.00067
                                                                                                 -0.00669
  39.   300   D 1 S 2 D 3 ; D 1 - 3 S 4 ; D 1 - 2 ; D 1  END                            0.0287   -0.02872
  40.   227   D 1 - 2 S 3 ; D 1 - 3 S 5 ; D 1 - 2 ; D 1  END                            0.0287   -0.02872
  41.   291   D 1 S 2 D 3 S 4 ; D 1 - 3 ; D 1 S 2 ; D 1 S 3  END                        0.0283    0.01375 -0.02474
  42.  1784   D 1 - 3 ; D 1 - 2 S 3 S 5 ; S 1 D 2 ; D 1 S 2  END                        0.0283   -0.01375  0.02474
  43. 10958   D 1 - 3 ; D 1 - 2 S 3 - 4 ; S 1 D 2 ; S 1 - 3  END                        0.0282    0.02022  0.00751 -0.01554  0.00778
                                                                                                  0.00503
  44.  2410   D 1 - 2 S 3 - 4 ; D 1 - 3 ; S 1 - 3 ; D 1 S 3  END                        0.0282   -0.01663 -0.01005  0.01554 -0.01217
                                                                                                 -0.00503
  45.  1438   D 1 - 3 S 4 - 5 ; D 1 S 2 - 3 ; D 1 - 2 S 3 ; S 1  END                    0.0278    0.00282 -0.00469  0.00501  0.01208
                                                                                                  0.02396
  46.  2401   D 1 - 2 S 3 - 4 ; D 1 - 3 ; S 1 D 2 ; S 1 - 3  END                        0.0275    0.02045  0.00636 -0.01497  0.00691
                                                                                                  0.00488
  47. 10993   D 1 - 3 ; D 1 - 2 S 3 - 4 ; S 1 - 3 ; D 1 S 3  END                        0.0275   -0.01545 -0.00989  0.01497 -0.01303
                                                                                                 -0.00488
  48.  2423   D 1 - 2 S 3 - 4 ; D 1 - 2 S 3 - 4 ; D 1 - 2 S 3 ; S 1  END                0.0269   -0.00058  0.00991 -0.00620  0.01915
                                                                                                  0.01488
  49. 10796   D 1 - 3 ; D 1 - 3 ; S 1 ; D 1 - 2 S 3  END                                0.0265   -0.02653
  50. 10849   D 1 - 3 ; D 1 - 3 ; S 2 ; D 1 S 2 D 3  END                                0.0262   -0.02622
  51.  1347   D 1 - 3 S 4 ; D 1 - 2 S 3 ; D 2 ; D 1 D 3  END                            0.0253   -0.02529
  52.   139   D 1 - 3 S 4 ; D 1 S 2 - 4 ; D 1 - 2 ; D 1  END                            0.0251   -0.00213 -0.02504
  53.   220   D 1 - 2 S 3 - 5 ; D 1 - 2 S 3 ; D 1 - 2 ; D 1  END                        0.0251   -0.00213 -0.02504
  54.  4877   S 1 D 2 - 3 ; D 1 - 2 S 3 ; D 1 - 2 ; D 1 S 2 - 3  END                    0.0249   -0.00121  0.02483
  55.   124   D 1 - 3 S 4 ; D 1 - 3 S 6 ; S 1 - 2 ; D 1  END                            0.0249    0.00121 -0.02483
  56.  1311   D 1 - 3 S 4 ; D 1 - 2 S 3 ; D 1 ; D 1 - 2  END                            0.0248   -0.02476
  57.  2380   D 1 - 2 S 3 - 4 ; D 1 - 3 ; D 1 S 2 ; S 1 - 3  END                        0.0247   -0.01890 -0.00566  0.01353  0.00541
                                                                                                  0.00327
  58. 10992   D 1 - 3 ; D 1 - 2 S 3 - 4 ; S 1 - 3 ; D 1 S 2  END                        0.0247    0.00455  0.01581 -0.01353  0.01216
                                                                                                 -0.00327
  59.   116   D 1 - 3 S 4 S 6 ; D 1 - 3 ; D 1 S 2 ; S 1  END                            0.0247    0.00017  0.02472
  60.  1864   D 1 - 3 ; S 1 D 2 S 3 ; D 1 - 2 S 3 ; D 1 S 2  END                        0.0247   -0.00017 -0.02472
  61.    40   D 1 - 4 ; D 1 - 2 ; D 1 - 2 S 3 ; S 1  END                                0.0242    0.02419
  62. 14928   D 1 - 2 S 3 S 5 ; D 1 - 2 S 3 - 4 ; D 1 S 2 ; D 1 S 2  END                0.0234   -0.00002 -0.00141  0.00046  0.02316
                                                                                                  0.00309
  63.  2459   D 1 - 2 S 3 - 4 ; D 1 S 2 D 3 S 4 ; D 1 S 2 ; D 1 S 2  END                0.0234    0.00030  0.00122 -0.00080 -0.02316
                                                                                                 -0.00309
  64. 14953   D 1 - 2 S 3 S 5 ; D 1 - 2 S 3 - 4 ; S 1 D 2 ; D 1 S 3  END                0.0234   -0.00009 -0.00069  0.00036  0.02311
                                                                                                  0.00361
  65.  2468   D 1 - 2 S 3 - 4 ; D 1 S 2 D 3 S 4 ; S 1 D 2 ; D 1 S 3  END                0.0234    0.00006  0.00071 -0.00033 -0.02311
                                                                                                 -0.00361
  66. 10898   D 1 - 3 ; D 1 - 2 S 3 - 4 ; D 1 S 2 ; S 1 - 3  END                        0.0233   -0.01753 -0.00578  0.01302  0.00490
                                                                                                  0.00270
  67.  2409   D 1 - 2 S 3 - 4 ; D 1 - 3 ; S 1 - 3 ; D 1 S 2  END                        0.0233    0.00457  0.01494 -0.01302  0.01098
                                                                                                 -0.00270
  68.  1783   D 1 - 3 ; D 1 - 2 S 3 - 4 ; S 1 D 2 ; D 1 S 3  END                        0.0228   -0.01536  0.01682
  69.   219   D 1 - 2 S 3 - 4 ; D 1 - 3 ; S 1 D 2 ; D 1 S 3  END                        0.0228    0.01536 -0.01682
  70. 11201   D 1 - 3 S 5 ; D 1 S 2 D 3 ; S 1 D 2 S 3 ; S 1 S 3  END                    0.0227    0.01158 -0.00621 -0.00948  0.01304
                                                                                                  0.00910
  71. 16543   D 1 - 2 ; D 1 - 4 ; S 1 D 2 ; D 1 S 3  END                                0.0216   -0.02155
  72. 10715   D 1 - 3 ; D 1 - 3 ; D 1 S 3 ; S 1 D 2  END                                0.0215    0.02153
  73.   384   S 1 D 2 - 3 S 4 ; D 1 - 3 ; D 1 S 2 ; D 1 S 2  END                        0.0213   -0.01135  0.01803
  74.  1778   D 1 - 3 ; D 1 - 2 S 3 S 6 ; D 1 S 2 ; D 1 S 2  END                        0.0213    0.01135 -0.01803
  75. 15061   D 1 - 2 S 3 S 5 ; D 1 S 2 D 3 S 4 ; S 1 D 2 ; D 1 S 3  END                0.0212    0.00008  0.00210 -0.00115  0.01242
                                                                                                  0.01706
  76. 11140   D 1 - 3 S 5 ; D 1 S 2 D 3 ; D 1 S 2 - 3 ; S 1 - 2  END                    0.0212    0.01136 -0.00539 -0.00772  0.01239
                                                                                                  0.00886
  77.  1402   D 1 - 3 S 4 ; D 1 S 2 D 3 ; D 1 ; D 1 S 2 - 3  END                        0.0211    0.01443  0.01535
  78. 10979   D 1 - 3 S 5 ; D 1 - 2 S 3 ; S 1 - 2 ; D 1 - 2  END                        0.0211    0.01443  0.01535
  79. 15036   D 1 - 2 S 3 S 5 ; D 1 S 2 D 3 S 4 ; D 1 S 2 ; D 1 S 2  END                0.0209    0.00015  0.00289 -0.00155  0.01149
                                                                                                  0.01710
  80. 16514   D 1 - 2 ; D 1 - 4 ; D 1 S 2 ; D 1 S 2  END                                0.0207   -0.02075
  81.  4890   S 1 D 2 - 3 ; D 1 S 2 D 3 ; D 1 - 2 ; D 1 S 2 - 3  END                    0.0206   -0.00209 -0.02053
  82.  1751   D 1 - 3 S 5 ; D 1 - 3 S 6 ; S 1 - 2 ; D 1  END                            0.0206   -0.00209 -0.02053
  83.   121   D 1 - 3 S 4 S 6 ; D 1 - 3 ; S 1 D 2 ; S 1  END                            0.0206    0.00002  0.02055
  84.  1865   D 1 - 3 ; S 1 D 2 S 3 ; D 1 - 2 S 3 ; D 1 S 3  END                        0.0206   -0.00002 -0.02055
  85. 19448   D 1 S 2 D 3 ; D 1 - 3 S 5 ; S 1 - 2 ; D 1 S 2 - 3  END                    0.0203    0.01147  0.01554  0.00465  0.00039
                                                                                                 -0.00435
  86. 14816   D 1 - 2 S 3 S 5 ; D 1 - 3 ; S 1 D 2 ; S 1 - 3  END                        0.0203   -0.01396 -0.00542  0.01205 -0.00493
                                                                                                 -0.00412
  87. 11249   D 1 - 3 ; D 1 S 2 D 3 S 4 ; S 1 - 3 ; D 1 S 3  END                        0.0203   -0.01123 -0.00735  0.01205 -0.00827
                                                                                                 -0.00412
  88. 10716   D 1 - 3 ; D 1 - 3 ; D 1 S 3 ; S 1 - 3  END                                0.0201    0.01961 -0.00433
  89. 10767   D 1 - 3 ; D 1 - 3 ; S 1 - 3 ; S 1 D 2  END                                0.0201   -0.01961  0.00433
  90. 14840   D 1 - 2 S 3 S 5 ; D 1 - 3 ; S 1 - 3 ; D 1 S 2  END                        0.0199   -0.00363 -0.01243  0.01172 -0.00842
                                                                                                  0.00432
  91. 11154   D 1 - 3 ; D 1 S 2 D 3 S 4 ; D 1 S 2 ; S 1 - 3  END                        0.0199   -0.01394 -0.00514  0.01172  0.00422
                                                                                                  0.00432
  92. 10821   D 1 - 3 ; D 1 - 3 ; D 2 S 3 ; S 1 D 3  END                                0.0199    0.01985
  93. 10884   D 1 - 3 S 5 ; D 1 - 2 S 3 ; D 1 S 2 - 3 ; S 1 - 2  END                    0.0198    0.01051  0.00704 -0.01388  0.00465
                                                                                                  0.00418
  94.  1389   D 1 - 3 S 4 ; D 1 S 2 D 3 ; D 1 S 2 - 3 ; S 1 - 2  END                    0.0198   -0.01062 -0.00696  0.01388 -0.00451
                                                                                                 -0.00418
  95. 14841   D 1 - 2 S 3 S 5 ; D 1 - 3 ; S 1 - 3 ; D 1 S 3  END                        0.0197    0.01035  0.00737 -0.01168  0.00856
                                                                                                  0.00431
  96. 11214   D 1 - 3 ; D 1 S 2 D 3 S 4 ; S 1 D 2 ; S 1 - 3  END                        0.0197    0.01392  0.00486 -0.01168  0.00420
                                                                                                  0.00431
  97.  1424   D 1 - 3 S 4 ; D 1 S 2 D 3 ; S 1 - 2 ; D 1 D 3  END                        0.0197    0.01264 -0.01512
  98. 11008   D 1 - 3 S 5 ; D 1 - 2 S 3 ; D 2 ; D 1 S 2 - 3  END                        0.0197    0.01264 -0.01512
  99.  4740   S 1 D 2 - 3 S 4 ; D 1 - 2 S 3 S 6 ; D 1 S 2 ; D 1 S 2  END                0.0196    0.00430  0.00721 -0.00065 -0.00545
                                                                                                 -0.01679
 100.   126   D 1 - 3 S 4 ; D 1 - 3 S 5 ; D 2 ; D 1  END                                0.0195    0.01955




 POSITION OF FIRST SPIN COUPLING FOR TEN MOST IMPORTANT CONFIGURATIONS
     232    229    228      1    231    230    235    233      4   2622



 ********************************
 RESULTS FOR ROOT   05
 TOTAL CI ENERGY =   -600.9071494
 ********************************

       CONF.                                                                           COEFF.
        NO.        SPACE ORBITAL PRODUCTS                                             CONTRIB.      CI COEFFICIENTS

       -----       ----------------------                                             --------   ---------------------
   1.   164   D 1 - 3 S 6 ; D 1 - 2 S 3 ; D 1 - 2 ; D 1  END                            0.3553    0.35532
   2.     5   D 1 - 3 S 4 ; S 1 D 2 - 3 ; D 1 - 2 ; D 1  END                            0.3553    0.35532
   3.   227   D 1 - 2 S 3 ; D 1 - 3 S 5 ; D 1 - 2 ; D 1  END                            0.2152   -0.21524
   4.   300   D 1 S 2 D 3 ; D 1 - 3 S 4 ; D 1 - 2 ; D 1  END                            0.2152    0.21524
   5.   130   D 1 - 3 S 4 ; D 1 - 2 S 3 ; D 1 S 2 - 3 ; D 1  END                        0.1994   -0.19657  0.03333
   6.   128   D 1 - 3 S 4 ; D 1 - 2 S 3 ; D 1 - 2 ; S 1 - 2  END                        0.1994    0.19657 -0.03333
   7.   129   D 1 - 3 S 4 ; D 1 - 2 S 3 ; D 1 - 2 ; S 1 S 3  END                        0.1760    0.17279 -0.03339
   8.   131   D 1 - 3 S 4 ; D 1 - 2 S 3 ; S 1 D 2 S 3 ; D 1  END                        0.1760   -0.17279  0.03339
   9.  1788   D 1 - 3 S 5 ; D 1 - 2 S 4 ; D 1 - 2 ; D 1  END                            0.1596   -0.15957
  10.     7   D 1 - 2 S 3 D 4 ; D 1 S 2 D 3 ; D 1 - 2 ; D 1  END                        0.1596   -0.15957
  11.   228   D 1 - 2 S 3 ; D 1 - 3 S 6 ; D 1 - 2 ; D 1  END                            0.1518    0.15182
  12.   394   S 1 D 2 - 3 ; D 1 - 3 S 4 ; D 1 - 2 ; D 1  END                            0.1518   -0.15182
  13.   139   D 1 - 3 S 4 ; D 1 S 2 - 4 ; D 1 - 2 ; D 1  END                            0.1142    0.11349 -0.01252
  14.   220   D 1 - 2 S 3 - 5 ; D 1 - 2 S 3 ; D 1 - 2 ; D 1  END                        0.1142   -0.11349  0.01252
  15.  2561   D 1 - 2 S 3 ; D 1 - 2 S 3 D 4 ; D 1 - 2 ; D 1  END                        0.1137   -0.11372
  16.   240   D 1 - 2 S 4 ; D 1 - 3 S 4 ; D 1 - 2 ; D 1  END                            0.1137    0.11372
  17.   166   D 1 - 3 S 6 ; D 1 S 2 D 3 ; D 1 - 2 ; D 1  END                            0.0893    0.08931
  18.   167   D 1 - 3 S 5 ; S 1 D 2 - 3 ; D 1 - 2 ; D 1  END                            0.0893   -0.08931
  19.     6   D 1 - 2 S 3 D 4 ; D 1 - 2 S 3 ; D 1 - 2 ; D 1  END                        0.0741    0.07408
  20.   132   D 1 - 3 S 4 ; D 1 - 2 S 4 ; D 1 - 2 ; D 1  END                            0.0741   -0.07408
  21.   215   D 1 - 2 S 3 - 4 ; D 1 - 3 ; D 1 - 2 S 3 ; S 1  END                        0.0733   -0.06126  0.04017
  22.  1769   D 1 - 3 ; D 1 - 2 S 3 - 4 ; D 1 - 2 S 3 ; S 1  END                        0.0733   -0.06126  0.04017
  23.  2548   D 1 - 2 S 3 ; D 1 - 3 S 4 ; D 1 S 2 - 3 ; D 1  END                        0.0725    0.06674  0.02836
  24.  2538   D 1 - 2 S 3 ; D 1 - 3 S 4 ; D 1 - 2 ; S 1 - 2  END                        0.0725   -0.06674 -0.02836
  25.  2558   D 1 - 2 S 3 D 5 ; D 1 - 2 S 3 ; D 1 - 2 ; D 1  END                        0.0721   -0.07211
  26.   142   D 1 - 3 S 4 ; D 1 D 3 S 4 ; D 1 - 2 ; D 1  END                            0.0721    0.07211
  27.  2555   D 1 - 2 S 3 ; D 1 - 3 S 4 ; S 1 D 2 S 3 ; D 1  END                        0.0638    0.05872  0.02507
  28.  2539   D 1 - 2 S 3 ; D 1 - 3 S 4 ; D 1 - 2 ; S 1 S 3  END                        0.0638   -0.05872 -0.02507
  29.  2833   D 1 - 2 S 5 ; D 1 - 3 S 4 ; D 1 - 2 ; D 1  END                            0.0591   -0.05910
  30.  2574   D 1 - 2 S 3 ; D 1 S 2 D 3 - 4 ; D 1 - 2 ; D 1  END                        0.0591   -0.05910
  31.  1774   D 1 - 3 ; D 1 - 2 S 3 - 4 ; D 1 S 2 ; D 1 S 2  END                        0.0565   -0.05326 -0.01892
  32.   216   D 1 - 2 S 3 - 4 ; D 1 - 3 ; D 1 S 2 ; D 1 S 2  END                        0.0565   -0.05326 -0.01892
  33.     9   D 1 S 2 D 3 - 4 ; D 1 - 2 S 3 ; D 1 - 2 ; D 1  END                        0.0557   -0.05568
  34.   133   D 1 - 3 S 4 ; D 1 - 2 S 5 ; D 1 - 2 ; D 1  END                            0.0557    0.05568
  35.   134   D 1 - 3 S 4 ; D 1 - 2 S 6 ; D 1 - 2 ; D 1  END                            0.0556   -0.05556
  36.    12   S 1 D 2 - 4 ; D 1 - 2 S 3 ; D 1 - 2 ; D 1  END                            0.0556    0.05556
  37.  1783   D 1 - 3 ; D 1 - 2 S 3 - 4 ; S 1 D 2 ; D 1 S 3  END                        0.0538   -0.05085 -0.01765
  38.   219   D 1 - 2 S 3 - 4 ; D 1 - 3 ; S 1 D 2 ; D 1 S 3  END                        0.0538   -0.05085 -0.01764
  39.   222   D 1 - 2 S 3 - 5 ; D 1 S 2 D 3 ; D 1 - 2 ; D 1  END                        0.0501   -0.02959  0.04045
  40.  1819   D 1 - 3 S 5 ; D 1 S 2 - 4 ; D 1 - 2 ; D 1  END                            0.0501   -0.02959  0.04045
  41.  2567   D 1 - 2 S 3 ; D 1 - 2 S 3 ; D 1 - 3 ; D 1  END                            0.0486    0.04858
  42.   112   D 1 - 3 S 4 ; D 1 - 3 S 4 ; D 1 - 2  END                                  0.0486   -0.04858
  43.   149   D 1 - 3 S 4 ; S 1 D 2 S 3 - 4 ; D 1 - 2 ; D 1  END                        0.0482    0.00030 -0.04824
  44.   221   D 1 - 2 S 3 - 4 S 6 ; D 1 - 2 S 3 ; D 1 - 2 ; D 1  END                    0.0482   -0.00030  0.04824
  45.   150   D 1 - 3 S 4 ; S 1 D 2 S 3 S 5 ; D 1 - 2 ; D 1  END                        0.0479   -0.02824  0.03871
  46.   295   D 1 S 2 D 3 S 4 S 6 ; D 1 - 2 S 3 ; D 1 - 2 ; D 1  END                    0.0479    0.02824 -0.03871
  47.  1796   D 1 - 3 S 5 ; D 1 S 2 D 3 ; D 1 - 2 ; S 1 - 2  END                        0.0452   -0.04464  0.00681
  48.  1803   D 1 - 3 S 5 ; D 1 S 2 D 3 ; D 1 S 2 - 3 ; D 1  END                        0.0452    0.04464 -0.00681
  49.  2559   D 1 - 2 S 3 S 5 - 6 ; D 1 - 2 S 3 ; D 1 - 2 ; D 1  END                    0.0438   -0.03332  0.02847
  50.   152   D 1 - 3 S 4 ; S 1 - 2 D 3 S 4 ; D 1 - 2 ; D 1  END                        0.0438   -0.03332  0.02847
  51.  1811   D 1 - 3 S 5 ; D 1 S 2 D 3 ; S 1 D 2 S 3 ; D 1  END                        0.0397    0.03936 -0.00532
  52.  1797   D 1 - 3 S 5 ; D 1 S 2 D 3 ; D 1 - 2 ; S 1 S 3  END                        0.0397   -0.03936  0.00532
  53.  2569   D 1 - 2 S 3 ; D 1 - 2 S 3 ; D 1 - 2 ; D 1 S 2 - 3  END                    0.0380    0.00130 -0.03797
  54.   122   D 1 - 3 S 4 ; D 1 - 3 S 4 ; S 1 - 2 ; D 1  END                            0.0380    0.00130 -0.03797
  55.  1734   D 1 - 3 ; D 1 - 3 ; D 1 S 3 ; D 1 S 2  END                                0.0375    0.03746
  56.  1725   D 1 - 3 ; D 1 - 3 ; D 1 S 2 ; S 1 D 2  END                                0.0375    0.03746
  57.   223   D 1 - 2 S 3 - 4 S 6 ; D 1 S 2 D 3 ; D 1 - 2 ; D 1  END                    0.0360   -0.00050 -0.03595
  58.  1858   D 1 - 3 S 5 ; S 1 D 2 S 3 - 4 ; D 1 - 2 ; D 1  END                        0.0360   -0.00050 -0.03595
  59.  1764   D 1 - 3 ; D 1 - 3 ; D 2 S 3 ; D 1 S 3  END                                0.0357    0.03569
  60.  1748   D 1 - 3 ; D 1 - 3 ; S 1 D 2 ; S 1 D 3  END                                0.0357    0.03569
  61.  1790   D 1 - 3 S 5 ; D 1 - 2 S 6 ; D 1 - 2 ; D 1  END                            0.0349   -0.03494
  62.    13   S 1 D 2 - 4 ; D 1 S 2 D 3 ; D 1 - 2 ; D 1  END                            0.0349   -0.03494
  63.  2839   D 1 - 2 ; D 1 - 3 ; D 1 - 2 S 3 ; D 1 S 2  END                            0.0344    0.03442
  64.  1718   D 1 - 3 ; D 1 - 4 ; D 1 S 2 ; S 1  END                                    0.0344    0.03442
  65.  1794   D 1 - 3 ; D 1 - 2 ; D 1 - 2 S 3 ; D 1 S 2  END                            0.0342    0.03422
  66.     2   D 1 - 4 ; D 1 - 3 ; D 1 S 2 ; S 1  END                                    0.0342    0.03422
  67.   135   D 1 - 3 S 4 ; D 1 S 2 D 3 ; D 1 - 2 ; S 1 - 2  END                        0.0321   -0.02578 -0.01914
  68.  1772   D 1 - 3 S 5 ; D 1 - 2 S 3 ; D 1 S 2 - 3 ; D 1  END                        0.0321   -0.02578 -0.01914
  69.  3520   D 1 S 2 D 3 ; D 1 - 2 S 3 D 4 ; D 1 - 2 ; D 1  END                        0.0320   -0.03201
  70.   241   D 1 - 2 S 4 ; D 1 - 3 S 5 ; D 1 - 2 ; D 1  END                            0.0320    0.03201
  71.   314   D 1 S 2 - 4 ; D 1 - 3 S 4 ; D 1 - 2 ; D 1  END                            0.0319    0.01046  0.03017
  72.  2562   D 1 - 2 S 3 ; D 1 - 2 S 3 - 5 ; D 1 - 2 ; D 1  END                        0.0319    0.01046  0.03017
  73.  2840   D 1 - 2 ; D 1 - 3 ; D 1 - 2 S 3 ; D 1 S 3  END                            0.0316    0.03165
  74.  1739   D 1 - 3 ; D 1 - 4 ; S 1 D 2 ; S 1  END                                    0.0316    0.03165
  75.  1795   D 1 - 3 ; D 1 - 2 ; D 1 - 2 S 3 ; D 1 S 3  END                            0.0316    0.03159
  76.     3   D 1 - 4 ; D 1 - 3 ; S 1 D 2 ; S 1  END                                    0.0316    0.03159
  77.  1800   D 1 - 3 ; D 1 S 2 D 3 S 4 ; D 1 - 2 S 3 ; S 1  END                        0.0314   -0.02574  0.01804
  78.  2536   D 1 - 2 S 3 S 5 ; D 1 - 3 ; D 1 - 2 S 3 ; S 1  END                        0.0314    0.02574 -0.01804
  79.  1825   D 1 - 3 ; D 1 S 2 - 3 ; D 1 - 2 S 3 ; D 1 S 2  END                        0.0311    0.00067  0.03109
  80.   115   D 1 - 3 S 4 - 5 ; D 1 - 3 ; D 1 S 2 ; S 1  END                            0.0311    0.00067  0.03109
  81.  1765   D 1 - 3 S 5 ; D 1 - 2 S 3 ; D 1 - 2 ; S 1 - 2  END                        0.0308    0.02533  0.01755
  82.   137   D 1 - 3 S 4 ; D 1 S 2 D 3 ; D 1 S 2 - 3 ; D 1  END                        0.0308    0.02533  0.01755
  83.  1747   D 1 - 3 ; D 1 - 3 ; S 1 D 2 ; S 1 - 3  END                                0.0307   -0.02203 -0.02134
  84.  1756   D 1 - 3 ; D 1 - 3 ; S 1 - 3 ; D 1 S 3  END                                0.0307    0.02202  0.02134
  85.   297   D 1 S 2 D 3 S 4 S 6 ; D 1 S 2 D 3 ; D 1 - 2 ; D 1  END                    0.0301    0.01487  0.02612
  86.  1859   D 1 - 3 S 5 ; S 1 D 2 S 3 S 5 ; D 1 - 2 ; D 1  END                        0.0301    0.01487  0.02612
  87.   315   D 1 S 2 - 4 ; D 1 - 3 S 5 ; D 1 - 2 ; D 1  END                            0.0297    0.01669 -0.02455
  88.  3521   D 1 S 2 D 3 ; D 1 - 2 S 3 - 5 ; D 1 - 2 ; D 1  END                        0.0297    0.01669 -0.02455
  89.   141   D 1 - 3 S 4 ; D 1 S 2 - 3 S 6 ; D 1 - 2 ; D 1  END                        0.0294    0.02658 -0.01268
  90.   388   S 1 D 2 - 3 S 4 - 5 ; D 1 - 2 S 3 ; D 1 - 2 ; D 1  END                    0.0294   -0.02658  0.01268
  91.  1766   D 1 - 3 S 5 ; D 1 - 2 S 3 ; D 1 - 2 ; S 1 S 3  END                        0.0289    0.02354  0.01678
  92.   138   D 1 - 3 S 4 ; D 1 S 2 D 3 ; S 1 D 2 S 3 ; D 1  END                        0.0289    0.02354  0.01678
  93.  2588   D 1 - 2 S 3 ; S 1 D 2 - 3 S 4 - 5 ; D 1 - 2 ; D 1  END                    0.0277   -0.01887 -0.02028
  94.  3795   D 1 S 2 - 3 S 6 ; D 1 - 3 S 4 ; D 1 - 2 ; D 1  END                        0.0277    0.01887  0.02028
  95.  1780   D 1 - 3 S 5 ; D 1 - 2 S 3 ; S 1 D 2 S 3 ; D 1  END                        0.0274   -0.02294 -0.01502
  96.   136   D 1 - 3 S 4 ; D 1 S 2 D 3 ; D 1 - 2 ; S 1 S 3  END                        0.0274   -0.02294 -0.01502
  97.  1826   D 1 - 3 ; D 1 S 2 - 3 ; D 1 - 2 S 3 ; D 1 S 3  END                        0.0274   -0.00081  0.02739
  98.   120   D 1 - 3 S 4 - 5 ; D 1 - 3 ; S 1 D 2 ; S 1  END                            0.0274   -0.00081  0.02738
  99.  3518   D 1 S 2 D 3 S 5 - 6 ; D 1 - 2 S 3 ; D 1 - 2 ; D 1  END                    0.0271   -0.00845 -0.02577
 100.   153   D 1 - 3 S 4 ; S 1 - 2 D 3 S 5 ; D 1 - 2 ; D 1  END                        0.0271   -0.00845 -0.02577




 POSITION OF FIRST SPIN COUPLING FOR TEN MOST IMPORTANT CONFIGURATIONS
     234      5    336    448    181    177    179    183   3730      7



 ELAPSED TIME =     160.47 CPU SECONDS. (    162.23 WALL CLOCK SECONDS)
