 ************************************************************************
 * RTSIM - DAVIDSON METHOD SPARSE MATRIX EIGENVALUE/EIGENVECTOR PROGRAM *
 * QUANTUM CHEMISTRY GROUP - INDIANA UNIVERSITY -  5Apr 2016  22:44:12  *
 ************************************************************************



                 DIAGONALIZATION RUN TITLE
                 -------------------------
 )* WATER TEST *



 ) DAVIDSON
 ) LAST=3
 ) COEFF
 ) NOVLP
 ) MAXITR=1000 END

 THE CI MATRIX IS TITLED:  H2O  -SINGLET A1-  STO-3G HF SD-CI TEST
 THE MATRIX IS DATED:      5Apr 2016  22:44:07 
 THE SPIN MULTIPLICITY IS 1 AND THE DIMENSION IS   9632.

 ROOTS  1 THROUGH  3 WILL BE OBTAINED.

  
  
  
 AMOUNT OF CORE AVAILABLE                      80000000
 MAXIMUM NUMBER OF VECTORS PER ITERATION              3
 MAXIMUM NUMBER OF VECTORS ON DISK                   19
 NUMBER OF SOLUTIONS SOUGHT                           3
 NUMBER OF SOLUTIONS INVESTIGATED                     3
 SIZE OF MATRIX DIAGONALISED                       9632
  
  
 INITIAL GUESS AT ROOTS (OBTAINED FROM DIAGONAL ELEMENTS OF HAMILTONIAN MATRIX)

                1        -193.92748
               10        -193.92748
               16        -191.77738


 ITERATION       ROOT           EIGENVALUE          NORM OF RESIDUAL
     1             1          -194.25836561              3.20047
     1             2          -193.64436701              3.03656
     1             3          -191.72960033              3.34149
     2             1          -195.24944550              3.05166
     2             2          -194.63262809              3.73748
     2             3          -192.31167152              9.40648
     2             1          -195.24944550              1.62367
     2             2          -194.63262809              1.71531
     2             3          -192.31167152              3.31752
     3             1          -195.41286311              1.91848
     3             2          -194.85281932              2.61924
     3             3          -193.32062448              9.39644
     3             1          -195.41286311              0.73897
     3             2          -194.85281932              0.84789
     3             3          -193.32062448              2.28991
     4             1          -195.43741577              1.02456
     4             2          -194.89042864              1.39943
     4             3          -193.74735636              5.64015
     4             1          -195.43741577              0.37745
     4             2          -194.89042864              0.44063
     4             3          -193.74735636              1.04679
     5             1          -195.44327935              0.66174
     5             2          -194.89856617              0.81826
     5             3          -193.81153496              2.73431
     5             1          -195.44327935              0.18566
     5             2          -194.89856617              0.21816
     5             3          -193.81153496              0.52756
     6             1          -195.44463868              0.41729
     6             2          -194.90083203              0.54980
     6             3          -193.82679679              1.73416
  truncating with vlp=false 
 TRUNCATION TO 1 VECTOR PER ROOT HAS BEEN PERFORMED
     6             1          -195.44463868              0.10002
     6             2          -194.90083203              0.13276
     6             3          -193.82679679              0.32458
     7             1          -195.44493159              0.09280
     7             2          -194.90139618              0.13503
     7             3          -193.83103898              0.45316
     7             1          -195.44493159              0.05474
     7             2          -194.90139618              0.07867
     7             3          -193.83103898              0.19883
     8             1          -195.44506467              0.15315
     8             2          -194.90178658              0.30637
     8             3          -193.83400052              1.23399
     8             1          -195.44506467              0.02801
     8             2          -194.90178658              0.06174
     8             3          -193.83400052              0.15171
     9             1          -195.44509733              0.08516
     9             2          -194.90200466              0.27507
     9             3          -193.83411936              0.25361
     9             1          -195.44509733              0.01391
     9             2          -194.90200466              0.03805
     9             3          -193.83411936              0.16274
    10             1          -195.44510569              0.04368
    10             2          -194.90207527              0.14791
    10             3          -193.83556586              1.11303
    10             1          -195.44510569              0.00591
    10             2          -194.90207527              0.01837
    10             3          -193.83556586              0.12414
    11             1          -195.44510711              0.01649
    11             2          -194.90209259              0.06640
    11             3          -193.83557774              0.07384
  truncating with vlp=false 
 TRUNCATION TO 1 VECTOR PER ROOT HAS BEEN PERFORMED
    11             1          -195.44510711              0.00241
    11             2          -194.90209259              0.00991
    11             3          -193.83557774              0.12771
    12             1          -195.44510726              0.00222
    12             2          -194.90209622              0.01214
    12             3          -193.83558779              0.03977
    12             1          -195.44510726              0.00102
    12             2          -194.90209622              0.00657
    12             3          -193.83558779              0.12235
    13             1          -195.44510730              0.00194
    13             2          -194.90209918              0.02559
    13             3          -193.83613878              0.28791
    13             1          -195.44510730              0.00046
    13             2          -194.90209918              0.00493
    13             3          -193.83613878              0.07785
    14             1          -195.44510731              0.00100
    14             2          -194.90210013              0.01496
    14             3          -193.83634097              0.35510
    14             1          -195.44510731              0.00021
    14             2          -194.90210013              0.00296
    14             3          -193.83634097              0.05203
    15             1          -195.44510731              0.00057
    15             2          -194.90210048              0.01059
    15             3          -193.83653335              0.38454
    15             1          -195.44510731              0.00011
    15             2          -194.90210048              0.00155
    15             3          -193.83653335              0.05845
    16             1          -195.44510731              0.00037
    16             2          -194.90210057              0.00765
    16             3          -193.83678580              0.89383
  truncating with vlp=false 
 TRUNCATION TO 1 VECTOR PER ROOT HAS BEEN PERFORMED
    16             1          -195.44510731              0.00006
    16             2          -194.90210057              0.00103
    16             3          -193.83678580              0.06309
     ROOT    ITERATION     NUMBER OF PRODUCTS       EIGENVALUE
       1        16                45                -195.4451073094


    17             2          -194.90210061              0.00101
    17             3          -193.83693014              0.07952
    17             2          -194.90210061              0.00066
    17             3          -193.83693014              0.03819
    18             2          -194.90210063              0.00226
    18             3          -193.83700065              0.19813
    18             2          -194.90210063              0.00045
    18             3          -193.83700065              0.02642
    19             2          -194.90210064              0.00169
    19             3          -193.83703396              0.13477
    19             2          -194.90210064              0.00030
    19             3          -193.83703396              0.03311
    20             2          -194.90210065              0.00105
    20             3          -193.83709583              0.28256
    20             2          -194.90210065              0.00017
    20             3          -193.83709583              0.03202
    21             2          -194.90210065              0.00050
    21             3          -193.83710077              0.05174
    21             2          -194.90210065              0.00011
    21             3          -193.83710077              0.03536
    22             2          -194.90210065              0.00052
    22             3          -193.83720645              0.62844
    22             2          -194.90210065              0.00007
    22             3          -193.83720645              0.02529
     ROOT    ITERATION     NUMBER OF PRODUCTS       EIGENVALUE
       2        22                57                -194.9021006488


    23             3          -193.83722406              0.12403
    23             3          -193.83722406              0.01115
    24             3          -193.83722765              0.03508
    24             3          -193.83722765              0.00580
    25             3          -193.83722846              0.01843
    25             3          -193.83722846              0.00182
    26             3          -193.83722863              0.01178
  truncating with vlp=false 
 TRUNCATION TO 1 VECTOR PER ROOT HAS BEEN PERFORMED
    26             3          -193.83722863              0.00118
    27             3          -193.83722868              0.00099
    27             3          -193.83722868              0.00073
    28             3          -193.83722872              0.00247
    28             3          -193.83722872              0.00061
    29             3          -193.83722873              0.00200
    29             3          -193.83722873              0.00037
    30             3          -193.83722874              0.00057
    30             3          -193.83722874              0.00039
    31             3          -193.83722874              0.00104
    31             3          -193.83722874              0.00024
    32             3          -193.83722874              0.00081
    32             3          -193.83722874              0.00012
    33             3          -193.83722874              0.00020
    33             3          -193.83722874              0.00013
    34             3          -193.83722874              0.00055
    34             3          -193.83722874              0.00009
     ROOT    ITERATION     NUMBER OF PRODUCTS       EIGENVALUE
       3        34                69                -193.8372287434


  all roots converged 
  

 ************************************
 COMPLETED CI VECTOR OPTIMISATION
 ************************************





 ********************************
 RESULTS FOR ROOT   01
 TOTAL CI ENERGY =   -195.4451073
 ********************************

       CONF.                                                                           COEFF.
        NO.        SPACE ORBITAL PRODUCTS                                             CONTRIB.      CI COEFFICIENTS

       -----       ----------------------                                             --------   ---------------------
   1.    10   D 1 - 3 S 4 ; D 1 S 2  END                                                0.6420   -0.64203
   2.     1   D 1 - 2 S 3 ; D 1 - 2 S 3  END                                            0.6420    0.64203
   3.    11   D 1 - 3 S 5 ; D 1 S 2  END                                                0.1611   -0.16108
   4.     4   D 1 S 2 D 3 ; D 1 - 2 S 3  END                                            0.1611    0.16108
   5.    40   D 1 - 2 S 4 ; D 1 S 2 D 3  END                                            0.1292    0.12924
   6.   135   D 1 - 2 S 3 D 4 ; D 1 S 3  END                                            0.1292   -0.12924
   7.    46   D 1 S 2 D 3 ; D 1 - 2 S 4  END                                            0.0770   -0.07703
   8.    17   D 1 - 3 S 5 ; S 1 D 2  END                                                0.0770    0.07703
   9.    31   D 1 - 2 S 3 ; D 1 - 2 S 4  END                                            0.0578    0.05782
  10.    16   D 1 - 3 S 4 ; S 1 D 2  END                                                0.0578   -0.05782
  11.   263   D 1 S 2 S 4 - 5 ; D 1 - 2 S 3  END                                        0.0545   -0.02647  0.04762
  12.   720   D 1 S 2 - 3 D 4 S 5 ; D 1 S 2  END                                        0.0545    0.02801 -0.04674
  13.    18   D 1 - 3 S 6 ; S 1 D 2  END                                                0.0526   -0.05262
  14.    72   S 1 D 2 - 3 ; D 1 - 2 S 4  END                                            0.0526    0.05262
  15.   377   S 1 D 2 S 3 - 4 ; D 1 S 2 - 4  END                                        0.0467    0.01635  0.01872  0.01322  0.01495
                                                                                                 -0.03414
  16.   151   D 1 - 2 S 3 - 4 S 6 ; S 1 - 3  END                                        0.0467   -0.01635  0.00873 -0.03080 -0.02906
                                                                                                  0.00669
  17.   150   D 1 - 2 S 3 - 5 ; S 1 - 3  END                                            0.0455    0.01690 -0.01413  0.02884  0.02717
                                                                                                 -0.00350
  18.   247   D 1 S 2 - 4 ; D 1 S 2 - 4  END                                            0.0455   -0.01690 -0.01810 -0.00856 -0.01023
                                                                                                  0.03573
  19.    55   D 1 S 2 - 4 ; D 1 S 2 D 3  END                                            0.0436   -0.02084  0.03829
  20.   136   D 1 - 2 S 3 - 5 ; D 1 S 3  END                                            0.0436    0.02274 -0.03719
  21.   394   S 1 D 2 S 4 S 6 ; D 1 - 2 S 3  END                                        0.0406   -0.02388  0.03281
  22.   999   S 1 D 2 S 3 D 4 S 6 ; D 1 S 2  END                                        0.0406    0.01647 -0.03709
  23.   584   D 1 - 2 S 3 D 4 ; S 1 - 2 S 4  END                                        0.0404   -0.02038  0.03493
  24.   186   D 1 - 2 S 4 ; S 1 D 2 S 3 - 4  END                                        0.0404    0.02006 -0.03512
  25.   203   D 1 S 2 D 3 S 4 - 5 ; D 1 S 3  END                                        0.0377    0.02367 -0.02935
  26.    56   D 1 S 2 - 3 S 5 ; D 1 S 2 D 3  END                                        0.0377   -0.01358  0.03517
  27.   614   D 1 - 2 D 4 S 5 ; D 1 S 2  END                                            0.0312    0.03123
  28.   262   D 1 S 2 D 4 ; D 1 - 2 S 3  END                                            0.0312   -0.03123
  29.   116   D 1 - 3 S 4 ; S 1 S 3 - 4  END                                            0.0309   -0.01030  0.02917
  30.    35   D 1 - 2 S 3 ; S 1 - 2 D 3 S 4  END                                        0.0309    0.02012 -0.02351
  31.   301   D 1 S 3 D 4 ; D 1 - 2 S 3  END                                            0.0301   -0.03013
  32.   616   D 1 - 2 S 4 D 5 ; D 1 S 2  END                                            0.0301    0.03013
  33.   149   D 1 - 2 S 3 D 4 ; S 1 - 3  END                                            0.0300   -0.02076  0.02168
  34.   180   D 1 - 2 S 4 ; D 1 S 2 - 4  END                                            0.0300    0.00840 -0.02882
  35.   723   D 1 S 2 - 6 ; D 1 S 2  END                                                0.0265    0.00560  0.00436  0.02266  0.00264
                                                                                                 -0.01155
  36.   432   S 1 - 5 ; D 1 - 2 S 3  END                                                0.0265   -0.00608 -0.00305 -0.02322 -0.00262
                                                                                                  0.01057
  37.   691   D 1 S 2 D 3 S 4 - 5 ; S 1 - 2 S 4  END                                    0.0255   -0.01861  0.00193 -0.00955 -0.01362
                                                                                                  0.00485
  38.   254   D 1 S 2 - 3 S 5 ; S 1 D 2 S 3 - 4  END                                    0.0255    0.01861  0.00592  0.00909  0.00502
                                                                                                 -0.01269
  39.     7   S 1 D 2 - 3 ; D 1 - 2 S 3  END                                            0.0255    0.02546
  40.    12   D 1 - 3 S 6 ; D 1 S 2  END                                                0.0255   -0.02546
  41.   828   D 1 D 3 S 4 D 5 ; D 1 S 2  END                                            0.0250    0.02499
  42.   304   D 1 S 3 D 5 ; D 1 - 2 S 3  END                                            0.0250   -0.02499
  43.   435   S 1 - 3 S 5 - 6 ; D 1 - 2 S 3  END                                        0.0234    0.00158  0.00237  0.02055  0.00139
                                                                                                 -0.01080
  44.  1107   S 1 - 2 D 3 S 4 - 6 ; D 1 S 2  END                                        0.0234   -0.00278 -0.00115 -0.02077 -0.00014
                                                                                                  0.01042
  45.   248   D 1 S 2 - 3 S 5 ; D 1 S 2 - 4  END                                        0.0225   -0.00943 -0.01432 -0.01149 -0.00589
                                                                                                  0.00688
  46.   217   D 1 S 2 D 3 S 4 - 5 ; S 1 - 3  END                                        0.0225    0.00943  0.00595  0.01073  0.01633
                                                                                                  0.00149
  47.  1001   S 1 D 2 S 3 - 6 ; D 1 S 2  END                                            0.0219    0.00150  0.00546  0.02111  0.00095
                                                                                                 -0.00045
  48.   433   S 1 - 4 S 6 ; D 1 - 2 S 3  END                                            0.0219   -0.00385 -0.00892 -0.01815  0.00488
                                                                                                  0.00557
  49.    83   S 1 D 2 S 3 S 6 ; D 1 S 2 D 3  END                                        0.0207   -0.01360  0.01562
  50.   334   S 1 D 2 - 3 S 4 S 6 ; D 1 S 3  END                                        0.0207    0.00672 -0.01959
  51.   970   S 1 D 2 - 3 S 4 S 6 ; S 1 - 2 S 4  END                                    0.0192   -0.01379 -0.00100 -0.00943 -0.00876
                                                                                                  0.00361
  52.   385   S 1 D 2 S 3 S 6 ; S 1 D 2 S 3 - 4  END                                    0.0192    0.01379  0.00542  0.00621  0.00688
                                                                                                 -0.00803
  53.  1000   S 1 D 2 S 3 - 4 D 5 ; D 1 S 2  END                                        0.0191    0.00067 -0.01913
  54.   303   D 1 S 3 - 4 S 6 ; D 1 - 2 S 3  END                                        0.0191   -0.01623  0.01015
  55.   152   D 1 - 2 S 3 D 5 ; S 1 - 3  END                                            0.0183    0.01509 -0.01043
  56.   286   D 1 D 3 S 4 ; D 1 S 2 - 4  END                                            0.0183   -0.00149  0.01828
  57.   138   D 1 - 2 S 3 D 5 ; D 1 S 3  END                                            0.0183   -0.01833
  58.    65   D 1 D 3 S 4 ; D 1 S 2 D 3  END                                            0.0183    0.01833
  59.   163   D 1 - 2 S 3 D 4 ; D 2 S 3  END                                            0.0175   -0.01749
  60.   619   D 1 - 2 S 4 ; D 1 S 2 D 4  END                                            0.0175    0.01749
  61.  1104   S 1 - 2 D 3 - 4 S 5 ; D 1 S 2  END                                        0.0174   -0.00464  0.01674
  62.   266   D 1 S 2 S 5 - 6 ; D 1 - 2 S 3  END                                        0.0174    0.01218 -0.01238
  63.    66   D 1 D 3 S 5 ; D 1 S 2 D 3  END                                            0.0156    0.01559
  64.   205   D 1 S 2 D 3 D 5 ; D 1 S 3  END                                            0.0156   -0.01559
  65.    81   S 1 D 2 S 3 - 4 ; D 1 S 2 D 3  END                                        0.0155   -0.00647  0.01408
  66.   137   D 1 - 2 S 3 - 4 S 6 ; D 1 S 3  END                                        0.0155    0.00896 -0.01264
  67.   141   D 1 - 2 S 3 ; D 1 S 3 D 4  END                                            0.0154   -0.01541
  68.    28   D 1 - 3 S 4 ; S 2 D 3  END                                                0.0154    0.01541
  69.   618   D 1 - 2 S 4 D 6 ; D 1 S 2  END                                            0.0152    0.01524
  70.   497   D 2 S 3 D 4 ; D 1 - 2 S 3  END                                            0.0152   -0.01524
  71.   563   D 1 - 3 S 4 ; S 2 D 4  END                                                0.0152    0.01516
  72.   169   D 1 - 2 S 3 ; D 2 S 3 D 4  END                                            0.0152   -0.01516
  73.   216   D 1 S 2 D 3 - 4 ; S 1 - 3  END                                            0.0151    0.00080 -0.01511
  74.   181   D 1 - 2 S 5 ; D 1 S 2 - 4  END                                            0.0151   -0.01269  0.00825
  75.   578   D 1 - 2 S 3 D 4 ; D 1 S 4  END                                            0.0151   -0.01506
  76.    43   D 1 - 2 S 4 ; S 1 D 2 - 3  END                                            0.0151    0.01505
  77.   684   D 1 S 2 D 3 - 4 ; D 1 S 4  END                                            0.0146    0.01457
  78.    44   D 1 - 2 S 5 ; S 1 D 2 - 3  END                                            0.0146   -0.01457
  79.    59   D 1 S 2 - 3 S 5 ; S 1 D 2 - 3  END                                        0.0145    0.01240 -0.00743
  80.   685   D 1 S 2 D 3 S 4 - 5 ; D 1 S 4  END                                        0.0145   -0.00024  0.01445
  81.   218   D 1 S 2 D 3 S 4 S 6 ; S 1 - 3  END                                        0.0144   -0.00881  0.00223 -0.00763 -0.00802
                                                                                                  0.00147
  82.   378   S 1 D 2 S 3 S 5 ; D 1 S 2 - 4  END                                        0.0144    0.00881  0.00512  0.00378  0.00339
                                                                                                 -0.00882
  83.   502   D 2 S 3 D 6 ; D 1 - 2 S 3  END                                            0.0136   -0.01361
  84.  1316   D 2 - 3 S 4 D 6 ; D 1 S 2  END                                            0.0136    0.01361
  85.    84   S 1 D 2 S 3 - 4 ; S 1 D 2 - 3  END                                        0.0133   -0.01190  0.00598
  86.   580   D 1 - 2 S 3 - 4 S 6 ; D 1 S 4  END                                        0.0133   -0.00077 -0.01329
  87.   579   D 1 - 2 S 3 - 5 ; D 1 S 4  END                                            0.0133    0.00035  0.01326
  88.    58   D 1 S 2 - 4 ; S 1 D 2 - 3  END                                            0.0133    0.01166 -0.00633
  89.   346   S 1 D 2 - 4 ; S 1 - 3  END                                                0.0130    0.00078  0.01295
  90.   182   D 1 - 2 S 6 ; D 1 S 2 - 4  END                                            0.0130    0.01160 -0.00580
  91.   827   D 1 D 3 - 4 S 6 ; D 1 S 2  END                                            0.0126    0.01262
  92.   395   S 1 D 2 D 5 ; D 1 - 2 S 3  END                                            0.0126   -0.01262
  93.   416   S 1 - 2 D 3 S 4 ; D 1 S 2 - 4  END                                        0.0125    0.00275  0.00706  0.00188  0.00201
                                                                                                 -0.00951
  94.   153   D 1 - 2 S 3 S 5 - 6 ; S 1 - 3  END                                        0.0125   -0.00275  0.00368 -0.00821 -0.00808
                                                                                                 -0.00123
  95.   831   D 1 D 3 S 4 ; D 1 S 2 D 4  END                                            0.0122    0.01219
  96.   166   D 1 - 2 S 3 D 5 ; D 2 S 3  END                                            0.0122   -0.01219
  97.   969   S 1 D 2 - 3 S 4 - 5 ; S 1 - 2 S 4  END                                    0.0121    0.00893  0.00214  0.00627  0.00453
                                                                                                  0.00172
  98.   255   D 1 S 2 - 3 S 6 ; S 1 D 2 S 3 - 4  END                                    0.0121   -0.00893 -0.00650 -0.00201 -0.00375
                                                                                                  0.00264
  99.   586   D 1 - 2 S 3 - 4 S 6 ; S 1 - 2 S 4  END                                    0.0118   -0.00570  0.00025 -0.00736 -0.00627
                                                                                                  0.00375
 100.   383   S 1 D 2 S 3 - 4 ; S 1 D 2 S 3 - 4  END                                    0.0118    0.00570  0.00303  0.00437  0.00547
                                                                                                 -0.00702




 POSITION OF FIRST SPIN COUPLING FOR TEN MOST IMPORTANT CONFIGURATIONS
      10      1     11      4     46    187     52     17     34     16



 ********************************
 RESULTS FOR ROOT   02
 TOTAL CI ENERGY =   -194.9021006
 ********************************

       CONF.                                                                           COEFF.
        NO.        SPACE ORBITAL PRODUCTS                                             CONTRIB.      CI COEFFICIENTS

       -----       ----------------------                                             --------   ---------------------
   1.    10   D 1 - 3 S 4 ; D 1 S 2  END                                                0.6176   -0.61761
   2.     1   D 1 - 2 S 3 ; D 1 - 2 S 3  END                                            0.6176   -0.61761
   3.    11   D 1 - 3 S 5 ; D 1 S 2  END                                                0.2531    0.25308
   4.     4   D 1 S 2 D 3 ; D 1 - 2 S 3  END                                            0.2531    0.25308
   5.    46   D 1 S 2 D 3 ; D 1 - 2 S 4  END                                            0.1243    0.12434
   6.    17   D 1 - 3 S 5 ; S 1 D 2  END                                                0.1243    0.12434
   7.    31   D 1 - 2 S 3 ; D 1 - 2 S 4  END                                            0.0634   -0.06337
   8.    16   D 1 - 3 S 4 ; S 1 D 2  END                                                0.0634   -0.06337
   9.    18   D 1 - 3 S 6 ; S 1 D 2  END                                                0.0619    0.06189
  10.    72   S 1 D 2 - 3 ; D 1 - 2 S 4  END                                            0.0619    0.06189
  11.   136   D 1 - 2 S 3 - 5 ; D 1 S 3  END                                            0.0502   -0.04919 -0.01000
  12.    55   D 1 S 2 - 4 ; D 1 S 2 D 3  END                                            0.0502    0.03326  0.03760
  13.   203   D 1 S 2 D 3 S 4 - 5 ; D 1 S 3  END                                        0.0434    0.01088 -0.04204
  14.    56   D 1 S 2 - 3 S 5 ; D 1 S 2 D 3  END                                        0.0434    0.03097 -0.03045
  15.   720   D 1 S 2 - 3 D 4 S 5 ; D 1 S 2  END                                        0.0397    0.01886 -0.03496
  16.   263   D 1 S 2 S 4 - 5 ; D 1 - 2 S 3  END                                        0.0397    0.02085 -0.03381
  17.   135   D 1 - 2 S 3 D 4 ; D 1 S 3  END                                            0.0395   -0.03954
  18.    40   D 1 - 2 S 4 ; D 1 S 2 D 3  END                                            0.0395   -0.03954
  19.   584   D 1 - 2 S 3 D 4 ; S 1 - 2 S 4  END                                        0.0349   -0.01325  0.03230
  20.   186   D 1 - 2 S 4 ; S 1 D 2 S 3 - 4  END                                        0.0349   -0.02134  0.02763
  21.   150   D 1 - 2 S 3 - 5 ; S 1 - 3  END                                            0.0325    0.03114  0.00868 -0.00287  0.00187
                                                                                                 -0.00052
  22.   247   D 1 S 2 - 4 ; D 1 S 2 - 4  END                                            0.0325    0.03114  0.00134  0.00610  0.00137
                                                                                                  0.00682
  23.   394   S 1 D 2 S 4 S 6 ; D 1 - 2 S 3  END                                        0.0321    0.02265 -0.02270
  24.   999   S 1 D 2 S 3 D 4 S 6 ; D 1 S 2  END                                        0.0321    0.00833 -0.03096
  25.   151   D 1 - 2 S 3 - 4 S 6 ; S 1 - 3  END                                        0.0305   -0.00724 -0.02957 -0.00067 -0.00106
                                                                                                 -0.00037
  26.   377   S 1 D 2 S 3 - 4 ; D 1 S 2 - 4  END                                        0.0305   -0.00724 -0.00841 -0.01327 -0.01288
                                                                                                 -0.02152
  27.   248   D 1 S 2 - 3 S 5 ; D 1 S 2 - 4  END                                        0.0292    0.02088  0.01481  0.00560  0.01002
                                                                                                 -0.00818
  28.   217   D 1 S 2 D 3 S 4 - 5 ; S 1 - 3  END                                        0.0292    0.02088  0.00433  0.01607  0.01165
                                                                                                  0.00230
  29.   262   D 1 S 2 D 4 ; D 1 - 2 S 3  END                                            0.0281   -0.02812
  30.   614   D 1 - 2 D 4 S 5 ; D 1 S 2  END                                            0.0281   -0.02812
  31.    35   D 1 - 2 S 3 ; S 1 - 2 D 3 S 4  END                                        0.0267   -0.02008  0.01763
  32.   116   D 1 - 3 S 4 ; S 1 S 3 - 4  END                                            0.0267   -0.00523  0.02621
  33.   254   D 1 S 2 - 3 S 5 ; S 1 D 2 S 3 - 4  END                                    0.0267   -0.02432 -0.00418 -0.00702 -0.00686
                                                                                                  0.00252
  34.   691   D 1 S 2 D 3 S 4 - 5 ; S 1 - 2 S 4  END                                    0.0267   -0.02432 -0.00517 -0.00629 -0.00645
                                                                                                  0.00351
  35.     7   S 1 D 2 - 3 ; D 1 - 2 S 3  END                                            0.0267    0.02666
  36.    12   D 1 - 3 S 6 ; D 1 S 2  END                                                0.0267    0.02666
  37.   616   D 1 - 2 S 4 D 5 ; D 1 S 2  END                                            0.0242    0.02417
  38.   301   D 1 S 3 D 4 ; D 1 - 2 S 3  END                                            0.0242    0.02417
  39.   304   D 1 S 3 D 5 ; D 1 - 2 S 3  END                                            0.0241    0.02413
  40.   828   D 1 D 3 S 4 D 5 ; D 1 S 2  END                                            0.0241    0.02413
  41.    71   D 1 S 3 ; D 1 - 3 S 4  END                                                0.0234    0.02336
  42.   550   D 1 - 3 S 4 D 5 ; S 1  END                                                0.0234    0.02336
  43.   585   D 1 - 2 S 3 - 5 ; S 1 - 2 S 4  END                                        0.0228   -0.02029 -0.00770 -0.00423  0.00547
                                                                                                 -0.00005
  44.   253   D 1 S 2 - 4 ; S 1 D 2 S 3 - 4  END                                        0.0228   -0.02029 -0.00142  0.00184 -0.00785
                                                                                                 -0.00632
  45.   138   D 1 - 2 S 3 D 5 ; D 1 S 3  END                                            0.0227    0.02273
  46.    65   D 1 D 3 S 4 ; D 1 S 2 D 3  END                                            0.0227    0.02273
  47.   685   D 1 S 2 D 3 S 4 - 5 ; D 1 S 4  END                                        0.0222    0.01270  0.01824
  48.    59   D 1 S 2 - 3 S 5 ; S 1 D 2 - 3  END                                        0.0222   -0.02215 -0.00188
  49.   302   D 1 S 3 - 5 ; D 1 - 2 S 3  END                                            0.0219   -0.02191 -0.00009
  50.   722   D 1 S 2 - 4 D 5 ; D 1 S 2  END                                            0.0219    0.01103  0.01893
  51.   497   D 2 S 3 D 4 ; D 1 - 2 S 3  END                                            0.0211    0.02112
  52.   618   D 1 - 2 S 4 D 6 ; D 1 S 2  END                                            0.0211    0.02112
  53.   619   D 1 - 2 S 4 ; D 1 S 2 D 4  END                                            0.0197    0.01973
  54.   163   D 1 - 2 S 3 D 4 ; D 2 S 3  END                                            0.0197    0.01973
  55.   152   D 1 - 2 S 3 D 5 ; S 1 - 3  END                                            0.0197   -0.01077  0.01652
  56.   286   D 1 D 3 S 4 ; D 1 S 2 - 4  END                                            0.0197   -0.00892  0.01759
  57.   432   S 1 - 5 ; D 1 - 2 S 3  END                                                0.0197    0.00497  0.00165  0.01506  0.00229
                                                                                                 -0.01134
  58.   723   D 1 S 2 - 6 ; D 1 S 2  END                                                0.0197    0.00430 -0.00010  0.01635  0.00439
                                                                                                 -0.00911
  59.    28   D 1 - 3 S 4 ; S 2 D 3  END                                                0.0190    0.01896
  60.   141   D 1 - 2 S 3 ; D 1 S 3 D 4  END                                            0.0190    0.01896
  61.    83   S 1 D 2 S 3 S 6 ; D 1 S 2 D 3  END                                        0.0188    0.01462 -0.01187
  62.   334   S 1 D 2 - 3 S 4 S 6 ; D 1 S 3  END                                        0.0188    0.00297 -0.01860
  63.    58   D 1 S 2 - 4 ; S 1 D 2 - 3  END                                            0.0185   -0.00852  0.01641
  64.   579   D 1 - 2 S 3 - 5 ; D 1 S 4  END                                            0.0185   -0.00995  0.01558
  65.   634   D 1 - 2 D 4 S 5 ; S 1 D 2  END                                            0.0179   -0.01795
  66.   790   D 1 S 2 D 4 ; D 1 - 2 S 4  END                                            0.0179   -0.01795
  67.   385   S 1 D 2 S 3 S 6 ; S 1 D 2 S 3 - 4  END                                    0.0175   -0.00984 -0.00245 -0.00792 -0.00982
                                                                                                  0.00669
  68.   970   S 1 D 2 - 3 S 4 S 6 ; S 1 - 2 S 4  END                                    0.0175   -0.00984 -0.00328 -0.00935 -0.00744
                                                                                                  0.00752
  69.   249   D 1 S 2 - 3 S 6 ; D 1 S 2 - 4  END                                        0.0173   -0.01443 -0.00379 -0.00102 -0.00866
                                                                                                  0.00052
  70.   347   S 1 D 2 - 3 S 4 - 5 ; S 1 - 3  END                                        0.0173   -0.01443 -0.00475 -0.00811 -0.00046
                                                                                                  0.00148
  71.  1001   S 1 D 2 S 3 - 6 ; D 1 S 2  END                                            0.0169    0.00020 -0.00570 -0.00498 -0.00083
                                                                                                 -0.01513
  72.   433   S 1 - 4 S 6 ; D 1 - 2 S 3  END                                            0.0169   -0.00330 -0.01281  0.00055  0.00899
                                                                                                 -0.00554
  73.   435   S 1 - 3 S 5 - 6 ; D 1 - 2 S 3  END                                        0.0165   -0.00150  0.00287 -0.01412 -0.00219
                                                                                                  0.00759
  74.  1107   S 1 - 2 D 3 S 4 - 6 ; D 1 S 2  END                                        0.0165   -0.00094 -0.00106 -0.01209 -0.00085
                                                                                                  0.01111
  75.   153   D 1 - 2 S 3 S 5 - 6 ; S 1 - 3  END                                        0.0165    0.00379 -0.00533  0.01256  0.00846
                                                                                                  0.00004
  76.   416   S 1 - 2 D 3 S 4 ; D 1 S 2 - 4  END                                        0.0165    0.00379  0.00780  0.00088  0.00498
                                                                                                 -0.01309
  77.   378   S 1 D 2 S 3 S 5 ; D 1 S 2 - 4  END                                        0.0162   -0.00646 -0.00322 -0.00537 -0.00729
                                                                                                  0.01129
  78.   218   D 1 S 2 D 3 S 4 S 6 ; S 1 - 3  END                                        0.0162   -0.00646  0.00218 -0.01042 -0.00849
                                                                                                  0.00589
  79.    84   S 1 D 2 S 3 - 4 ; S 1 D 2 - 3  END                                        0.0151    0.01421 -0.00522
  80.   580   D 1 - 2 S 3 - 4 S 6 ; D 1 S 4  END                                        0.0151   -0.00259 -0.01491
  81.   181   D 1 - 2 S 5 ; D 1 S 2 - 4  END                                            0.0143    0.01063 -0.00957
  82.   216   D 1 S 2 D 3 - 4 ; S 1 - 3  END                                            0.0143    0.00297 -0.01399
  83.   963   S 1 D 2 - 3 S 4 - 5 ; D 1 S 4  END                                        0.0142   -0.00301 -0.01387
  84.    60   D 1 S 2 - 3 S 6 ; S 1 D 2 - 3  END                                        0.0142    0.01352 -0.00433
  85.   182   D 1 - 2 S 6 ; D 1 S 2 - 4  END                                            0.0139   -0.01318  0.00428
  86.   346   S 1 D 2 - 4 ; S 1 - 3  END                                                0.0139    0.00288  0.01356
  87.   287   D 1 D 3 S 5 ; D 1 S 2 - 4  END                                            0.0138   -0.00998 -0.00955
  88.   219   D 1 S 2 D 3 D 5 ; S 1 - 3  END                                            0.0138    0.01326  0.00386
  89.   563   D 1 - 3 S 4 ; S 2 D 4  END                                                0.0138    0.01377
  90.   169   D 1 - 2 S 3 ; D 2 S 3 D 4  END                                            0.0138    0.01377
  91.   551   D 1 - 3 S 4 - 6 ; S 1  END                                                0.0137    0.01344  0.00243
  92.    97   S 1 - 3 ; D 1 - 3 S 4  END                                                0.0137   -0.00882 -0.01043
  93.   303   D 1 S 3 - 4 S 6 ; D 1 - 2 S 3  END                                        0.0128    0.01023 -0.00765
  94.  1000   S 1 D 2 S 3 - 4 D 5 ; D 1 S 2  END                                        0.0128    0.00151 -0.01268
  95.   560   D 1 - 3 S 4 D 5 ; S 2  END                                                0.0127    0.01268
  96.   307   D 1 S 3 ; D 1 - 2 S 3 D 4  END                                            0.0127    0.01268
  97.  1104   S 1 - 2 D 3 - 4 S 5 ; D 1 S 2  END                                        0.0127   -0.00443  0.01187
  98.   266   D 1 S 2 S 5 - 6 ; D 1 - 2 S 3  END                                        0.0127   -0.00807  0.00977
  99.   140   D 1 - 2 S 3 D 6 ; D 1 S 3  END                                            0.0126    0.01258
 100.   102   D 2 - 3 S 4 ; D 1 S 2 D 3  END                                            0.0126    0.01258




 POSITION OF FIRST SPIN COUPLING FOR TEN MOST IMPORTANT CONFIGURATIONS
      10      1     11      4     52     17     34     16     18     90



 ********************************
 RESULTS FOR ROOT   03
 TOTAL CI ENERGY =   -193.8372287
 ********************************

       CONF.                                                                           COEFF.
        NO.        SPACE ORBITAL PRODUCTS                                             CONTRIB.      CI COEFFICIENTS

       -----       ----------------------                                             --------   ---------------------
   1.    16   D 1 - 3 S 4 ; S 1 D 2  END                                                0.4771   -0.47714
   2.    31   D 1 - 2 S 3 ; D 1 - 2 S 4  END                                            0.4771    0.47713
   3.     4   D 1 S 2 D 3 ; D 1 - 2 S 3  END                                            0.4030   -0.40305
   4.    11   D 1 - 3 S 5 ; D 1 S 2  END                                                0.4030    0.40304
   5.     7   S 1 D 2 - 3 ; D 1 - 2 S 3  END                                            0.1909    0.19094
   6.    12   D 1 - 3 S 6 ; D 1 S 2  END                                                0.1909   -0.19094
   7.    17   D 1 - 3 S 5 ; S 1 D 2  END                                                0.1080   -0.10800
   8.    46   D 1 S 2 D 3 ; D 1 - 2 S 4  END                                            0.1080    0.10800
   9.   253   D 1 S 2 - 4 ; S 1 D 2 S 3 - 4  END                                        0.0654    0.05220 -0.00621 -0.00648  0.00240
                                                                                                  0.03823
  10.   585   D 1 - 2 S 3 - 5 ; S 1 - 2 S 4  END                                        0.0654   -0.05220 -0.02535  0.01583  0.02470
                                                                                                 -0.00666
  11.    10   D 1 - 3 S 4 ; D 1 S 2  END                                                0.0600   -0.06002
  12.     1   D 1 - 2 S 3 ; D 1 - 2 S 3  END                                            0.0600    0.06002
  13.   614   D 1 - 2 D 4 S 5 ; D 1 S 2  END                                            0.0600   -0.05996
  14.   262   D 1 S 2 D 4 ; D 1 - 2 S 3  END                                            0.0600    0.05996
  15.   217   D 1 S 2 D 3 S 4 - 5 ; S 1 - 3  END                                        0.0587    0.04552  0.02810 -0.02251 -0.00857
                                                                                                  0.00109
  16.   248   D 1 S 2 - 3 S 5 ; D 1 S 2 - 4  END                                        0.0587   -0.04552  0.00561 -0.01089  0.00305
                                                                                                 -0.03481
  17.   180   D 1 - 2 S 4 ; D 1 S 2 - 4  END                                            0.0539   -0.02884 -0.04558
  18.   149   D 1 - 2 S 3 D 4 ; S 1 - 3  END                                            0.0539   -0.05389 -0.00218
  19.   596   D 1 - 2 S 3 D 4 ; D 2 S 4  END                                            0.0448   -0.04482
  20.   639   D 1 - 2 S 4 ; S 1 D 2 D 4  END                                            0.0448    0.04482
  21.    55   D 1 S 2 - 4 ; D 1 S 2 D 3  END                                            0.0430   -0.02610 -0.03416
  22.   136   D 1 - 2 S 3 - 5 ; D 1 S 3  END                                            0.0430   -0.04263 -0.00552
  23.   740   D 1 S 2 - 3 D 4 S 5 ; S 1 D 2  END                                        0.0406    0.01611 -0.03723
  24.   791   D 1 S 2 S 4 - 5 ; D 1 - 2 S 4  END                                        0.0406   -0.02418  0.03257
  25.   383   S 1 D 2 S 3 - 4 ; S 1 D 2 S 3 - 4  END                                    0.0386   -0.02343 -0.00327 -0.00261  0.00451
                                                                                                 -0.02999
  26.   586   D 1 - 2 S 3 - 4 S 6 ; S 1 - 2 S 4  END                                    0.0385    0.02343  0.02248 -0.01561 -0.00848
                                                                                                  0.01077
  27.  1001   S 1 D 2 S 3 - 6 ; D 1 S 2  END                                            0.0366    0.00096 -0.01132 -0.02710 -0.00693
                                                                                                 -0.02074
  28.   433   S 1 - 4 S 6 ; D 1 - 2 S 3  END                                            0.0366    0.01067  0.02489  0.01452 -0.01991
                                                                                                 -0.00106
  29.    66   D 1 D 3 S 5 ; D 1 S 2 D 3  END                                            0.0364   -0.03636
  30.   205   D 1 S 2 D 3 D 5 ; D 1 S 3  END                                            0.0364    0.03636
  31.   150   D 1 - 2 S 3 - 5 ; S 1 - 3  END                                            0.0347   -0.01084  0.00886 -0.01026  0.02945
                                                                                                  0.00578
  32.   247   D 1 S 2 - 4 ; D 1 S 2 - 4  END                                            0.0347    0.01084 -0.01486 -0.02599  0.01372
                                                                                                  0.00022
  33.    43   D 1 - 2 S 4 ; S 1 D 2 - 3  END                                            0.0345    0.03455
  34.   578   D 1 - 2 S 3 D 4 ; D 1 S 4  END                                            0.0345   -0.03455
  35.    33   D 1 - 2 S 3 ; D 1 D 3 S 4  END                                            0.0334   -0.03343
  36.    22   D 1 - 3 S 4 ; S 1 D 3  END                                                0.0334    0.03342
  37.   722   D 1 S 2 - 4 D 5 ; D 1 S 2  END                                            0.0311    0.01555  0.02688
  38.   302   D 1 S 3 - 5 ; D 1 - 2 S 3  END                                            0.0311    0.03105  0.00002
  39.    72   S 1 D 2 - 3 ; D 1 - 2 S 4  END                                            0.0307    0.03072
  40.    18   D 1 - 3 S 6 ; S 1 D 2  END                                                0.0307   -0.03072
  41.  1019   S 1 D 2 S 3 D 4 S 6 ; S 1 D 2  END                                        0.0292    0.01171 -0.02674
  42.  1070   S 1 D 2 S 4 S 6 ; D 1 - 2 S 4  END                                        0.0292   -0.01730  0.02351
  43.   558   D 1 - 4 S 5 ; S 2  END                                                    0.0291   -0.02906
  44.   268   D 1 S 2 ; D 1 - 2 S 3 D 4  END                                            0.0291    0.02906
  45.   634   D 1 - 2 D 4 S 5 ; S 1 D 2  END                                            0.0287    0.02871
  46.   790   D 1 S 2 D 4 ; D 1 - 2 S 4  END                                            0.0287   -0.02871
  47.   550   D 1 - 3 S 4 D 5 ; S 1  END                                                0.0281    0.02808
  48.    71   D 1 S 3 ; D 1 - 3 S 4  END                                                0.0281   -0.02808
  49.   379   S 1 D 2 S 3 S 6 ; D 1 S 2 - 4  END                                        0.0274   -0.02003 -0.00259 -0.00361  0.00466
                                                                                                 -0.01762
  50.   348   S 1 D 2 - 3 S 4 S 6 ; S 1 - 3  END                                        0.0274    0.02003  0.01341 -0.01090 -0.00264
                                                                                                  0.00680
  51.   202   D 1 S 2 D 3 - 4 ; D 1 S 3  END                                            0.0271    0.02708
  52.    41   D 1 - 2 S 5 ; D 1 S 2 D 3  END                                            0.0271   -0.02707
  53.   218   D 1 S 2 D 3 S 4 S 6 ; S 1 - 3  END                                        0.0266   -0.01545 -0.01557  0.01043  0.00881
                                                                                                 -0.00614
  54.   378   S 1 D 2 S 3 S 5 ; D 1 S 2 - 4  END                                        0.0266    0.01545  0.00017  0.00009 -0.00154
                                                                                                  0.02154
  55.   581   D 1 - 2 S 3 D 5 ; D 1 S 4  END                                            0.0262   -0.02622
  56.    68   D 1 D 3 S 4 ; S 1 D 2 - 3  END                                            0.0262    0.02622
  57.   432   S 1 - 5 ; D 1 - 2 S 3  END                                                0.0252    0.00673  0.01781 -0.00859 -0.01414
                                                                                                 -0.00064
  58.   723   D 1 S 2 - 6 ; D 1 S 2  END                                                0.0252    0.00091  0.00048 -0.00509 -0.00888
                                                                                                 -0.02304
  59.   392   S 1 D 2 D 4 ; D 1 - 2 S 3  END                                            0.0246   -0.02456
  60.   615   D 1 - 2 D 4 S 6 ; D 1 S 2  END                                            0.0246    0.02456
  61.   230   D 1 S 2 D 3 - 4 ; D 2 S 3  END                                            0.0240    0.02403
  62.   622   D 1 - 2 S 5 ; D 1 S 2 D 4  END                                            0.0240   -0.02403
  63.   216   D 1 S 2 D 3 - 4 ; S 1 - 3  END                                            0.0228   -0.00190 -0.02269
  64.   181   D 1 - 2 S 5 ; D 1 S 2 - 4  END                                            0.0228   -0.02060  0.00970
  65.   347   S 1 D 2 - 3 S 4 - 5 ; S 1 - 3  END                                        0.0227   -0.01889 -0.00939 -0.00115  0.00525
                                                                                                 -0.00641
  66.   249   D 1 S 2 - 3 S 6 ; D 1 S 2 - 4  END                                        0.0227    0.01889  0.00537 -0.00293  0.00346
                                                                                                  0.01042
  67.   896   D 1 S 3 D 4 ; D 1 - 2 S 4  END                                            0.0226   -0.02262
  68.   636   D 1 - 2 S 4 D 5 ; S 1 D 2  END                                            0.0226    0.02261
  69.   122   D 1 - 3 S 4 ; S 2 - 4  END                                                0.0226    0.00674  0.02155
  70.   155   D 1 - 2 S 3 ; S 1 - 3 D 4  END                                            0.0226    0.02203 -0.00493
  71.   203   D 1 S 2 D 3 S 4 - 5 ; D 1 S 3  END                                        0.0216   -0.01906 -0.01011
  72.    56   D 1 S 2 - 3 S 5 ; D 1 S 2 D 3  END                                        0.0216   -0.01828 -0.01145
  73.   551   D 1 - 3 S 4 - 6 ; S 1  END                                                0.0207    0.02035 -0.00393
  74.    97   S 1 - 3 ; D 1 - 3 S 4  END                                                0.0207    0.00678  0.01959
  75.  1175   S 1 - 5 ; D 1 - 2 S 4  END                                                0.0201   -0.00480 -0.00192 -0.01717 -0.00281
                                                                                                  0.00876
  76.   743   D 1 S 2 - 6 ; S 1 D 2  END                                                0.0201    0.00479  0.00256  0.01679  0.00244
                                                                                                 -0.00940
  77.   584   D 1 - 2 S 3 D 4 ; S 1 - 2 S 4  END                                        0.0201   -0.01968  0.00408
  78.   186   D 1 - 2 S 4 ; S 1 D 2 S 3 - 4  END                                        0.0201   -0.00630 -0.01909
  79.    81   S 1 D 2 S 3 - 4 ; D 1 S 2 D 3  END                                        0.0200    0.00925  0.01779
  80.   137   D 1 - 2 S 3 - 4 S 6 ; D 1 S 3  END                                        0.0200    0.02003 -0.00088
  81.   848   D 1 D 3 S 4 D 5 ; S 1 D 2  END                                            0.0200    0.02001
  82.   899   D 1 S 3 D 5 ; D 1 - 2 S 4  END                                            0.0200   -0.02001
  83.    50   D 1 S 2 D 3 ; S 1 - 2 D 3 S 4  END                                        0.0194   -0.01338  0.01410
  84.   117   D 1 - 3 S 5 ; S 1 S 3 - 4  END                                            0.0194    0.00552 -0.01864
  85.   254   D 1 S 2 - 3 S 5 ; S 1 D 2 S 3 - 4  END                                    0.0188    0.01268  0.00687  0.00966 -0.00397
                                                                                                  0.00607
  86.   691   D 1 S 2 D 3 S 4 - 5 ; S 1 - 2 S 4  END                                    0.0188   -0.01268 -0.00873  0.00504 -0.00858
                                                                                                 -0.00421
  87.  1127   S 1 - 2 D 3 S 4 - 6 ; S 1 D 2  END                                        0.0188   -0.00260 -0.00112 -0.01658 -0.00084
                                                                                                  0.00833
  88.  1178   S 1 - 3 S 5 - 6 ; D 1 - 2 S 4  END                                        0.0188    0.00208  0.00194  0.01631  0.00121
                                                                                                 -0.00878
  89.   287   D 1 D 3 S 5 ; D 1 S 2 - 4  END                                            0.0180    0.00559 -0.01710
  90.   219   D 1 S 2 D 3 D 5 ; S 1 - 3  END                                            0.0180   -0.01201  0.01339
  91.   416   S 1 - 2 D 3 S 4 ; D 1 S 2 - 4  END                                        0.0176   -0.00475 -0.00585 -0.01482 -0.00523
                                                                                                  0.00244
  92.   153   D 1 - 2 S 3 S 5 - 6 ; S 1 - 3  END                                        0.0176    0.00475  0.00831  0.00380  0.01340
                                                                                                 -0.00491
  93.  1021   S 1 D 2 S 3 - 6 ; S 1 D 2  END                                            0.0172    0.00221  0.00398  0.01632  0.00275
                                                                                                 -0.00049
  94.  1176   S 1 - 4 S 6 ; D 1 - 2 S 4  END                                            0.0172   -0.00485 -0.00701 -0.01349  0.00332
                                                                                                  0.00540
  95.   398   S 1 D 2 ; D 1 - 2 S 3 D 4  END                                            0.0171   -0.01712
  96.   559   D 1 - 4 S 6 ; S 2  END                                                    0.0171    0.01712
  97.   265   D 1 S 2 D 5 ; D 1 - 2 S 3  END                                            0.0166    0.01664
  98.   826   D 1 D 3 - 4 S 5 ; D 1 S 2  END                                            0.0166   -0.01664
  99.   587   D 1 - 2 S 3 D 5 ; S 1 - 2 S 4  END                                        0.0163    0.01389 -0.00859
 100.   292   D 1 D 3 S 4 ; S 1 D 2 S 3 - 4  END                                        0.0163   -0.00049  0.01632




 POSITION OF FIRST SPIN COUPLING FOR TEN MOST IMPORTANT CONFIGURATIONS
      16     34      4     11      7     12     17     52    397   1016



 ELAPSED TIME =       0.50 CPU SECONDS. (      0.50 WALL CLOCK SECONDS)
