 ************************************************************************
 * CISTAR - CONFIGURATION INTERACTION/PERTURBATION THEORY PROGRAM       *
 * QUANTUM CHEMISTRY GROUP - INDIANA UNIVERSITY -  5Apr 2016  22:44:07  *
 ************************************************************************



 THE TRANSFORMED INTEGRALS ARE TITLED: dumm                                    
 THE FILE IS DATED:                      5Apr 2016  22:43:05 
 THE NUMBER OF ORBITALS FROM FILE 16 IS  10.


                         CI RUN TITLE
                         -- --- -----
 )* H2O  -SINGLET A1-  STO-3G HF SD-CI TEST CASE *


 ) $
 ) $ GENERAL OPTIONS LIST INPUT
 ) $
 )FULLCI      $ REQUEST UP TO SD EXCITATIONS FROM THESE CONFIGURATIONs
 )ISYMMETRY=2     $ SPECIFY Ag OVERALL SYMMETRY
 )MULTIPLICITY=1  $ SPECIFY SPIN MULTIPLICITY
 )END
 TIME TO PROCESS FORMULA FILE = 0.0 CPU SEC. ( 0.0 WALL CLOCK SEC.)

            THE HARTREE-FOCK CONFIGURATION
            --- ------------ -------------
 ) $
 ) $ SPECIFY THE HARTREE-FOCK CONFIGURATION
 ) $
 ) D 1 - 2 S 3 ; D 1 - 2 S 3  END $1Ag

               INTERNALLY GENERATED ORBITAL SETS (FULL-CI)
               ---------- --------- ------- --------------
 MIN. MAX.
 OCC. OCC.
   0   8   0001110001
   0  10   1110001110

      4432 SPACE ORBITAL PRODUCTS (     9632 SPIN-ADAPTED CONFIGURATIONS)
 WERE GENERATED IN     0.0 CPU SECONDS.
 TIME IN DIAGC    0.0


 THE TOTAL NUMBER OF SPACE ORBITAL PRODUCTS IS           4432
 THE TOTAL NUMBER OF SPIN-ADAPTED CONFIGURATIONS IS      9632
 THE MAX. NUMBER OF SPIN COUPLINGS IN A S.O.P. IS   14
 THERE WILL BE         2 INTEGRAL LOADS UTILIZING  79995967 WORDS OF MEMORY.
 writ50, first, nrec= T       15872
 A TOTAL OF   515544 NONZERO S.O.P. PAIRS WERE FOUND.
 TIME TO FIND (I,J) PAIRS =    0.12 CPU SECONDS.
 THE VALUE OF THE H(1,1) ELEMENT IS  -193.9274761

          HAMILTONIAN MATRIX STORAGE DATA
 I/O   NO. OF    NO. OF     FILE SIZE    PERCENT NONZERO
 FILE  RECORDS   ELEMENTS   (IN BYTES)    IN ALL BLOCKS
  12         4      19264       154132
  13        13      12400       208052
  17       148     584208      2693840      67.6
  20       110     875372      7040440
 TOTAL ELAPSED TIME =     0.3 CPU SECONDS AND        0.3 WALL CLOCK SECONDS.
