 ************************************************************************
 * CISTAR - CONFIGURATION INTERACTION/PERTURBATION THEORY PROGRAM       *
 * QUANTUM CHEMISTRY GROUP - INDIANA UNIVERSITY -  8Apr 2016  19:12:00  *
 ************************************************************************



 THE TRANSFORMED INTEGRALS ARE TITLED: dumm                                    
 THE FILE IS DATED:                      8Apr 2016  19:10:51 
 THE NUMBER OF ORBITALS FROM FILE 16 IS  10.


                         CI RUN TITLE
                         -- --- -----
 )* H2O  -SINGLET A1-  STO-3G HF SD-CI TEST CASE *


 ) $
 ) $ GENERAL OPTIONS LIST INPUT
 ) $
 )SDTQCI      $ REQUEST UP TO SD EXCITATIONS FROM THESE CONFIGURATIONs
 )ISYMMETRY=1     $ SPECIFY Ag OVERALL SYMMETRY
 )MULTIPLICITY=1  $ SPECIFY SPIN MULTIPLICITY
 )END
 TIME TO PROCESS FORMULA FILE = 0.0 CPU SEC. ( 0.0 WALL CLOCK SEC.)

            THE HARTREE-FOCK CONFIGURATION
            --- ------------ -------------
 ) $
 ) $ SPECIFY THE HARTREE-FOCK CONFIGURATION
 ) $
 ) D 1 - 3 ; D 1 - 2  END $1Ag

               INTERNALLY GENERATED ORBITAL SETS (SDTQ-CI)
               ---------- --------- ------- --------------
 MIN. MAX.
 OCC. OCC.
   0   4   0001110011
   6  10   1110001100
 THE REFERENCE SPACE CONTAINS   1 SPIN-ADAPTED CONFIGURATIONS.


      1608 SPACE ORBITAL PRODUCTS (     3333 SPIN-ADAPTED CONFIGURATIONS)
 WERE GENERATED IN     0.0 CPU SECONDS.
 TIME IN DIAGC    0.0


 THE TOTAL NUMBER OF SPACE ORBITAL PRODUCTS IS           1608
 THE TOTAL NUMBER OF SPIN-ADAPTED CONFIGURATIONS IS      3333
 THE MAX. NUMBER OF SPIN COUPLINGS IN A S.O.P. IS   14
 THERE WILL BE         2 INTEGRAL LOADS UTILIZING  79995967 WORDS OF MEMORY.
 writ50, first, nrec= T       15872
 A TOTAL OF   116383 NONZERO S.O.P. PAIRS WERE FOUND.
 TIME TO FIND (I,J) PAIRS =    0.01 CPU SECONDS.
 THE VALUE OF THE H(1,1) ELEMENT IS  -199.8404273

          HAMILTONIAN MATRIX STORAGE DATA
 I/O   NO. OF    NO. OF     FILE SIZE    PERCENT NONZERO
 FILE  RECORDS   ELEMENTS   (IN BYTES)    IN ALL BLOCKS
  12         4       6666        53348
  13         4       3837        64016
  17        30     117678       545672      69.5
  20        27     214360      1728108
 TOTAL ELAPSED TIME =     0.0 CPU SECONDS AND        0.1 WALL CLOCK SECONDS.
