 ************************************************************************
 * RTSIM - DAVIDSON METHOD SPARSE MATRIX EIGENVALUE/EIGENVECTOR PROGRAM *
 * QUANTUM CHEMISTRY GROUP - INDIANA UNIVERSITY -  8Apr 2016  19:14:34  *
 ************************************************************************



                 DIAGONALIZATION RUN TITLE
                 -------------------------
 )* WATER TEST *



 ) DAVIDSON
 ) LAST=3
 ) COEFF
 ) NOVLP
 ) MAXITR=1000 END

 THE CI MATRIX IS TITLED:  H2O  -SINGLET A1-  STO-3G HF SD-CI TEST
 THE MATRIX IS DATED:      8Apr 2016  19:14:19 
 THE SPIN MULTIPLICITY IS 1 AND THE DIMENSION IS   4675.

 ROOTS  1 THROUGH  3 WILL BE OBTAINED.

  
  
  
 AMOUNT OF CORE AVAILABLE                      80000000
 MAXIMUM NUMBER OF VECTORS PER ITERATION              3
 MAXIMUM NUMBER OF VECTORS ON DISK                   19
 NUMBER OF SOLUTIONS SOUGHT                           3
 NUMBER OF SOLUTIONS INVESTIGATED                     3
 SIZE OF MATRIX DIAGONALISED                       4675
  
  
 INITIAL GUESS AT ROOTS (OBTAINED FROM DIAGONAL ELEMENTS OF HAMILTONIAN MATRIX)

                1        -193.92748
               10        -193.92748
               16        -191.77738


 ITERATION       ROOT           EIGENVALUE          NORM OF RESIDUAL
     1             1          -194.25836561              3.20047
     1             2          -193.64436701              3.03656
     1             3          -191.72960033              3.34149
     2             1          -195.24944550              3.05166
     2             2          -194.63262809              3.73748
     2             3          -192.31167152              9.40648
     2             1          -195.24944550              1.60309
     2             2          -194.63262809              1.70272
     2             3          -192.31167152              3.31593
     3             1          -195.40951569              1.91359
     3             2          -194.85004726              2.61345
     3             3          -193.32004548              9.36433
     3             1          -195.40951569              0.70658
     3             2          -194.85004726              0.81857
     3             3          -193.32004548              2.26287
     4             1          -195.43221066              0.98067
     4             2          -194.88572819              1.38702
     4             3          -193.73538306              5.50721
     4             1          -195.43221066              0.34925
     4             2          -194.88572819              0.41161
     4             3          -193.73538306              0.95013
     5             1          -195.43741364              0.62685
     5             2          -194.89305049              0.77982
     5             3          -193.78991401              2.54164
     5             1          -195.43741364              0.16832
     5             2          -194.89305049              0.19841
     5             3          -193.78991401              0.47519
     6             1          -195.43859616              0.40110
     6             2          -194.89504736              0.53476
     6             3          -193.80378777              1.79740
  truncating with vlp=false 
 TRUNCATION TO 1 VECTOR PER ROOT HAS BEEN PERFORMED
     6             1          -195.43859616              0.09052
     6             2          -194.89504736              0.12426
     6             3          -193.80378777              0.30914
     7             1          -195.43884625              0.08412
     7             2          -194.89555371              0.12357
     7             3          -193.80775608              0.42474
     7             1          -195.43884625              0.04855
     7             2          -194.89555371              0.07237
     7             3          -193.80775608              0.18339
     8             1          -195.43895409              0.14151
     8             2          -194.89589111              0.28553
     8             3          -193.81038380              1.16767
     8             1          -195.43895409              0.02424
     8             2          -194.89589111              0.05591
     8             3          -193.81038380              0.13905
     9             1          -195.43897900              0.07536
     9             2          -194.89607373              0.25055
     9             3          -193.81042298              0.14848
     9             1          -195.43897900              0.01203
     9             2          -194.89607373              0.03331
     9             3          -193.81042298              0.14620
    10             1          -195.43898549              0.03910
    10             2          -194.89613079              0.13327
    10             3          -193.81173577              1.08220
    10             1          -195.43898549              0.00510
    10             2          -194.89613079              0.01569
    10             3          -193.81173577              0.11985
    11             1          -195.43898656              0.01412
    11             2          -194.89614422              0.05874
    11             3          -193.81176943              0.14584
  truncating with vlp=false 
 TRUNCATION TO 1 VECTOR PER ROOT HAS BEEN PERFORMED
    11             1          -195.43898656              0.00196
    11             2          -194.89614422              0.00844
    11             3          -193.81176943              0.11015
    12             1          -195.43898667              0.00187
    12             2          -194.89614705              0.01082
    12             3          -193.81180444              0.07590
    12             1          -195.43898667              0.00078
    12             2          -194.89614705              0.00563
    12             3          -193.81180444              0.11422
    13             1          -195.43898670              0.00161
    13             2          -194.89614936              0.02227
    13             3          -193.81229465              0.26855
    13             1          -195.43898670              0.00033
    13             2          -194.89614936              0.00387
    13             3          -193.81229465              0.07035
    14             1          -195.43898670              0.00081
    14             2          -194.89615004              0.01164
    14             3          -193.81232597              0.11266
    14             1          -195.43898670              0.00015
    14             2          -194.89615004              0.00216
    14             3          -193.81232597              0.06287
    15             1          -195.43898670              0.00044
    15             2          -194.89615027              0.00712
    15             3          -193.81264537              0.42967
    15             1          -195.43898670              0.00007
    15             2          -194.89615027              0.00111
    15             3          -193.81264537              0.05484
     ROOT    ITERATION     NUMBER OF PRODUCTS       EIGENVALUE
       1        15                42                -195.4389867019


    16             2          -194.89615033              0.00367
    16             3          -193.81288118              0.55965
    16             2          -194.89615033              0.00085
    16             3          -193.81288118              0.06027
    17             2          -194.89615036              0.00324
    17             3          -193.81319672              0.93862
  truncating with vlp=false 
 TRUNCATION TO 1 VECTOR PER ROOT HAS BEEN PERFORMED
    17             2          -194.89615036              0.00047
    17             3          -193.81319672              0.03970
    18             2          -194.89615037              0.00045
    18             3          -193.81324820              0.04816
    18             2          -194.89615037              0.00024
    18             3          -193.81324820              0.01855
    19             2          -194.89615037              0.00061
    19             3          -193.81326418              0.05559
    19             2          -194.89615037              0.00017
    19             3          -193.81326418              0.01074
    20             2          -194.89615037              0.00061
    20             3          -193.81326584              0.02731
    20             2          -194.89615037              0.00011
    20             3          -193.81326584              0.00869
    21             2          -194.89615037              0.00037
    21             3          -193.81327043              0.04411
    21             2          -194.89615037              0.00006
    21             3          -193.81327043              0.00836
     ROOT    ITERATION     NUMBER OF PRODUCTS       EIGENVALUE
       2        21                54                -194.8961503720


    22             3          -193.81327260              0.03931
    22             3          -193.81327260              0.00631
    23             3          -193.81327458              0.03408
    23             3          -193.81327458              0.00688
    24             3          -193.81327835              0.07804
    24             3          -193.81327835              0.00533
    25             3          -193.81328034              0.05968
    25             3          -193.81328034              0.00346
    26             3          -193.81328103              0.02914
    26             3          -193.81328103              0.00274
    27             3          -193.81328139              0.01835
    27             3          -193.81328139              0.00133
    28             3          -193.81328149              0.00701
    28             3          -193.81328149              0.00065
    29             3          -193.81328151              0.00293
  truncating with vlp=false 
 TRUNCATION TO 1 VECTOR PER ROOT HAS BEEN PERFORMED
    29             3          -193.81328151              0.00039
    30             3          -193.81328152              0.00035
    30             3          -193.81328152              0.00025
    31             3          -193.81328152              0.00079
    31             3          -193.81328152              0.00015
    32             3          -193.81328152              0.00037
    32             3          -193.81328152              0.00011
    33             3          -193.81328152              0.00056
    33             3          -193.81328152              0.00010
    34             3          -193.81328152              0.00038
    34             3          -193.81328152              0.00005
     ROOT    ITERATION     NUMBER OF PRODUCTS       EIGENVALUE
       3        34                67                -193.8132815220


  all roots converged 
  

 ************************************
 COMPLETED CI VECTOR OPTIMISATION
 ************************************





 ********************************
 RESULTS FOR ROOT   01
 TOTAL CI ENERGY =   -195.4389867
 ********************************

       CONF.                                                                           COEFF.
        NO.        SPACE ORBITAL PRODUCTS                                             CONTRIB.      CI COEFFICIENTS

       -----       ----------------------                                             --------   ---------------------
   1.     1   D 1 - 2 S 3 ; D 1 - 2 S 3  END                                            0.6464    0.64639
   2.    10   D 1 - 3 S 4 ; D 1 S 2  END                                                0.6390   -0.63895
   3.    11   D 1 - 3 S 5 ; D 1 S 2  END                                                0.1620   -0.16195
   4.     4   D 1 S 2 D 3 ; D 1 - 2 S 3  END                                            0.1595    0.15948
   5.    40   D 1 - 2 S 4 ; D 1 S 2 D 3  END                                            0.1296    0.12962
   6.   135   D 1 - 2 S 3 D 4 ; D 1 S 3  END                                            0.1290   -0.12896
   7.    46   D 1 S 2 D 3 ; D 1 - 2 S 4  END                                            0.0773   -0.07734
   8.    17   D 1 - 3 S 5 ; S 1 D 2  END                                                0.0760    0.07603
   9.    31   D 1 - 2 S 3 ; D 1 - 2 S 4  END                                            0.0582    0.05815
  10.    16   D 1 - 3 S 4 ; S 1 D 2  END                                                0.0574   -0.05739
  11.   263   D 1 S 2 S 4 - 5 ; D 1 - 2 S 3  END                                        0.0547   -0.02650  0.04784
  12.   714   D 1 S 2 - 3 D 4 S 5 ; D 1 S 2  END                                        0.0536    0.02769 -0.04589
  13.    18   D 1 - 3 S 6 ; S 1 D 2  END                                                0.0525   -0.05255
  14.    72   S 1 D 2 - 3 ; D 1 - 2 S 4  END                                            0.0519    0.05191
  15.   151   D 1 - 2 S 3 - 4 S 6 ; S 1 - 3  END                                        0.0467   -0.01616  0.00881 -0.03082 -0.02906
                                                                                                  0.00674
  16.   377   S 1 D 2 S 3 - 4 ; D 1 S 2 - 4  END                                        0.0467    0.01628  0.01878  0.01339  0.01511
                                                                                                 -0.03393
  17.   247   D 1 S 2 - 4 ; D 1 S 2 - 4  END                                            0.0455   -0.01691 -0.01812 -0.00866 -0.01032
                                                                                                  0.03564
  18.   150   D 1 - 2 S 3 - 5 ; S 1 - 3  END                                            0.0453    0.01647 -0.01414  0.02885  0.02717
                                                                                                 -0.00354
  19.   136   D 1 - 2 S 3 - 5 ; D 1 S 3  END                                            0.0436    0.02294 -0.03712
  20.    55   D 1 S 2 - 4 ; D 1 S 2 D 3  END                                            0.0435   -0.02115  0.03803
  21.   394   S 1 D 2 S 4 S 6 ; D 1 - 2 S 3  END                                        0.0407   -0.02400  0.03293
  22.   186   D 1 - 2 S 4 ; S 1 D 2 S 3 - 4  END                                        0.0406    0.02018 -0.03528
  23.   967   S 1 D 2 S 3 D 4 S 6 ; D 1 S 2  END                                        0.0398    0.01623 -0.03639
  24.   584   D 1 - 2 S 3 D 4 ; S 1 - 2 S 4  END                                        0.0397   -0.02009  0.03428
  25.    56   D 1 S 2 - 3 S 5 ; D 1 S 2 D 3  END                                        0.0379   -0.01375  0.03529
  26.   203   D 1 S 2 D 3 S 4 - 5 ; D 1 S 3  END                                        0.0371    0.02336 -0.02881
  27.    35   D 1 - 2 S 3 ; S 1 - 2 D 3 S 4  END                                        0.0310    0.02018 -0.02354
  28.   262   D 1 S 2 D 4 ; D 1 - 2 S 3  END                                            0.0310   -0.03098
  29.   614   D 1 - 2 D 4 S 5 ; D 1 S 2  END                                            0.0308    0.03083
  30.   116   D 1 - 3 S 4 ; S 1 S 3 - 4  END                                            0.0304   -0.01020  0.02865
  31.   301   D 1 S 3 D 4 ; D 1 - 2 S 3  END                                            0.0302   -0.03016
  32.   180   D 1 - 2 S 4 ; D 1 S 2 - 4  END                                            0.0300    0.00842 -0.02884
  33.   149   D 1 - 2 S 3 D 4 ; S 1 - 3  END                                            0.0300   -0.02073  0.02170
  34.   616   D 1 - 2 S 4 D 5 ; D 1 S 2  END                                            0.0297    0.02970
  35.   432   S 1 - 5 ; D 1 - 2 S 3  END                                                0.0266   -0.00612 -0.00306 -0.02327 -0.00263
                                                                                                  0.01063
  36.   717   D 1 S 2 - 6 ; D 1 S 2  END                                                0.0260    0.00549  0.00430  0.02225  0.00264
                                                                                                 -0.01127
  37.   254   D 1 S 2 - 3 S 5 ; S 1 D 2 S 3 - 4  END                                    0.0256    0.01870  0.00593  0.00913  0.00508
                                                                                                 -0.01265
  38.    12   D 1 - 3 S 6 ; D 1 S 2  END                                                0.0255   -0.02546
  39.     7   S 1 D 2 - 3 ; D 1 - 2 S 3  END                                            0.0253    0.02527
  40.   304   D 1 S 3 D 5 ; D 1 - 2 S 3  END                                            0.0251   -0.02511
  41.   691   D 1 S 2 D 3 S 4 - 5 ; S 1 - 2 S 4  END                                    0.0248   -0.01802  0.00183 -0.00931 -0.01326
                                                                                                  0.00470
  42.   822   D 1 D 3 S 4 D 5 ; D 1 S 2  END                                            0.0243    0.02428
  43.   435   S 1 - 3 S 5 - 6 ; D 1 - 2 S 3  END                                        0.0235    0.00158  0.00233  0.02060  0.00143
                                                                                                 -0.01083
  44.  1075   S 1 - 2 D 3 S 4 - 6 ; D 1 S 2  END                                        0.0228   -0.00268 -0.00110 -0.02024 -0.00010
                                                                                                  0.01011
  45.   248   D 1 S 2 - 3 S 5 ; D 1 S 2 - 4  END                                        0.0227   -0.00954 -0.01442 -0.01153 -0.00601
                                                                                                  0.00688
  46.   217   D 1 S 2 D 3 S 4 - 5 ; S 1 - 3  END                                        0.0221    0.00914  0.00593  0.01053  0.01605
                                                                                                  0.00147
  47.   433   S 1 - 4 S 6 ; D 1 - 2 S 3  END                                            0.0217   -0.00381 -0.00877 -0.01807  0.00479
                                                                                                  0.00559
  48.   969   S 1 D 2 S 3 - 6 ; D 1 S 2  END                                            0.0215    0.00149  0.00537  0.02074  0.00092
                                                                                                 -0.00041
  49.    83   S 1 D 2 S 3 S 6 ; D 1 S 2 D 3  END                                        0.0208   -0.01365  0.01564
  50.   334   S 1 D 2 - 3 S 4 S 6 ; D 1 S 3  END                                        0.0203    0.00663 -0.01923
  51.   385   S 1 D 2 S 3 S 6 ; S 1 D 2 S 3 - 4  END                                    0.0193    0.01381  0.00543  0.00627  0.00694
                                                                                                 -0.00800
  52.   303   D 1 S 3 - 4 S 6 ; D 1 - 2 S 3  END                                        0.0192   -0.01624  0.01022
  53.   968   S 1 D 2 S 3 - 4 D 5 ; D 1 S 2  END                                        0.0188    0.00068 -0.01876
  54.   944   S 1 D 2 - 3 S 4 S 6 ; S 1 - 2 S 4  END                                    0.0186   -0.01338 -0.00106 -0.00914 -0.00849
                                                                                                  0.00346
  55.   138   D 1 - 2 S 3 D 5 ; D 1 S 3  END                                            0.0184   -0.01844
  56.   152   D 1 - 2 S 3 D 5 ; S 1 - 3  END                                            0.0184    0.01513 -0.01054
  57.    65   D 1 D 3 S 4 ; D 1 S 2 D 3  END                                            0.0181    0.01807
  58.   286   D 1 D 3 S 4 ; D 1 S 2 - 4  END                                            0.0180   -0.00145  0.01797
  59.   163   D 1 - 2 S 3 D 4 ; D 2 S 3  END                                            0.0176   -0.01757
  60.   266   D 1 S 2 S 5 - 6 ; D 1 - 2 S 3  END                                        0.0174    0.01220 -0.01243
  61.   619   D 1 - 2 S 4 ; D 1 S 2 D 4  END                                            0.0172    0.01722
  62.  1072   S 1 - 2 D 3 - 4 S 5 ; D 1 S 2  END                                        0.0169   -0.00450  0.01630
  63.    81   S 1 D 2 S 3 - 4 ; D 1 S 2 D 3  END                                        0.0155   -0.00652  0.01407
  64.   137   D 1 - 2 S 3 - 4 S 6 ; D 1 S 3  END                                        0.0155    0.00896 -0.01263
  65.   141   D 1 - 2 S 3 ; D 1 S 3 D 4  END                                            0.0155   -0.01547
  66.   205   D 1 S 2 D 3 D 5 ; D 1 S 3  END                                            0.0154   -0.01543
  67.    66   D 1 D 3 S 5 ; D 1 S 2 D 3  END                                            0.0153    0.01535
  68.   497   D 2 S 3 D 4 ; D 1 - 2 S 3  END                                            0.0153   -0.01533
  69.   169   D 1 - 2 S 3 ; D 2 S 3 D 4  END                                            0.0152   -0.01521
  70.   181   D 1 - 2 S 5 ; D 1 S 2 - 4  END                                            0.0152   -0.01271  0.00830
  71.    28   D 1 - 3 S 4 ; S 2 D 3  END                                                0.0151    0.01514
  72.    43   D 1 - 2 S 4 ; S 1 D 2 - 3  END                                            0.0151    0.01506
  73.   618   D 1 - 2 S 4 D 6 ; D 1 S 2  END                                            0.0149    0.01493
  74.   216   D 1 S 2 D 3 - 4 ; S 1 - 3  END                                            0.0149    0.00080 -0.01489
  75.   578   D 1 - 2 S 3 D 4 ; D 1 S 4  END                                            0.0149   -0.01486
  76.   563   D 1 - 3 S 4 ; S 2 D 4  END                                                0.0147    0.01469
  77.    44   D 1 - 2 S 5 ; S 1 D 2 - 3  END                                            0.0146   -0.01457
  78.    59   D 1 S 2 - 3 S 5 ; S 1 D 2 - 3  END                                        0.0146    0.01256 -0.00736
  79.   378   S 1 D 2 S 3 S 5 ; D 1 S 2 - 4  END                                        0.0144    0.00880  0.00513  0.00384  0.00347
                                                                                                 -0.00883
  80.   684   D 1 S 2 D 3 - 4 ; D 1 S 4  END                                            0.0143    0.01426
  81.   218   D 1 S 2 D 3 S 4 S 6 ; S 1 - 3  END                                        0.0141   -0.00859  0.00211 -0.00746 -0.00787
                                                                                                  0.00147
  82.   685   D 1 S 2 D 3 S 4 - 5 ; D 1 S 4  END                                        0.0140   -0.00027  0.01403
  83.   502   D 2 S 3 D 6 ; D 1 - 2 S 3  END                                            0.0136   -0.01364
  84.    84   S 1 D 2 S 3 - 4 ; S 1 D 2 - 3  END                                        0.0134   -0.01198  0.00602
  85.    58   D 1 S 2 - 4 ; S 1 D 2 - 3  END                                            0.0134    0.01170 -0.00644
  86.  1246   D 2 - 3 S 4 D 6 ; D 1 S 2  END                                            0.0132    0.01319
  87.   580   D 1 - 2 S 3 - 4 S 6 ; D 1 S 4  END                                        0.0130   -0.00075 -0.01303
  88.   182   D 1 - 2 S 6 ; D 1 S 2 - 4  END                                            0.0130    0.01167 -0.00581
  89.   579   D 1 - 2 S 3 - 5 ; D 1 S 4  END                                            0.0130    0.00039  0.01298
  90.   346   S 1 D 2 - 4 ; S 1 - 3  END                                                0.0127    0.00075  0.01271
  91.   395   S 1 D 2 D 5 ; D 1 - 2 S 3  END                                            0.0127   -0.01266
  92.   153   D 1 - 2 S 3 S 5 - 6 ; S 1 - 3  END                                        0.0125   -0.00269  0.00371 -0.00828 -0.00814
                                                                                                 -0.00121
  93.   821   D 1 D 3 - 4 S 6 ; D 1 S 2  END                                            0.0122    0.01225
  94.   166   D 1 - 2 S 3 D 5 ; D 2 S 3  END                                            0.0122   -0.01223
  95.   416   S 1 - 2 D 3 S 4 ; D 1 S 2 - 4  END                                        0.0122    0.00257  0.00689  0.00184  0.00196
                                                                                                 -0.00931
  96.   255   D 1 S 2 - 3 S 6 ; S 1 D 2 S 3 - 4  END                                    0.0121   -0.00893 -0.00651 -0.00206 -0.00377
                                                                                                  0.00263
  97.   825   D 1 D 3 S 4 ; D 1 S 2 D 4  END                                            0.0119    0.01192
  98.   383   S 1 D 2 S 3 - 4 ; S 1 D 2 S 3 - 4  END                                    0.0119    0.00575  0.00304  0.00441  0.00552
                                                                                                 -0.00698
  99.   943   S 1 D 2 - 3 S 4 - 5 ; S 1 - 2 S 4  END                                    0.0118    0.00869  0.00217  0.00611  0.00441
                                                                                                  0.00161
 100.    87   S 1 D 2 ; D 1 - 3 S 4  END                                                0.0117   -0.01173




 POSITION OF FIRST SPIN COUPLING FOR TEN MOST IMPORTANT CONFIGURATIONS
       1     10     11      4     46    187     52     17     34     16



 ********************************
 RESULTS FOR ROOT   02
 TOTAL CI ENERGY =   -194.8961504
 ********************************

       CONF.                                                                           COEFF.
        NO.        SPACE ORBITAL PRODUCTS                                             CONTRIB.      CI COEFFICIENTS

       -----       ----------------------                                             --------   ---------------------
   1.    10   D 1 - 3 S 4 ; D 1 S 2  END                                                0.6222    0.62221
   2.     1   D 1 - 2 S 3 ; D 1 - 2 S 3  END                                            0.6143    0.61428
   3.     4   D 1 S 2 D 3 ; D 1 - 2 S 3  END                                            0.2552   -0.25519
   4.    11   D 1 - 3 S 5 ; D 1 S 2  END                                                0.2507   -0.25069
   5.    17   D 1 - 3 S 5 ; S 1 D 2  END                                                0.1249   -0.12491
   6.    46   D 1 S 2 D 3 ; D 1 - 2 S 4  END                                            0.1234   -0.12343
   7.    31   D 1 - 2 S 3 ; D 1 - 2 S 4  END                                            0.0642    0.06425
   8.    16   D 1 - 3 S 4 ; S 1 D 2  END                                                0.0626    0.06261
   9.    72   S 1 D 2 - 3 ; D 1 - 2 S 4  END                                            0.0620   -0.06204
  10.    18   D 1 - 3 S 6 ; S 1 D 2  END                                                0.0616   -0.06157
  11.    55   D 1 S 2 - 4 ; D 1 S 2 D 3  END                                            0.0504   -0.03324 -0.03784
  12.   136   D 1 - 2 S 3 - 5 ; D 1 S 3  END                                            0.0498    0.04875  0.01030
  13.    56   D 1 S 2 - 3 S 5 ; D 1 S 2 D 3  END                                        0.0432   -0.03087  0.03020
  14.   203   D 1 S 2 D 3 S 4 - 5 ; D 1 S 3  END                                        0.0431   -0.01107  0.04165
  15.   135   D 1 - 2 S 3 D 4 ; D 1 S 3  END                                            0.0398    0.03983
  16.   714   D 1 S 2 - 3 D 4 S 5 ; D 1 S 2  END                                        0.0395   -0.01894  0.03471
  17.   263   D 1 S 2 S 4 - 5 ; D 1 - 2 S 3  END                                        0.0393   -0.02057  0.03347
  18.    40   D 1 - 2 S 4 ; D 1 S 2 D 3  END                                            0.0383    0.03826
  19.   186   D 1 - 2 S 4 ; S 1 D 2 S 3 - 4  END                                        0.0346    0.02112 -0.02737
  20.   584   D 1 - 2 S 3 D 4 ; S 1 - 2 S 4  END                                        0.0345    0.01316 -0.03191
  21.   150   D 1 - 2 S 3 - 5 ; S 1 - 3  END                                            0.0325   -0.03110 -0.00874  0.00273 -0.00191
                                                                                                  0.00057
  22.   247   D 1 S 2 - 4 ; D 1 S 2 - 4  END                                            0.0324   -0.03096 -0.00121 -0.00620 -0.00131
                                                                                                 -0.00723
  23.   967   S 1 D 2 S 3 D 4 S 6 ; D 1 S 2  END                                        0.0319   -0.00840  0.03072
  24.   394   S 1 D 2 S 4 S 6 ; D 1 - 2 S 3  END                                        0.0318   -0.02248  0.02253
  25.   151   D 1 - 2 S 3 - 4 S 6 ; S 1 - 3  END                                        0.0305    0.00747  0.02958  0.00090  0.00126
                                                                                                  0.00036
  26.   377   S 1 D 2 S 3 - 4 ; D 1 S 2 - 4  END                                        0.0305    0.00728  0.00832  0.01317  0.01280
                                                                                                  0.02168
  27.   248   D 1 S 2 - 3 S 5 ; D 1 S 2 - 4  END                                        0.0291   -0.02093 -0.01470 -0.00557 -0.00993
                                                                                                  0.00802
  28.   217   D 1 S 2 D 3 S 4 - 5 ; S 1 - 3  END                                        0.0288   -0.02042 -0.00420 -0.01605 -0.01160
                                                                                                 -0.00228
  29.   262   D 1 S 2 D 4 ; D 1 - 2 S 3  END                                            0.0282    0.02817
  30.    12   D 1 - 3 S 6 ; D 1 S 2  END                                                0.0270   -0.02696
  31.   614   D 1 - 2 D 4 S 5 ; D 1 S 2  END                                            0.0269    0.02685
  32.   254   D 1 S 2 - 3 S 5 ; S 1 D 2 S 3 - 4  END                                    0.0266    0.02424  0.00416  0.00702  0.00680
                                                                                                 -0.00247
  33.    35   D 1 - 2 S 3 ; S 1 - 2 D 3 S 4  END                                        0.0266    0.01995 -0.01753
  34.   116   D 1 - 3 S 4 ; S 1 S 3 - 4  END                                            0.0265    0.00524 -0.02594
  35.     7   S 1 D 2 - 3 ; D 1 - 2 S 3  END                                            0.0264   -0.02642
  36.   691   D 1 S 2 D 3 S 4 - 5 ; S 1 - 2 S 4  END                                    0.0262    0.02383  0.00503  0.00624  0.00642
                                                                                                 -0.00347
  37.   616   D 1 - 2 S 4 D 5 ; D 1 S 2  END                                            0.0241   -0.02407
  38.   304   D 1 S 3 D 5 ; D 1 - 2 S 3  END                                            0.0240   -0.02401
  39.   301   D 1 S 3 D 4 ; D 1 - 2 S 3  END                                            0.0240   -0.02400
  40.   822   D 1 D 3 S 4 D 5 ; D 1 S 2  END                                            0.0237   -0.02372
  41.    71   D 1 S 3 ; D 1 - 3 S 4  END                                                0.0234   -0.02335
  42.   253   D 1 S 2 - 4 ; S 1 D 2 S 3 - 4  END                                        0.0229    0.02037  0.00141 -0.00185  0.00787
                                                                                                  0.00644
  43.   550   D 1 - 3 S 4 D 5 ; S 1  END                                                0.0229   -0.02286
  44.    65   D 1 D 3 S 4 ; D 1 S 2 D 3  END                                            0.0226   -0.02258
  45.   138   D 1 - 2 S 3 D 5 ; D 1 S 3  END                                            0.0225   -0.02254
  46.    59   D 1 S 2 - 3 S 5 ; S 1 D 2 - 3  END                                        0.0222    0.02208  0.00194
  47.   585   D 1 - 2 S 3 - 5 ; S 1 - 2 S 4  END                                        0.0221    0.01966  0.00742  0.00427 -0.00519
                                                                                                 -0.00009
  48.   302   D 1 S 3 - 5 ; D 1 - 2 S 3  END                                            0.0219    0.02189  0.00006
  49.   685   D 1 S 2 D 3 S 4 - 5 ; D 1 S 4  END                                        0.0218   -0.01245 -0.01789
  50.   716   D 1 S 2 - 4 D 5 ; D 1 S 2  END                                            0.0213   -0.01068 -0.01839
  51.   497   D 2 S 3 D 4 ; D 1 - 2 S 3  END                                            0.0210   -0.02100
  52.   618   D 1 - 2 S 4 D 6 ; D 1 S 2  END                                            0.0209   -0.02092
  53.   163   D 1 - 2 S 3 D 4 ; D 2 S 3  END                                            0.0197   -0.01967
  54.   286   D 1 D 3 S 4 ; D 1 S 2 - 4  END                                            0.0196    0.00884 -0.01746
  55.   717   D 1 S 2 - 6 ; D 1 S 2  END                                                0.0196   -0.00427  0.00006 -0.01630 -0.00441
                                                                                                  0.00893
  56.   432   S 1 - 5 ; D 1 - 2 S 3  END                                                0.0196   -0.00492 -0.00158 -0.01494 -0.00229
                                                                                                  0.01130
  57.   619   D 1 - 2 S 4 ; D 1 S 2 D 4  END                                            0.0196   -0.01956
  58.   152   D 1 - 2 S 3 D 5 ; S 1 - 3  END                                            0.0195    0.01064 -0.01637
  59.   141   D 1 - 2 S 3 ; D 1 S 3 D 4  END                                            0.0189   -0.01887
  60.    28   D 1 - 3 S 4 ; S 2 D 3  END                                                0.0188   -0.01881
  61.    83   S 1 D 2 S 3 S 6 ; D 1 S 2 D 3  END                                        0.0187   -0.01449  0.01174
  62.   334   S 1 D 2 - 3 S 4 S 6 ; D 1 S 3  END                                        0.0186   -0.00294  0.01836
  63.   579   D 1 - 2 S 3 - 5 ; D 1 S 4  END                                            0.0184    0.00984 -0.01552
  64.    58   D 1 S 2 - 4 ; S 1 D 2 - 3  END                                            0.0184    0.00846 -0.01630
  65.   634   D 1 - 2 D 4 S 5 ; S 1 D 2  END                                            0.0177    0.01773
  66.   784   D 1 S 2 D 4 ; D 1 - 2 S 4  END                                            0.0174    0.01742
  67.   385   S 1 D 2 S 3 S 6 ; S 1 D 2 S 3 - 4  END                                    0.0174    0.00977  0.00243  0.00784  0.00975
                                                                                                 -0.00665
  68.   249   D 1 S 2 - 3 S 6 ; D 1 S 2 - 4  END                                        0.0173    0.01442  0.00381  0.00101  0.00863
                                                                                                 -0.00044
  69.   944   S 1 D 2 - 3 S 4 S 6 ; S 1 - 2 S 4  END                                    0.0172    0.00974  0.00327  0.00918  0.00731
                                                                                                 -0.00730
  70.   433   S 1 - 4 S 6 ; D 1 - 2 S 3  END                                            0.0170    0.00333  0.01282 -0.00044 -0.00908
                                                                                                  0.00548
  71.   347   S 1 D 2 - 3 S 4 - 5 ; S 1 - 3  END                                        0.0170    0.01415  0.00463  0.00796  0.00052
                                                                                                 -0.00153
  72.   435   S 1 - 3 S 5 - 6 ; D 1 - 2 S 3  END                                        0.0164    0.00148 -0.00290  0.01402  0.00224
                                                                                                 -0.00755
  73.   969   S 1 D 2 S 3 - 6 ; D 1 S 2  END                                            0.0164   -0.00022  0.00549  0.00460  0.00079
                                                                                                  0.01474
  74.   153   D 1 - 2 S 3 S 5 - 6 ; S 1 - 3  END                                        0.0164   -0.00380  0.00526 -0.01249 -0.00836
                                                                                                 -0.00005
  75.   416   S 1 - 2 D 3 S 4 ; D 1 S 2 - 4  END                                        0.0163   -0.00373 -0.00775 -0.00096 -0.00497
                                                                                                  0.01291
  76.  1075   S 1 - 2 D 3 S 4 - 6 ; D 1 S 2  END                                        0.0163    0.00093  0.00099  0.01196  0.00081
                                                                                                 -0.01094
  77.   218   D 1 S 2 D 3 S 4 S 6 ; S 1 - 3  END                                        0.0160    0.00629 -0.00225  0.01032  0.00842
                                                                                                 -0.00586
  78.   378   S 1 D 2 S 3 S 5 ; D 1 S 2 - 4  END                                        0.0160    0.00642  0.00318  0.00532  0.00720
                                                                                                 -0.01117
  79.    84   S 1 D 2 S 3 - 4 ; S 1 D 2 - 3  END                                        0.0151   -0.01415  0.00522
  80.   580   D 1 - 2 S 3 - 4 S 6 ; D 1 S 4  END                                        0.0150    0.00255  0.01481
  81.   181   D 1 - 2 S 5 ; D 1 S 2 - 4  END                                            0.0143   -0.01067  0.00946
  82.   216   D 1 S 2 D 3 - 4 ; S 1 - 3  END                                            0.0142   -0.00299  0.01386
  83.    60   D 1 S 2 - 3 S 6 ; S 1 D 2 - 3  END                                        0.0142   -0.01351  0.00428
  84.   937   S 1 D 2 - 3 S 4 - 5 ; D 1 S 4  END                                        0.0140    0.00294  0.01365
  85.   182   D 1 - 2 S 6 ; D 1 S 2 - 4  END                                            0.0138    0.01312 -0.00431
  86.   346   S 1 D 2 - 4 ; S 1 - 3  END                                                0.0138   -0.00288 -0.01347
  87.   169   D 1 - 2 S 3 ; D 2 S 3 D 4  END                                            0.0137   -0.01369
  88.    97   S 1 - 3 ; D 1 - 3 S 4  END                                                0.0137    0.00881  0.01044
  89.   219   D 1 S 2 D 3 D 5 ; S 1 - 3  END                                            0.0136   -0.01311 -0.00364
  90.   563   D 1 - 3 S 4 ; S 2 D 4  END                                                0.0135   -0.01352
  91.   287   D 1 D 3 S 5 ; D 1 S 2 - 4  END                                            0.0135    0.00988  0.00920
  92.   551   D 1 - 3 S 4 - 6 ; S 1  END                                                0.0134   -0.01317 -0.00238
  93.   968   S 1 D 2 S 3 - 4 D 5 ; D 1 S 2  END                                        0.0127   -0.00149  0.01263
  94.   303   D 1 S 3 - 4 S 6 ; D 1 - 2 S 3  END                                        0.0126   -0.01011  0.00758
  95.   307   D 1 S 3 ; D 1 - 2 S 3 D 4  END                                            0.0126   -0.01263
  96.   266   D 1 S 2 S 5 - 6 ; D 1 - 2 S 3  END                                        0.0126    0.00798 -0.00973
  97.   140   D 1 - 2 S 3 D 6 ; D 1 S 3  END                                            0.0125   -0.01253
  98.  1072   S 1 - 2 D 3 - 4 S 5 ; D 1 S 2  END                                        0.0125    0.00435 -0.01171
  99.   102   D 2 - 3 S 4 ; D 1 S 2 D 3  END                                            0.0125   -0.01246
 100.   560   D 1 - 3 S 4 D 5 ; S 2  END                                                0.0124   -0.01244




 POSITION OF FIRST SPIN COUPLING FOR TEN MOST IMPORTANT CONFIGURATIONS
      10      1      4     11     17     52     34     16     90     18



 ********************************
 RESULTS FOR ROOT   03
 TOTAL CI ENERGY =   -193.8132815
 ********************************

       CONF.                                                                           COEFF.
        NO.        SPACE ORBITAL PRODUCTS                                             CONTRIB.      CI COEFFICIENTS

       -----       ----------------------                                             --------   ---------------------
   1.    16   D 1 - 3 S 4 ; S 1 D 2  END                                                0.4788    0.47880
   2.    31   D 1 - 2 S 3 ; D 1 - 2 S 4  END                                            0.4783   -0.47832
   3.     4   D 1 S 2 D 3 ; D 1 - 2 S 3  END                                            0.4050    0.40497
   4.    11   D 1 - 3 S 5 ; D 1 S 2  END                                                0.4050   -0.40496
   5.     7   S 1 D 2 - 3 ; D 1 - 2 S 3  END                                            0.1908   -0.19084
   6.    12   D 1 - 3 S 6 ; D 1 S 2  END                                                0.1895    0.18950
   7.    46   D 1 S 2 D 3 ; D 1 - 2 S 4  END                                            0.1074   -0.10737
   8.    17   D 1 - 3 S 5 ; S 1 D 2  END                                                0.1072    0.10715
   9.   253   D 1 S 2 - 4 ; S 1 D 2 S 3 - 4  END                                        0.0653   -0.05216  0.00634  0.00646 -0.00241
                                                                                                 -0.03815
  10.   585   D 1 - 2 S 3 - 5 ; S 1 - 2 S 4  END                                        0.0637    0.05085  0.02466 -0.01563 -0.02414
                                                                                                  0.00626
  11.    10   D 1 - 3 S 4 ; D 1 S 2  END                                                0.0625    0.06248
  12.   262   D 1 S 2 D 4 ; D 1 - 2 S 3  END                                            0.0604   -0.06036
  13.   614   D 1 - 2 D 4 S 5 ; D 1 S 2  END                                            0.0585    0.05849
  14.   248   D 1 S 2 - 3 S 5 ; D 1 S 2 - 4  END                                        0.0585    0.04540 -0.00578  0.01069 -0.00295
                                                                                                  0.03462
  15.   217   D 1 S 2 D 3 S 4 - 5 ; S 1 - 3  END                                        0.0575   -0.04457 -0.02746  0.02210  0.00856
                                                                                                 -0.00085
  16.     1   D 1 - 2 S 3 ; D 1 - 2 S 3  END                                            0.0574   -0.05739
  17.   149   D 1 - 2 S 3 D 4 ; S 1 - 3  END                                            0.0539    0.05383  0.00203
  18.   180   D 1 - 2 S 4 ; D 1 S 2 - 4  END                                            0.0536    0.02849  0.04545
  19.   596   D 1 - 2 S 3 D 4 ; D 2 S 4  END                                            0.0440    0.04403
  20.   639   D 1 - 2 S 4 ; S 1 D 2 D 4  END                                            0.0440   -0.04397
  21.   136   D 1 - 2 S 3 - 5 ; D 1 S 3  END                                            0.0429    0.04259  0.00549
  22.    55   D 1 S 2 - 4 ; D 1 S 2 D 3  END                                            0.0428    0.02579  0.03416
  23.   734   D 1 S 2 - 3 D 4 S 5 ; S 1 D 2  END                                        0.0398   -0.01617  0.03636
  24.   785   D 1 S 2 S 4 - 5 ; D 1 - 2 S 4  END                                        0.0396    0.02327 -0.03207
  25.   383   S 1 D 2 S 3 - 4 ; S 1 D 2 S 3 - 4  END                                    0.0383    0.02328  0.00321  0.00264 -0.00450
                                                                                                  0.02979
  26.   586   D 1 - 2 S 3 - 4 S 6 ; S 1 - 2 S 4  END                                    0.0374   -0.02255 -0.02178  0.01542  0.00811
                                                                                                 -0.01054
  27.   433   S 1 - 4 S 6 ; D 1 - 2 S 3  END                                            0.0366   -0.01069 -0.02481 -0.01461  0.01985
                                                                                                  0.00108
  28.   205   D 1 S 2 D 3 D 5 ; D 1 S 3  END                                            0.0358   -0.03579
  29.    66   D 1 D 3 S 5 ; D 1 S 2 D 3  END                                            0.0358    0.03576
  30.   969   S 1 D 2 S 3 - 6 ; D 1 S 2  END                                            0.0356   -0.00094  0.01096  0.02638  0.00678
                                                                                                  0.02005
  31.    43   D 1 - 2 S 4 ; S 1 D 2 - 3  END                                            0.0348   -0.03480
  32.   150   D 1 - 2 S 3 - 5 ; S 1 - 3  END                                            0.0347    0.01054 -0.00888  0.01023 -0.02952
                                                                                                 -0.00593
  33.   247   D 1 S 2 - 4 ; D 1 S 2 - 4  END                                            0.0345   -0.01077  0.01489  0.02566 -0.01390
                                                                                                 -0.00048
  34.   578   D 1 - 2 S 3 D 4 ; D 1 S 4  END                                            0.0341    0.03411
  35.    33   D 1 - 2 S 3 ; D 1 D 3 S 4  END                                            0.0334    0.03338
  36.    22   D 1 - 3 S 4 ; S 1 D 3  END                                                0.0329   -0.03288
  37.   302   D 1 S 3 - 5 ; D 1 - 2 S 3  END                                            0.0311   -0.03111 -0.00010
  38.   716   D 1 S 2 - 4 D 5 ; D 1 S 2  END                                            0.0304   -0.01534 -0.02625
  39.    72   S 1 D 2 - 3 ; D 1 - 2 S 4  END                                            0.0304   -0.03038
  40.    18   D 1 - 3 S 6 ; S 1 D 2  END                                                0.0301    0.03011
  41.   268   D 1 S 2 ; D 1 - 2 S 3 D 4  END                                            0.0291   -0.02906
  42.   987   S 1 D 2 S 3 D 4 S 6 ; S 1 D 2  END                                        0.0286   -0.01154  0.02614
  43.  1038   S 1 D 2 S 4 S 6 ; D 1 - 2 S 4  END                                        0.0285    0.01687 -0.02297
  44.   558   D 1 - 4 S 5 ; S 2  END                                                    0.0282    0.02816
  45.    71   D 1 S 3 ; D 1 - 3 S 4  END                                                0.0281    0.02809
  46.   634   D 1 - 2 D 4 S 5 ; S 1 D 2  END                                            0.0279   -0.02787
  47.   784   D 1 S 2 D 4 ; D 1 - 2 S 4  END                                            0.0276    0.02761
  48.    41   D 1 - 2 S 5 ; D 1 S 2 D 3  END                                            0.0275    0.02753
  49.   550   D 1 - 3 S 4 D 5 ; S 1  END                                                0.0273   -0.02735
  50.   379   S 1 D 2 S 3 S 6 ; D 1 S 2 - 4  END                                        0.0271    0.01988  0.00259  0.00357 -0.00458
                                                                                                  0.01734
  51.   348   S 1 D 2 - 3 S 4 S 6 ; S 1 - 3  END                                        0.0267   -0.01949 -0.01304  0.01071  0.00250
                                                                                                 -0.00661
  52.   202   D 1 S 2 D 3 - 4 ; D 1 S 3  END                                            0.0267   -0.02670
  53.   378   S 1 D 2 S 3 S 5 ; D 1 S 2 - 4  END                                        0.0264   -0.01531 -0.00009 -0.00012  0.00152
                                                                                                 -0.02144
  54.   218   D 1 S 2 D 3 S 4 S 6 ; S 1 - 3  END                                        0.0259    0.01495  0.01522 -0.01031 -0.00865
                                                                                                  0.00596
  55.    68   D 1 D 3 S 4 ; S 1 D 2 - 3  END                                            0.0257   -0.02569
  56.   581   D 1 - 2 S 3 D 5 ; D 1 S 4  END                                            0.0256    0.02555
  57.   432   S 1 - 5 ; D 1 - 2 S 3  END                                                0.0249   -0.00676 -0.01755  0.00849  0.01399
                                                                                                  0.00071
  58.   717   D 1 S 2 - 6 ; D 1 S 2  END                                                0.0242   -0.00095 -0.00046  0.00488  0.00864
                                                                                                  0.02207
  59.   392   S 1 D 2 D 4 ; D 1 - 2 S 3  END                                            0.0242    0.02422
  60.   615   D 1 - 2 D 4 S 6 ; D 1 S 2  END                                            0.0236   -0.02355
  61.   230   D 1 S 2 D 3 - 4 ; D 2 S 3  END                                            0.0235   -0.02353
  62.   622   D 1 - 2 S 5 ; D 1 S 2 D 4  END                                            0.0234    0.02342
  63.   181   D 1 - 2 S 5 ; D 1 S 2 - 4  END                                            0.0228    0.02058 -0.00977
  64.   155   D 1 - 2 S 3 ; S 1 - 3 D 4  END                                            0.0225   -0.02199  0.00490
  65.   249   D 1 S 2 - 3 S 6 ; D 1 S 2 - 4  END                                        0.0225   -0.01878 -0.00537  0.00293 -0.00349
                                                                                                 -0.01026
  66.   216   D 1 S 2 D 3 - 4 ; S 1 - 3  END                                            0.0224    0.00175  0.02238
  67.   636   D 1 - 2 S 4 D 5 ; S 1 D 2  END                                            0.0223   -0.02230
  68.   347   S 1 D 2 - 3 S 4 - 5 ; S 1 - 3  END                                        0.0222    0.01847  0.00915  0.00117 -0.00512
                                                                                                  0.00623
  69.   122   D 1 - 3 S 4 ; S 2 - 4  END                                                0.0221   -0.00662 -0.02110
  70.   870   D 1 S 3 D 4 ; D 1 - 2 S 4  END                                            0.0220    0.02201
  71.    56   D 1 S 2 - 3 S 5 ; D 1 S 2 D 3  END                                        0.0216    0.01838  0.01143
  72.   203   D 1 S 2 D 3 S 4 - 5 ; D 1 S 3  END                                        0.0210    0.01858  0.00985
  73.    97   S 1 - 3 ; D 1 - 3 S 4  END                                                0.0206   -0.00680 -0.01950
  74.   186   D 1 - 2 S 4 ; S 1 D 2 S 3 - 4  END                                        0.0201    0.00631  0.01904
  75.   551   D 1 - 3 S 4 - 6 ; S 1  END                                                0.0200   -0.01967  0.00362
  76.    81   S 1 D 2 S 3 - 4 ; D 1 S 2 D 3  END                                        0.0199   -0.00910 -0.01766
  77.   584   D 1 - 2 S 3 D 4 ; S 1 - 2 S 4  END                                        0.0197    0.01927 -0.00394
  78.   137   D 1 - 2 S 3 - 4 S 6 ; D 1 S 3  END                                        0.0197   -0.01964  0.00109
  79.  1123   S 1 - 5 ; D 1 - 2 S 4  END                                                0.0197    0.00476  0.00197  0.01671  0.00269
                                                                                                 -0.00857
  80.   737   D 1 S 2 - 6 ; S 1 D 2  END                                                0.0196   -0.00474 -0.00248 -0.01634 -0.00243
                                                                                                  0.00908
  81.   873   D 1 S 3 D 5 ; D 1 - 2 S 4  END                                            0.0195    0.01947
  82.   842   D 1 D 3 S 4 D 5 ; S 1 D 2  END                                            0.0191   -0.01914
  83.    50   D 1 S 2 D 3 ; S 1 - 2 D 3 S 4  END                                        0.0191    0.01307 -0.01392
  84.   117   D 1 - 3 S 5 ; S 1 S 3 - 4  END                                            0.0191   -0.00558  0.01826
  85.   254   D 1 S 2 - 3 S 5 ; S 1 D 2 S 3 - 4  END                                    0.0186   -0.01260 -0.00681 -0.00950  0.00388
                                                                                                 -0.00599
  86.   691   D 1 S 2 D 3 S 4 - 5 ; S 1 - 2 S 4  END                                    0.0183    0.01233  0.00826 -0.00483  0.00862
                                                                                                  0.00406
  87.  1126   S 1 - 3 S 5 - 6 ; D 1 - 2 S 4  END                                        0.0182   -0.00196 -0.00188 -0.01581 -0.00123
                                                                                                  0.00848
  88.  1095   S 1 - 2 D 3 S 4 - 6 ; S 1 D 2  END                                        0.0180    0.00245  0.00110  0.01588  0.00076
                                                                                                 -0.00795
  89.   153   D 1 - 2 S 3 S 5 - 6 ; S 1 - 3  END                                        0.0177   -0.00490 -0.00840 -0.00392 -0.01339
                                                                                                  0.00483
  90.   219   D 1 S 2 D 3 D 5 ; S 1 - 3  END                                            0.0176    0.01177 -0.01305
  91.   287   D 1 D 3 S 5 ; D 1 S 2 - 4  END                                            0.0175   -0.00572  0.01657
  92.   416   S 1 - 2 D 3 S 4 ; D 1 S 2 - 4  END                                        0.0173    0.00475  0.00580  0.01450  0.00510
                                                                                                 -0.00249
  93.   398   S 1 D 2 ; D 1 - 2 S 3 D 4  END                                            0.0171    0.01706
  94.   989   S 1 D 2 S 3 - 6 ; S 1 D 2  END                                            0.0166   -0.00214 -0.00384 -0.01578 -0.00267
                                                                                                  0.00052
  95.   265   D 1 S 2 D 5 ; D 1 - 2 S 3  END                                            0.0166   -0.01658
  96.  1124   S 1 - 4 S 6 ; D 1 - 2 S 4  END                                            0.0165    0.00467  0.00668  0.01301 -0.00316
                                                                                                 -0.00523
  97.   559   D 1 - 4 S 6 ; S 2  END                                                    0.0165   -0.01649
  98.   820   D 1 D 3 - 4 S 5 ; D 1 S 2  END                                            0.0163    0.01631
  99.   292   D 1 D 3 S 4 ; S 1 D 2 S 3 - 4  END                                        0.0159    0.00058 -0.01591
 100.   165   D 1 - 2 S 3 - 4 S 6 ; D 2 S 3  END                                        0.0159    0.00384  0.01545




 POSITION OF FIRST SPIN COUPLING FOR TEN MOST IMPORTANT CONFIGURATIONS
      16     34      4     11      7     12     52     17    397   1016



 ELAPSED TIME =       0.15 CPU SECONDS. (      0.15 WALL CLOCK SECONDS)
