 #TITLE:PPP                                                                      
 PPP Hamiltonian to be used
 Along with Ohno parameterization
 STANDARD OHNO PARAMETERS ARE BEING USED
 U=  11.1300
 r0=   1.2786
 Dielectric Constant =   1.0000
 The system is uncharged
 Total no. of atoms/cell:   2
 RHF Calculations will be performed
 Files will be written for subsequent CI calculations
 dipole matrix elements file will be created
 Orbitals will be printed in the output file
 Total no. of unit cells:   5
 Total no. of sites:  10
 Total no. of electrons:  10
 Convergence Threshold:    0.0000000100
 Maximum number of iterations:    100
 done with input
  
Site #     X-Coord     Y-Coord    Z-coord
  
    1     -5.42826     0.34948     0.00000
    2     -4.27329    -0.34948     0.00000
    3     -3.00287     0.34948     0.00000
    4     -1.84790    -0.34948     0.00000
    5     -0.57749     0.34948     0.00000
    6      0.57749    -0.34948     0.00000
    7      1.84790     0.34948     0.00000
    8      3.00287    -0.34948     0.00000
    9      4.27329     0.34948     0.00000
   10      5.42826    -0.34948     0.00000
  
  
 Total no. of Unique hopping elements read=      2
  
 Entering routine SCF
  
 Itr(i)     E(scf)        Ediff1(i-1)       Ediff2(i)       Evldiff(i)
  
      1    0.2000397E+03   0.0000000E+00    0.1000000E+04   0.1000000E+04
      2   -0.1940483E+02  -0.2194445E+03    0.0000000E+00   0.3035918E+01
      3   -0.1968849E+02  -0.2836543E+00   -0.2194445E+03   0.2228922E+00
      4   -0.1977038E+02  -0.8188998E-01   -0.2836543E+00   0.1114194E+00
      5   -0.1979273E+02  -0.2235402E-01   -0.8188998E-01   0.5575495E-01
      6   -0.1979865E+02  -0.5925098E-02   -0.2235402E-01   0.2804268E-01
      7   -0.1980020E+02  -0.1547269E-02   -0.5925098E-02   0.1416116E-01
      8   -0.1980060E+02  -0.4011206E-03   -0.1547269E-02   0.7169125E-02
      9   -0.1980071E+02  -0.1036364E-03   -0.4011206E-03   0.3634641E-02
     10   -0.1980073E+02  -0.2673719E-04   -0.1036364E-03   0.1844202E-02
     11   -0.1980074E+02  -0.6894252E-05   -0.2673719E-04   0.9361604E-03
     12   -0.1980074E+02  -0.1777493E-05   -0.6894252E-05   0.4753356E-03
     13   -0.1980074E+02  -0.4583034E-06   -0.1777493E-05   0.2413856E-03
     14   -0.1980074E+02  -0.1181808E-06   -0.4583034E-06   0.1225907E-03
     15   -0.1980074E+02  -0.3047836E-07   -0.1181808E-06   0.6226225E-04
     16   -0.1980074E+02  -0.7861104E-08   -0.3047836E-07   0.3162315E-04
     17   -0.1980074E+02  -0.2027747E-08   -0.7861104E-08   0.1606180E-04
     18   -0.1980074E+02  -0.5230447E-09   -0.2027747E-08   0.8158104E-05
  
 Convergence achieved after     18 iterations
  
 Final SCF energy:     -19.800742169040
  
 Nuc-Nuc energy:     180.039685169177
  
 Eigen values of the Fock Matrix
  
  
              E  1
 #      1  -3.17302
 #      2  -2.46546
 #      3  -1.32753
 #      4   0.14854
 #      5   1.68260
 #      6   9.44740
 #      7  10.98146
 #      8  12.45753
 #      9  13.59546
 #     10  14.30302
  
   
 Occupied Orbitals
   
  
            ORB  1    ORB  2    ORB  3    ORB  4    ORB  5
 Site   1   0.14313   0.27280  -0.37184  -0.40961  -0.31471
 Site   2   0.22651   0.38090  -0.41536  -0.32505  -0.15947
 Site   3   0.32951   0.40615  -0.15722   0.23362   0.38362
 Site   4   0.38025   0.32757   0.08803   0.39172   0.29482
 Site   5   0.41837   0.09073   0.39591   0.13617  -0.37609
 Site   6   0.41837  -0.09073   0.39591  -0.13617  -0.37609
 Site   7   0.38025  -0.32757   0.08803  -0.39172   0.29482
 Site   8   0.32951  -0.40615  -0.15722  -0.23362   0.38362
 Site   9   0.22651  -0.38090  -0.41536   0.32505  -0.15947
 Site  10   0.14313  -0.27280  -0.37184   0.40961  -0.31471
   
 Virtual orbitals
   
  
            ORB  6    ORB  7    ORB  8    ORB  9    ORB 10
 Site   1  -0.31471   0.40961  -0.37184  -0.27280   0.14313
 Site   2   0.15947  -0.32505   0.41536   0.38090  -0.22651
 Site   3   0.38362  -0.23362  -0.15722  -0.40615   0.32951
 Site   4  -0.29482   0.39172  -0.08803   0.32757  -0.38025
 Site   5  -0.37609  -0.13617   0.39591  -0.09073   0.41837
 Site   6   0.37609  -0.13617  -0.39591  -0.09073  -0.41837
 Site   7   0.29482   0.39172   0.08803   0.32757   0.38025
 Site   8  -0.38362  -0.23362   0.15722  -0.40615  -0.32951
 Site   9  -0.15947  -0.32505  -0.41536   0.38090   0.22651
 Site  10   0.31471   0.40961   0.37184  -0.27280  -0.14313
 Done with SCF calculations
 Total number of orbitals in the CI calculations:  10
  
 Array size for two-electron integrals:            1540.0
  
