 ************************************************************************
 * CISTAR - CONFIGURATION INTERACTION/PERTURBATION THEORY PROGRAM       *
 * QUANTUM CHEMISTRY GROUP - INDIANA UNIVERSITY - 11May 2016  14:40:19  *
 ************************************************************************



 THE TRANSFORMED INTEGRALS ARE TITLED: dumm                                    
 THE FILE IS DATED:                     11May 2016  14:36:02 
 THE NUMBER OF ORBITALS FROM FILE 16 IS  12.


                         CI RUN TITLE
                         -- --- -----
 )* H2O  -SINGLET A1-  STO-3G HF SD-CI TEST CASE *


 ) $
 ) $ GENERAL OPTIONS LIST INPUT
 ) $
 )SDTQCI      $ REQUEST UP TO SD EXCITATIONS FROM THESE CONFIGURATIONs
 )ISYMMETRY=3     $ SPECIFY Ag OVERALL SYMMETRY
 )MULTIPLICITY=3  $ SPECIFY SPIN MULTIPLICITY
 )END
 TIME TO PROCESS FORMULA FILE = 0.0 CPU SEC. ( 0.0 WALL CLOCK SEC.)

            THE HARTREE-FOCK CONFIGURATION
            --- ------------ -------------
 ) $
 ) $ SPECIFY THE HARTREE-FOCK CONFIGURATION
 ) $
 ) D 1 - 2 S 3 ; D 1 - 2 ; S 1 ; D 1 END $1Ag

               INTERNALLY GENERATED ORBITAL SETS (SDTQ-CI)
               ---------- --------- ------- --------------
 MIN. MAX.
 OCC. OCC.
   0   4   000100110101
   8  12   111011001010
 THE REFERENCE SPACE CONTAINS   1 SPIN-ADAPTED CONFIGURATIONS.


      3648 SPACE ORBITAL PRODUCTS (    18747 SPIN-ADAPTED CONFIGURATIONS)
 WERE GENERATED IN     0.0 CPU SECONDS.
 TIME IN DIAGC    0.0


 THE TOTAL NUMBER OF SPACE ORBITAL PRODUCTS IS           3648
 THE TOTAL NUMBER OF SPIN-ADAPTED CONFIGURATIONS IS     18747
 THE MAX. NUMBER OF SPIN COUPLINGS IN A S.O.P. IS   28
 THERE WILL BE         2 INTEGRAL LOADS UTILIZING  79995967 WORDS OF MEMORY.
 writ50, first, nrec= T       15872
 A TOTAL OF   249204 NONZERO S.O.P. PAIRS WERE FOUND.
 TIME TO FIND (I,J) PAIRS =    0.06 CPU SECONDS.
 THE VALUE OF THE H(1,1) ELEMENT IS  -319.4169720

          HAMILTONIAN MATRIX STORAGE DATA
 I/O   NO. OF    NO. OF     FILE SIZE    PERCENT NONZERO
 FILE  RECORDS   ELEMENTS   (IN BYTES)    IN ALL BLOCKS
  12         4      37494       299972
  13       106      86179      1696424
  17      1014    3959800     17813752      60.4
  20       169    1308533     10816676
 TOTAL ELAPSED TIME =     0.7 CPU SECONDS AND        0.8 WALL CLOCK SECONDS.
