
   CheMPS2: a spin-adapted implementation of DMRG for ab initio quantum chemistry
   Copyright (C) 2013-2016 Sebastian Wouters

   This program is free software; you can redistribute it and/or modify
   it under the terms of the GNU General Public License as published by
   the Free Software Foundation; either version 2 of the License, or
   (at your option) any later version.

   This program is distributed in the hope that it will be useful,
   but WITHOUT ANY WARRANTY; without even the implied warranty of
   MERCHANTABILITY or FITNESS FOR A PARTICULAR PURPOSE.  See the
   GNU General Public License for more details.

   You should have received a copy of the GNU General Public License along
   with this program; if not, write to the Free Software Foundation, Inc.,
   51 Franklin Street, Fifth Floor, Boston, MA 02110-1301 USA.

   Stats: nIt(DAVIDSON) = 25
Energy at sites (10, 11) is 13.5967225757977
   Stats: nIt(DAVIDSON) = 17
Energy at sites (9, 10) is 10.342673482005
   Stats: nIt(DAVIDSON) = 38
Energy at sites (8, 9) is 7.43780012289523
   Stats: nIt(DAVIDSON) = 43
Energy at sites (7, 8) is -1.93748675133946
   Stats: nIt(DAVIDSON) = 36
Energy at sites (6, 7) is -11.2780624065328
   Stats: nIt(DAVIDSON) = 52
Energy at sites (5, 6) is -24.6214164805156
   Stats: nIt(DAVIDSON) = 21
Energy at sites (4, 5) is -24.6194983465582
   Stats: nIt(DAVIDSON) = 1
Energy at sites (3, 4) is -24.6194983465602
   Stats: nIt(DAVIDSON) = 1
Energy at sites (2, 3) is -24.6194983465583
   Stats: nIt(DAVIDSON) = 1
Energy at sites (1, 2) is -24.6194983465588
******************************************************************
***  Information on left sweep 0 of instruction 0:
***     Elapsed wall time        = 24.978167 seconds
***       |--> S.join            = 0.023398 seconds
***       |--> S.solve           = 24.483728 seconds
***       |--> S.split           = 0.112921 seconds
***       |--> Tensor update     = 0.357941 seconds
***              |--> create     = 0.03598 seconds
***              |--> destroy    = 0.002268 seconds
***              |--> disk write = 0.022947 seconds
***              |--> disk read  = 0.013545 seconds
***              |--> calc       = 0.283161 seconds
***     Disk write bandwidth     = 1788.57119186161 MB/s
***     Disk read  bandwidth     = 3028.77274770585 MB/s
***     Minimum energy           = -24.6214164805156
***     Maximum discarded weight = 0
******************************************************************
   Stats: nIt(DAVIDSON) = 1
Energy at sites (0, 1) is -24.6194983465586
   Stats: nIt(DAVIDSON) = 1
Energy at sites (1, 2) is -24.6194983465588
   Stats: nIt(DAVIDSON) = 1
Energy at sites (2, 3) is -24.6194983465581
   Stats: nIt(DAVIDSON) = 1
Energy at sites (3, 4) is -24.6194983465579
   Stats: nIt(DAVIDSON) = 1
Energy at sites (4, 5) is -24.6194983465559
   Stats: nIt(DAVIDSON) = 17
Energy at sites (5, 6) is -24.6214164805136
   Stats: nIt(DAVIDSON) = 14
Energy at sites (6, 7) is -24.6204277417356
   Stats: nIt(DAVIDSON) = 1
Energy at sites (7, 8) is -24.6204277417358
   Stats: nIt(DAVIDSON) = 1
Energy at sites (8, 9) is -24.6204277417359
   Stats: nIt(DAVIDSON) = 1
Energy at sites (9, 10) is -24.6204277417351
******************************************************************
***  Information on right sweep 0 of instruction 0:
***     Elapsed wall time        = 7.636761 seconds
***       |--> S.join            = 0.023815 seconds
***       |--> S.solve           = 7.161351 seconds
***       |--> S.split           = 0.118189 seconds
***       |--> Tensor update     = 0.333242 seconds
***              |--> create     = 0.034913 seconds
***              |--> destroy    = 0.002281 seconds
***              |--> disk write = 0.023472 seconds
***              |--> disk read  = 0.013282 seconds
***              |--> calc       = 0.259256 seconds
***     Disk write bandwidth     = 1733.59430803274 MB/s
***     Disk read  bandwidth     = 3090.07251465505 MB/s
***     Minimum energy           = -24.6214164805136
***     Maximum discarded weight = 2.65520842477405e-05
***     Energy difference with respect to previous leftright sweep = 24.6204277417351
******************************************************************
   Stats: nIt(DAVIDSON) = 1
Energy at sites (10, 11) is -24.6204277417353
   Stats: nIt(DAVIDSON) = 1
Energy at sites (9, 10) is -24.6204277417352
   Stats: nIt(DAVIDSON) = 1
Energy at sites (8, 9) is -24.6204277417355
   Stats: nIt(DAVIDSON) = 1
Energy at sites (7, 8) is -24.6204277417366
   Stats: nIt(DAVIDSON) = 1
Energy at sites (6, 7) is -24.6204277417324
   Stats: nIt(DAVIDSON) = 17
Energy at sites (5, 6) is -24.6214114910255
   Stats: nIt(DAVIDSON) = 13
Energy at sites (4, 5) is -24.6204273562176
   Stats: nIt(DAVIDSON) = 1
Energy at sites (3, 4) is -24.6204273562141
   Stats: nIt(DAVIDSON) = 1
Energy at sites (2, 3) is -24.6204273562145
   Stats: nIt(DAVIDSON) = 1
Energy at sites (1, 2) is -24.6204273562148
******************************************************************
***  Information on left sweep 1 of instruction 0:
***     Elapsed wall time        = 7.689622 seconds
***       |--> S.join            = 0.025117 seconds
***       |--> S.solve           = 7.194474 seconds
***       |--> S.split           = 0.115413 seconds
***       |--> Tensor update     = 0.354454 seconds
***              |--> create     = 0.0366 seconds
***              |--> destroy    = 0.002275 seconds
***              |--> disk write = 0.023547 seconds
***              |--> disk read  = 0.013486 seconds
***              |--> calc       = 0.278514 seconds
***     Disk write bandwidth     = 1727.60279339509 MB/s
***     Disk read  bandwidth     = 3017.27165936115 MB/s
***     Minimum energy           = -24.6214114910255
***     Maximum discarded weight = 2.63864546363118e-05
******************************************************************
   Stats: nIt(DAVIDSON) = 1
Energy at sites (0, 1) is -24.6204273562149
   Stats: nIt(DAVIDSON) = 1
Energy at sites (1, 2) is -24.6204273562149
   Stats: nIt(DAVIDSON) = 1
Energy at sites (2, 3) is -24.6204273562145
   Stats: nIt(DAVIDSON) = 1
Energy at sites (3, 4) is -24.6204273562158
   Stats: nIt(DAVIDSON) = 1
Energy at sites (4, 5) is -24.6204273562149
   Stats: nIt(DAVIDSON) = 17
Energy at sites (5, 6) is -24.6214111991593
   Stats: nIt(DAVIDSON) = 14
Energy at sites (6, 7) is -24.6204278192152
   Stats: nIt(DAVIDSON) = 1
Energy at sites (7, 8) is -24.6204278192168
   Stats: nIt(DAVIDSON) = 1
Energy at sites (8, 9) is -24.6204278192166
   Stats: nIt(DAVIDSON) = 1
Energy at sites (9, 10) is -24.620427819216
******************************************************************
***  Information on right sweep 1 of instruction 0:
***     Elapsed wall time        = 7.584193 seconds
***       |--> S.join            = 0.029747 seconds
***       |--> S.solve           = 7.095564 seconds
***       |--> S.split           = 0.116815 seconds
***       |--> Tensor update     = 0.341895 seconds
***              |--> create     = 0.035035 seconds
***              |--> destroy    = 0.002255 seconds
***              |--> disk write = 0.023174 seconds
***              |--> disk read  = 0.014294 seconds
***              |--> calc       = 0.267106 seconds
***     Disk write bandwidth     = 1754.64946509457 MB/s
***     Disk read  bandwidth     = 2845.9397632625 MB/s
***     Minimum energy           = -24.6214111991593
***     Maximum discarded weight = 2.637542280571e-05
***     Energy difference with respect to previous leftright sweep = 7.74809336689941e-08
******************************************************************
   Stats: nIt(DAVIDSON) = 1
Energy at sites (10, 11) is -24.620427819216
   Stats: nIt(DAVIDSON) = 1
Energy at sites (9, 10) is -24.620427819216
   Stats: nIt(DAVIDSON) = 1
Energy at sites (8, 9) is -24.6204278192167
   Stats: nIt(DAVIDSON) = 1
Energy at sites (7, 8) is -24.6204278192176
   Stats: nIt(DAVIDSON) = 1
Energy at sites (6, 7) is -24.6204278192147
   Stats: nIt(DAVIDSON) = 17
Energy at sites (5, 6) is -24.6214111867683
   Stats: nIt(DAVIDSON) = 13
Energy at sites (4, 5) is -24.6204273621843
   Stats: nIt(DAVIDSON) = 1
Energy at sites (3, 4) is -24.6204273621874
   Stats: nIt(DAVIDSON) = 1
Energy at sites (2, 3) is -24.6204273621867
   Stats: nIt(DAVIDSON) = 1
Energy at sites (1, 2) is -24.6204273621867
******************************************************************
***  Information on left sweep 2 of instruction 0:
***     Elapsed wall time        = 7.670761 seconds
***       |--> S.join            = 0.022645 seconds
***       |--> S.solve           = 7.184236 seconds
***       |--> S.split           = 0.11421 seconds
***       |--> Tensor update     = 0.349501 seconds
***              |--> create     = 0.035027 seconds
***              |--> destroy    = 0.002469 seconds
***              |--> disk write = 0.023052 seconds
***              |--> disk read  = 0.01344 seconds
***              |--> calc       = 0.275483 seconds
***     Disk write bandwidth     = 1764.69993822984 MB/s
***     Disk read  bandwidth     = 3025.46478453137 MB/s
***     Minimum energy           = -24.6214111867683
***     Maximum discarded weight = 2.63750824604023e-05
******************************************************************
   Stats: nIt(DAVIDSON) = 1
Energy at sites (0, 1) is -24.6204273621865
   Stats: nIt(DAVIDSON) = 1
Energy at sites (1, 2) is -24.6204273621867
   Stats: nIt(DAVIDSON) = 1
Energy at sites (2, 3) is -24.6204273621865
   Stats: nIt(DAVIDSON) = 1
Energy at sites (3, 4) is -24.6204273621875
   Stats: nIt(DAVIDSON) = 1
Energy at sites (4, 5) is -24.6204273621877
   Stats: nIt(DAVIDSON) = 17
Energy at sites (5, 6) is -24.6214111864168
   Stats: nIt(DAVIDSON) = 14
Energy at sites (6, 7) is -24.6204278191744
   Stats: nIt(DAVIDSON) = 1
Energy at sites (7, 8) is -24.6204278191743
   Stats: nIt(DAVIDSON) = 1
Energy at sites (8, 9) is -24.6204278191732
   Stats: nIt(DAVIDSON) = 1
Energy at sites (9, 10) is -24.6204278191724
******************************************************************
***  Information on right sweep 2 of instruction 0:
***     Elapsed wall time        = 7.584225 seconds
***       |--> S.join            = 0.024298 seconds
***       |--> S.solve           = 7.09632 seconds
***       |--> S.split           = 0.115612 seconds
***       |--> Tensor update     = 0.347833 seconds
***              |--> create     = 0.035667 seconds
***              |--> destroy    = 0.002532 seconds
***              |--> disk write = 0.023198 seconds
***              |--> disk read  = 0.013681 seconds
***              |--> calc       = 0.272722 seconds
***     Disk write bandwidth     = 1752.83415398317 MB/s
***     Disk read  bandwidth     = 2973.45683620161 MB/s
***     Minimum energy           = -24.6214111864168
***     Maximum discarded weight = 2.63750683728828e-05
***     Energy difference with respect to previous leftright sweep = 4.35989022662397e-11
******************************************************************
   Stats: nIt(DAVIDSON) = 1
Energy at sites (10, 11) is -24.6204278191722
   Stats: nIt(DAVIDSON) = 1
Energy at sites (9, 10) is -24.6204278191724
   Stats: nIt(DAVIDSON) = 1
Energy at sites (8, 9) is -24.6204278191726
   Stats: nIt(DAVIDSON) = 1
Energy at sites (7, 8) is -24.6204278191731
   Stats: nIt(DAVIDSON) = 1
Energy at sites (6, 7) is -24.620427819169
   Stats: nIt(DAVIDSON) = 17
Energy at sites (5, 6) is -24.6214111859991
   Stats: nIt(DAVIDSON) = 13
Energy at sites (4, 5) is -24.6204273621985
   Stats: nIt(DAVIDSON) = 1
Energy at sites (3, 4) is -24.6204273621988
   Stats: nIt(DAVIDSON) = 1
Energy at sites (2, 3) is -24.6204273621979
   Stats: nIt(DAVIDSON) = 1
Energy at sites (1, 2) is -24.6204273621982
******************************************************************
***  Information on left sweep 3 of instruction 0:
***     Elapsed wall time        = 7.674825 seconds
***       |--> S.join            = 0.025957 seconds
***       |--> S.solve           = 7.183039 seconds
***       |--> S.split           = 0.115353 seconds
***       |--> Tensor update     = 0.350306 seconds
***              |--> create     = 0.035627 seconds
***              |--> destroy    = 0.002306 seconds
***              |--> disk write = 0.02434 seconds
***              |--> disk read  = 0.013918 seconds
***              |--> calc       = 0.274079 seconds
***     Disk write bandwidth     = 1671.31729564808 MB/s
***     Disk read  bandwidth     = 2921.55817675683 MB/s
***     Minimum energy           = -24.6214111859991
***     Maximum discarded weight = 2.6375057074107e-05
******************************************************************
   Stats: nIt(DAVIDSON) = 1
Energy at sites (0, 1) is -24.6204273621985
   Stats: nIt(DAVIDSON) = 1
Energy at sites (1, 2) is -24.6204273621984
   Stats: nIt(DAVIDSON) = 1
Energy at sites (2, 3) is -24.6204273621982
   Stats: nIt(DAVIDSON) = 1
Energy at sites (3, 4) is -24.6204273621982
   Stats: nIt(DAVIDSON) = 1
Energy at sites (4, 5) is -24.6204273621926
   Stats: nIt(DAVIDSON) = 17
Energy at sites (5, 6) is -24.6214111859928
   Stats: nIt(DAVIDSON) = 14
Energy at sites (6, 7) is -24.6204278191638
   Stats: nIt(DAVIDSON) = 1
Energy at sites (7, 8) is -24.6204278191642
   Stats: nIt(DAVIDSON) = 1
Energy at sites (8, 9) is -24.6204278191642
   Stats: nIt(DAVIDSON) = 1
Energy at sites (9, 10) is -24.6204278191641
******************************************************************
***  Information on right sweep 3 of instruction 0:
***     Elapsed wall time        = 7.596231 seconds
***       |--> S.join            = 0.024272 seconds
***       |--> S.solve           = 7.100532 seconds
***       |--> S.split           = 0.117337 seconds
***       |--> Tensor update     = 0.353903 seconds
***              |--> create     = 0.035131 seconds
***              |--> destroy    = 0.002324 seconds
***              |--> disk write = 0.023432 seconds
***              |--> disk read  = 0.014035 seconds
***              |--> calc       = 0.278955 seconds
***     Disk write bandwidth     = 1735.32975008969 MB/s
***     Disk read  bandwidth     = 2898.45835240999 MB/s
***     Minimum energy           = -24.6214111859928
***     Maximum discarded weight = 2.63750578706445e-05
***     Energy difference with respect to previous leftright sweep = 8.35598257253878e-12
******************************************************************
   Stats: nIt(DAVIDSON) = 1
Energy at sites (10, 11) is -24.6204278191643
   Stats: nIt(DAVIDSON) = 1
Energy at sites (9, 10) is -24.6204278191641
   Stats: nIt(DAVIDSON) = 1
Energy at sites (8, 9) is -24.6204278191642
   Stats: nIt(DAVIDSON) = 1
Energy at sites (7, 8) is -24.6204278191631
   Stats: nIt(DAVIDSON) = 1
Energy at sites (6, 7) is -24.6204278191651
   Stats: nIt(DAVIDSON) = 17
Energy at sites (5, 6) is -24.6214111859708
   Stats: nIt(DAVIDSON) = 13
Energy at sites (4, 5) is -24.6204273621926
   Stats: nIt(DAVIDSON) = 1
Energy at sites (3, 4) is -24.6204273621988
   Stats: nIt(DAVIDSON) = 1
Energy at sites (2, 3) is -24.6204273621971
   Stats: nIt(DAVIDSON) = 1
Energy at sites (1, 2) is -24.6204273621969
******************************************************************
***  Information on left sweep 4 of instruction 0:
***     Elapsed wall time        = 7.673037 seconds
***       |--> S.join            = 0.02101 seconds
***       |--> S.solve           = 7.185817 seconds
***       |--> S.split           = 0.117283 seconds
***       |--> Tensor update     = 0.348742 seconds
***              |--> create     = 0.0353 seconds
***              |--> destroy    = 0.002609 seconds
***              |--> disk write = 0.024681 seconds
***              |--> disk read  = 0.013968 seconds
***              |--> calc       = 0.272157 seconds
***     Disk write bandwidth     = 1648.22588128821 MB/s
***     Disk read  bandwidth     = 2911.10013631884 MB/s
***     Minimum energy           = -24.6214111859708
***     Maximum discarded weight = 2.63750562808893e-05
******************************************************************
   Stats: nIt(DAVIDSON) = 1
Energy at sites (0, 1) is -24.6204273621969
   Stats: nIt(DAVIDSON) = 1
Energy at sites (1, 2) is -24.620427362197
   Stats: nIt(DAVIDSON) = 1
Energy at sites (2, 3) is -24.6204273621969
   Stats: nIt(DAVIDSON) = 1
Energy at sites (3, 4) is -24.6204273621985
   Stats: nIt(DAVIDSON) = 1
Energy at sites (4, 5) is -24.6204273621955
   Stats: nIt(DAVIDSON) = 17
Energy at sites (5, 6) is -24.6214111859666
   Stats: nIt(DAVIDSON) = 14
Energy at sites (6, 7) is -24.6204278191638
   Stats: nIt(DAVIDSON) = 1
Energy at sites (7, 8) is -24.6204278191637
   Stats: nIt(DAVIDSON) = 1
Energy at sites (8, 9) is -24.6204278191647
   Stats: nIt(DAVIDSON) = 1
Energy at sites (9, 10) is -24.6204278191635
******************************************************************
***  Information on right sweep 4 of instruction 0:
***     Elapsed wall time        = 7.593463 seconds
***       |--> S.join            = 0.026951 seconds
***       |--> S.solve           = 7.108321 seconds
***       |--> S.split           = 0.114634 seconds
***       |--> Tensor update     = 0.343387 seconds
***              |--> create     = 0.035802 seconds
***              |--> destroy    = 0.002576 seconds
***              |--> disk write = 0.024205 seconds
***              |--> disk read  = 0.014056 seconds
***              |--> calc       = 0.266722 seconds
***     Disk write bandwidth     = 1679.91103921097 MB/s
***     Disk read  bandwidth     = 2894.12798634563 MB/s
***     Minimum energy           = -24.6214111859666
***     Maximum discarded weight = 2.63750572555549e-05
***     Energy difference with respect to previous leftright sweep = 5.6843418860808e-13
******************************************************************
***  Information on completed instruction 0:
***     The reduced virtual dimension DSU(2)               = 500
***     Minimum energy encountered during all instructions = -24.6214164805156
***     Minimum energy encountered during the last sweep   = -24.6214111859666
***     Maximum discarded weight during the last sweep     = 2.63750572555549e-05
******************************************************************
   Stats: nIt(DAVIDSON) = 1
********************************************
***  2-RDM and Correlations calculation  ***
********************************************
   N(N-1)                     = 132
   Double trace of DMRG 2-RDM = 132
   Energy obtained by Heff at edge   = -24.6204278191636
   Econst + 0.5 * trace(2DM-A * Ham) = -24.6204278191639
   NOON of irrep Ag = [ 1.96903356448761 , 1.8425185537 , 0.441660273282421 , 0.0420248816171376 ].
   NOON of irrep B1g = [ 1.5904294192257 , 0.177568232048844 ].
   NOON of irrep B2u = [ 1.82241657284985 , 0.40957026455244 ].
   NOON of irrep B3u = [ 1.95797995600561 , 1.55833436283336 , 0.15749452032512 , 0.0309693990719227 ].
   Single-orbital entropies (Hamiltonian index order is used!) = [ 0.168407902161751 , 0.204017340932489 , 0.547400716085865 , 0.991903437383457 , 0.599256800911561 , 1.03517483178565 , 1.03516591905972 , 0.599221495646889 , 0.991904009346539 , 0.547431491977398 , 0.204033421600655 , 0.1684299786932 ].
   Idistance(0) = 2.6552751016138
   Idistance(1) = 13.0618566848989
   Idistance(2) = 85.2131704896654
***************************************************
***  Timing information 2-RDM and Correlations  ***
***************************************************
***     Elapsed wall time        = 1.250494 seconds
***       |--> MPS gauge change  = 0.138352 seconds
***       |--> Diagram calc      = 0.274091 seconds
***       |--> Tensor update     = 0.814626 seconds
***              |--> create     = 0.0765449999999999 seconds
***              |--> destroy    = 0.005162 seconds
***              |--> disk write = 0.050936 seconds
***              |--> disk read  = 0.032134 seconds
***              |--> calc       = 0.649685 seconds
***     Disk write bandwidth     = 1598.25645100477 MB/s
***     Disk read  bandwidth     = 2533.41602627681 MB/s
***************************************************
   Stats: nIt(DAVIDSON) = 15
Energy at sites (10, 11) is 12.817150724682
   Stats: nIt(DAVIDSON) = 19
Energy at sites (9, 10) is 10.6167409827563
   Stats: nIt(DAVIDSON) = 31
Energy at sites (8, 9) is 7.03424441326416
   Stats: nIt(DAVIDSON) = 41
Energy at sites (7, 8) is -2.43155552693156
   Stats: nIt(DAVIDSON) = 45
Energy at sites (6, 7) is -10.7140826982749
   Stats: nIt(DAVIDSON) = 60
Energy at sites (5, 6) is -23.4502473257442
   Stats: nIt(DAVIDSON) = 25
Energy at sites (4, 5) is -23.4495837880574
   Stats: nIt(DAVIDSON) = 1
Energy at sites (3, 4) is -23.4495837880581
   Stats: nIt(DAVIDSON) = 1
Energy at sites (2, 3) is -23.4495837880571
   Stats: nIt(DAVIDSON) = 1
Energy at sites (1, 2) is -23.4495837880574
******************************************************************
***  Information on left sweep 0 of instruction 0:
***     Elapsed wall time        = 29.343953 seconds
***       |--> S.join            = 0.022811 seconds
***       |--> S.solve           = 28.796816 seconds
***       |--> S.split           = 0.118223 seconds
***       |--> Tensor update     = 0.405925 seconds
***              |--> create     = 0.036182 seconds
***              |--> destroy    = 0.002344 seconds
***              |--> disk write = 0.024132 seconds
***              |--> disk read  = 0.013619 seconds
***              |--> calc       = 0.329622 seconds
***     Disk write bandwidth     = 1710.56798337092 MB/s
***     Disk read  bandwidth     = 3029.71441390905 MB/s
***     Minimum energy           = -23.4502473257442
***     Maximum discarded weight = 0
******************************************************************
   Stats: nIt(DAVIDSON) = 1
Energy at sites (0, 1) is -23.4495837880573
   Stats: nIt(DAVIDSON) = 1
Energy at sites (1, 2) is -23.4495837880574
   Stats: nIt(DAVIDSON) = 1
Energy at sites (2, 3) is -23.4495837880572
   Stats: nIt(DAVIDSON) = 1
Energy at sites (3, 4) is -23.4495837880567
   Stats: nIt(DAVIDSON) = 1
Energy at sites (4, 5) is -23.4495837880562
   Stats: nIt(DAVIDSON) = 22
Energy at sites (5, 6) is -23.4502473257486
   Stats: nIt(DAVIDSON) = 17
Energy at sites (6, 7) is -23.4499607408724
   Stats: nIt(DAVIDSON) = 1
Energy at sites (7, 8) is -23.4499607408696
   Stats: nIt(DAVIDSON) = 1
Energy at sites (8, 9) is -23.4499607408706
   Stats: nIt(DAVIDSON) = 1
Energy at sites (9, 10) is -23.4499607408712
******************************************************************
***  Information on right sweep 0 of instruction 0:
***     Elapsed wall time        = 9.874984 seconds
***       |--> S.join            = 0.022934 seconds
***       |--> S.solve           = 9.339451 seconds
***       |--> S.split           = 0.119746 seconds
***       |--> Tensor update     = 0.392689 seconds
***              |--> create     = 0.035478 seconds
***              |--> destroy    = 0.002316 seconds
***              |--> disk write = 0.023459 seconds
***              |--> disk read  = 0.013719 seconds
***              |--> calc       = 0.317685 seconds
***     Disk write bandwidth     = 1749.34643807581 MB/s
***     Disk read  bandwidth     = 3008.92387015869 MB/s
***     Minimum energy           = -23.4502473257486
***     Maximum discarded weight = 7.76714473657358e-06
***     Energy difference with respect to previous leftright sweep = 23.4499607408712
******************************************************************
The overlap between the current state and state 0 is : 4.03783540544028e-07
   Stats: nIt(DAVIDSON) = 1
Energy at sites (10, 11) is -23.4499607408715
   Stats: nIt(DAVIDSON) = 1
Energy at sites (9, 10) is -23.4499607408713
   Stats: nIt(DAVIDSON) = 1
Energy at sites (8, 9) is -23.449960740871
   Stats: nIt(DAVIDSON) = 1
Energy at sites (7, 8) is -23.4499607408706
   Stats: nIt(DAVIDSON) = 1
Energy at sites (6, 7) is -23.449960740872
   Stats: nIt(DAVIDSON) = 20
Energy at sites (5, 6) is -23.4502463009115
   Stats: nIt(DAVIDSON) = 16
Energy at sites (4, 5) is -23.4499604024359
   Stats: nIt(DAVIDSON) = 1
Energy at sites (3, 4) is -23.4499604024344
   Stats: nIt(DAVIDSON) = 1
Energy at sites (2, 3) is -23.4499604024346
   Stats: nIt(DAVIDSON) = 1
Energy at sites (1, 2) is -23.4499604024344
******************************************************************
***  Information on left sweep 1 of instruction 0:
***     Elapsed wall time        = 9.197248 seconds
***       |--> S.join            = 0.02863 seconds
***       |--> S.solve           = 8.647624 seconds
***       |--> S.split           = 0.114328 seconds
***       |--> Tensor update     = 0.406494 seconds
***              |--> create     = 0.037944 seconds
***              |--> destroy    = 0.002362 seconds
***              |--> disk write = 0.0244 seconds
***              |--> disk read  = 0.013712 seconds
***              |--> calc       = 0.328039 seconds
***     Disk write bandwidth     = 1681.43256765897 MB/s
***     Disk read  bandwidth     = 2992.84700195597 MB/s
***     Minimum energy           = -23.4502463009115
***     Maximum discarded weight = 7.73680079045078e-06
******************************************************************
   Stats: nIt(DAVIDSON) = 1
Energy at sites (0, 1) is -23.4499604024344
   Stats: nIt(DAVIDSON) = 1
Energy at sites (1, 2) is -23.4499604024344
   Stats: nIt(DAVIDSON) = 1
Energy at sites (2, 3) is -23.4499604024346
   Stats: nIt(DAVIDSON) = 1
Energy at sites (3, 4) is -23.4499604024319
   Stats: nIt(DAVIDSON) = 1
Energy at sites (4, 5) is -23.4499604024354
   Stats: nIt(DAVIDSON) = 19
Energy at sites (5, 6) is -23.4502461942616
   Stats: nIt(DAVIDSON) = 16
Energy at sites (6, 7) is -23.4499607520432
   Stats: nIt(DAVIDSON) = 1
Energy at sites (7, 8) is -23.4499607520407
   Stats: nIt(DAVIDSON) = 1
Energy at sites (8, 9) is -23.4499607520397
   Stats: nIt(DAVIDSON) = 1
Energy at sites (9, 10) is -23.4499607520402
******************************************************************
***  Information on right sweep 1 of instruction 0:
***     Elapsed wall time        = 8.614262 seconds
***       |--> S.join            = 0.027774 seconds
***       |--> S.solve           = 8.077835 seconds
***       |--> S.split           = 0.114982 seconds
***       |--> Tensor update     = 0.393505 seconds
***              |--> create     = 0.034823 seconds
***              |--> destroy    = 0.002333 seconds
***              |--> disk write = 0.023731 seconds
***              |--> disk read  = 0.013422 seconds
***              |--> calc       = 0.319167 seconds
***     Disk write bandwidth     = 1728.08599212841 MB/s
***     Disk read  bandwidth     = 3056.69457985985 MB/s
***     Minimum energy           = -23.4502461942616
***     Maximum discarded weight = 7.73380279456062e-06
***     Energy difference with respect to previous leftright sweep = 1.11689928417036e-08
******************************************************************
The overlap between the current state and state 0 is : -4.16609224961322e-07
   Stats: nIt(DAVIDSON) = 1
Energy at sites (10, 11) is -23.44996075204
   Stats: nIt(DAVIDSON) = 1
Energy at sites (9, 10) is -23.4499607520402
   Stats: nIt(DAVIDSON) = 1
Energy at sites (8, 9) is -23.4499607520391
   Stats: nIt(DAVIDSON) = 1
Energy at sites (7, 8) is -23.44996075204
   Stats: nIt(DAVIDSON) = 1
Energy at sites (6, 7) is -23.4499607520407
   Stats: nIt(DAVIDSON) = 20
Energy at sites (5, 6) is -23.4502461942672
   Stats: nIt(DAVIDSON) = 16
Energy at sites (4, 5) is -23.4499604019836
   Stats: nIt(DAVIDSON) = 1
Energy at sites (3, 4) is -23.4499604019849
   Stats: nIt(DAVIDSON) = 1
Energy at sites (2, 3) is -23.4499604019848
   Stats: nIt(DAVIDSON) = 1
Energy at sites (1, 2) is -23.4499604019848
******************************************************************
***  Information on left sweep 2 of instruction 0:
***     Elapsed wall time        = 9.194444 seconds
***       |--> S.join            = 0.025306 seconds
***       |--> S.solve           = 8.643311 seconds
***       |--> S.split           = 0.120986 seconds
***       |--> Tensor update     = 0.404674 seconds
***              |--> create     = 0.034275 seconds
***              |--> destroy    = 0.002335 seconds
***              |--> disk write = 0.023819 seconds
***              |--> disk read  = 0.013679 seconds
***              |--> calc       = 0.330532 seconds
***     Disk write bandwidth     = 1722.4465616054 MB/s
***     Disk read  bandwidth     = 2997.96832218724 MB/s
***     Minimum energy           = -23.4502461942672
***     Maximum discarded weight = 7.73380386157371e-06
******************************************************************
   Stats: nIt(DAVIDSON) = 1
Energy at sites (0, 1) is -23.449960401985
   Stats: nIt(DAVIDSON) = 1
Energy at sites (1, 2) is -23.4499604019848
   Stats: nIt(DAVIDSON) = 1
Energy at sites (2, 3) is -23.4499604019848
   Stats: nIt(DAVIDSON) = 1
Energy at sites (3, 4) is -23.4499604019847
   Stats: nIt(DAVIDSON) = 1
Energy at sites (4, 5) is -23.4499604019837
   Stats: nIt(DAVIDSON) = 19
Energy at sites (5, 6) is -23.4502461942662
   Stats: nIt(DAVIDSON) = 16
Energy at sites (6, 7) is -23.4499607520389
   Stats: nIt(DAVIDSON) = 1
Energy at sites (7, 8) is -23.4499607520389
   Stats: nIt(DAVIDSON) = 1
Energy at sites (8, 9) is -23.4499607520395
   Stats: nIt(DAVIDSON) = 1
Energy at sites (9, 10) is -23.4499607520393
******************************************************************
***  Information on right sweep 2 of instruction 0:
***     Elapsed wall time        = 8.600431 seconds
***       |--> S.join            = 0.02449 seconds
***       |--> S.solve           = 8.077389 seconds
***       |--> S.split           = 0.118002 seconds
***       |--> Tensor update     = 0.380377 seconds
***              |--> create     = 0.035845 seconds
***              |--> destroy    = 0.002339 seconds
***              |--> disk write = 0.024023 seconds
***              |--> disk read  = 0.013526 seconds
***              |--> calc       = 0.304612 seconds
***     Disk write bandwidth     = 1707.08107560252 MB/s
***     Disk read  bandwidth     = 3033.19197478034 MB/s
***     Minimum energy           = -23.4502461942662
***     Maximum discarded weight = 7.73380294347576e-06
***     Energy difference with respect to previous leftright sweep = 9.66338120633736e-13
******************************************************************
The overlap between the current state and state 0 is : 4.1660850297635e-07
***  Information on completed instruction 0:
***     The reduced virtual dimension DSU(2)               = 500
***     Minimum energy encountered during all instructions = -23.4502473257486
***     Minimum energy encountered during the last sweep   = -23.4502461942662
***     Maximum discarded weight during the last sweep     = 7.73380294347576e-06
******************************************************************
   Stats: nIt(DAVIDSON) = 1
********************************************
***  2-RDM and Correlations calculation  ***
********************************************
   N(N-1)                     = 132
   Double trace of DMRG 2-RDM = 132
   Energy obtained by Heff at edge   = -23.449960752039
   Econst + 0.5 * trace(2DM-A * Ham) = -23.4499607520423
   NOON of irrep Ag = [ 1.98875461058756 , 1.86931800446525 , 0.437767194065606 , 0.0157750765288332 ].
   NOON of irrep B1g = [ 1.56934217867681 , 0.138370544312685 ].
   NOON of irrep B2u = [ 1.86159984997557 , 0.430699316426268 ].
   NOON of irrep B3u = [ 1.9842269280986 , 1.56218582470433 , 0.130714507141328 , 0.011245965017176 ].
   Single-orbital entropies (Hamiltonian index order is used!) = [ 0.0763906266250914 , 0.0906469072715622 , 0.479146293792638 , 1.01047181398237 , 0.502657780106499 , 1.0221653657149 , 1.02211444388046 , 0.502578968650009 , 1.01051420895538 , 0.479242592282299 , 0.0906627677306077 , 0.0763741099690623 ].
   Idistance(0) = 3.3144093444046
   Idistance(1) = 16.5616201870747
   Idistance(2) = 108.513852974199
***************************************************
***  Timing information 2-RDM and Correlations  ***
***************************************************
***     Elapsed wall time        = 1.359528 seconds
***       |--> MPS gauge change  = 0.139089 seconds
***       |--> Diagram calc      = 0.264868 seconds
***       |--> Tensor update     = 0.926626 seconds
***              |--> create     = 0.0767339999999999 seconds
***              |--> destroy    = 0.005184 seconds
***              |--> disk write = 0.050764 seconds
***              |--> disk read  = 0.032255 seconds
***              |--> calc       = 0.761505 seconds
***     Disk write bandwidth     = 1617.35769723777 MB/s
***     Disk read  bandwidth     = 2545.45174833601 MB/s
***************************************************
   Stats: nIt(DAVIDSON) = 23
Energy at sites (10, 11) is 14.7038533218045
   Stats: nIt(DAVIDSON) = 20
Energy at sites (9, 10) is 10.9734206435564
   Stats: nIt(DAVIDSON) = 32
Energy at sites (8, 9) is 6.4689623851246
   Stats: nIt(DAVIDSON) = 40
Energy at sites (7, 8) is -2.49854693230316
   Stats: nIt(DAVIDSON) = 30
Energy at sites (6, 7) is -11.4666960805974
   Stats: nIt(DAVIDSON) = 52
Energy at sites (5, 6) is -23.0782837735807
   Stats: nIt(DAVIDSON) = 23
Energy at sites (4, 5) is -23.0754268326704
   Stats: nIt(DAVIDSON) = 1
Energy at sites (3, 4) is -23.0754268326722
   Stats: nIt(DAVIDSON) = 1
Energy at sites (2, 3) is -23.075426832672
   Stats: nIt(DAVIDSON) = 1
Energy at sites (1, 2) is -23.0754268326717
******************************************************************
***  Information on left sweep 0 of instruction 0:
***     Elapsed wall time        = 25.684516 seconds
***       |--> S.join            = 0.026799 seconds
***       |--> S.solve           = 25.078279 seconds
***       |--> S.split           = 0.120666 seconds
***       |--> Tensor update     = 0.458584 seconds
***              |--> create     = 0.035002 seconds
***              |--> destroy    = 0.002853 seconds
***              |--> disk write = 0.023199 seconds
***              |--> disk read  = 0.014368 seconds
***              |--> calc       = 0.383137 seconds
***     Disk write bandwidth     = 1789.60259759563 MB/s
***     Disk read  bandwidth     = 2888.30143306197 MB/s
***     Minimum energy           = -23.0782837735807
***     Maximum discarded weight = 0
******************************************************************
   Stats: nIt(DAVIDSON) = 1
Energy at sites (0, 1) is -23.0754268326716
   Stats: nIt(DAVIDSON) = 1
Energy at sites (1, 2) is -23.0754268326717
   Stats: nIt(DAVIDSON) = 1
Energy at sites (2, 3) is -23.0754268326718
   Stats: nIt(DAVIDSON) = 1
Energy at sites (3, 4) is -23.0754268326708
   Stats: nIt(DAVIDSON) = 1
Energy at sites (4, 5) is -23.0754268326716
   Stats: nIt(DAVIDSON) = 21
Energy at sites (5, 6) is -23.0782837735823
   Stats: nIt(DAVIDSON) = 16
Energy at sites (6, 7) is -23.0768487517083
   Stats: nIt(DAVIDSON) = 1
Energy at sites (7, 8) is -23.0768487517086
   Stats: nIt(DAVIDSON) = 1
Energy at sites (8, 9) is -23.0768487517074
   Stats: nIt(DAVIDSON) = 1
Energy at sites (9, 10) is -23.0768487517086
******************************************************************
***  Information on right sweep 0 of instruction 0:
***     Elapsed wall time        = 9.684749 seconds
***       |--> S.join            = 0.023059 seconds
***       |--> S.solve           = 9.102263 seconds
***       |--> S.split           = 0.11732 seconds
***       |--> Tensor update     = 0.441937 seconds
***              |--> create     = 0.034951 seconds
***              |--> destroy    = 0.002405 seconds
***              |--> disk write = 0.023653 seconds
***              |--> disk read  = 0.014189 seconds
***              |--> calc       = 0.366706 seconds
***     Disk write bandwidth     = 1746.04272437197 MB/s
***     Disk read  bandwidth     = 2925.99835517803 MB/s
***     Minimum energy           = -23.0782837735823
***     Maximum discarded weight = 4.06047572986613e-05
***     Energy difference with respect to previous leftright sweep = 23.0768487517086
******************************************************************
The overlap between the current state and state 0 is : 2.54118883977505e-05
The overlap between the current state and state 1 is : -1.90670857109452e-06
   Stats: nIt(DAVIDSON) = 1
Energy at sites (10, 11) is -23.0768487517084
   Stats: nIt(DAVIDSON) = 1
Energy at sites (9, 10) is -23.0768487517086
   Stats: nIt(DAVIDSON) = 1
Energy at sites (8, 9) is -23.0768487517087
   Stats: nIt(DAVIDSON) = 1
Energy at sites (7, 8) is -23.07684875171
   Stats: nIt(DAVIDSON) = 1
Energy at sites (6, 7) is -23.0768487517097
   Stats: nIt(DAVIDSON) = 19
Energy at sites (5, 6) is -23.0782783535316
   Stats: nIt(DAVIDSON) = 16
Energy at sites (4, 5) is -23.0768473994469
   Stats: nIt(DAVIDSON) = 1
Energy at sites (3, 4) is -23.0768473994513
   Stats: nIt(DAVIDSON) = 1
Energy at sites (2, 3) is -23.0768473994519
   Stats: nIt(DAVIDSON) = 1
Energy at sites (1, 2) is -23.0768473994519
******************************************************************
***  Information on left sweep 1 of instruction 0:
***     Elapsed wall time        = 9.067268 seconds
***       |--> S.join            = 0.02419 seconds
***       |--> S.solve           = 8.477229 seconds
***       |--> S.split           = 0.115251 seconds
***       |--> Tensor update     = 0.450419 seconds
***              |--> create     = 0.036431 seconds
***              |--> destroy    = 0.002486 seconds
***              |--> disk write = 0.024247 seconds
***              |--> disk read  = 0.014008 seconds
***              |--> calc       = 0.37322 seconds
***     Disk write bandwidth     = 1703.30331267222 MB/s
***     Disk read  bandwidth     = 2948.25446598874 MB/s
***     Minimum energy           = -23.0782783535316
***     Maximum discarded weight = 4.04039188256629e-05
******************************************************************
   Stats: nIt(DAVIDSON) = 1
Energy at sites (0, 1) is -23.0768473994518
   Stats: nIt(DAVIDSON) = 1
Energy at sites (1, 2) is -23.076847399452
   Stats: nIt(DAVIDSON) = 1
Energy at sites (2, 3) is -23.0768473994518
   Stats: nIt(DAVIDSON) = 1
Energy at sites (3, 4) is -23.0768473994515
   Stats: nIt(DAVIDSON) = 1
Energy at sites (4, 5) is -23.0768473994509
   Stats: nIt(DAVIDSON) = 19
Energy at sites (5, 6) is -23.0782777763521
   Stats: nIt(DAVIDSON) = 16
Energy at sites (6, 7) is -23.0768488328612
   Stats: nIt(DAVIDSON) = 1
Energy at sites (7, 8) is -23.0768488328656
   Stats: nIt(DAVIDSON) = 1
Energy at sites (8, 9) is -23.0768488328647
   Stats: nIt(DAVIDSON) = 1
Energy at sites (9, 10) is -23.0768488328645
******************************************************************
***  Information on right sweep 1 of instruction 0:
***     Elapsed wall time        = 8.816606 seconds
***       |--> S.join            = 0.02303 seconds
***       |--> S.solve           = 8.244967 seconds
***       |--> S.split           = 0.118962 seconds
***       |--> Tensor update     = 0.429464 seconds
***              |--> create     = 0.03655 seconds
***              |--> destroy    = 0.002495 seconds
***              |--> disk write = 0.024547 seconds
***              |--> disk read  = 0.013686 seconds
***              |--> calc       = 0.352155 seconds
***     Disk write bandwidth     = 1681.75824952037 MB/s
***     Disk read  bandwidth     = 3017.68196860758 MB/s
***     Minimum energy           = -23.0782777763521
***     Maximum discarded weight = 4.03850639055072e-05
***     Energy difference with respect to previous leftright sweep = 8.11559175417642e-08
******************************************************************
The overlap between the current state and state 0 is : 2.53938172898097e-05
The overlap between the current state and state 1 is : -1.89807478098394e-06
   Stats: nIt(DAVIDSON) = 1
Energy at sites (10, 11) is -23.0768488328642
   Stats: nIt(DAVIDSON) = 1
Energy at sites (9, 10) is -23.0768488328646
   Stats: nIt(DAVIDSON) = 1
Energy at sites (8, 9) is -23.0768488328642
   Stats: nIt(DAVIDSON) = 1
Energy at sites (7, 8) is -23.0768488328645
   Stats: nIt(DAVIDSON) = 1
Energy at sites (6, 7) is -23.0768488328662
   Stats: nIt(DAVIDSON) = 19
Energy at sites (5, 6) is -23.0782777763216
   Stats: nIt(DAVIDSON) = 16
Energy at sites (4, 5) is -23.0768474041357
   Stats: nIt(DAVIDSON) = 1
Energy at sites (3, 4) is -23.076847404137
   Stats: nIt(DAVIDSON) = 1
Energy at sites (2, 3) is -23.0768474041371
   Stats: nIt(DAVIDSON) = 1
Energy at sites (1, 2) is -23.0768474041375
******************************************************************
***  Information on left sweep 2 of instruction 0:
***     Elapsed wall time        = 9.079137 seconds
***       |--> S.join            = 0.026977 seconds
***       |--> S.solve           = 8.486692 seconds
***       |--> S.split           = 0.113679 seconds
***       |--> Tensor update     = 0.45162 seconds
***              |--> create     = 0.036905 seconds
***              |--> destroy    = 0.002494 seconds
***              |--> disk write = 0.023884 seconds
***              |--> disk read  = 0.013953 seconds
***              |--> calc       = 0.37435 seconds
***     Disk write bandwidth     = 1729.19089860841 MB/s
***     Disk read  bandwidth     = 2958.65546842805 MB/s
***     Minimum energy           = -23.0782777763216
***     Maximum discarded weight = 4.03850577960062e-05
******************************************************************
   Stats: nIt(DAVIDSON) = 1
Energy at sites (0, 1) is -23.0768474041373
   Stats: nIt(DAVIDSON) = 1
Energy at sites (1, 2) is -23.0768474041374
   Stats: nIt(DAVIDSON) = 1
Energy at sites (2, 3) is -23.0768474041373
   Stats: nIt(DAVIDSON) = 1
Energy at sites (3, 4) is -23.0768474041374
   Stats: nIt(DAVIDSON) = 1
Energy at sites (4, 5) is -23.0768474041379
   Stats: nIt(DAVIDSON) = 19
Energy at sites (5, 6) is -23.0782777764741
   Stats: nIt(DAVIDSON) = 16
Energy at sites (6, 7) is -23.0768488328707
   Stats: nIt(DAVIDSON) = 1
Energy at sites (7, 8) is -23.0768488328708
   Stats: nIt(DAVIDSON) = 1
Energy at sites (8, 9) is -23.0768488328691
   Stats: nIt(DAVIDSON) = 1
Energy at sites (9, 10) is -23.07684883287
******************************************************************
***  Information on right sweep 2 of instruction 0:
***     Elapsed wall time        = 8.821853 seconds
***       |--> S.join            = 0.027621 seconds
***       |--> S.solve           = 8.244439 seconds
***       |--> S.split           = 0.112524 seconds
***       |--> Tensor update     = 0.437096 seconds
***              |--> create     = 0.036067 seconds
***              |--> destroy    = 0.002462 seconds
***              |--> disk write = 0.024425 seconds
***              |--> disk read  = 0.013987 seconds
***              |--> calc       = 0.360128 seconds
***     Disk write bandwidth     = 1690.15843402156 MB/s
***     Disk read  bandwidth     = 2952.74150442291 MB/s
***     Minimum energy           = -23.0782777764741
***     Maximum discarded weight = 4.03850650253806e-05
***     Energy difference with respect to previous leftright sweep = 5.57065504835919e-12
******************************************************************
The overlap between the current state and state 0 is : 2.53938290179384e-05
The overlap between the current state and state 1 is : -1.89807127028358e-06
   Stats: nIt(DAVIDSON) = 1
Energy at sites (10, 11) is -23.0768488328698
   Stats: nIt(DAVIDSON) = 1
Energy at sites (9, 10) is -23.0768488328702
   Stats: nIt(DAVIDSON) = 1
Energy at sites (8, 9) is -23.0768488328693
   Stats: nIt(DAVIDSON) = 1
Energy at sites (7, 8) is -23.0768488328698
   Stats: nIt(DAVIDSON) = 1
Energy at sites (6, 7) is -23.0768488328713
   Stats: nIt(DAVIDSON) = 19
Energy at sites (5, 6) is -23.0782777764691
   Stats: nIt(DAVIDSON) = 16
Energy at sites (4, 5) is -23.0768474041339
   Stats: nIt(DAVIDSON) = 1
Energy at sites (3, 4) is -23.0768474041352
   Stats: nIt(DAVIDSON) = 1
Energy at sites (2, 3) is -23.0768474041354
   Stats: nIt(DAVIDSON) = 1
Energy at sites (1, 2) is -23.0768474041355
******************************************************************
***  Information on left sweep 3 of instruction 0:
***     Elapsed wall time        = 9.05583 seconds
***       |--> S.join            = 0.019709 seconds
***       |--> S.solve           = 8.483458 seconds
***       |--> S.split           = 0.116398 seconds
***       |--> Tensor update     = 0.436097 seconds
***              |--> create     = 0.036583 seconds
***              |--> destroy    = 0.002522 seconds
***              |--> disk write = 0.024643 seconds
***              |--> disk read  = 0.013632 seconds
***              |--> calc       = 0.358688 seconds
***     Disk write bandwidth     = 1675.93212767777 MB/s
***     Disk read  bandwidth     = 3028.32451224887 MB/s
***     Minimum energy           = -23.0782777764691
***     Maximum discarded weight = 4.03850606310975e-05
******************************************************************
   Stats: nIt(DAVIDSON) = 1
Energy at sites (0, 1) is -23.0768474041355
   Stats: nIt(DAVIDSON) = 1
Energy at sites (1, 2) is -23.0768474041355
   Stats: nIt(DAVIDSON) = 1
Energy at sites (2, 3) is -23.0768474041352
   Stats: nIt(DAVIDSON) = 1
Energy at sites (3, 4) is -23.0768474041345
   Stats: nIt(DAVIDSON) = 1
Energy at sites (4, 5) is -23.0768474041325
   Stats: nIt(DAVIDSON) = 19
Energy at sites (5, 6) is -23.0782777764783
   Stats: nIt(DAVIDSON) = 16
Energy at sites (6, 7) is -23.0768488328731
   Stats: nIt(DAVIDSON) = 1
Energy at sites (7, 8) is -23.0768488328699
   Stats: nIt(DAVIDSON) = 1
Energy at sites (8, 9) is -23.0768488328698
   Stats: nIt(DAVIDSON) = 1
Energy at sites (9, 10) is -23.0768488328702
******************************************************************
***  Information on right sweep 3 of instruction 0:
***     Elapsed wall time        = 8.805932 seconds
***       |--> S.join            = 0.026882 seconds
***       |--> S.solve           = 8.239455 seconds
***       |--> S.split           = 0.117252 seconds
***       |--> Tensor update     = 0.422176 seconds
***              |--> create     = 0.036332 seconds
***              |--> destroy    = 0.002391 seconds
***              |--> disk write = 0.024249 seconds
***              |--> disk read  = 0.013963 seconds
***              |--> calc       = 0.345207 seconds
***     Disk write bandwidth     = 1702.42565676838 MB/s
***     Disk read  bandwidth     = 2957.81676017785 MB/s
***     Minimum energy           = -23.0782777764783
***     Maximum discarded weight = 4.03850650758206e-05
***     Energy difference with respect to previous leftright sweep = 1.13686837721616e-13
******************************************************************
The overlap between the current state and state 0 is : 2.53938290926679e-05
The overlap between the current state and state 1 is : -1.89807122285922e-06
***  Information on completed instruction 0:
***     The reduced virtual dimension DSU(2)               = 500
***     Minimum energy encountered during all instructions = -23.0782837735823
***     Minimum energy encountered during the last sweep   = -23.0782777764783
***     Maximum discarded weight during the last sweep     = 4.03850650758206e-05
******************************************************************
   Stats: nIt(DAVIDSON) = 1
********************************************
***  2-RDM and Correlations calculation  ***
********************************************
   N(N-1)                     = 132
   Double trace of DMRG 2-RDM = 132
   Energy obtained by Heff at edge   = -23.0768488328703
   Econst + 0.5 * trace(2DM-A * Ham) = -23.0768488458406
   NOON of irrep Ag = [ 1.95055981530217 , 1.74419182458157 , 0.274354007887852 , 0.187539753295611 ].
   NOON of irrep B1g = [ 1.68862020706119 , 0.332692396135748 ].
   NOON of irrep B2u = [ 1.66732498917237 , 0.311321460348799 ].
   NOON of irrep B3u = [ 1.81242969044174 , 1.72573566169286 , 0.25578273231639 , 0.049447461763699 ].
   Single-orbital entropies (Hamiltonian index order is used!) = [ 0.434405998500702 , 0.689988914332305 , 0.638685427431122 , 0.862955221859996 , 0.898326185526495 , 0.706189413038461 , 0.706278705670782 , 0.898348939435412 , 0.862858224142747 , 0.638591405437072 , 0.690052067444931 , 0.434468170274678 ].
   Idistance(0) = 2.68578571378857
   Idistance(1) = 12.0736419091262
   Idistance(2) = 77.0035388061529
***************************************************
***  Timing information 2-RDM and Correlations  ***
***************************************************
***     Elapsed wall time        = 1.450291 seconds
***       |--> MPS gauge change  = 0.134042 seconds
***       |--> Diagram calc      = 0.245862 seconds
***       |--> Tensor update     = 1.037455 seconds
***              |--> create     = 0.0779899999999999 seconds
***              |--> destroy    = 0.005754 seconds
***              |--> disk write = 0.051043 seconds
***              |--> disk read  = 0.032346 seconds
***              |--> calc       = 0.870142 seconds
***     Disk write bandwidth     = 1619.22692416466 MB/s
***     Disk read  bandwidth     = 2555.19074661896 MB/s
***************************************************
Info on DMRG::operators rm call to system: 0
