
   CheMPS2: a spin-adapted implementation of DMRG for ab initio quantum chemistry
   Copyright (C) 2013-2016 Sebastian Wouters

   This program is free software; you can redistribute it and/or modify
   it under the terms of the GNU General Public License as published by
   the Free Software Foundation; either version 2 of the License, or
   (at your option) any later version.

   This program is distributed in the hope that it will be useful,
   but WITHOUT ANY WARRANTY; without even the implied warranty of
   MERCHANTABILITY or FITNESS FOR A PARTICULAR PURPOSE.  See the
   GNU General Public License for more details.

   You should have received a copy of the GNU General Public License along
   with this program; if not, write to the Free Software Foundation, Inc.,
   51 Franklin Street, Fifth Floor, Boston, MA 02110-1301 USA.

   Stats: nIt(DAVIDSON) = 26
Energy at sites (10, 11) is 13.6955731181111
   Stats: nIt(DAVIDSON) = 19
Energy at sites (9, 10) is 10.7227996689602
   Stats: nIt(DAVIDSON) = 36
Energy at sites (8, 9) is 7.04485456470275
   Stats: nIt(DAVIDSON) = 42
Energy at sites (7, 8) is -2.56148353973094
   Stats: nIt(DAVIDSON) = 32
Energy at sites (6, 7) is -12.0284639091483
   Stats: nIt(DAVIDSON) = 52
Energy at sites (5, 6) is -24.62250592147
   Stats: nIt(DAVIDSON) = 22
Energy at sites (4, 5) is -24.620609026602
   Stats: nIt(DAVIDSON) = 1
Energy at sites (3, 4) is -24.6206090266074
   Stats: nIt(DAVIDSON) = 1
Energy at sites (2, 3) is -24.6206090266062
   Stats: nIt(DAVIDSON) = 1
Energy at sites (1, 2) is -24.6206090266063
******************************************************************
***  Information on left sweep 0 of instruction 0:
***     Elapsed wall time        = 24.72909 seconds
***       |--> S.join            = 0.024136 seconds
***       |--> S.solve           = 24.223048 seconds
***       |--> S.split           = 0.113577 seconds
***       |--> Tensor update     = 0.368132 seconds
***              |--> create     = 0.034887 seconds
***              |--> destroy    = 0.002258 seconds
***              |--> disk write = 0.023387 seconds
***              |--> disk read  = 0.013615 seconds
***              |--> calc       = 0.293952 seconds
***     Disk write bandwidth     = 1754.92124426598 MB/s
***     Disk read  bandwidth     = 3013.20065131662 MB/s
***     Minimum energy           = -24.62250592147
***     Maximum discarded weight = 0
******************************************************************
   Stats: nIt(DAVIDSON) = 1
Energy at sites (0, 1) is -24.6206090266062
   Stats: nIt(DAVIDSON) = 1
Energy at sites (1, 2) is -24.6206090266064
   Stats: nIt(DAVIDSON) = 1
Energy at sites (2, 3) is -24.6206090266063
   Stats: nIt(DAVIDSON) = 1
Energy at sites (3, 4) is -24.6206090266055
   Stats: nIt(DAVIDSON) = 1
Energy at sites (4, 5) is -24.6206090266064
   Stats: nIt(DAVIDSON) = 17
Energy at sites (5, 6) is -24.6225059214721
   Stats: nIt(DAVIDSON) = 14
Energy at sites (6, 7) is -24.6215280634732
   Stats: nIt(DAVIDSON) = 1
Energy at sites (7, 8) is -24.6215280634705
   Stats: nIt(DAVIDSON) = 1
Energy at sites (8, 9) is -24.6215280634718
   Stats: nIt(DAVIDSON) = 1
Energy at sites (9, 10) is -24.6215280634719
******************************************************************
***  Information on right sweep 0 of instruction 0:
***     Elapsed wall time        = 7.630446 seconds
***       |--> S.join            = 0.025117 seconds
***       |--> S.solve           = 7.151147 seconds
***       |--> S.split           = 0.115295 seconds
***       |--> Tensor update     = 0.338704 seconds
***              |--> create     = 0.036851 seconds
***              |--> destroy    = 0.002336 seconds
***              |--> disk write = 0.023418 seconds
***              |--> disk read  = 0.013689 seconds
***              |--> calc       = 0.26237 seconds
***     Disk write bandwidth     = 1742.63965483866 MB/s
***     Disk read  bandwidth     = 2998.19878293874 MB/s
***     Minimum energy           = -24.6225059214721
***     Maximum discarded weight = 2.63262617991892e-05
***     Energy difference with respect to previous leftright sweep = 24.6215280634719
******************************************************************
   Stats: nIt(DAVIDSON) = 1
Energy at sites (10, 11) is -24.6215280634722
   Stats: nIt(DAVIDSON) = 1
Energy at sites (9, 10) is -24.6215280634719
   Stats: nIt(DAVIDSON) = 1
Energy at sites (8, 9) is -24.6215280634726
   Stats: nIt(DAVIDSON) = 1
Energy at sites (7, 8) is -24.621528063473
   Stats: nIt(DAVIDSON) = 1
Energy at sites (6, 7) is -24.6215280634732
   Stats: nIt(DAVIDSON) = 17
Energy at sites (5, 6) is -24.6224988381643
   Stats: nIt(DAVIDSON) = 13
Energy at sites (4, 5) is -24.6215272382624
   Stats: nIt(DAVIDSON) = 1
Energy at sites (3, 4) is -24.6215272382635
   Stats: nIt(DAVIDSON) = 1
Energy at sites (2, 3) is -24.6215272382628
   Stats: nIt(DAVIDSON) = 1
Energy at sites (1, 2) is -24.6215272382626
******************************************************************
***  Information on left sweep 1 of instruction 0:
***     Elapsed wall time        = 7.676168 seconds
***       |--> S.join            = 0.021548 seconds
***       |--> S.solve           = 7.178511 seconds
***       |--> S.split           = 0.117957 seconds
***       |--> Tensor update     = 0.357974 seconds
***              |--> create     = 0.034944 seconds
***              |--> destroy    = 0.002367 seconds
***              |--> disk write = 0.023379 seconds
***              |--> disk read  = 0.013418 seconds
***              |--> calc       = 0.283837 seconds
***     Disk write bandwidth     = 1745.07347683568 MB/s
***     Disk read  bandwidth     = 3041.37244276433 MB/s
***     Minimum energy           = -24.6224988381643
***     Maximum discarded weight = 2.60988230941683e-05
******************************************************************
   Stats: nIt(DAVIDSON) = 1
Energy at sites (0, 1) is -24.6215272382628
   Stats: nIt(DAVIDSON) = 1
Energy at sites (1, 2) is -24.6215272382626
   Stats: nIt(DAVIDSON) = 1
Energy at sites (2, 3) is -24.6215272382628
   Stats: nIt(DAVIDSON) = 1
Energy at sites (3, 4) is -24.6215272382642
   Stats: nIt(DAVIDSON) = 1
Energy at sites (4, 5) is -24.6215272382635
   Stats: nIt(DAVIDSON) = 16
Energy at sites (5, 6) is -24.6224985696907
   Stats: nIt(DAVIDSON) = 14
Energy at sites (6, 7) is -24.6215215388199
   Stats: nIt(DAVIDSON) = 1
Energy at sites (7, 8) is -24.6215215388216
   Stats: nIt(DAVIDSON) = 1
Energy at sites (8, 9) is -24.6215215388205
   Stats: nIt(DAVIDSON) = 1
Energy at sites (9, 10) is -24.6215215388207
******************************************************************
***  Information on right sweep 1 of instruction 0:
***     Elapsed wall time        = 7.211509 seconds
***       |--> S.join            = 0.022378 seconds
***       |--> S.solve           = 6.72885 seconds
***       |--> S.split           = 0.117155 seconds
***       |--> Tensor update     = 0.342955 seconds
***              |--> create     = 0.0349 seconds
***              |--> destroy    = 0.002246 seconds
***              |--> disk write = 0.022616 seconds
***              |--> disk read  = 0.013191 seconds
***              |--> calc       = 0.269971 seconds
***     Disk write bandwidth     = 1804.37407141066 MB/s
***     Disk read  bandwidth     = 3092.87186831487 MB/s
***     Minimum energy           = -24.6224985696907
***     Maximum discarded weight = 2.62697693195428e-05
***     Energy difference with respect to previous leftright sweep = 6.52465121220303e-06
******************************************************************
   Stats: nIt(DAVIDSON) = 1
Energy at sites (10, 11) is -24.6215215388206
   Stats: nIt(DAVIDSON) = 1
Energy at sites (9, 10) is -24.6215215388206
   Stats: nIt(DAVIDSON) = 1
Energy at sites (8, 9) is -24.6215215388203
   Stats: nIt(DAVIDSON) = 1
Energy at sites (7, 8) is -24.6215215388203
   Stats: nIt(DAVIDSON) = 1
Energy at sites (6, 7) is -24.6215215388219
   Stats: nIt(DAVIDSON) = 17
Energy at sites (5, 6) is -24.6224985747242
   Stats: nIt(DAVIDSON) = 13
Energy at sites (4, 5) is -24.6215207268406
   Stats: nIt(DAVIDSON) = 1
Energy at sites (3, 4) is -24.6215207268382
   Stats: nIt(DAVIDSON) = 1
Energy at sites (2, 3) is -24.6215207268386
   Stats: nIt(DAVIDSON) = 1
Energy at sites (1, 2) is -24.6215207268385
******************************************************************
***  Information on left sweep 2 of instruction 0:
***     Elapsed wall time        = 7.659439 seconds
***       |--> S.join            = 0.027489 seconds
***       |--> S.solve           = 7.159702 seconds
***       |--> S.split           = 0.117221 seconds
***       |--> Tensor update     = 0.35485 seconds
***              |--> create     = 0.034536 seconds
***              |--> destroy    = 0.002309 seconds
***              |--> disk write = 0.024028 seconds
***              |--> disk read  = 0.013597 seconds
***              |--> calc       = 0.28036 seconds
***     Disk write bandwidth     = 1699.07359210072 MB/s
***     Disk read  bandwidth     = 3001.22997712903 MB/s
***     Minimum energy           = -24.6224985747242
***     Maximum discarded weight = 2.62699005942504e-05
******************************************************************
   Stats: nIt(DAVIDSON) = 1
Energy at sites (0, 1) is -24.6215207268385
   Stats: nIt(DAVIDSON) = 1
Energy at sites (1, 2) is -24.6215207268385
   Stats: nIt(DAVIDSON) = 1
Energy at sites (2, 3) is -24.6215207268386
   Stats: nIt(DAVIDSON) = 1
Energy at sites (3, 4) is -24.6215207268402
   Stats: nIt(DAVIDSON) = 1
Energy at sites (4, 5) is -24.6215207268401
   Stats: nIt(DAVIDSON) = 16
Energy at sites (5, 6) is -24.6224985652982
   Stats: nIt(DAVIDSON) = 14
Energy at sites (6, 7) is -24.6215215450047
   Stats: nIt(DAVIDSON) = 1
Energy at sites (7, 8) is -24.6215215450047
   Stats: nIt(DAVIDSON) = 1
Energy at sites (8, 9) is -24.621521545005
   Stats: nIt(DAVIDSON) = 1
Energy at sites (9, 10) is -24.6215215450048
******************************************************************
***  Information on right sweep 2 of instruction 0:
***     Elapsed wall time        = 7.217583 seconds
***       |--> S.join            = 0.022757 seconds
***       |--> S.solve           = 6.729174 seconds
***       |--> S.split           = 0.118792 seconds
***       |--> Tensor update     = 0.346681 seconds
***              |--> create     = 0.03432 seconds
***              |--> destroy    = 0.002285 seconds
***              |--> disk write = 0.022745 seconds
***              |--> disk read  = 0.013514 seconds
***              |--> calc       = 0.273788 seconds
***     Disk write bandwidth     = 1794.14042642442 MB/s
***     Disk read  bandwidth     = 3020.9664252624 MB/s
***     Minimum energy           = -24.6224985652982
***     Maximum discarded weight = 2.62694579885402e-05
***     Energy difference with respect to previous leftright sweep = 6.18410922470503e-09
******************************************************************
   Stats: nIt(DAVIDSON) = 1
Energy at sites (10, 11) is -24.6215215450048
   Stats: nIt(DAVIDSON) = 1
Energy at sites (9, 10) is -24.6215215450047
   Stats: nIt(DAVIDSON) = 1
Energy at sites (8, 9) is -24.6215215450047
   Stats: nIt(DAVIDSON) = 1
Energy at sites (7, 8) is -24.6215215450045
   Stats: nIt(DAVIDSON) = 1
Energy at sites (6, 7) is -24.6215215450042
   Stats: nIt(DAVIDSON) = 17
Energy at sites (5, 6) is -24.6224985655038
   Stats: nIt(DAVIDSON) = 13
Energy at sites (4, 5) is -24.6215207314074
   Stats: nIt(DAVIDSON) = 1
Energy at sites (3, 4) is -24.6215207314066
   Stats: nIt(DAVIDSON) = 1
Energy at sites (2, 3) is -24.6215207314071
   Stats: nIt(DAVIDSON) = 1
Energy at sites (1, 2) is -24.6215207314074
******************************************************************
***  Information on left sweep 3 of instruction 0:
***     Elapsed wall time        = 7.655746 seconds
***       |--> S.join            = 0.024596 seconds
***       |--> S.solve           = 7.157578 seconds
***       |--> S.split           = 0.117287 seconds
***       |--> Tensor update     = 0.356115 seconds
***              |--> create     = 0.035272 seconds
***              |--> destroy    = 0.002361 seconds
***              |--> disk write = 0.023362 seconds
***              |--> disk read  = 0.013374 seconds
***              |--> calc       = 0.281716 seconds
***     Disk write bandwidth     = 1747.5104987157 MB/s
***     Disk read  bandwidth     = 3051.2729175283 MB/s
***     Minimum energy           = -24.6224985655038
***     Maximum discarded weight = 2.62694598219718e-05
******************************************************************
   Stats: nIt(DAVIDSON) = 1
Energy at sites (0, 1) is -24.6215207314077
   Stats: nIt(DAVIDSON) = 1
Energy at sites (1, 2) is -24.6215207314074
   Stats: nIt(DAVIDSON) = 1
Energy at sites (2, 3) is -24.6215207314073
   Stats: nIt(DAVIDSON) = 1
Energy at sites (3, 4) is -24.6215207314085
   Stats: nIt(DAVIDSON) = 1
Energy at sites (4, 5) is -24.6215207314042
   Stats: nIt(DAVIDSON) = 16
Energy at sites (5, 6) is -24.622498565284
   Stats: nIt(DAVIDSON) = 14
Energy at sites (6, 7) is -24.6215215451281
   Stats: nIt(DAVIDSON) = 1
Energy at sites (7, 8) is -24.6215215451278
   Stats: nIt(DAVIDSON) = 1
Energy at sites (8, 9) is -24.6215215451275
   Stats: nIt(DAVIDSON) = 1
Energy at sites (9, 10) is -24.6215215451287
******************************************************************
***  Information on right sweep 3 of instruction 0:
***     Elapsed wall time        = 7.207056 seconds
***       |--> S.join            = 0.019715 seconds
***       |--> S.solve           = 6.728054 seconds
***       |--> S.split           = 0.121248 seconds
***       |--> Tensor update     = 0.337878 seconds
***              |--> create     = 0.033443 seconds
***              |--> destroy    = 0.002266 seconds
***              |--> disk write = 0.0228 seconds
***              |--> disk read  = 0.013509 seconds
***              |--> calc       = 0.265837 seconds
***     Disk write bandwidth     = 1789.81245609752 MB/s
***     Disk read  bandwidth     = 3022.08455629551 MB/s
***     Minimum energy           = -24.622498565284
***     Maximum discarded weight = 2.62694537274448e-05
***     Energy difference with respect to previous leftright sweep = 1.23918653116561e-10
******************************************************************
   Stats: nIt(DAVIDSON) = 1
Energy at sites (10, 11) is -24.6215215451289
   Stats: nIt(DAVIDSON) = 1
Energy at sites (9, 10) is -24.6215215451286
   Stats: nIt(DAVIDSON) = 1
Energy at sites (8, 9) is -24.6215215451285
   Stats: nIt(DAVIDSON) = 1
Energy at sites (7, 8) is -24.6215215451282
   Stats: nIt(DAVIDSON) = 1
Energy at sites (6, 7) is -24.6215215451314
   Stats: nIt(DAVIDSON) = 17
Energy at sites (5, 6) is -24.6224985652984
   Stats: nIt(DAVIDSON) = 13
Energy at sites (4, 5) is -24.6215207315036
   Stats: nIt(DAVIDSON) = 1
Energy at sites (3, 4) is -24.6215207315073
   Stats: nIt(DAVIDSON) = 1
Energy at sites (2, 3) is -24.6215207315079
   Stats: nIt(DAVIDSON) = 1
Energy at sites (1, 2) is -24.621520731508
******************************************************************
***  Information on left sweep 4 of instruction 0:
***     Elapsed wall time        = 7.655516 seconds
***       |--> S.join            = 0.021189 seconds
***       |--> S.solve           = 7.16907 seconds
***       |--> S.split           = 0.113611 seconds
***       |--> Tensor update     = 0.351463 seconds
***              |--> create     = 0.035424 seconds
***              |--> destroy    = 0.002309 seconds
***              |--> disk write = 0.023706 seconds
***              |--> disk read  = 0.013346 seconds
***              |--> calc       = 0.276645 seconds
***     Disk write bandwidth     = 1722.15220918738 MB/s
***     Disk read  bandwidth     = 3057.67450914307 MB/s
***     Minimum energy           = -24.6224985652984
***     Maximum discarded weight = 2.62694503014322e-05
******************************************************************
   Stats: nIt(DAVIDSON) = 1
Energy at sites (0, 1) is -24.6215207315083
   Stats: nIt(DAVIDSON) = 1
Energy at sites (1, 2) is -24.621520731508
   Stats: nIt(DAVIDSON) = 1
Energy at sites (2, 3) is -24.6215207315081
   Stats: nIt(DAVIDSON) = 1
Energy at sites (3, 4) is -24.6215207315078
   Stats: nIt(DAVIDSON) = 1
Energy at sites (4, 5) is -24.6215207315072
   Stats: nIt(DAVIDSON) = 16
Energy at sites (5, 6) is -24.6224985652861
   Stats: nIt(DAVIDSON) = 14
Energy at sites (6, 7) is -24.6215215451328
   Stats: nIt(DAVIDSON) = 1
Energy at sites (7, 8) is -24.6215215451315
   Stats: nIt(DAVIDSON) = 1
Energy at sites (8, 9) is -24.6215215451322
   Stats: nIt(DAVIDSON) = 1
Energy at sites (9, 10) is -24.621521545131
******************************************************************
***  Information on right sweep 4 of instruction 0:
***     Elapsed wall time        = 7.203025 seconds
***       |--> S.join            = 0.024158 seconds
***       |--> S.solve           = 6.727128 seconds
***       |--> S.split           = 0.121234 seconds
***       |--> Tensor update     = 0.330321 seconds
***              |--> create     = 0.034114 seconds
***              |--> destroy    = 0.002269 seconds
***              |--> disk write = 0.023142 seconds
***              |--> disk read  = 0.01354 seconds
***              |--> calc       = 0.257224 seconds
***     Disk write bandwidth     = 1763.36202571184 MB/s
***     Disk read  bandwidth     = 3015.16545576042 MB/s
***     Minimum energy           = -24.6224985652861
***     Maximum discarded weight = 2.6269453744454e-05
***     Energy difference with respect to previous leftright sweep = 2.27373675443232e-12
******************************************************************
   Stats: nIt(DAVIDSON) = 1
Energy at sites (10, 11) is -24.6215215451314
   Stats: nIt(DAVIDSON) = 1
Energy at sites (9, 10) is -24.621521545131
   Stats: nIt(DAVIDSON) = 1
Energy at sites (8, 9) is -24.6215215451319
   Stats: nIt(DAVIDSON) = 1
Energy at sites (7, 8) is -24.6215215451319
   Stats: nIt(DAVIDSON) = 1
Energy at sites (6, 7) is -24.6215215451306
   Stats: nIt(DAVIDSON) = 17
Energy at sites (5, 6) is -24.6224985652947
   Stats: nIt(DAVIDSON) = 13
Energy at sites (4, 5) is -24.6215207315092
   Stats: nIt(DAVIDSON) = 1
Energy at sites (3, 4) is -24.6215207315094
   Stats: nIt(DAVIDSON) = 1
Energy at sites (2, 3) is -24.6215207315101
   Stats: nIt(DAVIDSON) = 1
Energy at sites (1, 2) is -24.6215207315104
******************************************************************
***  Information on left sweep 5 of instruction 0:
***     Elapsed wall time        = 7.667404 seconds
***       |--> S.join            = 0.026013 seconds
***       |--> S.solve           = 7.168181 seconds
***       |--> S.split           = 0.121977 seconds
***       |--> Tensor update     = 0.351067 seconds
***              |--> create     = 0.035555 seconds
***              |--> destroy    = 0.002386 seconds
***              |--> disk write = 0.024144 seconds
***              |--> disk read  = 0.013465 seconds
***              |--> calc       = 0.275491 seconds
***     Disk write bandwidth     = 1690.91038233085 MB/s
***     Disk read  bandwidth     = 3030.6516152264 MB/s
***     Minimum energy           = -24.6224985652947
***     Maximum discarded weight = 2.62694501009257e-05
******************************************************************
   Stats: nIt(DAVIDSON) = 1
Energy at sites (0, 1) is -24.6215207315105
   Stats: nIt(DAVIDSON) = 1
Energy at sites (1, 2) is -24.6215207315104
   Stats: nIt(DAVIDSON) = 1
Energy at sites (2, 3) is -24.6215207315103
   Stats: nIt(DAVIDSON) = 1
Energy at sites (3, 4) is -24.6215207315098
   Stats: nIt(DAVIDSON) = 1
Energy at sites (4, 5) is -24.6215207315092
   Stats: nIt(DAVIDSON) = 16
Energy at sites (5, 6) is -24.6224985652842
   Stats: nIt(DAVIDSON) = 14
Energy at sites (6, 7) is -24.6215215451327
   Stats: nIt(DAVIDSON) = 1
Energy at sites (7, 8) is -24.6215215451319
   Stats: nIt(DAVIDSON) = 1
Energy at sites (8, 9) is -24.6215215451315
   Stats: nIt(DAVIDSON) = 1
Energy at sites (9, 10) is -24.6215215451309
******************************************************************
***  Information on right sweep 5 of instruction 0:
***     Elapsed wall time        = 7.201435 seconds
***       |--> S.join            = 0.025033 seconds
***       |--> S.solve           = 6.720933 seconds
***       |--> S.split           = 0.117881 seconds
***       |--> Tensor update     = 0.337425 seconds
***              |--> create     = 0.035348 seconds
***              |--> destroy    = 0.002364 seconds
***              |--> disk write = 0.02385 seconds
***              |--> disk read  = 0.013445 seconds
***              |--> calc       = 0.262392 seconds
***     Disk write bandwidth     = 1711.01568130077 MB/s
***     Disk read  bandwidth     = 3036.47008337643 MB/s
***     Minimum energy           = -24.6224985652842
***     Maximum discarded weight = 2.62694537492355e-05
***     Energy difference with respect to previous leftright sweep = 1.13686837721616e-13
******************************************************************
***  Information on completed instruction 0:
***     The reduced virtual dimension DSU(2)               = 500
***     Minimum energy encountered during all instructions = -24.6225059214721
***     Minimum energy encountered during the last sweep   = -24.6224985652842
***     Maximum discarded weight during the last sweep     = 2.62694537492355e-05
******************************************************************
   Stats: nIt(DAVIDSON) = 1
********************************************
***  2-RDM and Correlations calculation  ***
********************************************
   N(N-1)                     = 132
   Double trace of DMRG 2-RDM = 132
   Energy obtained by Heff at edge   = -24.6215215451312
   Econst + 0.5 * trace(2DM-A * Ham) = -24.6215215451322
   NOON of irrep Ag = [ 1.96808985710288 , 1.84291215770261 , 0.441469374767764 , 0.0410357355619253 ].
   NOON of irrep B1g = [ 1.82472110198377 , 0.412185296844425 ].
   NOON of irrep B2u = [ 1.58781724462517 , 0.17526603519171 ].
   NOON of irrep B3u = [ 1.95897268000387 , 1.55852291273838 , 0.15709383626391 , 0.0319137672135695 ].
   Single-orbital entropies (Hamiltonian index order is used!) = [ 0.173089020445535 , 0.19962299951063 , 0.546102221786793 , 0.593956676523088 , 0.994910161435967 , 1.03423955079843 , 1.03422984121671 , 0.99491241911109 , 0.593926729437626 , 0.546116863818521 , 0.19965388628984 , 0.173112587475573 ].
   Idistance(0) = 2.64584515736477
   Idistance(1) = 13.3285849963728
   Idistance(2) = 80.8055363585428
***************************************************
***  Timing information 2-RDM and Correlations  ***
***************************************************
***     Elapsed wall time        = 1.2308 seconds
***       |--> MPS gauge change  = 0.136838 seconds
***       |--> Diagram calc      = 0.259659 seconds
***       |--> Tensor update     = 0.810805 seconds
***              |--> create     = 0.078011 seconds
***              |--> destroy    = 0.004985 seconds
***              |--> disk write = 0.047899 seconds
***              |--> disk read  = 0.03102 seconds
***              |--> calc       = 0.648733 seconds
***     Disk write bandwidth     = 1705.66703226002 MB/s
***     Disk read  bandwidth     = 2633.77644030376 MB/s
***************************************************
   Stats: nIt(DAVIDSON) = 18
Energy at sites (10, 11) is 13.8983016476523
   Stats: nIt(DAVIDSON) = 14
Energy at sites (9, 10) is 10.1744521743432
   Stats: nIt(DAVIDSON) = 27
Energy at sites (8, 9) is 6.50720342765555
   Stats: nIt(DAVIDSON) = 31
Energy at sites (7, 8) is -4.28671865596709
   Stats: nIt(DAVIDSON) = 50
Energy at sites (6, 7) is -10.9137818232757
   Stats: nIt(DAVIDSON) = 58
Energy at sites (5, 6) is -23.4884628349998
   Stats: nIt(DAVIDSON) = 24
Energy at sites (4, 5) is -23.4878613006688
   Stats: nIt(DAVIDSON) = 1
Energy at sites (3, 4) is -23.487861300667
   Stats: nIt(DAVIDSON) = 1
Energy at sites (2, 3) is -23.487861300667
   Stats: nIt(DAVIDSON) = 1
Energy at sites (1, 2) is -23.4878613006675
******************************************************************
***  Information on left sweep 0 of instruction 0:
***     Elapsed wall time        = 28.625714 seconds
***       |--> S.join            = 0.01968 seconds
***       |--> S.solve           = 28.081425 seconds
***       |--> S.split           = 0.114646 seconds
***       |--> Tensor update     = 0.409773 seconds
***              |--> create     = 0.03532 seconds
***              |--> destroy    = 0.002439 seconds
***              |--> disk write = 0.024026 seconds
***              |--> disk read  = 0.013703 seconds
***              |--> calc       = 0.334259 seconds
***     Disk write bandwidth     = 1718.13228133715 MB/s
***     Disk read  bandwidth     = 3011.17275193217 MB/s
***     Minimum energy           = -23.4884628349998
***     Maximum discarded weight = 0
******************************************************************
   Stats: nIt(DAVIDSON) = 1
Energy at sites (0, 1) is -23.4878613006677
   Stats: nIt(DAVIDSON) = 1
Energy at sites (1, 2) is -23.4878613006674
   Stats: nIt(DAVIDSON) = 1
Energy at sites (2, 3) is -23.4878613006671
   Stats: nIt(DAVIDSON) = 1
Energy at sites (3, 4) is -23.4878613006675
   Stats: nIt(DAVIDSON) = 1
Energy at sites (4, 5) is -23.4878613006646
   Stats: nIt(DAVIDSON) = 21
Energy at sites (5, 6) is -23.4884628350025
   Stats: nIt(DAVIDSON) = 16
Energy at sites (6, 7) is -23.4881821591084
   Stats: nIt(DAVIDSON) = 1
Energy at sites (7, 8) is -23.4881821591055
   Stats: nIt(DAVIDSON) = 1
Energy at sites (8, 9) is -23.4881821591064
   Stats: nIt(DAVIDSON) = 1
Energy at sites (9, 10) is -23.4881821591061
******************************************************************
***  Information on right sweep 0 of instruction 0:
***     Elapsed wall time        = 9.433478 seconds
***       |--> S.join            = 0.02182 seconds
***       |--> S.solve           = 8.900311 seconds
***       |--> S.split           = 0.122566 seconds
***       |--> Tensor update     = 0.388606 seconds
***              |--> create     = 0.034626 seconds
***              |--> destroy    = 0.00235 seconds
***              |--> disk write = 0.024026 seconds
***              |--> disk read  = 0.013557 seconds
***              |--> calc       = 0.314016 seconds
***     Disk write bandwidth     = 1707.62558955094 MB/s
***     Disk read  bandwidth     = 3044.9100974704 MB/s
***     Minimum energy           = -23.4884628350025
***     Maximum discarded weight = 7.62820015563241e-06
***     Energy difference with respect to previous leftright sweep = 23.4881821591061
******************************************************************
The overlap between the current state and state 0 is : 1.0018182327225e-06
   Stats: nIt(DAVIDSON) = 1
Energy at sites (10, 11) is -23.4881821591059
   Stats: nIt(DAVIDSON) = 1
Energy at sites (9, 10) is -23.4881821591061
   Stats: nIt(DAVIDSON) = 1
Energy at sites (8, 9) is -23.4881821591054
   Stats: nIt(DAVIDSON) = 1
Energy at sites (7, 8) is -23.4881821591053
   Stats: nIt(DAVIDSON) = 1
Energy at sites (6, 7) is -23.4881821591064
   Stats: nIt(DAVIDSON) = 19
Energy at sites (5, 6) is -23.488461786653
   Stats: nIt(DAVIDSON) = 15
Energy at sites (4, 5) is -23.4881818194107
   Stats: nIt(DAVIDSON) = 1
Energy at sites (3, 4) is -23.4881818194117
   Stats: nIt(DAVIDSON) = 1
Energy at sites (2, 3) is -23.4881818194125
   Stats: nIt(DAVIDSON) = 1
Energy at sites (1, 2) is -23.4881818194121
******************************************************************
***  Information on left sweep 1 of instruction 0:
***     Elapsed wall time        = 8.745427 seconds
***       |--> S.join            = 0.02469 seconds
***       |--> S.solve           = 8.201955 seconds
***       |--> S.split           = 0.118845 seconds
***       |--> Tensor update     = 0.399763 seconds
***              |--> create     = 0.035794 seconds
***              |--> destroy    = 0.002432 seconds
***              |--> disk write = 0.024126 seconds
***              |--> disk read  = 0.013567 seconds
***              |--> calc       = 0.323814 seconds
***     Disk write bandwidth     = 1700.09321788151 MB/s
***     Disk read  bandwidth     = 3024.05929199903 MB/s
***     Minimum energy           = -23.488461786653
***     Maximum discarded weight = 7.59554930316314e-06
******************************************************************
   Stats: nIt(DAVIDSON) = 1
Energy at sites (0, 1) is -23.4881818194123
   Stats: nIt(DAVIDSON) = 1
Energy at sites (1, 2) is -23.4881818194119
   Stats: nIt(DAVIDSON) = 1
Energy at sites (2, 3) is -23.4881818194125
   Stats: nIt(DAVIDSON) = 1
Energy at sites (3, 4) is -23.4881818194125
   Stats: nIt(DAVIDSON) = 1
Energy at sites (4, 5) is -23.4881818194133
   Stats: nIt(DAVIDSON) = 19
Energy at sites (5, 6) is -23.4884616816214
   Stats: nIt(DAVIDSON) = 16
Energy at sites (6, 7) is -23.4881821672203
   Stats: nIt(DAVIDSON) = 1
Energy at sites (7, 8) is -23.4881821672196
   Stats: nIt(DAVIDSON) = 1
Energy at sites (8, 9) is -23.4881821672189
   Stats: nIt(DAVIDSON) = 1
Energy at sites (9, 10) is -23.4881821672194
******************************************************************
***  Information on right sweep 1 of instruction 0:
***     Elapsed wall time        = 8.604011 seconds
***       |--> S.join            = 0.02457 seconds
***       |--> S.solve           = 8.074254 seconds
***       |--> S.split           = 0.116506 seconds
***       |--> Tensor update     = 0.388504 seconds
***              |--> create     = 0.036368 seconds
***              |--> destroy    = 0.002411 seconds
***              |--> disk write = 0.024893 seconds
***              |--> disk read  = 0.013995 seconds
***              |--> calc       = 0.310807 seconds
***     Disk write bandwidth     = 1646.99726842605 MB/s
***     Disk read  bandwidth     = 2930.79306713893 MB/s
***     Minimum energy           = -23.4884616816214
***     Maximum discarded weight = 7.59270480931649e-06
***     Energy difference with respect to previous leftright sweep = 8.11331801742199e-09
******************************************************************
The overlap between the current state and state 0 is : -1.02636873902662e-06
   Stats: nIt(DAVIDSON) = 1
Energy at sites (10, 11) is -23.4881821672191
   Stats: nIt(DAVIDSON) = 1
Energy at sites (9, 10) is -23.4881821672193
   Stats: nIt(DAVIDSON) = 1
Energy at sites (8, 9) is -23.4881821672184
   Stats: nIt(DAVIDSON) = 1
Energy at sites (7, 8) is -23.4881821672177
   Stats: nIt(DAVIDSON) = 1
Energy at sites (6, 7) is -23.4881821672205
   Stats: nIt(DAVIDSON) = 19
Energy at sites (5, 6) is -23.4884616816215
   Stats: nIt(DAVIDSON) = 15
Energy at sites (4, 5) is -23.4881818195733
   Stats: nIt(DAVIDSON) = 1
Energy at sites (3, 4) is -23.488181819578
   Stats: nIt(DAVIDSON) = 1
Energy at sites (2, 3) is -23.4881818195765
   Stats: nIt(DAVIDSON) = 1
Energy at sites (1, 2) is -23.4881818195763
******************************************************************
***  Information on left sweep 2 of instruction 0:
***     Elapsed wall time        = 8.742695 seconds
***       |--> S.join            = 0.022779 seconds
***       |--> S.solve           = 8.203771 seconds
***       |--> S.split           = 0.120909 seconds
***       |--> Tensor update     = 0.395069 seconds
***              |--> create     = 0.035237 seconds
***              |--> destroy    = 0.002497 seconds
***              |--> disk write = 0.023664 seconds
***              |--> disk read  = 0.013537 seconds
***              |--> calc       = 0.320111 seconds
***     Disk write bandwidth     = 1733.28469297707 MB/s
***     Disk read  bandwidth     = 3028.64024547017 MB/s
***     Minimum energy           = -23.4884616816215
***     Maximum discarded weight = 7.59270419535762e-06
******************************************************************
   Stats: nIt(DAVIDSON) = 1
Energy at sites (0, 1) is -23.4881818195764
   Stats: nIt(DAVIDSON) = 1
Energy at sites (1, 2) is -23.4881818195763
   Stats: nIt(DAVIDSON) = 1
Energy at sites (2, 3) is -23.4881818195764
   Stats: nIt(DAVIDSON) = 1
Energy at sites (3, 4) is -23.4881818195757
   Stats: nIt(DAVIDSON) = 1
Energy at sites (4, 5) is -23.4881818195735
   Stats: nIt(DAVIDSON) = 19
Energy at sites (5, 6) is -23.4884616816262
   Stats: nIt(DAVIDSON) = 16
Energy at sites (6, 7) is -23.4881821672186
   Stats: nIt(DAVIDSON) = 1
Energy at sites (7, 8) is -23.4881821672191
   Stats: nIt(DAVIDSON) = 1
Energy at sites (8, 9) is -23.4881821672184
   Stats: nIt(DAVIDSON) = 1
Energy at sites (9, 10) is -23.4881821672198
******************************************************************
***  Information on right sweep 2 of instruction 0:
***     Elapsed wall time        = 8.588831 seconds
***       |--> S.join            = 0.021675 seconds
***       |--> S.solve           = 8.070239 seconds
***       |--> S.split           = 0.113132 seconds
***       |--> Tensor update     = 0.383618 seconds
***              |--> create     = 0.034957 seconds
***              |--> destroy    = 0.00235 seconds
***              |--> disk write = 0.023682 seconds
***              |--> disk read  = 0.013457 seconds
***              |--> calc       = 0.309144 seconds
***     Disk write bandwidth     = 1731.21792935266 MB/s
***     Disk read  bandwidth     = 3047.96380876937 MB/s
***     Minimum energy           = -23.4884616816262
***     Maximum discarded weight = 7.59270474629038e-06
***     Energy difference with respect to previous leftright sweep = 3.97903932025656e-13
******************************************************************
The overlap between the current state and state 0 is : 1.02636851921894e-06
***  Information on completed instruction 0:
***     The reduced virtual dimension DSU(2)               = 500
***     Minimum energy encountered during all instructions = -23.4884628350025
***     Minimum energy encountered during the last sweep   = -23.4884616816262
***     Maximum discarded weight during the last sweep     = 7.59270474629038e-06
******************************************************************
   Stats: nIt(DAVIDSON) = 1
********************************************
***  2-RDM and Correlations calculation  ***
********************************************
   N(N-1)                     = 132
   Double trace of DMRG 2-RDM = 132
   Energy obtained by Heff at edge   = -23.4881821672198
   Econst + 0.5 * trace(2DM-A * Ham) = -23.4881821672407
   NOON of irrep Ag = [ 1.98788576240005 , 1.87547714053871 , 0.443108614436752 , 0.0147527417320888 ].
   NOON of irrep B1g = [ 1.86978338704767 , 0.436038069919969 ].
   NOON of irrep B2u = [ 1.5639836682963 , 0.130193779085163 ].
   NOON of irrep B3u = [ 1.98524873960932 , 1.55686410130049 , 0.124549260971373 , 0.0121147346621184 ].
   Single-orbital entropies (Hamiltonian index order is used!) = [ 0.080074088309909 , 0.0855558388467852 , 0.46365817932654 , 0.480962746896421 , 1.01563215856249 , 1.02678723769988 , 1.02675723286728 , 1.0156521349339 , 0.480901342531997 , 0.463735674745164 , 0.0855658478259471 , 0.0800650131059914 ].
   Idistance(0) = 3.35259201083241
   Idistance(1) = 17.1458590455725
   Idistance(2) = 103.655762786132
***************************************************
***  Timing information 2-RDM and Correlations  ***
***************************************************
***     Elapsed wall time        = 1.364644 seconds
***       |--> MPS gauge change  = 0.133646 seconds
***       |--> Diagram calc      = 0.284529 seconds
***       |--> Tensor update     = 0.918271 seconds
***              |--> create     = 0.07731 seconds
***              |--> destroy    = 0.005505 seconds
***              |--> disk write = 0.048418 seconds
***              |--> disk read  = 0.031275 seconds
***              |--> calc       = 0.755587 seconds
***     Disk write bandwidth     = 1695.2896606642 MB/s
***     Disk read  bandwidth     = 2624.54148009717 MB/s
***************************************************
   Stats: nIt(DAVIDSON) = 17
Energy at sites (10, 11) is 13.0576088878026
   Stats: nIt(DAVIDSON) = 16
Energy at sites (9, 10) is 9.59014410723813
   Stats: nIt(DAVIDSON) = 50
Energy at sites (8, 9) is 7.46419803726263
   Stats: nIt(DAVIDSON) = 50
Energy at sites (7, 8) is -1.62049973715347
   Stats: nIt(DAVIDSON) = 40
Energy at sites (6, 7) is -10.5082674737108
   Stats: nIt(DAVIDSON) = 60
Energy at sites (5, 6) is -23.0719588511864
   Stats: nIt(DAVIDSON) = 22
Energy at sites (4, 5) is -23.0691576673286
   Stats: nIt(DAVIDSON) = 1
Energy at sites (3, 4) is -23.0691576673241
   Stats: nIt(DAVIDSON) = 1
Energy at sites (2, 3) is -23.0691576673263
   Stats: nIt(DAVIDSON) = 1
Energy at sites (1, 2) is -23.0691576673266
******************************************************************
***  Information on left sweep 0 of instruction 0:
***     Elapsed wall time        = 29.629525 seconds
***       |--> S.join            = 0.026811 seconds
***       |--> S.solve           = 29.028089 seconds
***       |--> S.split           = 0.114454 seconds
***       |--> Tensor update     = 0.45998 seconds
***              |--> create     = 0.037874 seconds
***              |--> destroy    = 0.002469 seconds
***              |--> disk write = 0.024302 seconds
***              |--> disk read  = 0.013683 seconds
***              |--> calc       = 0.381622 seconds
***     Disk write bandwidth     = 1708.39196830588 MB/s
***     Disk read  bandwidth     = 3032.92157731366 MB/s
***     Minimum energy           = -23.0719588511864
***     Maximum discarded weight = 0
******************************************************************
   Stats: nIt(DAVIDSON) = 1
Energy at sites (0, 1) is -23.0691576673271
   Stats: nIt(DAVIDSON) = 1
Energy at sites (1, 2) is -23.0691576673267
   Stats: nIt(DAVIDSON) = 1
Energy at sites (2, 3) is -23.0691576673265
   Stats: nIt(DAVIDSON) = 1
Energy at sites (3, 4) is -23.0691576673253
   Stats: nIt(DAVIDSON) = 1
Energy at sites (4, 5) is -23.069157667324
   Stats: nIt(DAVIDSON) = 19
Energy at sites (5, 6) is -23.071958851188
   Stats: nIt(DAVIDSON) = 17
Energy at sites (6, 7) is -23.0705595538793
   Stats: nIt(DAVIDSON) = 1
Energy at sites (7, 8) is -23.0705595538807
   Stats: nIt(DAVIDSON) = 1
Energy at sites (8, 9) is -23.07055955388
   Stats: nIt(DAVIDSON) = 1
Energy at sites (9, 10) is -23.0705595538803
******************************************************************
***  Information on right sweep 0 of instruction 0:
***     Elapsed wall time        = 9.01536 seconds
***       |--> S.join            = 0.024131 seconds
***       |--> S.solve           = 8.445598 seconds
***       |--> S.split           = 0.120447 seconds
***       |--> Tensor update     = 0.425018 seconds
***              |--> create     = 0.035672 seconds
***              |--> destroy    = 0.002462 seconds
***              |--> disk write = 0.024063 seconds
***              |--> disk read  = 0.013572 seconds
***              |--> calc       = 0.349224 seconds
***     Disk write bandwidth     = 1718.21269886762 MB/s
***     Disk read  bandwidth     = 3059.04373812036 MB/s
***     Minimum energy           = -23.071958851188
***     Maximum discarded weight = 3.96750082772178e-05
***     Energy difference with respect to previous leftright sweep = 23.0705595538803
******************************************************************
The overlap between the current state and state 0 is : 2.523394042192e-05
The overlap between the current state and state 1 is : -1.13951753717072e-06
   Stats: nIt(DAVIDSON) = 1
Energy at sites (10, 11) is -23.0705595538802
   Stats: nIt(DAVIDSON) = 1
Energy at sites (9, 10) is -23.0705595538803
   Stats: nIt(DAVIDSON) = 1
Energy at sites (8, 9) is -23.0705595538806
   Stats: nIt(DAVIDSON) = 1
Energy at sites (7, 8) is -23.070559553882
   Stats: nIt(DAVIDSON) = 1
Energy at sites (6, 7) is -23.0705595538794
   Stats: nIt(DAVIDSON) = 19
Energy at sites (5, 6) is -23.0719538600993
   Stats: nIt(DAVIDSON) = 16
Energy at sites (4, 5) is -23.0705575425555
   Stats: nIt(DAVIDSON) = 1
Energy at sites (3, 4) is -23.0705575425571
   Stats: nIt(DAVIDSON) = 1
Energy at sites (2, 3) is -23.0705575425572
   Stats: nIt(DAVIDSON) = 1
Energy at sites (1, 2) is -23.0705575425577
******************************************************************
***  Information on left sweep 1 of instruction 0:
***     Elapsed wall time        = 9.079453 seconds
***       |--> S.join            = 0.02258 seconds
***       |--> S.solve           = 8.496068 seconds
***       |--> S.split           = 0.117438 seconds
***       |--> Tensor update     = 0.443188 seconds
***              |--> create     = 0.035442 seconds
***              |--> destroy    = 0.002505 seconds
***              |--> disk write = 0.023399 seconds
***              |--> disk read  = 0.013502 seconds
***              |--> calc       = 0.368313 seconds
***     Disk write bandwidth     = 1767.00709584361 MB/s
***     Disk read  bandwidth     = 3062.16502539265 MB/s
***     Minimum energy           = -23.0719538600993
***     Maximum discarded weight = 3.94975460977061e-05
******************************************************************
   Stats: nIt(DAVIDSON) = 1
Energy at sites (0, 1) is -23.0705575425576
   Stats: nIt(DAVIDSON) = 1
Energy at sites (1, 2) is -23.0705575425575
   Stats: nIt(DAVIDSON) = 1
Energy at sites (2, 3) is -23.0705575425572
   Stats: nIt(DAVIDSON) = 1
Energy at sites (3, 4) is -23.0705575425576
   Stats: nIt(DAVIDSON) = 1
Energy at sites (4, 5) is -23.0705575425525
   Stats: nIt(DAVIDSON) = 19
Energy at sites (5, 6) is -23.0719532922285
   Stats: nIt(DAVIDSON) = 16
Energy at sites (6, 7) is -23.0705596291162
   Stats: nIt(DAVIDSON) = 1
Energy at sites (7, 8) is -23.0705596291164
   Stats: nIt(DAVIDSON) = 1
Energy at sites (8, 9) is -23.0705596291153
   Stats: nIt(DAVIDSON) = 1
Energy at sites (9, 10) is -23.0705596291153
******************************************************************
***  Information on right sweep 1 of instruction 0:
***     Elapsed wall time        = 8.835055 seconds
***       |--> S.join            = 0.021751 seconds
***       |--> S.solve           = 8.253262 seconds
***       |--> S.split           = 0.116513 seconds
***       |--> Tensor update     = 0.443338 seconds
***              |--> create     = 0.036883 seconds
***              |--> destroy    = 0.002435 seconds
***              |--> disk write = 0.023534 seconds
***              |--> disk read  = 0.013919 seconds
***              |--> calc       = 0.366541 seconds
***     Disk write bandwidth     = 1756.11130127721 MB/s
***     Disk read  bandwidth     = 2970.48631623281 MB/s
***     Minimum energy           = -23.0719532922285
***     Maximum discarded weight = 3.94788016474404e-05
***     Energy difference with respect to previous leftright sweep = 7.52349365029659e-08
******************************************************************
The overlap between the current state and state 0 is : 2.52346975620226e-05
The overlap between the current state and state 1 is : -1.13130464369859e-06
   Stats: nIt(DAVIDSON) = 1
Energy at sites (10, 11) is -23.0705596291155
   Stats: nIt(DAVIDSON) = 1
Energy at sites (9, 10) is -23.0705596291153
   Stats: nIt(DAVIDSON) = 1
Energy at sites (8, 9) is -23.0705596291146
   Stats: nIt(DAVIDSON) = 1
Energy at sites (7, 8) is -23.0705596291164
   Stats: nIt(DAVIDSON) = 1
Energy at sites (6, 7) is -23.0705596291165
   Stats: nIt(DAVIDSON) = 19
Energy at sites (5, 6) is -23.0719532921818
   Stats: nIt(DAVIDSON) = 16
Energy at sites (4, 5) is -23.070557546677
   Stats: nIt(DAVIDSON) = 1
Energy at sites (3, 4) is -23.0705575466787
   Stats: nIt(DAVIDSON) = 1
Energy at sites (2, 3) is -23.0705575466765
   Stats: nIt(DAVIDSON) = 1
Energy at sites (1, 2) is -23.0705575466762
******************************************************************
***  Information on left sweep 2 of instruction 0:
***     Elapsed wall time        = 9.107376 seconds
***       |--> S.join            = 0.026862 seconds
***       |--> S.solve           = 8.511084 seconds
***       |--> S.split           = 0.118982 seconds
***       |--> Tensor update     = 0.450269 seconds
***              |--> create     = 0.035935 seconds
***              |--> destroy    = 0.002441 seconds
***              |--> disk write = 0.024226 seconds
***              |--> disk read  = 0.013875 seconds
***              |--> calc       = 0.373761 seconds
***     Disk write bandwidth     = 1706.68699065651 MB/s
***     Disk read  bandwidth     = 2978.61790012669 MB/s
***     Minimum energy           = -23.0719532921818
***     Maximum discarded weight = 3.94787919253048e-05
******************************************************************
   Stats: nIt(DAVIDSON) = 1
Energy at sites (0, 1) is -23.0705575466762
   Stats: nIt(DAVIDSON) = 1
Energy at sites (1, 2) is -23.0705575466761
   Stats: nIt(DAVIDSON) = 1
Energy at sites (2, 3) is -23.0705575466759
   Stats: nIt(DAVIDSON) = 1
Energy at sites (3, 4) is -23.0705575466758
   Stats: nIt(DAVIDSON) = 1
Energy at sites (4, 5) is -23.0705575466736
   Stats: nIt(DAVIDSON) = 19
Energy at sites (5, 6) is -23.0719532923627
   Stats: nIt(DAVIDSON) = 16
Energy at sites (6, 7) is -23.0705596291248
   Stats: nIt(DAVIDSON) = 1
Energy at sites (7, 8) is -23.0705596291232
   Stats: nIt(DAVIDSON) = 1
Energy at sites (8, 9) is -23.0705596291224
   Stats: nIt(DAVIDSON) = 1
Energy at sites (9, 10) is -23.0705596291222
******************************************************************
***  Information on right sweep 2 of instruction 0:
***     Elapsed wall time        = 8.816109 seconds
***       |--> S.join            = 0.026546 seconds
***       |--> S.solve           = 8.236884 seconds
***       |--> S.split           = 0.119056 seconds
***       |--> Tensor update     = 0.433442 seconds
***              |--> create     = 0.035875 seconds
***              |--> destroy    = 0.002451 seconds
***              |--> disk write = 0.024165 seconds
***              |--> disk read  = 0.013712 seconds
***              |--> calc       = 0.357214 seconds
***     Disk write bandwidth     = 1710.25546717392 MB/s
***     Disk read  bandwidth     = 3015.32956794374 MB/s
***     Minimum energy           = -23.0719532923627
***     Maximum discarded weight = 3.94788027917544e-05
***     Energy difference with respect to previous leftright sweep = 6.87805368215777e-12
******************************************************************
The overlap between the current state and state 0 is : 2.5234708805028e-05
The overlap between the current state and state 1 is : -1.13130661542229e-06
   Stats: nIt(DAVIDSON) = 1
Energy at sites (10, 11) is -23.0705596291223
   Stats: nIt(DAVIDSON) = 1
Energy at sites (9, 10) is -23.070559629122
   Stats: nIt(DAVIDSON) = 1
Energy at sites (8, 9) is -23.0705596291226
   Stats: nIt(DAVIDSON) = 1
Energy at sites (7, 8) is -23.0705596291239
   Stats: nIt(DAVIDSON) = 1
Energy at sites (6, 7) is -23.0705596291214
   Stats: nIt(DAVIDSON) = 19
Energy at sites (5, 6) is -23.0719532923595
   Stats: nIt(DAVIDSON) = 16
Energy at sites (4, 5) is -23.070557546678
   Stats: nIt(DAVIDSON) = 1
Energy at sites (3, 4) is -23.0705575466785
   Stats: nIt(DAVIDSON) = 1
Energy at sites (2, 3) is -23.0705575466781
   Stats: nIt(DAVIDSON) = 1
Energy at sites (1, 2) is -23.0705575466778
******************************************************************
***  Information on left sweep 3 of instruction 0:
***     Elapsed wall time        = 9.077639 seconds
***       |--> S.join            = 0.025777 seconds
***       |--> S.solve           = 8.485373 seconds
***       |--> S.split           = 0.118446 seconds
***       |--> Tensor update     = 0.447874 seconds
***              |--> create     = 0.036501 seconds
***              |--> destroy    = 0.002558 seconds
***              |--> disk write = 0.023701 seconds
***              |--> disk read  = 0.013788 seconds
***              |--> calc       = 0.371297 seconds
***     Disk write bandwidth     = 1744.49175290682 MB/s
***     Disk read  bandwidth     = 2997.41248652871 MB/s
***     Minimum energy           = -23.0719532923595
***     Maximum discarded weight = 3.94787950755545e-05
******************************************************************
   Stats: nIt(DAVIDSON) = 1
Energy at sites (0, 1) is -23.0705575466777
   Stats: nIt(DAVIDSON) = 1
Energy at sites (1, 2) is -23.0705575466777
   Stats: nIt(DAVIDSON) = 1
Energy at sites (2, 3) is -23.0705575466782
   Stats: nIt(DAVIDSON) = 1
Energy at sites (3, 4) is -23.0705575466774
   Stats: nIt(DAVIDSON) = 1
Energy at sites (4, 5) is -23.0705575466744
   Stats: nIt(DAVIDSON) = 19
Energy at sites (5, 6) is -23.0719532923628
   Stats: nIt(DAVIDSON) = 16
Energy at sites (6, 7) is -23.0705596291263
   Stats: nIt(DAVIDSON) = 1
Energy at sites (7, 8) is -23.0705596291231
   Stats: nIt(DAVIDSON) = 1
Energy at sites (8, 9) is -23.0705596291222
   Stats: nIt(DAVIDSON) = 1
Energy at sites (9, 10) is -23.0705596291225
******************************************************************
***  Information on right sweep 3 of instruction 0:
***     Elapsed wall time        = 8.831838 seconds
***       |--> S.join            = 0.021792 seconds
***       |--> S.solve           = 8.248358 seconds
***       |--> S.split           = 0.11721 seconds
***       |--> Tensor update     = 0.444293 seconds
***              |--> create     = 0.036975 seconds
***              |--> destroy    = 0.002453 seconds
***              |--> disk write = 0.023268 seconds
***              |--> disk read  = 0.013904 seconds
***              |--> calc       = 0.367666 seconds
***     Disk write bandwidth     = 1776.18718257941 MB/s
***     Disk read  bandwidth     = 2973.69095480758 MB/s
***     Minimum energy           = -23.0719532923628
***     Maximum discarded weight = 3.94788028310179e-05
***     Energy difference with respect to previous leftright sweep = 3.41060513164848e-13
******************************************************************
The overlap between the current state and state 0 is : 2.52347088852007e-05
The overlap between the current state and state 1 is : -1.13130662526356e-06
***  Information on completed instruction 0:
***     The reduced virtual dimension DSU(2)               = 500
***     Minimum energy encountered during all instructions = -23.071958851188
***     Minimum energy encountered during the last sweep   = -23.0719532923628
***     Maximum discarded weight during the last sweep     = 3.94788028310179e-05
******************************************************************
   Stats: nIt(DAVIDSON) = 1
********************************************
***  2-RDM and Correlations calculation  ***
********************************************
   N(N-1)                     = 132
   Double trace of DMRG 2-RDM = 132
   Energy obtained by Heff at edge   = -23.0705596291226
   Econst + 0.5 * trace(2DM-A * Ham) = -23.0705596418856
   NOON of irrep Ag = [ 1.94997480972027 , 1.74552800741039 , 0.274470256125033 , 0.188441720878627 ].
   NOON of irrep B1g = [ 1.66983252432237 , 0.315272532211376 ].
   NOON of irrep B2u = [ 1.68469639363488 , 0.330160951601894 ].
   NOON of irrep B3u = [ 1.81153513305751 , 1.72558808317657 , 0.254471322927105 , 0.05002826493397 ].
   Single-orbital entropies (Hamiltonian index order is used!) = [ 0.437624746825708 , 0.692728613980902 , 0.634184667916356 , 0.894313152452882 , 0.869626705361911 , 0.705585607393529 , 0.705654748962919 , 0.869575764272696 , 0.894299790967572 , 0.634137419077771 , 0.692762592074338 , 0.437683362451391 ].
   Idistance(0) = 2.68673702742163
   Idistance(1) = 12.0351597715893
   Idistance(2) = 71.2398001329156
***************************************************
***  Timing information 2-RDM and Correlations  ***
***************************************************
***     Elapsed wall time        = 1.464075 seconds
***       |--> MPS gauge change  = 0.135232 seconds
***       |--> Diagram calc      = 0.246964 seconds
***       |--> Tensor update     = 1.050423 seconds
***              |--> create     = 0.0793289999999999 seconds
***              |--> destroy    = 0.005476 seconds
***              |--> disk write = 0.051014 seconds
***              |--> disk read  = 0.032288 seconds
***              |--> calc       = 0.882143 seconds
***     Disk write bandwidth     = 1621.95881751478 MB/s
***     Disk read  bandwidth     = 2562.64268820302 MB/s
***************************************************
Info on DMRG::operators rm call to system: 0
