 ************************************************************************
 * CISTAR - CONFIGURATION INTERACTION/PERTURBATION THEORY PROGRAM       *
 * QUANTUM CHEMISTRY GROUP - INDIANA UNIVERSITY - 27Apr 2016  10:36:41  *
 ************************************************************************



 THE TRANSFORMED INTEGRALS ARE TITLED: dumm                                    
 THE FILE IS DATED:                     27Apr 2016  10:35:24 
 THE NUMBER OF ORBITALS FROM FILE 16 IS  20.


                         CI RUN TITLE
                         -- --- -----
 )* H2O  -SINGLET A1-  STO-3G HF SD-CI TEST CASE *


 ) $
 ) $ GENERAL OPTIONS LIST INPUT
 ) $
 )SDTQCI      $ REQUEST UP TO SD EXCITATIONS FROM THESE CONFIGURATIONs
 )ISYMMETRY=1     $ SPECIFY Ag OVERALL SYMMETRY
 )MULTIPLICITY=1  $ SPECIFY SPIN MULTIPLICITY
 )END
 TIME TO PROCESS FORMULA FILE = 0.0 CPU SEC. ( 0.0 WALL CLOCK SEC.)

            THE HARTREE-FOCK CONFIGURATION
            --- ------------ -------------
 ) $
 ) $ SPECIFY THE HARTREE-FOCK CONFIGURATION
 ) $
 ) D 1 - 5 ; D 1 - 5  END $1Ag

               INTERNALLY GENERATED ORBITAL SETS (SDTQ-CI)
               ---------- --------- ------- --------------
 MIN. MAX.
 OCC. OCC.
   0   4   00000111110000011111
  16  20   11111000001111100000
 THE REFERENCE SPACE CONTAINS   1 SPIN-ADAPTED CONFIGURATIONS.


    212851 SPACE ORBITAL PRODUCTS (   917076 SPIN-ADAPTED CONFIGURATIONS)
 WERE GENERATED IN     0.0 CPU SECONDS.
 TIME IN DIAGC    0.1


 THE TOTAL NUMBER OF SPACE ORBITAL PRODUCTS IS         212851
 THE TOTAL NUMBER OF SPIN-ADAPTED CONFIGURATIONS IS    917076
 THE MAX. NUMBER OF SPIN COUPLINGS IN A S.O.P. IS   14
 THERE WILL BE         2 INTEGRAL LOADS UTILIZING  79995967 WORDS OF MEMORY.
 writ50, first, nrec= T       15872
 A TOTAL OF 87250100 NONZERO S.O.P. PAIRS WERE FOUND.
 TIME TO FIND (I,J) PAIRS =   82.45 CPU SECONDS.
 THE VALUE OF THE H(1,1) ELEMENT IS  -549.2856727

          HAMILTONIAN MATRIX STORAGE DATA
 I/O   NO. OF    NO. OF     FILE SIZE    PERCENT NONZERO
 FILE  RECORDS   ELEMENTS   (IN BYTES)    IN ALL BLOCKS
  12         4    1834152     14673236
  13      2947    2789825     47163788
  17    284618  *********    791367824      64.0
  18     28755  228386163   **********
  19     11147   89052885    891804588
  20      2610   20863100    167050440
 TOTAL ELAPSED TIME =   161.3 CPU SECONDS AND      175.3 WALL CLOCK SECONDS.
