 ************************************************************************
 * RTSIM - DAVIDSON METHOD SPARSE MATRIX EIGENVALUE/EIGENVECTOR PROGRAM *
 * QUANTUM CHEMISTRY GROUP - INDIANA UNIVERSITY - 11Apr 2016  10:32:40  *
 ************************************************************************



                 DIAGONALIZATION RUN TITLE
                 -------------------------
 )* WATER TEST *



 ) DAVIDSON
 ) LAST=3
 ) COEFF
 ) NOVLP
 ) MAXITR=1000 END

 THE CI MATRIX IS TITLED:  H2O  -SINGLET A1-  STO-3G HF SD-CI TEST
 THE MATRIX IS DATED:     11Apr 2016  10:32:28 
 THE SPIN MULTIPLICITY IS 3 AND THE DIMENSION IS  37396.

 ROOTS  1 THROUGH  3 WILL BE OBTAINED.

  
  
  
 AMOUNT OF CORE AVAILABLE                      80000000
 MAXIMUM NUMBER OF VECTORS PER ITERATION              3
 MAXIMUM NUMBER OF VECTORS ON DISK                   19
 NUMBER OF SOLUTIONS SOUGHT                           3
 NUMBER OF SOLUTIONS INVESTIGATED                     3
 SIZE OF MATRIX DIAGONALISED                      37396
  
  
 INITIAL GUESS AT ROOTS (OBTAINED FROM DIAGONAL ELEMENTS OF HAMILTONIAN MATRIX)

                1        -260.05595
              127        -257.06363
                2        -256.99259


 ITERATION       ROOT           EIGENVALUE          NORM OF RESIDUAL
     1             1          -260.62063439              4.56087
     1             2          -258.04905575              4.83016
     1             3          -255.44247409              4.92279
     2             1          -262.40765178              5.29851
     2             2          -260.05012540              8.68247
     2             3          -255.91135033             62.94191
     2             1          -262.40765178              2.83647
     2             2          -260.05012540              3.75200
     2             3          -255.91135033              5.20985
     3             1          -262.88826247              3.73601
     3             2          -261.20867335              6.79787
     3             3          -257.63670614             20.43649
     3             1          -262.88826247              1.54376
     3             2          -261.20867335              2.36715
     3             3          -257.63670614              4.65594
     4             1          -263.00300401              2.14110
     4             2          -261.51325749              3.61923
     4             3          -259.55513340             12.07303
     4             1          -263.00300401              0.72569
     4             2          -261.51325749              1.33786
     4             3          -259.55513340              3.48463
     5             1          -263.02362976              1.23029
     5             2          -261.59151605              2.24999
     5             3          -260.37037033              9.11354
     5             1          -263.02362976              0.36553
     5             2          -261.59151605              0.68510
     5             3          -260.37037033              2.36630
     6             1          -263.02901009              0.74237
     6             2          -261.60924857              1.23770
     6             3          -260.65246074              5.73574
  truncating with vlp=false 
 TRUNCATION TO 1 VECTOR PER ROOT HAS BEEN PERFORMED
     6             1          -263.02901009              0.18951
     6             2          -261.60924857              0.35757
     6             3          -260.65246074              1.43764
     7             1          -263.03004300              0.19404
     7             2          -261.61340038              0.40449
     7             3          -260.71933102              1.58951
     7             1          -263.03004300              0.10591
     7             2          -261.61340038              0.23526
     7             3          -260.71933102              0.80029
     8             1          -263.03055038              0.30823
     8             2          -261.61641255              0.87344
     8             3          -260.75548314              2.80190
     8             1          -263.03055038              0.06871
     8             2          -261.61641255              0.17858
     8             3          -260.75548314              0.50922
     9             1          -263.03073167              0.21427
     9             2          -261.61814955              0.90861
     9             3          -260.76967895              2.25047
     9             1          -263.03073167              0.03925
     9             2          -261.61814955              0.14324
     9             3          -260.76967895              0.28547
    10             1          -263.03077803              0.10267
    10             2          -261.61907458              0.73776
    10             3          -260.77318257              1.25735
    10             1          -263.03077803              0.02034
    10             2          -261.61907458              0.10351
    10             3          -260.77318257              0.17085
    11             1          -263.03079176              0.06283
    11             2          -261.61947526              0.50743
    11             3          -260.77447452              0.93715
  truncating with vlp=false 
 TRUNCATION TO 1 VECTOR PER ROOT HAS BEEN PERFORMED
    11             1          -263.03079176              0.01007
    11             2          -261.61947526              0.06529
    11             3          -260.77447452              0.12028
    12             1          -263.03079453              0.01003
    12             2          -261.61960963              0.07480
    12             3          -260.77507808              0.26961
    12             1          -263.03079453              0.00622
    12             2          -261.61960963              0.04791
    12             3          -260.77507808              0.08730
    13             1          -263.03079599              0.02203
    13             2          -261.61972270              0.23889
    13             3          -260.77579788              0.70943
    13             1          -263.03079599              0.00406
    13             2          -261.61972270              0.03787
    13             3          -260.77579788              0.09258
    14             1          -263.03079664              0.01975
    14             2          -261.61979843              0.30264
    14             3          -260.77638513              0.88792
    14             1          -263.03079664              0.00242
    14             2          -261.61979843              0.02766
    14             3          -260.77638513              0.07721
    15             1          -263.03079684              0.01076
    15             2          -261.61983590              0.22581
    15             3          -260.77669965              0.68668
    15             1          -263.03079684              0.00135
    15             2          -261.61983590              0.01941
    15             3          -260.77669965              0.05595
    16             1          -263.03079689              0.00549
    16             2          -261.61985402              0.15789
    16             3          -260.77683589              0.41284
  truncating with vlp=false 
 TRUNCATION TO 1 VECTOR PER ROOT HAS BEEN PERFORMED
    16             1          -263.03079689              0.00081
    16             2          -261.61985402              0.01630
    16             3          -260.77683589              0.04158
    17             1          -263.03079691              0.00078
    17             2          -261.61986191              0.01816
    17             3          -260.77688716              0.04389
    17             1          -263.03079691              0.00051
    17             2          -261.61986191              0.01022
    17             3          -260.77688716              0.02484
    18             1          -263.03079692              0.00156
    18             2          -261.61986723              0.04683
    18             3          -260.77691424              0.09173
    18             1          -263.03079692              0.00031
    18             2          -261.61986723              0.00793
    18             3          -260.77691424              0.01609
    19             1          -263.03079692              0.00133
    19             2          -261.61987032              0.05299
    19             3          -260.77692745              0.10215
    19             1          -263.03079692              0.00018
    19             2          -261.61987032              0.00593
    19             3          -260.77692745              0.01126
    20             1          -263.03079693              0.00076
    20             2          -261.61987176              0.03828
    20             3          -260.77693341              0.07787
    20             1          -263.03079693              0.00011
    20             2          -261.61987176              0.00416
    20             3          -260.77693341              0.00758
    21             1          -263.03079693              0.00044
    21             2          -261.61987246              0.02853
    21             3          -260.77693650              0.06201
  truncating with vlp=false 
 TRUNCATION TO 1 VECTOR PER ROOT HAS BEEN PERFORMED
    21             1          -263.03079693              0.00007
    21             2          -261.61987246              0.00355
    21             3          -260.77693650              0.00714
     ROOT    ITERATION     NUMBER OF PRODUCTS       EIGENVALUE
       1        21                60                -263.0307969263


    22             2          -261.61987283              0.00331
    22             3          -260.77693799              0.00985
    22             2          -261.61987283              0.00243
    22             3          -260.77693799              0.00383
    23             2          -261.61987311              0.01049
    23             3          -260.77693899              0.02200
    23             2          -261.61987311              0.00195
    23             3          -260.77693899              0.00370
    24             2          -261.61987331              0.01429
    24             3          -260.77693982              0.02839
    24             2          -261.61987331              0.00143
    24             3          -260.77693982              0.00336
    25             2          -261.61987340              0.01075
    25             3          -260.77694042              0.02802
    25             2          -261.61987340              0.00098
    25             3          -260.77694042              0.00256
    26             2          -261.61987345              0.00786
    26             3          -260.77694077              0.02325
    26             2          -261.61987345              0.00090
    26             3          -260.77694077              0.00201
    27             2          -261.61987350              0.01106
    27             3          -260.77694099              0.02174
    27             2          -261.61987350              0.00045
    27             3          -260.77694099              0.00172
    28             2          -261.61987350              0.00211
    28             3          -260.77694108              0.01008
    28             2          -261.61987350              0.00026
    28             3          -260.77694108              0.00053
    29             2          -261.61987351              0.00129
    29             3          -260.77694109              0.00366
  truncating with vlp=false 
 TRUNCATION TO 1 VECTOR PER ROOT HAS BEEN PERFORMED
    29             2          -261.61987351              0.00016
    29             3          -260.77694109              0.00034
    30             2          -261.61987351              0.00016
    30             3          -260.77694109              0.00041
    30             2          -261.61987351              0.00010
    30             3          -260.77694109              0.00022
     ROOT    ITERATION     NUMBER OF PRODUCTS       EIGENVALUE
       2        30                78                -261.6198735058


    31             3          -260.77694109              0.00104
    31             3          -260.77694109              0.00017
    32             3          -260.77694110              0.00072
    32             3          -260.77694110              0.00010
     ROOT    ITERATION     NUMBER OF PRODUCTS       EIGENVALUE
       3        32                80                -260.7769410959


  all roots converged 
  

 ************************************
 COMPLETED CI VECTOR OPTIMISATION
 ************************************





 ********************************
 RESULTS FOR ROOT   01
 TOTAL CI ENERGY =   -263.0307969
 ********************************

       CONF.                                                                           COEFF.
        NO.        SPACE ORBITAL PRODUCTS                                             CONTRIB.      CI COEFFICIENTS

       -----       ----------------------                                             --------   ---------------------
   1.     1   D 1 - 3 S 4 ; D 1 - 2 S 3  END                                            0.7921   -0.79208
   2.    75   D 1 - 2 S 3 ; D 1 - 3 S 4  END                                            0.2888    0.28880
   3.    47   D 1 - 3 S 5 ; D 1 S 2 D 3  END                                            0.1630   -0.16300
   4.     4   D 1 - 2 S 3 D 4 ; D 1 - 2 S 3  END                                        0.1329   -0.13289
   5.    27   D 1 - 3 S 4 ; D 1 - 2 S 4  END                                            0.1329   -0.13289
   6.    51   D 1 - 2 S 3 D 4 ; D 1 - 2 S 4  END                                        0.1231   -0.12315
   7.   112   D 1 S 2 D 3 ; D 1 - 3 S 5  END                                            0.1110   -0.11099
   8.   411   D 1 - 2 S 3 - 5 ; D 1 S 2 - 4  END                                        0.0916    0.01492  0.03531  0.03111  0.04963
                                                                                                  0.02585  0.03326 -0.01907 -0.03597
                                                                                                  0.00777
   9.   164   S 1 D 2 - 3 ; D 1 - 3 S 6  END                                            0.0904    0.09038
  10.    30   D 1 - 3 S 4 ; D 1 S 2 - 4  END                                            0.0893    0.08766  0.01017  0.01350
  11.    69   D 1 - 2 S 3 - 5 ; D 1 - 2 S 3  END                                        0.0893   -0.04503 -0.04031 -0.06571
  12.    50   D 1 - 3 S 6 ; S 1 D 2 - 3  END                                            0.0876    0.08760
  13.     2   D 1 - 3 S 4 ; D 1 S 2 D 3  END                                            0.0797    0.07973
  14.    45   D 1 - 3 S 5 ; D 1 - 2 S 3  END                                            0.0797    0.07973
  15.   507   D 1 - 2 S 4 ; D 1 - 2 S 3 D 4  END                                        0.0745    0.07448
  16.   306   D 1 - 3 S 5 ; D 1 - 2 S 4  END                                            0.0670    0.06700
  17.     5   D 1 - 2 S 3 D 4 ; D 1 S 2 D 3  END                                        0.0670    0.06700
  18.   703   D 1 S 2 - 4 ; D 1 - 2 S 3 - 5  END                                        0.0637    0.00852  0.01204  0.01436  0.04641
                                                                                                  0.01172  0.01717 -0.02883 -0.01451
                                                                                                  0.00145
  19.    13   D 1 - 4 S 5 ; D 1 S 2  END                                                0.0622    0.06222
  20.   105   D 1 S 2 D 3 S 4 - 5 ; D 1 - 2 S 3  END                                    0.0588   -0.02326  0.05339 -0.00779
  21.    31   D 1 - 3 S 4 ; D 1 S 2 - 3 S 5  END                                        0.0588    0.01105  0.02912 -0.04982
  22.   426   D 1 - 2 S 3 - 4 S 6 ; S 1 D 2 S 3 - 4  END                                0.0545   -0.00265 -0.02270 -0.01614 -0.02539
                                                                                                 -0.01502 -0.01999  0.00934  0.02786
                                                                                                 -0.00711
  23.   607   D 1 S 2 D 3 S 4 - 5 ; D 1 S 2 - 3 S 5  END                                0.0485   -0.00558 -0.02204 -0.01499 -0.02387
                                                                                                 -0.01583 -0.01543  0.00728  0.02161
                                                                                                 -0.00530
  24.  1040   S 1 D 2 S 3 - 4 ; D 1 - 2 S 3 - 4 S 6  END                                0.0468   -0.00397 -0.01201 -0.01364 -0.03434
                                                                                                 -0.01009 -0.00986  0.01603  0.01441
                                                                                                 -0.00010
  25.   111   D 1 S 2 D 3 ; D 1 - 3 S 4  END                                            0.0464   -0.04635
  26.    76   D 1 - 2 S 3 ; D 1 - 3 S 5  END                                            0.0464    0.04635
  27.    88   D 1 S 2 D 3 - 4 ; D 1 - 2 S 5  END                                        0.0455    0.04550
  28.    54   D 1 - 2 S 3 D 4 ; D 1 S 2 - 4  END                                        0.0416    0.02827  0.02211  0.02114
  29.   405   D 1 - 2 S 3 - 5 ; D 1 - 2 S 4  END                                        0.0416   -0.03710 -0.01586 -0.01032
  30.    37   D 1 - 3 S 4 ; S 1 D 2 S 3 S 5  END                                        0.0410    0.03889 -0.00858  0.00956
  31.   106   D 1 S 2 D 3 S 4 S 6 ; D 1 - 2 S 3  END                                    0.0410   -0.01673 -0.00709 -0.03671
  32.   445   D 1 - 2 S 3 ; D 1 - 2 S 3 - 5  END                                        0.0396   -0.00397  0.01759  0.03525
  33.   120   D 1 S 2 - 4 ; D 1 - 3 S 4  END                                            0.0396    0.03575 -0.01049 -0.01340
  34.    78   D 1 - 2 D 4 S 5 ; D 1 - 2 S 3  END                                        0.0392   -0.03915
  35.   246   D 1 - 3 S 4 ; D 1 S 2 D 4  END                                            0.0392   -0.03915
  36.   157   S 1 D 2 - 3 S 4 S 6 ; D 1 - 2 S 3  END                                    0.0388    0.02273 -0.02582  0.01805
  37.    38   D 1 - 3 S 4 ; S 1 D 2 S 3 S 6  END                                        0.0388    0.01014 -0.01692  0.03347
  38.   252   D 1 - 3 S 4 D 5 ; D 1 S 3  END                                            0.0386    0.03857
  39.    18   D 1 - 4 S 6 ; S 1 D 2  END                                                0.0374   -0.03739
  40.   271   D 1 - 3 S 4 - 6 ; S 1 - 3  END                                            0.0364    0.00258  0.00426  0.00762  0.01089
                                                                                                  0.00513  0.02369 -0.01479 -0.01722
                                                                                                  0.00472
  41.   307   D 1 - 3 S 5 ; D 1 - 2 S 5  END                                            0.0345    0.03452
  42.     8   D 1 S 2 D 3 - 4 ; D 1 S 2 D 3  END                                        0.0345   -0.03452
  43.   140   S 1 D 2 - 4 ; D 1 - 2 S 6  END                                            0.0337   -0.03375
  44.   944   S 1 D 2 - 3 S 4 - 5 ; D 1 S 2 - 3 S 6  END                                0.0309    0.00476  0.01452  0.00789  0.01614
                                                                                                  0.00925  0.01037 -0.00635 -0.01186
                                                                                                  0.00505
  45.    55   D 1 - 2 S 3 D 4 ; D 1 S 2 - 3 S 5  END                                    0.0304    0.00102  0.00759 -0.02943
  46.   600   D 1 S 2 D 3 S 4 - 5 ; D 1 - 2 S 4  END                                    0.0304   -0.02011  0.02253 -0.00355
  47.    49   D 1 - 3 S 5 ; S 1 D 2 - 3  END                                            0.0290   -0.02895
  48.    48   D 1 - 3 S 6 ; D 1 S 2 D 3  END                                            0.0290    0.02895
  49.   622   D 1 S 2 D 3 S 4 S 6 ; S 1 D 2 S 3 S 5  END                                0.0286    0.00322  0.01448  0.00716  0.01524
                                                                                                  0.00809  0.00814 -0.00458 -0.01151
                                                                                                  0.00518
  50.   606   D 1 S 2 D 3 S 4 - 5 ; D 1 S 2 - 4  END                                    0.0286    0.00264  0.02171 -0.00773  0.00633
                                                                                                  0.00425 -0.00579  0.00784 -0.00715
                                                                                                  0.00856
  51.   412   D 1 - 2 S 3 - 5 ; D 1 S 2 - 3 S 5  END                                    0.0286    0.00377 -0.02134  0.00030 -0.00422
                                                                                                 -0.00802  0.00608 -0.00485  0.00142
                                                                                                 -0.01418
  52.   315   D 1 - 3 S 6 ; D 1 S 2 - 4  END                                            0.0276    0.01552  0.01990 -0.01126
  53.    73   D 1 - 2 S 3 - 5 ; S 1 D 2 - 3  END                                        0.0276    0.00536  0.02708  0.00118
  54.   255   D 1 - 3 S 4 ; D 1 S 3 D 4  END                                            0.0266    0.02658
  55.   504   D 1 - 2 S 4 D 5 ; D 1 - 2 S 3  END                                        0.0266    0.02658
  56.   114   D 1 S 2 - 3 D 4 S 5 ; D 1 - 2 S 3  END                                    0.0266   -0.00736  0.02098 -0.01456
  57.   247   D 1 - 3 S 4 ; D 1 S 2 S 4 - 5  END                                        0.0266   -0.00445  0.01893 -0.01812
  58.  1144   S 1 - 2 D 3 S 4 ; D 1 - 2 S 3 S 5 - 6  END                                0.0265    0.00013  0.00371  0.00382  0.01986
                                                                                                  0.00443  0.00507 -0.01351 -0.00722
                                                                                                  0.00028
  59.   609   D 1 S 2 D 3 S 4 S 6 ; D 1 S 2 - 4  END                                    0.0260    0.00368  0.01688  0.00589  0.01308
                                                                                                  0.00526  0.00238  0.00204 -0.00977
                                                                                                  0.00623
  60.   424   D 1 - 2 S 3 - 5 ; S 1 D 2 S 3 S 5  END                                    0.0260    0.00138  0.01719  0.00713  0.01296
                                                                                                  0.00629  0.00328  0.00187 -0.00771
                                                                                                  0.00679
  61.   172   S 1 D 2 S 3 - 4 ; D 1 - 3 S 5  END                                        0.0259    0.01936 -0.00565 -0.01625
  62.   641   D 1 S 2 D 3 ; D 1 - 2 S 3 - 4 S 6  END                                    0.0259   -0.00948  0.01475  0.01907
  63.    72   D 1 - 2 S 3 - 4 S 6 ; D 1 S 2 D 3  END                                    0.0252   -0.02225 -0.00886 -0.00787
  64.   324   D 1 - 3 S 5 ; S 1 D 2 S 3 - 4  END                                        0.0252   -0.01802 -0.01185 -0.01305
  65.   639   D 1 S 2 D 3 ; D 1 - 2 S 3 D 4  END                                        0.0249   -0.02488
  66.    85   D 1 - 2 S 4 ; D 1 - 3 S 5  END                                            0.0249    0.02488
  67.   959   S 1 D 2 - 3 S 4 S 6 ; S 1 D 2 S 3 S 6  END                                0.0245   -0.00301 -0.01322 -0.00474 -0.01141
                                                                                                 -0.00813 -0.00730  0.00411  0.00993
                                                                                                 -0.00518
  68.   122   D 1 S 2 - 4 ; D 1 - 3 S 6  END                                            0.0244   -0.00472  0.00695  0.02289
  69.   976   S 1 D 2 - 3 ; D 1 - 2 S 3 - 5  END                                        0.0244    0.02040 -0.01081 -0.00787
  70.   274   D 1 - 3 S 4 ; S 1 - 5  END                                                0.0240   -0.00985 -0.00356 -0.01436  0.01107
                                                                                                  0.00191  0.01011 -0.00453  0.00031
                                                                                                  0.00305
  71.   700   D 1 S 2 - 6 ; D 1 - 2 S 3  END                                            0.0240   -0.00161  0.00089 -0.00267 -0.00010
                                                                                                 -0.00575 -0.00453 -0.02032 -0.00706
                                                                                                  0.00686
  72.    90   D 1 S 2 D 3 - 4 ; D 1 S 2 - 4  END                                        0.0239   -0.01621 -0.00550  0.01666
  73.   406   D 1 - 2 S 3 - 5 ; D 1 - 2 S 5  END                                        0.0239    0.00561 -0.02093 -0.01006
  74.  2576   D 1 S 2 - 3 S 5 ; D 1 S 2 D 3 S 4 - 5  END                                0.0238    0.00213  0.00900  0.00555  0.01295
                                                                                                  0.00903  0.00690 -0.00710 -0.01015
                                                                                                  0.00142
  75.   115   D 1 S 2 - 3 D 4 S 6 ; D 1 - 2 S 3  END                                    0.0236   -0.00374  0.00007 -0.02326
  76.   265   D 1 - 3 S 4 ; S 1 D 2 S 4 - 5  END                                        0.0236    0.02020 -0.01172  0.00310
  77.  2093   D 1 - 2 S 5 ; D 1 S 2 D 3 - 4  END                                        0.0235    0.02354
  78.   807   D 1 D 3 S 4 ; D 1 - 2 S 3 D 5  END                                        0.0234    0.02337
  79.   442   D 1 - 2 S 3 S 5 - 6 ; D 1 - 2 S 3  END                                    0.0232   -0.01198 -0.00009 -0.01983
  80.    39   D 1 - 3 S 4 ; S 1 - 2 D 3 S 4  END                                        0.0232   -0.02023  0.00574 -0.00973
  81.   256   D 1 - 3 S 4 ; D 1 S 3 - 5  END                                            0.0230    0.01593 -0.01655 -0.00086
  82.   699   D 1 S 2 - 4 D 5 ; D 1 - 2 S 3  END                                        0.0230   -0.00320 -0.00303  0.02256
  83.     7   D 1 S 2 D 3 - 4 ; D 1 - 2 S 3  END                                        0.0227    0.02266
  84.    28   D 1 - 3 S 4 ; D 1 - 2 S 5  END                                            0.0227   -0.02266
  85.    61   D 1 - 2 S 3 D 4 ; S 1 D 2 S 3 S 5  END                                    0.0226    0.01618  0.00001  0.01585
  86.   603   D 1 S 2 D 3 S 4 S 6 ; D 1 - 2 S 4  END                                    0.0226   -0.01833  0.00152 -0.01321
  87.   345   D 1 - 2 S 3 D 4 ; D 1 S 2 D 4  END                                        0.0223   -0.02232
  88.   468   D 1 - 2 D 4 S 5 ; D 1 - 2 S 4  END                                        0.0223   -0.02232
  89.    62   D 1 - 2 S 3 D 4 ; S 1 D 2 S 3 S 6  END                                    0.0220    0.00471 -0.00608  0.02063
  90.   939   S 1 D 2 - 3 S 4 S 6 ; D 1 - 2 S 4  END                                    0.0220    0.01555 -0.01375  0.00736
  91.   415   D 1 - 2 S 3 - 4 S 6 ; D 1 S 2 - 3 S 5  END                                0.0218   -0.00134 -0.01066 -0.00758 -0.01108
                                                                                                 -0.00271 -0.00390 -0.00491  0.01154
                                                                                                 -0.00065
  92.   618   D 1 S 2 D 3 S 4 - 5 ; S 1 D 2 S 3 - 4  END                                0.0218    0.00128 -0.01085 -0.01195 -0.00930
                                                                                                 -0.00401 -0.00283 -0.00241  0.00920
                                                                                                 -0.00355
  93.   166   S 1 D 2 S 3 D 4 S 6 ; D 1 - 2 S 3  END                                    0.0217    0.00800 -0.01083  0.01698
  94.   266   D 1 - 3 S 4 ; S 1 D 2 S 4 S 6  END                                        0.0217    0.01142 -0.01325  0.01279
  95.   804   D 1 D 3 S 4 ; D 1 - 2 S 3 D 4  END                                        0.0201    0.02008
  96.   510   D 1 - 2 S 4 ; D 1 - 2 S 3 D 5  END                                        0.0201    0.02008
  97.   314   D 1 - 3 S 5 ; D 1 S 2 - 3 S 6  END                                        0.0198   -0.00703  0.00617 -0.01748
  98.   158   S 1 D 2 - 3 S 4 - 5 ; D 1 S 2 D 3  END                                    0.0198    0.01371 -0.01089  0.00931
  99.   173   S 1 D 2 S 3 - 4 ; D 1 - 3 S 6  END                                        0.0195   -0.00807  0.01092  0.01403
 100.   977   S 1 D 2 - 3 ; D 1 - 2 S 3 - 4 S 6  END                                    0.0195   -0.01391  0.00463  0.01289




 POSITION OF FIRST SPIN COUPLING FOR TEN MOST IMPORTANT CONFIGURATIONS
       1    127     69      4     31     73    194    847    294     34



 ********************************
 RESULTS FOR ROOT   02
 TOTAL CI ENERGY =   -261.6198735
 ********************************

       CONF.                                                                           COEFF.
        NO.        SPACE ORBITAL PRODUCTS                                             CONTRIB.      CI COEFFICIENTS

       -----       ----------------------                                             --------   ---------------------
   1.    45   D 1 - 3 S 5 ; D 1 - 2 S 3  END                                            0.4897   -0.48971
   2.     2   D 1 - 3 S 4 ; D 1 S 2 D 3  END                                            0.4897   -0.48971
   3.    75   D 1 - 2 S 3 ; D 1 - 3 S 4  END                                            0.4573    0.45731
   4.   111   D 1 S 2 D 3 ; D 1 - 3 S 4  END                                            0.1567    0.15666
   5.    76   D 1 - 2 S 3 ; D 1 - 3 S 5  END                                            0.1567   -0.15666
   6.    47   D 1 - 3 S 5 ; D 1 S 2 D 3  END                                            0.1141   -0.11414
   7.   113   D 1 S 2 D 3 ; D 1 - 3 S 6  END                                            0.1042   -0.10417
   8.   163   S 1 D 2 - 3 ; D 1 - 3 S 5  END                                            0.1042    0.10417
   9.    49   D 1 - 3 S 5 ; S 1 D 2 - 3  END                                            0.1041    0.10411
  10.    48   D 1 - 3 S 6 ; D 1 S 2 D 3  END                                            0.1041   -0.10411
  11.    50   D 1 - 3 S 6 ; S 1 D 2 - 3  END                                            0.0787    0.07873
  12.     3   D 1 - 3 S 4 ; S 1 D 2 - 3  END                                            0.0778   -0.07779
  13.    46   D 1 - 3 S 6 ; D 1 - 2 S 3  END                                            0.0778    0.07779
  14.     1   D 1 - 3 S 4 ; D 1 - 2 S 3  END                                            0.0754    0.07539
  15.   112   D 1 S 2 D 3 ; D 1 - 3 S 5  END                                            0.0739   -0.07388
  16.   411   D 1 - 2 S 3 - 5 ; D 1 S 2 - 4  END                                        0.0727   -0.01360 -0.02844 -0.00213  0.00299
                                                                                                  0.00402  0.03771 -0.04369 -0.02954
                                                                                                 -0.00728
  17.     7   D 1 S 2 D 3 - 4 ; D 1 - 2 S 3  END                                        0.0701   -0.07013
  18.    28   D 1 - 3 S 4 ; D 1 - 2 S 5  END                                            0.0701    0.07013
  19.    51   D 1 - 2 S 3 D 4 ; D 1 - 2 S 4  END                                        0.0661   -0.06609
  20.    36   D 1 - 3 S 4 ; S 1 D 2 S 3 - 4  END                                        0.0548   -0.04795  0.00933 -0.02484
  21.    70   D 1 - 2 S 3 - 4 S 6 ; D 1 - 2 S 3  END                                    0.0548   -0.03187 -0.00205 -0.04454
  22.    32   D 1 - 3 S 4 ; D 1 S 2 - 3 S 6  END                                        0.0523   -0.01373  0.02601 -0.04326
  23.   156   S 1 D 2 - 3 S 4 - 5 ; D 1 - 2 S 3  END                                    0.0523    0.02764 -0.03585  0.02623
  24.   703   D 1 S 2 - 4 ; D 1 - 2 S 3 - 5  END                                        0.0489    0.00101  0.02182  0.01987  0.01209
                                                                                                  0.01669  0.01521  0.00468 -0.02888
                                                                                                  0.00238
  25.    54   D 1 - 2 S 3 D 4 ; D 1 S 2 - 4  END                                        0.0470    0.01494 -0.03174 -0.03122
  26.   405   D 1 - 2 S 3 - 5 ; D 1 - 2 S 4  END                                        0.0470    0.03547 -0.00391 -0.03053
  27.   445   D 1 - 2 S 3 ; D 1 - 2 S 3 - 5  END                                        0.0449    0.00340 -0.01972  0.04025
  28.   120   D 1 S 2 - 4 ; D 1 - 3 S 4  END                                            0.0449    0.02470 -0.03478  0.01416
  29.   162   S 1 D 2 - 3 ; D 1 - 3 S 4  END                                            0.0446    0.04456
  30.    77   D 1 - 2 S 3 ; D 1 - 3 S 6  END                                            0.0446    0.04456
  31.    15   D 1 - 4 S 5 ; D 1 S 3  END                                                0.0420    0.04200
  32.   243   D 1 - 3 S 4 D 5 ; D 1 S 2  END                                            0.0420    0.04200
  33.   516   D 1 - 2 S 4 ; D 1 S 2 D 3 - 4  END                                        0.0412    0.04124
  34.  2079   D 1 - 2 S 5 ; D 1 - 2 S 3 D 4  END                                        0.0412    0.04124
  35.   606   D 1 S 2 D 3 S 4 - 5 ; D 1 S 2 - 4  END                                    0.0400   -0.01459 -0.01662 -0.00858 -0.02216
                                                                                                 -0.00375  0.01518 -0.01484 -0.00874
                                                                                                  0.00271
  36.   412   D 1 - 2 S 3 - 5 ; D 1 S 2 - 3 S 5  END                                    0.0400    0.00974  0.01850  0.01536  0.01901
                                                                                                  0.00508 -0.01622  0.01039  0.01308
                                                                                                  0.00020
  37.    13   D 1 - 4 S 5 ; D 1 S 2  END                                                0.0387    0.03866
  38.    38   D 1 - 3 S 4 ; S 1 D 2 S 3 S 6  END                                        0.0374   -0.01760  0.01662 -0.02852
  39.   157   S 1 D 2 - 3 S 4 S 6 ; D 1 - 2 S 3  END                                    0.0374   -0.02132  0.01925 -0.02397
  40.   507   D 1 - 2 S 4 ; D 1 - 2 S 3 D 4  END                                        0.0371    0.03708
  41.   246   D 1 - 3 S 4 ; D 1 S 2 D 4  END                                            0.0362    0.03622
  42.    78   D 1 - 2 D 4 S 5 ; D 1 - 2 S 3  END                                        0.0362    0.03622
  43.   313   D 1 - 3 S 5 ; D 1 S 2 - 3 S 5  END                                        0.0338    0.00555  0.03327 -0.00220
  44.   107   D 1 S 2 D 3 S 4 - 5 ; D 1 S 2 D 3  END                                    0.0338    0.01574  0.02607 -0.01467
  45.   426   D 1 - 2 S 3 - 4 S 6 ; S 1 D 2 S 3 - 4  END                                0.0338   -0.00162  0.00321 -0.00052 -0.00147
                                                                                                 -0.00877 -0.02228  0.01891  0.01392
                                                                                                 -0.00090
  46.  1040   S 1 D 2 S 3 - 4 ; D 1 - 2 S 3 - 4 S 6  END                                0.0330   -0.00130 -0.01750 -0.01564 -0.01366
                                                                                                 -0.00372 -0.00541 -0.00857  0.01462
                                                                                                 -0.00435
  47.   712   D 1 S 2 - 4 ; D 1 S 2 D 3 S 4 - 5  END                                    0.0325    0.00604 -0.00271  0.00284  0.02535
                                                                                                 -0.00030 -0.00117 -0.01755  0.00739
                                                                                                  0.00053
  48.  2562   D 1 S 2 - 3 S 5 ; D 1 - 2 S 3 - 5  END                                    0.0325    0.00620 -0.00059  0.00029  0.02590
                                                                                                 -0.00189  0.00051 -0.01677  0.00724
                                                                                                 -0.00339
  49.   462   D 1 - 2 S 3 ; S 1 D 2 - 4  END                                            0.0318   -0.03185
  50.   534   D 1 - 2 S 6 ; D 1 - 3 S 4  END                                            0.0318    0.03185
  51.   432   D 1 - 2 S 3 - 4 S 6 ; S 1 - 2 D 3 S 4  END                                0.0308   -0.00277 -0.01755 -0.01247 -0.01325
                                                                                                 -0.00749 -0.00779 -0.00313  0.01280
                                                                                                 -0.00335
  52.  1866   D 1 - 2 S 3 S 5 - 6 ; S 1 D 2 S 3 - 4  END                                0.0308   -0.00412 -0.01608 -0.01256 -0.01337
                                                                                                 -0.00780 -0.00668 -0.00330  0.01401
                                                                                                 -0.00489
  53.   943   S 1 D 2 - 3 S 4 - 5 ; D 1 S 2 - 3 S 5  END                                0.0303   -0.01083 -0.01076 -0.00751 -0.01787
                                                                                                 -0.00387  0.01171 -0.00941 -0.00799
                                                                                                  0.00263
  54.   608   D 1 S 2 D 3 S 4 - 5 ; D 1 S 2 - 3 S 6  END                                0.0303    0.00850  0.01275  0.01107  0.01574
                                                                                                  0.00374 -0.01242  0.00639  0.01008
                                                                                                 -0.00209
  55.   309   D 1 - 3 S 6 ; D 1 - 2 S 4  END                                            0.0284    0.02836
  56.     6   D 1 - 2 S 3 D 4 ; S 1 D 2 - 3  END                                        0.0284   -0.02836
  57.  2093   D 1 - 2 S 5 ; D 1 S 2 D 3 - 4  END                                        0.0283    0.02835
  58.   417   D 1 - 2 S 3 - 5 ; D 1 D 3 S 4  END                                        0.0265   -0.01283  0.02241  0.00595
  59.  1831   D 1 - 2 S 3 D 5 ; D 1 S 2 - 4  END                                        0.0265   -0.01115 -0.00545  0.02342
  60.   446   D 1 - 2 S 3 ; D 1 - 2 S 3 - 4 S 6  END                                    0.0265   -0.00736  0.01743  0.01854
  61.   171   S 1 D 2 S 3 - 4 ; D 1 - 3 S 4  END                                        0.0265   -0.02090  0.00255  0.01607
  62.    91   D 1 S 2 D 3 - 4 ; D 1 S 2 - 3 S 5  END                                    0.0260   -0.00732  0.02142  0.01286
  63.   601   D 1 S 2 D 3 S 4 - 5 ; D 1 - 2 S 5  END                                    0.0260   -0.01816 -0.00340  0.01834
  64.    57   D 1 - 2 S 3 D 4 ; D 1 D 3 S 4  END                                        0.0252   -0.02523
  65.  1815   D 1 - 2 S 3 D 5 ; D 1 - 2 S 4  END                                        0.0252   -0.02523
  66.  2576   D 1 S 2 - 3 S 5 ; D 1 S 2 D 3 S 4 - 5  END                                0.0249    0.00223  0.00926  0.00962  0.01687
                                                                                                  0.00164  0.00702 -0.00345 -0.00884
                                                                                                  0.00320
  67.  1062   S 1 D 2 S 3 S 5 ; D 1 - 3 S 4  END                                        0.0240   -0.01250  0.01721 -0.01118
  68.   455   D 1 - 2 S 3 ; D 1 S 2 D 3 S 4 S 6  END                                    0.0240    0.00518 -0.01204  0.02014
  69.   143   S 1 D 2 - 4 ; D 1 S 2 - 3 S 6  END                                        0.0238    0.00740 -0.01948 -0.01159
  70.   938   S 1 D 2 - 3 S 4 - 5 ; D 1 - 2 S 6  END                                    0.0238    0.01618  0.00281 -0.01729
  71.   639   D 1 S 2 D 3 ; D 1 - 2 S 3 D 4  END                                        0.0237   -0.02368
  72.    85   D 1 - 2 S 4 ; D 1 - 3 S 5  END                                            0.0237    0.02368
  73.    52   D 1 - 2 S 3 D 4 ; D 1 - 2 S 5  END                                        0.0236    0.02362
  74.    87   D 1 S 2 D 3 - 4 ; D 1 - 2 S 4  END                                        0.0236   -0.02362
  75.  1847   D 1 - 2 S 3 D 5 ; D 1 D 3 S 4  END                                        0.0232   -0.02322
  76.   414   D 1 - 2 S 3 - 4 S 6 ; D 1 S 2 - 4  END                                    0.0230    0.01386  0.00561  0.00383  0.01247
                                                                                                  0.00275 -0.00729  0.00130  0.00856
                                                                                                  0.00121
  77.   423   D 1 - 2 S 3 - 5 ; S 1 D 2 S 3 - 4  END                                    0.0230   -0.00876 -0.00918 -0.00463 -0.01216
                                                                                                 -0.00302  0.00391 -0.00086 -0.01312
                                                                                                  0.00180
  78.    27   D 1 - 3 S 4 ; D 1 - 2 S 4  END                                            0.0229    0.02291
  79.     4   D 1 - 2 S 3 D 4 ; D 1 - 2 S 3  END                                        0.0229    0.02291
  80.    72   D 1 - 2 S 3 - 4 S 6 ; D 1 S 2 D 3  END                                    0.0224   -0.01794 -0.01332  0.00128
  81.   324   D 1 - 3 S 5 ; S 1 D 2 S 3 - 4  END                                        0.0224   -0.01121 -0.01808 -0.00696
  82.   713   D 1 S 2 - 4 ; D 1 S 2 D 3 S 4 S 6  END                                    0.0222    0.00112  0.01131  0.00440  0.01031
                                                                                                  0.01086  0.00284 -0.00346 -0.01010
                                                                                                 -0.00018
  83.  3494   S 1 D 2 S 3 S 5 ; D 1 - 2 S 3 - 5  END                                    0.0222   -0.00096 -0.01028 -0.00504 -0.01041
                                                                                                 -0.01167 -0.00251  0.00332  0.00995
                                                                                                 -0.00129
  84.   253   D 1 - 3 S 4 - 6 ; D 1 S 3  END                                            0.0222   -0.00648  0.01962  0.00803
  85.   270   D 1 - 3 S 4 D 5 ; S 1 - 3  END                                            0.0222    0.01365  0.00539 -0.01662
  86.    20   D 1 - 4 S 6 ; S 1 - 3  END                                                0.0220   -0.01657 -0.01332  0.00573
  87.   262   D 1 - 3 S 4 - 6 ; S 1 D 2  END                                            0.0220    0.00712  0.01999  0.00584
  88.   330   D 1 - 3 S 5 ; S 1 - 2 D 3 S 4  END                                        0.0217   -0.01904  0.00459 -0.00942
  89.   451   D 1 - 2 S 3 S 5 - 6 ; D 1 S 2 D 3  END                                    0.0217   -0.01188 -0.00048 -0.01819
  90.   945   S 1 D 2 - 3 S 4 S 6 ; D 1 S 2 - 4  END                                    0.0210    0.01335  0.00711  0.00185  0.00876
                                                                                                  0.00507 -0.00701  0.00586 -0.00176
                                                                                                  0.00423
  91.   425   D 1 - 2 S 3 - 5 ; S 1 D 2 S 3 S 6  END                                    0.0210   -0.00153 -0.01527 -0.00619 -0.00665
                                                                                                 -0.00578  0.00093 -0.00288 -0.00881
                                                                                                  0.00086
  92.   454   D 1 - 2 S 3 ; D 1 S 2 D 3 S 4 - 5  END                                    0.0208   -0.00514  0.00615  0.01916
  93.   726   D 1 S 2 - 3 S 5 ; D 1 - 3 S 4  END                                        0.0208    0.01683 -0.00938 -0.00775
  94.   315   D 1 - 3 S 6 ; D 1 S 2 - 4  END                                            0.0207    0.00335  0.01860 -0.00856
  95.    73   D 1 - 2 S 3 - 5 ; S 1 D 2 - 3  END                                        0.0207    0.00290  0.01892 -0.00800
  96.  1048   S 1 D 2 S 3 - 4 ; D 1 S 2 D 3 S 4 - 5  END                                0.0207   -0.00060 -0.00886 -0.00650 -0.01118
                                                                                                 -0.00884 -0.00304  0.00230  0.00939
                                                                                                  0.00137
  97.  2563   D 1 S 2 - 3 S 5 ; D 1 - 2 S 3 - 4 S 6  END                                0.0207    0.00099  0.00827  0.00716  0.01092
                                                                                                  0.00905  0.00228 -0.00267 -0.00973
                                                                                                 -0.00031
  98.  1882   D 1 - 2 S 3 S 5 - 6 ; S 1 - 2 D 3 S 4  END                                0.0207   -0.00137 -0.00347 -0.00338 -0.00558
                                                                                                 -0.00380 -0.01324  0.00838  0.01005
                                                                                                 -0.00334
  99.    86   D 1 - 2 S 4 ; D 1 - 3 S 6  END                                            0.0206    0.02061
 100.   975   S 1 D 2 - 3 ; D 1 - 2 S 3 D 4  END                                        0.0206    0.02061




 POSITION OF FIRST SPIN COUPLING FOR TEN MOST IMPORTANT CONFIGURATIONS
      67      2    127    193    128     69    195    293     71     70



 ********************************
 RESULTS FOR ROOT   03
 TOTAL CI ENERGY =   -260.7769411
 ********************************

       CONF.                                                                           COEFF.
        NO.        SPACE ORBITAL PRODUCTS                                             CONTRIB.      CI COEFFICIENTS

       -----       ----------------------                                             --------   ---------------------
   1.    27   D 1 - 3 S 4 ; D 1 - 2 S 4  END                                            0.4625   -0.46254
   2.     4   D 1 - 2 S 3 D 4 ; D 1 - 2 S 3  END                                        0.4625   -0.46254
   3.    75   D 1 - 2 S 3 ; D 1 - 3 S 4  END                                            0.2640   -0.26396
   4.    84   D 1 - 2 S 4 ; D 1 - 3 S 4  END                                            0.1807    0.18073
   5.   444   D 1 - 2 S 3 ; D 1 - 2 S 3 D 4  END                                        0.1807    0.18073
   6.    30   D 1 - 3 S 4 ; D 1 S 2 - 4  END                                            0.1579    0.13231 -0.06420  0.05747
   7.    69   D 1 - 2 S 3 - 5 ; D 1 - 2 S 3  END                                        0.1579   -0.06077  0.01361 -0.14509
   8.    47   D 1 - 3 S 5 ; D 1 S 2 D 3  END                                            0.1312    0.13123
   9.    51   D 1 - 2 S 3 D 4 ; D 1 - 2 S 4  END                                        0.1256   -0.12561
  10.     2   D 1 - 3 S 4 ; D 1 S 2 D 3  END                                            0.1223   -0.12225
  11.    45   D 1 - 3 S 5 ; D 1 - 2 S 3  END                                            0.1222   -0.12225
  12.   405   D 1 - 2 S 3 - 5 ; D 1 - 2 S 4  END                                        0.1083    0.00330 -0.07224 -0.08058
  13.    54   D 1 - 2 S 3 D 4 ; D 1 S 2 - 4  END                                        0.1083    0.09874  0.00008 -0.04441
  14.    71   D 1 - 2 S 3 - 5 ; D 1 S 2 D 3  END                                        0.0934    0.06380  0.06796 -0.00629
  15.   312   D 1 - 3 S 5 ; D 1 S 2 - 4  END                                            0.0934   -0.04817 -0.07901 -0.01285
  16.    31   D 1 - 3 S 4 ; D 1 S 2 - 3 S 5  END                                        0.0877   -0.02878  0.02898 -0.07757
  17.   105   D 1 S 2 D 3 S 4 - 5 ; D 1 - 2 S 3  END                                    0.0877   -0.05926  0.05054 -0.04023
  18.   112   D 1 S 2 D 3 ; D 1 - 3 S 5  END                                            0.0816    0.08162
  19.   111   D 1 S 2 D 3 ; D 1 - 3 S 4  END                                            0.0786    0.07857
  20.    76   D 1 - 2 S 3 ; D 1 - 3 S 5  END                                            0.0786   -0.07857
  21.   164   S 1 D 2 - 3 ; D 1 - 3 S 6  END                                            0.0733   -0.07333
  22.    78   D 1 - 2 D 4 S 5 ; D 1 - 2 S 3  END                                        0.0676   -0.06765
  23.   246   D 1 - 3 S 4 ; D 1 S 2 D 4  END                                            0.0676   -0.06765
  24.   121   D 1 S 2 - 4 ; D 1 - 3 S 5  END                                            0.0652    0.03371 -0.03513 -0.04341
  25.   640   D 1 S 2 D 3 ; D 1 - 2 S 3 - 5  END                                        0.0652    0.04076 -0.01754 -0.04781
  26.    37   D 1 - 3 S 4 ; S 1 D 2 S 3 S 5  END                                        0.0652    0.04675 -0.02717  0.03647
  27.   106   D 1 S 2 D 3 S 4 S 6 ; D 1 - 2 S 3  END                                    0.0652   -0.03255  0.01713 -0.05386
  28.   120   D 1 S 2 - 4 ; D 1 - 3 S 4  END                                            0.0603   -0.01217  0.02874 -0.05154
  29.   445   D 1 - 2 S 3 ; D 1 - 2 S 3 - 5  END                                        0.0603   -0.03259  0.04318 -0.02653
  30.    74   D 1 - 2 S 3 - 4 S 6 ; S 1 D 2 - 3  END                                    0.0598   -0.03575 -0.04691  0.00966
  31.   327   D 1 - 3 S 6 ; S 1 D 2 S 3 - 4  END                                        0.0598    0.02614  0.05370  0.00210
  32.   468   D 1 - 2 D 4 S 5 ; D 1 - 2 S 4  END                                        0.0578   -0.05775
  33.   345   D 1 - 2 S 3 D 4 ; D 1 S 2 D 4  END                                        0.0578   -0.05775
  34.     1   D 1 - 3 S 4 ; D 1 - 2 S 3  END                                            0.0561    0.05611
  35.    38   D 1 - 3 S 4 ; S 1 D 2 S 3 S 6  END                                        0.0560    0.02704 -0.02383  0.04285
  36.   157   S 1 D 2 - 3 S 4 S 6 ; D 1 - 2 S 3  END                                    0.0560    0.03277 -0.02788  0.03584
  37.    50   D 1 - 3 S 6 ; S 1 D 2 - 3  END                                            0.0559   -0.05587
  38.   247   D 1 - 3 S 4 ; D 1 S 2 S 4 - 5  END                                        0.0478    0.02272  0.00750 -0.04142
  39.   114   D 1 S 2 - 3 D 4 S 5 ; D 1 - 2 S 3  END                                    0.0478   -0.02271  0.03962  0.01422
  40.   173   S 1 D 2 S 3 - 4 ; D 1 - 3 S 6  END                                        0.0467   -0.02427  0.02080  0.03403
  41.   977   S 1 D 2 - 3 ; D 1 - 2 S 3 - 4 S 6  END                                    0.0467   -0.02950  0.01722  0.03182
  42.    49   D 1 - 3 S 5 ; S 1 D 2 - 3  END                                            0.0455    0.04548
  43.    48   D 1 - 3 S 6 ; D 1 S 2 D 3  END                                            0.0455   -0.04548
  44.  1719   D 1 - 2 S 3 - 5 ; D 1 S 2 D 4  END                                        0.0449   -0.02070 -0.03517 -0.01881
  45.   474   D 1 - 2 D 4 S 5 ; D 1 S 2 - 4  END                                        0.0449    0.03884  0.02235 -0.00340
  46.    55   D 1 - 2 S 3 D 4 ; D 1 S 2 - 3 S 5  END                                    0.0445    0.01618  0.02598 -0.03229
  47.   600   D 1 S 2 D 3 S 4 - 5 ; D 1 - 2 S 4  END                                    0.0445   -0.00872  0.04359 -0.00179
  48.   531   D 1 - 2 S 5 ; D 1 - 3 S 4  END                                            0.0435    0.04354
  49.   453   D 1 - 2 S 3 ; D 1 S 2 D 3 - 4  END                                        0.0435    0.04354
  50.   507   D 1 - 2 S 4 ; D 1 - 2 S 3 D 4  END                                        0.0434   -0.04344
  51.   702   D 1 S 2 - 4 ; D 1 - 2 S 3 D 4  END                                        0.0428   -0.01535 -0.03681 -0.01565
  52.   508   D 1 - 2 S 4 ; D 1 - 2 S 3 - 5  END                                        0.0428   -0.03525 -0.02273  0.00872
  53.   346   D 1 - 2 S 3 D 4 ; D 1 S 2 S 4 - 5  END                                    0.0412    0.00101  0.02393 -0.03357
  54.   663   D 1 S 2 - 3 D 4 S 5 ; D 1 - 2 S 4  END                                    0.0412   -0.01579  0.03581 -0.01300
  55.    28   D 1 - 3 S 4 ; D 1 - 2 S 5  END                                            0.0407   -0.04067
  56.     7   D 1 S 2 D 3 - 4 ; D 1 - 2 S 3  END                                        0.0407    0.04067
  57.   423   D 1 - 2 S 3 - 5 ; S 1 D 2 S 3 - 4  END                                    0.0400   -0.00506  0.01366  0.01152 -0.01963
                                                                                                  0.01316  0.01125  0.01070 -0.02084
                                                                                                 -0.00427
  58.   414   D 1 - 2 S 3 - 4 S 6 ; D 1 S 2 - 4  END                                    0.0400    0.00109 -0.00567 -0.00797  0.01558
                                                                                                 -0.01664 -0.01068 -0.01644  0.02440
                                                                                                 -0.00122
  59.    87   D 1 S 2 D 3 - 4 ; D 1 - 2 S 4  END                                        0.0395   -0.03949
  60.    52   D 1 - 2 S 3 D 4 ; D 1 - 2 S 5  END                                        0.0395    0.03949
  61.  1039   S 1 D 2 S 3 - 4 ; D 1 - 2 S 3 - 5  END                                    0.0392    0.00823  0.00617  0.01377  0.02737
                                                                                                  0.00056 -0.01632 -0.00017  0.01199
                                                                                                 -0.00887
  62.   704   D 1 S 2 - 4 ; D 1 - 2 S 3 - 4 S 6  END                                    0.0392   -0.00897 -0.00360 -0.01125 -0.02964
                                                                                                 -0.00197  0.01511 -0.00304 -0.01132
                                                                                                  0.00808
  63.    33   D 1 - 3 S 4 ; D 1 D 3 S 4  END                                            0.0389    0.03891
  64.   441   D 1 - 2 S 3 D 5 ; D 1 - 2 S 3  END                                        0.0389    0.03891
  65.    17   D 1 - 4 S 5 ; S 1 D 2  END                                                0.0379   -0.03792
  66.    14   D 1 - 4 S 6 ; D 1 S 2  END                                                0.0379    0.03792
  67.   163   S 1 D 2 - 3 ; D 1 - 3 S 5  END                                            0.0346    0.03456
  68.   113   D 1 S 2 D 3 ; D 1 - 3 S 6  END                                            0.0346   -0.03456
  69.   139   S 1 D 2 - 4 ; D 1 - 2 S 5  END                                            0.0328   -0.03276
  70.    89   D 1 S 2 D 3 - 4 ; D 1 - 2 S 6  END                                        0.0328    0.03276
  71.  1824   D 1 - 2 S 3 ; D 1 - 2 D 4 S 5  END                                        0.0326   -0.03264
  72.   123   D 1 S 2 D 4 ; D 1 - 3 S 4  END                                            0.0326    0.03264
  73.   603   D 1 S 2 D 3 S 4 S 6 ; D 1 - 2 S 4  END                                    0.0325   -0.00747 -0.01273 -0.02898
  74.    61   D 1 - 2 S 3 D 4 ; S 1 D 2 S 3 S 5  END                                    0.0325    0.03216 -0.00472 -0.00125
  75.   307   D 1 - 3 S 5 ; D 1 - 2 S 5  END                                            0.0316   -0.03163
  76.     8   D 1 S 2 D 3 - 4 ; D 1 S 2 D 3  END                                        0.0316    0.03163
  77.   606   D 1 S 2 D 3 S 4 - 5 ; D 1 S 2 - 4  END                                    0.0314    0.00766 -0.00124 -0.02106 -0.00423
                                                                                                  0.00592  0.01647 -0.00945 -0.00821
                                                                                                 -0.00128
  78.   412   D 1 - 2 S 3 - 5 ; D 1 S 2 - 3 S 5  END                                    0.0314    0.00263  0.00061  0.00167  0.01243
                                                                                                 -0.01111 -0.01073  0.02105 -0.00099
                                                                                                 -0.01180
  79.   115   D 1 S 2 - 3 D 4 S 6 ; D 1 - 2 S 3  END                                    0.0297   -0.01674 -0.01108 -0.02185
  80.   265   D 1 - 3 S 4 ; S 1 D 2 S 4 - 5  END                                        0.0297    0.02864  0.00267  0.00727
  81.   454   D 1 - 2 S 3 ; D 1 S 2 D 3 S 4 - 5  END                                    0.0296    0.01592 -0.00840  0.02356
  82.   726   D 1 S 2 - 3 S 5 ; D 1 - 3 S 4  END                                        0.0296    0.02058 -0.01170  0.01785
  83.   411   D 1 - 2 S 3 - 5 ; D 1 S 2 - 4  END                                        0.0294   -0.00245 -0.00900 -0.00364  0.01084
                                                                                                 -0.00196 -0.01904 -0.00404  0.01313
                                                                                                 -0.00970
  84.   464   D 1 - 2 S 3 ; S 1 D 2 - 3 S 4 S 6  END                                    0.0290   -0.01775  0.01131 -0.02001
  85.  1065   S 1 D 2 S 3 S 6 ; D 1 - 3 S 4  END                                        0.0290   -0.01693  0.01073 -0.02103
  86.    90   D 1 S 2 D 3 - 4 ; D 1 S 2 - 4  END                                        0.0290   -0.01827 -0.01964 -0.01113
  87.   406   D 1 - 2 S 3 - 5 ; D 1 - 2 S 5  END                                        0.0290   -0.02444 -0.01528 -0.00358
  88.    70   D 1 - 2 S 3 - 4 S 6 ; D 1 - 2 S 3  END                                    0.0279    0.00096 -0.01769  0.02159
  89.    36   D 1 - 3 S 4 ; S 1 D 2 S 3 - 4  END                                        0.0279    0.00960 -0.02381  0.01100
  90.    57   D 1 - 2 S 3 D 4 ; D 1 D 3 S 4  END                                        0.0278    0.02782
  91.  1815   D 1 - 2 S 3 D 5 ; D 1 - 2 S 4  END                                        0.0278    0.02782
  92.     6   D 1 - 2 S 3 D 4 ; S 1 D 2 - 3  END                                        0.0273   -0.02729
  93.   309   D 1 - 3 S 6 ; D 1 - 2 S 4  END                                            0.0273    0.02729
  94.   408   D 1 - 2 S 3 - 4 S 6 ; D 1 - 2 S 4  END                                    0.0273   -0.02585  0.00317  0.00813
  95.    60   D 1 - 2 S 3 D 4 ; S 1 D 2 S 3 - 4  END                                    0.0273   -0.00048 -0.01476 -0.02293
  96.   318   D 1 - 3 S 5 ; D 1 D 3 S 4  END                                            0.0270   -0.02704
  97.   450   D 1 - 2 S 3 D 5 ; D 1 S 2 D 3  END                                        0.0270   -0.02704
  98.   666   D 1 S 2 - 3 D 4 S 6 ; D 1 - 2 S 4  END                                    0.0259   -0.01378 -0.00159 -0.02189
  99.   364   D 1 - 2 S 3 D 4 ; S 1 D 2 S 4 - 5  END                                    0.0259    0.02321 -0.00508  0.01034
 100.  1040   S 1 D 2 S 3 - 4 ; D 1 - 2 S 3 - 4 S 6  END                                0.0257   -0.00223  0.00226 -0.00918 -0.00936
                                                                                                  0.00555  0.01394 -0.00989 -0.00972
                                                                                                  0.00786




 POSITION OF FIRST SPIN COUPLING FOR TEN MOST IMPORTANT CONFIGURATIONS
      31      4    127    136   1050     34    109     69     73      2



 ELAPSED TIME =       7.07 CPU SECONDS. (      7.07 WALL CLOCK SECONDS)
