 ************************************************************************
 * CISTAR - CONFIGURATION INTERACTION/PERTURBATION THEORY PROGRAM       *
 * QUANTUM CHEMISTRY GROUP - INDIANA UNIVERSITY -  5Apr 2016  22:44:56  *
 ************************************************************************



 THE TRANSFORMED INTEGRALS ARE TITLED: dumm                                    
 THE FILE IS DATED:                      5Apr 2016  22:44:39 
 THE NUMBER OF ORBITALS FROM FILE 16 IS  12.


                         CI RUN TITLE
                         -- --- -----
 )* H2O  -SINGLET A1-  STO-3G HF SD-CI TEST CASE *


 ) $
 ) $ GENERAL OPTIONS LIST INPUT
 ) $
 )FULLCI      $ REQUEST UP TO SD EXCITATIONS FROM THESE CONFIGURATIONs
 )ISYMMETRY=1     $ SPECIFY Ag OVERALL SYMMETRY
 )MULTIPLICITY=1  $ SPECIFY SPIN MULTIPLICITY
 )END
 TIME TO PROCESS FORMULA FILE = 0.0 CPU SEC. ( 0.0 WALL CLOCK SEC.)

            THE HARTREE-FOCK CONFIGURATION
            --- ------------ -------------
 ) $
 ) $ SPECIFY THE HARTREE-FOCK CONFIGURATION
 ) $
 ) D 1 - 3 ; D 1 - 3  END $1Ag

               INTERNALLY GENERATED ORBITAL SETS (FULL-CI)
               ---------- --------- ------- --------------
 MIN. MAX.
 OCC. OCC.
   0  12   000111000111
   0  12   111000111000

     36904 SPACE ORBITAL PRODUCTS (   110804 SPIN-ADAPTED CONFIGURATIONS)
 WERE GENERATED IN     0.0 CPU SECONDS.
 TIME IN DIAGC    0.0


 THE TOTAL NUMBER OF SPACE ORBITAL PRODUCTS IS          36904
 THE TOTAL NUMBER OF SPIN-ADAPTED CONFIGURATIONS IS    110804
 THE MAX. NUMBER OF SPIN COUPLINGS IN A S.O.P. IS   14
 THERE WILL BE         2 INTEGRAL LOADS UTILIZING  79995967 WORDS OF MEMORY.
 writ50, first, nrec= T       15872
 A TOTAL OF  8815452 NONZERO S.O.P. PAIRS WERE FOUND.
 TIME TO FIND (I,J) PAIRS =    2.84 CPU SECONDS.
 THE VALUE OF THE H(1,1) ELEMENT IS  -262.9006699

          HAMILTONIAN MATRIX STORAGE DATA
 I/O   NO. OF    NO. OF     FILE SIZE    PERCENT NONZERO
 FILE  RECORDS   ELEMENTS   (IN BYTES)    IN ALL BLOCKS
  12         4     221608      1772884
  13       248     238300      3968992
  17     13524   53738936    243322896      66.1
  18      1174    9361601    112708696
  19       978    7792075     78243912
  20      1848   14735162    118279392
 TOTAL ELAPSED TIME =     7.8 CPU SECONDS AND        7.8 WALL CLOCK SECONDS.
