 ************************************************************************
 * RTSIM - DAVIDSON METHOD SPARSE MATRIX EIGENVALUE/EIGENVECTOR PROGRAM *
 * QUANTUM CHEMISTRY GROUP - INDIANA UNIVERSITY - 30Aug 2010  22:27:51  *
 ************************************************************************



                 DIAGONALIZATION RUN TITLE
                 -------------------------
 )* WATER TEST *



 ) DAVIDSON
 ) LAST=2
 ) COEFF
 ) NOVLP
 ) MAXITR=1000 END

 THE CI MATRIX IS TITLED:  H2O  -SINGLET A1-  STO-3G HF SD-CI TEST
 THE MATRIX IS DATED:     30Aug 2010  22:27:38 
 THE SPIN MULTIPLICITY IS 3 AND THE DIMENSION IS  66779.

 ROOTS  1 THROUGH  2 WILL BE OBTAINED.

  
  
  
 AMOUNT OF CORE AVAILABLE                      30000000
 MAXIMUM NUMBER OF VECTORS PER ITERATION              2
 MAXIMUM NUMBER OF VECTORS ON DISK                   16
 NUMBER OF SOLUTIONS SOUGHT                           2
 NUMBER OF SOLUTIONS INVESTIGATED                     2
 SIZE OF MATRIX DIAGONALISED                      66779
  
  
 INITIAL GUESS AT ROOTS (OBTAINED FROM DIAGONAL ELEMENTS OF HAMILTONIAN MATRIX)

                1        -875.76119
                4        -872.47022


 ITERATION       ROOT           EIGENVALUE          NORM OF RESIDUAL
     1             1          -875.84842491              6.52644
     1             2          -872.38298025              6.85067
     2             1          -878.48866851              7.33371
     2             2          -873.11500415             11.54906
     2             1          -878.48866851              3.14289
     2             2          -873.11500415              6.50434
     3             1          -878.97724284              4.15922
     3             2          -875.42852461             18.11485
     3             1          -878.97724284              1.47982
     3             2          -875.42852461              4.94097
     4             1          -879.08755448              2.58864
     4             2          -876.88793737              8.94445
     4             1          -879.08755448              0.74777
     4             2          -876.88793737              2.23880
     5             1          -879.11299270              1.38008
     5             2          -877.15565218              4.42691
     5             1          -879.11299270              0.36200
     5             2          -877.15565218              1.13493
     6             1          -879.11872575              0.70145
     6             2          -877.23793875              3.49366
     6             1          -879.11872575              0.17423
     6             2          -877.23793875              0.68917
     7             1          -879.12011971              0.38162
     7             2          -877.26544483              2.30059
     7             1          -879.12011971              0.09177
     7             2          -877.26544483              0.38452
     8             1          -879.12049148              0.21940
     8             2          -877.27300961              1.23084
  truncating with vlp=false 
 TRUNCATION TO 1 VECTOR PER ROOT HAS BEEN PERFORMED
     8             1          -879.12049148              0.04694
     8             2          -877.27300961              0.21570
     9             1          -879.12056569              0.04604
     9             2          -877.27479026              0.24497
     9             1          -879.12056569              0.02449
     9             2          -877.27479026              0.11543
    10             1          -879.12059729              0.07003
    10             2          -877.27570968              0.44150
    10             1          -879.12059729              0.01400
    10             2          -877.27570968              0.07452
    11             1          -879.12060643              0.04258
    11             2          -877.27604702              0.32982
    11             1          -879.12060643              0.00742
    11             2          -877.27604702              0.04829
    12             1          -879.12060887              0.02155
    12             2          -877.27620361              0.25079
    12             1          -879.12060887              0.00365
    12             2          -877.27620361              0.03258
    13             1          -879.12060946              0.01037
    13             2          -877.27627520              0.17937
    13             1          -879.12060946              0.00169
    13             2          -877.27627520              0.01824
    14             1          -879.12060960              0.00512
    14             2          -877.27629245              0.07204
    14             1          -879.12060960              0.00082
    14             2          -877.27629245              0.00943
    15             1          -879.12060963              0.00242
    15             2          -877.27629760              0.03883
  truncating with vlp=false 
 TRUNCATION TO 1 VECTOR PER ROOT HAS BEEN PERFORMED
    15             1          -879.12060963              0.00032
    15             2          -877.27629760              0.00639
    16             1          -879.12060964              0.00042
    16             2          -877.27629962              0.01278
    16             1          -879.12060964              0.00016
    16             2          -877.27629962              0.00394
    17             1          -879.12060964              0.00049
    17             2          -877.27630136              0.02414
    17             1          -879.12060964              0.00008
    17             2          -877.27630136              0.00368
     ROOT    ITERATION     NUMBER OF PRODUCTS       EIGENVALUE
       1        17                32                -879.1206096371


    18             2          -877.27630242              0.02063
    18             2          -877.27630242              0.00233
    19             2          -877.27630271              0.00879
    19             2          -877.27630271              0.00133
    20             2          -877.27630280              0.00473
    20             2          -877.27630280              0.00078
    21             2          -877.27630284              0.00296
    21             2          -877.27630284              0.00048
    22             2          -877.27630285              0.00213
    22             2          -877.27630285              0.00037
    23             2          -877.27630286              0.00230
    23             2          -877.27630286              0.00023
    24             2          -877.27630286              0.00056
    24             2          -877.27630286              0.00010
    25             2          -877.27630286              0.00033
    25             2          -877.27630286              0.00006
     ROOT    ITERATION     NUMBER OF PRODUCTS       EIGENVALUE
       2        25                40                -877.2763028647


  all roots converged 
  

 ************************************
 COMPLETED CI VECTOR OPTIMISATION
 ************************************





 ********************************
 RESULTS FOR ROOT   01
 TOTAL CI ENERGY =   -879.1206096
 ********************************

       CONF.                                                                           COEFF.
        NO.        SPACE ORBITAL PRODUCTS                                             CONTRIB.      CI COEFFICIENTS

       -----       ----------------------                                             --------   ---------------------
   1.     1   D 1 - 3 S 4 ; D 1 - 3 ; D 1 - 2 S 3 ; D 1 - 2  END                        0.8452   -0.84520
   2.     2   D 1 - 3 ; D 1 - 3 S 4 ; D 1 - 3 ; D 1 S 2  END                            0.2198   -0.21981
   3.     3   D 1 - 3 S 5 ; D 1 - 3 ; D 1 S 2 D 3 ; D 1 - 2  END                        0.1188   -0.11878
   4.     5   D 1 - 3 S 4 ; D 1 - 3 ; D 1 S 2 D 3 ; D 1 - 2  END                        0.0991   -0.09910
   5.     4   D 1 - 3 S 5 ; D 1 - 3 ; D 1 - 2 S 3 ; D 1 - 2  END                        0.0991   -0.09909
   6.     6   D 1 - 3 S 6 ; D 1 - 3 ; S 1 D 2 - 3 ; D 1 - 2  END                        0.0807    0.08070
   7.     7   D 1 - 3 ; D 1 - 3 S 5 ; D 1 - 3 ; S 1 D 2  END                            0.0786    0.07855
   8.     8   D 1 - 3 S 4 ; D 1 - 2 S 3 - 4 ; D 1 - 2 S 3 ; D 1 S 2 - 3  END            0.0781   -0.00947 -0.00305  0.04852 -0.04735
                                                                                                 -0.00400 -0.02887  0.01624  0.00070
                                                                                                  0.01706
   9.    46   D 1 - 3 S 4 ; D 1 - 3 ; D 1 - 2 S 3 ; D 1 S 2 - 3  END                    0.0678    0.06577 -0.00613 -0.01539
  10.    52   D 1 - 3 S 4 ; D 1 - 2 S 3 - 4 ; D 1 - 2 S 3 ; D 1 - 2  END                0.0678   -0.00647 -0.03167  0.05963
  11.    27   D 1 - 4 ; D 1 - 3 S 4 ; D 1 - 2 ; D 1 S 2  END                            0.0678    0.06781
  12.  2954   D 1 - 3 S 4 ; D 1 - 3 ; D 1 - 2 S 4 ; D 1 - 2  END                        0.0531    0.05312
  13.    16   D 1 - 2 S 3 D 4 ; D 1 - 3 ; D 1 - 2 S 3 ; D 1 - 2  END                    0.0531    0.05312
  14.   148   D 1 - 3 S 4 ; D 1 - 4 ; D 1 - 2 S 3 ; D 1  END                            0.0524    0.05237
  15.   741   D 1 - 3 S 4 - 5 ; D 1 - 3 S 4 ; D 1 S 2 - 3 ; D 1 S 2  END                0.0513   -0.00035 -0.00010  0.03814 -0.01185
                                                                                                 -0.00147  0.00367 -0.02027 -0.01863
                                                                                                  0.01627
  16.  3064   D 1 - 2 S 3 ; D 1 - 3 ; D 1 - 3 S 4 ; D 1 - 2  END                        0.0474    0.04739
  17.  3440   D 1 - 2 S 3 - 4 ; D 1 - 3 S 4 ; D 1 - 2 S 3 - 4 ; D 1 S 2  END            0.0465   -0.00267 -0.00070 -0.03051 -0.01537
                                                                                                  0.00205  0.02059  0.02168  0.00424
                                                                                                 -0.00829
  18.   732   D 1 - 3 S 4 ; D 1 - 3 S 4 - 5 ; D 1 - 2 S 3 ; S 1 - 2  END                0.0459   -0.00103  0.00004  0.02876 -0.02026
                                                                                                  0.00060 -0.02771  0.00641  0.00463
                                                                                                  0.00598
  19.   780   D 1 - 3 S 4 - 5 ; D 1 - 2 S 3 ; D 1 S 2 - 3 ; D 1 - 2 S 3  END            0.0440    0.00007 -0.00533 -0.03393  0.01405
                                                                                                 -0.00162 -0.00481  0.01051  0.01911
                                                                                                 -0.00773
  20.    55   D 1 - 3 ; D 1 - 3 S 4 ; D 1 - 3 ; S 1 D 2  END                            0.0425   -0.04251
  21.   592   D 1 - 3 ; D 1 - 3 S 5 ; D 1 - 3 ; D 1 S 2  END                            0.0425    0.04251
  22.   626   D 1 - 2 S 3 - 5 ; D 1 - 3 ; D 1 - 2 S 3 ; D 1 - 2  END                    0.0408    0.00629  0.00416  0.04008
  23.  2961   D 1 - 3 S 4 ; D 1 - 3 ; D 1 S 2 - 4 ; D 1 - 2  END                        0.0408   -0.03678  0.01740 -0.00273
  24.   818   D 1 - 3 S 5 ; D 1 - 2 S 3 - 4 ; D 1 - 2 S 3 ; D 1 - 2  END                0.0407   -0.00308 -0.02514  0.03192
  25.    48   D 1 - 3 S 4 ; D 1 - 3 ; D 1 S 2 D 3 ; D 1 S 2 - 3  END                    0.0407    0.03894 -0.01028 -0.00619
  26.  2950   D 1 - 3 S 4 ; D 1 - 3 ; D 1 - 2 S 3 ; D 1 S 2 S 4  END                    0.0390    0.02189  0.03122 -0.00827
  27.    63   D 1 - 3 S 4 ; D 1 S 2 D 3 S 4 ; D 1 - 2 S 3 ; D 1 - 2  END                0.0390   -0.01526  0.01809  0.03102
  28.    56   D 1 - 3 ; D 1 - 2 S 3 ; D 1 - 3 ; D 1 - 2 S 3  END                        0.0369    0.03692
  29.  4816   D 1 - 2 S 3 - 5 ; D 1 - 3 ; D 1 S 2 - 4 ; D 1 - 2  END                    0.0366    0.00107 -0.00077  0.02322  0.02067
                                                                                                 -0.00043  0.01064 -0.00208 -0.01403
                                                                                                 -0.00771
  30.  3331   D 1 - 3 S 4 ; D 1 S 2 D 3 S 4 ; D 1 - 2 S 3 ; D 1 S 2 S 4  END            0.0366    0.01088  0.00531  0.01728 -0.02392
                                                                                                  0.00515 -0.01696 -0.00158 -0.00009
                                                                                                  0.00245
  31.  3467   D 1 - 2 S 3 - 4 ; D 1 - 2 S 3 ; D 1 - 2 S 3 - 4 ; D 1 - 2 S 3  END        0.0360   -0.00299  0.00039  0.02811  0.01018
                                                                                                 -0.00109 -0.01490 -0.01272 -0.00237
                                                                                                  0.00000
  32.   775   D 1 - 3 S 4 ; D 1 - 2 S 3 S 5 ; D 1 - 2 S 3 ; S 1 D 2 S 3  END            0.0358    0.00365  0.00085 -0.02411  0.01774
                                                                                                  0.00101  0.01624 -0.00904 -0.00113
                                                                                                 -0.00505
  33.  3243   D 1 - 3 S 4 ; D 1 - 2 S 3 - 4 ; D 1 - 2 S 4 ; D 1 - 2  END                0.0357    0.00903  0.02500 -0.02380
  34.    77   D 1 - 2 S 3 D 4 ; D 1 - 3 ; D 1 - 2 S 3 ; D 1 S 2 - 3  END                0.0357   -0.03422  0.00970 -0.00269
  35.   755   D 1 - 3 S 4 S 6 ; D 1 - 3 S 4 ; S 1 D 2 S 3 ; D 1 S 2  END                0.0349    0.00033 -0.00183 -0.02285  0.00848
                                                                                                  0.00045 -0.00268  0.01773  0.01237
                                                                                                 -0.01201
  36.  2973   D 1 - 3 S 4 ; D 1 - 3 ; S 1 D 2 S 3 S 6 ; D 1 - 2  END                    0.0345    0.01886 -0.01685  0.02350
  37.   647   S 1 D 2 - 3 S 4 S 6 ; D 1 - 3 ; D 1 - 2 S 3 ; D 1 - 2  END                0.0345   -0.01753  0.01591 -0.02513
  38.  3010   D 1 - 3 ; D 1 S 2 D 3 ; D 1 - 3 ; D 1 - 2 S 4  END                        0.0342    0.03422
  39.   555   D 1 - 4 S 5 ; D 1 - 3 ; D 1 S 2 ; D 1 - 2  END                            0.0334    0.03342
  40.   787   D 1 - 3 S 4 S 6 ; D 1 - 2 S 3 ; S 1 D 2 S 3 ; D 1 - 2 S 3  END            0.0322   -0.00010  0.00391  0.02431 -0.01080
                                                                                                  0.00095  0.00400 -0.00782 -0.01423
                                                                                                  0.00590
  41.   244   D 1 - 2 S 3 - 4 ; D 1 - 3 S 4 ; D 1 S 2 - 3 ; D 1 - 2 S 3  END            0.0309   -0.00091 -0.00365  0.02459  0.01098
                                                                                                 -0.00078  0.00521  0.00187 -0.01019
                                                                                                 -0.00891
  42.  4395   D 1 - 3 S 4 - 5 ; D 1 - 2 S 3 ; D 1 - 2 S 3 - 4 ; D 1 S 2  END            0.0309   -0.00440 -0.00122  0.02449 -0.00855
                                                                                                 -0.00059 -0.01417  0.00757  0.00069
                                                                                                  0.00097
  43.   188   D 1 - 3 ; D 1 - 3 S 4 ; D 1 - 2 ; D 1 - 2 S 3  END                        0.0303   -0.03035
  44.     9   D 1 - 4 ; D 1 - 2 S 3 ; D 1 - 3 ; D 1 S 2  END                            0.0303   -0.03035
  45.   636   D 1 S 2 D 3 S 4 - 5 ; D 1 - 3 ; D 1 - 2 S 3 ; D 1 - 2  END                0.0299   -0.01226  0.01482 -0.02288
  46.  2962   D 1 - 3 S 4 ; D 1 - 3 ; D 1 S 2 - 3 S 5 ; D 1 - 2  END                    0.0299    0.01578 -0.01731  0.01857
  47.   567   D 1 - 4 S 6 ; D 1 - 3 ; S 1 D 2 ; D 1 - 2  END                            0.0298   -0.02975
  48.   606   D 1 - 3 S 4 ; D 1 S 2 D 3 S 5 ; D 1 - 2 S 3 ; D 1 - 2  END                0.0295    0.00812  0.00110 -0.02837
  49.  2952   D 1 - 3 S 4 ; D 1 - 3 ; D 1 - 2 S 3 ; S 1 D 2 S 4  END                    0.0295    0.02639  0.01110 -0.00724
  50.  3093   D 1 S 2 D 3 ; D 1 - 3 ; D 1 - 3 S 5 ; D 1 - 2  END                        0.0285    0.02852
  51.  1709   D 1 - 3 S 4 - 5 ; D 1 - 3 S 5 ; D 1 S 2 - 3 ; S 1 D 2  END                0.0284    0.00041 -0.00088 -0.02196  0.00767
                                                                                                  0.00019 -0.00265  0.00912  0.01106
                                                                                                 -0.00735
  52.  1719   D 1 - 3 S 4 D 5 ; D 1 - 3 ; D 1 S 3 ; D 1 - 2  END                        0.0282    0.02818
  53.  3122   S 1 D 2 - 3 ; D 1 - 3 ; D 1 - 3 S 6 ; D 1 - 2  END                        0.0282   -0.02816
  54.  3043   D 1 - 2 S 3 D 4 ; D 1 - 3 ; D 1 - 2 S 4 ; D 1 - 2  END                    0.0281   -0.02812
  55.   182   D 1 - 3 S 4 ; D 1 - 2 ; D 1 - 2 S 3 ; D 1 - 3  END                        0.0275    0.02753
  56.  3250   D 1 - 3 S 4 ; D 1 - 2 S 3 - 4 ; D 1 S 2 - 4 ; D 1 - 2  END                0.0274    0.00015  0.00274 -0.02072  0.01300
                                                                                                  0.00124 -0.00473  0.00071  0.00779
                                                                                                 -0.00769
  57.   890   D 1 - 2 S 3 - 5 ; D 1 - 3 ; D 1 - 2 S 3 ; D 1 S 2 - 3  END                0.0274    0.00353 -0.00068 -0.01753 -0.01452
                                                                                                  0.00181  0.01089  0.00959 -0.00026
                                                                                                  0.00225
  58.  4791   D 1 - 2 S 3 - 4 ; D 1 - 3 S 5 ; D 1 - 2 S 3 - 4 ; S 1 D 2  END            0.0273    0.00018  0.00015  0.01996  0.00875
                                                                                                 -0.00108 -0.01203 -0.01066 -0.00230
                                                                                                  0.00265
  59.    40   D 1 - 4 ; D 1 - 2 S 3 ; D 1 - 2 ; D 1 - 2 S 3  END                        0.0271   -0.02707
  60.  2955   D 1 - 3 S 4 ; D 1 - 3 ; D 1 - 2 S 5 ; D 1 - 2  END                        0.0263   -0.02632
  61.    19   D 1 S 2 D 3 - 4 ; D 1 - 3 ; D 1 - 2 S 3 ; D 1 - 2  END                    0.0263   -0.02632
  62.   546   D 1 - 4 ; D 1 - 3 S 5 ; D 1 - 2 ; S 1 D 2  END                            0.0262   -0.02622
  63.   595   D 1 - 3 S 5 ; D 1 - 3 ; S 1 D 2 - 3 ; D 1 - 2  END                        0.0257   -0.02567
  64.   594   D 1 - 3 S 6 ; D 1 - 3 ; D 1 S 2 D 3 ; D 1 - 2  END                        0.0257    0.02567
  65.  3277   D 1 - 3 ; D 1 - 3 S 4 ; D 1 - 2 S 3 - 4 ; D 1 S 2  END                    0.0254   -0.02304 -0.01060  0.00080
  66.    83   D 1 - 2 S 3 - 4 ; D 1 - 3 S 4 ; D 1 - 3 ; D 1 S 2  END                    0.0254    0.01202 -0.02018  0.00958
  67.  3495   D 1 S 2 D 3 S 4 ; D 1 - 3 S 4 ; D 1 - 2 S 3 S 5 ; D 1 S 2  END            0.0247    0.00508  0.00174 -0.01564 -0.00555
                                                                                                  0.00425  0.00849  0.01445  0.00085
                                                                                                 -0.00246
  68.    53   D 1 - 3 S 4 ; D 1 - 2 S 3 - 4 ; D 1 S 2 D 3 ; D 1 - 2  END                0.0247   -0.00190  0.02456 -0.00183
  69.   798   D 1 - 3 S 5 ; D 1 - 3 ; D 1 - 2 S 3 ; D 1 S 2 - 3  END                    0.0247   -0.01244  0.02083 -0.00462
  70.  3038   D 1 - 3 ; S 1 D 2 - 3 ; D 1 - 3 ; D 1 - 2 S 5  END                        0.0246   -0.02459
  71.  3359   D 1 - 3 S 4 ; D 1 S 2 - 3 ; D 1 - 2 S 3 ; D 1 - 2 S 3 - 4  END            0.0246   -0.00540 -0.00176 -0.01456  0.01174
                                                                                                 -0.00184  0.01461 -0.00201 -0.00050
                                                                                                  0.00074
  72.   637   D 1 S 2 D 3 S 4 S 6 ; D 1 - 3 ; D 1 - 2 S 3 ; D 1 - 2  END                0.0245    0.00856 -0.00173  0.02287
  73.  2972   D 1 - 3 S 4 ; D 1 - 3 ; S 1 D 2 S 3 S 5 ; D 1 - 2  END                    0.0245    0.02071 -0.01032  0.00799
  74.  4639   D 1 - 3 S 4 - 5 ; D 1 S 2 D 3 ; D 1 S 2 - 3 ; D 1 - 2 S 4  END            0.0233    0.00172  0.00427 -0.01840  0.00527
                                                                                                  0.00229 -0.00291  0.00621  0.00702
                                                                                                 -0.00727
  75.    85   D 1 - 2 S 3 - 4 ; D 1 - 2 S 3 ; D 1 - 3 ; D 1 - 2 S 3  END                0.0233   -0.01224  0.01947  0.00358
  76.  3311   D 1 - 3 ; D 1 - 2 S 3 ; D 1 - 2 S 3 - 4 ; D 1 - 2 S 3  END                0.0233    0.02243 -0.00058  0.00616
  77.  1744   D 1 - 3 S 4 - 6 ; D 1 - 3 ; S 1 - 3 ; D 1 - 2  END                        0.0225    0.00031  0.00045  0.00364  0.00683
                                                                                                 -0.00141  0.01539 -0.00990 -0.00958
                                                                                                  0.00438
  78.  2951   D 1 - 3 S 4 ; D 1 - 3 ; D 1 - 2 S 3 ; D 1 S 2 S 5  END                    0.0223   -0.00322 -0.02203  0.00189
  79.    73   D 1 - 3 S 4 ; S 1 D 2 - 3 S 4 ; D 1 - 2 S 3 ; D 1 - 2  END                0.0223   -0.00991  0.01738  0.00994
  80.   743   D 1 - 3 S 4 - 5 ; D 1 - 3 S 4 ; D 1 S 2 - 3 ; S 1 D 2  END                0.0222   -0.00032  0.00004 -0.01593  0.01008
                                                                                                 -0.00028 -0.00565 -0.00102  0.00956
                                                                                                 -0.00351
  81.  1707   D 1 - 3 S 4 - 5 ; D 1 - 3 S 5 ; D 1 S 2 - 3 ; D 1 S 2  END                0.0222    0.00005  0.00008  0.01590 -0.00903
                                                                                                  0.00035  0.00648  0.00099 -0.01015
                                                                                                  0.00345
  82.   892   D 1 - 2 S 3 - 5 ; D 1 - 3 ; D 1 - 2 S 3 ; S 1 D 2 S 3  END                0.0218   -0.00203 -0.00075  0.01709  0.00662
                                                                                                 -0.00023 -0.00968 -0.00650  0.00011
                                                                                                 -0.00071
  83.  4438   D 1 - 3 S 4 ; D 1 - 2 S 3 S 5 ; D 1 S 2 - 4 ; D 1 - 2  END                0.0218   -0.00055  0.00220 -0.01454  0.00787
                                                                                                  0.00061 -0.00614  0.00439  0.00901
                                                                                                 -0.00774
  84.    49   D 1 - 3 S 4 ; D 1 - 3 ; D 1 S 2 D 3 ; S 1 D 2 S 3  END                    0.0216    0.02029  0.00126 -0.00715
  85.  1782   D 1 - 3 S 5 ; D 1 - 2 S 3 S 5 ; D 1 - 2 S 3 ; D 1 - 2  END                0.0216    0.00152  0.00645 -0.02051
  86.  4906   D 1 S 2 D 3 S 4 - 5 ; D 1 - 3 ; D 1 S 2 - 3 S 5 ; D 1 - 2  END            0.0215    0.00128  0.00906  0.00936  0.01262
                                                                                                  0.00376  0.00502 -0.00049 -0.00944
                                                                                                  0.00153
  87.  7493   D 1 - 2 S 3 - 4 ; D 1 S 2 D 3 ; D 1 - 2 S 3 - 4 ; D 1 - 2 S 4  END        0.0214   -0.00425 -0.00157  0.01569  0.00564
                                                                                                 -0.00240 -0.00802 -0.00939 -0.00022
                                                                                                  0.00018
  88.  3388   D 1 - 3 S 4 ; S 1 D 2 - 3 S 4 ; D 1 - 2 S 3 ; D 1 S 2 S 5  END            0.0213   -0.00570 -0.00349 -0.01064  0.01305
                                                                                                 -0.00344  0.01043  0.00039 -0.00061
                                                                                                 -0.00159
  89.   619   D 1 - 3 S 4 ; S 1 D 2 - 3 S 5 ; D 1 - 2 S 3 ; D 1 - 2  END                0.0209    0.01028 -0.01138 -0.01421
  90.  2953   D 1 - 3 S 4 ; D 1 - 3 ; D 1 - 2 S 3 ; S 1 D 2 S 5  END                    0.0209   -0.00966 -0.01843  0.00200
  91.  7517   D 1 - 2 S 4 ; D 1 - 3 ; D 1 - 2 S 3 D 4 ; D 1 - 2  END                    0.0207    0.02072
  92.  2991   D 1 - 4 ; D 1 S 2 D 3 ; D 1 - 2 ; D 1 - 2 S 4  END                        0.0207   -0.02069
  93.  1734   D 1 - 3 S 4 S 6 ; D 1 - 3 S 5 ; S 1 D 2 S 3 ; S 1 D 2  END                0.0204   -0.00026  0.00117  0.01500 -0.00563
                                                                                                  0.00004  0.00195 -0.00772 -0.00792
                                                                                                  0.00563
  94.  3522   D 1 S 2 D 3 S 4 ; D 1 - 2 S 3 ; D 1 - 2 S 3 S 5 ; D 1 - 2 S 3  END        0.0193   -0.00538 -0.00119  0.01443  0.00400
                                                                                                 -0.00235 -0.00646 -0.00842 -0.00022
                                                                                                 -0.00109
  95.   646   S 1 D 2 - 3 S 4 - 5 ; D 1 - 3 ; D 1 - 2 S 3 ; D 1 - 2  END                0.0193    0.01010 -0.01209  0.01114
  96.  2963   D 1 - 3 S 4 ; D 1 - 3 ; D 1 S 2 - 3 S 6 ; D 1 - 2  END                    0.0193    0.00677 -0.00973  0.01522
  97.   758   D 1 - 3 S 4 ; D 1 - 3 S 4 - 5 ; S 1 D 2 ; D 1 - 2  END                    0.0192   -0.00055  0.01738 -0.00818
  98.   542   D 1 - 4 S 6 ; D 1 - 3 ; D 1 - 2 S 3 ; S 1 - 2  END                        0.0192   -0.01469  0.01238 -0.00048
  99.  4401   D 1 - 3 S 4 ; D 1 - 2 S 3 S 5 ; D 1 - 2 S 3 ; D 1 S 2 S 4  END            0.0189    0.00152  0.00026 -0.01298  0.00873
                                                                                                  0.00060  0.00866 -0.00598 -0.00015
                                                                                                 -0.00077
 100.   205   D 1 - 3 S 4 ; D 1 S 2 D 3 S 4 ; D 1 - 2 S 3 ; S 1 D 2 S 3  END            0.0189   -0.00109 -0.00045  0.01378 -0.00820
                                                                                                 -0.00071 -0.00827  0.00544 -0.00002
                                                                                                  0.00132




 POSITION OF FIRST SPIN COUPLING FOR TEN MOST IMPORTANT CONFIGURATIONS
       1      2      3      5      4      6      7      8     74     92



 ********************************
 RESULTS FOR ROOT   02
 TOTAL CI ENERGY =   -877.2763029
 ********************************

       CONF.                                                                           COEFF.
        NO.        SPACE ORBITAL PRODUCTS                                             CONTRIB.      CI COEFFICIENTS

       -----       ----------------------                                             --------   ---------------------
   1.     2   D 1 - 3 ; D 1 - 3 S 4 ; D 1 - 3 ; D 1 S 2  END                            0.4964    0.49639
   2.     4   D 1 - 3 S 5 ; D 1 - 3 ; D 1 - 2 S 3 ; D 1 - 2  END                        0.4888   -0.48883
   3.     5   D 1 - 3 S 4 ; D 1 - 3 ; D 1 S 2 D 3 ; D 1 - 2  END                        0.4888   -0.48882
   4.   593   D 1 - 3 S 6 ; D 1 - 3 ; D 1 - 2 S 3 ; D 1 - 2  END                        0.1071    0.10712
   5.    11   D 1 - 3 S 4 ; D 1 - 3 ; S 1 D 2 - 3 ; D 1 - 2  END                        0.1071   -0.10712
   6.     7   D 1 - 3 ; D 1 - 3 S 5 ; D 1 - 3 ; S 1 D 2  END                            0.1033   -0.10325
   7.   594   D 1 - 3 S 6 ; D 1 - 3 ; D 1 S 2 D 3 ; D 1 - 2  END                        0.0992    0.09917
   8.   595   D 1 - 3 S 5 ; D 1 - 3 ; S 1 D 2 - 3 ; D 1 - 2  END                        0.0992   -0.09917
   9.     3   D 1 - 3 S 5 ; D 1 - 3 ; D 1 S 2 D 3 ; D 1 - 2  END                        0.0919    0.09190
  10.   592   D 1 - 3 ; D 1 - 3 S 5 ; D 1 - 3 ; D 1 S 2  END                            0.0854    0.08537
  11.    55   D 1 - 3 ; D 1 - 3 S 4 ; D 1 - 3 ; S 1 D 2  END                            0.0854   -0.08537
  12.    27   D 1 - 4 ; D 1 - 3 S 4 ; D 1 - 2 ; D 1 S 2  END                            0.0751   -0.07509
  13.  3010   D 1 - 3 ; D 1 S 2 D 3 ; D 1 - 3 ; D 1 - 2 S 4  END                        0.0581   -0.05815
  14.     8   D 1 - 3 S 4 ; D 1 - 2 S 3 - 4 ; D 1 - 2 S 3 ; D 1 S 2 - 3  END            0.0530   -0.00088  0.00963  0.00454  0.04186
                                                                                                  0.00279  0.00040  0.01524  0.00700
                                                                                                 -0.02547
  15.   741   D 1 - 3 S 4 - 5 ; D 1 - 3 S 4 ; D 1 S 2 - 3 ; D 1 S 2  END                0.0495    0.00193  0.00213  0.01244 -0.00455
                                                                                                  0.00393  0.00230  0.04158 -0.00582
                                                                                                 -0.02188
  16.  3065   D 1 - 2 S 3 ; D 1 - 3 ; D 1 - 3 S 5 ; D 1 - 2  END                        0.0472   -0.04719
  17.  3092   D 1 S 2 D 3 ; D 1 - 3 ; D 1 - 3 S 4 ; D 1 - 2  END                        0.0472   -0.04719
  18.  3064   D 1 - 2 S 3 ; D 1 - 3 ; D 1 - 3 S 4 ; D 1 - 2  END                        0.0415   -0.04149
  19.   555   D 1 - 4 S 5 ; D 1 - 3 ; D 1 S 2 ; D 1 - 2  END                            0.0377   -0.03772
  20.  2955   D 1 - 3 S 4 ; D 1 - 3 ; D 1 - 2 S 5 ; D 1 - 2  END                        0.0368   -0.03682
  21.    19   D 1 S 2 D 3 - 4 ; D 1 - 3 ; D 1 - 2 S 3 ; D 1 - 2  END                    0.0368   -0.03682
  22.   589   D 1 - 3 S 4 ; D 1 - 2 S 3 S 5 ; D 1 - 2 S 3 ; D 1 - 2  END                0.0365    0.00726  0.01409 -0.03289
  23.    47   D 1 - 3 S 4 ; D 1 - 3 ; D 1 - 2 S 3 ; S 1 D 2 S 3  END                    0.0365    0.03591  0.00118 -0.00645
  24.   734   D 1 - 3 S 4 - 5 ; D 1 - 3 S 4 ; D 1 - 2 ; D 1 S 2  END                    0.0354   -0.00212 -0.03536 -0.00124
  25.    29   D 1 - 4 ; D 1 - 3 S 4 ; D 1 S 2 - 3 ; D 1 S 2  END                        0.0354   -0.03264  0.00797  0.01132
  26.   732   D 1 - 3 S 4 ; D 1 - 3 S 4 - 5 ; D 1 - 2 S 3 ; S 1 - 2  END                0.0347   -0.00057 -0.00098  0.00184  0.00894
                                                                                                 -0.00173  0.02129  0.01720 -0.01301
                                                                                                 -0.01400
  27.  1230   D 1 - 3 S 5 ; D 1 - 2 S 3 - 4 ; D 1 - 2 S 3 ; D 1 S 2 - 3  END            0.0346   -0.00507 -0.00047  0.02553 -0.00872
                                                                                                 -0.00184 -0.01496  0.01457  0.00010
                                                                                                 -0.00159
  28.   177   D 1 - 3 S 4 ; D 1 - 2 S 3 - 4 ; D 1 S 2 D 3 ; D 1 S 2 - 3  END            0.0346   -0.00432 -0.00122  0.02606 -0.00848
                                                                                                 -0.00173 -0.01442  0.01455  0.00080
                                                                                                 -0.00121
  29.   755   D 1 - 3 S 4 S 6 ; D 1 - 3 S 4 ; S 1 D 2 S 3 ; D 1 S 2  END                0.0342    0.00000 -0.00094 -0.00365 -0.00033
                                                                                                 -0.00070  0.00117 -0.02902  0.00092
                                                                                                  0.01760
  30.   559   D 1 - 4 S 5 ; D 1 - 3 ; D 1 S 3 ; D 1 - 2  END                            0.0329    0.03288
  31.  1711   D 1 - 3 S 4 D 5 ; D 1 - 3 ; D 1 S 2 ; D 1 - 2  END                        0.0329    0.03288
  32.  1161   D 1 - 3 S 5 ; D 1 - 4 ; D 1 - 2 S 3 ; D 1  END                            0.0317    0.03172
  33.   154   D 1 - 3 S 4 ; D 1 - 4 ; D 1 S 2 D 3 ; D 1  END                            0.0317    0.03172
  34.     1   D 1 - 3 S 4 ; D 1 - 3 ; D 1 - 2 S 3 ; D 1 - 2  END                        0.0315   -0.03152
  35.   776   D 1 - 3 S 4 - 5 ; D 1 - 2 S 3 ; D 1 - 2 ; D 1 - 2 S 3  END                0.0314   -0.00908  0.02937  0.00653
  36.    41   D 1 - 4 ; D 1 - 2 S 3 ; D 1 S 2 - 3 ; D 1 - 2 S 3  END                    0.0314    0.03072 -0.00627  0.00220
  37.   627   D 1 - 2 S 3 - 4 S 6 ; D 1 - 3 ; D 1 - 2 S 3 ; D 1 - 2  END                0.0312   -0.00455 -0.00081 -0.03086
  38.  2971   D 1 - 3 S 4 ; D 1 - 3 ; S 1 D 2 S 3 - 4 ; D 1 - 2  END                    0.0312   -0.02709  0.01513 -0.00324
  39.  3440   D 1 - 2 S 3 - 4 ; D 1 - 3 S 4 ; D 1 - 2 S 3 - 4 ; D 1 S 2  END            0.0309   -0.00155 -0.00137  0.00110 -0.00038
                                                                                                 -0.00728 -0.00173 -0.02582 -0.00354
                                                                                                  0.01459
  40.    56   D 1 - 3 ; D 1 - 2 S 3 ; D 1 - 3 ; D 1 - 2 S 3  END                        0.0306   -0.03060
  41.   148   D 1 - 3 S 4 ; D 1 - 4 ; D 1 - 2 S 3 ; D 1  END                            0.0303   -0.03033
  42.  3038   D 1 - 3 ; S 1 D 2 - 3 ; D 1 - 3 ; D 1 - 2 S 5  END                        0.0286    0.02864
  43.  1235   D 1 - 3 S 5 ; D 1 - 2 S 3 - 4 ; D 1 S 2 D 3 ; D 1 S 2 - 3  END            0.0275    0.00069  0.00258 -0.00403  0.02300
                                                                                                  0.00103  0.00350  0.00497  0.00142
                                                                                                 -0.01284
  44.  3093   D 1 S 2 D 3 ; D 1 - 3 ; D 1 - 3 S 5 ; D 1 - 2  END                        0.0271   -0.02707
  45.  2078   D 1 - 3 S 5 ; D 1 - 3 S 4 - 5 ; D 1 - 2 S 3 ; S 1 - 2  END                0.0267   -0.00030 -0.00046  0.01772 -0.01016
                                                                                                 -0.00010 -0.01587  0.00639  0.00171
                                                                                                  0.00014
  46.   739   D 1 - 3 S 4 ; D 1 - 3 S 4 - 5 ; D 1 S 2 D 3 ; S 1 - 2  END                0.0267    0.00011 -0.00033  0.01857 -0.00950
                                                                                                 -0.00042 -0.01559  0.00577  0.00116
                                                                                                  0.00087
  47.  5624   D 1 - 2 S 3 S 5 ; D 1 - 3 S 4 ; D 1 - 2 S 3 - 4 ; D 1 S 2  END            0.0262   -0.00054 -0.00002 -0.01638 -0.00960
                                                                                                 -0.00308  0.01132  0.01290 -0.00242
                                                                                                 -0.00373
  48.  3448   D 1 - 2 S 3 - 4 ; D 1 - 3 S 4 ; D 1 S 2 D 3 S 4 ; D 1 S 2  END            0.0262   -0.00020  0.00001 -0.01628 -0.01053
                                                                                                 -0.00328  0.01069  0.01293 -0.00172
                                                                                                 -0.00367
  49.    22   S 1 D 2 - 4 ; D 1 - 3 ; D 1 - 2 S 3 ; D 1 - 2  END                        0.0261    0.02609
  50.  2956   D 1 - 3 S 4 ; D 1 - 3 ; D 1 - 2 S 6 ; D 1 - 2  END                        0.0261   -0.02609
  51.  2954   D 1 - 3 S 4 ; D 1 - 3 ; D 1 - 2 S 4 ; D 1 - 2  END                        0.0257    0.02574
  52.    16   D 1 - 2 S 3 D 4 ; D 1 - 3 ; D 1 - 2 S 3 ; D 1 - 2  END                    0.0257    0.02574
  53.  3121   S 1 D 2 - 3 ; D 1 - 3 ; D 1 - 3 S 5 ; D 1 - 2  END                        0.0256   -0.02562
  54.  3094   D 1 S 2 D 3 ; D 1 - 3 ; D 1 - 3 S 6 ; D 1 - 2  END                        0.0256    0.02562
  55.   626   D 1 - 2 S 3 - 5 ; D 1 - 3 ; D 1 - 2 S 3 ; D 1 - 2  END                    0.0254   -0.01557 -0.01896  0.00649
  56.  2961   D 1 - 3 S 4 ; D 1 - 3 ; D 1 S 2 - 4 ; D 1 - 2  END                        0.0254    0.00883  0.02373  0.00176
  57.  2963   D 1 - 3 S 4 ; D 1 - 3 ; D 1 S 2 - 3 S 6 ; D 1 - 2  END                    0.0246    0.00947 -0.01314  0.01853
  58.   646   S 1 D 2 - 3 S 4 - 5 ; D 1 - 3 ; D 1 - 2 S 3 ; D 1 - 2  END                0.0246    0.01209 -0.01500  0.01531
  59.  3331   D 1 - 3 S 4 ; D 1 S 2 D 3 S 4 ; D 1 - 2 S 3 ; D 1 S 2 S 4  END            0.0246    0.00062 -0.00295 -0.00104  0.01759
                                                                                                 -0.00204  0.00392  0.00829 -0.00433
                                                                                                 -0.01327
  60.  2950   D 1 - 3 S 4 ; D 1 - 3 ; D 1 - 2 S 3 ; D 1 S 2 S 4  END                    0.0245    0.01054 -0.01185  0.01871
  61.    63   D 1 - 3 S 4 ; D 1 S 2 D 3 S 4 ; D 1 - 2 S 3 ; D 1 - 2  END                0.0245   -0.01320 -0.02025 -0.00417
  62.    66   D 1 - 3 ; D 1 S 2 D 3 ; D 1 - 3 ; D 1 - 2 S 3  END                        0.0243    0.02428
  63.  2983   D 1 - 3 ; D 1 - 2 S 3 ; D 1 - 3 ; D 1 - 2 S 4  END                        0.0243    0.02428
  64.   890   D 1 - 2 S 3 - 5 ; D 1 - 3 ; D 1 - 2 S 3 ; D 1 S 2 - 3  END                0.0239    0.00438  0.00164  0.00050 -0.01900
                                                                                                  0.00095  0.00417  0.01298  0.00055
                                                                                                  0.00032
  65.  3250   D 1 - 3 S 4 ; D 1 - 2 S 3 - 4 ; D 1 S 2 - 4 ; D 1 - 2  END                0.0239    0.00372  0.00120 -0.01784  0.00802
                                                                                                  0.00161  0.00885 -0.00931  0.00099
                                                                                                 -0.00188
  66.   816   D 1 - 3 ; D 1 - 2 S 3 - 5 ; D 1 - 3 ; D 1 S 2  END                        0.0238   -0.00300 -0.00721 -0.02248
  67.   186   D 1 - 3 ; D 1 - 3 S 4 ; D 1 - 3 ; S 1 - 3  END                            0.0238   -0.02275  0.00676  0.00172
  68.  4510   D 1 - 3 S 5 ; D 1 - 3 ; D 1 - 2 S 4 ; D 1 - 2  END                        0.0236    0.02360
  69.    17   D 1 - 2 S 3 D 4 ; D 1 - 3 ; D 1 S 2 D 3 ; D 1 - 2  END                    0.0236    0.02360
  70.   637   D 1 S 2 D 3 S 4 S 6 ; D 1 - 3 ; D 1 - 2 S 3 ; D 1 - 2  END                0.0236    0.00586 -0.00590  0.02205
  71.  2972   D 1 - 3 S 4 ; D 1 - 3 ; S 1 D 2 S 3 S 5 ; D 1 - 2  END                    0.0236    0.01718 -0.01390  0.00819
  72.   819   D 1 - 3 S 6 ; D 1 - 2 S 3 - 4 ; D 1 - 2 S 3 ; D 1 - 2  END                0.0235    0.00146  0.02062 -0.01117
  73.    50   D 1 - 3 S 4 ; D 1 - 3 ; S 1 D 2 - 3 ; D 1 S 2 - 3  END                    0.0235    0.01932 -0.01327  0.00156
  74.  1228   D 1 - 3 ; D 1 - 2 S 3 - 5 ; D 1 - 3 ; S 1 - 3  END                        0.0232   -0.00039 -0.00209  0.01383  0.01436
                                                                                                 -0.00067  0.00525 -0.00282 -0.00823
                                                                                                 -0.00585
  75.   539   D 1 - 4 S 5 ; D 1 - 3 ; D 1 - 2 S 3 ; D 1  END                            0.0227    0.02266
  76.   160   D 1 - 3 S 4 ; D 1 - 4 ; D 1 S 2 ; D 1 - 2  END                            0.0227    0.02266
  77.  3037   D 1 - 3 ; S 1 D 2 - 3 ; D 1 - 3 ; D 1 - 2 S 4  END                        0.0226    0.02264
  78.  3011   D 1 - 3 ; D 1 S 2 D 3 ; D 1 - 3 ; D 1 - 2 S 5  END                        0.0226   -0.02264
  79.   754   D 1 - 3 S 4 - 5 ; D 1 - 3 S 4 ; S 1 D 2 S 3 ; D 1 S 2  END                0.0226   -0.00120 -0.00007  0.01586  0.00726
                                                                                                  0.00002 -0.00412  0.00942 -0.00345
                                                                                                 -0.00937
  80.   742   D 1 - 3 S 4 S 6 ; D 1 - 3 S 4 ; D 1 S 2 - 3 ; D 1 S 2  END                0.0226    0.00107  0.00010 -0.01589 -0.00143
                                                                                                  0.00003  0.00940 -0.01039  0.00032
                                                                                                  0.00769
  81.  1707   D 1 - 3 S 4 - 5 ; D 1 - 3 S 5 ; D 1 S 2 - 3 ; D 1 S 2  END                0.0220   -0.00091 -0.00063  0.01830  0.00164
                                                                                                  0.00007 -0.00164  0.00900 -0.00557
                                                                                                 -0.00554
  82.   743   D 1 - 3 S 4 - 5 ; D 1 - 3 S 4 ; D 1 S 2 - 3 ; S 1 D 2  END                0.0220    0.00041  0.00096 -0.01832  0.00140
                                                                                                 -0.00003  0.00422 -0.00921  0.00402
                                                                                                  0.00516
  83.  1736   D 1 - 3 S 4 - 6 ; D 1 - 3 ; S 1 D 2 ; D 1 - 2  END                        0.0220   -0.00105  0.02132  0.00518
  84.   571   D 1 - 4 S 6 ; D 1 - 3 ; S 1 - 3 ; D 1 - 2  END                            0.0220   -0.01393 -0.01073  0.01317
  85.   833   D 1 - 3 S 4 - 5 ; D 1 S 2 D 3 ; D 1 S 2 - 3 ; D 1 - 2 S 3  END            0.0214    0.00406  0.00260  0.01789  0.00338
                                                                                                  0.00212 -0.00248  0.00456 -0.00792
                                                                                                 -0.00305
  86.  4434   D 1 - 3 S 4 - 5 ; D 1 - 2 S 3 ; D 1 S 2 - 3 ; D 1 - 2 S 4  END            0.0214    0.00327  0.00294  0.01779 -0.00117
                                                                                                  0.00232 -0.00706  0.00581 -0.00560
                                                                                                 -0.00089
  87.   799   D 1 - 3 S 6 ; D 1 - 3 ; D 1 - 2 S 3 ; D 1 S 2 - 3  END                    0.0212    0.01643 -0.01328  0.00223
  88.    54   D 1 - 3 S 4 ; D 1 - 2 S 3 - 4 ; S 1 D 2 - 3 ; D 1 - 2  END                0.0212    0.00104  0.01946 -0.00847
  89.  1720   D 1 - 3 S 4 - 6 ; D 1 - 3 ; D 1 S 3 ; D 1 - 2  END                        0.0204    0.00070 -0.01936 -0.00649
  90.  1743   D 1 - 3 S 4 D 5 ; D 1 - 3 ; S 1 - 3 ; D 1 - 2  END                        0.0204   -0.01419 -0.00883  0.01175
  91.  5639   D 1 - 2 S 3 S 5 ; D 1 - 3 S 4 ; D 1 S 2 D 3 S 4 ; D 1 S 2  END            0.0202   -0.00037 -0.00031  0.00366  0.00147
                                                                                                 -0.00080 -0.00213 -0.01738 -0.00048
                                                                                                  0.00931
  92.  5438   D 1 - 3 S 5 ; D 1 S 2 D 3 S 4 ; D 1 - 2 S 3 ; D 1 S 2 S 4  END            0.0199    0.00639  0.00557  0.01170 -0.00910
                                                                                                  0.00372 -0.00911  0.00133  0.00100
                                                                                                 -0.00205
  93.  3338   D 1 - 3 S 4 ; D 1 S 2 D 3 S 4 ; D 1 S 2 D 3 ; D 1 S 2 S 4  END            0.0199    0.00643  0.00557  0.01135 -0.00929
                                                                                                  0.00370 -0.00923  0.00170  0.00123
                                                                                                 -0.00215
  94.  4533   D 1 - 3 S 5 ; D 1 - 3 ; D 1 S 2 - 3 S 5 ; D 1 - 2  END                    0.0195    0.00121 -0.01408  0.01346
  95.   638   D 1 S 2 D 3 S 4 - 5 ; D 1 - 3 ; D 1 S 2 D 3 ; D 1 - 2  END                0.0195   -0.00476  0.01658 -0.00912
  96.  3984   D 1 - 2 S 3 ; D 1 - 2 S 3 - 4 ; D 1 - 3 S 4 ; D 1 S 2 - 3  END            0.0191   -0.00026  0.00243  0.00306 -0.01531
                                                                                                  0.00064 -0.00232 -0.00477  0.00243
                                                                                                  0.00909
  97.  2154   D 1 - 3 S 5 ; D 1 - 2 S 3 S 5 ; D 1 - 2 S 3 ; S 1 D 2 S 3  END            0.0190    0.00210 -0.00013 -0.01372  0.00695
                                                                                                  0.00039  0.00887 -0.00638 -0.00026
                                                                                                 -0.00017
  98.   779   D 1 - 3 S 4 ; D 1 - 2 S 3 S 5 ; D 1 S 2 D 3 ; S 1 D 2 S 3  END            0.0190    0.00137  0.00024 -0.01394  0.00674
                                                                                                  0.00053  0.00858 -0.00663 -0.00072
                                                                                                 -0.00065
  99.  2082   D 1 - 3 D 5 ; D 1 - 3 S 4 ; D 1 - 2 ; D 1 S 2  END                        0.0187   -0.01865
 100.    31   D 1 - 4 ; D 1 - 3 S 4 ; D 1 D 3 ; D 1 S 2  END                            0.0187   -0.01865




 POSITION OF FIRST SPIN COUPLING FOR TEN MOST IMPORTANT CONFIGURATIONS
       2      4      5   2153     19      7   2154   2155      3   2152



 ELAPSED TIME =      20.41 CPU SECONDS. (     20.42 WALL CLOCK SECONDS)
