 ************************************************************************
 * CISTAR - CONFIGURATION INTERACTION/PERTURBATION THEORY PROGRAM       *
 * QUANTUM CHEMISTRY GROUP - INDIANA UNIVERSITY - 30Aug 2010  22:27:38  *
 ************************************************************************



 THE TRANSFORMED INTEGRALS ARE TITLED: dumm                                    
 THE FILE IS DATED:                     30Aug 2010  22:27:23 
 THE NUMBER OF ORBITALS FROM FILE 16 IS  22.


                         CI RUN TITLE
                         -- --- -----
 ) * H2O  -SINGLET A1-  STO-3G HF SD-CI TEST CASE *


 ) $
 ) $ GENERAL OPTIONS LIST INPUT
 ) $
 )MRSDCI=  8      $ REQUEST UP TO SD EXCITATIONS FROM THESE CONFIGURATION
 )ISYMMETRY=3       $ SPECIFY Ag OVERALL SYMMETR
 )MULTIPLICITY=3       $ SPECIFY SPIN MULTIPLICITY
 )END
 TIME TO PROCESS FORMULA FILE = 0.0 CPU SEC. ( 0.0 WALL CLOCK SEC.)

            THE REFERENCE SPACE CONFIGURATIONS
            --- --------- ----- --------------
 ) $
 ) $ SPECIFY THE HARTREE-FOCK CONFIGURATION
 ) $
 )  D 1 - 3 S 4 ; D 1 - 3 ; D 1 - 2 S 3 ; D 1 - 2  END
 )  D 1 - 3 ; D 1 - 3 S 4 ; D 1 - 3 ; D 1 S 2  END
 )  D 1 - 3 S 5 ; D 1 - 3 ; D 1 S 2 D 3 ; D 1 - 2  END
 )  D 1 - 3 S 5 ; D 1 - 3 ; D 1 - 2 S 3 ; D 1 - 2  END
 )  D 1 - 3 S 4 ; D 1 - 3 ; D 1 S 2 D 3 ; D 1 - 2  END
 )  D 1 - 3 S 6 ; D 1 - 3 ; S 1 D 2 - 3 ; D 1 - 2  END
 )  D 1 - 3 ; D 1 - 3 S 5 ; D 1 - 3 ; S 1 D 2  END
 )  D 1 - 3 S 4 ; D 1 - 2 S 3 - 4 ; D 1 - 2 S 3 ; D 1 S 2 - 3  END

               INTERNALLY GENERATED ORBITAL SETS (MR SD-CI TYPE 1)
               ---------- --------- ------- ---------------------
 MIN. MAX.
 OCC. OCC.
   0   2   0000000000000011100011
   0   3   0000110000100000000000
   0   4   0000000001000000000100
   8  14   0001000010011100011000
   8  10   1110001100000000000000
 THE REFERENCE SPACE CONTAINS  16 SPIN-ADAPTED CONFIGURATIONS.


      9299 SPACE ORBITAL PRODUCTS (    66779 SPIN-ADAPTED CONFIGURATIONS)
 WERE GENERATED IN     0.1 CPU SECONDS.
 TIME IN DIAGC    0.0


 THE TOTAL NUMBER OF SPACE ORBITAL PRODUCTS IS           9299
 THE TOTAL NUMBER OF SPIN-ADAPTED CONFIGURATIONS IS     66779
 THE MAX. NUMBER OF SPIN COUPLINGS IN A S.O.P. IS   28
 THERE WILL BE         2 INTEGRAL LOADS UTILIZING  19995967 WORDS OF MEMORY.
 writ50, first, nrec= T       15872
 A TOTAL OF   996791 NONZERO S.O.P. PAIRS WERE FOUND.
 TIME TO FIND (I,J) PAIRS =    0.61 CPU SECONDS.
 THE VALUE OF THE H(1,1) ELEMENT IS  -875.7611897

          HAMILTONIAN MATRIX STORAGE DATA
 I/O   NO. OF    NO. OF     FILE SIZE    PERCENT NONZERO
 FILE  RECORDS   ELEMENTS   (IN BYTES)    IN ALL BLOCKS
  12         4     133558      1068484
  13       505     384584      8082020
  17      6560   25528509    114727172      59.3
  18         2      12414       192008
  19        12      94299       960048
  20       899    6885937     57539596
 TOTAL ELAPSED TIME =     6.8 CPU SECONDS AND       13.5 WALL CLOCK SECONDS.
