 ************************************************************************
 * RTSIM - DAVIDSON METHOD SPARSE MATRIX EIGENVALUE/EIGENVECTOR PROGRAM *
 * QUANTUM CHEMISTRY GROUP - INDIANA UNIVERSITY - 30Aug 2010  22:53:33  *
 ************************************************************************



                 DIAGONALIZATION RUN TITLE
                 -------------------------
 )* WATER TEST *



 ) DAVIDSON
 ) LAST=2
 ) COEFF
 ) NOVLP
 ) MAXITR=1000 END

 THE CI MATRIX IS TITLED:  H2O  -SINGLET A1-  STO-3G HF SD-CI TEST
 THE MATRIX IS DATED:     30Aug 2010  22:48:41 
 THE SPIN MULTIPLICITY IS 3 AND THE DIMENSION IS 665351.

 ROOTS  1 THROUGH  2 WILL BE OBTAINED.

  
  
  
 AMOUNT OF CORE AVAILABLE                      30000000
 MAXIMUM NUMBER OF VECTORS PER ITERATION              2
 MAXIMUM NUMBER OF VECTORS ON DISK                   16
 NUMBER OF SOLUTIONS SOUGHT                           2
 NUMBER OF SOLUTIONS INVESTIGATED                     2
 SIZE OF MATRIX DIAGONALISED                     665351
  
  
 INITIAL GUESS AT ROOTS (OBTAINED FROM DIAGONAL ELEMENTS OF HAMILTONIAN MATRIX)

                1        -875.76119
                5        -872.47022


 ITERATION       ROOT           EIGENVALUE          NORM OF RESIDUAL
     1             1          -875.84842491              6.52644
     1             2          -872.38298025              6.85067
     2             1          -878.48866851              7.33371
     2             2          -873.11500415             11.54906
     2             1          -878.48866851              3.85844
     2             2          -873.11500415              6.51985
     3             1          -879.17031511              5.37077
     3             2          -875.43477560             20.36409
     3             1          -879.17031511              2.01741
     3             2          -875.43477560              5.09510
     4             1          -879.33751820              3.25447
     4             2          -877.00059354             10.83010
     4             1          -879.33751820              1.07360
     4             2          -877.00059354              2.86285
     5             1          -879.38270873              1.98633
     5             2          -877.38435869              5.80570
     5             1          -879.38270873              0.58782
     5             2          -877.38435869              1.55464
     6             1          -879.39493590              1.15630
     6             2          -877.50429396              4.36045
     6             1          -879.39493590              0.30162
     6             2          -877.50429396              0.99204
     7             1          -879.39796283              0.63495
     7             2          -877.55091780              3.35612
     7             1          -879.39796283              0.16145
     7             2          -877.55091780              0.63710
     8             1          -879.39885498              0.39978
     8             2          -877.56740509              2.20916
  truncating with vlp=false 
 TRUNCATION TO 1 VECTOR PER ROOT HAS BEEN PERFORMED
     8             1          -879.39885498              0.09402
     8             2          -877.56740509              0.39106
     9             1          -879.39908381              0.09015
     9             2          -877.57196793              0.44229
     9             1          -879.39908381              0.05621
     9             2          -877.57196793              0.23989
    10             1          -879.39922317              0.19410
    10             2          -877.57508455              1.04664
    10             1          -879.39922317              0.03893
    10             2          -877.57508455              0.18104
    11             1          -879.39927680              0.13612
    11             2          -877.57660556              0.91467
    11             1          -879.39927680              0.02169
    11             2          -877.57660556              0.12510
    12             1          -879.39929178              0.06625
    12             2          -877.57732508              0.66436
    12             1          -879.39929178              0.01096
    12             2          -877.57732508              0.08552
    13             1          -879.39929580              0.03337
    13             2          -877.57763938              0.42898
    13             1          -879.39929580              0.00572
    13             2          -877.57763938              0.05296
    14             1          -879.39929696              0.01875
    14             2          -877.57775154              0.24208
    14             1          -879.39929696              0.00298
    14             2          -877.57775154              0.02880
    15             1          -879.39929727              0.00987
    15             2          -877.57779015              0.14604
  truncating with vlp=false 
 TRUNCATION TO 1 VECTOR PER ROOT HAS BEEN PERFORMED
    15             1          -879.39929727              0.00146
    15             2          -877.57779015              0.01896
    16             1          -879.39929733              0.00134
    16             2          -877.57780576              0.02644
    16             1          -879.39929733              0.00081
    16             2          -877.57780576              0.01525
    17             1          -879.39929736              0.00291
    17             2          -877.57782151              0.08569
    17             1          -879.39929736              0.00057
    17             2          -877.57782151              0.01478
    18             1          -879.39929738              0.00242
    18             2          -877.57783438              0.11110
    18             1          -879.39929738              0.00036
    18             2          -877.57783438              0.01196
    19             1          -879.39929738              0.00125
    19             2          -877.57784091              0.07808
    19             1          -879.39929738              0.00019
    19             2          -877.57784091              0.00790
    20             1          -879.39929738              0.00062
    20             2          -877.57784367              0.04553
    20             1          -879.39929738              0.00010
    20             2          -877.57784367              0.00508
     ROOT    ITERATION     NUMBER OF PRODUCTS       EIGENVALUE
       1        20                38                -879.3992973835


    21             2          -877.57784473              0.02509
    21             2          -877.57784473              0.00328
    22             2          -877.57784521              0.01746
    22             2          -877.57784521              0.00264
    23             2          -877.57784562              0.02069
    23             2          -877.57784562              0.00156
    24             2          -877.57784570              0.00549
  truncating with vlp=false 
 TRUNCATION TO 1 VECTOR PER ROOT HAS BEEN PERFORMED
    24             2          -877.57784570              0.00085
    25             2          -877.57784572              0.00081
    25             2          -877.57784572              0.00058
    26             2          -877.57784574              0.00262
    26             2          -877.57784574              0.00039
    27             2          -877.57784574              0.00146
    27             2          -877.57784574              0.00028
    28             2          -877.57784575              0.00129
    28             2          -877.57784575              0.00020
    29             2          -877.57784575              0.00097
    29             2          -877.57784575              0.00014
    30             2          -877.57784575              0.00063
    30             2          -877.57784575              0.00009
     ROOT    ITERATION     NUMBER OF PRODUCTS       EIGENVALUE
       2        30                48                -877.5778457482


  all roots converged 
  

 ************************************
 COMPLETED CI VECTOR OPTIMISATION
 ************************************





 ********************************
 RESULTS FOR ROOT   01
 TOTAL CI ENERGY =   -879.3992974
 ********************************

       CONF.                                                                           COEFF.
        NO.        SPACE ORBITAL PRODUCTS                                             CONTRIB.      CI COEFFICIENTS

       -----       ----------------------                                             --------   ---------------------
   1.     1   D 1 - 3 S 4 ; D 1 - 3 ; D 1 - 2 S 3 ; D 1 - 2  END                        0.8212   -0.82115
   2.     2   D 1 - 3 ; D 1 - 3 S 4 ; D 1 - 3 ; D 1 S 2  END                            0.2074   -0.20738
   3.     3   D 1 - 3 S 5 ; D 1 - 3 ; D 1 S 2 D 3 ; D 1 - 2  END                        0.1097   -0.10970
   4.     4   D 1 - 3 S 4 ; D 1 - 3 ; D 1 S 2 D 3 ; D 1 - 2  END                        0.0963   -0.09630
   5.     5   D 1 - 3 S 5 ; D 1 - 3 ; D 1 - 2 S 3 ; D 1 - 2  END                        0.0963   -0.09630
   6.     6   D 1 - 4 ; D 1 - 3 S 4 ; D 1 - 2 ; D 1 S 2  END                            0.0836    0.08363
   7.     7   D 1 - 3 S 4 ; D 1 - 2 S 3 - 4 ; D 1 - 2 S 3 ; D 1 - 2  END                0.0789   -0.01092 -0.04041  0.06692
   8.     8   D 1 - 3 S 4 ; D 1 - 3 ; D 1 - 2 S 3 ; D 1 S 2 - 3  END                    0.0789    0.07732 -0.00921 -0.01288
   9.     9   D 1 - 3 S 4 ; D 1 - 2 S 3 - 4 ; D 1 - 2 S 3 ; D 1 S 2 - 3  END            0.0777   -0.00757 -0.00102  0.04869 -0.04763
                                                                                                 -0.00326 -0.02887  0.01544  0.00132
                                                                                                  0.01581
  10.    10   D 1 - 3 S 6 ; D 1 - 3 ; S 1 D 2 - 3 ; D 1 - 2  END                        0.0765    0.07655
  11.    11   D 1 - 3 ; D 1 - 3 S 5 ; D 1 - 3 ; S 1 D 2  END                            0.0731    0.07314
  12.    13   D 1 - 2 S 3 D 4 ; D 1 - 3 ; D 1 - 2 S 3 ; D 1 - 2  END                    0.0657    0.06572
  13.    12   D 1 - 3 S 4 ; D 1 - 3 ; D 1 - 2 S 4 ; D 1 - 2  END                        0.0657    0.06572
  14.    14   D 1 - 3 S 4 ; D 1 - 4 ; D 1 - 2 S 3 ; D 1  END                            0.0626    0.06257
  15.    15   D 1 - 3 S 4 - 5 ; D 1 - 3 S 4 ; D 1 S 2 - 3 ; D 1 S 2  END                0.0580   -0.00062 -0.00048  0.04289 -0.01361
                                                                                                 -0.00212  0.00441 -0.02289 -0.02109
                                                                                                  0.01853
  16.    17   D 1 - 3 S 4 ; D 1 - 3 S 4 - 5 ; D 1 - 2 S 3 ; S 1 - 2  END                0.0510   -0.00088  0.00032  0.03203 -0.02223
                                                                                                  0.00105 -0.03091  0.00723  0.00515
                                                                                                  0.00642
  17.    16   D 1 - 2 S 3 - 4 ; D 1 - 3 S 4 ; D 1 - 2 S 3 - 4 ; D 1 S 2  END            0.0509   -0.00266 -0.00092 -0.03336 -0.01663
                                                                                                  0.00229  0.02245  0.02417  0.00468
                                                                                                 -0.00904
  18.    18   D 1 - 2 S 3 ; D 1 - 3 ; D 1 - 3 S 4 ; D 1 - 2  END                        0.0503    0.05030
  19.    19   D 1 - 2 S 3 - 5 ; D 1 - 3 ; D 1 - 2 S 3 ; D 1 - 2  END                    0.0486    0.00828  0.00754  0.04729
  20.    20   D 1 - 3 S 4 ; D 1 - 3 ; D 1 S 2 - 4 ; D 1 - 2  END                        0.0486   -0.04492  0.01837 -0.00241
  21.    21   D 1 - 3 S 4 - 5 ; D 1 - 2 S 3 ; D 1 S 2 - 3 ; D 1 - 2 S 3  END            0.0479    0.00042 -0.00509 -0.03731  0.01535
                                                                                                 -0.00177 -0.00559  0.01101  0.02045
                                                                                                 -0.00840
  22.    22   D 1 - 3 S 5 ; D 1 - 2 S 3 - 4 ; D 1 - 2 S 3 ; D 1 - 2  END                0.0454   -0.00426 -0.02774  0.03570
  23.    23   D 1 - 3 S 4 ; D 1 - 3 ; D 1 S 2 D 3 ; D 1 S 2 - 3  END                    0.0454    0.04365 -0.01080 -0.00637
  24.    26   D 1 - 3 ; D 1 - 3 S 4 ; D 1 - 3 ; S 1 D 2  END                            0.0450   -0.04495
  25.    27   D 1 - 3 ; D 1 - 3 S 5 ; D 1 - 3 ; D 1 S 2  END                            0.0450    0.04495
  26.    24   D 1 - 3 S 4 ; D 1 S 2 D 3 S 4 ; D 1 - 2 S 3 ; D 1 - 2  END                0.0444   -0.01853  0.02150  0.03414
  27.    25   D 1 - 3 S 4 ; D 1 - 3 ; D 1 - 2 S 3 ; D 1 S 2 S 4  END                    0.0444    0.02391  0.03650 -0.00815
  28.    30   D 1 - 3 ; D 1 - 2 S 3 ; D 1 - 3 ; D 1 - 2 S 3  END                        0.0422    0.04220
  29.    28   D 1 - 3 S 4 ; D 1 - 2 S 3 - 4 ; D 1 - 2 S 4 ; D 1 - 2  END                0.0416    0.00986  0.02868 -0.02843
  30.    29   D 1 - 2 S 3 D 4 ; D 1 - 3 ; D 1 - 2 S 3 ; D 1 S 2 - 3  END                0.0416   -0.04002  0.01104 -0.00211
  31.    31   D 1 - 4 S 5 ; D 1 - 3 ; D 1 S 2 ; D 1 - 2  END                            0.0405    0.04052
  32.    32   D 1 - 2 S 3 - 5 ; D 1 - 3 ; D 1 S 2 - 4 ; D 1 - 2  END                    0.0404    0.00120 -0.00050  0.02572  0.02297
                                                                                                 -0.00063  0.01149 -0.00191 -0.01539
                                                                                                 -0.00833
  33.    33   D 1 - 3 S 4 ; D 1 S 2 D 3 S 4 ; D 1 - 2 S 3 ; D 1 S 2 S 4  END            0.0400    0.01201  0.00612  0.01888 -0.02606
                                                                                                  0.00557 -0.01841 -0.00182  0.00011
                                                                                                  0.00248
  34.    36   D 1 - 2 S 3 - 4 ; D 1 - 2 S 3 ; D 1 - 2 S 3 - 4 ; D 1 - 2 S 3  END        0.0399   -0.00339  0.00040  0.03163  0.01091
                                                                                                 -0.00108 -0.01619 -0.01385 -0.00284
                                                                                                 -0.00005
  35.    35   D 1 - 3 S 4 ; D 1 - 3 ; S 1 D 2 S 3 S 6 ; D 1 - 2  END                    0.0399    0.02189 -0.01907  0.02740
  36.    34   S 1 D 2 - 3 S 4 S 6 ; D 1 - 3 ; D 1 - 2 S 3 ; D 1 - 2  END                0.0399   -0.02068  0.01821 -0.02888
  37.    37   D 1 - 3 S 4 S 6 ; D 1 - 3 S 4 ; S 1 D 2 S 3 ; D 1 S 2  END                0.0386    0.00046 -0.00171 -0.02525  0.00954
                                                                                                  0.00097 -0.00310  0.01945  0.01387
                                                                                                 -0.01340
  38.    38   D 1 - 3 S 4 ; D 1 - 2 S 3 S 5 ; D 1 - 2 S 3 ; S 1 D 2 S 3  END            0.0385    0.00357  0.00065 -0.02602  0.01925
                                                                                                  0.00121  0.01737 -0.00960 -0.00124
                                                                                                 -0.00508
  39.    39   D 1 - 3 ; D 1 S 2 D 3 ; D 1 - 3 ; D 1 - 2 S 4  END                        0.0362    0.03625
  40.    40   D 1 - 2 S 3 - 4 ; D 1 - 3 S 4 ; D 1 S 2 - 3 ; D 1 - 2 S 3  END            0.0351   -0.00098 -0.00371  0.02843  0.01213
                                                                                                 -0.00093  0.00570  0.00204 -0.01153
                                                                                                 -0.00972
  41.    41   D 1 - 3 S 4 - 5 ; D 1 - 2 S 3 ; D 1 - 2 S 3 - 4 ; D 1 S 2  END            0.0351   -0.00482 -0.00143  0.02819 -0.00960
                                                                                                 -0.00044 -0.01595  0.00823  0.00017
                                                                                                  0.00099
  42.    44   D 1 - 4 S 6 ; D 1 - 3 ; S 1 D 2 ; D 1 - 2  END                            0.0348   -0.03477
  43.    42   D 1 S 2 D 3 S 4 - 5 ; D 1 - 3 ; D 1 - 2 S 3 ; D 1 - 2  END                0.0345   -0.01464  0.01731 -0.02606
  44.    43   D 1 - 3 S 4 ; D 1 - 3 ; D 1 S 2 - 3 S 5 ; D 1 - 2  END                    0.0345    0.01800 -0.01968  0.02195
  45.    45   D 1 - 3 S 4 ; D 1 - 3 ; D 1 - 2 S 3 ; S 1 D 2 S 4  END                    0.0344    0.03135  0.01206 -0.00757
  46.    46   D 1 - 3 S 4 ; D 1 S 2 D 3 S 5 ; D 1 - 2 S 3 ; D 1 - 2  END                0.0344    0.00996  0.00254 -0.03286
  47.    50   D 1 - 4 ; D 1 - 2 S 3 ; D 1 - 3 ; D 1 S 2  END                            0.0340   -0.03398
  48.    51   D 1 - 3 ; D 1 - 3 S 4 ; D 1 - 2 ; D 1 - 2 S 3  END                        0.0340   -0.03398
  49.    47   D 1 - 3 S 4 S 6 ; D 1 - 2 S 3 ; S 1 D 2 S 3 ; D 1 - 2 S 3  END            0.0338   -0.00012  0.00400  0.02562 -0.01124
                                                                                                  0.00113  0.00419 -0.00819 -0.01478
                                                                                                  0.00620
  50.    48   D 1 - 2 S 3 D 4 ; D 1 - 3 ; D 1 - 2 S 4 ; D 1 - 2  END                    0.0336   -0.03362
  51.    49   D 1 - 3 S 4 D 5 ; D 1 - 3 ; D 1 S 3 ; D 1 - 2  END                        0.0322    0.03218
  52.    53   D 1 S 2 D 3 - 4 ; D 1 - 3 ; D 1 - 2 S 3 ; D 1 - 2  END                    0.0316   -0.03163
  53.    52   D 1 - 3 S 4 ; D 1 - 3 ; D 1 - 2 S 5 ; D 1 - 2  END                        0.0316   -0.03163
  54.    57   D 1 - 4 ; D 1 - 3 S 5 ; D 1 - 2 ; S 1 D 2  END                            0.0313   -0.03132
  55.    56   D 1 - 3 S 4 - 5 ; D 1 - 3 S 5 ; D 1 S 2 - 3 ; S 1 D 2  END                0.0312    0.00048 -0.00085 -0.02406  0.00858
                                                                                                  0.00033 -0.00309  0.00984  0.01221
                                                                                                 -0.00808
  56.    54   D 1 - 3 S 4 ; D 1 - 2 S 3 - 4 ; D 1 S 2 - 4 ; D 1 - 2  END                0.0310   -0.00012  0.00236 -0.02344  0.01506
                                                                                                  0.00137 -0.00546  0.00099  0.00886
                                                                                                 -0.00833
  57.    55   D 1 - 2 S 3 - 5 ; D 1 - 3 ; D 1 - 2 S 3 ; D 1 S 2 - 3  END                0.0310    0.00338 -0.00116 -0.01997 -0.01673
                                                                                                  0.00194  0.01235  0.01048 -0.00035
                                                                                                  0.00217
  58.    58   D 1 - 3 S 4 ; D 1 - 2 ; D 1 - 2 S 3 ; D 1 - 3  END                        0.0307    0.03073
  59.    60   D 1 - 4 ; D 1 - 2 S 3 ; D 1 - 2 ; D 1 - 2 S 3  END                        0.0297   -0.02974
  60.    59   D 1 - 2 S 3 - 4 ; D 1 - 3 S 5 ; D 1 - 2 S 3 - 4 ; S 1 D 2  END            0.0295    0.00021  0.00042  0.02166  0.00934
                                                                                                 -0.00102 -0.01298 -0.01148 -0.00260
                                                                                                  0.00271
  61.    61   D 1 S 2 D 3 ; D 1 - 3 ; D 1 - 3 S 5 ; D 1 - 2  END                        0.0293    0.02934
  62.    62   S 1 D 2 - 3 ; D 1 - 3 ; D 1 - 3 S 6 ; D 1 - 2  END                        0.0291   -0.02907
  63.    65   D 1 - 2 S 3 - 4 ; D 1 - 3 S 4 ; D 1 - 3 ; D 1 S 2  END                    0.0285    0.01160 -0.02279  0.01260
  64.    66   D 1 - 3 ; D 1 - 3 S 4 ; D 1 - 2 S 3 - 4 ; D 1 S 2  END                    0.0285   -0.02535 -0.01258  0.00341
  65.    63   D 1 - 3 S 4 ; D 1 - 3 ; S 1 D 2 S 3 S 5 ; D 1 - 2  END                    0.0283    0.02427 -0.01122  0.00912
  66.    64   D 1 S 2 D 3 S 4 S 6 ; D 1 - 3 ; D 1 - 2 S 3 ; D 1 - 2  END                0.0283    0.01025 -0.00131  0.02630
  67.    68   D 1 - 3 S 6 ; D 1 - 3 ; D 1 S 2 D 3 ; D 1 - 2  END                        0.0271    0.02705
  68.    69   D 1 - 3 S 5 ; D 1 - 3 ; S 1 D 2 - 3 ; D 1 - 2  END                        0.0271   -0.02705
  69.    67   D 1 S 2 D 3 S 4 ; D 1 - 3 S 4 ; D 1 - 2 S 3 S 5 ; D 1 S 2  END            0.0266    0.00571  0.00179 -0.01662 -0.00593
                                                                                                  0.00478  0.00918  0.01569  0.00090
                                                                                                 -0.00245
  70.    70   D 1 - 3 S 4 ; D 1 S 2 - 3 ; D 1 - 2 S 3 ; D 1 - 2 S 3 - 4  END            0.0266   -0.00577 -0.00181 -0.01577  0.01250
                                                                                                 -0.00203  0.01597 -0.00224 -0.00056
                                                                                                  0.00080
  71.    72   D 1 - 3 S 4 ; S 1 D 2 - 3 S 4 ; D 1 - 2 S 3 ; D 1 - 2  END                0.0256   -0.01122  0.02032  0.01088
  72.    71   D 1 - 3 S 4 ; D 1 - 3 ; D 1 - 2 S 3 ; D 1 S 2 S 5  END                    0.0256   -0.00305 -0.02537  0.00214
  73.  2882   D 1 - 3 S 5 ; D 1 - 3 ; D 1 - 2 S 3 ; D 1 S 2 - 3  END                    0.0250   -0.01244  0.02106 -0.00500
  74.   322   D 1 - 3 S 4 ; D 1 - 2 S 3 - 4 ; D 1 S 2 D 3 ; D 1 - 2  END                0.0250   -0.00170  0.02486 -0.00158
  75.   438   D 1 - 2 S 3 - 4 ; D 1 - 2 S 3 ; D 1 - 3 ; D 1 - 2 S 3  END                0.0248   -0.01251  0.02113  0.00371
  76.  3003   D 1 - 3 ; D 1 - 2 S 3 ; D 1 - 2 S 3 - 4 ; D 1 - 2 S 3  END                0.0248    0.02409 -0.00084  0.00597
  77. 38813   D 1 - 3 ; S 1 D 2 - 3 ; D 1 - 3 ; D 1 - 2 S 5  END                        0.0245   -0.02446
  78.  2402   D 1 - 3 S 4 - 5 ; D 1 S 2 D 3 ; D 1 S 2 - 3 ; D 1 - 2 S 4  END            0.0241    0.00179  0.00457 -0.01909  0.00552
                                                                                                  0.00238 -0.00314  0.00612  0.00725
                                                                                                 -0.00748
  79.  1989   D 1 - 3 S 4 - 5 ; D 1 - 3 S 5 ; D 1 S 2 - 3 ; D 1 S 2  END                0.0239    0.00010  0.00005  0.01718 -0.00968
                                                                                                  0.00031  0.00698  0.00119 -0.01094
                                                                                                  0.00369
  80.  1996   D 1 - 3 S 4 - 5 ; D 1 - 3 S 4 ; D 1 S 2 - 3 ; S 1 D 2  END                0.0239   -0.00036  0.00011 -0.01720  0.01084
                                                                                                 -0.00028 -0.00603 -0.00124  0.01034
                                                                                                 -0.00378
  81.   344   D 1 - 3 S 4 ; S 1 D 2 - 3 S 5 ; D 1 - 2 S 3 ; D 1 - 2  END                0.0238    0.01198 -0.01309 -0.01590
  82. 38795   D 1 - 3 S 4 ; D 1 - 3 ; D 1 - 2 S 3 ; S 1 D 2 S 5  END                    0.0238   -0.01080 -0.02115  0.00195
  83.  2118   D 1 - 3 S 4 - 6 ; D 1 - 3 ; S 1 - 3 ; D 1 - 2  END                        0.0236    0.00036  0.00062  0.00359  0.00686
                                                                                                 -0.00137  0.01619 -0.01035 -0.01003
                                                                                                  0.00476
  84.  2244   D 1 - 3 S 4 ; D 1 - 2 S 3 S 5 ; D 1 S 2 - 4 ; D 1 - 2  END                0.0233   -0.00065  0.00224 -0.01544  0.00849
                                                                                                  0.00063 -0.00661  0.00485  0.00965
                                                                                                 -0.00816
  85.  3695   D 1 - 2 S 3 - 5 ; D 1 - 3 ; D 1 - 2 S 3 ; S 1 D 2 S 3  END                0.0233   -0.00196 -0.00073  0.01833  0.00703
                                                                                                 -0.00026 -0.01031 -0.00683  0.00010
                                                                                                 -0.00072
  86.   191   D 1 - 4 ; D 1 S 2 D 3 ; D 1 - 2 ; D 1 - 2 S 4  END                        0.0226   -0.02261
  87.  3855   D 1 - 2 S 3 - 4 ; D 1 S 2 D 3 ; D 1 - 2 S 3 - 4 ; D 1 - 2 S 4  END        0.0226   -0.00427 -0.00156  0.01658  0.00611
                                                                                                 -0.00252 -0.00865 -0.00976 -0.00032
                                                                                                  0.00018
  88.  4154   D 1 - 2 S 4 ; D 1 - 3 ; D 1 - 2 S 3 D 4 ; D 1 - 2  END                    0.0226    0.02255
  89.   304   D 1 - 3 S 4 ; D 1 - 3 ; D 1 S 2 D 3 ; S 1 D 2 S 3  END                    0.0224    0.02120  0.00141 -0.00719
  90.  3000   D 1 - 3 S 5 ; D 1 - 2 S 3 S 5 ; D 1 - 2 S 3 ; D 1 - 2  END                0.0224    0.00186  0.00675 -0.02131
  91. 39671   D 1 - 3 S 4 ; S 1 D 2 - 3 S 4 ; D 1 - 2 S 3 ; D 1 S 2 S 5  END            0.0224   -0.00621 -0.00383 -0.01120  0.01372
                                                                                                 -0.00361  0.01092  0.00045 -0.00065
                                                                                                 -0.00144
  92.  4703   D 1 S 2 D 3 S 4 - 5 ; D 1 - 3 ; D 1 S 2 - 3 S 5 ; D 1 - 2  END            0.0223    0.00139  0.00964  0.00960  0.01301
                                                                                                  0.00397  0.00511 -0.00037 -0.00971
                                                                                                  0.00174
  93.   653   S 1 D 2 - 3 S 4 - 5 ; D 1 - 3 ; D 1 - 2 S 3 ; D 1 - 2  END                0.0219    0.01145 -0.01376  0.01259
  94. 38799   D 1 - 3 S 4 ; D 1 - 3 ; D 1 S 2 - 3 S 6 ; D 1 - 2  END                    0.0219    0.00761 -0.01105  0.01730
  95.  2084   D 1 - 3 S 4 S 6 ; D 1 - 3 S 5 ; S 1 D 2 S 3 ; S 1 D 2  END                0.0209   -0.00029  0.00121  0.01538 -0.00588
                                                                                                 -0.00002  0.00207 -0.00785 -0.00820
                                                                                                  0.00574
  96.   104   D 1 - 4 ; D 1 - 3 S 4 ; D 1 S 2 - 3 ; D 1 S 2  END                        0.0209   -0.02032  0.00159  0.00481
  97.  1937   D 1 - 3 S 4 - 5 ; D 1 - 3 S 4 ; D 1 - 2 ; D 1 S 2  END                    0.0209    0.00210 -0.02081  0.00102
  98.    93   D 1 - 4 S 6 ; D 1 - 3 ; D 1 - 2 S 3 ; S 1 - 2  END                        0.0209   -0.01591  0.01358 -0.00062
  99.  2093   D 1 - 3 S 4 ; D 1 - 3 S 4 - 5 ; S 1 D 2 ; D 1 - 2  END                    0.0209   -0.00059  0.01899 -0.00876
 100.  2006   D 1 - 3 S 4 ; D 1 - 4 ; D 1 S 2 ; D 1 - 2  END                            0.0206    0.02057




 POSITION OF FIRST SPIN COUPLING FOR TEN MOST IMPORTANT CONFIGURATIONS
       1      2      3      4      5      6      7     10     13     22



 ********************************
 RESULTS FOR ROOT   02
 TOTAL CI ENERGY =   -877.5778457
 ********************************

       CONF.                                                                           COEFF.
        NO.        SPACE ORBITAL PRODUCTS                                             CONTRIB.      CI COEFFICIENTS

       -----       ----------------------                                             --------   ---------------------
   1.     2   D 1 - 3 ; D 1 - 3 S 4 ; D 1 - 3 ; D 1 S 2  END                            0.4706    0.47065
   2.     4   D 1 - 3 S 4 ; D 1 - 3 ; D 1 S 2 D 3 ; D 1 - 2  END                        0.4691   -0.46911
   3.     5   D 1 - 3 S 5 ; D 1 - 3 ; D 1 - 2 S 3 ; D 1 - 2  END                        0.4691   -0.46910
   4.   355   D 1 - 3 S 6 ; D 1 - 3 ; D 1 - 2 S 3 ; D 1 - 2  END                        0.1211    0.12109
   5.    78   D 1 - 3 S 4 ; D 1 - 3 ; S 1 D 2 - 3 ; D 1 - 2  END                        0.1211   -0.12109
   6.    68   D 1 - 3 S 6 ; D 1 - 3 ; D 1 S 2 D 3 ; D 1 - 2  END                        0.1082    0.10824
   7.    69   D 1 - 3 S 5 ; D 1 - 3 ; S 1 D 2 - 3 ; D 1 - 2  END                        0.1082   -0.10824
   8.     6   D 1 - 4 ; D 1 - 3 S 4 ; D 1 - 2 ; D 1 S 2  END                            0.1046   -0.10460
   9.    11   D 1 - 3 ; D 1 - 3 S 5 ; D 1 - 3 ; S 1 D 2  END                            0.1023   -0.10229
  10.    27   D 1 - 3 ; D 1 - 3 S 5 ; D 1 - 3 ; D 1 S 2  END                            0.0885    0.08853
  11.    26   D 1 - 3 ; D 1 - 3 S 4 ; D 1 - 3 ; S 1 D 2  END                            0.0885   -0.08853
  12.     3   D 1 - 3 S 5 ; D 1 - 3 ; D 1 S 2 D 3 ; D 1 - 2  END                        0.0862    0.08620
  13.    39   D 1 - 3 ; D 1 S 2 D 3 ; D 1 - 3 ; D 1 - 2 S 4  END                        0.0642   -0.06419
  14.    15   D 1 - 3 S 4 - 5 ; D 1 - 3 S 4 ; D 1 S 2 - 3 ; D 1 S 2  END                0.0567    0.00299  0.00321  0.01182 -0.00493
                                                                                                  0.00641  0.00310  0.04810 -0.00537
                                                                                                 -0.02527
  15.    18   D 1 - 2 S 3 ; D 1 - 3 ; D 1 - 3 S 4 ; D 1 - 2  END                        0.0543   -0.05429
  16.    31   D 1 - 4 S 5 ; D 1 - 3 ; D 1 S 2 ; D 1 - 2  END                            0.0513   -0.05132
  17.     9   D 1 - 3 S 4 ; D 1 - 2 S 3 - 4 ; D 1 - 2 S 3 ; D 1 S 2 - 3  END            0.0506   -0.00078  0.00662  0.00362  0.04027
                                                                                                  0.00146  0.00080  0.01517  0.00458
                                                                                                 -0.02507
  18.   549   D 1 S 2 D 3 ; D 1 - 3 ; D 1 - 3 S 4 ; D 1 - 2  END                        0.0489   -0.04891
  19.   444   D 1 - 2 S 3 ; D 1 - 3 ; D 1 - 3 S 5 ; D 1 - 2  END                        0.0489   -0.04891
  20.    53   D 1 S 2 D 3 - 4 ; D 1 - 3 ; D 1 - 2 S 3 ; D 1 - 2  END                    0.0464   -0.04641
  21.    52   D 1 - 3 S 4 ; D 1 - 3 ; D 1 - 2 S 5 ; D 1 - 2  END                        0.0464   -0.04641
  22.   104   D 1 - 4 ; D 1 - 3 S 4 ; D 1 S 2 - 3 ; D 1 S 2  END                        0.0437   -0.03990  0.00993  0.01471
  23.  1937   D 1 - 3 S 4 - 5 ; D 1 - 3 S 4 ; D 1 - 2 ; D 1 S 2  END                    0.0437   -0.00339 -0.04352 -0.00125
  24.    30   D 1 - 3 ; D 1 - 2 S 3 ; D 1 - 3 ; D 1 - 2 S 3  END                        0.0414   -0.04137
  25.    17   D 1 - 3 S 4 ; D 1 - 3 S 4 - 5 ; D 1 - 2 S 3 ; S 1 - 2  END                0.0404   -0.00080 -0.00138  0.00155  0.01111
                                                                                                 -0.00304  0.02488  0.01943 -0.01470
                                                                                                 -0.01678
  26.    14   D 1 - 3 S 4 ; D 1 - 4 ; D 1 - 2 S 3 ; D 1  END                            0.0398   -0.03982
  27.   302   D 1 - 3 S 4 ; D 1 - 3 ; D 1 - 2 S 3 ; S 1 D 2 S 3  END                    0.0389    0.03851 -0.00034 -0.00519
  28.   321   D 1 - 3 S 4 ; D 1 - 2 S 3 S 5 ; D 1 - 2 S 3 ; D 1 - 2  END                0.0389    0.00844  0.01694 -0.03394
  29.    37   D 1 - 3 S 4 S 6 ; D 1 - 3 S 4 ; S 1 D 2 S 3 ; D 1 S 2  END                0.0387   -0.00023 -0.00135 -0.00398 -0.00085
                                                                                                 -0.00228  0.00135 -0.03273  0.00009
                                                                                                  0.02003
  30.  2003   D 1 - 3 S 4 D 5 ; D 1 - 3 ; D 1 S 2 ; D 1 - 2  END                        0.0369    0.03692
  31.   113   D 1 - 4 S 5 ; D 1 - 3 ; D 1 S 3 ; D 1 - 2  END                            0.0369    0.03692
  32.   312   D 1 - 3 S 4 ; D 1 - 3 ; S 1 D 2 S 3 - 4 ; D 1 - 2  END                    0.0363   -0.03135  0.01782 -0.00387
  33.   433   D 1 - 2 S 3 - 4 S 6 ; D 1 - 3 ; D 1 - 2 S 3 ; D 1 - 2  END                0.0363   -0.00521 -0.00066 -0.03589
  34.    16   D 1 - 2 S 3 - 4 ; D 1 - 3 S 4 ; D 1 - 2 S 3 - 4 ; D 1 S 2  END            0.0351   -0.00183 -0.00150  0.00235 -0.00096
                                                                                                 -0.00846 -0.00177 -0.02916 -0.00473
                                                                                                  0.01658
  35.  1956   D 1 - 3 S 4 ; D 1 - 4 ; D 1 S 2 D 3 ; D 1  END                            0.0345    0.03453
  36. 12119   D 1 - 3 S 5 ; D 1 - 4 ; D 1 - 2 S 3 ; D 1  END                            0.0345    0.03453
  37.    13   D 1 - 2 S 3 D 4 ; D 1 - 3 ; D 1 - 2 S 3 ; D 1 - 2  END                    0.0345    0.03451
  38.    12   D 1 - 3 S 4 ; D 1 - 3 ; D 1 - 2 S 4 ; D 1 - 2  END                        0.0345    0.03451
  39.  2228   D 1 - 3 S 4 ; D 1 - 2 S 3 - 4 ; D 1 S 2 D 3 ; D 1 S 2 - 3  END            0.0339   -0.00348 -0.00121  0.02593 -0.00811
                                                                                                 -0.00157 -0.01413  0.01398  0.00059
                                                                                                 -0.00145
  40. 12947   D 1 - 3 S 5 ; D 1 - 2 S 3 - 4 ; D 1 - 2 S 3 ; D 1 S 2 - 3  END            0.0339   -0.00458 -0.00022  0.02474 -0.00874
                                                                                                 -0.00167 -0.01503  0.01445 -0.00006
                                                                                                 -0.00221
  41.   157   D 1 - 4 ; D 1 - 2 S 3 ; D 1 S 2 - 3 ; D 1 - 2 S 3  END                    0.0335    0.03285 -0.00641  0.00053
  42.  2217   D 1 - 3 S 4 - 5 ; D 1 - 2 S 3 ; D 1 - 2 ; D 1 - 2 S 3  END                0.0335   -0.00836  0.03189  0.00582
  43.    83   S 1 D 2 - 4 ; D 1 - 3 ; D 1 - 2 S 3 ; D 1 - 2  END                        0.0327    0.03269
  44. 38796   D 1 - 3 S 4 ; D 1 - 3 ; D 1 - 2 S 6 ; D 1 - 2  END                        0.0327   -0.03269
  45.    19   D 1 - 2 S 3 - 5 ; D 1 - 3 ; D 1 - 2 S 3 ; D 1 - 2  END                    0.0314   -0.01767 -0.02371  0.01048
  46.    20   D 1 - 3 S 4 ; D 1 - 3 ; D 1 S 2 - 4 ; D 1 - 2  END                        0.0314    0.00851  0.03019  0.00074
  47.    61   D 1 S 2 D 3 ; D 1 - 3 ; D 1 - 3 S 5 ; D 1 - 2  END                        0.0307   -0.03075
  48. 38813   D 1 - 3 ; S 1 D 2 - 3 ; D 1 - 3 ; D 1 - 2 S 5  END                        0.0306    0.03065
  49.   356   D 1 - 3 ; D 1 - 2 S 3 ; D 1 - 3 ; D 1 - 2 S 4  END                        0.0293    0.02934
  50.   357   D 1 - 3 ; D 1 S 2 D 3 ; D 1 - 3 ; D 1 - 2 S 3  END                        0.0293    0.02934
  51.    79   D 1 - 2 S 3 D 4 ; D 1 - 3 ; D 1 S 2 D 3 ; D 1 - 2  END                    0.0287    0.02868
  52.  2897   D 1 - 3 S 5 ; D 1 - 3 ; D 1 - 2 S 4 ; D 1 - 2  END                        0.0287    0.02868
  53.   653   S 1 D 2 - 3 S 4 - 5 ; D 1 - 3 ; D 1 - 2 S 3 ; D 1 - 2  END                0.0286    0.01283 -0.01781  0.01836
  54. 38799   D 1 - 3 S 4 ; D 1 - 3 ; D 1 S 2 - 3 S 6 ; D 1 - 2  END                    0.0286    0.01087 -0.01642  0.02076
  55.  1969   D 1 - 3 S 4 ; D 1 - 3 S 4 - 5 ; D 1 S 2 D 3 ; S 1 - 2  END                0.0277    0.00027 -0.00046  0.01947 -0.00954
                                                                                                 -0.00043 -0.01606  0.00616  0.00086
                                                                                                  0.00068
  56. 12147   D 1 - 3 S 5 ; D 1 - 3 S 4 - 5 ; D 1 - 2 S 3 ; S 1 - 2  END                0.0277   -0.00024 -0.00061  0.01834 -0.01041
                                                                                                 -0.00005 -0.01645  0.00701  0.00157
                                                                                                 -0.00025
  57.    63   D 1 - 3 S 4 ; D 1 - 3 ; S 1 D 2 S 3 S 5 ; D 1 - 2  END                    0.0276    0.01995 -0.01662  0.00942
  58.    64   D 1 S 2 D 3 S 4 S 6 ; D 1 - 3 ; D 1 - 2 S 3 ; D 1 - 2  END                0.0276    0.00651 -0.00711  0.02589
  59.    33   D 1 - 3 S 4 ; D 1 S 2 D 3 S 4 ; D 1 - 2 S 3 ; D 1 S 2 S 4  END            0.0276    0.00058 -0.00408 -0.00191  0.01957
                                                                                                 -0.00220  0.00498  0.00930 -0.00565
                                                                                                 -0.01446
  60.  3714   D 1 - 2 S 3 - 4 ; D 1 - 3 S 4 ; D 1 S 2 D 3 S 4 ; D 1 S 2  END            0.0276    0.00015 -0.00022 -0.01671 -0.01116
                                                                                                 -0.00338  0.01121  0.01417 -0.00170
                                                                                                 -0.00384
  61. 17377   D 1 - 2 S 3 S 5 ; D 1 - 3 S 4 ; D 1 - 2 S 3 - 4 ; D 1 S 2  END            0.0276   -0.00043 -0.00026 -0.01689 -0.00987
                                                                                                 -0.00304  0.01202  0.01416 -0.00273
                                                                                                 -0.00384
  62.    24   D 1 - 3 S 4 ; D 1 S 2 D 3 S 4 ; D 1 - 2 S 3 ; D 1 - 2  END                0.0274   -0.01310 -0.02374 -0.00425
  63.    25   D 1 - 3 S 4 ; D 1 - 3 ; D 1 - 2 S 3 ; D 1 S 2 S 4  END                    0.0274    0.01208 -0.01483  0.01968
  64.   665   S 1 D 2 - 3 ; D 1 - 3 ; D 1 - 3 S 5 ; D 1 - 2  END                        0.0272   -0.02718
  65. 38867   D 1 S 2 D 3 ; D 1 - 3 ; D 1 - 3 S 6 ; D 1 - 2  END                        0.0272    0.02718
  66.    54   D 1 - 3 S 4 ; D 1 - 2 S 3 - 4 ; D 1 S 2 - 4 ; D 1 - 2  END                0.0267    0.00386  0.00131 -0.02008  0.00924
                                                                                                  0.00134  0.00975 -0.01015  0.00142
                                                                                                 -0.00201
  67.    55   D 1 - 2 S 3 - 5 ; D 1 - 3 ; D 1 - 2 S 3 ; D 1 S 2 - 3  END                0.0267    0.00441  0.00163  0.00016 -0.02123
                                                                                                  0.00082  0.00482  0.01463  0.00054
                                                                                                  0.00059
  68. 13024   D 1 - 3 S 5 ; D 1 - 2 S 3 - 4 ; D 1 S 2 D 3 ; D 1 S 2 - 3  END            0.0267    0.00061  0.00234 -0.00377  0.02217
                                                                                                  0.00100  0.00368  0.00518  0.00103
                                                                                                 -0.01252
  69.  2006   D 1 - 3 S 4 ; D 1 - 4 ; D 1 S 2 ; D 1 - 2  END                            0.0267    0.02665
  70.    90   D 1 - 4 S 5 ; D 1 - 3 ; D 1 - 2 S 3 ; D 1  END                            0.0267    0.02665
  71.   308   D 1 - 3 S 4 ; D 1 - 3 ; S 1 D 2 - 3 ; D 1 S 2 - 3  END                    0.0261    0.02184 -0.01424  0.00190
  72.  3001   D 1 - 3 S 6 ; D 1 - 2 S 3 - 4 ; D 1 - 2 S 3 ; D 1 - 2  END                0.0261    0.00212  0.02271 -0.01277
  73.  1990   D 1 - 3 S 4 S 6 ; D 1 - 3 S 4 ; D 1 S 2 - 3 ; D 1 S 2  END                0.0257    0.00048 -0.00053 -0.01828 -0.00289
                                                                                                 -0.00098  0.01099 -0.01124  0.00018
                                                                                                  0.00847
  74.  2074   D 1 - 3 S 4 - 5 ; D 1 - 3 S 4 ; S 1 D 2 S 3 ; D 1 S 2  END                0.0257   -0.00053  0.00038  0.01821  0.00865
                                                                                                  0.00111 -0.00577  0.01019 -0.00341
                                                                                                 -0.01028
  75.     1   D 1 - 3 S 4 ; D 1 - 3 ; D 1 - 2 S 3 ; D 1 - 2  END                        0.0242   -0.02419
  76.   131   D 1 - 4 S 6 ; D 1 - 3 ; S 1 - 3 ; D 1 - 2  END                            0.0241   -0.01490 -0.01238  0.01440
  77.  2090   D 1 - 3 S 4 - 6 ; D 1 - 3 ; S 1 D 2 ; D 1 - 2  END                        0.0241   -0.00095  0.02359  0.00502
  78.   359   D 1 - 3 ; S 1 D 2 - 3 ; D 1 - 3 ; D 1 - 2 S 4  END                        0.0240    0.02397
  79. 38812   D 1 - 3 ; D 1 S 2 D 3 ; D 1 - 3 ; D 1 - 2 S 5  END                        0.0240   -0.02397
  80.  1989   D 1 - 3 S 4 - 5 ; D 1 - 3 S 5 ; D 1 S 2 - 3 ; D 1 S 2  END                0.0237   -0.00101 -0.00080  0.01969  0.00195
                                                                                                  0.00013 -0.00105  0.00955 -0.00630
                                                                                                 -0.00600
  81.  1996   D 1 - 3 S 4 - 5 ; D 1 - 3 S 4 ; D 1 S 2 - 3 ; S 1 D 2  END                0.0237    0.00052  0.00109 -0.01972  0.00222
                                                                                                 -0.00007  0.00466 -0.00999  0.00411
                                                                                                  0.00524
  82.  2870   D 1 - 3 ; D 1 - 3 S 4 ; D 1 - 3 ; S 1 - 3  END                            0.0236   -0.02288  0.00552  0.00168
  83.  2980   D 1 - 3 ; D 1 - 2 S 3 - 5 ; D 1 - 3 ; D 1 S 2  END                        0.0236   -0.00366 -0.00807 -0.02186
  84.     7   D 1 - 3 S 4 ; D 1 - 2 S 3 - 4 ; D 1 - 2 S 3 ; D 1 - 2  END                0.0232    0.00162 -0.02156 -0.00846
  85.     8   D 1 - 3 S 4 ; D 1 - 3 ; D 1 - 2 S 3 ; D 1 S 2 - 3  END                    0.0232    0.00271 -0.02117  0.00913
  86.    57   D 1 - 4 ; D 1 - 3 S 5 ; D 1 - 2 ; S 1 D 2  END                            0.0232    0.02319
  87. 12912   D 1 - 3 ; D 1 - 2 S 3 - 5 ; D 1 - 3 ; S 1 - 3  END                        0.0228   -0.00029 -0.00190  0.01339  0.01423
                                                                                                 -0.00070  0.00539 -0.00305 -0.00807
                                                                                                 -0.00545
  88.  2240   D 1 - 3 S 4 - 5 ; D 1 - 2 S 3 ; D 1 S 2 - 3 ; D 1 - 2 S 4  END            0.0223    0.00317  0.00293  0.01880 -0.00124
                                                                                                  0.00223 -0.00715  0.00569 -0.00588
                                                                                                 -0.00091
  89.  2401   D 1 - 3 S 4 - 5 ; D 1 S 2 D 3 ; D 1 S 2 - 3 ; D 1 - 2 S 3  END            0.0223    0.00391  0.00256  0.01888  0.00330
                                                                                                  0.00208 -0.00263  0.00446 -0.00826
                                                                                                 -0.00304
  90.  2117   D 1 - 3 S 4 D 5 ; D 1 - 3 ; S 1 - 3 ; D 1 - 2  END                        0.0217   -0.01500 -0.00941  0.01257
  91.  2031   D 1 - 3 S 4 - 6 ; D 1 - 3 ; D 1 S 3 ; D 1 - 2  END                        0.0217    0.00082 -0.02060 -0.00681
  92.   539   D 1 S 2 D 3 S 4 - 5 ; D 1 - 3 ; D 1 S 2 D 3 ; D 1 - 2  END                0.0215   -0.00441  0.01842 -0.01008
  93.  2921   D 1 - 3 S 5 ; D 1 - 3 ; D 1 S 2 - 3 S 5 ; D 1 - 2  END                    0.0215    0.00102 -0.01602  0.01423
  94.   324   D 1 - 3 S 4 ; D 1 - 2 S 3 - 4 ; S 1 D 2 - 3 ; D 1 - 2  END                0.0207    0.00132  0.01906 -0.00798
  95.  2884   D 1 - 3 S 6 ; D 1 - 3 ; D 1 - 2 S 3 ; D 1 S 2 - 3  END                    0.0207    0.01594 -0.01296  0.00260
  96.    67   D 1 S 2 D 3 S 4 ; D 1 - 3 S 4 ; D 1 - 2 S 3 S 5 ; D 1 S 2  END            0.0205   -0.00045 -0.00076  0.00132 -0.00052
                                                                                                 -0.00553 -0.00133 -0.01661 -0.00348
                                                                                                  0.00993
  97.  2390   D 1 - 3 S 4 ; D 1 S 2 D 3 S 4 ; D 1 S 2 D 3 ; D 1 S 2 S 4  END            0.0204    0.00679  0.00559  0.01154 -0.00959
                                                                                                  0.00357 -0.00943  0.00184  0.00129
                                                                                                 -0.00242
  98. 13425   D 1 - 3 S 5 ; D 1 S 2 D 3 S 4 ; D 1 - 2 S 3 ; D 1 S 2 S 4  END            0.0204    0.00661  0.00567  0.01207 -0.00931
                                                                                                  0.00360 -0.00929  0.00119  0.00084
                                                                                                 -0.00233
  99.   535   D 1 S 2 D 3 S 4 ; D 1 - 3 S 4 ; D 1 - 3 ; D 1 S 2  END                    0.0204   -0.00126  0.02000 -0.00364
 100.  2886   D 1 - 3 ; D 1 - 3 S 4 ; D 1 - 2 S 3 S 5 ; D 1 S 2  END                    0.0204    0.01928  0.00041 -0.00657




 POSITION OF FIRST SPIN COUPLING FOR TEN MOST IMPORTANT CONFIGURATIONS
       2      4      5    861    274    252    253      6     23     83



 ELAPSED TIME =     518.91 CPU SECONDS. (    519.02 WALL CLOCK SECONDS)
