 ************************************************************************
 * RTSIM - DAVIDSON METHOD SPARSE MATRIX EIGENVALUE/EIGENVECTOR PROGRAM *
 * QUANTUM CHEMISTRY GROUP - INDIANA UNIVERSITY - 30Aug 2010  22:28:33  *
 ************************************************************************



                 DIAGONALIZATION RUN TITLE
                 -------------------------
 )* WATER TEST *



 ) DAVIDSON
 ) LAST=2
 ) COEFF
 ) NOVLP
 ) MAXITR=1000 END

 THE CI MATRIX IS TITLED:  H2O  -SINGLET A1-  STO-3G HF SD-CI TEST
 THE MATRIX IS DATED:     30Aug 2010  22:28:12 
 THE SPIN MULTIPLICITY IS 3 AND THE DIMENSION IS  92161.

 ROOTS  1 THROUGH  2 WILL BE OBTAINED.

  
  
  
 AMOUNT OF CORE AVAILABLE                      30000000
 MAXIMUM NUMBER OF VECTORS PER ITERATION              2
 MAXIMUM NUMBER OF VECTORS ON DISK                   16
 NUMBER OF SOLUTIONS SOUGHT                           2
 NUMBER OF SOLUTIONS INVESTIGATED                     2
 SIZE OF MATRIX DIAGONALISED                      92161
  
  
 INITIAL GUESS AT ROOTS (OBTAINED FROM DIAGONAL ELEMENTS OF HAMILTONIAN MATRIX)

                1        -875.76119
                5        -872.47022


 ITERATION       ROOT           EIGENVALUE          NORM OF RESIDUAL
     1             1          -875.84842491              6.52644
     1             2          -872.38298025              6.85067
     2             1          -878.48866851              7.33371
     2             2          -873.11500415             11.54906
     2             1          -878.48866851              3.29173
     2             2          -873.11500415              6.50696
     3             1          -879.01213328              4.39589
     3             2          -875.42840708             18.66643
     3             1          -879.01213328              1.57226
     3             2          -875.42840708              4.97528
     4             1          -879.13418001              2.77128
     4             2          -876.90927896              9.28536
     4             1          -879.13418001              0.81331
     4             2          -876.90927896              2.34368
     5             1          -879.16404428              1.53864
     5             2          -877.19086119              4.54435
     5             1          -879.16404428              0.40557
     5             2          -877.19086119              1.19487
     6             1          -879.17106283              0.80057
     6             2          -877.27916811              3.64286
     6             1          -879.17106283              0.19535
     6             2          -877.27916811              0.74198
     7             1          -879.17271437              0.41820
     7             2          -877.31000105              2.49137
     7             1          -879.17271437              0.10127
     7             2          -877.31000105              0.43095
     8             1          -879.17314833              0.23682
     8             2          -877.31919523              1.40080
  truncating with vlp=false 
 TRUNCATION TO 1 VECTOR PER ROOT HAS BEEN PERFORMED
     8             1          -879.17314833              0.05183
     8             2          -877.31919523              0.24582
     9             1          -879.17323602              0.05046
     9             2          -877.32144533              0.27816
     9             1          -879.17323602              0.02749
     9             2          -877.32144533              0.13576
    10             1          -879.17327449              0.07793
    10             2          -877.32263810              0.50375
    10             1          -879.17327449              0.01605
    10             2          -877.32263810              0.08817
    11             1          -879.17328590              0.04752
    11             2          -877.32307916              0.37036
    11             1          -879.17328590              0.00835
    11             2          -877.32307916              0.05518
    12             1          -879.17328882              0.02338
    12             2          -877.32327137              0.27071
    12             1          -879.17328882              0.00410
    12             2          -877.32327137              0.03661
    13             1          -879.17328958              0.01200
    13             2          -877.32336016              0.19963
    13             1          -879.17328958              0.00202
    13             2          -877.32336016              0.02114
    14             1          -879.17328978              0.00656
    14             2          -877.32338344              0.08683
    14             1          -879.17328978              0.00105
    14             2          -877.32338344              0.01116
    15             1          -879.17328983              0.00335
    15             2          -877.32339072              0.04880
  truncating with vlp=false 
 TRUNCATION TO 1 VECTOR PER ROOT HAS BEEN PERFORMED
    15             1          -879.17328983              0.00046
    15             2          -877.32339072              0.00771
    16             1          -879.17328984              0.00053
    16             2          -877.32339349              0.01232
    16             1          -879.17328984              0.00025
    16             2          -877.32339349              0.00458
    17             1          -879.17328984              0.00085
    17             2          -877.32339578              0.02921
    17             1          -879.17328984              0.00015
    17             2          -877.32339578              0.00439
    18             1          -879.17328984              0.00046
    18             2          -877.32339729              0.02606
    18             1          -879.17328984              0.00008
    18             2          -877.32339729              0.00309
     ROOT    ITERATION     NUMBER OF PRODUCTS       EIGENVALUE
       1        18                34                -879.1732898408


    19             2          -877.32339779              0.01286
    19             2          -877.32339779              0.00184
    20             2          -877.32339796              0.00702
    20             2          -877.32339796              0.00109
    21             2          -877.32339803              0.00437
    21             2          -877.32339803              0.00067
    22             2          -877.32339806              0.00292
    22             2          -877.32339806              0.00048
    23             2          -877.32339807              0.00280
    23             2          -877.32339807              0.00037
    24             2          -877.32339808              0.00119
    24             2          -877.32339808              0.00014
    25             2          -877.32339808              0.00051
    25             2          -877.32339808              0.00008
     ROOT    ITERATION     NUMBER OF PRODUCTS       EIGENVALUE
       2        25                41                -877.3233980793


  all roots converged 
  

 ************************************
 COMPLETED CI VECTOR OPTIMISATION
 ************************************





 ********************************
 RESULTS FOR ROOT   01
 TOTAL CI ENERGY =   -879.1732898
 ********************************

       CONF.                                                                           COEFF.
        NO.        SPACE ORBITAL PRODUCTS                                             CONTRIB.      CI COEFFICIENTS

       -----       ----------------------                                             --------   ---------------------
   1.     1   D 1 - 3 S 4 ; D 1 - 3 ; D 1 - 2 S 3 ; D 1 - 2  END                        0.8399    0.83986
   2.     2   D 1 - 3 ; D 1 - 3 S 4 ; D 1 - 3 ; D 1 S 2  END                            0.2183    0.21833
   3.     3   D 1 - 3 S 5 ; D 1 - 3 ; D 1 S 2 D 3 ; D 1 - 2  END                        0.1167    0.11671
   4.     5   D 1 - 3 S 5 ; D 1 - 3 ; D 1 - 2 S 3 ; D 1 - 2  END                        0.0955    0.09547
   5.     4   D 1 - 3 S 4 ; D 1 - 3 ; D 1 S 2 D 3 ; D 1 - 2  END                        0.0955    0.09547
   6.    11   D 1 - 4 ; D 1 - 3 S 4 ; D 1 - 2 ; D 1 S 2  END                            0.0830   -0.08302
   7.     6   D 1 - 3 S 6 ; D 1 - 3 ; S 1 D 2 - 3 ; D 1 - 2  END                        0.0795   -0.07948
   8.     8   D 1 - 3 S 4 ; D 1 - 2 S 3 - 4 ; D 1 - 2 S 3 ; D 1 S 2 - 3  END            0.0789    0.00922  0.00210 -0.04939  0.04806
                                                                                                  0.00389  0.02872 -0.01646 -0.00104
                                                                                                 -0.01682
   9.    10   D 1 - 3 S 4 ; D 1 - 2 S 3 - 4 ; D 1 - 2 S 3 ; D 1 - 2  END                0.0778    0.00861  0.03698 -0.06787
  10.     9   D 1 - 3 S 4 ; D 1 - 3 ; D 1 - 2 S 3 ; D 1 S 2 - 3  END                    0.0778   -0.07571  0.00717  0.01623
  11.     7   D 1 - 3 ; D 1 - 3 S 5 ; D 1 - 3 ; S 1 D 2  END                            0.0775   -0.07754
  12.  3734   D 1 - 3 S 4 ; D 1 - 3 ; D 1 - 2 S 4 ; D 1 - 2  END                        0.0557   -0.05574
  13.    19   D 1 - 2 S 3 D 4 ; D 1 - 3 ; D 1 - 2 S 3 ; D 1 - 2  END                    0.0557   -0.05574
  14.   168   D 1 - 3 S 4 ; D 1 - 4 ; D 1 - 2 S 3 ; D 1  END                            0.0551   -0.05506
  15.   884   D 1 - 3 S 4 - 5 ; D 1 - 3 S 4 ; D 1 S 2 - 3 ; D 1 S 2  END                0.0528    0.00036  0.00011 -0.03893  0.01197
                                                                                                  0.00182 -0.00352  0.02134  0.01914
                                                                                                 -0.01694
  16.   875   D 1 - 3 S 4 ; D 1 - 3 S 4 - 5 ; D 1 - 2 S 3 ; S 1 - 2  END                0.0469    0.00103 -0.00008 -0.02924  0.02066
                                                                                                 -0.00086  0.02854 -0.00637 -0.00484
                                                                                                 -0.00635
  17.  3844   D 1 - 2 S 3 ; D 1 - 3 ; D 1 - 3 S 4 ; D 1 - 2  END                        0.0468   -0.04678
  18.  4369   D 1 - 2 S 3 - 4 ; D 1 - 3 S 4 ; D 1 - 2 S 3 - 4 ; D 1 S 2  END            0.0465    0.00260  0.00062  0.03019  0.01526
                                                                                                 -0.00208 -0.02040 -0.02227 -0.00415
                                                                                                  0.00868
  19.   923   D 1 - 3 S 4 - 5 ; D 1 - 2 S 3 ; D 1 S 2 - 3 ; D 1 - 2 S 3  END            0.0437   -0.00014  0.00519  0.03367 -0.01400
                                                                                                  0.00158  0.00487 -0.01039 -0.01893
                                                                                                  0.00768
  20.   734   D 1 - 2 S 3 - 5 ; D 1 - 3 ; D 1 - 2 S 3 ; D 1 - 2  END                    0.0426   -0.00670 -0.00545 -0.04174
  21.  3741   D 1 - 3 S 4 ; D 1 - 3 ; D 1 S 2 - 4 ; D 1 - 2  END                        0.0426    0.03888 -0.01731  0.00232
  22.    56   D 1 - 3 ; D 1 - 3 S 4 ; D 1 - 3 ; S 1 D 2  END                            0.0420    0.04198
  23.   700   D 1 - 3 ; D 1 - 3 S 5 ; D 1 - 3 ; D 1 S 2  END                            0.0420   -0.04198
  24.    50   D 1 - 3 S 4 ; D 1 - 3 ; D 1 S 2 D 3 ; D 1 S 2 - 3  END                    0.0415   -0.03975  0.01025  0.00634
  25.   964   D 1 - 3 S 5 ; D 1 - 2 S 3 - 4 ; D 1 - 2 S 3 ; D 1 - 2  END                0.0415    0.00324  0.02545 -0.03267
  26.  3730   D 1 - 3 S 4 ; D 1 - 3 ; D 1 - 2 S 3 ; D 1 S 2 S 4  END                    0.0401   -0.02207 -0.03251  0.00806
  27.    67   D 1 - 3 S 4 ; D 1 S 2 D 3 S 4 ; D 1 - 2 S 3 ; D 1 - 2  END                0.0401    0.01610 -0.01901 -0.03143
  28.  4095   D 1 - 3 S 4 ; D 1 - 2 S 3 - 4 ; D 1 - 2 S 4 ; D 1 - 2  END                0.0382   -0.00976 -0.02651  0.02575
  29.    84   D 1 - 2 S 3 D 4 ; D 1 - 3 ; D 1 - 2 S 3 ; D 1 S 2 - 3  END                0.0382    0.03678 -0.01006  0.00275
  30.  4209   D 1 - 3 S 4 ; D 1 S 2 D 3 S 4 ; D 1 - 2 S 3 ; D 1 S 2 S 4  END            0.0371   -0.01097 -0.00551 -0.01757  0.02427
                                                                                                 -0.00522  0.01716  0.00160 -0.00003
                                                                                                 -0.00253
  31.  6259   D 1 - 2 S 3 - 5 ; D 1 - 3 ; D 1 S 2 - 4 ; D 1 - 2  END                    0.0369   -0.00110  0.00082 -0.02337 -0.02083
                                                                                                  0.00048 -0.01067  0.00209  0.01404
                                                                                                  0.00779
  32.    57   D 1 - 3 ; D 1 - 2 S 3 ; D 1 - 3 ; D 1 - 2 S 3  END                        0.0363   -0.03629
  33.  4396   D 1 - 2 S 3 - 4 ; D 1 - 2 S 3 ; D 1 - 2 S 3 - 4 ; D 1 - 2 S 3  END        0.0360    0.00301 -0.00036 -0.02820 -0.01018
                                                                                                  0.00098  0.01486  0.01263  0.00231
                                                                                                  0.00005
  34.   898   D 1 - 3 S 4 S 6 ; D 1 - 3 S 4 ; S 1 D 2 S 3 ; D 1 S 2  END                0.0359   -0.00032  0.00177  0.02324 -0.00869
                                                                                                 -0.00082  0.00269 -0.01839 -0.01281
                                                                                                  0.01253
  35.   663   D 1 - 4 S 5 ; D 1 - 3 ; D 1 S 2 ; D 1 - 2  END                            0.0359   -0.03586
  36.   918   D 1 - 3 S 4 ; D 1 - 2 S 3 S 5 ; D 1 - 2 S 3 ; S 1 D 2 S 3  END            0.0356   -0.00358 -0.00079  0.02399 -0.01766
                                                                                                 -0.00100 -0.01612  0.00898  0.00112
                                                                                                  0.00498
  37.   755   S 1 D 2 - 3 S 4 S 6 ; D 1 - 3 ; D 1 - 2 S 3 ; D 1 - 2  END                0.0350    0.01786 -0.01603  0.02550
  38.  3753   D 1 - 3 S 4 ; D 1 - 3 ; S 1 D 2 S 3 S 6 ; D 1 - 2  END                    0.0350   -0.01922  0.01699 -0.02384
  39.  3790   D 1 - 3 ; D 1 S 2 D 3 ; D 1 - 3 ; D 1 - 2 S 4  END                        0.0341   -0.03406
  40.   930   D 1 - 3 S 4 S 6 ; D 1 - 2 S 3 ; S 1 D 2 S 3 ; D 1 - 2 S 3  END            0.0318    0.00008 -0.00390 -0.02390  0.01072
                                                                                                 -0.00091 -0.00399  0.00774  0.01409
                                                                                                 -0.00584
  41.   675   D 1 - 4 S 6 ; D 1 - 3 ; S 1 D 2 ; D 1 - 2  END                            0.0310    0.03102
  42.  5838   D 1 - 3 S 4 - 5 ; D 1 - 2 S 3 ; D 1 - 2 S 3 - 4 ; D 1 S 2  END            0.0310    0.00438  0.00120 -0.02457  0.00864
                                                                                                  0.00058  0.01416 -0.00758 -0.00054
                                                                                                 -0.00096
  43.   290   D 1 - 2 S 3 - 4 ; D 1 - 3 S 4 ; D 1 S 2 - 3 ; D 1 - 2 S 3  END            0.0310    0.00090  0.00356 -0.02469 -0.01091
                                                                                                  0.00083 -0.00526 -0.00189  0.01027
                                                                                                  0.00889
  44.   714   D 1 - 3 S 4 ; D 1 S 2 D 3 S 5 ; D 1 - 2 S 3 ; D 1 - 2  END                0.0304   -0.00843 -0.00160  0.02912
  45.  3732   D 1 - 3 S 4 ; D 1 - 3 ; D 1 - 2 S 3 ; S 1 D 2 S 4  END                    0.0304   -0.02734 -0.01105  0.00721
  46.  3742   D 1 - 3 S 4 ; D 1 - 3 ; D 1 S 2 - 3 S 5 ; D 1 - 2  END                    0.0302   -0.01597  0.01741 -0.01888
  47.   744   D 1 S 2 D 3 S 4 - 5 ; D 1 - 3 ; D 1 - 2 S 3 ; D 1 - 2  END                0.0302    0.01253 -0.01498  0.02309
  48.   211   D 1 - 3 ; D 1 - 3 S 4 ; D 1 - 2 ; D 1 - 2 S 3  END                        0.0300    0.03000
  49.    12   D 1 - 4 ; D 1 - 2 S 3 ; D 1 - 3 ; D 1 S 2  END                            0.0300    0.03000
  50.  3823   D 1 - 2 S 3 D 4 ; D 1 - 3 ; D 1 - 2 S 4 ; D 1 - 2  END                    0.0295    0.02953
  51.  4102   D 1 - 3 S 4 ; D 1 - 2 S 3 - 4 ; D 1 S 2 - 4 ; D 1 - 2  END                0.0289    0.00009 -0.00275  0.02170 -0.01397
                                                                                                 -0.00149  0.00496 -0.00074 -0.00807
                                                                                                  0.00815
  52.  1094   D 1 - 2 S 3 - 5 ; D 1 - 3 ; D 1 - 2 S 3 ; D 1 S 2 - 3  END                0.0289   -0.00369  0.00080  0.01861  0.01550
                                                                                                 -0.00192 -0.01118 -0.00986  0.00036
                                                                                                 -0.00233
  53.  2168   D 1 - 3 S 4 - 5 ; D 1 - 3 S 5 ; D 1 S 2 - 3 ; S 1 D 2  END                0.0286   -0.00048  0.00084  0.02198 -0.00772
                                                                                                 -0.00029  0.00269 -0.00931 -0.01110
                                                                                                  0.00743
  54.  2178   D 1 - 3 S 4 D 5 ; D 1 - 3 ; D 1 S 3 ; D 1 - 2  END                        0.0283   -0.02830
  55.  3873   D 1 S 2 D 3 ; D 1 - 3 ; D 1 - 3 S 5 ; D 1 - 2  END                        0.0283   -0.02827
  56.  3902   S 1 D 2 - 3 ; D 1 - 3 ; D 1 - 3 S 6 ; D 1 - 2  END                        0.0279    0.02790
  57.   654   D 1 - 4 ; D 1 - 3 S 5 ; D 1 - 2 ; S 1 D 2  END                            0.0279    0.02788
  58.  6234   D 1 - 2 S 3 - 4 ; D 1 - 3 S 5 ; D 1 - 2 S 3 - 4 ; S 1 D 2  END            0.0272   -0.00024 -0.00016 -0.01991 -0.00869
                                                                                                  0.00106  0.01196  0.01064  0.00234
                                                                                                 -0.00270
  59.   204   D 1 - 3 S 4 ; D 1 - 2 ; D 1 - 2 S 3 ; D 1 - 3  END                        0.0272   -0.02716
  60.    42   D 1 - 4 ; D 1 - 2 S 3 ; D 1 - 2 ; D 1 - 2 S 3  END                        0.0272    0.02716
  61.  3735   D 1 - 3 S 4 ; D 1 - 3 ; D 1 - 2 S 5 ; D 1 - 2  END                        0.0270    0.02702
  62.    22   D 1 S 2 D 3 - 4 ; D 1 - 3 ; D 1 - 2 S 3 ; D 1 - 2  END                    0.0270    0.02702
  63.    92   D 1 - 2 S 3 - 4 ; D 1 - 3 S 4 ; D 1 - 3 ; D 1 S 2  END                    0.0261   -0.01207  0.01988 -0.01180
  64.  4134   D 1 - 3 ; D 1 - 3 S 4 ; D 1 - 2 S 3 - 4 ; D 1 S 2  END                    0.0261    0.02277  0.01260 -0.00178
  65.   703   D 1 - 3 S 5 ; D 1 - 3 ; S 1 D 2 - 3 ; D 1 - 2  END                        0.0252    0.02518
  66.   702   D 1 - 3 S 6 ; D 1 - 3 ; D 1 S 2 D 3 ; D 1 - 2  END                        0.0252   -0.02518
  67.   944   D 1 - 3 S 5 ; D 1 - 3 ; D 1 - 2 S 3 ; D 1 S 2 - 3  END                    0.0251    0.01265 -0.02114  0.00463
  68.    54   D 1 - 3 S 4 ; D 1 - 2 S 3 - 4 ; D 1 S 2 D 3 ; D 1 - 2  END                0.0251    0.00197 -0.02492  0.00191
  69.  4450   D 1 S 2 D 3 S 4 ; D 1 - 3 S 4 ; D 1 - 2 S 3 S 5 ; D 1 S 2  END            0.0251   -0.00519 -0.00173  0.01572  0.00557
                                                                                                 -0.00443 -0.00860 -0.01480 -0.00092
                                                                                                  0.00255
  70.   745   D 1 S 2 D 3 S 4 S 6 ; D 1 - 3 ; D 1 - 2 S 3 ; D 1 - 2  END                0.0249   -0.00875  0.00148 -0.02327
  71.  3752   D 1 - 3 S 4 ; D 1 - 3 ; S 1 D 2 S 3 S 5 ; D 1 - 2  END                    0.0249   -0.02122  0.01029 -0.00800
  72.  4237   D 1 - 3 S 4 ; D 1 S 2 - 3 ; D 1 - 2 S 3 ; D 1 - 2 S 3 - 4  END            0.0245    0.00538  0.00173  0.01457 -0.01168
                                                                                                  0.00189 -0.01452  0.00213  0.00041
                                                                                                 -0.00077
  73.  3818   D 1 - 3 ; S 1 D 2 - 3 ; D 1 - 3 ; D 1 - 2 S 5  END                        0.0244    0.02442
  74.  6082   D 1 - 3 S 4 - 5 ; D 1 S 2 D 3 ; D 1 S 2 - 3 ; D 1 - 2 S 4  END            0.0233   -0.00174 -0.00424  0.01839 -0.00530
                                                                                                 -0.00233  0.00291 -0.00619 -0.00706
                                                                                                  0.00723
  75.    94   D 1 - 2 S 3 - 4 ; D 1 - 2 S 3 ; D 1 - 3 ; D 1 - 2 S 3  END                0.0233    0.01215 -0.01953 -0.00346
  76.  4168   D 1 - 3 ; D 1 - 2 S 3 ; D 1 - 2 S 3 - 4 ; D 1 - 2 S 3  END                0.0233   -0.02246  0.00052 -0.00601
  77.  3731   D 1 - 3 S 4 ; D 1 - 3 ; D 1 - 2 S 3 ; D 1 S 2 S 5  END                    0.0230    0.00275  0.02279 -0.00178
  78.    80   D 1 - 3 S 4 ; S 1 D 2 - 3 S 4 ; D 1 - 2 S 3 ; D 1 - 2  END                0.0230    0.01020 -0.01821 -0.00972
  79.  2203   D 1 - 3 S 4 - 6 ; D 1 - 3 ; S 1 - 3 ; D 1 - 2  END                        0.0226   -0.00034 -0.00057 -0.00367 -0.00683
                                                                                                  0.00135 -0.01546  0.00989  0.00966
                                                                                                 -0.00444
  80.  2166   D 1 - 3 S 4 - 5 ; D 1 - 3 S 5 ; D 1 S 2 - 3 ; D 1 S 2  END                0.0221   -0.00008 -0.00011 -0.01581  0.00904
                                                                                                 -0.00033 -0.00646 -0.00096  0.01013
                                                                                                 -0.00345
  81.   886   D 1 - 3 S 4 - 5 ; D 1 - 3 S 4 ; D 1 S 2 - 3 ; S 1 D 2  END                0.0221    0.00032  0.00000  0.01584 -0.01005
                                                                                                  0.00028  0.00564  0.00100 -0.00958
                                                                                                  0.00352
  82.  5881   D 1 - 3 S 4 ; D 1 - 2 S 3 S 5 ; D 1 S 2 - 4 ; D 1 - 2  END                0.0220    0.00052 -0.00221  0.01462 -0.00801
                                                                                                 -0.00065  0.00614 -0.00436 -0.00903
                                                                                                  0.00778
  83.  1096   D 1 - 2 S 3 - 5 ; D 1 - 3 ; D 1 - 2 S 3 ; S 1 D 2 S 3  END                0.0220    0.00205  0.00076 -0.01717 -0.00676
                                                                                                  0.00026  0.00970  0.00650 -0.00007
                                                                                                  0.00076
  84.  4290   D 1 - 3 S 4 ; S 1 D 2 - 3 S 4 ; D 1 - 2 S 3 ; D 1 S 2 S 5  END            0.0216    0.00580  0.00366  0.01083 -0.01328
                                                                                                  0.00352 -0.01054 -0.00040  0.00068
                                                                                                  0.00162
  85.  6349   D 1 S 2 D 3 S 4 - 5 ; D 1 - 3 ; D 1 S 2 - 3 S 5 ; D 1 - 2  END            0.0215   -0.00132 -0.00909 -0.00933 -0.01260
                                                                                                 -0.00381 -0.00500  0.00049  0.00940
                                                                                                 -0.00154
  86.  9592   D 1 - 2 S 3 - 4 ; D 1 S 2 D 3 ; D 1 - 2 S 3 - 4 ; D 1 - 2 S 4  END        0.0215    0.00417  0.00156 -0.01574 -0.00575
                                                                                                  0.00235  0.00811  0.00943  0.00020
                                                                                                 -0.00023
  87.  3771   D 1 - 4 ; D 1 S 2 D 3 ; D 1 - 2 ; D 1 - 2 S 4  END                        0.0215    0.02146
  88.  3733   D 1 - 3 S 4 ; D 1 - 3 ; D 1 - 2 S 3 ; S 1 D 2 S 5  END                    0.0213    0.00982  0.01876 -0.00194
  89.   727   D 1 - 3 S 4 ; S 1 D 2 - 3 S 5 ; D 1 - 2 S 3 ; D 1 - 2  END                0.0213   -0.01054  0.01156  0.01441
  90.    51   D 1 - 3 S 4 ; D 1 - 3 ; D 1 S 2 D 3 ; S 1 D 2 S 3  END                    0.0212   -0.01990 -0.00134  0.00709
  91.  2241   D 1 - 3 S 5 ; D 1 - 2 S 3 S 5 ; D 1 - 2 S 3 ; D 1 - 2  END                0.0212   -0.00148 -0.00622  0.02018
  92.  9616   D 1 - 2 S 4 ; D 1 - 3 ; D 1 - 2 S 3 D 4 ; D 1 - 2  END                    0.0207   -0.02072
  93.  2193   D 1 - 3 S 4 S 6 ; D 1 - 3 S 5 ; S 1 D 2 S 3 ; S 1 D 2  END                0.0204    0.00029 -0.00115 -0.01501  0.00561
                                                                                                  0.00004 -0.00190  0.00773  0.00793
                                                                                                 -0.00560
  94.   901   D 1 - 3 S 4 ; D 1 - 3 S 4 - 5 ; S 1 D 2 ; D 1 - 2  END                    0.0196    0.00051 -0.01777  0.00830
  95.   650   D 1 - 4 S 6 ; D 1 - 3 ; D 1 - 2 S 3 ; S 1 - 2  END                        0.0196    0.01498 -0.01265  0.00056
  96.   754   S 1 D 2 - 3 S 4 - 5 ; D 1 - 3 ; D 1 - 2 S 3 ; D 1 - 2  END                0.0195   -0.01022  0.01228 -0.01111
  97.  3743   D 1 - 3 S 4 ; D 1 - 3 ; D 1 S 2 - 3 S 6 ; D 1 - 2  END                    0.0195   -0.00670  0.00978 -0.01543
  98.  4477   D 1 S 2 D 3 S 4 ; D 1 - 2 S 3 ; D 1 - 2 S 3 S 5 ; D 1 - 2 S 3  END        0.0192    0.00535  0.00120 -0.01433 -0.00405
                                                                                                  0.00232  0.00647  0.00835  0.00015
                                                                                                  0.00111
  99.  4531   S 1 D 2 - 3 S 4 ; D 1 - 3 S 4 ; D 1 - 2 S 3 S 6 ; D 1 S 2  END            0.0192    0.00533  0.00170 -0.01081 -0.00273
                                                                                                  0.00490  0.00529  0.01239  0.00115
                                                                                                 -0.00216
 100.   647   D 1 - 4 S 5 ; D 1 - 3 ; D 1 - 2 S 3 ; D 1  END                            0.0190   -0.01898




 POSITION OF FIRST SPIN COUPLING FOR TEN MOST IMPORTANT CONFIGURATIONS
       1      2      3      5      4     23      6      8     20     17



 ********************************
 RESULTS FOR ROOT   02
 TOTAL CI ENERGY =   -877.3233981
 ********************************

       CONF.                                                                           COEFF.
        NO.        SPACE ORBITAL PRODUCTS                                             CONTRIB.      CI COEFFICIENTS

       -----       ----------------------                                             --------   ---------------------
   1.     2   D 1 - 3 ; D 1 - 3 S 4 ; D 1 - 3 ; D 1 S 2  END                            0.4932   -0.49319
   2.     5   D 1 - 3 S 5 ; D 1 - 3 ; D 1 - 2 S 3 ; D 1 - 2  END                        0.4846    0.48462
   3.     4   D 1 - 3 S 4 ; D 1 - 3 ; D 1 S 2 D 3 ; D 1 - 2  END                        0.4846    0.48462
   4.   701   D 1 - 3 S 6 ; D 1 - 3 ; D 1 - 2 S 3 ; D 1 - 2  END                        0.1093   -0.10932
   5.    14   D 1 - 3 S 4 ; D 1 - 3 ; S 1 D 2 - 3 ; D 1 - 2  END                        0.1093    0.10932
   6.     7   D 1 - 3 ; D 1 - 3 S 5 ; D 1 - 3 ; S 1 D 2  END                            0.1020    0.10201
   7.    11   D 1 - 4 ; D 1 - 3 S 4 ; D 1 - 2 ; D 1 S 2  END                            0.1004    0.10042
   8.   702   D 1 - 3 S 6 ; D 1 - 3 ; D 1 S 2 D 3 ; D 1 - 2  END                        0.0988   -0.09880
   9.   703   D 1 - 3 S 5 ; D 1 - 3 ; S 1 D 2 - 3 ; D 1 - 2  END                        0.0988    0.09880
  10.     3   D 1 - 3 S 5 ; D 1 - 3 ; D 1 S 2 D 3 ; D 1 - 2  END                        0.0895   -0.08946
  11.   700   D 1 - 3 ; D 1 - 3 S 5 ; D 1 - 3 ; D 1 S 2  END                            0.0835   -0.08352
  12.    56   D 1 - 3 ; D 1 - 3 S 4 ; D 1 - 3 ; S 1 D 2  END                            0.0835    0.08352
  13.  3790   D 1 - 3 ; D 1 S 2 D 3 ; D 1 - 3 ; D 1 - 2 S 4  END                        0.0577    0.05769
  14.   884   D 1 - 3 S 4 - 5 ; D 1 - 3 S 4 ; D 1 S 2 - 3 ; D 1 S 2  END                0.0514   -0.00213 -0.00245 -0.01145  0.00484
                                                                                                 -0.00507 -0.00299 -0.04351  0.00522
                                                                                                  0.02292
  15.     8   D 1 - 3 S 4 ; D 1 - 2 S 3 - 4 ; D 1 - 2 S 3 ; D 1 S 2 - 3  END            0.0512    0.00107 -0.00818 -0.00490 -0.04041
                                                                                                 -0.00220  0.00019 -0.01536 -0.00607
                                                                                                  0.02482
  16.  3845   D 1 - 2 S 3 ; D 1 - 3 ; D 1 - 3 S 5 ; D 1 - 2  END                        0.0468    0.04678
  17.  3872   D 1 S 2 D 3 ; D 1 - 3 ; D 1 - 3 S 4 ; D 1 - 2  END                        0.0468    0.04678
  18.  3844   D 1 - 2 S 3 ; D 1 - 3 ; D 1 - 3 S 4 ; D 1 - 2  END                        0.0416    0.04158
  19.   663   D 1 - 4 S 5 ; D 1 - 3 ; D 1 S 2 ; D 1 - 2  END                            0.0412    0.04121
  20.   877   D 1 - 3 S 4 - 5 ; D 1 - 3 S 4 ; D 1 - 2 ; D 1 S 2  END                    0.0400    0.00292  0.03991  0.00146
  21.    31   D 1 - 4 ; D 1 - 3 S 4 ; D 1 S 2 - 3 ; D 1 S 2  END                        0.0400    0.03665 -0.00929 -0.01318
  22.  3735   D 1 - 3 S 4 ; D 1 - 3 ; D 1 - 2 S 5 ; D 1 - 2  END                        0.0392    0.03922
  23.    22   D 1 S 2 D 3 - 4 ; D 1 - 3 ; D 1 - 2 S 3 ; D 1 - 2  END                    0.0392    0.03922
  24.     1   D 1 - 3 S 4 ; D 1 - 3 ; D 1 - 2 S 3 ; D 1 - 2  END                        0.0386    0.03856
  25.   697   D 1 - 3 S 4 ; D 1 - 2 S 3 S 5 ; D 1 - 2 S 3 ; D 1 - 2  END                0.0371   -0.00756 -0.01463  0.03320
  26.    49   D 1 - 3 S 4 ; D 1 - 3 ; D 1 - 2 S 3 ; S 1 D 2 S 3  END                    0.0371   -0.03652 -0.00096  0.00620
  27.   875   D 1 - 3 S 4 ; D 1 - 3 S 4 - 5 ; D 1 - 2 S 3 ; S 1 - 2  END                0.0362    0.00065  0.00111 -0.00179 -0.00917
                                                                                                  0.00242 -0.02249 -0.01770  0.01348
                                                                                                  0.01477
  28.   898   D 1 - 3 S 4 S 6 ; D 1 - 3 S 4 ; S 1 D 2 S 3 ; D 1 S 2  END                0.0356    0.00004  0.00109  0.00343  0.00038
                                                                                                  0.00157 -0.00095  0.03018 -0.00038
                                                                                                 -0.01836
  29.  1547   D 1 - 3 S 5 ; D 1 - 2 S 3 - 4 ; D 1 - 2 S 3 ; D 1 S 2 - 3  END            0.0343    0.00507  0.00033 -0.02519  0.00876
                                                                                                  0.00185  0.01487 -0.01463 -0.00008
                                                                                                  0.00173
  30.   199   D 1 - 3 S 4 ; D 1 - 2 S 3 - 4 ; D 1 S 2 D 3 ; D 1 S 2 - 3  END            0.0343    0.00417  0.00123 -0.02607  0.00834
                                                                                                  0.00170  0.01413 -0.01435 -0.00078
                                                                                                  0.00119
  31.   168   D 1 - 3 S 4 ; D 1 - 4 ; D 1 - 2 S 3 ; D 1  END                            0.0336    0.03355
  32.  2170   D 1 - 3 S 4 D 5 ; D 1 - 3 ; D 1 S 2 ; D 1 - 2  END                        0.0332   -0.03320
  33.   667   D 1 - 4 S 5 ; D 1 - 3 ; D 1 S 3 ; D 1 - 2  END                            0.0332   -0.03320
  34.  4369   D 1 - 2 S 3 - 4 ; D 1 - 3 S 4 ; D 1 - 2 S 3 - 4 ; D 1 S 2  END            0.0323    0.00158  0.00136 -0.00131  0.00061
                                                                                                  0.00765  0.00170  0.02694  0.00394
                                                                                                 -0.01530
  35.  1473   D 1 - 3 S 5 ; D 1 - 4 ; D 1 - 2 S 3 ; D 1  END                            0.0321   -0.03212
  36.   174   D 1 - 3 S 4 ; D 1 - 4 ; D 1 S 2 D 3 ; D 1  END                            0.0321   -0.03212
  37.   735   D 1 - 2 S 3 - 4 S 6 ; D 1 - 3 ; D 1 - 2 S 3 ; D 1 - 2  END                0.0320    0.00463  0.00078  0.03168
  38.  3751   D 1 - 3 S 4 ; D 1 - 3 ; S 1 D 2 S 3 - 4 ; D 1 - 2  END                    0.0320    0.02778 -0.01558  0.00333
  39.   919   D 1 - 3 S 4 - 5 ; D 1 - 2 S 3 ; D 1 - 2 ; D 1 - 2 S 3  END                0.0310    0.00873 -0.02905 -0.00621
  40.    43   D 1 - 4 ; D 1 - 2 S 3 ; D 1 S 2 - 3 ; D 1 - 2 S 3  END                    0.0310   -0.03029  0.00611 -0.00185
  41.    57   D 1 - 3 ; D 1 - 2 S 3 ; D 1 - 3 ; D 1 - 2 S 3  END                        0.0304    0.03041
  42.  3818   D 1 - 3 ; S 1 D 2 - 3 ; D 1 - 3 ; D 1 - 2 S 5  END                        0.0285   -0.02849
  43.  3734   D 1 - 3 S 4 ; D 1 - 3 ; D 1 - 2 S 4 ; D 1 - 2  END                        0.0279   -0.02792
  44.    19   D 1 - 2 S 3 D 4 ; D 1 - 3 ; D 1 - 2 S 3 ; D 1 - 2  END                    0.0279   -0.02792
  45.  3736   D 1 - 3 S 4 ; D 1 - 3 ; D 1 - 2 S 6 ; D 1 - 2  END                        0.0278    0.02779
  46.    25   S 1 D 2 - 4 ; D 1 - 3 ; D 1 - 2 S 3 ; D 1 - 2  END                        0.0278   -0.02779
  47.  1552   D 1 - 3 S 5 ; D 1 - 2 S 3 - 4 ; D 1 S 2 D 3 ; D 1 S 2 - 3  END            0.0272   -0.00061 -0.00250  0.00389 -0.02275
                                                                                                 -0.00096 -0.00345 -0.00502 -0.00138
                                                                                                  0.01272
  48.  3873   D 1 S 2 D 3 ; D 1 - 3 ; D 1 - 3 S 5 ; D 1 - 2  END                        0.0269    0.02687
  49.  2653   D 1 - 3 S 5 ; D 1 - 3 S 4 - 5 ; D 1 - 2 S 3 ; S 1 - 2  END                0.0266    0.00025  0.00049 -0.01760  0.01012
                                                                                                  0.00006  0.01590 -0.00639 -0.00168
                                                                                                 -0.00005
  50.   882   D 1 - 3 S 4 ; D 1 - 3 S 4 - 5 ; D 1 S 2 D 3 ; S 1 - 2  END                0.0266   -0.00021  0.00036 -0.01853  0.00938
                                                                                                  0.00040  0.01557 -0.00571 -0.00110
                                                                                                 -0.00086
  51.  7480   D 1 - 2 S 3 S 5 ; D 1 - 3 S 4 ; D 1 - 2 S 3 - 4 ; D 1 S 2  END            0.0261    0.00049  0.00009  0.01610  0.00946
                                                                                                  0.00301 -0.01126 -0.01320  0.00254
                                                                                                  0.00383
  52.  4377   D 1 - 2 S 3 - 4 ; D 1 - 3 S 4 ; D 1 S 2 D 3 S 4 ; D 1 S 2  END            0.0261    0.00009  0.00002  0.01597  0.01050
                                                                                                  0.00328 -0.01057 -0.01324  0.00171
                                                                                                  0.00376
  53.   734   D 1 - 2 S 3 - 5 ; D 1 - 3 ; D 1 - 2 S 3 ; D 1 - 2  END                    0.0258    0.01568  0.01895 -0.00783
  54.  3741   D 1 - 3 S 4 ; D 1 - 3 ; D 1 S 2 - 4 ; D 1 - 2  END                        0.0258   -0.00777 -0.02454 -0.00186
  55.  3901   S 1 D 2 - 3 ; D 1 - 3 ; D 1 - 3 S 5 ; D 1 - 2  END                        0.0255    0.02554
  56.  3874   D 1 S 2 D 3 ; D 1 - 3 ; D 1 - 3 S 6 ; D 1 - 2  END                        0.0255   -0.02554
  57.    67   D 1 - 3 S 4 ; D 1 S 2 D 3 S 4 ; D 1 - 2 S 3 ; D 1 - 2  END                0.0254    0.01349  0.02136  0.00244
  58.  3730   D 1 - 3 S 4 ; D 1 - 3 ; D 1 - 2 S 3 ; D 1 S 2 S 4  END                    0.0254   -0.01257  0.01215 -0.01841
  59.  3743   D 1 - 3 S 4 ; D 1 - 3 ; D 1 S 2 - 3 S 6 ; D 1 - 2  END                    0.0253   -0.00967  0.01363 -0.01901
  60.   754   S 1 D 2 - 3 S 4 - 5 ; D 1 - 3 ; D 1 - 2 S 3 ; D 1 - 2  END                0.0253   -0.01231  0.01550 -0.01577
  61.  1094   D 1 - 2 S 3 - 5 ; D 1 - 3 ; D 1 - 2 S 3 ; D 1 S 2 - 3  END                0.0253   -0.00475 -0.00156 -0.00013  0.01997
                                                                                                 -0.00108 -0.00465 -0.01391 -0.00066
                                                                                                 -0.00039
  62.  4102   D 1 - 3 S 4 ; D 1 - 2 S 3 - 4 ; D 1 S 2 - 4 ; D 1 - 2  END                0.0253   -0.00398 -0.00140  0.01918 -0.00852
                                                                                                 -0.00161 -0.00906  0.00958 -0.00108
                                                                                                  0.00218
  63.  4209   D 1 - 3 S 4 ; D 1 S 2 D 3 S 4 ; D 1 - 2 S 3 ; D 1 S 2 S 4  END            0.0252   -0.00077  0.00335  0.00139 -0.01806
                                                                                                  0.00206 -0.00393 -0.00833  0.00467
                                                                                                  0.01355
  64.   965   D 1 - 3 S 6 ; D 1 - 2 S 3 - 4 ; D 1 - 2 S 3 ; D 1 - 2  END                0.0250   -0.00168 -0.02181  0.01206
  65.    52   D 1 - 3 S 4 ; D 1 - 3 ; S 1 D 2 - 3 ; D 1 S 2 - 3  END                    0.0250   -0.02069  0.01390 -0.00164
  66.    70   D 1 - 3 ; D 1 S 2 D 3 ; D 1 - 3 ; D 1 - 2 S 3  END                        0.0246   -0.02463
  67.  3763   D 1 - 3 ; D 1 - 2 S 3 ; D 1 - 3 ; D 1 - 2 S 4  END                        0.0246   -0.02463
  68.  5953   D 1 - 3 S 5 ; D 1 - 3 ; D 1 - 2 S 4 ; D 1 - 2  END                        0.0246   -0.02455
  69.    20   D 1 - 2 S 3 D 4 ; D 1 - 3 ; D 1 S 2 D 3 ; D 1 - 2  END                    0.0246   -0.02455
  70.   745   D 1 S 2 D 3 S 4 S 6 ; D 1 - 3 ; D 1 - 2 S 3 ; D 1 - 2  END                0.0243   -0.00607  0.00596 -0.02273
  71.  3752   D 1 - 3 S 4 ; D 1 - 3 ; S 1 D 2 S 3 S 5 ; D 1 - 2  END                    0.0243   -0.01777  0.01423 -0.00840
  72.   962   D 1 - 3 ; D 1 - 2 S 3 - 5 ; D 1 - 3 ; D 1 S 2  END                        0.0238    0.00319  0.00746  0.02233
  73.   209   D 1 - 3 ; D 1 - 3 S 4 ; D 1 - 3 ; S 1 - 3  END                            0.0238    0.02281 -0.00642 -0.00170
  74.  1545   D 1 - 3 ; D 1 - 2 S 3 - 5 ; D 1 - 3 ; S 1 - 3  END                        0.0231    0.00040  0.00206 -0.01368 -0.01432
                                                                                                  0.00068 -0.00522  0.00288  0.00817
                                                                                                  0.00576
  75.   897   D 1 - 3 S 4 - 5 ; D 1 - 3 S 4 ; S 1 D 2 S 3 ; D 1 S 2  END                0.0229    0.00106 -0.00001 -0.01578 -0.00755
                                                                                                 -0.00050  0.00420 -0.00979  0.00314
                                                                                                  0.00979
  76.   885   D 1 - 3 S 4 S 6 ; D 1 - 3 S 4 ; D 1 S 2 - 3 ; D 1 S 2  END                0.0229   -0.00103  0.00008  0.01581  0.00166
                                                                                                  0.00043 -0.00956  0.01084  0.00007
                                                                                                 -0.00798
  77.   647   D 1 - 4 S 5 ; D 1 - 3 ; D 1 - 2 S 3 ; D 1  END                            0.0229   -0.02293
  78.   180   D 1 - 3 S 4 ; D 1 - 4 ; D 1 S 2 ; D 1 - 2  END                            0.0229   -0.02293
  79.  3817   D 1 - 3 ; S 1 D 2 - 3 ; D 1 - 3 ; D 1 - 2 S 4  END                        0.0225   -0.02247
  80.  3791   D 1 - 3 ; D 1 S 2 D 3 ; D 1 - 3 ; D 1 - 2 S 5  END                        0.0225    0.02247
  81.  2195   D 1 - 3 S 4 - 6 ; D 1 - 3 ; S 1 D 2 ; D 1 - 2  END                        0.0222    0.00096 -0.02157 -0.00516
  82.   679   D 1 - 4 S 6 ; D 1 - 3 ; S 1 - 3 ; D 1 - 2  END                            0.0222    0.01406  0.01094 -0.01324
  83.  2166   D 1 - 3 S 4 - 5 ; D 1 - 3 S 5 ; D 1 S 2 - 3 ; D 1 S 2  END                0.0221    0.00089  0.00070 -0.01852 -0.00166
                                                                                                 -0.00012  0.00136 -0.00883  0.00581
                                                                                                  0.00543
  84.   886   D 1 - 3 S 4 - 5 ; D 1 - 3 S 4 ; D 1 S 2 - 3 ; S 1 D 2  END                0.0221   -0.00040 -0.00098  0.01855 -0.00172
                                                                                                  0.00005 -0.00424  0.00913 -0.00402
                                                                                                 -0.00491
  85.   945   D 1 - 3 S 6 ; D 1 - 3 ; D 1 - 2 S 3 ; D 1 S 2 - 3  END                    0.0219   -0.01703  0.01361 -0.00228
  86.    55   D 1 - 3 S 4 ; D 1 - 2 S 3 - 4 ; S 1 D 2 - 3 ; D 1 - 2  END                0.0219   -0.00112 -0.02003  0.00884
  87.     9   D 1 - 3 S 4 ; D 1 - 3 ; D 1 - 2 S 3 ; D 1 S 2 - 3  END                    0.0217   -0.00572  0.01928 -0.00806
  88.    10   D 1 - 3 S 4 ; D 1 - 2 S 3 - 4 ; D 1 - 2 S 3 ; D 1 - 2  END                0.0217   -0.00060  0.02108  0.00492
  89.   997   D 1 - 3 S 4 - 5 ; D 1 S 2 D 3 ; D 1 S 2 - 3 ; D 1 - 2 S 3  END            0.0213   -0.00396 -0.00258 -0.01785 -0.00328
                                                                                                 -0.00208  0.00243 -0.00454  0.00795
                                                                                                  0.00305
  90.  5877   D 1 - 3 S 4 - 5 ; D 1 - 2 S 3 ; D 1 S 2 - 3 ; D 1 - 2 S 4  END            0.0213   -0.00321 -0.00293 -0.01776  0.00124
                                                                                                 -0.00225  0.00695 -0.00577  0.00561
                                                                                                  0.00092
  91.  7495   D 1 - 2 S 3 S 5 ; D 1 - 3 S 4 ; D 1 S 2 D 3 S 4 ; D 1 S 2  END            0.0205    0.00037  0.00033 -0.00374 -0.00149
                                                                                                  0.00073  0.00212  0.01759  0.00046
                                                                                                 -0.00944
  92.  2179   D 1 - 3 S 4 - 6 ; D 1 - 3 ; D 1 S 3 ; D 1 - 2  END                        0.0204   -0.00079  0.01936  0.00647
  93.  2202   D 1 - 3 S 4 D 5 ; D 1 - 3 ; S 1 - 3 ; D 1 - 2  END                        0.0204    0.01415  0.00880 -0.01182
  94.  7099   D 1 - 3 S 5 ; D 1 S 2 D 3 S 4 ; D 1 - 2 S 3 ; D 1 S 2 S 4  END            0.0198   -0.00633 -0.00554 -0.01169  0.00902
                                                                                                 -0.00368  0.00901 -0.00134 -0.00086
                                                                                                  0.00213
  95.  4216   D 1 - 3 S 4 ; D 1 S 2 D 3 S 4 ; D 1 S 2 D 3 ; D 1 S 2 S 4  END            0.0198   -0.00646 -0.00547 -0.01130  0.00924
                                                                                                 -0.00365  0.00911 -0.00183 -0.00121
                                                                                                  0.00220
  96.  5976   D 1 - 3 S 5 ; D 1 - 3 ; D 1 S 2 - 3 S 5 ; D 1 - 2  END                    0.0197   -0.00120  0.01428 -0.01345
  97.   746   D 1 S 2 D 3 S 4 - 5 ; D 1 - 3 ; D 1 S 2 D 3 ; D 1 - 2  END                0.0197    0.00465 -0.01672  0.00922
  98.  5283   D 1 - 2 S 3 ; D 1 - 2 S 3 - 4 ; D 1 - 3 S 4 ; D 1 S 2 - 3  END            0.0191    0.00028 -0.00231 -0.00305  0.01533
                                                                                                 -0.00060  0.00227  0.00471 -0.00231
                                                                                                 -0.00910
  99.  4450   D 1 S 2 D 3 S 4 ; D 1 - 3 S 4 ; D 1 - 2 S 3 S 5 ; D 1 S 2  END            0.0191    0.00031  0.00080 -0.00083  0.00051
                                                                                                  0.00501  0.00105  0.01546  0.00307
                                                                                                 -0.00943
 100.   103   D 1 S 2 D 3 S 4 ; D 1 - 3 S 4 ; D 1 - 3 ; D 1 S 2  END                    0.0190    0.00200 -0.01848  0.00394




 POSITION OF FIRST SPIN COUPLING FOR TEN MOST IMPORTANT CONFIGURATIONS
       2      5      4   2385     26      7     23   2386   2387      3



 ELAPSED TIME =      32.93 CPU SECONDS. (     32.95 WALL CLOCK SECONDS)
