 ************************************************************************
 * RTSIM - DAVIDSON METHOD SPARSE MATRIX EIGENVALUE/EIGENVECTOR PROGRAM *
 * QUANTUM CHEMISTRY GROUP - INDIANA UNIVERSITY - 30Aug 2010  22:34:15  *
 ************************************************************************



                 DIAGONALIZATION RUN TITLE
                 -------------------------
 )* WATER TEST *



 ) DAVIDSON
 ) LAST=2
 ) COEFF
 ) NOVLP
 ) MAXITR=1000 END

 THE CI MATRIX IS TITLED:  H2O  -SINGLET A1-  STO-3G HF SD-CI TEST
 THE MATRIX IS DATED:     30Aug 2010  22:32:48 
 THE SPIN MULTIPLICITY IS 3 AND THE DIMENSION IS 267626.

 ROOTS  1 THROUGH  2 WILL BE OBTAINED.

  
  
  
 AMOUNT OF CORE AVAILABLE                      30000000
 MAXIMUM NUMBER OF VECTORS PER ITERATION              2
 MAXIMUM NUMBER OF VECTORS ON DISK                   16
 NUMBER OF SOLUTIONS SOUGHT                           2
 NUMBER OF SOLUTIONS INVESTIGATED                     2
 SIZE OF MATRIX DIAGONALISED                     267626
  
  
 INITIAL GUESS AT ROOTS (OBTAINED FROM DIAGONAL ELEMENTS OF HAMILTONIAN MATRIX)

                1        -875.76119
                5        -872.47022


 ITERATION       ROOT           EIGENVALUE          NORM OF RESIDUAL
     1             1          -875.84842491              6.52644
     1             2          -872.38298025              6.85067
     2             1          -878.48866851              7.33371
     2             2          -873.11500415             11.54906
     2             1          -878.48866851              3.61275
     2             2          -873.11500415              6.51408
     3             1          -879.09452966              4.91992
     3             2          -875.43143853             19.72398
     3             1          -879.09452966              1.78893
     3             2          -875.43143853              5.04319
     4             1          -879.23929864              3.05500
     4             2          -876.95756479             10.09392
     4             1          -879.23929864              0.94528
     4             2          -876.95756479              2.62682
     5             1          -879.27693163              1.80278
     5             2          -877.29084119              5.18133
     5             1          -879.27693163              0.49560
     5             2          -877.29084119              1.36729
     6             1          -879.28629694              0.96651
     6             2          -877.39377080              3.98026
     6             1          -879.28629694              0.24494
     6             2          -877.39377080              0.86455
     7             1          -879.28853785              0.51512
     7             2          -877.43245405              2.96475
     7             1          -879.28853785              0.13096
     7             2          -877.43245405              0.53649
     8             1          -879.28919054              0.31987
     8             2          -877.44558788              1.88338
  truncating with vlp=false 
 TRUNCATION TO 1 VECTOR PER ROOT HAS BEEN PERFORMED
     8             1          -879.28919054              0.07383
     8             2          -877.44558788              0.32670
     9             1          -879.28934550              0.07136
     9             2          -877.44922291              0.38835
     9             1          -879.28934550              0.04166
     9             2          -877.44922291              0.19578
    10             1          -879.28942677              0.13036
    10             2          -877.45161832              0.86245
    10             1          -879.28942677              0.02681
    10             2          -877.45161832              0.14610
    11             1          -879.28945482              0.08626
    11             2          -877.45274409              0.73316
    11             1          -879.28945482              0.01427
    11             2          -877.45274409              0.10034
    12             1          -879.28946202              0.04035
    12             2          -877.45331477              0.56849
    12             1          -879.28946202              0.00683
    12             2          -877.45331477              0.07064
    13             1          -879.28946379              0.01957
    13             2          -877.45359743              0.41439
    13             1          -879.28946379              0.00334
    13             2          -877.45359743              0.04546
    14             1          -879.28946426              0.01090
    14             2          -877.45369763              0.22400
    14             1          -879.28946426              0.00166
    14             2          -877.45369763              0.02693
    15             1          -879.28946438              0.00553
    15             2          -877.45373920              0.14697
  truncating with vlp=false 
 TRUNCATION TO 1 VECTOR PER ROOT HAS BEEN PERFORMED
    15             1          -879.28946438              0.00072
    15             2          -877.45373920              0.01941
    16             1          -879.28946440              0.00060
    16             2          -877.45375669              0.02174
    16             1          -879.28946440              0.00038
    16             2          -877.45375669              0.01336
    17             1          -879.28946440              0.00105
    17             2          -877.45377128              0.06415
    17             1          -879.28946440              0.00025
    17             2          -877.45377128              0.01264
    18             1          -879.28946441              0.00084
    18             2          -877.45378175              0.08032
    18             1          -879.28946441              0.00014
    18             2          -877.45378175              0.00896
    19             1          -879.28946441              0.00044
    19             2          -877.45378578              0.04565
    19             1          -879.28946441              0.00007
    19             2          -877.45378578              0.00566
     ROOT    ITERATION     NUMBER OF PRODUCTS       EIGENVALUE
       1        19                36                -879.2894644085


    20             2          -877.45378743              0.02729
    20             2          -877.45378743              0.00374
    21             2          -877.45378818              0.01861
    21             2          -877.45378818              0.00246
    22             2          -877.45378849              0.01263
    22             2          -877.45378849              0.00199
    23             2          -877.45378878              0.01592
    23             2          -877.45378878              0.00140
    24             2          -877.45378884              0.00422
    24             2          -877.45378884              0.00063
    25             2          -877.45378885              0.00193
  truncating with vlp=false 
 TRUNCATION TO 1 VECTOR PER ROOT HAS BEEN PERFORMED
    25             2          -877.45378885              0.00033
    26             2          -877.45378886              0.00032
    26             2          -877.45378886              0.00020
    27             2          -877.45378886              0.00065
    27             2          -877.45378886              0.00014
    28             2          -877.45378886              0.00045
    28             2          -877.45378886              0.00007
     ROOT    ITERATION     NUMBER OF PRODUCTS       EIGENVALUE
       2        28                45                -877.4537888598


  all roots converged 
  

 ************************************
 COMPLETED CI VECTOR OPTIMISATION
 ************************************





 ********************************
 RESULTS FOR ROOT   01
 TOTAL CI ENERGY =   -879.2894644
 ********************************

       CONF.                                                                           COEFF.
        NO.        SPACE ORBITAL PRODUCTS                                             CONTRIB.      CI COEFFICIENTS

       -----       ----------------------                                             --------   ---------------------
   1.     1   D 1 - 3 S 4 ; D 1 - 3 ; D 1 - 2 S 3 ; D 1 - 2  END                        0.8299    0.82985
   2.     2   D 1 - 3 ; D 1 - 3 S 4 ; D 1 - 3 ; D 1 S 2  END                            0.2140    0.21404
   3.     3   D 1 - 3 S 5 ; D 1 - 3 ; D 1 S 2 D 3 ; D 1 - 2  END                        0.1110    0.11104
   4.     4   D 1 - 3 S 4 ; D 1 - 3 ; D 1 S 2 D 3 ; D 1 - 2  END                        0.0947    0.09465
   5.     5   D 1 - 3 S 5 ; D 1 - 3 ; D 1 - 2 S 3 ; D 1 - 2  END                        0.0947    0.09465
   6.     6   D 1 - 4 ; D 1 - 3 S 4 ; D 1 - 2 ; D 1 S 2  END                            0.0839   -0.08387
   7.     7   D 1 - 3 S 4 ; D 1 - 2 S 3 - 4 ; D 1 - 2 S 3 ; D 1 S 2 - 3  END            0.0786    0.00827  0.00146 -0.04937  0.04824
                                                                                                  0.00375  0.02842 -0.01624 -0.00093
                                                                                                 -0.01604
   8.     9   D 1 - 3 S 4 ; D 1 - 2 S 3 - 4 ; D 1 - 2 S 3 ; D 1 - 2  END                0.0784    0.00911  0.03927 -0.06729
   9.    10   D 1 - 3 S 4 ; D 1 - 3 ; D 1 - 2 S 3 ; D 1 S 2 - 3  END                    0.0784   -0.07649  0.00901  0.01487
  10.     8   D 1 - 3 S 6 ; D 1 - 3 ; S 1 D 2 - 3 ; D 1 - 2  END                        0.0773   -0.07732
  11.    11   D 1 - 3 ; D 1 - 3 S 5 ; D 1 - 3 ; S 1 D 2  END                            0.0748   -0.07485
  12.    12   D 1 - 3 S 4 ; D 1 - 3 ; D 1 - 2 S 4 ; D 1 - 2  END                        0.0662   -0.06620
  13.    13   D 1 - 2 S 3 D 4 ; D 1 - 3 ; D 1 - 2 S 3 ; D 1 - 2  END                    0.0662   -0.06620
  14.    14   D 1 - 3 S 4 ; D 1 - 4 ; D 1 - 2 S 3 ; D 1  END                            0.0639   -0.06388
  15.    15   D 1 - 3 S 4 - 5 ; D 1 - 3 S 4 ; D 1 S 2 - 3 ; D 1 S 2  END                0.0575    0.00050  0.00057 -0.04220  0.01357
                                                                                                  0.00217 -0.00452  0.02303  0.02092
                                                                                                 -0.01878
  16.    17   D 1 - 2 S 3 - 4 ; D 1 - 3 S 4 ; D 1 - 2 S 3 - 4 ; D 1 S 2  END            0.0514    0.00290  0.00122  0.03324  0.01702
                                                                                                 -0.00223 -0.02291 -0.02447 -0.00467
                                                                                                  0.00908
  17.    16   D 1 - 3 S 4 ; D 1 - 3 S 4 - 5 ; D 1 - 2 S 3 ; S 1 - 2  END                0.0512    0.00100 -0.00011 -0.03215  0.02216
                                                                                                 -0.00097  0.03115 -0.00732 -0.00514
                                                                                                 -0.00645
  18.    18   D 1 - 2 S 3 ; D 1 - 3 ; D 1 - 3 S 4 ; D 1 - 2  END                        0.0493   -0.04934
  19.    19   D 1 - 2 S 3 - 5 ; D 1 - 3 ; D 1 - 2 S 3 ; D 1 - 2  END                    0.0486   -0.00769 -0.00761 -0.04735
  20.    20   D 1 - 3 S 4 ; D 1 - 3 ; D 1 S 2 - 4 ; D 1 - 2  END                        0.0486    0.04481 -0.01864  0.00189
  21.    21   D 1 - 3 S 4 - 5 ; D 1 - 2 S 3 ; D 1 S 2 - 3 ; D 1 - 2 S 3  END            0.0480   -0.00019  0.00556  0.03728 -0.01546
                                                                                                  0.00205  0.00555 -0.01070 -0.02066
                                                                                                  0.00813
  22.    25   D 1 - 3 S 5 ; D 1 - 2 S 3 - 4 ; D 1 - 2 S 3 ; D 1 - 2  END                0.0457    0.00393  0.02800 -0.03592
  23.    24   D 1 - 3 S 4 ; D 1 - 3 ; D 1 S 2 D 3 ; D 1 S 2 - 3  END                    0.0457   -0.04384  0.01111  0.00667
  24.    26   D 1 - 3 ; D 1 - 3 S 4 ; D 1 - 3 ; S 1 D 2  END                            0.0456    0.04560
  25.    27   D 1 - 3 ; D 1 - 3 S 5 ; D 1 - 3 ; D 1 S 2  END                            0.0456   -0.04560
  26.    22   D 1 - 3 S 4 ; D 1 - 3 ; D 1 - 2 S 3 ; D 1 S 2 S 4  END                    0.0450   -0.02374 -0.03722  0.00850
  27.    23   D 1 - 3 S 4 ; D 1 S 2 D 3 S 4 ; D 1 - 2 S 3 ; D 1 - 2  END                0.0450    0.01853 -0.02228 -0.03438
  28.  7657   D 1 - 3 S 4 ; D 1 S 2 D 3 S 4 ; D 1 - 2 S 3 ; D 1 S 2 S 4  END            0.0389   -0.01164 -0.00595 -0.01838  0.02549
                                                                                                 -0.00534  0.01774  0.00175 -0.00006
                                                                                                 -0.00243
  29.  1105   D 1 - 2 S 3 - 5 ; D 1 - 3 ; D 1 S 2 - 4 ; D 1 - 2  END                    0.0387   -0.00106  0.00079 -0.02480 -0.02185
                                                                                                  0.00087 -0.01092  0.00161  0.01467
                                                                                                  0.00817
  30.   726   D 1 - 3 S 4 ; D 1 - 2 S 3 - 4 ; D 1 - 2 S 4 ; D 1 - 2  END                0.0386   -0.00974 -0.02659  0.02629
  31.   157   D 1 - 2 S 3 D 4 ; D 1 - 3 ; D 1 - 2 S 3 ; D 1 S 2 - 3  END                0.0386    0.03725 -0.00998  0.00248
  32.  7583   D 1 - 3 S 4 S 6 ; D 1 - 3 S 4 ; S 1 D 2 S 3 ; D 1 S 2  END                0.0371   -0.00031  0.00167  0.02398 -0.00921
                                                                                                 -0.00091  0.00307 -0.01878 -0.01333
                                                                                                  0.01305
  33.  1137   D 1 - 2 S 3 - 4 ; D 1 - 2 S 3 ; D 1 - 2 S 3 - 4 ; D 1 - 2 S 3  END        0.0370    0.00312 -0.00051 -0.02917 -0.01029
                                                                                                  0.00092  0.01519  0.01273  0.00252
                                                                                                  0.00025
  34.  7395   S 1 D 2 - 3 S 4 S 6 ; D 1 - 3 ; D 1 - 2 S 3 ; D 1 - 2  END                0.0369    0.01889 -0.01685  0.02682
  35. 14083   D 1 - 3 S 4 ; D 1 - 3 ; S 1 D 2 S 3 S 6 ; D 1 - 2  END                    0.0369   -0.02025  0.01781 -0.02516
  36.    60   D 1 - 4 S 5 ; D 1 - 3 ; D 1 S 2 ; D 1 - 2  END                            0.0368   -0.03685
  37.   152   D 1 - 3 ; D 1 - 2 S 3 ; D 1 - 3 ; D 1 - 2 S 3  END                        0.0368   -0.03677
  38.   724   D 1 - 3 S 4 ; D 1 - 2 S 3 S 5 ; D 1 - 2 S 3 ; S 1 D 2 S 3  END            0.0360   -0.00348 -0.00073  0.02430 -0.01796
                                                                                                 -0.00114 -0.01605  0.00914  0.00102
                                                                                                  0.00480
  39.  7334   D 1 - 3 ; D 1 S 2 D 3 ; D 1 - 3 ; D 1 - 2 S 4  END                        0.0339   -0.03388
  40. 14076   D 1 - 3 S 4 ; D 1 - 3 ; D 1 S 2 - 3 S 5 ; D 1 - 2  END                    0.0331   -0.01746  0.01890 -0.02089
  41.   276   D 1 S 2 D 3 S 4 - 5 ; D 1 - 3 ; D 1 - 2 S 3 ; D 1 - 2  END                0.0331    0.01397 -0.01643  0.02516
  42.  1106   D 1 - 2 S 3 - 4 ; D 1 - 3 S 4 ; D 1 S 2 - 3 ; D 1 - 2 S 3  END            0.0323    0.00086  0.00361 -0.02590 -0.01125
                                                                                                  0.00090 -0.00547 -0.00194  0.01066
                                                                                                  0.00924
  43.   720   D 1 - 3 S 4 - 5 ; D 1 - 2 S 3 ; D 1 - 2 S 3 - 4 ; D 1 S 2  END            0.0323    0.00462  0.00125 -0.02571  0.00898
                                                                                                  0.00051  0.01475 -0.00786 -0.00036
                                                                                                 -0.00100
  44.   144   D 1 - 3 S 4 ; D 1 S 2 D 3 S 5 ; D 1 - 2 S 3 ; D 1 - 2  END                0.0321   -0.00894 -0.00218  0.03077
  45.  7322   D 1 - 3 S 4 ; D 1 - 3 ; D 1 - 2 S 3 ; S 1 D 2 S 4  END                    0.0321   -0.02914 -0.01128  0.00745
  46.  7639   D 1 - 3 S 4 S 6 ; D 1 - 2 S 3 ; S 1 D 2 S 3 ; D 1 - 2 S 3  END            0.0318    0.00010 -0.00384 -0.02404  0.01070
                                                                                                 -0.00105 -0.00403  0.00753  0.01400
                                                                                                 -0.00573
  47.  7294   D 1 - 4 S 6 ; D 1 - 3 ; S 1 D 2 ; D 1 - 2  END                            0.0313    0.03128
  48.   159   D 1 - 2 S 3 D 4 ; D 1 - 3 ; D 1 - 2 S 4 ; D 1 - 2  END                    0.0306    0.03058
  49.   647   D 1 - 3 S 4 D 5 ; D 1 - 3 ; D 1 S 3 ; D 1 - 2  END                        0.0297   -0.02971
  50.   868   D 1 - 3 ; D 1 - 3 S 4 ; D 1 - 2 ; D 1 - 2 S 3  END                        0.0297    0.02966
  51.    28   D 1 - 4 ; D 1 - 2 S 3 ; D 1 - 3 ; D 1 S 2  END                            0.0297    0.02966
  52.   633   D 1 - 3 S 4 - 5 ; D 1 - 3 S 5 ; D 1 S 2 - 3 ; S 1 D 2  END                0.0291   -0.00046  0.00085  0.02240 -0.00809
                                                                                                 -0.00021  0.00297 -0.00920 -0.01139
                                                                                                  0.00753
  53.   734   D 1 - 3 S 4 ; D 1 - 2 S 3 - 4 ; D 1 S 2 - 4 ; D 1 - 2  END                0.0291    0.00001 -0.00253  0.02196 -0.01400
                                                                                                 -0.00145  0.00526 -0.00085 -0.00815
                                                                                                  0.00810
  54.  1091   D 1 - 2 S 3 - 5 ; D 1 - 3 ; D 1 - 2 S 3 ; D 1 S 2 - 3  END                0.0291   -0.00364  0.00101  0.01878  0.01555
                                                                                                 -0.00195 -0.01154 -0.00983  0.00032
                                                                                                 -0.00217
  55. 14072   D 1 - 3 S 4 ; D 1 - 3 ; D 1 - 2 S 5 ; D 1 - 2  END                        0.0288    0.02879
  56.    37   D 1 S 2 D 3 - 4 ; D 1 - 3 ; D 1 - 2 S 3 ; D 1 - 2  END                    0.0288    0.02879
  57.    52   D 1 - 4 ; D 1 - 3 S 5 ; D 1 - 2 ; S 1 D 2  END                            0.0281    0.02807
  58.  1095   D 1 - 2 S 3 - 4 ; D 1 - 3 S 5 ; D 1 - 2 S 3 - 4 ; S 1 D 2  END            0.0277   -0.00025 -0.00042 -0.02024 -0.00891
                                                                                                  0.00092  0.01230  0.01078  0.00236
                                                                                                 -0.00252
  59.   761   D 1 - 3 S 4 ; D 1 - 2 ; D 1 - 2 S 3 ; D 1 - 3  END                        0.0277   -0.02770
  60. 14174   D 1 S 2 D 3 ; D 1 - 3 ; D 1 - 3 S 5 ; D 1 - 2  END                        0.0277   -0.02767
  61. 14199   S 1 D 2 - 3 ; D 1 - 3 ; D 1 - 3 S 6 ; D 1 - 2  END                        0.0276    0.02761
  62.   188   D 1 - 2 S 3 - 4 ; D 1 - 3 S 4 ; D 1 - 3 ; D 1 S 2  END                    0.0273   -0.01117  0.02183 -0.01208
  63.   862   D 1 - 3 ; D 1 - 3 S 4 ; D 1 - 2 S 3 - 4 ; D 1 S 2  END                    0.0273    0.02430  0.01208 -0.00322
  64.    87   D 1 - 4 ; D 1 - 2 S 3 ; D 1 - 2 ; D 1 - 2 S 3  END                        0.0268    0.02675
  65. 14082   D 1 - 3 S 4 ; D 1 - 3 ; S 1 D 2 S 3 S 5 ; D 1 - 2  END                    0.0259   -0.02225  0.01050 -0.00821
  66.  7380   D 1 S 2 D 3 S 4 S 6 ; D 1 - 3 ; D 1 - 2 S 3 ; D 1 - 2  END                0.0259   -0.00917  0.00125 -0.02422
  67. 15215   D 1 S 2 D 3 S 4 ; D 1 - 3 S 4 ; D 1 - 2 S 3 S 5 ; D 1 S 2  END            0.0257   -0.00550 -0.00172  0.01593  0.00580
                                                                                                 -0.00463 -0.00892 -0.01524 -0.00082
                                                                                                  0.00240
  68.   151   D 1 - 3 S 5 ; D 1 - 3 ; S 1 D 2 - 3 ; D 1 - 2  END                        0.0255    0.02549
  69.  7332   D 1 - 3 S 6 ; D 1 - 3 ; D 1 S 2 D 3 ; D 1 - 2  END                        0.0255   -0.02549
  70.  7692   D 1 - 3 S 4 ; D 1 S 2 - 3 ; D 1 - 2 S 3 ; D 1 - 2 S 3 - 4  END            0.0248    0.00535  0.00162  0.01483 -0.01161
                                                                                                  0.00179 -0.01487  0.00224  0.00045
                                                                                                 -0.00087
  71. 14070   D 1 - 3 S 4 ; D 1 - 3 ; D 1 - 2 S 3 ; D 1 S 2 S 5  END                    0.0246    0.00279  0.02431 -0.00211
  72.   231   D 1 - 3 S 4 ; S 1 D 2 - 3 S 4 ; D 1 - 2 S 3 ; D 1 - 2  END                0.0246    0.01066 -0.01955 -0.01035
  73.   861   D 1 - 3 S 5 ; D 1 - 3 ; D 1 - 2 S 3 ; D 1 S 2 - 3  END                    0.0241    0.01192 -0.02048  0.00462
  74.   137   D 1 - 3 S 4 ; D 1 - 2 S 3 - 4 ; D 1 S 2 D 3 ; D 1 - 2  END                0.0241    0.00191 -0.02402  0.00151
  75. 14151   D 1 - 3 ; S 1 D 2 - 3 ; D 1 - 3 ; D 1 - 2 S 5  END                        0.0241    0.02410
  76.   194   D 1 - 2 S 3 - 4 ; D 1 - 2 S 3 ; D 1 - 3 ; D 1 - 2 S 3  END                0.0236    0.01180 -0.02017 -0.00332
  77.   910   D 1 - 3 ; D 1 - 2 S 3 ; D 1 - 2 S 3 - 4 ; D 1 - 2 S 3  END                0.0236   -0.02295  0.00068 -0.00547
  78.  7671   D 1 - 3 S 4 - 5 ; D 1 S 2 D 3 ; D 1 S 2 - 3 ; D 1 - 2 S 4  END            0.0234   -0.00168 -0.00433  0.01853 -0.00545
                                                                                                 -0.00223  0.00310 -0.00593 -0.00711
                                                                                                  0.00727
  79.   632   D 1 - 3 S 4 - 5 ; D 1 - 3 S 4 ; D 1 S 2 - 3 ; S 1 D 2  END                0.0231    0.00029 -0.00019  0.01668 -0.01044
                                                                                                  0.00019  0.00583  0.00115 -0.00997
                                                                                                  0.00370
  80.   630   D 1 - 3 S 4 - 5 ; D 1 - 3 S 5 ; D 1 S 2 - 3 ; D 1 S 2  END                0.0231   -0.00006  0.00007 -0.01666  0.00935
                                                                                                 -0.00023 -0.00673 -0.00109  0.01056
                                                                                                 -0.00360
  81.   232   D 1 - 3 S 4 ; S 1 D 2 - 3 S 5 ; D 1 - 2 S 3 ; D 1 - 2  END                0.0228   -0.01135  0.01260  0.01529
  82. 14071   D 1 - 3 S 4 ; D 1 - 3 ; D 1 - 2 S 3 ; S 1 D 2 S 5  END                    0.0228    0.01033  0.02027 -0.00202
  83.  7597   D 1 - 3 S 4 - 6 ; D 1 - 3 ; S 1 - 3 ; D 1 - 2  END                        0.0228   -0.00026 -0.00053 -0.00339 -0.00661
                                                                                                  0.00144 -0.01569  0.01007  0.00971
                                                                                                 -0.00466
  84.   735   D 1 - 3 S 4 ; D 1 - 2 S 3 S 5 ; D 1 S 2 - 4 ; D 1 - 2  END                0.0224    0.00058 -0.00223  0.01492 -0.00812
                                                                                                 -0.00062  0.00634 -0.00451 -0.00917
                                                                                                  0.00785
  85.  1093   D 1 - 2 S 3 - 5 ; D 1 - 3 ; D 1 - 2 S 3 ; S 1 D 2 S 3  END                0.0224    0.00203  0.00066 -0.01750 -0.00682
                                                                                                  0.00029  0.00992  0.00663 -0.00013
                                                                                                  0.00075
  86. 15021   D 1 - 3 S 4 ; S 1 D 2 - 3 S 4 ; D 1 - 2 S 3 ; D 1 S 2 S 5  END            0.0223    0.00613  0.00382  0.01119 -0.01370
                                                                                                  0.00359 -0.01074 -0.00037  0.00060
                                                                                                  0.00145
  87.   127   D 1 - 3 S 4 ; D 1 - 3 ; D 1 S 2 D 3 ; S 1 D 2 S 3  END                    0.0221   -0.02085 -0.00139  0.00730
  88.   909   D 1 - 3 S 5 ; D 1 - 2 S 3 S 5 ; D 1 - 2 S 3 ; D 1 - 2  END                0.0221   -0.00164 -0.00657  0.02108
  89.  7902   D 1 - 2 S 3 - 4 ; D 1 S 2 D 3 ; D 1 - 2 S 3 - 4 ; D 1 - 2 S 4  END        0.0218    0.00416  0.00147 -0.01606 -0.00593
                                                                                                  0.00238  0.00840  0.00935  0.00026
                                                                                                 -0.00005
  90.  1234   D 1 - 2 S 4 ; D 1 - 3 ; D 1 - 2 S 3 D 4 ; D 1 - 2  END                    0.0217   -0.02168
  91. 15238   D 1 S 2 D 3 S 4 - 5 ; D 1 - 3 ; D 1 S 2 - 3 S 5 ; D 1 - 2  END            0.0217   -0.00132 -0.00935 -0.00934 -0.01268
                                                                                                 -0.00381 -0.00500  0.00039  0.00947
                                                                                                 -0.00170
  92.  7311   D 1 - 4 ; D 1 S 2 D 3 ; D 1 - 2 ; D 1 - 2 S 4  END                        0.0213    0.02128
  93. 14077   D 1 - 3 S 4 ; D 1 - 3 ; D 1 S 2 - 3 S 6 ; D 1 - 2  END                    0.0207   -0.00719  0.01042 -0.01640
  94.   317   S 1 D 2 - 3 S 4 - 5 ; D 1 - 3 ; D 1 - 2 S 3 ; D 1 - 2  END                0.0207   -0.01088  0.01302 -0.01188
  95.  7587   D 1 - 3 S 4 S 6 ; D 1 - 3 S 5 ; S 1 D 2 S 3 ; S 1 D 2  END                0.0204    0.00028 -0.00115 -0.01496  0.00573
                                                                                                  0.00003 -0.00203  0.00760  0.00798
                                                                                                 -0.00559
  96.   672   D 1 - 3 S 4 ; D 1 - 3 S 4 - 5 ; S 1 D 2 ; D 1 - 2  END                    0.0200    0.00053 -0.01818  0.00842
  97.  7284   D 1 - 4 S 6 ; D 1 - 3 ; D 1 - 2 S 3 ; S 1 - 2  END                        0.0200    0.01526 -0.01297  0.00061
  98.    56   D 1 - 4 ; D 1 - 3 S 4 ; D 1 S 2 - 3 ; D 1 S 2  END                        0.0200    0.01932 -0.00117 -0.00493
  99.   606   D 1 - 3 S 4 - 5 ; D 1 - 3 S 4 ; D 1 - 2 ; D 1 S 2  END                    0.0200   -0.00186  0.01983 -0.00145
 100.  1178   D 1 - 2 S 3 ; D 1 - 3 S 4 - 5 ; D 1 - 2 S 3 ; D 1 - 2  END                0.0197    0.00167  0.00326  0.01936




 POSITION OF FIRST SPIN COUPLING FOR TEN MOST IMPORTANT CONFIGURATIONS
       1      2      3      4      5      6      7     17     20     16



 ********************************
 RESULTS FOR ROOT   02
 TOTAL CI ENERGY =   -877.4537889
 ********************************

       CONF.                                                                           COEFF.
        NO.        SPACE ORBITAL PRODUCTS                                             CONTRIB.      CI COEFFICIENTS

       -----       ----------------------                                             --------   ---------------------
   1.     2   D 1 - 3 ; D 1 - 3 S 4 ; D 1 - 3 ; D 1 S 2  END                            0.4814    0.48138
   2.     5   D 1 - 3 S 5 ; D 1 - 3 ; D 1 - 2 S 3 ; D 1 - 2  END                        0.4772   -0.47716
   3.     4   D 1 - 3 S 4 ; D 1 - 3 ; D 1 S 2 D 3 ; D 1 - 2  END                        0.4772   -0.47715
   4.     6   D 1 - 4 ; D 1 - 3 S 4 ; D 1 - 2 ; D 1 S 2  END                            0.1039   -0.10385
   5.  7331   D 1 - 3 S 6 ; D 1 - 3 ; D 1 - 2 S 3 ; D 1 - 2  END                        0.1037    0.10371
   6.    32   D 1 - 3 S 4 ; D 1 - 3 ; S 1 D 2 - 3 ; D 1 - 2  END                        0.1037   -0.10371
   7.  7332   D 1 - 3 S 6 ; D 1 - 3 ; D 1 S 2 D 3 ; D 1 - 2  END                        0.1006    0.10057
   8.   151   D 1 - 3 S 5 ; D 1 - 3 ; S 1 D 2 - 3 ; D 1 - 2  END                        0.1006   -0.10057
   9.    11   D 1 - 3 ; D 1 - 3 S 5 ; D 1 - 3 ; S 1 D 2  END                            0.0993   -0.09928
  10.    27   D 1 - 3 ; D 1 - 3 S 5 ; D 1 - 3 ; D 1 S 2  END                            0.0979    0.09790
  11.    26   D 1 - 3 ; D 1 - 3 S 4 ; D 1 - 3 ; S 1 D 2  END                            0.0979   -0.09790
  12.     3   D 1 - 3 S 5 ; D 1 - 3 ; D 1 S 2 D 3 ; D 1 - 2  END                        0.0941    0.09411
  13.  7334   D 1 - 3 ; D 1 S 2 D 3 ; D 1 - 3 ; D 1 - 2 S 4  END                        0.0591   -0.05908
  14.    15   D 1 - 3 S 4 - 5 ; D 1 - 3 S 4 ; D 1 S 2 - 3 ; D 1 S 2  END                0.0570    0.00238  0.00280  0.01173 -0.00534
                                                                                                  0.00607  0.00358  0.04834 -0.00525
                                                                                                 -0.02553
  15.     7   D 1 - 3 S 4 ; D 1 - 2 S 3 - 4 ; D 1 - 2 S 3 ; D 1 S 2 - 3  END            0.0509   -0.00111  0.00712  0.00452  0.04037
                                                                                                  0.00175  0.00003  0.01551  0.00523
                                                                                                 -0.02491
  16.    18   D 1 - 2 S 3 ; D 1 - 3 ; D 1 - 3 S 4 ; D 1 - 2  END                        0.0502   -0.05024
  17. 14128   D 1 - 2 S 3 ; D 1 - 3 ; D 1 - 3 S 5 ; D 1 - 2  END                        0.0480   -0.04796
  18.   281   D 1 S 2 D 3 ; D 1 - 3 ; D 1 - 3 S 4 ; D 1 - 2  END                        0.0480   -0.04796
  19.    60   D 1 - 4 S 5 ; D 1 - 3 ; D 1 S 2 ; D 1 - 2  END                            0.0452   -0.04516
  20.   606   D 1 - 3 S 4 - 5 ; D 1 - 3 S 4 ; D 1 - 2 ; D 1 S 2  END                    0.0429   -0.00344 -0.04274 -0.00238
  21.    56   D 1 - 4 ; D 1 - 3 S 4 ; D 1 S 2 - 3 ; D 1 S 2  END                        0.0429   -0.03914  0.01081  0.01396
  22.    37   D 1 S 2 D 3 - 4 ; D 1 - 3 ; D 1 - 2 S 3 ; D 1 - 2  END                    0.0415   -0.04149
  23. 14072   D 1 - 3 S 4 ; D 1 - 3 ; D 1 - 2 S 5 ; D 1 - 2  END                        0.0415   -0.04149
  24.    16   D 1 - 3 S 4 ; D 1 - 3 S 4 - 5 ; D 1 - 2 S 3 ; S 1 - 2  END                0.0401   -0.00089 -0.00126  0.00187  0.01026
                                                                                                 -0.00300  0.02497  0.01945 -0.01473
                                                                                                 -0.01637
  25.    14   D 1 - 3 S 4 ; D 1 - 4 ; D 1 - 2 S 3 ; D 1  END                            0.0399   -0.03989
  26.   136   D 1 - 3 S 4 ; D 1 - 2 S 3 S 5 ; D 1 - 2 S 3 ; D 1 - 2  END                0.0380    0.00801  0.01567 -0.03368
  27.   126   D 1 - 3 S 4 ; D 1 - 3 ; D 1 - 2 S 3 ; S 1 D 2 S 3  END                    0.0380    0.03755  0.00044 -0.00577
  28.  7583   D 1 - 3 S 4 S 6 ; D 1 - 3 S 4 ; S 1 D 2 S 3 ; D 1 S 2  END                0.0368    0.00000 -0.00126 -0.00328 -0.00063
                                                                                                 -0.00201  0.00108 -0.03109 -0.00002
                                                                                                  0.01914
  29.  2958   D 1 - 3 S 5 ; D 1 - 4 ; D 1 - 2 S 3 ; D 1  END                            0.0354    0.03543
  30.   613   D 1 - 3 S 4 ; D 1 - 4 ; D 1 S 2 D 3 ; D 1  END                            0.0354    0.03543
  31.   635   D 1 - 3 S 4 D 5 ; D 1 - 3 ; D 1 S 2 ; D 1 - 2  END                        0.0354    0.03542
  32.    65   D 1 - 4 S 5 ; D 1 - 3 ; D 1 S 3 ; D 1 - 2  END                            0.0354    0.03542
  33.    17   D 1 - 2 S 3 - 4 ; D 1 - 3 S 4 ; D 1 - 2 S 3 - 4 ; D 1 S 2  END            0.0353   -0.00190 -0.00151  0.00168 -0.00090
                                                                                                 -0.00851 -0.00173 -0.02939 -0.00448
                                                                                                  0.01662
  34.    13   D 1 - 2 S 3 D 4 ; D 1 - 3 ; D 1 - 2 S 3 ; D 1 - 2  END                    0.0349    0.03485
  35.    12   D 1 - 3 S 4 ; D 1 - 3 ; D 1 - 2 S 4 ; D 1 - 2  END                        0.0348    0.03485
  36.  3180   D 1 - 3 S 5 ; D 1 - 2 S 3 - 4 ; D 1 - 2 S 3 ; D 1 S 2 - 3  END            0.0344   -0.00494 -0.00015  0.02510 -0.00874
                                                                                                 -0.00174 -0.01511  0.01480  0.00002
                                                                                                 -0.00202
  37.   729   D 1 - 3 S 4 ; D 1 - 2 S 3 - 4 ; D 1 S 2 D 3 ; D 1 S 2 - 3  END            0.0344   -0.00387 -0.00124  0.02633 -0.00813
                                                                                                 -0.00156 -0.01416  0.01428  0.00075
                                                                                                 -0.00134
  38.  7345   D 1 - 2 S 3 - 4 S 6 ; D 1 - 3 ; D 1 - 2 S 3 ; D 1 - 2  END                0.0343   -0.00514 -0.00129 -0.03391
  39.   131   D 1 - 3 S 4 ; D 1 - 3 ; S 1 D 2 S 3 - 4 ; D 1 - 2  END                    0.0343   -0.03001  0.01629 -0.00345
  40.   152   D 1 - 3 ; D 1 - 2 S 3 ; D 1 - 3 ; D 1 - 2 S 3  END                        0.0338   -0.03384
  41.     1   D 1 - 3 S 4 ; D 1 - 3 ; D 1 - 2 S 3 ; D 1 - 2  END                        0.0335   -0.03347
  42.   725   D 1 - 3 S 4 - 5 ; D 1 - 2 S 3 ; D 1 - 2 ; D 1 - 2 S 3  END                0.0326   -0.00878  0.03073  0.00622
  43.    90   D 1 - 4 ; D 1 - 2 S 3 ; D 1 S 2 - 3 ; D 1 - 2 S 3  END                    0.0326    0.03189 -0.00637  0.00141
  44.    19   D 1 - 2 S 3 - 5 ; D 1 - 3 ; D 1 - 2 S 3 ; D 1 - 2  END                    0.0310   -0.01885 -0.02319  0.00826
  45.    20   D 1 - 3 S 4 ; D 1 - 3 ; D 1 S 2 - 4 ; D 1 - 2  END                        0.0310    0.01047  0.02911  0.00200
  46. 14151   D 1 - 3 ; S 1 D 2 - 3 ; D 1 - 3 ; D 1 - 2 S 5  END                        0.0288    0.02883
  47. 14073   D 1 - 3 S 4 ; D 1 - 3 ; D 1 - 2 S 6 ; D 1 - 2  END                        0.0288   -0.02876
  48.    40   S 1 D 2 - 4 ; D 1 - 3 ; D 1 - 2 S 3 ; D 1 - 2  END                        0.0288    0.02876
  49. 14174   D 1 S 2 D 3 ; D 1 - 3 ; D 1 - 3 S 5 ; D 1 - 2  END                        0.0286   -0.02860
  50.  2966   D 1 - 3 S 5 ; D 1 - 3 S 4 - 5 ; D 1 - 2 S 3 ; S 1 - 2  END                0.0282   -0.00031 -0.00057  0.01875 -0.01031
                                                                                                  0.00001 -0.01674  0.00730  0.00164
                                                                                                 -0.00038
  51.   620   D 1 - 3 S 4 ; D 1 - 3 S 4 - 5 ; D 1 S 2 D 3 ; S 1 - 2  END                0.0282    0.00021 -0.00041  0.01988 -0.00943
                                                                                                 -0.00039 -0.01635  0.00645  0.00092
                                                                                                  0.00057
  52.   867   D 1 - 3 S 5 ; D 1 - 3 ; D 1 - 2 S 4 ; D 1 - 2  END                        0.0278    0.02780
  53.    33   D 1 - 2 S 3 D 4 ; D 1 - 3 ; D 1 S 2 D 3 ; D 1 - 2  END                    0.0278    0.02780
  54.  3740   D 1 - 2 S 3 S 5 ; D 1 - 3 S 4 ; D 1 - 2 S 3 - 4 ; D 1 S 2  END            0.0276   -0.00041 -0.00021 -0.01684 -0.00989
                                                                                                 -0.00303  0.01207  0.01422 -0.00284
                                                                                                 -0.00392
  55.  1100   D 1 - 2 S 3 - 4 ; D 1 - 3 S 4 ; D 1 S 2 D 3 S 4 ; D 1 S 2  END            0.0276    0.00015 -0.00014 -0.01666 -0.01126
                                                                                                 -0.00339  0.01119  0.01425 -0.00175
                                                                                                 -0.00387
  56.  7333   D 1 - 3 ; D 1 - 2 S 3 ; D 1 - 3 ; D 1 - 2 S 4  END                        0.0274    0.02742
  57.   153   D 1 - 3 ; D 1 S 2 D 3 ; D 1 - 3 ; D 1 - 2 S 3  END                        0.0274    0.02742
  58.  3199   D 1 - 3 S 5 ; D 1 - 2 S 3 - 4 ; D 1 S 2 D 3 ; D 1 S 2 - 3  END            0.0273    0.00060  0.00249 -0.00403  0.02275
                                                                                                  0.00099  0.00368  0.00502  0.00130
                                                                                                 -0.01270
  59.    23   D 1 - 3 S 4 ; D 1 S 2 D 3 S 4 ; D 1 - 2 S 3 ; D 1 - 2  END                0.0273   -0.01431 -0.02311 -0.00204
  60.    22   D 1 - 3 S 4 ; D 1 - 3 ; D 1 - 2 S 3 ; D 1 S 2 S 4  END                    0.0273    0.01400 -0.01310  0.01937
  61.   317   S 1 D 2 - 3 S 4 - 5 ; D 1 - 3 ; D 1 - 2 S 3 ; D 1 - 2  END                0.0267    0.01288 -0.01631  0.01684
  62. 14077   D 1 - 3 S 4 ; D 1 - 3 ; D 1 S 2 - 3 S 6 ; D 1 - 2  END                    0.0267    0.01035 -0.01452  0.01993
  63.  7657   D 1 - 3 S 4 ; D 1 S 2 D 3 S 4 ; D 1 - 2 S 3 ; D 1 S 2 S 4  END            0.0263    0.00073 -0.00370 -0.00176  0.01882
                                                                                                 -0.00194  0.00438  0.00873 -0.00515
                                                                                                 -0.01387
  64. 14175   D 1 S 2 D 3 ; D 1 - 3 ; D 1 - 3 S 6 ; D 1 - 2  END                        0.0260    0.02602
  65. 14198   S 1 D 2 - 3 ; D 1 - 3 ; D 1 - 3 S 5 ; D 1 - 2  END                        0.0260   -0.02602
  66.  7749   D 1 - 3 S 6 ; D 1 - 2 S 3 - 4 ; D 1 - 2 S 3 ; D 1 - 2  END                0.0258    0.00204  0.02231 -0.01280
  67.   129   D 1 - 3 S 4 ; D 1 - 3 ; S 1 D 2 - 3 ; D 1 S 2 - 3  END                    0.0258    0.02164 -0.01393  0.00171
  68.  1091   D 1 - 2 S 3 - 5 ; D 1 - 3 ; D 1 - 2 S 3 ; D 1 S 2 - 3  END                0.0254    0.00458  0.00146 -0.00010 -0.02012
                                                                                                  0.00096  0.00475  0.01385  0.00058
                                                                                                  0.00054
  69.   734   D 1 - 3 S 4 ; D 1 - 2 S 3 - 4 ; D 1 S 2 - 4 ; D 1 - 2  END                0.0254    0.00382  0.00136 -0.01925  0.00878
                                                                                                  0.00146  0.00893 -0.00958  0.00123
                                                                                                 -0.00217
  70.  7380   D 1 S 2 D 3 S 4 S 6 ; D 1 - 3 ; D 1 - 2 S 3 ; D 1 - 2  END                0.0250    0.00622 -0.00607  0.02341
  71. 14082   D 1 - 3 S 4 ; D 1 - 3 ; S 1 D 2 S 3 S 5 ; D 1 - 2  END                    0.0250    0.01832 -0.01463  0.00858
  72.    47   D 1 - 4 S 5 ; D 1 - 3 ; D 1 - 2 S 3 ; D 1  END                            0.0247    0.02467
  73.   636   D 1 - 3 S 4 ; D 1 - 4 ; D 1 S 2 ; D 1 - 2  END                            0.0247    0.02467
  74. 14095   D 1 - 3 ; D 1 S 2 D 3 ; D 1 - 3 ; D 1 - 2 S 5  END                        0.0243   -0.02426
  75.  7370   D 1 - 3 ; S 1 D 2 - 3 ; D 1 - 3 ; D 1 - 2 S 4  END                        0.0243    0.02426
  76.   856   D 1 - 3 ; D 1 - 3 S 4 ; D 1 - 3 ; S 1 - 3  END                            0.0241   -0.02338  0.00570  0.00177
  77.   899   D 1 - 3 ; D 1 - 2 S 3 - 5 ; D 1 - 3 ; D 1 S 2  END                        0.0241   -0.00366 -0.00825 -0.02238
  78.   664   D 1 - 3 S 4 - 5 ; D 1 - 3 S 4 ; S 1 D 2 S 3 ; D 1 S 2  END                0.0239   -0.00110  0.00008  0.01646  0.00819
                                                                                                  0.00068 -0.00445  0.00992 -0.00321
                                                                                                 -0.01012
  79.  7562   D 1 - 3 S 4 S 6 ; D 1 - 3 S 4 ; D 1 S 2 - 3 ; D 1 S 2  END                0.0239    0.00098 -0.00012 -0.01651 -0.00181
                                                                                                 -0.00059  0.01022 -0.01102 -0.00028
                                                                                                  0.00822
  80.   630   D 1 - 3 S 4 - 5 ; D 1 - 3 S 5 ; D 1 S 2 - 3 ; D 1 S 2  END                0.0237   -0.00106 -0.00087  0.01963  0.00209
                                                                                                  0.00004 -0.00116  0.00967 -0.00630
                                                                                                 -0.00608
  81.   632   D 1 - 3 S 4 - 5 ; D 1 - 3 S 4 ; D 1 S 2 - 3 ; S 1 D 2  END                0.0237    0.00051  0.00114 -0.01969  0.00212
                                                                                                  0.00007  0.00477 -0.01010  0.00403
                                                                                                  0.00534
  82.  3172   D 1 - 3 ; D 1 - 2 S 3 - 5 ; D 1 - 3 ; S 1 - 3  END                        0.0230   -0.00034 -0.00200  0.01357  0.01442
                                                                                                 -0.00072  0.00522 -0.00299 -0.00806
                                                                                                 -0.00565
  83.     9   D 1 - 3 S 4 ; D 1 - 2 S 3 - 4 ; D 1 - 2 S 3 ; D 1 - 2  END                0.0230    0.00200 -0.02166 -0.00734
  84.    10   D 1 - 3 S 4 ; D 1 - 3 ; D 1 - 2 S 3 ; D 1 S 2 - 3  END                    0.0230    0.00355 -0.02111  0.00829
  85.  7589   D 1 - 3 S 4 - 6 ; D 1 - 3 ; S 1 D 2 ; D 1 - 2  END                        0.0227   -0.00095  0.02207  0.00539
  86.  7295   D 1 - 4 S 6 ; D 1 - 3 ; S 1 - 3 ; D 1 - 2  END                            0.0227   -0.01449 -0.01115  0.01352
  87.   793   D 1 - 3 S 4 - 5 ; D 1 S 2 D 3 ; D 1 S 2 - 3 ; D 1 - 2 S 3  END            0.0225    0.00404  0.00263  0.01904  0.00347
                                                                                                  0.00226 -0.00265  0.00454 -0.00829
                                                                                                 -0.00304
  88.  7628   D 1 - 3 S 4 - 5 ; D 1 - 2 S 3 ; D 1 S 2 - 3 ; D 1 - 2 S 4  END            0.0225    0.00333  0.00297  0.01896 -0.00122
                                                                                                  0.00241 -0.00729  0.00577 -0.00585
                                                                                                 -0.00089
  89.  7576   D 1 - 3 S 4 - 6 ; D 1 - 3 ; D 1 S 3 ; D 1 - 2  END                        0.0213    0.00079 -0.02016 -0.00680
  90.   682   D 1 - 3 S 4 D 5 ; D 1 - 3 ; S 1 - 3 ; D 1 - 2  END                        0.0213   -0.01479 -0.00914  0.01229
  91. 14619   D 1 - 3 S 5 ; D 1 - 3 ; D 1 S 2 - 3 S 5 ; D 1 - 2  END                    0.0208    0.00141 -0.01511  0.01419
  92.   277   D 1 S 2 D 3 S 4 - 5 ; D 1 - 3 ; D 1 S 2 D 3 ; D 1 - 2  END                0.0208   -0.00493  0.01760 -0.00988
  93.  3761   D 1 - 2 S 3 S 5 ; D 1 - 3 S 4 ; D 1 S 2 D 3 S 4 ; D 1 S 2  END            0.0207   -0.00043 -0.00020  0.00402  0.00147
                                                                                                 -0.00069 -0.00221 -0.01781 -0.00054
                                                                                                  0.00942
  94.  7716   D 1 - 3 S 6 ; D 1 - 3 ; D 1 - 2 S 3 ; D 1 S 2 - 3  END                    0.0207    0.01578 -0.01317  0.00246
  95.   139   D 1 - 3 S 4 ; D 1 - 2 S 3 - 4 ; S 1 D 2 - 3 ; D 1 - 2  END                0.0207    0.00106  0.01913 -0.00785
  96.  9350   D 1 - 3 S 5 ; D 1 S 2 D 3 S 4 ; D 1 - 2 S 3 ; D 1 S 2 S 4  END            0.0202    0.00651  0.00563  0.01198 -0.00922
                                                                                                  0.00368 -0.00921  0.00121  0.00077
                                                                                                 -0.00223
  97.  7665   D 1 - 3 S 4 ; D 1 S 2 D 3 S 4 ; D 1 S 2 D 3 ; D 1 S 2 S 4  END            0.0202    0.00670  0.00553  0.01143 -0.00951
                                                                                                  0.00365 -0.00934  0.00189  0.00128
                                                                                                 -0.00232
  98.  7706   D 1 - 3 ; D 1 - 3 S 4 ; D 1 - 3 ; D 1 S 4  END                            0.0201   -0.02014
  99.   921   D 1 - 3 ; D 1 S 2 D 3 - 4 ; D 1 - 3 ; D 1 S 2  END                        0.0201   -0.02014
 100. 15215   D 1 S 2 D 3 S 4 ; D 1 - 3 S 4 ; D 1 - 2 S 3 S 5 ; D 1 S 2  END            0.0198   -0.00040 -0.00077  0.00109 -0.00053
                                                                                                 -0.00531 -0.00120 -0.01600 -0.00331
                                                                                                  0.00964




 POSITION OF FIRST SPIN COUPLING FOR TEN MOST IMPORTANT CONFIGURATIONS
       2      5      4      6  57946     88  57947    325     23     83



 ELAPSED TIME =     152.76 CPU SECONDS. (    152.80 WALL CLOCK SECONDS)
