 ************************************************************************
 * CISTAR - CONFIGURATION INTERACTION/PERTURBATION THEORY PROGRAM       *
 * QUANTUM CHEMISTRY GROUP - INDIANA UNIVERSITY - 30Aug 2010  22:27:24  *
 ************************************************************************



 THE TRANSFORMED INTEGRALS ARE TITLED: dumm                                    
 THE FILE IS DATED:                     30Aug 2010  22:27:23 
 THE NUMBER OF ORBITALS FROM FILE 16 IS  22.


                         CI RUN TITLE
                         -- --- -----
 ) * H2O  -SINGLET A1-  STO-3G HF SD-CI TEST CASE *


 ) $
 ) $ GENERAL OPTIONS LIST INPUT
 ) $
 )MRSDCI=  2      $ REQUEST UP TO SD EXCITATIONS FROM THESE CONFIGURATION
 )ISYMMETRY=3       $ SPECIFY Ag OVERALL SYMMETR
 )MULTIPLICITY=3       $ SPECIFY SPIN MULTIPLICITY
 )END
 TIME TO PROCESS FORMULA FILE = 0.0 CPU SEC. ( 0.0 WALL CLOCK SEC.)

            THE REFERENCE SPACE CONFIGURATIONS
            --- --------- ----- --------------
 ) $
 ) $ SPECIFY THE HARTREE-FOCK CONFIGURATION
 ) $
 )  D 1 - 3 S 4 ; D 1 - 3 ; D 1 - 2 S 3 ; D 1 - 2  END
 )  D 1 - 3 ; D 1 - 3 S 4 ; D 1 - 3 ; D 1 S 2  END

               INTERNALLY GENERATED ORBITAL SETS (MR SD-CI TYPE 1)
               ---------- --------- ------- ---------------------
 MIN. MAX.
 OCC. OCC.
   0   2   0000110000100011100111
   0   2   0000000001000000000000
   0   6   0001000000000100001000
  16  18   1110001110011000010000
 THE REFERENCE SPACE CONTAINS   2 SPIN-ADAPTED CONFIGURATIONS.


      2744 SPACE ORBITAL PRODUCTS (    13276 SPIN-ADAPTED CONFIGURATIONS)
 WERE GENERATED IN     0.0 CPU SECONDS.
 TIME IN DIAGC    0.0


 THE TOTAL NUMBER OF SPACE ORBITAL PRODUCTS IS           2744
 THE TOTAL NUMBER OF SPIN-ADAPTED CONFIGURATIONS IS     13276
 THE MAX. NUMBER OF SPIN COUPLINGS IN A S.O.P. IS    9
 THERE WILL BE         2 INTEGRAL LOADS UTILIZING  19995967 WORDS OF MEMORY.
 writ50, first, nrec= T       15872
 A TOTAL OF   228981 NONZERO S.O.P. PAIRS WERE FOUND.
 TIME TO FIND (I,J) PAIRS =    0.08 CPU SECONDS.
 THE VALUE OF THE H(1,1) ELEMENT IS  -875.7611897

          HAMILTONIAN MATRIX STORAGE DATA
 I/O   NO. OF    NO. OF     FILE SIZE    PERCENT NONZERO
 FILE  RECORDS   ELEMENTS   (IN BYTES)    IN ALL BLOCKS
  12         4      26552       212436
  13        39      38040       624156
  17       740    2937918     13247696      66.7
  20       111     884390      7104444
 TOTAL ELAPSED TIME =     0.4 CPU SECONDS AND        0.4 WALL CLOCK SECONDS.
