 #TITLE:PPP                                                                      
 PPP Hamiltonian to be used
 Along with Ohno parameterization
 SCREENED PARAMETERS ARE BEING USED
 U=   8.0000
 r0=   1.2786
 Dielectric Constant =   2.0000
 The system is uncharged
 Total no. of atoms/cell:  22
 UHF Calculations will be performed
 nalpha,nbeta          12          10
 Orbitals will be printed in the output file
 Files will be written for subsequent CI calculations
 For correlation treatment Alpha-type orbitals will be used
 dipole matrix elements file will be created
 Total no. of unit cells:   1
 Total no. of sites:  22
 Total no. of electrons:  22
 Convergence Threshold:    0.0000000100
 Maximum number of iterations:  10000
 done with input
  
Site #     X-Coord     Y-Coord    Z-coord
  
    1     -1.21244     3.50000     0.00000
    2      0.00000     4.20000     0.00000
    3      1.21244     3.50000     0.00000
    4     -2.42487     1.40000     0.00000
    5     -1.21244     2.10000     0.00000
    6      0.00000     1.40000     0.00000
    7      1.21244     2.10000     0.00000
    8      2.42487     1.40000     0.00000
    9     -3.63731    -0.70000     0.00000
   10     -2.42487     0.00000     0.00000
   11     -1.21244    -0.70000     0.00000
   12      0.00000     0.00000     0.00000
   13      1.21244    -0.70000     0.00000
   14      2.42487     0.00000     0.00000
   15      3.63731    -0.70000     0.00000
   16     -3.63731    -2.10000     0.00000
   17     -2.42487    -2.80000     0.00000
   18     -1.21244    -2.10000     0.00000
   19      0.00000    -2.80000     0.00000
   20      1.21244    -2.10000     0.00000
   21      2.42487    -2.80000     0.00000
   22      3.63731    -2.10000     0.00000
  
           1
 Entering routine SCF
  
 Itr(i)     E(scf)        Ediff1(i-1)       Ediff2(i)       Evldiff(i)
  
      1    0.3469533E+03   0.0000000E+00    0.1000000E+04   0.1000000E+04
      2   -0.4410433E+02  -0.3910577E+03    0.0000000E+00   0.3336804E+01
      3   -0.4447456E+02  -0.3702342E+00   -0.3910577E+03   0.2046352E+00
      4   -0.4469337E+02  -0.2188025E+00   -0.3702342E+00   0.1512704E+00
      5   -0.4483086E+02  -0.1374912E+00   -0.2188025E+00   0.1145929E+00
      6   -0.4491830E+02  -0.8744639E-01   -0.1374912E+00   0.8775463E-01
      7   -0.4497341E+02  -0.5510858E-01   -0.8744639E-01   0.6740901E-01
      8   -0.4500752E+02  -0.3410974E-01   -0.5510858E-01   0.5171766E-01
      9   -0.4502822E+02  -0.2069670E-01   -0.3410974E-01   0.3954864E-01
     10   -0.4504055E+02  -0.1232839E-01   -0.2069670E-01   0.3012172E-01
     11   -0.4504778E+02  -0.7228678E-02   -0.1232839E-01   0.2285028E-01
     12   -0.4505196E+02  -0.4184278E-02   -0.7228678E-02   0.1727162E-01
     13   -0.4505436E+02  -0.2397455E-02   -0.4184278E-02   0.1301458E-01
     14   -0.4505572E+02  -0.1362802E-02   -0.2397455E-02   0.9781731E-02
     15   -0.4505649E+02  -0.7699584E-03   -0.1362802E-02   0.7336740E-02
     16   -0.4505692E+02  -0.4329976E-03   -0.7699584E-03   0.5493853E-02
     17   -0.4505717E+02  -0.2426487E-03   -0.4329976E-03   0.4108572E-02
     18   -0.4505730E+02  -0.1356192E-03   -0.2426487E-03   0.3069511E-02
     19   -0.4505738E+02  -0.7564869E-04   -0.1356192E-03   0.2291452E-02
     20   -0.4505742E+02  -0.4213421E-04   -0.7564869E-04   0.1709597E-02
     21   -0.4505744E+02  -0.2344145E-04   -0.4213421E-04   0.1274908E-02
     22   -0.4505746E+02  -0.1303085E-04   -0.2344145E-04   0.9504150E-03
     23   -0.4505746E+02  -0.7239210E-05   -0.1303085E-04   0.7083254E-03
     24   -0.4505747E+02  -0.4019836E-05   -0.7239210E-05   0.5277951E-03
     25   -0.4505747E+02  -0.2231390E-05   -0.4019836E-05   0.3932168E-03
     26   -0.4505747E+02  -0.1238314E-05   -0.2231390E-05   0.2929199E-03
     27   -0.4505747E+02  -0.6870727E-06   -0.1238314E-05   0.2181866E-03
     28   -0.4505747E+02  -0.3811643E-06   -0.6870727E-06   0.1625095E-03
     29   -0.4505747E+02  -0.2114346E-06   -0.3811643E-06   0.1210343E-03
     30   -0.4505747E+02  -0.1172749E-06   -0.2114346E-06   0.9014085E-04
     31   -0.4505747E+02  -0.6504439E-07   -0.1172749E-06   0.6713096E-04
     32   -0.4505747E+02  -0.3607374E-07   -0.6504439E-07   0.4999367E-04
     33   -0.4505747E+02  -0.2000604E-07   -0.3607374E-07   0.3723062E-04
     34   -0.4505747E+02  -0.1109481E-07   -0.2000604E-07   0.2772556E-04
     35   -0.4505747E+02  -0.6153016E-08   -0.1109481E-07   0.2064698E-04
     36   -0.4505747E+02  -0.3411913E-08   -0.6153016E-08   0.1537552E-04
     37   -0.4505747E+02  -0.1892204E-08   -0.3411913E-08   0.1144988E-04
     38   -0.4505747E+02  -0.1049500E-08   -0.1892204E-08   0.8526490E-05
  
 Convergence achieved after     38 iterations
  
 Final SCF energy:     -45.057472240418
  
 Nuc-Nuc energy:     326.953334418116
  
 Eigen values from alpha spins of the Fock Matrix
  
  
              E  1
 #      1  -4.04303
 #      2  -2.88783
 #      3  -2.88783
 #      4  -1.43297
 #      5  -1.43297
 #      6  -1.22107
 #      7   0.00569
 #      8   0.24561
 #      9   0.24561
 #     10   0.25110
 #     11   1.83392
 #     12   1.83392
 #     13   7.10474
 #     14   7.39289
 #     15   7.65863
 #     16   7.65863
 #     17   8.88096
 #     18   8.88096
 #     19   9.00135
 #     20  10.54409
 #     21  10.54409
 #     22  11.82352
  
 Eigen values from beta spins of the Fock Matrix
  
  
              E  1
 #      1  -3.82352
 #      2  -2.54409
 #      3  -2.54409
 #      4  -1.00135
 #      5  -0.88096
 #      6  -0.88096
 #      7   0.34137
 #      8   0.34137
 #      9   0.60711
 #     10   0.89526
 #     11   6.16608
 #     12   6.16608
 #     13   7.74890
 #     14   7.75439
 #     15   7.75439
 #     16   7.99431
 #     17   9.22107
 #     18   9.43297
 #     19   9.43297
 #     20  10.88783
 #     21  10.88783
 #     22  12.04303
  
   
 Occupied Orbitals for alpha spins
   
  
           ORB_  1   ORB_  2   ORB_  3   ORB_  4   ORB_  5   ORB_  6
 Site   1   0.14484   0.07810  -0.30418  -0.25187   0.24122   0.26270
 Site   2   0.09563   0.00000  -0.23480  -0.00000   0.23341   0.26563
 Site   3   0.14484  -0.07810  -0.30418   0.25187   0.24122   0.26270
 Site   4   0.21028   0.27748  -0.16020  -0.36243  -0.20925   0.05510
 Site   5   0.22450   0.13762  -0.29949  -0.30193   0.05171   0.02851
 Site   6   0.32083   0.00000  -0.30716  -0.00000   0.07816  -0.26052
 Site   7   0.22450  -0.13762  -0.29949   0.30193   0.05171   0.02851
 Site   8   0.21028  -0.27748  -0.16020   0.36243  -0.20925   0.05510
 Site   9   0.14484   0.30248   0.08445   0.08297  -0.33874   0.26270
 Site  10   0.22450   0.32818   0.03056  -0.10618  -0.28734   0.02851
 Site  11   0.32083   0.26601   0.15358   0.06769  -0.03908  -0.26052
 Site  12   0.32070   0.00000  -0.00000  -0.00000  -0.00000  -0.39578
 Site  13   0.32083  -0.26601   0.15358  -0.06769  -0.03908  -0.26052
 Site  14   0.22450  -0.32818   0.03056   0.10618  -0.28734   0.02851
 Site  15   0.14484  -0.30248   0.08445  -0.08297  -0.33874   0.26270
 Site  16   0.09563   0.20335   0.11740   0.20214  -0.11671   0.26563
 Site  17   0.14484   0.22438   0.21973   0.33484   0.09752   0.26270
 Site  18   0.22450   0.19055   0.26893   0.19575   0.23563   0.02851
 Site  19   0.21028  -0.00000   0.32041  -0.00000   0.41850   0.05510
 Site  20   0.22450  -0.19055   0.26893  -0.19575   0.23563   0.02851
 Site  21   0.14484  -0.22438   0.21973  -0.33484   0.09751   0.26270
 Site  22   0.09563  -0.20335   0.11740  -0.20214  -0.11671   0.26563
  
           ORB_  7   ORB_  8   ORB_  9   ORB_ 10   ORB_ 11   ORB_ 12
 Site   1   0.34167  -0.18374   0.24893  -0.12962   0.01439  -0.41803
 Site   2   0.00000   0.00000   0.33650  -0.17144   0.03344   0.00000
 Site   3  -0.34167   0.18374   0.24893  -0.12962   0.01439   0.41803
 Site   4  -0.00000   0.03731  -0.02154   0.43331   0.24141   0.41813
 Site   5   0.22345  -0.10580  -0.19649   0.10599  -0.02975  -0.00334
 Site   6   0.00000  -0.00000  -0.51041  -0.15419  -0.28413  -0.00000
 Site   7  -0.22345   0.10580  -0.19649   0.10599  -0.02975   0.00334
 Site   8   0.00000  -0.03731  -0.02154   0.43331   0.24141  -0.41813
 Site   9  -0.34167  -0.30745   0.03466  -0.12962  -0.36922  -0.19655
 Site  10  -0.22345   0.11726   0.18987   0.10599   0.01198  -0.02743
 Site  11  -0.00000   0.44203   0.25521  -0.15419   0.14206  -0.24606
 Site  12   0.00000  -0.00000   0.00000  -0.33014  -0.00000  -0.00000
 Site  13   0.00000  -0.44203   0.25521  -0.15419   0.14206   0.24606
 Site  14   0.22345  -0.11726   0.18987   0.10599   0.01198   0.02743
 Site  15   0.34167   0.30745   0.03466  -0.12962  -0.36922   0.19655
 Site  16   0.00000  -0.29142  -0.16825  -0.17144  -0.01672   0.02896
 Site  17   0.34167  -0.12371  -0.28359  -0.12962   0.35483   0.22148
 Site  18   0.22345   0.22307   0.00662   0.10599   0.01776  -0.02409
 Site  19  -0.00000   0.00000   0.04308   0.43331  -0.48282  -0.00000
 Site  20  -0.22345  -0.22307   0.00662   0.10599   0.01776   0.02409
 Site  21  -0.34167   0.12370  -0.28359  -0.12962   0.35483  -0.22148
 Site  22  -0.00000   0.29142  -0.16825  -0.17144  -0.01672  -0.02896
   
 Virtual orbitals for alpha spins
   
  
           ORB_ 13   ORB_ 14   ORB_ 15   ORB_ 16   ORB_ 17   ORB_ 18
 Site   1  -0.06789   0.22345   0.16633  -0.10556   0.16638   0.20328
 Site   2   0.28481   0.00000  -0.50944   0.00000  -0.30621  -0.00000
 Site   3  -0.06789  -0.22345   0.16633   0.10556   0.16638  -0.20328
 Site   4   0.26526   0.00000   0.01015  -0.01758  -0.16050   0.27800
 Site   5  -0.19694  -0.34167   0.25982   0.16950  -0.02585  -0.40598
 Site   6  -0.09172  -0.00000  -0.36965   0.00000   0.02936   0.00000
 Site   7  -0.19694   0.34167   0.25982  -0.16950  -0.02585   0.40598
 Site   8   0.26526  -0.00000   0.01015   0.01758  -0.16050  -0.27800
 Site   9  -0.06789  -0.22345   0.00825  -0.19683  -0.25924  -0.04245
 Site  10  -0.19694   0.34167  -0.27670  -0.14026   0.36452  -0.18061
 Site  11  -0.09172  -0.00000   0.18482   0.32012  -0.01468  -0.02543
 Site  12   0.50985   0.00000   0.00000  -0.00000  -0.00000  -0.00000
 Site  13  -0.09172   0.00000   0.18482  -0.32012  -0.01468   0.02543
 Site  14  -0.19694  -0.34167  -0.27670   0.14026   0.36452   0.18061
 Site  15  -0.06789   0.22345   0.00825   0.19683  -0.25924   0.04245
 Site  16   0.28481  -0.00000   0.25472   0.44118   0.15311   0.26519
 Site  17  -0.06789   0.22345  -0.17458  -0.09127   0.09285  -0.24573
 Site  18  -0.19694  -0.34167   0.01688  -0.30976  -0.33867   0.22538
 Site  19   0.26526   0.00000  -0.02030   0.00000   0.32100   0.00000
 Site  20  -0.19694   0.34167   0.01688   0.30976  -0.33867  -0.22538
 Site  21  -0.06789  -0.22345  -0.17458   0.09127   0.09285   0.24573
 Site  22   0.28481   0.00000   0.25472  -0.44118   0.15311  -0.26519
  
           ORB_ 19   ORB_ 20   ORB_ 21   ORB_ 22
 Site   1  -0.20468  -0.25514   0.05308  -0.11563
 Site   2   0.36350   0.29901  -0.00000   0.10481
 Site   3  -0.20468  -0.25514  -0.05308  -0.11563
 Site   4  -0.05337  -0.11229   0.19449  -0.15846
 Site   5   0.05219   0.36510  -0.13591   0.25042
 Site   6   0.19308  -0.29574   0.00000  -0.30506
 Site   7   0.05219   0.36510   0.13591   0.25042
 Site   8  -0.05337  -0.11229  -0.19449  -0.15846
 Site   9  -0.20468   0.08160   0.24749  -0.11563
 Site  10   0.05219  -0.06485  -0.38414   0.25042
 Site  11   0.19308   0.14787   0.25612  -0.30506
 Site  12  -0.46425   0.00000  -0.00000   0.39502
 Site  13   0.19308   0.14787  -0.25612  -0.30506
 Site  14   0.05219  -0.06485   0.38414   0.25042
 Site  15  -0.20468   0.08160  -0.24749  -0.11563
 Site  16   0.36350  -0.14951  -0.25895   0.10481
 Site  17  -0.20468   0.17353   0.19442  -0.11563
 Site  18   0.05219  -0.30025  -0.24823   0.25042
 Site  19  -0.05337   0.22458  -0.00000  -0.15846
 Site  20   0.05219  -0.30025   0.24823   0.25042
 Site  21  -0.20468   0.17353  -0.19442  -0.11563
 Site  22   0.36350  -0.14951   0.25895   0.10481
   
 Occupied Orbitals for beta spins
   
  
           ORB_  1   ORB_  2   ORB_  3   ORB_  4   ORB_  5   ORB_  6
 Site   1  -0.11563   0.05308   0.25514   0.20468   0.20328   0.16638
 Site   2  -0.10481  -0.00000   0.29901   0.36350   0.00000   0.30621
 Site   3  -0.11563  -0.05308   0.25514   0.20468  -0.20328   0.16638
 Site   4  -0.15846   0.19449   0.11229   0.05337   0.27800  -0.16050
 Site   5  -0.25042   0.13591   0.36510   0.05219   0.40598   0.02585
 Site   6  -0.30506  -0.00000   0.29574  -0.19308   0.00000   0.02936
 Site   7  -0.25042  -0.13591   0.36510   0.05219  -0.40598   0.02585
 Site   8  -0.15846  -0.19449   0.11229   0.05337  -0.27800  -0.16050
 Site   9  -0.11563   0.24749  -0.08160   0.20468  -0.04245  -0.25924
 Site  10  -0.25042   0.38414  -0.06485   0.05219   0.18061  -0.36452
 Site  11  -0.30506   0.25612  -0.14787  -0.19308  -0.02543  -0.01468
 Site  12  -0.39502   0.00000   0.00000  -0.46425   0.00000   0.00000
 Site  13  -0.30506  -0.25612  -0.14787  -0.19308   0.02543  -0.01468
 Site  14  -0.25042  -0.38414  -0.06485   0.05219  -0.18061  -0.36452
 Site  15  -0.11563  -0.24749  -0.08160   0.20468   0.04245  -0.25924
 Site  16  -0.10481   0.25895  -0.14951   0.36350  -0.26519  -0.15311
 Site  17  -0.11563   0.19442  -0.17353   0.20468  -0.24573   0.09285
 Site  18  -0.25042   0.24823  -0.30025   0.05219  -0.22538   0.33867
 Site  19  -0.15846   0.00000  -0.22458   0.05337   0.00000   0.32100
 Site  20  -0.25042  -0.24823  -0.30025   0.05219   0.22538   0.33867
 Site  21  -0.11563  -0.19442  -0.17353   0.20468   0.24573   0.09285
 Site  22  -0.10481  -0.25895  -0.14951   0.36350   0.26519  -0.15311
  
           ORB_  7   ORB_  8   ORB_  9   ORB_ 10
 Site   1   0.10556   0.16633  -0.22345  -0.06789
 Site   2  -0.00000   0.50944   0.00000  -0.28481
 Site   3  -0.10556   0.16633   0.22345  -0.06789
 Site   4   0.01758   0.01015  -0.00000   0.26526
 Site   5   0.16950  -0.25982  -0.34167   0.19694
 Site   6   0.00000  -0.36965  -0.00000  -0.09172
 Site   7  -0.16950  -0.25982   0.34167   0.19694
 Site   8  -0.01758   0.01015   0.00000   0.26526
 Site   9   0.19683   0.00825   0.22345  -0.06789
 Site  10  -0.14026   0.27670   0.34167   0.19694
 Site  11  -0.32012   0.18482   0.00000  -0.09172
 Site  12   0.00000  -0.00000  -0.00000  -0.50985
 Site  13   0.32012   0.18482  -0.00000  -0.09172
 Site  14   0.14026   0.27670  -0.34167   0.19694
 Site  15  -0.19683   0.00825  -0.22345  -0.06789
 Site  16   0.44118  -0.25472  -0.00000  -0.28481
 Site  17   0.09127  -0.17458  -0.22345  -0.06789
 Site  18  -0.30976  -0.01688  -0.34167   0.19694
 Site  19   0.00000  -0.02030   0.00000   0.26526
 Site  20   0.30976  -0.01688   0.34167   0.19694
 Site  21  -0.09127  -0.17458   0.22345  -0.06789
 Site  22  -0.44118  -0.25472   0.00000  -0.28481
   
 Virtual orbitals for beta spins
   
  
           ORB_ 11   ORB_ 12   ORB_ 13   ORB_ 14   ORB_ 15   ORB_ 16
 Site   1   0.41803  -0.01439   0.12962   0.24893  -0.18374  -0.34167
 Site   2  -0.00000   0.03344  -0.17144  -0.33650  -0.00000   0.00000
 Site   3  -0.41803  -0.01439   0.12962   0.24893   0.18374   0.34167
 Site   4  -0.41813  -0.24141  -0.43331  -0.02154   0.03731   0.00000
 Site   5  -0.00334  -0.02975   0.10599   0.19649   0.10580   0.22345
 Site   6  -0.00000   0.28413   0.15419  -0.51041  -0.00000   0.00000
 Site   7   0.00334  -0.02975   0.10599   0.19649  -0.10580  -0.22345
 Site   8   0.41813  -0.24141  -0.43331  -0.02154  -0.03731  -0.00000
 Site   9   0.19655   0.36922   0.12962   0.03466  -0.30745   0.34167
 Site  10  -0.02743   0.01198   0.10599  -0.18987  -0.11726  -0.22345
 Site  11   0.24606  -0.14206   0.15419   0.25521   0.44203   0.00000
 Site  12   0.00000  -0.00000  -0.33014  -0.00000   0.00000  -0.00000
 Site  13  -0.24606  -0.14206   0.15419   0.25521  -0.44203  -0.00000
 Site  14   0.02743   0.01198   0.10599  -0.18987   0.11726   0.22345
 Site  15  -0.19655   0.36922   0.12962   0.03466   0.30745  -0.34167
 Site  16   0.02896  -0.01672  -0.17144   0.16825   0.29142   0.00000
 Site  17  -0.22148  -0.35483   0.12962  -0.28359  -0.12371  -0.34167
 Site  18  -0.02409   0.01776   0.10599  -0.00662  -0.22307   0.22345
 Site  19  -0.00000   0.48282  -0.43331   0.04308   0.00000  -0.00000
 Site  20   0.02409   0.01776   0.10599  -0.00662   0.22307  -0.22345
 Site  21   0.22148  -0.35483   0.12962  -0.28359   0.12371   0.34167
 Site  22  -0.02896  -0.01672  -0.17144   0.16825  -0.29142  -0.00000
  
           ORB_ 17   ORB_ 18   ORB_ 19   ORB_ 20   ORB_ 21   ORB_ 22
 Site   1  -0.26270  -0.24122  -0.25187   0.30418  -0.07810  -0.14484
 Site   2   0.26563   0.23341  -0.00000  -0.23480  -0.00000   0.09563
 Site   3  -0.26270  -0.24122   0.25187   0.30418   0.07810  -0.14484
 Site   4  -0.05510   0.20925  -0.36243   0.16020  -0.27748  -0.21028
 Site   5   0.02851   0.05171   0.30193  -0.29949   0.13762   0.22450
 Site   6   0.26052  -0.07816   0.00000   0.30716   0.00000  -0.32083
 Site   7   0.02851   0.05171  -0.30193  -0.29949  -0.13762   0.22450
 Site   8  -0.05510   0.20925   0.36243   0.16020   0.27748  -0.21028
 Site   9  -0.26270   0.33874   0.08297  -0.08445  -0.30248  -0.14484
 Site  10   0.02851  -0.28734   0.10618   0.03056   0.32818   0.22450
 Site  11   0.26052   0.03908   0.06769  -0.15358  -0.26601  -0.32083
 Site  12  -0.39578  -0.00000   0.00000  -0.00000   0.00000   0.32070
 Site  13   0.26052   0.03908  -0.06769  -0.15358   0.26601  -0.32083
 Site  14   0.02851  -0.28734  -0.10618   0.03056  -0.32818   0.22450
 Site  15  -0.26270   0.33874  -0.08297  -0.08445   0.30248  -0.14484
 Site  16   0.26563  -0.11671  -0.20214   0.11740   0.20335   0.09563
 Site  17  -0.26270  -0.09751   0.33484  -0.21973  -0.22438  -0.14484
 Site  18   0.02851   0.23563  -0.19575   0.26893   0.19055   0.22450
 Site  19  -0.05510  -0.41850   0.00000  -0.32041  -0.00000  -0.21028
 Site  20   0.02851   0.23563   0.19575   0.26893  -0.19055   0.22450
 Site  21  -0.26270  -0.09752  -0.33484  -0.21973   0.22438  -0.14484
 Site  22   0.26563  -0.11671   0.20214   0.11740  -0.20335   0.09563
 Done with SCF calculations
 Total number of orbitals in the CI calculations:  22
  
 Array size for two-electron integrals:           32131.0
  
