 #TITLE:PPP                                                                      
 PPP Hamiltonian to be used
 Along with Ohno parameterization
 SCREENED PARAMETERS ARE BEING USED
 U=   8.0000
 r0=   1.2786
 Dielectric Constant =   2.0000
 The system is uncharged
 Total no. of atoms/cell:   6
 RHF Calculations will be performed
 Files will be written for subsequent CI calculations
 dipole matrix elements file will be created
 Orbitals will be printed in the output file
 Total no. of unit cells:   4
 Total no. of sites:  24
 Total no. of electrons:  24
 Convergence Threshold:    0.0000000100
 Maximum number of iterations:    100
 done with input
  
Site #     X-Coord     Y-Coord    Z-coord
  
    1     -7.91000     0.00000     0.00000
    2     -7.21000     1.21244     0.00000
    3     -7.21000    -1.21244     0.00000
    4     -5.81000     1.21244     0.00000
    5     -5.81000    -1.21244     0.00000
    6     -5.11000     0.00000     0.00000
    7     -3.57000     0.00000     0.00000
    8     -2.87000     1.21244     0.00000
    9     -2.87000    -1.21244     0.00000
   10     -1.47000     1.21244     0.00000
   11     -1.47000    -1.21244     0.00000
   12     -0.77000     0.00000     0.00000
   13      0.77000     0.00000     0.00000
   14      1.47000     1.21244     0.00000
   15      1.47000    -1.21244     0.00000
   16      2.87000     1.21244     0.00000
   17      2.87000    -1.21244     0.00000
   18      3.57000     0.00000     0.00000
   19      5.11000     0.00000     0.00000
   20      5.81000     1.21244     0.00000
   21      5.81000    -1.21244     0.00000
   22      7.21000     1.21244     0.00000
   23      7.21000    -1.21244     0.00000
   24      7.91000     0.00000     0.00000
  
  
 Total no. of Unique hopping elements read=      2
  
 Entering routine SCF
  
 Itr(i)     E(scf)        Ediff1(i-1)       Ediff2(i)       Evldiff(i)
  
      1    0.3328243E+03   0.0000000E+00    0.1000000E+04   0.1000000E+04
      2   -0.4646683E+02  -0.3792911E+03    0.0000000E+00   0.3048016E+01
      3   -0.4648820E+02  -0.2137114E-01   -0.3792911E+03   0.1945379E-01
      4   -0.4648942E+02  -0.1215811E-02   -0.2137114E-01   0.4690362E-02
      5   -0.4648949E+02  -0.7382554E-04   -0.1215811E-02   0.1175940E-02
      6   -0.4648950E+02  -0.4645886E-05   -0.7382554E-04   0.2988339E-03
      7   -0.4648950E+02  -0.2981460E-06   -0.4645886E-05   0.7636554E-04
      8   -0.4648950E+02  -0.1934382E-07   -0.2981460E-06   0.1956514E-04
      9   -0.4648950E+02  -0.1263061E-08   -0.1934382E-07   0.5018951E-05
     10   -0.4648950E+02  -0.8265033E-10   -0.1263061E-08   0.1288289E-05
  
 Convergence achieved after     10 iterations
  
 Final SCF energy:     -46.489498391996
  
 Nuc-Nuc energy:     312.824300542018
  
 Eigen values of the Fock Matrix
  
  
              E  1
 #      1  -3.15136
 #      2  -2.86699
 #      3  -2.41125
 #      4  -1.86512
 #      5  -0.84648
 #      6   0.00180
 #      7   0.40000
 #      8   0.41186
 #      9   0.42528
 #     10   0.43426
 #     11   0.90534
 #     12   1.67110
 #     13   6.32890
 #     14   7.09466
 #     15   7.56574
 #     16   7.57472
 #     17   7.58814
 #     18   7.60000
 #     19   7.99820
 #     20   8.84648
 #     21   9.86512
 #     22  10.41125
 #     23  10.86699
 #     24  11.15136
  
   
 Occupied Orbitals
   
  
            ORB  1    ORB  2    ORB  3    ORB  4    ORB  5    ORB  6
 Site   1  -0.08035   0.15763  -0.22726   0.25015   0.28989  -0.33996
 Site   2  -0.09390   0.17504  -0.23161   0.22827   0.20925  -0.19431
 Site   3  -0.09390   0.17504  -0.23161   0.22827   0.20925  -0.19431
 Site   4  -0.13542   0.22661  -0.24307   0.16851   0.01720   0.11438
 Site   5  -0.13542   0.22661  -0.24307   0.16851   0.01720   0.11438
 Site   6  -0.21917   0.32452  -0.26276   0.08061  -0.18258   0.32453
 Site   7  -0.27161   0.30391  -0.05978  -0.21484  -0.34797   0.17187
 Site   8  -0.22094   0.19456   0.05543  -0.23332  -0.17485  -0.03884
 Site   9  -0.22094   0.19456   0.05543  -0.23332  -0.17485  -0.03884
 Site  10  -0.23752   0.12531   0.17073  -0.21270   0.09152  -0.22007
 Site  11  -0.23752   0.12531   0.17073  -0.21270   0.09152  -0.22007
 Site  12  -0.32706   0.07993   0.29297  -0.15621   0.30901  -0.21912
 Site  13  -0.32706  -0.07993   0.29297   0.15621   0.30901   0.21912
 Site  14  -0.23752  -0.12531   0.17073   0.21270   0.09152   0.22007
 Site  15  -0.23752  -0.12531   0.17073   0.21270   0.09152   0.22007
 Site  16  -0.22094  -0.19456   0.05543   0.23332  -0.17485   0.03884
 Site  17  -0.22094  -0.19456   0.05543   0.23332  -0.17485   0.03884
 Site  18  -0.27161  -0.30391  -0.05978   0.21484  -0.34797  -0.17187
 Site  19  -0.21917  -0.32452  -0.26276  -0.08061  -0.18258  -0.32453
 Site  20  -0.13542  -0.22661  -0.24307  -0.16851   0.01720  -0.11438
 Site  21  -0.13542  -0.22661  -0.24307  -0.16851   0.01720  -0.11438
 Site  22  -0.09390  -0.17504  -0.23161  -0.22827   0.20925   0.19431
 Site  23  -0.09390  -0.17504  -0.23161  -0.22827   0.20925   0.19431
 Site  24  -0.08035  -0.15763  -0.22726  -0.25015   0.28989   0.33996
  
            ORB  7    ORB  8    ORB  9    ORB 10    ORB 11    ORB 12
 Site   1  -0.00000   0.00000  -0.00000   0.00000   0.32567   0.22093
 Site   2   0.16040   0.28088   0.31507  -0.21473   0.13709   0.06671
 Site   3  -0.16040  -0.28088  -0.31507   0.21473   0.13709   0.06671
 Site   4   0.16144   0.28162   0.31454  -0.21375  -0.21217  -0.18557
 Site   5  -0.16144  -0.28162  -0.31454   0.21375  -0.21217  -0.18557
 Site   6  -0.00000  -0.00000   0.00000   0.00000  -0.31655  -0.17961
 Site   7  -0.00000  -0.00000  -0.00000   0.00000   0.18433   0.31549
 Site   8  -0.31456  -0.21506   0.16010  -0.28137   0.21114   0.17076
 Site   9   0.31456   0.21506  -0.16010   0.28137   0.21114   0.17076
 Site  10  -0.31506  -0.21341   0.16174  -0.28113  -0.00134  -0.21607
 Site  11   0.31506   0.21341  -0.16174   0.28113  -0.00134  -0.21607
 Site  12  -0.00000  -0.00000   0.00000  -0.00000  -0.20730  -0.29988
 Site  13  -0.00000   0.00000   0.00000   0.00000  -0.20730   0.29988
 Site  14   0.31506  -0.21341  -0.16174  -0.28113  -0.00134   0.21607
 Site  15  -0.31506   0.21341   0.16174   0.28113  -0.00134   0.21607
 Site  16   0.31456  -0.21506  -0.16010  -0.28137   0.21114  -0.17076
 Site  17  -0.31456   0.21506   0.16010   0.28137   0.21114  -0.17076
 Site  18  -0.00000  -0.00000   0.00000   0.00000   0.18433  -0.31549
 Site  19  -0.00000   0.00000   0.00000  -0.00000  -0.31655   0.17961
 Site  20  -0.16144   0.28162  -0.31454  -0.21375  -0.21217   0.18557
 Site  21   0.16144  -0.28162   0.31454   0.21375  -0.21217   0.18557
 Site  22  -0.16040   0.28088  -0.31507  -0.21473   0.13709  -0.06671
 Site  23   0.16040  -0.28088   0.31507   0.21473   0.13709  -0.06671
 Site  24   0.00000  -0.00000   0.00000   0.00000   0.32567  -0.22093
   
 Virtual orbitals
   
  
            ORB 13    ORB 14    ORB 15    ORB 16    ORB 17    ORB 18
 Site   1  -0.22093   0.32567   0.00000  -0.00000   0.00000  -0.00000
 Site   2   0.06671  -0.13709  -0.21473   0.31507  -0.28088   0.16040
 Site   3   0.06671  -0.13709   0.21473  -0.31507   0.28088  -0.16040
 Site   4   0.18557  -0.21217   0.21375  -0.31454   0.28162  -0.16144
 Site   5   0.18557  -0.21217  -0.21375   0.31454  -0.28162   0.16144
 Site   6  -0.17961   0.31655   0.00000   0.00000  -0.00000   0.00000
 Site   7  -0.31549   0.18433  -0.00000  -0.00000   0.00000  -0.00000
 Site   8   0.17076  -0.21114  -0.28137   0.16010   0.21506  -0.31456
 Site   9   0.17076  -0.21114   0.28137  -0.16010  -0.21506   0.31456
 Site  10   0.21607  -0.00134   0.28113  -0.16174  -0.21341   0.31506
 Site  11   0.21607  -0.00134  -0.28113   0.16174   0.21341  -0.31506
 Site  12  -0.29988   0.20730   0.00000  -0.00000   0.00000   0.00000
 Site  13  -0.29988  -0.20730   0.00000  -0.00000  -0.00000  -0.00000
 Site  14   0.21607   0.00134  -0.28113  -0.16174   0.21341   0.31506
 Site  15   0.21607   0.00134   0.28113   0.16174  -0.21341  -0.31506
 Site  16   0.17076   0.21114   0.28137   0.16010  -0.21506  -0.31456
 Site  17   0.17076   0.21114  -0.28137  -0.16010   0.21506   0.31456
 Site  18  -0.31549  -0.18433  -0.00000  -0.00000  -0.00000  -0.00000
 Site  19  -0.17961  -0.31655  -0.00000  -0.00000  -0.00000  -0.00000
 Site  20   0.18557   0.21217  -0.21375  -0.31454  -0.28162  -0.16144
 Site  21   0.18557   0.21217   0.21375   0.31454   0.28162   0.16144
 Site  22   0.06671   0.13709   0.21473   0.31507   0.28088   0.16040
 Site  23   0.06671   0.13709  -0.21473  -0.31507  -0.28088  -0.16040
 Site  24  -0.22093  -0.32567  -0.00000  -0.00000  -0.00000  -0.00000
  
            ORB 19    ORB 20    ORB 21    ORB 22    ORB 23    ORB 24
 Site   1   0.33996   0.28989  -0.25015  -0.22726   0.15763  -0.08035
 Site   2  -0.19431  -0.20925   0.22827   0.23161  -0.17504   0.09390
 Site   3  -0.19431  -0.20925   0.22827   0.23161  -0.17504   0.09390
 Site   4  -0.11438   0.01720  -0.16851  -0.24307   0.22661  -0.13542
 Site   5  -0.11438   0.01720  -0.16851  -0.24307   0.22661  -0.13542
 Site   6   0.32453   0.18258   0.08061   0.26276  -0.32452   0.21917
 Site   7  -0.17187  -0.34797   0.21484  -0.05978   0.30391  -0.27161
 Site   8  -0.03884   0.17485  -0.23332  -0.05543  -0.19456   0.22094
 Site   9  -0.03884   0.17485  -0.23332  -0.05543  -0.19456   0.22094
 Site  10   0.22007   0.09152   0.21270   0.17073   0.12531  -0.23752
 Site  11   0.22007   0.09152   0.21270   0.17073   0.12531  -0.23752
 Site  12  -0.21912  -0.30901  -0.15621  -0.29297  -0.07993   0.32706
 Site  13  -0.21912   0.30901  -0.15621   0.29297  -0.07993  -0.32706
 Site  14   0.22007  -0.09152   0.21270  -0.17073   0.12531   0.23752
 Site  15   0.22007  -0.09152   0.21270  -0.17073   0.12531   0.23752
 Site  16  -0.03884  -0.17485  -0.23332   0.05543  -0.19456  -0.22094
 Site  17  -0.03884  -0.17485  -0.23332   0.05543  -0.19456  -0.22094
 Site  18  -0.17187   0.34797   0.21484   0.05978   0.30391   0.27161
 Site  19   0.32453  -0.18258   0.08061  -0.26276  -0.32452  -0.21917
 Site  20  -0.11438  -0.01720  -0.16851   0.24307   0.22661   0.13542
 Site  21  -0.11438  -0.01720  -0.16851   0.24307   0.22661   0.13542
 Site  22  -0.19431   0.20925   0.22827  -0.23161  -0.17504  -0.09390
 Site  23  -0.19431   0.20925   0.22827  -0.23161  -0.17504  -0.09390
 Site  24   0.33996  -0.28989  -0.25015   0.22726   0.15763   0.08035
 Done with SCF calculations
 Total number of orbitals in the CI calculations:  24
  
 Array size for two-electron integrals:           45150.0
  
