 ************************************************************************
 * RTSIM - DAVIDSON METHOD SPARSE MATRIX EIGENVALUE/EIGENVECTOR PROGRAM *
 * QUANTUM CHEMISTRY GROUP - INDIANA UNIVERSITY - 16Apr 2016  00:43:31  *
 ************************************************************************



                 DIAGONALIZATION RUN TITLE
                 -------------------------
 )* WATER TEST *



 ) DAVIDSON
 ) LAST=3
 ) COEFF
 ) NOVLP
 ) MAXITR=1000 END

 THE CI MATRIX IS TITLED:  H2O  -SINGLET A1-  STO-3G HF SD-CI TEST
 THE MATRIX IS DATED:     16Apr 2016  00:41:19 
 THE SPIN MULTIPLICITY IS 3 AND THE DIMENSION IS 456051.

 ROOTS  1 THROUGH  3 WILL BE OBTAINED.

  
  
  
 AMOUNT OF CORE AVAILABLE                      80000000
 MAXIMUM NUMBER OF VECTORS PER ITERATION              3
 MAXIMUM NUMBER OF VECTORS ON DISK                   19
 NUMBER OF SOLUTIONS SOUGHT                           3
 NUMBER OF SOLUTIONS INVESTIGATED                     3
 SIZE OF MATRIX DIAGONALISED                     456051
  
  
 INITIAL GUESS AT ROOTS (OBTAINED FROM DIAGONAL ELEMENTS OF HAMILTONIAN MATRIX)

                1        -397.17177
              317        -394.87020
              181        -394.66248


 ITERATION       ROOT           EIGENVALUE          NORM OF RESIDUAL
     1             1          -397.79103896              5.30498
     1             2          -395.66483322              5.52379
     1             3          -393.24857450              5.49164
     2             1          -400.00826703              5.88062
     2             2          -397.89401295              8.99912
     2             3          -394.54851616             13.98836
     2             1          -400.00826703              3.50485
     2             2          -397.89401295              4.36801
     2             3          -394.54851616              5.63435
     3             1          -400.73623613              4.65374
     3             2          -399.33757805              7.46226
     3             3          -396.99594644             10.73243
     3             1          -400.73623613              2.00022
     3             2          -399.33757805              2.82686
     3             3          -396.99594644              4.16047
     4             1          -400.92215938              2.95805
     4             2          -399.76059321              4.54023
     4             3          -398.15535665              8.56045
     4             1          -400.92215938              1.02046
     4             2          -399.76059321              1.59348
     4             3          -398.15535665              3.05202
     5             1          -400.96209632              1.72113
     5             2          -399.87086202              2.74220
     5             3          -398.65739597              7.26846
     5             1          -400.96209632              0.53500
     5             2          -399.87086202              0.84012
     5             3          -398.65739597              2.16526
     6             1          -400.97338667              1.08398
     6             2          -399.89857414              1.58617
     6             3          -398.87241811              5.31917
  truncating with vlp=false 
 TRUNCATION TO 1 VECTOR PER ROOT HAS BEEN PERFORMED
     6             1          -400.97338667              0.28867
     6             2          -399.89857414              0.46151
     6             3          -398.87241811              1.36917
     7             1          -400.97569461              0.29059
     7             2          -399.90539335              0.52882
     7             3          -398.92695886              1.42712
     7             1          -400.97569461              0.16476
     7             2          -399.90539335              0.29911
     7             3          -398.92695886              0.79620
     8             1          -400.97686706              0.47231
     8             2          -399.91019839              1.09322
     8             3          -398.95938925              2.66620
     8             1          -400.97686706              0.11416
     8             2          -399.91019839              0.22672
     8             3          -398.95938925              0.59235
     9             1          -400.97736007              0.38427
     9             2          -399.91282313              1.11994
     9             3          -398.97750068              2.88085
     9             1          -400.97736007              0.07357
     9             2          -399.91282313              0.18224
     9             3          -398.97750068              0.44033
    10             1          -400.97751567              0.21665
    10             2          -399.91424516              0.95526
    10             3          -398.98519095              2.18129
    10             1          -400.97751567              0.04230
    10             2          -399.91424516              0.13224
    10             3          -398.98519095              0.27175
    11             1          -400.97757106              0.14743
    11             2          -399.91493259              0.75953
    11             3          -398.98782425              1.36735
  truncating with vlp=false 
 TRUNCATION TO 1 VECTOR PER ROOT HAS BEEN PERFORMED
    11             1          -400.97757106              0.02238
    11             2          -399.91493259              0.08840
    11             3          -398.98782425              0.16336
    12             1          -400.97758293              0.02077
    12             2          -399.91518107              0.11284
    12             3          -398.98864918              0.20381
    12             1          -400.97758293              0.01373
    12             2          -399.91518107              0.06818
    12             3          -398.98864918              0.12466
    13             1          -400.97758956              0.05162
    13             2          -399.91542404              0.42224
    13             3          -398.98955594              0.81847
    13             1          -400.97758956              0.00955
    13             2          -399.91542404              0.06020
    13             3          -398.98955594              0.11732
    14             1          -400.97759324              0.05285
    14             2          -399.91560381              0.53484
    14             3          -398.99011984              0.84213
    14             1          -400.97759324              0.00648
    14             2          -399.91560381              0.04589
    14             3          -398.99011984              0.08048
    15             1          -400.97759461              0.03228
    15             2          -399.91569812              0.39095
    15             3          -398.99043616              0.67478
    15             1          -400.97759461              0.00362
    15             2          -399.91569812              0.03461
    15             3          -398.99043616              0.06452
    16             1          -400.97759503              0.01678
    16             2          -399.91575438              0.31997
    16             3          -398.99063436              0.59271
  truncating with vlp=false 
 TRUNCATION TO 1 VECTOR PER ROOT HAS BEEN PERFORMED
    16             1          -400.97759503              0.00231
    16             2          -399.91575438              0.02962
    16             3          -398.99063436              0.05951
    17             1          -400.97759517              0.00228
    17             2          -399.91577988              0.03176
    17             3          -398.99072900              0.05731
    17             1          -400.97759517              0.00152
    17             2          -399.91577988              0.01999
    17             3          -398.99072900              0.03709
    18             1          -400.97759526              0.00492
    18             2          -399.91579637              0.07613
    18             3          -398.99079113              0.13972
    18             1          -400.97759526              0.00109
    18             2          -399.91579637              0.01528
    18             3          -398.99079113              0.02927
    19             1          -400.97759530              0.00492
    19             2          -399.91580683              0.09738
    19             3          -398.99083172              0.19703
    19             1          -400.97759530              0.00068
    19             2          -399.91580683              0.01142
    19             3          -398.99083172              0.02484
    20             1          -400.97759532              0.00303
    20             2          -399.91581202              0.07450
    20             3          -398.99085754              0.18268
    20             1          -400.97759532              0.00042
    20             2          -399.91581202              0.00801
    20             3          -398.99085754              0.01723
    21             1          -400.97759532              0.00188
    21             2          -399.91581468              0.05906
    21             3          -398.99086935              0.11989
  truncating with vlp=false 
 TRUNCATION TO 1 VECTOR PER ROOT HAS BEEN PERFORMED
    21             1          -400.97759532              0.00029
    21             2          -399.91581468              0.00717
    21             3          -398.99086935              0.01535
    22             1          -400.97759532              0.00028
    22             2          -399.91581619              0.00800
    22             3          -398.99087645              0.01771
    22             1          -400.97759532              0.00019
    22             2          -399.91581619              0.00517
    22             3          -398.99087645              0.01138
    23             1          -400.97759533              0.00067
    23             2          -399.91581754              0.02895
    23             3          -398.99088347              0.06655
    23             1          -400.97759533              0.00013
    23             2          -399.91581754              0.00459
    23             3          -398.99088347              0.01019
    24             1          -400.97759533              0.00066
    24             2          -399.91581855              0.03782
    24             3          -398.99088782              0.07295
    24             1          -400.97759533              0.00008
    24             2          -399.91581855              0.00349
    24             3          -398.99088782              0.00725
     ROOT    ITERATION     NUMBER OF PRODUCTS       EIGENVALUE
       1        24                69                -400.9775953261


    25             2          -399.91581908              0.02687
    25             3          -398.99089055              0.06449
    25             2          -399.91581908              0.00261
    25             3          -398.99089055              0.00621
    26             2          -399.91581939              0.02217
    26             3          -398.99089247              0.06562
    26             2          -399.91581939              0.00241
    26             3          -398.99089247              0.00656
    27             2          -399.91581975              0.03138
    27             3          -398.99089562              0.16025
  truncating with vlp=false 
 TRUNCATION TO 1 VECTOR PER ROOT HAS BEEN PERFORMED
    27             2          -399.91581975              0.00131
    27             3          -398.99089562              0.00469
    28             2          -399.91581979              0.00123
    28             3          -398.99089611              0.00448
    28             2          -399.91581979              0.00069
    28             3          -398.99089611              0.00238
    29             2          -399.91581980              0.00183
    29             3          -398.99089629              0.00649
    29             2          -399.91581980              0.00039
    29             3          -398.99089629              0.00134
    30             2          -399.91581981              0.00197
    30             3          -398.99089637              0.00743
    30             2          -399.91581981              0.00031
    30             3          -398.99089637              0.00112
    31             2          -399.91581981              0.00209
    31             3          -398.99089644              0.00963
    31             2          -399.91581981              0.00021
    31             3          -398.99089644              0.00092
    32             2          -399.91581982              0.00084
    32             3          -398.99089647              0.00509
    32             2          -399.91581982              0.00012
    32             3          -398.99089647              0.00063
    33             2          -399.91581982              0.00086
    33             3          -398.99089649              0.00731
    33             2          -399.91581982              0.00011
    33             3          -398.99089649              0.00076
    34             2          -399.91581982              0.00113
    34             3          -398.99089654              0.01581
    34             2          -399.91581982              0.00011
    34             3          -398.99089654              0.00110
    35             2          -399.91581982              0.00084
    35             3          -398.99089660              0.02472
  truncating with vlp=false 
 TRUNCATION TO 1 VECTOR PER ROOT HAS BEEN PERFORMED
    35             2          -399.91581982              0.00006
    35             3          -398.99089660              0.00096
     ROOT    ITERATION     NUMBER OF PRODUCTS       EIGENVALUE
       2        35                91                -399.9158198172


    36             3          -398.99089662              0.00091
    36             3          -398.99089662              0.00064
    37             3          -398.99089664              0.00285
    37             3          -398.99089664              0.00057
    38             3          -398.99089666              0.00324
    38             3          -398.99089666              0.00045
    39             3          -398.99089667              0.00368
    39             3          -398.99089667              0.00045
    40             3          -398.99089668              0.00456
    40             3          -398.99089668              0.00045
    41             3          -398.99089669              0.00761
    41             3          -398.99089669              0.00050
    42             3          -398.99089670              0.00838
    42             3          -398.99089670              0.00049
    43             3          -398.99089672              0.00959
    43             3          -398.99089672              0.00053
    44             3          -398.99089673              0.01170
    44             3          -398.99089673              0.00044
    45             3          -398.99089674              0.00697
    45             3          -398.99089674              0.00036
    46             3          -398.99089674              0.00393
    46             3          -398.99089674              0.00028
    47             3          -398.99089675              0.00422
    47             3          -398.99089675              0.00024
    48             3          -398.99089675              0.00289
    48             3          -398.99089675              0.00023
    49             3          -398.99089675              0.00330
    49             3          -398.99089675              0.00018
    50             3          -398.99089675              0.00183
    50             3          -398.99089675              0.00013
    51             3          -398.99089675              0.00114
  truncating with vlp=false 
 TRUNCATION TO 1 VECTOR PER ROOT HAS BEEN PERFORMED
    51             3          -398.99089675              0.00008
     ROOT    ITERATION     NUMBER OF PRODUCTS       EIGENVALUE
       3        51               107                -398.9908967535


  all roots converged 
  

 ************************************
 COMPLETED CI VECTOR OPTIMISATION
 ************************************





 ********************************
 RESULTS FOR ROOT   01
 TOTAL CI ENERGY =   -400.9775953
 ********************************

       CONF.                                                                           COEFF.
        NO.        SPACE ORBITAL PRODUCTS                                             CONTRIB.      CI COEFFICIENTS

       -----       ----------------------                                             --------   ---------------------
   1.     1   D 1 - 4 S 5 ; D 1 - 3 S 4  END                                            0.7373   -0.73732
   2.   173   D 1 - 3 S 4 ; D 1 - 4 S 5  END                                            0.3039    0.30386
   3.   112   D 1 - 4 S 6 ; D 1 - 2 S 3 D 4  END                                        0.1795   -0.17947
   4.   246   D 1 - 2 S 3 D 4 ; D 1 - 4 S 6  END                                        0.1210    0.12104
   5.    69   D 1 - 4 S 5 ; D 1 - 3 S 5  END                                            0.1156   -0.11560
   6.     5   D 1 - 3 S 4 D 5 ; D 1 - 3 S 4  END                                        0.1156   -0.11560
   7.   121   D 1 - 3 S 4 D 5 ; D 1 - 3 S 5  END                                        0.1133   -0.11334
   8.  1441   D 1 - 3 S 4 - 6 ; D 1 - 2 S 3 - 5  END                                    0.0938    0.01675  0.03429  0.03387  0.04996
                                                                                                  0.02641  0.03568 -0.01925 -0.03639
                                                                                                  0.00633
   9.   109   D 1 - 4 S 6 ; D 1 - 3 S 4  END                                            0.0916    0.09160
  10.     2   D 1 - 4 S 5 ; D 1 - 2 S 3 D 4  END                                        0.0916    0.09160
  11.   116   D 1 - 4 S 7 ; D 1 S 2 D 3 - 4  END                                        0.0903    0.09029
  12.   161   D 1 - 3 S 4 - 6 ; D 1 - 3 S 4  END                                        0.0859   -0.04287 -0.04677 -0.05793
  13.    73   D 1 - 4 S 5 ; D 1 - 2 S 3 - 5  END                                        0.0859    0.08364  0.01794  0.00800
  14.   343   D 1 S 2 D 3 - 4 ; D 1 - 4 S 7  END                                        0.0732    0.07321
  15.  1739   D 1 - 3 S 5 ; D 1 - 3 S 4 D 5  END                                        0.0730    0.07304
  16.   468   S 1 D 2 - 4 ; D 1 - 4 S 8  END                                            0.0725    0.07254
  17.     6   D 1 - 3 S 4 D 5 ; D 1 - 2 S 3 D 4  END                                    0.0696    0.06959
  18.  1053   D 1 - 4 S 6 ; D 1 - 3 S 5  END                                            0.0696    0.06959
  19.   120   D 1 - 4 S 8 ; S 1 D 2 - 4  END                                            0.0646   -0.06460
  20.  2376   D 1 - 2 S 3 - 5 ; D 1 - 3 S 4 - 6  END                                    0.0641   -0.01094 -0.01279 -0.01617 -0.04600
                                                                                                 -0.01251 -0.01843  0.02768  0.01381
                                                                                                 -0.00115
  21.    21   D 1 - 5 S 6 ; D 1 - 2 S 3  END                                            0.0613    0.06128
  22.    74   D 1 - 4 S 5 ; D 1 - 2 S 3 - 4 S 6  END                                    0.0607   -0.02010 -0.03062  0.04841
  23.   233   D 1 - 2 S 3 D 4 S 5 - 6 ; D 1 - 3 S 4  END                                0.0607   -0.01839  0.05784 -0.00126
  24.   174   D 1 - 3 S 4 ; D 1 - 4 S 6  END                                            0.0570   -0.05699
  25.   245   D 1 - 2 S 3 D 4 ; D 1 - 4 S 5  END                                        0.0570   -0.05699
  26.  1469   D 1 - 3 S 4 - 5 S 7 ; D 1 S 2 D 3 S 4 - 5  END                            0.0518   -0.00410 -0.01888 -0.01712 -0.02387
                                                                                                 -0.01505 -0.02066  0.01007  0.02593
                                                                                                 -0.00431
  27.  2078   D 1 - 2 S 3 D 4 S 5 - 6 ; D 1 - 2 S 3 - 4 S 6  END                        0.0498    0.00571  0.01908  0.01758  0.02512
                                                                                                  0.01531  0.01751 -0.00876 -0.02266
                                                                                                  0.00306
  28.   194   D 1 - 2 S 3 D 4 - 5 ; D 1 - 3 S 6  END                                    0.0458   -0.04578
  29.  3373   D 1 S 2 D 3 S 4 - 5 ; D 1 - 3 S 4 - 5 S 7  END                            0.0444   -0.00701 -0.00951 -0.01120 -0.03240
                                                                                                 -0.00920 -0.01137  0.01859  0.00980
                                                                                                 -0.00051
  30.   234   D 1 - 2 S 3 D 4 S 5 S 7 ; D 1 - 3 S 4  END                                0.0428   -0.01352 -0.01646 -0.03714
  31.    82   D 1 - 4 S 5 ; D 1 S 2 D 3 S 4 S 6  END                                    0.0428   -0.04259  0.00409 -0.00153
  32.  1509   D 1 - 3 S 4 - 5 S 8 ; S 1 D 2 - 3 S 4 - 5  END                            0.0420    0.00147  0.01699  0.01355  0.01884
                                                                                                  0.01142  0.01550 -0.00606 -0.02240
                                                                                                  0.00472
  33.  1429   D 1 - 3 S 4 - 6 ; D 1 - 3 S 5  END                                        0.0420   -0.03746 -0.01811 -0.00545
  34.   125   D 1 - 3 S 4 D 5 ; D 1 - 2 S 3 - 5  END                                    0.0420    0.02547  0.02658  0.02013
  35.  1556   D 1 - 3 S 4 ; D 1 - 3 S 4 - 6  END                                        0.0415    0.00108 -0.01529 -0.03858
  36.   261   D 1 - 2 S 3 - 5 ; D 1 - 4 S 5  END                                        0.0415    0.03835 -0.01259 -0.00971
  37.    10   D 1 - 2 S 3 D 4 - 5 ; D 1 - 2 S 3 D 4  END                                0.0411   -0.04113
  38.  1054   D 1 - 4 S 6 ; D 1 - 3 S 6  END                                            0.0411   -0.04113
  39.   813   D 1 - 4 S 5 D 6 ; D 1 - 2 S 4  END                                        0.0394    0.03941
  40.   846   D 1 - 4 S 5 - 7 ; D 1 S 2 - 4  END                                        0.0385    0.00308  0.00438  0.00725  0.01109
                                                                                                  0.00812  0.02426 -0.01671 -0.01810
                                                                                                  0.00376
  41.   177   D 1 - 3 D 5 S 6 ; D 1 - 3 S 4  END                                        0.0376   -0.03761
  42.   803   D 1 - 4 S 5 ; D 1 - 2 S 3 D 5  END                                        0.0376   -0.03761
  43.  4842   S 1 D 2 - 3 S 4 - 5 ; D 1 - 3 S 4 - 5 S 8  END                            0.0374   -0.00397 -0.01036 -0.01183 -0.02713
                                                                                                 -0.00825 -0.00819  0.01164  0.01148
                                                                                                 -0.00017
  44.   115   D 1 - 4 S 6 ; D 1 S 2 D 3 - 4  END                                        0.0371   -0.03711
  45.   113   D 1 - 4 S 7 ; D 1 - 2 S 3 D 4  END                                        0.0371    0.03711
  46.    28   D 1 - 5 S 7 ; D 1 S 2 D 3  END                                            0.0346   -0.03464
  47.  3075   D 1 S 2 D 3 - 4 S 5 - 6 ; D 1 - 2 S 3 - 4 S 7  END                        0.0339    0.00471  0.01609  0.01139  0.01853
                                                                                                  0.00989  0.00939 -0.00397 -0.01349
                                                                                                  0.00383
  48.  2106   D 1 - 2 S 3 D 4 S 5 S 7 ; D 1 S 2 D 3 S 4 S 6  END                        0.0323   -0.00311 -0.01508 -0.01017 -0.01766
                                                                                                 -0.00870 -0.00927  0.00437  0.01393
                                                                                                 -0.00424
  49.   330   D 1 S 2 D 3 - 4 S 5 S 7 ; D 1 - 3 S 4  END                                0.0314   -0.01581  0.02689 -0.00344
  50.    83   D 1 - 4 S 5 ; D 1 S 2 D 3 S 4 S 7  END                                    0.0314    0.00460  0.01246 -0.02843
  51.  2077   D 1 - 2 S 3 D 4 S 5 - 6 ; D 1 - 2 S 3 - 5  END                            0.0304    0.00182  0.02207 -0.01072  0.00423
                                                                                                  0.00368 -0.00893  0.00938 -0.00547
                                                                                                  0.00942
  52.  1442   D 1 - 3 S 4 - 6 ; D 1 - 2 S 3 - 4 S 6  END                                0.0304   -0.00501  0.02190 -0.00299  0.00200
                                                                                                  0.00754 -0.00910  0.00623  0.00064
                                                                                                  0.01505
  53.  2065   D 1 - 2 S 3 D 4 S 5 - 6 ; D 1 - 3 S 5  END                                0.0299   -0.01914  0.02282 -0.00296
  54.   126   D 1 - 3 S 4 D 5 ; D 1 - 2 S 3 - 4 S 6  END                                0.0299   -0.00196 -0.00790  0.02880
  55.   167   D 1 - 3 S 4 - 6 ; D 1 S 2 D 3 - 4  END                                    0.0291    0.00197  0.02899 -0.00099
  56.  1069   D 1 - 4 S 7 ; D 1 - 2 S 3 - 5  END                                        0.0291    0.01352  0.02083 -0.01513
  57.   291   D 1 S 2 D 3 - 5 ; D 1 - 3 S 7  END                                        0.0286   -0.02859
  58.   927   D 1 - 4 S 5 - 6 S 8 ; S 1 D 2 S 3 - 4  END                                0.0281   -0.00161 -0.00370 -0.00673 -0.00850
                                                                                                 -0.00500 -0.01756  0.01056  0.01420
                                                                                                 -0.00279
  59.    85   D 1 - 4 S 5 ; D 1 S 2 - 3 D 4 S 5  END                                    0.0269   -0.02447  0.00326 -0.01069
  60.  1550   D 1 - 3 S 4 S 6 - 7 ; D 1 - 3 S 4  END                                    0.0269   -0.01535 -0.00319 -0.02186
  61.    44   D 1 - 5 S 8 ; S 1 D 2 - 3  END                                            0.0267    0.02669
  62.   416   S 1 D 2 - 5 ; D 1 - 3 S 8  END                                            0.0266   -0.02656
  63.   455   S 1 D 2 - 4 S 5 S 8 ; D 1 - 3 S 4  END                                    0.0265    0.01599 -0.01661  0.01310
  64.    96   D 1 - 4 S 5 ; S 1 D 2 - 3 S 4 S 8  END                                    0.0265   -0.00819  0.01109 -0.02265
  65.   342   D 1 S 2 D 3 - 4 ; D 1 - 4 S 6  END                                        0.0265   -0.02645
  66.   247   D 1 - 2 S 3 D 4 ; D 1 - 4 S 7  END                                        0.0265   -0.02645
  67.   804   D 1 - 4 S 5 ; D 1 - 2 S 3 S 5 - 6  END                                    0.0261    0.00207 -0.01922  0.01754
  68.   249   D 1 - 2 S 3 - 4 D 5 S 6 ; D 1 - 3 S 4  END                                0.0261   -0.00595  0.02197 -0.01279
  69. 12851   D 1 - 2 S 3 - 4 S 6 ; D 1 - 2 S 3 D 4 S 5 - 6  END                        0.0260   -0.00291 -0.00895 -0.00684 -0.01395
                                                                                                 -0.00986 -0.00818  0.00786  0.01087
                                                                                                 -0.00082
  70.  1733   D 1 - 3 S 5 D 6 ; D 1 - 3 S 4  END                                        0.0259    0.02591
  71.   819   D 1 - 4 S 5 ; D 1 - 2 S 4 D 5  END                                        0.0259    0.02591
  72. 10457   D 1 - 3 S 6 ; D 1 - 2 S 3 D 4 - 5  END                                    0.0257    0.02565
  73.  1430   D 1 - 3 S 4 - 6 ; D 1 - 3 S 6  END                                        0.0255   -0.00459  0.02318  0.00958
  74.   197   D 1 - 2 S 3 D 4 - 5 ; D 1 - 2 S 3 - 5  END                                0.0255   -0.01722 -0.00776  0.01713
  75.   165   D 1 - 3 S 4 - 5 S 7 ; D 1 - 2 S 3 D 4  END                                0.0250   -0.02276 -0.00710 -0.00751
  76.  1089   D 1 - 4 S 6 ; D 1 S 2 D 3 S 4 - 5  END                                    0.0250   -0.01707 -0.01112 -0.01449
  77.  4544   S 1 D 2 - 4 S 5 - 6 ; D 1 - 2 S 3 - 4 S 8  END                            0.0250    0.00419  0.01096  0.00721  0.01371
                                                                                                  0.00701  0.00855 -0.00527 -0.00922
                                                                                                  0.00345
  78.  2651   D 1 - 2 D 4 S 5 ; D 1 - 3 S 4 D 6  END                                    0.0247    0.02470
  79.  3648   D 1 S 2 - 3 D 4 S 5 ; D 1 - 3 S 4 S 6 - 7  END                            0.0246   -0.00217 -0.00327 -0.00402 -0.01855
                                                                                                 -0.00416 -0.00520  0.01264  0.00485
                                                                                                 -0.00006
  80.   190   D 1 - 3 S 5 ; D 1 - 4 S 6  END                                            0.0243   -0.02433
  81.  2191   D 1 - 2 S 3 D 4 ; D 1 - 3 S 4 D 5  END                                    0.0243   -0.02433
  82.    95   D 1 - 4 S 5 ; S 1 D 2 - 3 S 4 S 7  END                                    0.0242   -0.02256  0.00655 -0.00592
  83.   331   D 1 S 2 D 3 - 4 S 5 S 8 ; D 1 - 3 S 4  END                                0.0242    0.00926  0.00285  0.02221
  84.    70   D 1 - 4 S 5 ; D 1 - 3 S 6  END                                            0.0240    0.02402
  85.     9   D 1 - 2 S 3 D 4 - 5 ; D 1 - 3 S 4  END                                    0.0240    0.02402
  86.    11   D 1 - 2 S 3 D 4 - 5 ; D 1 S 2 D 3 - 4  END                                0.0239   -0.02386
  87.  1058   D 1 - 4 S 7 ; D 1 - 3 S 6  END                                            0.0239    0.02386
  88.  1466   D 1 - 3 S 4 - 6 ; D 1 S 2 D 3 S 4 S 6  END                                0.0236   -0.00274 -0.01520 -0.00742 -0.01184
                                                                                                 -0.00562 -0.00277 -0.00123  0.00705
                                                                                                 -0.00563
  89.  2081   D 1 - 2 S 3 D 4 S 5 S 7 ; D 1 - 2 S 3 - 5  END                            0.0236    0.00363  0.01493  0.00603  0.01247
                                                                                                  0.00532  0.00306  0.00212 -0.00785
                                                                                                  0.00491
  90.   852   D 1 - 4 S 5 ; D 1 S 2 - 6  END                                            0.0226    0.01218  0.00461  0.01154 -0.01047
                                                                                                 -0.00054 -0.00903  0.00203 -0.00118
                                                                                                 -0.00321
  91.  2370   D 1 - 2 S 3 - 7 ; D 1 - 3 S 4  END                                        0.0226   -0.00161  0.00019 -0.00204 -0.00032
                                                                                                 -0.00866 -0.00588 -0.01729 -0.00828
                                                                                                  0.00512
  92.  2369   D 1 - 2 S 3 - 5 D 6 ; D 1 - 3 S 4  END                                    0.0226   -0.00324 -0.00226  0.02220
  93.   820   D 1 - 4 S 5 ; D 1 - 2 S 4 - 6  END                                        0.0226   -0.01599  0.01585  0.00134
  94.   358   D 1 S 2 D 3 S 4 - 5 ; D 1 - 4 S 6  END                                    0.0222    0.01945 -0.00439 -0.00964
  95.  2193   D 1 - 2 S 3 D 4 ; D 1 - 3 S 4 - 5 S 7  END                                0.0222    0.00346 -0.01181 -0.01842
  96.  2069   D 1 - 2 S 3 D 4 S 5 S 7 ; D 1 - 3 S 5  END                                0.0220   -0.01693 -0.00155 -0.01403
  97.   134   D 1 - 3 S 4 D 5 ; D 1 S 2 D 3 S 4 S 6  END                                0.0220   -0.01784 -0.00092 -0.01293
  98.   162   D 1 - 3 S 4 - 5 S 7 ; D 1 - 3 S 4  END                                    0.0219    0.01487  0.00075  0.01600
  99.    81   D 1 - 4 S 5 ; D 1 S 2 D 3 S 4 - 5  END                                    0.0219    0.01837 -0.00173  0.01171
 100.   836   D 1 - 4 S 5 ; D 1 S 2 D 3 S 5 - 6  END                                    0.0218   -0.01937  0.00999 -0.00147




 POSITION OF FIRST SPIN COUPLING FOR TEN MOST IMPORTANT CONFIGURATIONS
       1    317    184    462     93      5    193   3697    181      2



 ********************************
 RESULTS FOR ROOT   02
 TOTAL CI ENERGY =   -399.9158198
 ********************************

       CONF.                                                                           COEFF.
        NO.        SPACE ORBITAL PRODUCTS                                             CONTRIB.      CI COEFFICIENTS

       -----       ----------------------                                             --------   ---------------------
   1.     2   D 1 - 4 S 5 ; D 1 - 2 S 3 D 4  END                                        0.4653    0.46530
   2.   109   D 1 - 4 S 6 ; D 1 - 3 S 4  END                                            0.4653    0.46530
   3.   173   D 1 - 3 S 4 ; D 1 - 4 S 5  END                                            0.4403   -0.44030
   4.   245   D 1 - 2 S 3 D 4 ; D 1 - 4 S 5  END                                        0.1558   -0.15579
   5.   174   D 1 - 3 S 4 ; D 1 - 4 S 6  END                                            0.1558   -0.15579
   6.   112   D 1 - 4 S 6 ; D 1 - 2 S 3 D 4  END                                        0.1181    0.11809
   7.   115   D 1 - 4 S 6 ; D 1 S 2 D 3 - 4  END                                        0.0984   -0.09843
   8.   113   D 1 - 4 S 7 ; D 1 - 2 S 3 D 4  END                                        0.0984    0.09843
   9.     3   D 1 - 4 S 5 ; D 1 S 2 D 3 - 4  END                                        0.0884    0.08840
  10.   110   D 1 - 4 S 7 ; D 1 - 3 S 4  END                                            0.0884   -0.08840
  11.   342   D 1 S 2 D 3 - 4 ; D 1 - 4 S 6  END                                        0.0735   -0.07345
  12.   247   D 1 - 2 S 3 D 4 ; D 1 - 4 S 7  END                                        0.0735   -0.07345
  13.   467   S 1 D 2 - 4 ; D 1 - 4 S 7  END                                            0.0726   -0.07259
  14.   344   D 1 S 2 D 3 - 4 ; D 1 - 4 S 8  END                                        0.0726   -0.07259
  15.   246   D 1 - 2 S 3 D 4 ; D 1 - 4 S 6  END                                        0.0714   -0.07141
  16.     1   D 1 - 4 S 5 ; D 1 - 3 S 4  END                                            0.0714   -0.07139
  17.  1441   D 1 - 3 S 4 - 6 ; D 1 - 2 S 3 - 5  END                                    0.0673    0.01269  0.02683  0.00219 -0.00333
                                                                                                 -0.00365 -0.03431  0.04093  0.02684
                                                                                                  0.00713
  18.   119   D 1 - 4 S 7 ; S 1 D 2 - 4  END                                            0.0623   -0.06233
  19.   117   D 1 - 4 S 8 ; D 1 S 2 D 3 - 4  END                                        0.0623    0.06233
  20.     9   D 1 - 2 S 3 D 4 - 5 ; D 1 - 3 S 4  END                                    0.0618    0.06178
  21.    70   D 1 - 4 S 5 ; D 1 - 3 S 6  END                                            0.0618    0.06178
  22.   175   D 1 - 3 S 4 ; D 1 - 4 S 7  END                                            0.0600    0.06001
  23.   341   D 1 S 2 D 3 - 4 ; D 1 - 4 S 5  END                                        0.0600    0.06001
  24.   120   D 1 - 4 S 8 ; S 1 D 2 - 4  END                                            0.0568    0.05683
  25.   121   D 1 - 3 S 4 D 5 ; D 1 - 3 S 5  END                                        0.0532    0.05317
  26.   116   D 1 - 4 S 7 ; D 1 S 2 D 3 - 4  END                                        0.0526   -0.05262
  27.  2376   D 1 - 2 S 3 - 5 ; D 1 - 3 S 4 - 6  END                                    0.0471    0.00055  0.01978  0.01934  0.01198
                                                                                                  0.01671  0.01474  0.00341 -0.02833
                                                                                                  0.00111
  28.    81   D 1 - 4 S 5 ; D 1 S 2 D 3 S 4 - 5  END                                    0.0463    0.04189 -0.00557  0.01903
  29.   162   D 1 - 3 S 4 - 5 S 7 ; D 1 - 3 S 4  END                                    0.0463    0.02687  0.00504  0.03742
  30.   343   D 1 S 2 D 3 - 4 ; D 1 - 4 S 7  END                                        0.0451   -0.04506
  31.   261   D 1 - 2 S 3 - 5 ; D 1 - 4 S 5  END                                        0.0412   -0.02454  0.03122 -0.01101
  32.  1556   D 1 - 3 S 4 ; D 1 - 3 S 4 - 6  END                                        0.0412    0.00245 -0.01560  0.03806
  33.   125   D 1 - 3 S 4 D 5 ; D 1 - 2 S 3 - 5  END                                    0.0409   -0.01215  0.02730  0.02791
  34.  1429   D 1 - 3 S 4 - 6 ; D 1 - 3 S 5  END                                        0.0409   -0.03160  0.00364  0.02568
  35.    24   D 1 - 5 S 6 ; D 1 - 2 S 4  END                                            0.0405   -0.04051
  36.   797   D 1 - 4 S 5 D 6 ; D 1 - 2 S 3  END                                        0.0405   -0.04051
  37.   114   D 1 - 4 S 8 ; D 1 - 2 S 3 D 4  END                                        0.0399    0.03991
  38.   118   D 1 - 4 S 6 ; S 1 D 2 - 4  END                                            0.0399    0.03991
  39.  2077   D 1 - 2 S 3 D 4 S 5 - 6 ; D 1 - 2 S 3 - 5  END                            0.0393    0.01485  0.01465  0.00734  0.02259
                                                                                                  0.00302 -0.01527  0.01440  0.00954
                                                                                                 -0.00283
  40.  1442   D 1 - 3 S 4 - 6 ; D 1 - 2 S 3 - 4 S 6  END                                0.0393    0.00932  0.01754  0.01513  0.01866
                                                                                                  0.00401 -0.01650  0.00884  0.01449
                                                                                                 -0.00020
  41.  1755   D 1 - 3 S 5 ; D 1 - 2 S 3 D 4 - 5  END                                    0.0379   -0.03790
  42. 10420   D 1 - 3 S 6 ; D 1 - 3 S 4 D 5  END                                        0.0379   -0.03790
  43.   329   D 1 S 2 D 3 - 4 S 5 - 6 ; D 1 - 3 S 4  END                                0.0379    0.01946 -0.02856  0.01553
  44.    75   D 1 - 4 S 5 ; D 1 - 2 S 3 - 4 S 7  END                                    0.0379   -0.00570  0.01883 -0.03238
  45.    21   D 1 - 5 S 6 ; D 1 - 2 S 3  END                                            0.0370   -0.03703
  46.   236   D 1 - 2 S 3 D 4 S 5 - 6 ; D 1 - 2 S 3 D 4  END                            0.0355   -0.01640 -0.02886  0.01261
  47.  1066   D 1 - 4 S 6 ; D 1 - 2 S 3 - 4 S 6  END                                    0.0355    0.00878  0.03425 -0.00327
  48.   803   D 1 - 4 S 5 ; D 1 - 2 S 3 D 5  END                                        0.0339   -0.03387
  49.   177   D 1 - 3 D 5 S 6 ; D 1 - 3 S 4  END                                        0.0339   -0.03387
  50.  1739   D 1 - 3 S 5 ; D 1 - 3 S 4 D 5  END                                        0.0332   -0.03320
  51.   454   S 1 D 2 - 4 S 5 S 7 ; D 1 - 3 S 4  END                                    0.0321    0.01880 -0.01982  0.01677
  52.    84   D 1 - 4 S 5 ; D 1 S 2 D 3 S 4 S 8  END                                    0.0321    0.01061 -0.01403  0.02680
  53.  2392   D 1 - 2 S 3 - 5 ; D 1 - 2 S 3 D 4 S 5 - 6  END                            0.0312    0.00712 -0.00261  0.00306  0.02368
                                                                                                  0.00131 -0.00023 -0.01698  0.00726
                                                                                                  0.00059
  54. 12814   D 1 - 2 S 3 - 4 S 6 ; D 1 - 3 S 4 - 6  END                                0.0312    0.00726  0.00001  0.00045  0.02407
                                                                                                 -0.00063  0.00150 -0.01643  0.00713
                                                                                                 -0.00387
  55.  1469   D 1 - 3 S 4 - 5 S 7 ; D 1 S 2 D 3 S 4 - 5  END                            0.0309    0.00074 -0.00312 -0.00002  0.00131
                                                                                                  0.00859  0.01967 -0.01761 -0.01312
                                                                                                  0.00044
  56.    94   D 1 - 4 S 5 ; S 1 D 2 - 3 S 4 S 6  END                                    0.0302    0.02557 -0.00911  0.01324
  57.   235   D 1 - 2 S 3 D 4 S 5 S 8 ; D 1 - 3 S 4  END                                0.0302   -0.01504  0.00166 -0.02614
  58.     7   D 1 - 3 S 4 D 5 ; D 1 S 2 D 3 - 4  END                                    0.0289    0.02888
  59.  1057   D 1 - 4 S 7 ; D 1 - 3 S 5  END                                            0.0289   -0.02888
  60.  1587   D 1 - 3 S 4 ; D 1 S 2 D 3 - 5  END                                        0.0286    0.02865
  61.  1801   D 1 - 3 S 7 ; D 1 - 4 S 5  END                                            0.0286   -0.02865
  62. 10457   D 1 - 3 S 6 ; D 1 - 2 S 3 D 4 - 5  END                                    0.0282   -0.02816
  63.   248   D 1 - 2 S 3 D 4 ; D 1 - 4 S 8  END                                        0.0260    0.02604
  64.   466   S 1 D 2 - 4 ; D 1 - 4 S 6  END                                            0.0260    0.02604
  65.  3373   D 1 S 2 D 3 S 4 - 5 ; D 1 - 3 S 4 - 5 S 7  END                            0.0257    0.00031  0.01182  0.01207  0.00942
                                                                                                  0.00526  0.00664  0.00404 -0.01398
                                                                                                  0.00193
  66.   190   D 1 - 3 S 5 ; D 1 - 4 S 6  END                                            0.0257    0.02566
  67.  2191   D 1 - 2 S 3 D 4 ; D 1 - 3 S 4 D 5  END                                    0.0257    0.02566
  68.  1453   D 1 - 3 S 4 - 6 ; D 1 - 2 D 4 S 5  END                                    0.0256    0.01085 -0.02239 -0.00602
  69.  9322   D 1 - 3 S 4 D 6 ; D 1 - 2 S 3 - 5  END                                    0.0256    0.01185  0.00634 -0.02178
  70.     5   D 1 - 3 S 4 D 5 ; D 1 - 3 S 4  END                                        0.0256   -0.02559
  71.    69   D 1 - 4 S 5 ; D 1 - 3 S 5  END                                            0.0256   -0.02559
  72.  1465   D 1 - 3 S 4 - 6 ; D 1 S 2 D 3 S 4 - 5  END                                0.0255    0.00937  0.01103  0.00566  0.01259
                                                                                                  0.00321 -0.00551  0.00339  0.01396
                                                                                                 -0.00172
  73.  1445   D 1 - 3 S 4 - 5 S 7 ; D 1 - 2 S 3 - 5  END                                0.0255   -0.01467 -0.00741 -0.00486 -0.01286
                                                                                                 -0.00287  0.00905 -0.00377 -0.00922
                                                                                                 -0.00134
  74.  4842   S 1 D 2 - 3 S 4 - 5 ; D 1 - 3 S 4 - 5 S 8  END                            0.0253    0.00049  0.01300  0.01211  0.01067
                                                                                                  0.00281  0.00422  0.00627 -0.01173
                                                                                                  0.00304
  75.  9406   D 1 - 3 S 4 S 6 - 7 ; D 1 S 2 D 3 S 4 - 5  END                            0.0250    0.00351  0.01218  0.01171  0.01130
                                                                                                  0.00617  0.00431  0.00399 -0.01083
                                                                                                  0.00279
  76.  1481   D 1 - 3 S 4 - 5 S 7 ; D 1 S 2 - 3 D 4 S 5  END                            0.0250    0.00243  0.01372  0.01153  0.01112
                                                                                                  0.00568  0.00527  0.00373 -0.00986
                                                                                                  0.00113
  77. 12851   D 1 - 2 S 3 - 4 S 6 ; D 1 - 2 S 3 D 4 S 5 - 6  END                        0.0245    0.00240  0.00687  0.01081  0.01629
                                                                                                  0.00101  0.00824 -0.00390 -0.00888
                                                                                                  0.00176
  78.   198   D 1 - 2 S 3 D 4 - 5 ; D 1 - 2 S 3 - 4 S 6  END                            0.0245   -0.00751  0.02142  0.00928
  79.  2066   D 1 - 2 S 3 D 4 S 5 - 6 ; D 1 - 3 S 6  END                                0.0245   -0.01517 -0.00538  0.01849
  80.  9282   D 1 - 3 S 4 D 6 ; D 1 - 3 S 5  END                                        0.0245    0.02445
  81.   129   D 1 - 3 S 4 D 5 ; D 1 - 2 D 4 S 5  END                                    0.0245    0.02445
  82.   455   S 1 D 2 - 4 S 5 S 8 ; D 1 - 3 S 4  END                                    0.0244    0.01429 -0.01213  0.01566
  83.    96   D 1 - 4 S 5 ; S 1 D 2 - 3 S 4 S 8  END                                    0.0244   -0.01183  0.01039 -0.01868
  84.  3429   D 1 S 2 D 3 S 4 S 6 ; D 1 - 4 S 5  END                                    0.0244   -0.01239  0.01894 -0.00901
  85.  1573   D 1 - 3 S 4 ; D 1 - 2 S 3 D 4 S 5 S 7  END                                0.0244    0.00256 -0.01199  0.02105
  86.  3074   D 1 S 2 D 3 - 4 S 5 - 6 ; D 1 - 2 S 3 - 4 S 6  END                        0.0237    0.00824  0.00781  0.00512  0.01587
                                                                                                  0.00212 -0.00834  0.00688  0.00548
                                                                                                 -0.00226
  87.  2079   D 1 - 2 S 3 D 4 S 5 - 6 ; D 1 - 2 S 3 - 4 S 7  END                        0.0237    0.00576  0.00970  0.00960  0.01329
                                                                                                  0.00214 -0.00958  0.00324  0.00771
                                                                                                 -0.00099
  88.  1509   D 1 - 3 S 4 - 5 S 8 ; S 1 D 2 - 3 S 4 - 5  END                            0.0234   -0.00149  0.00122 -0.00018 -0.00124
                                                                                                 -0.00687 -0.01520  0.01301  0.00964
                                                                                                 -0.00093
  89.  9362   D 1 - 3 S 4 D 6 ; D 1 - 2 D 4 S 5  END                                    0.0232    0.02325
  90.  1101   D 1 - 4 S 6 ; D 1 S 2 - 3 D 4 S 5  END                                    0.0232    0.02091 -0.00177  0.00984
  91.  1566   D 1 - 3 S 4 S 6 - 7 ; D 1 - 2 S 3 D 4  END                                0.0232    0.01417  0.00300  0.01810
  92.  1604   D 1 - 3 S 4 ; S 1 D 2 - 4 S 5 - 6  END                                    0.0229   -0.01976  0.00605 -0.00982
  93.  2441   D 1 - 2 S 3 - 4 S 8 ; D 1 - 4 S 5  END                                    0.0229    0.01175 -0.00038  0.01962
  94.  1572   D 1 - 3 S 4 ; D 1 - 2 S 3 D 4 S 5 - 6  END                                0.0228   -0.00632  0.00413  0.02148
  95.  2433   D 1 - 2 S 3 - 4 S 6 ; D 1 - 4 S 5  END                                    0.0228   -0.01738  0.01263  0.00754
  96.   845   D 1 - 4 S 5 D 6 ; D 1 S 2 - 4  END                                        0.0225   -0.01348 -0.00401  0.01750
  97.   814   D 1 - 4 S 5 - 7 ; D 1 - 2 S 4  END                                        0.0225    0.00791 -0.01913 -0.00869
  98.   164   D 1 - 3 S 4 - 6 ; D 1 - 2 S 3 D 4  END                                    0.0225    0.00937  0.02029  0.00221
  99.  1065   D 1 - 4 S 6 ; D 1 - 2 S 3 - 5  END                                        0.0225   -0.01449 -0.01667  0.00406
 100.  4543   S 1 D 2 - 4 S 5 - 6 ; D 1 - 2 S 3 - 4 S 7  END                            0.0223    0.00768  0.00798  0.00674  0.01442
                                                                                                  0.00381 -0.00729  0.00502  0.00510
                                                                                                 -0.00197




 POSITION OF FIRST SPIN COUPLING FOR TEN MOST IMPORTANT CONFIGURATIONS
       2    181    317    461    318    184    187    185      3    182



 ********************************
 RESULTS FOR ROOT   03
 TOTAL CI ENERGY =   -398.9908968
 ********************************

       CONF.                                                                           COEFF.
        NO.        SPACE ORBITAL PRODUCTS                                             CONTRIB.      CI COEFFICIENTS

       -----       ----------------------                                             --------   ---------------------
   1.    69   D 1 - 4 S 5 ; D 1 - 3 S 5  END                                            0.4334   -0.43342
   2.     5   D 1 - 3 S 4 D 5 ; D 1 - 3 S 4  END                                        0.4334   -0.43342
   3.   173   D 1 - 3 S 4 ; D 1 - 4 S 5  END                                            0.2162   -0.21621
   4.   189   D 1 - 3 S 5 ; D 1 - 4 S 5  END                                            0.1769    0.17690
   5.  1555   D 1 - 3 S 4 ; D 1 - 3 S 4 D 5  END                                        0.1769    0.17690
   6.    73   D 1 - 4 S 5 ; D 1 - 2 S 3 - 5  END                                        0.1561    0.13519 -0.04817  0.06146
   7.   161   D 1 - 3 S 4 - 6 ; D 1 - 3 S 4  END                                        0.1561   -0.07254  0.00386 -0.13819
   8.   121   D 1 - 3 S 4 D 5 ; D 1 - 3 S 5  END                                        0.1305   -0.13050
   9.   112   D 1 - 4 S 6 ; D 1 - 2 S 3 D 4  END                                        0.1255    0.12552
  10.   125   D 1 - 3 S 4 D 5 ; D 1 - 2 S 3 - 5  END                                    0.1072    0.09800  0.01081 -0.04205
  11.  1429   D 1 - 3 S 4 - 6 ; D 1 - 3 S 5  END                                        0.1072   -0.00343 -0.07768 -0.07378
  12.     2   D 1 - 4 S 5 ; D 1 - 2 S 3 D 4  END                                        0.1066   -0.10661
  13.   109   D 1 - 4 S 6 ; D 1 - 3 S 4  END                                            0.1066   -0.10661
  14.   164   D 1 - 3 S 4 - 6 ; D 1 - 2 S 3 D 4  END                                    0.0973    0.06780  0.06974  0.00093
  15.  1065   D 1 - 4 S 6 ; D 1 - 2 S 3 - 5  END                                        0.0973   -0.05623 -0.07792 -0.01509
  16.   233   D 1 - 2 S 3 D 4 S 5 - 6 ; D 1 - 3 S 4  END                                0.0895   -0.06015  0.05313 -0.03970
  17.    74   D 1 - 4 S 5 ; D 1 - 2 S 3 - 4 S 6  END                                    0.0895    0.02741 -0.02999  0.07979
  18.   246   D 1 - 2 S 3 D 4 ; D 1 - 4 S 6  END                                        0.0798   -0.07976
  19.   245   D 1 - 2 S 3 D 4 ; D 1 - 4 S 5  END                                        0.0782    0.07820
  20.   174   D 1 - 3 S 4 ; D 1 - 4 S 6  END                                            0.0782    0.07820
  21.   177   D 1 - 3 D 5 S 6 ; D 1 - 3 S 4  END                                        0.0714   -0.07144
  22.   803   D 1 - 4 S 5 ; D 1 - 2 S 3 D 5  END                                        0.0714   -0.07144
  23.   262   D 1 - 2 S 3 - 5 ; D 1 - 4 S 6  END                                        0.0682   -0.03519  0.03393  0.04759
  24.  2192   D 1 - 2 S 3 D 4 ; D 1 - 3 S 4 - 6  END                                    0.0682   -0.04313  0.02144  0.04832
  25.   261   D 1 - 2 S 3 - 5 ; D 1 - 4 S 5  END                                        0.0648   -0.00827  0.02549 -0.05903
  26.  1556   D 1 - 3 S 4 ; D 1 - 3 S 4 - 6  END                                        0.0648    0.03894 -0.04718  0.02147
  27.   234   D 1 - 2 S 3 D 4 S 5 S 7 ; D 1 - 3 S 4  END                                0.0606   -0.02770  0.01424 -0.05200
  28.    82   D 1 - 4 S 5 ; D 1 S 2 D 3 S 4 S 6  END                                    0.0606   -0.04498  0.02646 -0.03084
  29.  1613   D 1 - 3 D 5 S 6 ; D 1 - 3 S 5  END                                        0.0601   -0.06009
  30.  1179   D 1 - 3 S 4 D 5 ; D 1 - 2 S 3 D 5  END                                    0.0601   -0.06009
  31.    70   D 1 - 4 S 5 ; D 1 - 3 S 6  END                                            0.0565    0.05650
  32.     9   D 1 - 2 S 3 D 4 - 5 ; D 1 - 3 S 4  END                                    0.0565    0.05649
  33.   116   D 1 - 4 S 7 ; D 1 S 2 D 3 - 4  END                                        0.0551   -0.05509
  34.   804   D 1 - 4 S 5 ; D 1 - 2 S 3 S 5 - 6  END                                    0.0529   -0.02854 -0.00758  0.04391
  35.   249   D 1 - 2 S 3 - 4 D 5 S 6 ; D 1 - 3 S 4  END                                0.0529   -0.02277  0.04386  0.01892
  36.  1093   D 1 - 4 S 7 ; D 1 S 2 D 3 S 4 - 5  END                                    0.0520    0.02329  0.04653  0.00076
  37.   168   D 1 - 3 S 4 - 5 S 7 ; D 1 S 2 D 3 - 4  END                                0.0520   -0.03032 -0.04156  0.00784
  38.  2065   D 1 - 2 S 3 D 4 S 5 - 6 ; D 1 - 3 S 5  END                                0.0512   -0.01135  0.04974  0.00386
  39.   126   D 1 - 3 S 4 D 5 ; D 1 - 2 S 3 - 4 S 6  END                                0.0512   -0.02282 -0.02558  0.03798
  40.   468   S 1 D 2 - 4 ; D 1 - 4 S 8  END                                            0.0491   -0.04914
  41.  8695   D 1 - 3 S 4 - 6 ; D 1 - 2 S 3 D 5  END                                    0.0478   -0.02132 -0.03812 -0.01938
  42.  1625   D 1 - 3 D 5 S 6 ; D 1 - 2 S 3 - 5  END                                    0.0478    0.04091  0.02427 -0.00460
  43.   115   D 1 - 4 S 6 ; D 1 S 2 D 3 - 4  END                                        0.0472    0.04725
  44.   113   D 1 - 4 S 7 ; D 1 - 2 S 3 D 4  END                                        0.0472   -0.04725
  45.    83   D 1 - 4 S 5 ; D 1 S 2 D 3 S 4 S 7  END                                    0.0469   -0.01889  0.02015 -0.03791
  46.   330   D 1 S 2 D 3 - 4 S 5 S 7 ; D 1 - 3 S 4  END                                0.0469   -0.02775  0.02642 -0.02706
  47.     1   D 1 - 4 S 5 ; D 1 - 3 S 4  END                                            0.0457    0.04572
  48.  1797   D 1 - 3 S 6 ; D 1 - 4 S 5  END                                            0.0442    0.04416
  49.  1571   D 1 - 3 S 4 ; D 1 - 2 S 3 D 4 - 5  END                                    0.0442    0.04416
  50.    96   D 1 - 4 S 5 ; S 1 D 2 - 3 S 4 S 8  END                                    0.0428   -0.02207  0.01861 -0.03164
  51.   455   S 1 D 2 - 4 S 5 S 8 ; D 1 - 3 S 4  END                                    0.0428    0.02442 -0.02027  0.02876
  52.   331   D 1 S 2 D 3 - 4 S 5 S 8 ; D 1 - 3 S 4  END                                0.0423    0.02409 -0.01196  0.03260
  53.    95   D 1 - 4 S 5 ; S 1 D 2 - 3 S 4 S 7  END                                    0.0423   -0.02901  0.01544 -0.02657
  54.  1180   D 1 - 3 S 4 D 5 ; D 1 - 2 S 3 S 5 - 6  END                                0.0422   -0.00512 -0.02240  0.03545
  55.  2249   D 1 - 2 S 3 - 4 D 5 S 6 ; D 1 - 3 S 5  END                                0.0422   -0.01668  0.03781 -0.00875
  56.   343   D 1 S 2 D 3 - 4 ; D 1 - 4 S 7  END                                        0.0422   -0.04223
  57.  2375   D 1 - 2 S 3 - 5 ; D 1 - 3 S 4 D 5  END                                    0.0422   -0.01691 -0.03654 -0.01260
  58.  1740   D 1 - 3 S 5 ; D 1 - 3 S 4 - 6  END                                        0.0422    0.03315  0.02506 -0.00728
  59.  1133   D 1 - 4 S 8 ; S 1 D 2 - 3 S 4 - 5  END                                    0.0419   -0.01904 -0.03733 -0.00122
  60.   172   D 1 - 3 S 4 - 5 S 8 ; S 1 D 2 - 4  END                                    0.0419    0.02494  0.03316 -0.00601
  61.  3189   D 1 S 2 D 3 - 4 ; D 1 - 3 S 4 - 5 S 7  END                                0.0411   -0.02438  0.01113  0.03121
  62.   359   D 1 S 2 D 3 S 4 - 5 ; D 1 - 4 S 7  END                                    0.0411   -0.02260  0.02210  0.02633
  63.  1739   D 1 - 3 S 5 ; D 1 - 3 S 4 D 5  END                                        0.0411   -0.04112
  64.    77   D 1 - 4 S 5 ; D 1 - 2 D 4 S 5  END                                        0.0405    0.04047
  65.  1549   D 1 - 3 S 4 D 6 ; D 1 - 3 S 4  END                                        0.0405    0.04047
  66.   162   D 1 - 3 S 4 - 5 S 7 ; D 1 - 3 S 4  END                                    0.0385    0.00761 -0.02135  0.03114
  67.    81   D 1 - 4 S 5 ; D 1 S 2 D 3 S 4 - 5  END                                    0.0385    0.01790 -0.02863  0.01854
  68.   484   S 1 D 2 - 3 S 4 - 5 ; D 1 - 4 S 8  END                                    0.0374   -0.02008  0.01686  0.02673
  69.  4658   S 1 D 2 - 4 ; D 1 - 3 S 4 - 5 S 8  END                                    0.0374   -0.02308  0.01366  0.02613
  70.  2069   D 1 - 2 S 3 D 4 S 5 S 7 ; D 1 - 3 S 5  END                                0.0370   -0.00486 -0.02070 -0.03024
  71.   134   D 1 - 3 S 4 D 5 ; D 1 S 2 D 3 S 4 S 6  END                                0.0370   -0.03607  0.00137  0.00798
  72.  1430   D 1 - 3 S 4 - 6 ; D 1 - 3 S 6  END                                        0.0351    0.02576  0.02167  0.00978
  73.   197   D 1 - 2 S 3 D 4 - 5 ; D 1 - 2 S 3 - 5  END                                0.0351   -0.02679 -0.02095 -0.00852
  74.  1465   D 1 - 3 S 4 - 6 ; D 1 S 2 D 3 S 4 - 5  END                                0.0345   -0.00529  0.01252  0.01047 -0.01628
                                                                                                  0.01076  0.01056  0.00735 -0.01839
                                                                                                 -0.00367
  75.  1445   D 1 - 3 S 4 - 5 S 7 ; D 1 - 2 S 3 - 5  END                                0.0345    0.00089 -0.00406 -0.00633  0.01183
                                                                                                 -0.01432 -0.01008 -0.01365  0.02233
                                                                                                 -0.00186
  76.   120   D 1 - 4 S 8 ; S 1 D 2 - 4  END                                            0.0331    0.03311
  77.   836   D 1 - 4 S 5 ; D 1 S 2 D 3 S 5 - 6  END                                    0.0326   -0.03216 -0.00555  0.00041
  78.   250   D 1 - 2 S 3 - 4 D 5 S 7 ; D 1 - 3 S 4  END                                0.0326   -0.01300 -0.01909 -0.02305
  79.  9306   D 1 - 3 S 4 ; D 1 - 3 D 5 S 6  END                                        0.0324    0.03239
  80.   265   D 1 - 2 S 3 D 5 ; D 1 - 4 S 5  END                                        0.0324    0.03239
  81.  1572   D 1 - 3 S 4 ; D 1 - 2 S 3 D 4 S 5 - 6  END                                0.0322   -0.01640  0.00916 -0.02613
  82.  2433   D 1 - 2 S 3 - 4 S 6 ; D 1 - 4 S 5  END                                    0.0322    0.02249 -0.01346  0.01868
  83.  1442   D 1 - 3 S 4 - 6 ; D 1 - 2 S 3 - 4 S 6  END                                0.0320   -0.00504 -0.00013 -0.00167 -0.01442
                                                                                                  0.01207  0.00895 -0.01968  0.00310
                                                                                                  0.01274
  84.  2077   D 1 - 2 S 3 D 4 S 5 - 6 ; D 1 - 2 S 3 - 5  END                            0.0320    0.00846 -0.00084 -0.02354 -0.00577
                                                                                                  0.00518  0.01395 -0.00745 -0.00898
                                                                                                 -0.00201
  85.    27   D 1 - 5 S 6 ; D 1 S 2 D 3  END                                            0.0319   -0.03192
  86.    22   D 1 - 5 S 7 ; D 1 - 2 S 3  END                                            0.0319    0.03192
  87.   342   D 1 S 2 D 3 - 4 ; D 1 - 4 S 6  END                                        0.0313    0.03133
  88.   247   D 1 - 2 S 3 D 4 ; D 1 - 4 S 7  END                                        0.0313    0.03133
  89.  1077   D 1 - 4 S 6 ; D 1 - 2 D 4 S 5  END                                        0.0312   -0.03116
  90.  1565   D 1 - 3 S 4 D 6 ; D 1 - 2 S 3 D 4  END                                    0.0312   -0.03116
  91.  3372   D 1 S 2 D 3 S 4 - 5 ; D 1 - 3 S 4 - 6  END                                0.0298    0.00414  0.00865  0.01416  0.01691
                                                                                                 -0.00045 -0.01347  0.00318  0.00823
                                                                                                 -0.00723
  92.  2377   D 1 - 2 S 3 - 5 ; D 1 - 3 S 4 - 5 S 7  END                                0.0298    0.00706  0.00292  0.00895  0.02133
                                                                                                  0.00200 -0.01205  0.00944  0.00562
                                                                                                 -0.00518
  93.  1801   D 1 - 3 S 7 ; D 1 - 4 S 5  END                                            0.0284   -0.02837
  94.  1587   D 1 - 3 S 4 ; D 1 S 2 D 3 - 5  END                                        0.0284    0.02837
  95.  9286   D 1 - 3 S 4 S 6 - 7 ; D 1 - 3 S 5  END                                    0.0277    0.00973  0.00523 -0.02542
  96.   137   D 1 - 3 S 4 D 5 ; D 1 S 2 - 3 D 4 S 5  END                                0.0277   -0.01505  0.02274  0.00492
  97.  4841   S 1 D 2 - 3 S 4 - 5 ; D 1 - 3 S 4 - 5 S 7  END                            0.0274    0.00578  0.00537  0.00934  0.02016
                                                                                                  0.00137 -0.00970  0.00071  0.00763
                                                                                                 -0.00624
  98.  3374   D 1 S 2 D 3 S 4 - 5 ; D 1 - 3 S 4 - 5 S 8  END                            0.0274    0.00689  0.00375  0.00923  0.02054
                                                                                                  0.00191 -0.01048  0.00125  0.00663
                                                                                                 -0.00470
  99. 11089   D 1 - 2 S 3 D 4 S 5 - 6 ; D 1 - 2 S 3 S 5 - 6  END                        0.0273   -0.00208  0.01219  0.01317  0.00859
                                                                                                  0.00505  0.00276  0.00374 -0.01693
                                                                                                  0.00295
 100.  2262   D 1 - 2 S 3 - 4 D 5 S 6 ; D 1 - 2 S 3 - 4 S 6  END                        0.0273   -0.00361  0.01258  0.01020  0.01063
                                                                                                  0.00561  0.00605  0.00662 -0.01556
                                                                                                  0.00046




 POSITION OF FIRST SPIN COUPLING FOR TEN MOST IMPORTANT CONFIGURATIONS
      93      5    317    333   4465     97    281    193    184    197



 ELAPSED TIME =     302.31 CPU SECONDS. (    342.15 WALL CLOCK SECONDS)
