nohup: ignoring input

   CheMPS2: a spin-adapted implementation of DMRG for ab initio quantum chemistry
   Copyright (C) 2013-2016 Sebastian Wouters

   This program is free software; you can redistribute it and/or modify
   it under the terms of the GNU General Public License as published by
   the Free Software Foundation; either version 2 of the License, or
   (at your option) any later version.

   This program is distributed in the hope that it will be useful,
   but WITHOUT ANY WARRANTY; without even the implied warranty of
   MERCHANTABILITY or FITNESS FOR A PARTICULAR PURPOSE.  See the
   GNU General Public License for more details.

   You should have received a copy of the GNU General Public License along
   with this program; if not, write to the Free Software Foundation, Inc.,
   51 Franklin Street, Fifth Floor, Boston, MA 02110-1301 USA.

   Stats: nIt(DAVIDSON) = 12
Energy at sites (16, 17) is 32.4882838492848
   Stats: nIt(DAVIDSON) = 16
Energy at sites (15, 16) is 27.2349115523767
   Stats: nIt(DAVIDSON) = 25
Energy at sites (14, 15) is 16.6150285618417
   Stats: nIt(DAVIDSON) = 13
Energy at sites (13, 14) is 7.70197138779514
   Stats: nIt(DAVIDSON) = 15
Energy at sites (12, 13) is -6.53035847900577
   Stats: nIt(DAVIDSON) = 10
Energy at sites (11, 12) is -21.8533228605756
   Stats: nIt(DAVIDSON) = 12
Energy at sites (10, 11) is -26.0328921347681
   Stats: nIt(DAVIDSON) = 9
Energy at sites (9, 10) is -32.1484445109334
   Stats: nIt(DAVIDSON) = 10
Energy at sites (8, 9) is -32.663983613675
   Stats: nIt(DAVIDSON) = 10
Energy at sites (7, 8) is -33.0465649185215
   Stats: nIt(DAVIDSON) = 10
Energy at sites (6, 7) is -33.1574876246459
   Stats: nIt(DAVIDSON) = 11
Energy at sites (5, 6) is -33.2112585732646
   Stats: nIt(DAVIDSON) = 7
Energy at sites (4, 5) is -33.2111313184804
   Stats: nIt(DAVIDSON) = 1
Energy at sites (3, 4) is -33.2111313184802
   Stats: nIt(DAVIDSON) = 1
Energy at sites (2, 3) is -33.2111313184802
   Stats: nIt(DAVIDSON) = 1
Energy at sites (1, 2) is -33.2111313184802
******************************************************************
***  Information on left sweep 0 of instruction 0:
***     Elapsed wall time        = 280.152114 seconds
***       |--> S.join            = 0.025454 seconds
***       |--> S.solve           = 270.88643 seconds
***       |--> S.split           = 1.182685 seconds
***       |--> Tensor update     = 8.057081 seconds
***              |--> create     = 0.09322 seconds
***              |--> destroy    = 0.025448 seconds
***              |--> disk write = 0.344445 seconds
***              |--> disk read  = 0.206874 seconds
***              |--> calc       = 7.38703 seconds
***     Disk write bandwidth     = 2903.4207158592 MB/s
***     Disk read  bandwidth     = 4834.19254461228 MB/s
***     Minimum energy           = -33.2112585732646
***     Maximum discarded weight = 0
******************************************************************
   Stats: nIt(DAVIDSON) = 1
Energy at sites (0, 1) is -33.21113131848
   Stats: nIt(DAVIDSON) = 1
Energy at sites (1, 2) is -33.2111313184802
   Stats: nIt(DAVIDSON) = 1
Energy at sites (2, 3) is -33.2111313184805
   Stats: nIt(DAVIDSON) = 1
Energy at sites (3, 4) is -33.2111313184802
   Stats: nIt(DAVIDSON) = 1
Energy at sites (4, 5) is -33.2111313184803
   Stats: nIt(DAVIDSON) = 8
Energy at sites (5, 6) is -33.211258573264
   Stats: nIt(DAVIDSON) = 10
Energy at sites (6, 7) is -33.2199608238733
   Stats: nIt(DAVIDSON) = 14
Energy at sites (7, 8) is -33.3079947395233
   Stats: nIt(DAVIDSON) = 18
Energy at sites (8, 9) is -33.4165699331556
   Stats: nIt(DAVIDSON) = 18
Energy at sites (9, 10) is -33.6182093613203
   Stats: nIt(DAVIDSON) = 16
Energy at sites (10, 11) is -33.8115482627873
   Stats: nIt(DAVIDSON) = 13
Energy at sites (11, 12) is -33.855088871044
   Stats: nIt(DAVIDSON) = 2
Energy at sites (12, 13) is -33.8550888705681
   Stats: nIt(DAVIDSON) = 1
Energy at sites (13, 14) is -33.8550888705684
   Stats: nIt(DAVIDSON) = 1
Energy at sites (14, 15) is -33.8550888705681
   Stats: nIt(DAVIDSON) = 1
Energy at sites (15, 16) is -33.855088870568
******************************************************************
***  Information on right sweep 0 of instruction 0:
***     Elapsed wall time        = 330.537132 seconds
***       |--> S.join            = 0.019634 seconds
***       |--> S.solve           = 317.293271 seconds
***       |--> S.split           = 0.85856 seconds
***       |--> Tensor update     = 12.365284 seconds
***              |--> create     = 0.085986 seconds
***              |--> destroy    = 0.02507 seconds
***              |--> disk write = 0.420506 seconds
***              |--> disk read  = 0.207721 seconds
***              |--> calc       = 11.625939 seconds
***     Disk write bandwidth     = 3131.18566153179 MB/s
***     Disk read  bandwidth     = 4814.48071439152 MB/s
***     Minimum energy           = -33.855088871044
***     Maximum discarded weight = 7.55996689703061e-09
***     Energy difference with respect to previous leftright sweep = 33.855088870568
******************************************************************
   Stats: nIt(DAVIDSON) = 1
Energy at sites (16, 17) is -33.8550888705678
   Stats: nIt(DAVIDSON) = 1
Energy at sites (15, 16) is -33.8550888705678
   Stats: nIt(DAVIDSON) = 1
Energy at sites (14, 15) is -33.8550888705683
   Stats: nIt(DAVIDSON) = 1
Energy at sites (13, 14) is -33.8550888705685
   Stats: nIt(DAVIDSON) = 1
Energy at sites (12, 13) is -33.8550888705684
   Stats: nIt(DAVIDSON) = 3
Energy at sites (11, 12) is -33.8550888710441
   Stats: nIt(DAVIDSON) = 14
Energy at sites (10, 11) is -33.8665592454107
   Stats: nIt(DAVIDSON) = 23
Energy at sites (9, 10) is -34.0543525678418
   Stats: nIt(DAVIDSON) = 40
Energy at sites (8, 9) is -34.9706707051556
   Stats: nIt(DAVIDSON) = 39
Energy at sites (7, 8) is -35.3215586621961
   Stats: nIt(DAVIDSON) = 15
Energy at sites (6, 7) is -35.3333320215105
   Stats: nIt(DAVIDSON) = 7
Energy at sites (5, 6) is -35.3333294515626
   Stats: nIt(DAVIDSON) = 1
Energy at sites (4, 5) is -35.3333294515632
   Stats: nIt(DAVIDSON) = 1
Energy at sites (3, 4) is -35.3333294515627
   Stats: nIt(DAVIDSON) = 1
Energy at sites (2, 3) is -35.3333294515623
   Stats: nIt(DAVIDSON) = 1
Energy at sites (1, 2) is -35.3333294515631
******************************************************************
***  Information on left sweep 1 of instruction 0:
***     Elapsed wall time        = 914.068143 seconds
***       |--> S.join            = 0.031427 seconds
***       |--> S.solve           = 899.350695 seconds
***       |--> S.split           = 1.414504 seconds
***       |--> Tensor update     = 13.271144 seconds
***              |--> create     = 0.076389 seconds
***              |--> destroy    = 0.024622 seconds
***              |--> disk write = 0.444762 seconds
***              |--> disk read  = 0.248185 seconds
***              |--> calc       = 12.477129 seconds
***     Disk write bandwidth     = 3059.99932612967 MB/s
***     Disk read  bandwidth     = 5305.24551358094 MB/s
***     Minimum energy           = -35.3333320215105
***     Maximum discarded weight = 1.96826250079358e-05
******************************************************************
   Stats: nIt(DAVIDSON) = 1
Energy at sites (0, 1) is -35.3333294515629
   Stats: nIt(DAVIDSON) = 1
Energy at sites (1, 2) is -35.3333294515627
   Stats: nIt(DAVIDSON) = 1
Energy at sites (2, 3) is -35.3333294515624
   Stats: nIt(DAVIDSON) = 1
Energy at sites (3, 4) is -35.3333294515628
   Stats: nIt(DAVIDSON) = 1
Energy at sites (4, 5) is -35.333329451563
   Stats: nIt(DAVIDSON) = 1
Energy at sites (5, 6) is -35.3333294515633
   Stats: nIt(DAVIDSON) = 8
Energy at sites (6, 7) is -35.3333329047969
   Stats: nIt(DAVIDSON) = 27
Energy at sites (7, 8) is -35.334250056573
   Stats: nIt(DAVIDSON) = 59
Energy at sites (8, 9) is -35.6344055798008
   Stats: nIt(DAVIDSON) = 40
Energy at sites (9, 10) is -35.6704052479631
   Stats: nIt(DAVIDSON) = 17
Energy at sites (10, 11) is -35.668846075503
   Stats: nIt(DAVIDSON) = 7
Energy at sites (11, 12) is -35.6688387692572
   Stats: nIt(DAVIDSON) = 1
Energy at sites (12, 13) is -35.6688387692571
   Stats: nIt(DAVIDSON) = 1
Energy at sites (13, 14) is -35.6688387692571
   Stats: nIt(DAVIDSON) = 1
Energy at sites (14, 15) is -35.668838769257
   Stats: nIt(DAVIDSON) = 1
Energy at sites (15, 16) is -35.6688387692569
******************************************************************
***  Information on right sweep 1 of instruction 0:
***     Elapsed wall time        = 1157.012867 seconds
***       |--> S.join            = 0.030721 seconds
***       |--> S.solve           = 1143.160981 seconds
***       |--> S.split           = 1.222158 seconds
***       |--> Tensor update     = 12.598624 seconds
***              |--> create     = 0.072498 seconds
***              |--> destroy    = 0.01995 seconds
***              |--> disk write = 0.456425 seconds
***              |--> disk read  = 0.25915 seconds
***              |--> calc       = 11.790541 seconds
***     Disk write bandwidth     = 3014.38552197017 MB/s
***     Disk read  bandwidth     = 5251.67439817899 MB/s
***     Minimum energy           = -35.6704052479631
***     Maximum discarded weight = 0.000865035800429043
***     Energy difference with respect to previous leftright sweep = 1.81374989868897
******************************************************************
   Stats: nIt(DAVIDSON) = 1
Energy at sites (16, 17) is -35.6688387692571
   Stats: nIt(DAVIDSON) = 1
Energy at sites (15, 16) is -35.6688387692569
   Stats: nIt(DAVIDSON) = 1
Energy at sites (14, 15) is -35.668838769257
   Stats: nIt(DAVIDSON) = 1
Energy at sites (13, 14) is -35.6688387692573
   Stats: nIt(DAVIDSON) = 1
Energy at sites (12, 13) is -35.6688387692569
   Stats: nIt(DAVIDSON) = 1
Energy at sites (11, 12) is -35.668838769257
   Stats: nIt(DAVIDSON) = 9
Energy at sites (10, 11) is -35.6688463709727
   Stats: nIt(DAVIDSON) = 25
Energy at sites (9, 10) is -35.6719028074647
   Stats: nIt(DAVIDSON) = 44
Energy at sites (8, 9) is -35.7101151385273
   Stats: nIt(DAVIDSON) = 39
Energy at sites (7, 8) is -35.6946177542467
   Stats: nIt(DAVIDSON) = 16
Energy at sites (6, 7) is -35.6918945965944
   Stats: nIt(DAVIDSON) = 8
Energy at sites (5, 6) is -35.6918897192867
   Stats: nIt(DAVIDSON) = 1
Energy at sites (4, 5) is -35.6918897192871
   Stats: nIt(DAVIDSON) = 1
Energy at sites (3, 4) is -35.6918897192872
   Stats: nIt(DAVIDSON) = 1
Energy at sites (2, 3) is -35.6918897192868
   Stats: nIt(DAVIDSON) = 1
Energy at sites (1, 2) is -35.6918897192871
******************************************************************
***  Information on left sweep 2 of instruction 0:
***     Elapsed wall time        = 1092.376249 seconds
***       |--> S.join            = 0.034118 seconds
***       |--> S.solve           = 1076.956704 seconds
***       |--> S.split           = 1.337753 seconds
***       |--> Tensor update     = 14.047297 seconds
***              |--> create     = 0.070885 seconds
***              |--> destroy    = 0.02304 seconds
***              |--> disk write = 0.462418 seconds
***              |--> disk read  = 0.259968 seconds
***              |--> calc       = 13.23093 seconds
***     Disk write bandwidth     = 2990.81292180515 MB/s
***     Disk read  bandwidth     = 5292.34718067314 MB/s
***     Minimum energy           = -35.7101151385273
***     Maximum discarded weight = 0.00126826663812581
******************************************************************
   Stats: nIt(DAVIDSON) = 1
Energy at sites (0, 1) is -35.691889719287
   Stats: nIt(DAVIDSON) = 1
Energy at sites (1, 2) is -35.6918897192868
   Stats: nIt(DAVIDSON) = 1
Energy at sites (2, 3) is -35.6918897192871
   Stats: nIt(DAVIDSON) = 1
Energy at sites (3, 4) is -35.691889719287
   Stats: nIt(DAVIDSON) = 1
Energy at sites (4, 5) is -35.6918897192871
   Stats: nIt(DAVIDSON) = 1
Energy at sites (5, 6) is -35.6918897192872
   Stats: nIt(DAVIDSON) = 9
Energy at sites (6, 7) is -35.6918962741556
   Stats: nIt(DAVIDSON) = 26
Energy at sites (7, 8) is -35.69520733577
   Stats: nIt(DAVIDSON) = 41
Energy at sites (8, 9) is -35.7319104040662
   Stats: nIt(DAVIDSON) = 31
Energy at sites (9, 10) is -35.6964293405127
   Stats: nIt(DAVIDSON) = 16
Energy at sites (10, 11) is -35.6930654068923
   Stats: nIt(DAVIDSON) = 7
Energy at sites (11, 12) is -35.6930578311524
   Stats: nIt(DAVIDSON) = 3
Energy at sites (12, 13) is -35.6930578326321
   Stats: nIt(DAVIDSON) = 1
Energy at sites (13, 14) is -35.6930578326323
   Stats: nIt(DAVIDSON) = 1
Energy at sites (14, 15) is -35.6930578326323
   Stats: nIt(DAVIDSON) = 1
Energy at sites (15, 16) is -35.6930578326325
******************************************************************
***  Information on right sweep 2 of instruction 0:
***     Elapsed wall time        = 1055.171604 seconds
***       |--> S.join            = 0.036218 seconds
***       |--> S.solve           = 1040.418223 seconds
***       |--> S.split           = 1.462921 seconds
***       |--> Tensor update     = 13.253863 seconds
***              |--> create     = 0.070351 seconds
***              |--> destroy    = 0.024265 seconds
***              |--> disk write = 0.462154 seconds
***              |--> disk read  = 0.26052 seconds
***              |--> calc       = 12.436509 seconds
***     Disk write bandwidth     = 2996.56631082177 MB/s
***     Disk read  bandwidth     = 5308.63553537269 MB/s
***     Minimum energy           = -35.7319104040662
***     Maximum discarded weight = 0.00137653299169665
***     Energy difference with respect to previous leftright sweep = 0.0242190633755968
******************************************************************
   Stats: nIt(DAVIDSON) = 1
Energy at sites (16, 17) is -35.6930578326326
   Stats: nIt(DAVIDSON) = 1
Energy at sites (15, 16) is -35.6930578326326
   Stats: nIt(DAVIDSON) = 1
Energy at sites (14, 15) is -35.6930578326322
   Stats: nIt(DAVIDSON) = 1
Energy at sites (13, 14) is -35.6930578326321
   Stats: nIt(DAVIDSON) = 1
Energy at sites (12, 13) is -35.6930578326323
   Stats: nIt(DAVIDSON) = 2
Energy at sites (11, 12) is -35.6930578326363
   Stats: nIt(DAVIDSON) = 10
Energy at sites (10, 11) is -35.6930657234612
   Stats: nIt(DAVIDSON) = 26
Energy at sites (9, 10) is -35.696452414908
   Stats: nIt(DAVIDSON) = 39
Energy at sites (8, 9) is -35.7322686163714
   Stats: nIt(DAVIDSON) = 31
Energy at sites (7, 8) is -35.6964139682318
   Stats: nIt(DAVIDSON) = 16
Energy at sites (6, 7) is -35.6930467982184
   Stats: nIt(DAVIDSON) = 7
Energy at sites (5, 6) is -35.6930404890879
   Stats: nIt(DAVIDSON) = 3
Energy at sites (4, 5) is -35.6930404897037
   Stats: nIt(DAVIDSON) = 1
Energy at sites (3, 4) is -35.6930404897034
   Stats: nIt(DAVIDSON) = 1
Energy at sites (2, 3) is -35.6930404897033
   Stats: nIt(DAVIDSON) = 1
Energy at sites (1, 2) is -35.6930404897036
******************************************************************
***  Information on left sweep 3 of instruction 0:
***     Elapsed wall time        = 1037.52104 seconds
***       |--> S.join            = 0.036753 seconds
***       |--> S.solve           = 1021.314082 seconds
***       |--> S.split           = 1.449273 seconds
***       |--> Tensor update     = 14.72057 seconds
***              |--> create     = 0.070097 seconds
***              |--> destroy    = 0.022346 seconds
***              |--> disk write = 0.459611 seconds
***              |--> disk read  = 0.258928 seconds
***              |--> calc       = 13.909529 seconds
***     Disk write bandwidth     = 3016.0801913194 MB/s
***     Disk read  bandwidth     = 5348.49497470928 MB/s
***     Minimum energy           = -35.7322686163714
***     Maximum discarded weight = 0.00137317735537322
******************************************************************
   Stats: nIt(DAVIDSON) = 1
Energy at sites (0, 1) is -35.6930404897035
   Stats: nIt(DAVIDSON) = 1
Energy at sites (1, 2) is -35.6930404897036
   Stats: nIt(DAVIDSON) = 1
Energy at sites (2, 3) is -35.6930404897033
   Stats: nIt(DAVIDSON) = 1
Energy at sites (3, 4) is -35.6930404897035
   Stats: nIt(DAVIDSON) = 1
Energy at sites (4, 5) is -35.6930404897034
   Stats: nIt(DAVIDSON) = 2
Energy at sites (5, 6) is -35.6930404897053
   Stats: nIt(DAVIDSON) = 9
Energy at sites (6, 7) is -35.6930469592486
   Stats: nIt(DAVIDSON) = 26
Energy at sites (7, 8) is -35.6964171035825
   Stats: nIt(DAVIDSON) = 40
Energy at sites (8, 9) is -35.7321684830359
   Stats: nIt(DAVIDSON) = 31
Energy at sites (9, 10) is -35.6964525919992
   Stats: nIt(DAVIDSON) = 16
Energy at sites (10, 11) is -35.6930497939978
   Stats: nIt(DAVIDSON) = 7
Energy at sites (11, 12) is -35.6930434505482
   Stats: nIt(DAVIDSON) = 3
Energy at sites (12, 13) is -35.6930434510051
   Stats: nIt(DAVIDSON) = 1
Energy at sites (13, 14) is -35.6930434510052
   Stats: nIt(DAVIDSON) = 1
Energy at sites (14, 15) is -35.6930434510049
   Stats: nIt(DAVIDSON) = 1
Energy at sites (15, 16) is -35.6930434510055
******************************************************************
***  Information on right sweep 3 of instruction 0:
***     Elapsed wall time        = 1047.53321 seconds
***       |--> S.join            = 0.036721 seconds
***       |--> S.solve           = 1032.824314 seconds
***       |--> S.split           = 1.46468 seconds
***       |--> Tensor update     = 13.207115 seconds
***              |--> create     = 0.070001 seconds
***              |--> destroy    = 0.022605 seconds
***              |--> disk write = 0.460698 seconds
***              |--> disk read  = 0.258139 seconds
***              |--> calc       = 12.395608 seconds
***     Disk write bandwidth     = 3010.13205599358 MB/s
***     Disk read  bandwidth     = 5370.06664166399 MB/s
***     Minimum energy           = -35.7321684830359
***     Maximum discarded weight = 0.00136949464250493
***     Energy difference with respect to previous leftright sweep = 1.43816270679054e-05
******************************************************************
***  Information on completed instruction 0:
***     The reduced virtual dimension DSU(2)               = 1000
***     Minimum energy encountered during all instructions = -35.7322686163714
***     Minimum energy encountered during the last sweep   = -35.7321684830359
***     Maximum discarded weight during the last sweep     = 0.00136949464250493
******************************************************************
   Stats: nIt(DAVIDSON) = 9
Energy at sites (16, 17) is 34.0067086865748
   Stats: nIt(DAVIDSON) = 26
Energy at sites (15, 16) is 23.2042835411663
   Stats: nIt(DAVIDSON) = 13
Energy at sites (14, 15) is 15.6403030985388
   Stats: nIt(DAVIDSON) = 22
Energy at sites (13, 14) is 7.73707489170692
   Stats: nIt(DAVIDSON) = 21
Energy at sites (12, 13) is 1.48252655919174
   Stats: nIt(DAVIDSON) = 37
Energy at sites (11, 12) is -10.7951266916625
   Stats: nIt(DAVIDSON) = 13
Energy at sites (10, 11) is -23.1309479229797
   Stats: nIt(DAVIDSON) = 22
Energy at sites (9, 10) is -29.1150627454227
   Stats: nIt(DAVIDSON) = 13
Energy at sites (8, 9) is -32.7905505928057
   Stats: nIt(DAVIDSON) = 10
Energy at sites (7, 8) is -33.0745814363099
   Stats: nIt(DAVIDSON) = 11
Energy at sites (6, 7) is -33.2848948057024
   Stats: nIt(DAVIDSON) = 11
Energy at sites (5, 6) is -33.31185900025
   Stats: nIt(DAVIDSON) = 6
Energy at sites (4, 5) is -33.3115861574259
   Stats: nIt(DAVIDSON) = 1
Energy at sites (3, 4) is -33.3115861574259
   Stats: nIt(DAVIDSON) = 1
Energy at sites (2, 3) is -33.3115861574258
   Stats: nIt(DAVIDSON) = 1
Energy at sites (1, 2) is -33.3115861574259
******************************************************************
***  Information on left sweep 0 of instruction 0:
***     Elapsed wall time        = 413.165699 seconds
***       |--> S.join            = 0.02672 seconds
***       |--> S.solve           = 404.256746 seconds
***       |--> S.split           = 1.18299 seconds
***       |--> Tensor update     = 7.698852 seconds
***              |--> create     = 0.092757 seconds
***              |--> destroy    = 0.017037 seconds
***              |--> disk write = 0.344227 seconds
***              |--> disk read  = 0.189419 seconds
***              |--> calc       = 7.05534 seconds
***     Disk write bandwidth     = 2908.55433846019 MB/s
***     Disk read  bandwidth     = 5285.65209543465 MB/s
***     Minimum energy           = -33.31185900025
***     Maximum discarded weight = 0
******************************************************************
   Stats: nIt(DAVIDSON) = 1
Energy at sites (0, 1) is -33.3115861574261
   Stats: nIt(DAVIDSON) = 1
Energy at sites (1, 2) is -33.3115861574259
   Stats: nIt(DAVIDSON) = 1
Energy at sites (2, 3) is -33.3115861574257
   Stats: nIt(DAVIDSON) = 1
Energy at sites (3, 4) is -33.3115861574261
   Stats: nIt(DAVIDSON) = 1
Energy at sites (4, 5) is -33.3115861574257
   Stats: nIt(DAVIDSON) = 8
Energy at sites (5, 6) is -33.3118590002485
   Stats: nIt(DAVIDSON) = 10
Energy at sites (6, 7) is -33.3164167371734
   Stats: nIt(DAVIDSON) = 14
Energy at sites (7, 8) is -33.3944954617101
   Stats: nIt(DAVIDSON) = 18
Energy at sites (8, 9) is -33.5982476722613
   Stats: nIt(DAVIDSON) = 17
Energy at sites (9, 10) is -33.9150164435742
   Stats: nIt(DAVIDSON) = 15
Energy at sites (10, 11) is -34.0917532775039
   Stats: nIt(DAVIDSON) = 12
Energy at sites (11, 12) is -34.1108129802028
   Stats: nIt(DAVIDSON) = 2
Energy at sites (12, 13) is -34.1108129799935
   Stats: nIt(DAVIDSON) = 1
Energy at sites (13, 14) is -34.1108129799932
   Stats: nIt(DAVIDSON) = 1
Energy at sites (14, 15) is -34.1108129799935
   Stats: nIt(DAVIDSON) = 1
Energy at sites (15, 16) is -34.1108129799932
******************************************************************
***  Information on right sweep 0 of instruction 0:
***     Elapsed wall time        = 318.3124 seconds
***       |--> S.join            = 0.017799 seconds
***       |--> S.solve           = 305.232078 seconds
***       |--> S.split           = 0.854987 seconds
***       |--> Tensor update     = 12.207145 seconds
***              |--> create     = 0.085595 seconds
***              |--> destroy    = 0.023406 seconds
***              |--> disk write = 0.428999 seconds
***              |--> disk read  = 0.18831 seconds
***              |--> calc       = 11.480773 seconds
***     Disk write bandwidth     = 3112.63927788466 MB/s
***     Disk read  bandwidth     = 5316.78049102616 MB/s
***     Minimum energy           = -34.1108129802028
***     Maximum discarded weight = 7.21939702189435e-09
***     Energy difference with respect to previous leftright sweep = 34.1108129799932
******************************************************************
The overlap between the current state and state 0 is : -0.000587695034551303
   Stats: nIt(DAVIDSON) = 1
Energy at sites (16, 17) is -34.1108129799937
   Stats: nIt(DAVIDSON) = 1
Energy at sites (15, 16) is -34.1108129799932
   Stats: nIt(DAVIDSON) = 1
Energy at sites (14, 15) is -34.1108129799933
   Stats: nIt(DAVIDSON) = 1
Energy at sites (13, 14) is -34.1108129799931
   Stats: nIt(DAVIDSON) = 1
Energy at sites (12, 13) is -34.1108129799932
   Stats: nIt(DAVIDSON) = 3
Energy at sites (11, 12) is -34.110812980203
   Stats: nIt(DAVIDSON) = 13
Energy at sites (10, 11) is -34.1242839064693
   Stats: nIt(DAVIDSON) = 19
Energy at sites (9, 10) is -34.2133380767212
   Stats: nIt(DAVIDSON) = 32
Energy at sites (8, 9) is -34.8002568286594
   Stats: nIt(DAVIDSON) = 30
Energy at sites (7, 8) is -35.3104181046538
   Stats: nIt(DAVIDSON) = 16
Energy at sites (6, 7) is -35.327899188301
   Stats: nIt(DAVIDSON) = 7
Energy at sites (5, 6) is -35.3278968396893
   Stats: nIt(DAVIDSON) = 1
Energy at sites (4, 5) is -35.3278968396893
   Stats: nIt(DAVIDSON) = 1
Energy at sites (3, 4) is -35.3278968396888
   Stats: nIt(DAVIDSON) = 1
Energy at sites (2, 3) is -35.3278968396891
   Stats: nIt(DAVIDSON) = 1
Energy at sites (1, 2) is -35.327896839689
******************************************************************
***  Information on left sweep 1 of instruction 0:
***     Elapsed wall time        = 773.070072 seconds
***       |--> S.join            = 0.031717 seconds
***       |--> S.solve           = 758.073138 seconds
***       |--> S.split           = 1.424503 seconds
***       |--> Tensor update     = 13.540329 seconds
***              |--> create     = 0.075787 seconds
***              |--> destroy    = 0.026386 seconds
***              |--> disk write = 0.455202 seconds
***              |--> disk read  = 0.248343 seconds
***              |--> calc       = 12.734552 seconds
***     Disk write bandwidth     = 3014.62261848195 MB/s
***     Disk read  bandwidth     = 5376.91474119763 MB/s
***     Minimum energy           = -35.327899188301
***     Maximum discarded weight = 2.02875014872246e-05
******************************************************************
   Stats: nIt(DAVIDSON) = 1
Energy at sites (0, 1) is -35.3278968396893
   Stats: nIt(DAVIDSON) = 1
Energy at sites (1, 2) is -35.3278968396891
   Stats: nIt(DAVIDSON) = 1
Energy at sites (2, 3) is -35.3278968396892
   Stats: nIt(DAVIDSON) = 1
Energy at sites (3, 4) is -35.3278968396887
   Stats: nIt(DAVIDSON) = 1
Energy at sites (4, 5) is -35.3278968396891
   Stats: nIt(DAVIDSON) = 1
Energy at sites (5, 6) is -35.3278968396888
   Stats: nIt(DAVIDSON) = 8
Energy at sites (6, 7) is -35.3278999690294
   Stats: nIt(DAVIDSON) = 23
Energy at sites (7, 8) is -35.3289750491814
   Stats: nIt(DAVIDSON) = 43
Energy at sites (8, 9) is -35.3774389117006
   Stats: nIt(DAVIDSON) = 29
Energy at sites (9, 10) is -35.3783361135314
   Stats: nIt(DAVIDSON) = 13
Energy at sites (10, 11) is -35.3781182501334
   Stats: nIt(DAVIDSON) = 6
Energy at sites (11, 12) is -35.3781171826191
   Stats: nIt(DAVIDSON) = 1
Energy at sites (12, 13) is -35.3781171826192
   Stats: nIt(DAVIDSON) = 1
Energy at sites (13, 14) is -35.3781171826192
   Stats: nIt(DAVIDSON) = 1
Energy at sites (14, 15) is -35.3781171826192
   Stats: nIt(DAVIDSON) = 1
Energy at sites (15, 16) is -35.3781171826194
******************************************************************
***  Information on right sweep 1 of instruction 0:
***     Elapsed wall time        = 899.912765 seconds
***       |--> S.join            = 0.031167 seconds
***       |--> S.solve           = 886.077969 seconds
***       |--> S.split           = 1.219687 seconds
***       |--> Tensor update     = 12.58356 seconds
***              |--> create     = 0.07281 seconds
***              |--> destroy    = 0.022042 seconds
***              |--> disk write = 0.459374 seconds
***              |--> disk read  = 0.257565 seconds
***              |--> calc       = 11.771706 seconds
***     Disk write bandwidth     = 2961.25202848018 MB/s
***     Disk read  bandwidth     = 5327.82887883922 MB/s
***     Minimum energy           = -35.3783361135314
***     Maximum discarded weight = 0.000212043396968571
***     Energy difference with respect to previous leftright sweep = 1.26730420262618
******************************************************************
The overlap between the current state and state 0 is : 2.20305482898367e-05
   Stats: nIt(DAVIDSON) = 1
Energy at sites (16, 17) is -35.3781171826191
   Stats: nIt(DAVIDSON) = 1
Energy at sites (15, 16) is -35.3781171826195
   Stats: nIt(DAVIDSON) = 1
Energy at sites (14, 15) is -35.378117182619
   Stats: nIt(DAVIDSON) = 1
Energy at sites (13, 14) is -35.378117182619
   Stats: nIt(DAVIDSON) = 1
Energy at sites (12, 13) is -35.3781171826193
   Stats: nIt(DAVIDSON) = 1
Energy at sites (11, 12) is -35.378117182619
   Stats: nIt(DAVIDSON) = 8
Energy at sites (10, 11) is -35.3781182901925
   Stats: nIt(DAVIDSON) = 20
Energy at sites (9, 10) is -35.3785748229972
   Stats: nIt(DAVIDSON) = 40
Energy at sites (8, 9) is -35.3866522016174
   Stats: nIt(DAVIDSON) = 25
Energy at sites (7, 8) is -35.3793448341996
   Stats: nIt(DAVIDSON) = 12
Energy at sites (6, 7) is -35.3788837794197
   Stats: nIt(DAVIDSON) = 6
Energy at sites (5, 6) is -35.3788828263458
   Stats: nIt(DAVIDSON) = 2
Energy at sites (4, 5) is -35.3788828264136
   Stats: nIt(DAVIDSON) = 1
Energy at sites (3, 4) is -35.3788828264134
   Stats: nIt(DAVIDSON) = 1
Energy at sites (2, 3) is -35.3788828264135
   Stats: nIt(DAVIDSON) = 1
Energy at sites (1, 2) is -35.3788828264135
******************************************************************
***  Information on left sweep 2 of instruction 0:
***     Elapsed wall time        = 908.052967 seconds
***       |--> S.join            = 0.033475 seconds
***       |--> S.solve           = 892.684828 seconds
***       |--> S.split           = 1.313486 seconds
***       |--> Tensor update     = 14.020787 seconds
***              |--> create     = 0.071927 seconds
***              |--> destroy    = 0.022042 seconds
***              |--> disk write = 0.456744 seconds
***              |--> disk read  = 0.259501 seconds
***              |--> calc       = 13.210506 seconds
***     Disk write bandwidth     = 2973.50076102105 MB/s
***     Disk read  bandwidth     = 5242.06916093215 MB/s
***     Minimum energy           = -35.3866522016174
***     Maximum discarded weight = 0.00025990428406683
******************************************************************
   Stats: nIt(DAVIDSON) = 1
Energy at sites (0, 1) is -35.3788828264135
   Stats: nIt(DAVIDSON) = 1
Energy at sites (1, 2) is -35.3788828264135
   Stats: nIt(DAVIDSON) = 1
Energy at sites (2, 3) is -35.3788828264136
   Stats: nIt(DAVIDSON) = 1
Energy at sites (3, 4) is -35.3788828264135
   Stats: nIt(DAVIDSON) = 1
Energy at sites (4, 5) is -35.3788828264138
   Stats: nIt(DAVIDSON) = 1
Energy at sites (5, 6) is -35.3788828264136
   Stats: nIt(DAVIDSON) = 8
Energy at sites (6, 7) is -35.3788838798546
   Stats: nIt(DAVIDSON) = 19
Energy at sites (7, 8) is -35.3793561796443
   Stats: nIt(DAVIDSON) = 40
Energy at sites (8, 9) is -35.3870986567786
   Stats: nIt(DAVIDSON) = 27
Energy at sites (9, 10) is -35.3793879702623
   Stats: nIt(DAVIDSON) = 12
Energy at sites (10, 11) is -35.3789217779292
   Stats: nIt(DAVIDSON) = 6
Energy at sites (11, 12) is -35.3789208250636
   Stats: nIt(DAVIDSON) = 3
Energy at sites (12, 13) is -35.3789208253623
   Stats: nIt(DAVIDSON) = 1
Energy at sites (13, 14) is -35.3789208253623
   Stats: nIt(DAVIDSON) = 1
Energy at sites (14, 15) is -35.3789208253623
   Stats: nIt(DAVIDSON) = 1
Energy at sites (15, 16) is -35.3789208253621
******************************************************************
***  Information on right sweep 2 of instruction 0:
***     Elapsed wall time        = 938.685972 seconds
***       |--> S.join            = 0.03455 seconds
***       |--> S.solve           = 924.33005 seconds
***       |--> S.split           = 1.370785 seconds
***       |--> Tensor update     = 12.950197 seconds
***              |--> create     = 0.071881 seconds
***              |--> destroy    = 0.022467 seconds
***              |--> disk write = 0.460312 seconds
***              |--> disk read  = 0.259382 seconds
***              |--> calc       = 12.136089 seconds
***     Disk write bandwidth     = 2950.06338598938 MB/s
***     Disk read  bandwidth     = 5236.01727024927 MB/s
***     Minimum energy           = -35.3870986567786
***     Maximum discarded weight = 0.000263461926916652
***     Energy difference with respect to previous leftright sweep = 0.00080364274265321
******************************************************************
The overlap between the current state and state 0 is : 2.64523777709286e-05
   Stats: nIt(DAVIDSON) = 1
Energy at sites (16, 17) is -35.3789208253623
   Stats: nIt(DAVIDSON) = 1
Energy at sites (15, 16) is -35.3789208253621
   Stats: nIt(DAVIDSON) = 1
Energy at sites (14, 15) is -35.3789208253622
   Stats: nIt(DAVIDSON) = 1
Energy at sites (13, 14) is -35.3789208253624
   Stats: nIt(DAVIDSON) = 1
Energy at sites (12, 13) is -35.3789208253622
   Stats: nIt(DAVIDSON) = 1
Energy at sites (11, 12) is -35.3789208253622
   Stats: nIt(DAVIDSON) = 8
Energy at sites (10, 11) is -35.3789218209134
   Stats: nIt(DAVIDSON) = 19
Energy at sites (9, 10) is -35.3793909203142
   Stats: nIt(DAVIDSON) = 40
Energy at sites (8, 9) is -35.3871601119948
   Stats: nIt(DAVIDSON) = 27
Energy at sites (7, 8) is -35.3794313863118
   Stats: nIt(DAVIDSON) = 12
Energy at sites (6, 7) is -35.3789587956053
   Stats: nIt(DAVIDSON) = 6
Energy at sites (5, 6) is -35.3789577705768
   Stats: nIt(DAVIDSON) = 3
Energy at sites (4, 5) is -35.378957770711
   Stats: nIt(DAVIDSON) = 1
Energy at sites (3, 4) is -35.3789577707113
   Stats: nIt(DAVIDSON) = 1
Energy at sites (2, 3) is -35.3789577707116
   Stats: nIt(DAVIDSON) = 1
Energy at sites (1, 2) is -35.3789577707114
******************************************************************
***  Information on left sweep 3 of instruction 0:
***     Elapsed wall time        = 943.770164 seconds
***       |--> S.join            = 0.034669 seconds
***       |--> S.solve           = 928.232246 seconds
***       |--> S.split           = 1.392007 seconds
***       |--> Tensor update     = 14.110872 seconds
***              |--> create     = 0.071813 seconds
***              |--> destroy    = 0.021138 seconds
***              |--> disk write = 0.456294 seconds
***              |--> disk read  = 0.257153 seconds
***              |--> calc       = 13.304412 seconds
***     Disk write bandwidth     = 2973.88758980791 MB/s
***     Disk read  bandwidth     = 5280.70672841282 MB/s
***     Minimum energy           = -35.3871601119948
***     Maximum discarded weight = 0.000263756953593808
******************************************************************
   Stats: nIt(DAVIDSON) = 1
Energy at sites (0, 1) is -35.3789577707113
   Stats: nIt(DAVIDSON) = 1
Energy at sites (1, 2) is -35.3789577707115
   Stats: nIt(DAVIDSON) = 1
Energy at sites (2, 3) is -35.3789577707116
   Stats: nIt(DAVIDSON) = 1
Energy at sites (3, 4) is -35.3789577707114
   Stats: nIt(DAVIDSON) = 1
Energy at sites (4, 5) is -35.3789577707112
   Stats: nIt(DAVIDSON) = 1
Energy at sites (5, 6) is -35.3789577707113
   Stats: nIt(DAVIDSON) = 8
Energy at sites (6, 7) is -35.3789588086202
   Stats: nIt(DAVIDSON) = 19
Energy at sites (7, 8) is -35.3794329051458
   Stats: nIt(DAVIDSON) = 40
Energy at sites (8, 9) is -35.3871811947993
   Stats: nIt(DAVIDSON) = 27
Energy at sites (9, 10) is -35.3794271120333
   Stats: nIt(DAVIDSON) = 12
Energy at sites (10, 11) is -35.3789545566144
   Stats: nIt(DAVIDSON) = 6
Energy at sites (11, 12) is -35.3789535081717
   Stats: nIt(DAVIDSON) = 3
Energy at sites (12, 13) is -35.3789535082283
   Stats: nIt(DAVIDSON) = 1
Energy at sites (13, 14) is -35.3789535082282
   Stats: nIt(DAVIDSON) = 1
Energy at sites (14, 15) is -35.378953508228
   Stats: nIt(DAVIDSON) = 1
Energy at sites (15, 16) is -35.378953508228
******************************************************************
***  Information on right sweep 3 of instruction 0:
***     Elapsed wall time        = 944.870409 seconds
***       |--> S.join            = 0.034723 seconds
***       |--> S.solve           = 930.425275 seconds
***       |--> S.split           = 1.383573 seconds
***       |--> Tensor update     = 13.026471 seconds
***              |--> create     = 0.071942 seconds
***              |--> destroy    = 0.022028 seconds
***              |--> disk write = 0.45894 seconds
***              |--> disk read  = 0.257042 seconds
***              |--> calc       = 12.216457 seconds
***     Disk write bandwidth     = 2956.81490661033 MB/s
***     Disk read  bandwidth     = 5279.16474313073 MB/s
***     Minimum energy           = -35.3871811947993
***     Maximum discarded weight = 0.000265028909240388
***     Energy difference with respect to previous leftright sweep = 3.26828659353851e-05
******************************************************************
The overlap between the current state and state 0 is : 2.70006126914088e-05
***  Information on completed instruction 0:
***     The reduced virtual dimension DSU(2)               = 1000
***     Minimum energy encountered during all instructions = -35.3871811947993
***     Minimum energy encountered during the last sweep   = -35.3871811947993
***     Maximum discarded weight during the last sweep     = 0.000265028909240388
******************************************************************
   Stats: nIt(DAVIDSON) = 8
Energy at sites (16, 17) is 31.0984519296782
   Stats: nIt(DAVIDSON) = 13
Energy at sites (15, 16) is 23.8897678018586
   Stats: nIt(DAVIDSON) = 13
Energy at sites (14, 15) is 16.1714028435056
   Stats: nIt(DAVIDSON) = 14
Energy at sites (13, 14) is 5.85008636424072
   Stats: nIt(DAVIDSON) = 17
Energy at sites (12, 13) is -2.9134370493789
   Stats: nIt(DAVIDSON) = 17
Energy at sites (11, 12) is -21.9234808131212
   Stats: nIt(DAVIDSON) = 10
Energy at sites (10, 11) is -23.9913753298685
   Stats: nIt(DAVIDSON) = 15
Energy at sites (9, 10) is -28.3059544383739
   Stats: nIt(DAVIDSON) = 13
Energy at sites (8, 9) is -29.4700953334864
   Stats: nIt(DAVIDSON) = 14
Energy at sites (7, 8) is -30.0914344143777
   Stats: nIt(DAVIDSON) = 12
Energy at sites (6, 7) is -30.3429438515045
   Stats: nIt(DAVIDSON) = 12
Energy at sites (5, 6) is -30.4422764330147
   Stats: nIt(DAVIDSON) = 8
Energy at sites (4, 5) is -30.441816815571
   Stats: nIt(DAVIDSON) = 1
Energy at sites (3, 4) is -30.4418168155721
   Stats: nIt(DAVIDSON) = 1
Energy at sites (2, 3) is -30.4418168155718
   Stats: nIt(DAVIDSON) = 1
Energy at sites (1, 2) is -30.4418168155718
******************************************************************
***  Information on left sweep 0 of instruction 0:
***     Elapsed wall time        = 360.740666 seconds
***       |--> S.join            = 0.025471 seconds
***       |--> S.solve           = 351.624089 seconds
***       |--> S.split           = 1.183824 seconds
***       |--> Tensor update     = 7.906871 seconds
***              |--> create     = 0.093266 seconds
***              |--> destroy    = 0.018922 seconds
***              |--> disk write = 0.347459 seconds
***              |--> disk read  = 0.191889 seconds
***              |--> calc       = 7.255271 seconds
***     Disk write bandwidth     = 2884.82384781623 MB/s
***     Disk read  bandwidth     = 5223.63454569245 MB/s
***     Minimum energy           = -30.4422764330147
***     Maximum discarded weight = 0
******************************************************************
   Stats: nIt(DAVIDSON) = 1
Energy at sites (0, 1) is -30.4418168155717
   Stats: nIt(DAVIDSON) = 1
Energy at sites (1, 2) is -30.4418168155718
   Stats: nIt(DAVIDSON) = 1
Energy at sites (2, 3) is -30.4418168155718
   Stats: nIt(DAVIDSON) = 1
Energy at sites (3, 4) is -30.4418168155721
   Stats: nIt(DAVIDSON) = 1
Energy at sites (4, 5) is -30.4418168155716
   Stats: nIt(DAVIDSON) = 10
Energy at sites (5, 6) is -30.4422764330163
   Stats: nIt(DAVIDSON) = 13
Energy at sites (6, 7) is -30.4575495113467
   Stats: nIt(DAVIDSON) = 22
Energy at sites (7, 8) is -30.6009063915088
   Stats: nIt(DAVIDSON) = 30
Energy at sites (8, 9) is -31.7819918193256
   Stats: nIt(DAVIDSON) = 20
Energy at sites (9, 10) is -31.9515311791941
   Stats: nIt(DAVIDSON) = 17
Energy at sites (10, 11) is -32.1056001431472
   Stats: nIt(DAVIDSON) = 14
Energy at sites (11, 12) is -32.1702761225699
   Stats: nIt(DAVIDSON) = 2
Energy at sites (12, 13) is -32.170276122321
   Stats: nIt(DAVIDSON) = 1
Energy at sites (13, 14) is -32.1702761223212
   Stats: nIt(DAVIDSON) = 1
Energy at sites (14, 15) is -32.1702761223212
   Stats: nIt(DAVIDSON) = 1
Energy at sites (15, 16) is -32.170276122321
******************************************************************
***  Information on right sweep 0 of instruction 0:
***     Elapsed wall time        = 439.37041 seconds
***       |--> S.join            = 0.017938 seconds
***       |--> S.solve           = 426.01747 seconds
***       |--> S.split           = 0.86305 seconds
***       |--> Tensor update     = 12.47156 seconds
***              |--> create     = 0.085996 seconds
***              |--> destroy    = 0.02385 seconds
***              |--> disk write = 0.438014 seconds
***              |--> disk read  = 0.191579 seconds
***              |--> calc       = 11.732065 seconds
***     Disk write bandwidth     = 3077.29496610317 MB/s
***     Disk read  bandwidth     = 5232.08707289619 MB/s
***     Minimum energy           = -32.1702761225699
***     Maximum discarded weight = 1.59473804906682e-08
***     Energy difference with respect to previous leftright sweep = 32.170276122321
******************************************************************
The overlap between the current state and state 0 is : 0.00374746660284523
The overlap between the current state and state 1 is : -0.00670594284653733
   Stats: nIt(DAVIDSON) = 1
Energy at sites (16, 17) is -32.1702761223211
   Stats: nIt(DAVIDSON) = 1
Energy at sites (15, 16) is -32.170276122321
   Stats: nIt(DAVIDSON) = 1
Energy at sites (14, 15) is -32.1702761223212
   Stats: nIt(DAVIDSON) = 1
Energy at sites (13, 14) is -32.1702761223214
   Stats: nIt(DAVIDSON) = 1
Energy at sites (12, 13) is -32.1702761223212
   Stats: nIt(DAVIDSON) = 3
Energy at sites (11, 12) is -32.1702761225698
   Stats: nIt(DAVIDSON) = 16
Energy at sites (10, 11) is -32.1885138528936
   Stats: nIt(DAVIDSON) = 27
Energy at sites (9, 10) is -32.3503947212344
   Stats: nIt(DAVIDSON) = 63
Energy at sites (8, 9) is -33.4983273703999
   Stats: nIt(DAVIDSON) = 41
Energy at sites (7, 8) is -34.3502612837956
   Stats: nIt(DAVIDSON) = 20
Energy at sites (6, 7) is -34.3819425469735
   Stats: nIt(DAVIDSON) = 8
Energy at sites (5, 6) is -34.3819243160272
   Stats: nIt(DAVIDSON) = 1
Energy at sites (4, 5) is -34.3819243160279
   Stats: nIt(DAVIDSON) = 1
Energy at sites (3, 4) is -34.381924316027
   Stats: nIt(DAVIDSON) = 1
Energy at sites (2, 3) is -34.3819243160273
   Stats: nIt(DAVIDSON) = 1
Energy at sites (1, 2) is -34.3819243160269
******************************************************************
***  Information on left sweep 1 of instruction 0:
***     Elapsed wall time        = 1227.331369 seconds
***       |--> S.join            = 0.03226 seconds
***       |--> S.solve           = 1212.071398 seconds
***       |--> S.split           = 1.47828 seconds
***       |--> Tensor update     = 13.74905 seconds
***              |--> create     = 0.076056 seconds
***              |--> destroy    = 0.026448 seconds
***              |--> disk write = 0.464002 seconds
***              |--> disk read  = 0.25235 seconds
***              |--> calc       = 12.930131 seconds
***     Disk write bandwidth     = 2994.01763613867 MB/s
***     Disk read  bandwidth     = 5341.38409860398 MB/s
***     Minimum energy           = -34.3819425469735
***     Maximum discarded weight = 7.24577632418835e-05
******************************************************************
   Stats: nIt(DAVIDSON) = 1
Energy at sites (0, 1) is -34.3819243160272
   Stats: nIt(DAVIDSON) = 1
Energy at sites (1, 2) is -34.381924316027
   Stats: nIt(DAVIDSON) = 1
Energy at sites (2, 3) is -34.3819243160272
   Stats: nIt(DAVIDSON) = 1
Energy at sites (3, 4) is -34.3819243160276
   Stats: nIt(DAVIDSON) = 1
Energy at sites (4, 5) is -34.3819243160273
   Stats: nIt(DAVIDSON) = 1
Energy at sites (5, 6) is -34.3819243160272
   Stats: nIt(DAVIDSON) = 11
Energy at sites (6, 7) is -34.381946005735
   Stats: nIt(DAVIDSON) = 30
Energy at sites (7, 8) is -34.3908156430306
   Stats: nIt(DAVIDSON) = 52
Energy at sites (8, 9) is -34.6572899336043
   Stats: nIt(DAVIDSON) = 43
Energy at sites (9, 10) is -34.758659199172
   Stats: nIt(DAVIDSON) = 19
Energy at sites (10, 11) is -34.7573548815309
   Stats: nIt(DAVIDSON) = 7
Energy at sites (11, 12) is -34.7573520418901
   Stats: nIt(DAVIDSON) = 1
Energy at sites (12, 13) is -34.7573520418902
   Stats: nIt(DAVIDSON) = 1
Energy at sites (13, 14) is -34.7573520418902
   Stats: nIt(DAVIDSON) = 1
Energy at sites (14, 15) is -34.7573520418901
   Stats: nIt(DAVIDSON) = 1
Energy at sites (15, 16) is -34.7573520418901
******************************************************************
***  Information on right sweep 1 of instruction 0:
***     Elapsed wall time        = 1170.370997 seconds
***       |--> S.join            = 0.032418 seconds
***       |--> S.solve           = 1155.719348 seconds
***       |--> S.split           = 1.23854 seconds
***       |--> Tensor update     = 13.380298 seconds
***              |--> create     = 0.072625 seconds
***              |--> destroy    = 0.023863 seconds
***              |--> disk write = 0.464411 seconds
***              |--> disk read  = 0.258039 seconds
***              |--> calc       = 12.561298 seconds
***     Disk write bandwidth     = 2999.89928294359 MB/s
***     Disk read  bandwidth     = 5383.79923656352 MB/s
***     Minimum energy           = -34.758659199172
***     Maximum discarded weight = 0.000811894459595677
***     Energy difference with respect to previous leftright sweep = 2.58707591956909
******************************************************************
The overlap between the current state and state 0 is : 0.000431266833869866
The overlap between the current state and state 1 is : -7.33304385907913e-05
   Stats: nIt(DAVIDSON) = 1
Energy at sites (16, 17) is -34.7573520418902
   Stats: nIt(DAVIDSON) = 1
Energy at sites (15, 16) is -34.7573520418901
   Stats: nIt(DAVIDSON) = 1
Energy at sites (14, 15) is -34.7573520418901
   Stats: nIt(DAVIDSON) = 1
Energy at sites (13, 14) is -34.7573520418902
   Stats: nIt(DAVIDSON) = 1
Energy at sites (12, 13) is -34.7573520418903
   Stats: nIt(DAVIDSON) = 1
Energy at sites (11, 12) is -34.7573520418903
   Stats: nIt(DAVIDSON) = 9
Energy at sites (10, 11) is -34.7573554549601
   Stats: nIt(DAVIDSON) = 29
Energy at sites (9, 10) is -34.7620569002389
   Stats: nIt(DAVIDSON) = 49
Energy at sites (8, 9) is -34.7991318178037
   Stats: nIt(DAVIDSON) = 40
Energy at sites (7, 8) is -34.7783717412005
   Stats: nIt(DAVIDSON) = 17
Energy at sites (6, 7) is -34.7734052447984
   Stats: nIt(DAVIDSON) = 8
Energy at sites (5, 6) is -34.7734046903493
   Stats: nIt(DAVIDSON) = 3
Energy at sites (4, 5) is -34.7734046907881
   Stats: nIt(DAVIDSON) = 1
Energy at sites (3, 4) is -34.7734046907881
   Stats: nIt(DAVIDSON) = 1
Energy at sites (2, 3) is -34.7734046907878
   Stats: nIt(DAVIDSON) = 1
Energy at sites (1, 2) is -34.773404690788
******************************************************************
***  Information on left sweep 2 of instruction 0:
***     Elapsed wall time        = 1259.607424 seconds
***       |--> S.join            = 0.03592 seconds
***       |--> S.solve           = 1243.40249 seconds
***       |--> S.split           = 1.419938 seconds
***       |--> Tensor update     = 14.748715 seconds
***              |--> create     = 0.070991 seconds
***              |--> destroy    = 0.026626 seconds
***              |--> disk write = 0.463702 seconds
***              |--> disk read  = 0.262794 seconds
***              |--> calc       = 13.924537 seconds
***     Disk write bandwidth     = 3008.45423379064 MB/s
***     Disk read  bandwidth     = 5301.43848752678 MB/s
***     Minimum energy           = -34.7991318178037
***     Maximum discarded weight = 0.00116392695414071
******************************************************************
   Stats: nIt(DAVIDSON) = 1
Energy at sites (0, 1) is -34.7734046907882
   Stats: nIt(DAVIDSON) = 1
Energy at sites (1, 2) is -34.7734046907878
   Stats: nIt(DAVIDSON) = 1
Energy at sites (2, 3) is -34.7734046907879
   Stats: nIt(DAVIDSON) = 1
Energy at sites (3, 4) is -34.7734046907883
   Stats: nIt(DAVIDSON) = 1
Energy at sites (4, 5) is -34.7734046907879
   Stats: nIt(DAVIDSON) = 1
Energy at sites (5, 6) is -34.7734046907878
   Stats: nIt(DAVIDSON) = 8
Energy at sites (6, 7) is -34.7734062247104
   Stats: nIt(DAVIDSON) = 28
Energy at sites (7, 8) is -34.7785479934211
   Stats: nIt(DAVIDSON) = 46
Energy at sites (8, 9) is -34.8057056113888
   Stats: nIt(DAVIDSON) = 38
Energy at sites (9, 10) is -34.7802510727671
   Stats: nIt(DAVIDSON) = 17
Energy at sites (10, 11) is -34.7751082771969
   Stats: nIt(DAVIDSON) = 7
Energy at sites (11, 12) is -34.7751069922052
   Stats: nIt(DAVIDSON) = 3
Energy at sites (12, 13) is -34.7751069952812
   Stats: nIt(DAVIDSON) = 1
Energy at sites (13, 14) is -34.7751069952811
   Stats: nIt(DAVIDSON) = 1
Energy at sites (14, 15) is -34.7751069952813
   Stats: nIt(DAVIDSON) = 1
Energy at sites (15, 16) is -34.7751069952812
******************************************************************
***  Information on right sweep 2 of instruction 0:
***     Elapsed wall time        = 1210.018032 seconds
***       |--> S.join            = 0.037333 seconds
***       |--> S.solve           = 1194.867367 seconds
***       |--> S.split           = 1.472844 seconds
***       |--> Tensor update     = 13.640111 seconds
***              |--> create     = 0.070807 seconds
***              |--> destroy    = 0.028227 seconds
***              |--> disk write = 0.465926 seconds
***              |--> disk read  = 0.262166 seconds
***              |--> calc       = 12.812918 seconds
***     Disk write bandwidth     = 2996.42488058433 MB/s
***     Disk read  bandwidth     = 5321.1562335207 MB/s
***     Minimum energy           = -34.8057056113888
***     Maximum discarded weight = 0.00113752747625774
***     Energy difference with respect to previous leftright sweep = 0.0177549533910906
******************************************************************
The overlap between the current state and state 0 is : -0.000483946492187696
The overlap between the current state and state 1 is : 3.05137003834603e-06
   Stats: nIt(DAVIDSON) = 1
Energy at sites (16, 17) is -34.7751069952814
   Stats: nIt(DAVIDSON) = 1
Energy at sites (15, 16) is -34.7751069952813
   Stats: nIt(DAVIDSON) = 1
Energy at sites (14, 15) is -34.7751069952813
   Stats: nIt(DAVIDSON) = 1
Energy at sites (13, 14) is -34.7751069952812
   Stats: nIt(DAVIDSON) = 1
Energy at sites (12, 13) is -34.775106995281
   Stats: nIt(DAVIDSON) = 2
Energy at sites (11, 12) is -34.7751069952887
   Stats: nIt(DAVIDSON) = 8
Energy at sites (10, 11) is -34.7751088138494
   Stats: nIt(DAVIDSON) = 26
Energy at sites (9, 10) is -34.7802458906633
   Stats: nIt(DAVIDSON) = 42
Energy at sites (8, 9) is -34.8067209620134
   Stats: nIt(DAVIDSON) = 38
Energy at sites (7, 8) is -34.7806701446934
   Stats: nIt(DAVIDSON) = 17
Energy at sites (6, 7) is -34.7754770524655
   Stats: nIt(DAVIDSON) = 7
Energy at sites (5, 6) is -34.775476025063
   Stats: nIt(DAVIDSON) = 3
Energy at sites (4, 5) is -34.7754760261811
   Stats: nIt(DAVIDSON) = 2
Energy at sites (3, 4) is -34.7754760262034
   Stats: nIt(DAVIDSON) = 1
Energy at sites (2, 3) is -34.7754760262026
   Stats: nIt(DAVIDSON) = 1
Energy at sites (1, 2) is -34.7754760262027
******************************************************************
***  Information on left sweep 3 of instruction 0:
***     Elapsed wall time        = 1150.20589 seconds
***       |--> S.join            = 0.037638 seconds
***       |--> S.solve           = 1133.8934 seconds
***       |--> S.split           = 1.47496 seconds
***       |--> Tensor update     = 14.799516 seconds
***              |--> create     = 0.0707 seconds
***              |--> destroy    = 0.024212 seconds
***              |--> disk write = 0.463832 seconds
***              |--> disk read  = 0.270098 seconds
***              |--> calc       = 13.9706 seconds
***     Disk write bandwidth     = 3012.20134147629 MB/s
***     Disk read  bandwidth     = 5168.91002121872 MB/s
***     Minimum energy           = -34.8067209620134
***     Maximum discarded weight = 0.00113375192643846
******************************************************************
   Stats: nIt(DAVIDSON) = 1
Energy at sites (0, 1) is -34.7754760262026
   Stats: nIt(DAVIDSON) = 1
Energy at sites (1, 2) is -34.775476026203
   Stats: nIt(DAVIDSON) = 1
Energy at sites (2, 3) is -34.7754760262027
   Stats: nIt(DAVIDSON) = 1
Energy at sites (3, 4) is -34.7754760262034
   Stats: nIt(DAVIDSON) = 1
Energy at sites (4, 5) is -34.7754760262029
   Stats: nIt(DAVIDSON) = 2
Energy at sites (5, 6) is -34.7754760262059
   Stats: nIt(DAVIDSON) = 8
Energy at sites (6, 7) is -34.7754772956868
   Stats: nIt(DAVIDSON) = 27
Energy at sites (7, 8) is -34.780660242863
   Stats: nIt(DAVIDSON) = 45
Energy at sites (8, 9) is -34.8067423188533
   Stats: nIt(DAVIDSON) = 38
Energy at sites (9, 10) is -34.7807836346392
   Stats: nIt(DAVIDSON) = 17
Energy at sites (10, 11) is -34.7755916563719
   Stats: nIt(DAVIDSON) = 6
Energy at sites (11, 12) is -34.7755901456442
   Stats: nIt(DAVIDSON) = 3
Energy at sites (12, 13) is -34.7755901459011
   Stats: nIt(DAVIDSON) = 2
Energy at sites (13, 14) is -34.7755901459096
   Stats: nIt(DAVIDSON) = 1
Energy at sites (14, 15) is -34.7755901459095
   Stats: nIt(DAVIDSON) = 1
Energy at sites (15, 16) is -34.7755901459093
******************************************************************
***  Information on right sweep 3 of instruction 0:
***     Elapsed wall time        = 1201.308815 seconds
***       |--> S.join            = 0.0377060000000001 seconds
***       |--> S.solve           = 1185.976056 seconds
***       |--> S.split           = 1.475841 seconds
***       |--> Tensor update     = 13.818831 seconds
***              |--> create     = 0.070792 seconds
***              |--> destroy    = 0.024852 seconds
***              |--> disk write = 0.468375 seconds
***              |--> disk read  = 0.260417 seconds
***              |--> calc       = 12.994337 seconds
***     Disk write bandwidth     = 2982.01774310073 MB/s
***     Disk read  bandwidth     = 5365.06976357008 MB/s
***     Minimum energy           = -34.8067423188533
***     Maximum discarded weight = 0.00113023719974648
***     Energy difference with respect to previous leftright sweep = 0.000483150628156181
******************************************************************
The overlap between the current state and state 0 is : 0.000496078555681972
The overlap between the current state and state 1 is : -9.67790839417308e-07
   Stats: nIt(DAVIDSON) = 1
Energy at sites (16, 17) is -34.7755901459097
   Stats: nIt(DAVIDSON) = 1
Energy at sites (15, 16) is -34.7755901459093
   Stats: nIt(DAVIDSON) = 1
Energy at sites (14, 15) is -34.7755901459098
   Stats: nIt(DAVIDSON) = 1
Energy at sites (13, 14) is -34.7755901459092
   Stats: nIt(DAVIDSON) = 1
Energy at sites (12, 13) is -34.7755901459093
   Stats: nIt(DAVIDSON) = 2
Energy at sites (11, 12) is -34.7755901459109
   Stats: nIt(DAVIDSON) = 8
Energy at sites (10, 11) is -34.7755917107105
   Stats: nIt(DAVIDSON) = 27
Energy at sites (9, 10) is -34.7807732383977
   Stats: nIt(DAVIDSON) = 45
Energy at sites (8, 9) is -34.8068193136846
   Stats: nIt(DAVIDSON) = 38
Energy at sites (7, 8) is -34.7808447248516
   Stats: nIt(DAVIDSON) = 17
Energy at sites (6, 7) is -34.7756559285556
   Stats: nIt(DAVIDSON) = 6
Energy at sites (5, 6) is -34.775654666818
   Stats: nIt(DAVIDSON) = 3
Energy at sites (4, 5) is -34.775654666929
   Stats: nIt(DAVIDSON) = 2
Energy at sites (3, 4) is -34.7756546669335
   Stats: nIt(DAVIDSON) = 1
Energy at sites (2, 3) is -34.7756546669332
   Stats: nIt(DAVIDSON) = 1
Energy at sites (1, 2) is -34.7756546669332
******************************************************************
***  Information on left sweep 4 of instruction 0:
***     Elapsed wall time        = 1204.95665 seconds
***       |--> S.join            = 0.03773 seconds
***       |--> S.solve           = 1188.629973 seconds
***       |--> S.split           = 1.491396 seconds
***       |--> Tensor update     = 14.79717 seconds
***              |--> create     = 0.070488 seconds
***              |--> destroy    = 0.024545 seconds
***              |--> disk write = 0.464297 seconds
***              |--> disk read  = 0.261301 seconds
***              |--> calc       = 13.976469 seconds
***     Disk write bandwidth     = 3008.20931521161 MB/s
***     Disk read  bandwidth     = 5345.18643413077 MB/s
***     Minimum energy           = -34.8068193136846
***     Maximum discarded weight = 0.00113040532804462
******************************************************************
   Stats: nIt(DAVIDSON) = 1
Energy at sites (0, 1) is -34.7756546669332
   Stats: nIt(DAVIDSON) = 1
Energy at sites (1, 2) is -34.7756546669331
   Stats: nIt(DAVIDSON) = 1
Energy at sites (2, 3) is -34.775654666933
   Stats: nIt(DAVIDSON) = 1
Energy at sites (3, 4) is -34.7756546669328
   Stats: nIt(DAVIDSON) = 1
Energy at sites (4, 5) is -34.775654666933
   Stats: nIt(DAVIDSON) = 1
Energy at sites (5, 6) is -34.7756546669335
   Stats: nIt(DAVIDSON) = 8
Energy at sites (6, 7) is -34.7756559550837
   Stats: nIt(DAVIDSON) = 27
Energy at sites (7, 8) is -34.7808448483503
   Stats: nIt(DAVIDSON) = 45
Energy at sites (8, 9) is -34.8068398785731
   Stats: nIt(DAVIDSON) = 38
Energy at sites (9, 10) is -34.7808876596458
   Stats: nIt(DAVIDSON) = 17
Energy at sites (10, 11) is -34.7756865219558
   Stats: nIt(DAVIDSON) = 6
Energy at sites (11, 12) is -34.7756849522157
   Stats: nIt(DAVIDSON) = 2
Energy at sites (12, 13) is -34.7756849522635
   Stats: nIt(DAVIDSON) = 2
Energy at sites (13, 14) is -34.7756849522658
   Stats: nIt(DAVIDSON) = 1
Energy at sites (14, 15) is -34.7756849522656
   Stats: nIt(DAVIDSON) = 1
Energy at sites (15, 16) is -34.7756849522655
******************************************************************
***  Information on right sweep 4 of instruction 0:
***     Elapsed wall time        = 1201.064709 seconds
***       |--> S.join            = 0.037799 seconds
***       |--> S.solve           = 1185.712964 seconds
***       |--> S.split           = 1.475963 seconds
***       |--> Tensor update     = 13.837593 seconds
***              |--> create     = 0.071113 seconds
***              |--> destroy    = 0.025592 seconds
***              |--> disk write = 0.465917 seconds
***              |--> disk read  = 0.263109 seconds
***              |--> calc       = 13.011798 seconds
***     Disk write bandwidth     = 2997.7497288676 MB/s
***     Disk read  bandwidth     = 5308.45604074663 MB/s
***     Minimum energy           = -34.8068398785731
***     Maximum discarded weight = 0.00113003105376524
***     Energy difference with respect to previous leftright sweep = 9.48063561168055e-05
******************************************************************
The overlap between the current state and state 0 is : -0.000501261236993771
The overlap between the current state and state 1 is : 7.05553923930305e-07
***  Information on completed instruction 0:
***     The reduced virtual dimension DSU(2)               = 1000
***     Minimum energy encountered during all instructions = -34.8068398785731
***     Minimum energy encountered during the last sweep   = -34.8068398785731
***     Maximum discarded weight during the last sweep     = 0.00113003105376524
******************************************************************
Info on DMRG::operators rm call to system: 0
