nohup: ignoring input

   CheMPS2: a spin-adapted implementation of DMRG for ab initio quantum chemistry
   Copyright (C) 2013-2016 Sebastian Wouters

   This program is free software; you can redistribute it and/or modify
   it under the terms of the GNU General Public License as published by
   the Free Software Foundation; either version 2 of the License, or
   (at your option) any later version.

   This program is distributed in the hope that it will be useful,
   but WITHOUT ANY WARRANTY; without even the implied warranty of
   MERCHANTABILITY or FITNESS FOR A PARTICULAR PURPOSE.  See the
   GNU General Public License for more details.

   You should have received a copy of the GNU General Public License along
   with this program; if not, write to the Free Software Foundation, Inc.,
   51 Franklin Street, Fifth Floor, Boston, MA 02110-1301 USA.

   Stats: nIt(DAVIDSON) = 12
Energy at sites (16, 17) is 33.2406638931366
   Stats: nIt(DAVIDSON) = 15
Energy at sites (15, 16) is 24.5913127786481
   Stats: nIt(DAVIDSON) = 15
Energy at sites (14, 15) is 17.8139389067615
   Stats: nIt(DAVIDSON) = 18
Energy at sites (13, 14) is 8.72303860106678
   Stats: nIt(DAVIDSON) = 26
Energy at sites (12, 13) is 1.71870025045587
   Stats: nIt(DAVIDSON) = 44
Energy at sites (11, 12) is -10.2041420436719
   Stats: nIt(DAVIDSON) = 23
Energy at sites (10, 11) is -18.7804019123195
   Stats: nIt(DAVIDSON) = 22
Energy at sites (9, 10) is -29.8470209394716
   Stats: nIt(DAVIDSON) = 22
Energy at sites (8, 9) is -36.3453079642831
   Stats: nIt(DAVIDSON) = 9
Energy at sites (7, 8) is -36.4297216627472
   Stats: nIt(DAVIDSON) = 10
Energy at sites (6, 7) is -36.5477707592487
   Stats: nIt(DAVIDSON) = 11
Energy at sites (5, 6) is -36.5734132305315
   Stats: nIt(DAVIDSON) = 7
Energy at sites (4, 5) is -36.5732108469417
   Stats: nIt(DAVIDSON) = 1
Energy at sites (3, 4) is -36.5732108469415
   Stats: nIt(DAVIDSON) = 1
Energy at sites (2, 3) is -36.5732108469415
   Stats: nIt(DAVIDSON) = 1
Energy at sites (1, 2) is -36.5732108469413
******************************************************************
***  Information on left sweep 0 of instruction 0:
***     Elapsed wall time        = 504.83359 seconds
***       |--> S.join            = 0.025517 seconds
***       |--> S.solve           = 495.921846 seconds
***       |--> S.split           = 1.179252 seconds
***       |--> Tensor update     = 7.706488 seconds
***              |--> create     = 0.093881 seconds
***              |--> destroy    = 0.021925 seconds
***              |--> disk write = 0.341716 seconds
***              |--> disk read  = 0.207249 seconds
***              |--> calc       = 7.041641 seconds
***     Disk write bandwidth     = 2929.14980580805 MB/s
***     Disk read  bandwidth     = 4829.63659675803 MB/s
***     Minimum energy           = -36.5734132305315
***     Maximum discarded weight = 0
******************************************************************
   Stats: nIt(DAVIDSON) = 1
Energy at sites (0, 1) is -36.5732108469415
   Stats: nIt(DAVIDSON) = 1
Energy at sites (1, 2) is -36.5732108469413
   Stats: nIt(DAVIDSON) = 1
Energy at sites (2, 3) is -36.5732108469414
   Stats: nIt(DAVIDSON) = 1
Energy at sites (3, 4) is -36.5732108469417
   Stats: nIt(DAVIDSON) = 1
Energy at sites (4, 5) is -36.5732108469412
   Stats: nIt(DAVIDSON) = 8
Energy at sites (5, 6) is -36.5734132305317
   Stats: nIt(DAVIDSON) = 11
Energy at sites (6, 7) is -36.5881619429927
   Stats: nIt(DAVIDSON) = 12
Energy at sites (7, 8) is -36.6017971187123
   Stats: nIt(DAVIDSON) = 16
Energy at sites (8, 9) is -36.7621803190942
   Stats: nIt(DAVIDSON) = 15
Energy at sites (9, 10) is -37.0519369559585
   Stats: nIt(DAVIDSON) = 15
Energy at sites (10, 11) is -37.4067413849996
   Stats: nIt(DAVIDSON) = 12
Energy at sites (11, 12) is -37.4346678296809
   Stats: nIt(DAVIDSON) = 2
Energy at sites (12, 13) is -37.434667827803
   Stats: nIt(DAVIDSON) = 1
Energy at sites (13, 14) is -37.4346678278037
   Stats: nIt(DAVIDSON) = 1
Energy at sites (14, 15) is -37.434667827803
   Stats: nIt(DAVIDSON) = 1
Energy at sites (15, 16) is -37.4346678278034
******************************************************************
***  Information on right sweep 0 of instruction 0:
***     Elapsed wall time        = 300.840298 seconds
***       |--> S.join            = 0.018199 seconds
***       |--> S.solve           = 288.366062 seconds
***       |--> S.split           = 0.859709 seconds
***       |--> Tensor update     = 11.595929 seconds
***              |--> create     = 0.086169 seconds
***              |--> destroy    = 0.027865 seconds
***              |--> disk write = 0.41863 seconds
***              |--> disk read  = 0.206862 seconds
***              |--> calc       = 10.856335 seconds
***     Disk write bandwidth     = 3091.24087232601 MB/s
***     Disk read  bandwidth     = 4838.67194091474 MB/s
***     Minimum energy           = -37.4346678296809
***     Maximum discarded weight = 1.2158368304146e-08
***     Energy difference with respect to previous leftright sweep = 37.4346678278034
******************************************************************
   Stats: nIt(DAVIDSON) = 1
Energy at sites (16, 17) is -37.4346678278035
   Stats: nIt(DAVIDSON) = 1
Energy at sites (15, 16) is -37.4346678278033
   Stats: nIt(DAVIDSON) = 1
Energy at sites (14, 15) is -37.4346678278031
   Stats: nIt(DAVIDSON) = 1
Energy at sites (13, 14) is -37.4346678278034
   Stats: nIt(DAVIDSON) = 1
Energy at sites (12, 13) is -37.4346678278034
   Stats: nIt(DAVIDSON) = 4
Energy at sites (11, 12) is -37.4346678296796
   Stats: nIt(DAVIDSON) = 13
Energy at sites (10, 11) is -37.4376989428697
   Stats: nIt(DAVIDSON) = 18
Energy at sites (9, 10) is -37.5991793762871
   Stats: nIt(DAVIDSON) = 25
Energy at sites (8, 9) is -38.3576026958571
   Stats: nIt(DAVIDSON) = 25
Energy at sites (7, 8) is -38.878828034156
   Stats: nIt(DAVIDSON) = 17
Energy at sites (6, 7) is -38.8949847391863
   Stats: nIt(DAVIDSON) = 9
Energy at sites (5, 6) is -38.894970141438
   Stats: nIt(DAVIDSON) = 1
Energy at sites (4, 5) is -38.8949701414384
   Stats: nIt(DAVIDSON) = 1
Energy at sites (3, 4) is -38.8949701414385
   Stats: nIt(DAVIDSON) = 1
Energy at sites (2, 3) is -38.8949701414382
   Stats: nIt(DAVIDSON) = 1
Energy at sites (1, 2) is -38.8949701414379
******************************************************************
***  Information on left sweep 1 of instruction 0:
***     Elapsed wall time        = 654.203208 seconds
***       |--> S.join            = 0.030832 seconds
***       |--> S.solve           = 639.838647 seconds
***       |--> S.split           = 1.41429 seconds
***       |--> Tensor update     = 12.919069 seconds
***              |--> create     = 0.076892 seconds
***              |--> destroy    = 0.025066 seconds
***              |--> disk write = 0.44971 seconds
***              |--> disk read  = 0.245344 seconds
***              |--> calc       = 12.121987 seconds
***     Disk write bandwidth     = 3032.66669938813 MB/s
***     Disk read  bandwidth     = 5274.57841390797 MB/s
***     Minimum energy           = -38.8949847391863
***     Maximum discarded weight = 8.71082092673597e-06
******************************************************************
   Stats: nIt(DAVIDSON) = 1
Energy at sites (0, 1) is -38.894970141438
   Stats: nIt(DAVIDSON) = 1
Energy at sites (1, 2) is -38.8949701414381
   Stats: nIt(DAVIDSON) = 1
Energy at sites (2, 3) is -38.8949701414383
   Stats: nIt(DAVIDSON) = 1
Energy at sites (3, 4) is -38.8949701414384
   Stats: nIt(DAVIDSON) = 1
Energy at sites (4, 5) is -38.8949701414385
   Stats: nIt(DAVIDSON) = 1
Energy at sites (5, 6) is -38.8949701414381
   Stats: nIt(DAVIDSON) = 11
Energy at sites (6, 7) is -38.8949908634377
   Stats: nIt(DAVIDSON) = 18
Energy at sites (7, 8) is -38.8965924300118
   Stats: nIt(DAVIDSON) = 25
Energy at sites (8, 9) is -38.9224317617429
   Stats: nIt(DAVIDSON) = 22
Energy at sites (9, 10) is -38.9428467387222
   Stats: nIt(DAVIDSON) = 14
Energy at sites (10, 11) is -38.9434098618759
   Stats: nIt(DAVIDSON) = 8
Energy at sites (11, 12) is -38.943398231734
   Stats: nIt(DAVIDSON) = 1
Energy at sites (12, 13) is -38.9433982317341
   Stats: nIt(DAVIDSON) = 1
Energy at sites (13, 14) is -38.9433982317337
   Stats: nIt(DAVIDSON) = 1
Energy at sites (14, 15) is -38.9433982317338
   Stats: nIt(DAVIDSON) = 1
Energy at sites (15, 16) is -38.9433982317338
******************************************************************
***  Information on right sweep 1 of instruction 0:
***     Elapsed wall time        = 595.735994 seconds
***       |--> S.join            = 0.030586 seconds
***       |--> S.solve           = 582.152145 seconds
***       |--> S.split           = 1.249872 seconds
***       |--> Tensor update     = 12.303008 seconds
***              |--> create     = 0.073554 seconds
***              |--> destroy    = 0.018693 seconds
***              |--> disk write = 0.460017 seconds
***              |--> disk read  = 0.256715 seconds
***              |--> calc       = 11.493962 seconds
***     Disk write bandwidth     = 3017.67516664869 MB/s
***     Disk read  bandwidth     = 5312.58610280598 MB/s
***     Minimum energy           = -38.9434098618759
***     Maximum discarded weight = 6.06573276585738e-05
***     Energy difference with respect to previous leftright sweep = 1.50873040393037
******************************************************************
   Stats: nIt(DAVIDSON) = 1
Energy at sites (16, 17) is -38.943398231734
   Stats: nIt(DAVIDSON) = 1
Energy at sites (15, 16) is -38.9433982317341
   Stats: nIt(DAVIDSON) = 1
Energy at sites (14, 15) is -38.9433982317338
   Stats: nIt(DAVIDSON) = 1
Energy at sites (13, 14) is -38.9433982317336
   Stats: nIt(DAVIDSON) = 1
Energy at sites (12, 13) is -38.9433982317341
   Stats: nIt(DAVIDSON) = 1
Energy at sites (11, 12) is -38.943398231734
   Stats: nIt(DAVIDSON) = 10
Energy at sites (10, 11) is -38.9434107427956
   Stats: nIt(DAVIDSON) = 18
Energy at sites (9, 10) is -38.9441973677662
   Stats: nIt(DAVIDSON) = 22
Energy at sites (8, 9) is -38.9468387342641
   Stats: nIt(DAVIDSON) = 20
Energy at sites (7, 8) is -38.9464356229897
   Stats: nIt(DAVIDSON) = 14
Energy at sites (6, 7) is -38.9457732404825
   Stats: nIt(DAVIDSON) = 8
Energy at sites (5, 6) is -38.9457640006811
   Stats: nIt(DAVIDSON) = 2
Energy at sites (4, 5) is -38.9457640007851
   Stats: nIt(DAVIDSON) = 1
Energy at sites (3, 4) is -38.9457640007851
   Stats: nIt(DAVIDSON) = 1
Energy at sites (2, 3) is -38.9457640007851
   Stats: nIt(DAVIDSON) = 1
Energy at sites (1, 2) is -38.9457640007851
******************************************************************
***  Information on left sweep 2 of instruction 0:
***     Elapsed wall time        = 592.017829 seconds
***       |--> S.join            = 0.032766 seconds
***       |--> S.solve           = 577.058208 seconds
***       |--> S.split           = 1.312592 seconds
***       |--> Tensor update     = 13.613882 seconds
***              |--> create     = 0.072664 seconds
***              |--> destroy    = 0.019497 seconds
***              |--> disk write = 0.457831 seconds
***              |--> disk read  = 0.257043 seconds
***              |--> calc       = 12.806785 seconds
***     Disk write bandwidth     = 3036.66416581494 MB/s
***     Disk read  bandwidth     = 5400.58230388001 MB/s
***     Minimum energy           = -38.9468387342641
***     Maximum discarded weight = 8.65723889503296e-05
******************************************************************
   Stats: nIt(DAVIDSON) = 1
Energy at sites (0, 1) is -38.9457640007852
   Stats: nIt(DAVIDSON) = 1
Energy at sites (1, 2) is -38.945764000785
   Stats: nIt(DAVIDSON) = 1
Energy at sites (2, 3) is -38.9457640007848
   Stats: nIt(DAVIDSON) = 1
Energy at sites (3, 4) is -38.945764000785
   Stats: nIt(DAVIDSON) = 1
Energy at sites (4, 5) is -38.9457640007853
   Stats: nIt(DAVIDSON) = 1
Energy at sites (5, 6) is -38.9457640007857
   Stats: nIt(DAVIDSON) = 9
Energy at sites (6, 7) is -38.9457735272973
   Stats: nIt(DAVIDSON) = 18
Energy at sites (7, 8) is -38.9465655575412
   Stats: nIt(DAVIDSON) = 22
Energy at sites (8, 9) is -38.9487670951328
   Stats: nIt(DAVIDSON) = 20
Energy at sites (9, 10) is -38.9467413062624
   Stats: nIt(DAVIDSON) = 13
Energy at sites (10, 11) is -38.9459836034624
   Stats: nIt(DAVIDSON) = 7
Energy at sites (11, 12) is -38.9459749586487
   Stats: nIt(DAVIDSON) = 3
Energy at sites (12, 13) is -38.9459749589522
   Stats: nIt(DAVIDSON) = 1
Energy at sites (13, 14) is -38.9459749589516
   Stats: nIt(DAVIDSON) = 1
Energy at sites (14, 15) is -38.9459749589518
   Stats: nIt(DAVIDSON) = 1
Energy at sites (15, 16) is -38.9459749589518
******************************************************************
***  Information on right sweep 2 of instruction 0:
***     Elapsed wall time        = 603.15742 seconds
***       |--> S.join            = 0.033896 seconds
***       |--> S.solve           = 589.109194 seconds
***       |--> S.split           = 1.355683 seconds
***       |--> Tensor update     = 12.658269 seconds
***              |--> create     = 0.0728 seconds
***              |--> destroy    = 0.020286 seconds
***              |--> disk write = 0.465346 seconds
***              |--> disk read  = 0.259607 seconds
***              |--> calc       = 11.840159 seconds
***     Disk write bandwidth     = 2988.11499908825 MB/s
***     Disk read  bandwidth     = 5355.32166582264 MB/s
***     Minimum energy           = -38.9487670951328
***     Maximum discarded weight = 9.14961873636133e-05
***     Energy difference with respect to previous leftright sweep = 0.00257672721801327
******************************************************************
   Stats: nIt(DAVIDSON) = 1
Energy at sites (16, 17) is -38.945974958952
   Stats: nIt(DAVIDSON) = 1
Energy at sites (15, 16) is -38.9459749589515
   Stats: nIt(DAVIDSON) = 1
Energy at sites (14, 15) is -38.9459749589519
   Stats: nIt(DAVIDSON) = 1
Energy at sites (13, 14) is -38.9459749589516
   Stats: nIt(DAVIDSON) = 1
Energy at sites (12, 13) is -38.9459749589523
   Stats: nIt(DAVIDSON) = 1
Energy at sites (11, 12) is -38.9459749589518
   Stats: nIt(DAVIDSON) = 9
Energy at sites (10, 11) is -38.9459836602206
   Stats: nIt(DAVIDSON) = 19
Energy at sites (9, 10) is -38.9467590089426
   Stats: nIt(DAVIDSON) = 22
Energy at sites (8, 9) is -38.9489880846826
   Stats: nIt(DAVIDSON) = 20
Energy at sites (7, 8) is -38.9468242672593
   Stats: nIt(DAVIDSON) = 13
Energy at sites (6, 7) is -38.9460532998569
   Stats: nIt(DAVIDSON) = 7
Energy at sites (5, 6) is -38.9460451281757
   Stats: nIt(DAVIDSON) = 3
Energy at sites (4, 5) is -38.9460451287824
   Stats: nIt(DAVIDSON) = 1
Energy at sites (3, 4) is -38.9460451287829
   Stats: nIt(DAVIDSON) = 1
Energy at sites (2, 3) is -38.9460451287831
   Stats: nIt(DAVIDSON) = 1
Energy at sites (1, 2) is -38.9460451287828
******************************************************************
***  Information on left sweep 3 of instruction 0:
***     Elapsed wall time        = 620.5553 seconds
***       |--> S.join            = 0.034321 seconds
***       |--> S.solve           = 605.348941 seconds
***       |--> S.split           = 1.397161 seconds
***       |--> Tensor update     = 13.774509 seconds
***              |--> create     = 0.072661 seconds
***              |--> destroy    = 0.02066 seconds
***              |--> disk write = 0.464502 seconds
***              |--> disk read  = 0.258883 seconds
***              |--> calc       = 12.957742 seconds
***     Disk write bandwidth     = 2994.96004807509 MB/s
***     Disk read  bandwidth     = 5371.18065831176 MB/s
***     Minimum energy           = -38.9489880846826
***     Maximum discarded weight = 9.27622361422423e-05
******************************************************************
   Stats: nIt(DAVIDSON) = 1
Energy at sites (0, 1) is -38.9460451287828
   Stats: nIt(DAVIDSON) = 1
Energy at sites (1, 2) is -38.9460451287829
   Stats: nIt(DAVIDSON) = 1
Energy at sites (2, 3) is -38.9460451287831
   Stats: nIt(DAVIDSON) = 1
Energy at sites (3, 4) is -38.9460451287826
   Stats: nIt(DAVIDSON) = 1
Energy at sites (4, 5) is -38.9460451287828
   Stats: nIt(DAVIDSON) = 1
Energy at sites (5, 6) is -38.9460451287819
   Stats: nIt(DAVIDSON) = 9
Energy at sites (6, 7) is -38.9460533548526
   Stats: nIt(DAVIDSON) = 19
Energy at sites (7, 8) is -38.9468333383528
   Stats: nIt(DAVIDSON) = 22
Energy at sites (8, 9) is -38.9490604517791
   Stats: nIt(DAVIDSON) = 20
Energy at sites (9, 10) is -38.9469270521332
   Stats: nIt(DAVIDSON) = 13
Energy at sites (10, 11) is -38.946159925234
   Stats: nIt(DAVIDSON) = 7
Energy at sites (11, 12) is -38.9461517638696
   Stats: nIt(DAVIDSON) = 3
Energy at sites (12, 13) is -38.9461517642652
   Stats: nIt(DAVIDSON) = 1
Energy at sites (13, 14) is -38.9461517642651
   Stats: nIt(DAVIDSON) = 1
Energy at sites (14, 15) is -38.9461517642652
   Stats: nIt(DAVIDSON) = 1
Energy at sites (15, 16) is -38.9461517642654
******************************************************************
***  Information on right sweep 3 of instruction 0:
***     Elapsed wall time        = 620.592505 seconds
***       |--> S.join            = 0.034527 seconds
***       |--> S.solve           = 606.455167 seconds
***       |--> S.split           = 1.401358 seconds
***       |--> Tensor update     = 12.701074 seconds
***              |--> create     = 0.072315 seconds
***              |--> destroy    = 0.020329 seconds
***              |--> disk write = 0.465946 seconds
***              |--> disk read  = 0.260251 seconds
***              |--> calc       = 11.882164 seconds
***     Disk write bandwidth     = 2986.26387176551 MB/s
***     Disk read  bandwidth     = 5345.47391653049 MB/s
***     Minimum energy           = -38.9490604517791
***     Maximum discarded weight = 9.35678637004117e-05
***     Energy difference with respect to previous leftright sweep = 0.000176805313628847
******************************************************************
   Stats: nIt(DAVIDSON) = 1
Energy at sites (16, 17) is -38.9461517642649
   Stats: nIt(DAVIDSON) = 1
Energy at sites (15, 16) is -38.9461517642654
   Stats: nIt(DAVIDSON) = 1
Energy at sites (14, 15) is -38.9461517642653
   Stats: nIt(DAVIDSON) = 1
Energy at sites (13, 14) is -38.9461517642649
   Stats: nIt(DAVIDSON) = 1
Energy at sites (12, 13) is -38.9461517642652
   Stats: nIt(DAVIDSON) = 1
Energy at sites (11, 12) is -38.9461517642657
   Stats: nIt(DAVIDSON) = 9
Energy at sites (10, 11) is -38.9461599643092
   Stats: nIt(DAVIDSON) = 19
Energy at sites (9, 10) is -38.9469377177358
   Stats: nIt(DAVIDSON) = 22
Energy at sites (8, 9) is -38.9491738268032
   Stats: nIt(DAVIDSON) = 20
Energy at sites (7, 8) is -38.9469674161865
   Stats: nIt(DAVIDSON) = 13
Energy at sites (6, 7) is -38.9461854277643
   Stats: nIt(DAVIDSON) = 7
Energy at sites (5, 6) is -38.9461773374134
   Stats: nIt(DAVIDSON) = 3
Energy at sites (4, 5) is -38.9461773376573
   Stats: nIt(DAVIDSON) = 1
Energy at sites (3, 4) is -38.9461773376572
   Stats: nIt(DAVIDSON) = 1
Energy at sites (2, 3) is -38.9461773376577
   Stats: nIt(DAVIDSON) = 1
Energy at sites (1, 2) is -38.946177337657
******************************************************************
***  Information on left sweep 4 of instruction 0:
***     Elapsed wall time        = 622.803459 seconds
***       |--> S.join            = 0.034571 seconds
***       |--> S.solve           = 607.860992 seconds
***       |--> S.split           = 1.412265 seconds
***       |--> Tensor update     = 13.495251 seconds
***              |--> create     = 0.072307 seconds
***              |--> destroy    = 0.020432 seconds
***              |--> disk write = 0.463278 seconds
***              |--> disk read  = 0.26136 seconds
***              |--> calc       = 12.677809 seconds
***     Disk write bandwidth     = 3004.41886847807 MB/s
***     Disk read  bandwidth     = 5323.8357284728 MB/s
***     Minimum energy           = -38.9491738268032
***     Maximum discarded weight = 9.37006013045288e-05
******************************************************************
   Stats: nIt(DAVIDSON) = 1
Energy at sites (0, 1) is -38.9461773376572
   Stats: nIt(DAVIDSON) = 1
Energy at sites (1, 2) is -38.9461773376572
   Stats: nIt(DAVIDSON) = 1
Energy at sites (2, 3) is -38.9461773376576
   Stats: nIt(DAVIDSON) = 1
Energy at sites (3, 4) is -38.9461773376573
   Stats: nIt(DAVIDSON) = 1
Energy at sites (4, 5) is -38.9461773376573
   Stats: nIt(DAVIDSON) = 1
Energy at sites (5, 6) is -38.9461773376577
   Stats: nIt(DAVIDSON) = 9
Energy at sites (6, 7) is -38.9461854409371
   Stats: nIt(DAVIDSON) = 19
Energy at sites (7, 8) is -38.9469687354075
   Stats: nIt(DAVIDSON) = 22
Energy at sites (8, 9) is -38.9491949359655
   Stats: nIt(DAVIDSON) = 20
Energy at sites (9, 10) is -38.9469697781091
   Stats: nIt(DAVIDSON) = 13
Energy at sites (10, 11) is -38.9461906174163
   Stats: nIt(DAVIDSON) = 7
Energy at sites (11, 12) is -38.946182500567
   Stats: nIt(DAVIDSON) = 2
Energy at sites (12, 13) is -38.9461825006574
   Stats: nIt(DAVIDSON) = 1
Energy at sites (13, 14) is -38.9461825006579
   Stats: nIt(DAVIDSON) = 1
Energy at sites (14, 15) is -38.9461825006574
   Stats: nIt(DAVIDSON) = 1
Energy at sites (15, 16) is -38.9461825006574
******************************************************************
***  Information on right sweep 4 of instruction 0:
***     Elapsed wall time        = 621.902473 seconds
***       |--> S.join            = 0.034719 seconds
***       |--> S.solve           = 607.960436 seconds
***       |--> S.split           = 1.414858 seconds
***       |--> Tensor update     = 12.492084 seconds
***              |--> create     = 0.072333 seconds
***              |--> destroy    = 0.021072 seconds
***              |--> disk write = 0.463922 seconds
***              |--> disk read  = 0.258113 seconds
***              |--> calc       = 11.676582 seconds
***     Disk write bandwidth     = 3000.85996167278 MB/s
***     Disk read  bandwidth     = 5392.52639173843 MB/s
***     Minimum energy           = -38.9491949359655
***     Maximum discarded weight = 9.37908168088911e-05
***     Energy difference with respect to previous leftright sweep = 3.07363919205272e-05
******************************************************************
***  Information on completed instruction 0:
***     The reduced virtual dimension DSU(2)               = 1000
***     Minimum energy encountered during all instructions = -38.9491949359655
***     Minimum energy encountered during the last sweep   = -38.9491949359655
***     Maximum discarded weight during the last sweep     = 9.37908168088911e-05
******************************************************************
   Stats: nIt(DAVIDSON) = 12
Energy at sites (16, 17) is 31.2017673307917
   Stats: nIt(DAVIDSON) = 14
Energy at sites (15, 16) is 25.922375002556
   Stats: nIt(DAVIDSON) = 18
Energy at sites (14, 15) is 18.5667345159096
   Stats: nIt(DAVIDSON) = 27
Energy at sites (13, 14) is 11.9574607860133
   Stats: nIt(DAVIDSON) = 29
Energy at sites (12, 13) is 2.44379524981696
   Stats: nIt(DAVIDSON) = 44
Energy at sites (11, 12) is -7.38136647724559
   Stats: nIt(DAVIDSON) = 22
Energy at sites (10, 11) is -13.7170088915146
   Stats: nIt(DAVIDSON) = 27
Energy at sites (9, 10) is -22.7729890606107
   Stats: nIt(DAVIDSON) = 21
Energy at sites (8, 9) is -32.1601872890132
   Stats: nIt(DAVIDSON) = 12
Energy at sites (7, 8) is -32.2523682524446
   Stats: nIt(DAVIDSON) = 11
Energy at sites (6, 7) is -32.3471498558935
   Stats: nIt(DAVIDSON) = 12
Energy at sites (5, 6) is -32.4952019797029
   Stats: nIt(DAVIDSON) = 7
Energy at sites (4, 5) is -32.4948309343634
   Stats: nIt(DAVIDSON) = 1
Energy at sites (3, 4) is -32.4948309343634
   Stats: nIt(DAVIDSON) = 1
Energy at sites (2, 3) is -32.4948309343634
   Stats: nIt(DAVIDSON) = 1
Energy at sites (1, 2) is -32.4948309343634
******************************************************************
***  Information on left sweep 0 of instruction 0:
***     Elapsed wall time        = 544.495095 seconds
***       |--> S.join            = 0.025562 seconds
***       |--> S.solve           = 535.519474 seconds
***       |--> S.split           = 1.184866 seconds
***       |--> Tensor update     = 7.764786 seconds
***              |--> create     = 0.092645 seconds
***              |--> destroy    = 0.016607 seconds
***              |--> disk write = 0.34543 seconds
***              |--> disk read  = 0.192109 seconds
***              |--> calc       = 7.117926 seconds
***     Disk write bandwidth     = 2901.25708904001 MB/s
***     Disk read  bandwidth     = 5216.73235645956 MB/s
***     Minimum energy           = -32.4952019797029
***     Maximum discarded weight = 0
******************************************************************
   Stats: nIt(DAVIDSON) = 1
Energy at sites (0, 1) is -32.4948309343637
   Stats: nIt(DAVIDSON) = 1
Energy at sites (1, 2) is -32.4948309343636
   Stats: nIt(DAVIDSON) = 1
Energy at sites (2, 3) is -32.4948309343634
   Stats: nIt(DAVIDSON) = 1
Energy at sites (3, 4) is -32.4948309343633
   Stats: nIt(DAVIDSON) = 1
Energy at sites (4, 5) is -32.4948309343632
   Stats: nIt(DAVIDSON) = 9
Energy at sites (5, 6) is -32.4952019797025
   Stats: nIt(DAVIDSON) = 12
Energy at sites (6, 7) is -32.5371818082766
   Stats: nIt(DAVIDSON) = 18
Energy at sites (7, 8) is -32.9882156135442
   Stats: nIt(DAVIDSON) = 22
Energy at sites (8, 9) is -33.3842797311958
   Stats: nIt(DAVIDSON) = 19
Energy at sites (9, 10) is -33.8373489610622
   Stats: nIt(DAVIDSON) = 16
Energy at sites (10, 11) is -34.1231482638742
   Stats: nIt(DAVIDSON) = 13
Energy at sites (11, 12) is -34.1548502229246
   Stats: nIt(DAVIDSON) = 2
Energy at sites (12, 13) is -34.1548502223343
   Stats: nIt(DAVIDSON) = 1
Energy at sites (13, 14) is -34.1548502223346
   Stats: nIt(DAVIDSON) = 1
Energy at sites (14, 15) is -34.1548502223347
   Stats: nIt(DAVIDSON) = 1
Energy at sites (15, 16) is -34.1548502223348
******************************************************************
***  Information on right sweep 0 of instruction 0:
***     Elapsed wall time        = 377.151204 seconds
***       |--> S.join            = 0.018041 seconds
***       |--> S.solve           = 363.9684 seconds
***       |--> S.split           = 0.86688 seconds
***       |--> Tensor update     = 12.297481 seconds
***              |--> create     = 0.085358 seconds
***              |--> destroy    = 0.022897 seconds
***              |--> disk write = 0.430133 seconds
***              |--> disk read  = 0.192347 seconds
***              |--> calc       = 11.566684 seconds
***     Disk write bandwidth     = 3130.05532681897 MB/s
***     Disk read  bandwidth     = 5210.27744787852 MB/s
***     Minimum energy           = -34.1548502229246
***     Maximum discarded weight = 2.98609308938772e-08
***     Energy difference with respect to previous leftright sweep = 34.1548502223348
******************************************************************
The overlap between the current state and state 0 is : -0.00259395054793059
   Stats: nIt(DAVIDSON) = 1
Energy at sites (16, 17) is -34.1548502223349
   Stats: nIt(DAVIDSON) = 1
Energy at sites (15, 16) is -34.1548502223349
   Stats: nIt(DAVIDSON) = 1
Energy at sites (14, 15) is -34.1548502223345
   Stats: nIt(DAVIDSON) = 1
Energy at sites (13, 14) is -34.1548502223346
   Stats: nIt(DAVIDSON) = 1
Energy at sites (12, 13) is -34.1548502223341
   Stats: nIt(DAVIDSON) = 3
Energy at sites (11, 12) is -34.1548502229256
   Stats: nIt(DAVIDSON) = 14
Energy at sites (10, 11) is -34.164962379166
   Stats: nIt(DAVIDSON) = 25
Energy at sites (9, 10) is -34.4433079725802
   Stats: nIt(DAVIDSON) = 36
Energy at sites (8, 9) is -35.3842555654628
   Stats: nIt(DAVIDSON) = 31
Energy at sites (7, 8) is -35.9253356992398
   Stats: nIt(DAVIDSON) = 17
Energy at sites (6, 7) is -35.9430326986318
   Stats: nIt(DAVIDSON) = 8
Energy at sites (5, 6) is -35.943014025858
   Stats: nIt(DAVIDSON) = 1
Energy at sites (4, 5) is -35.9430140258571
   Stats: nIt(DAVIDSON) = 1
Energy at sites (3, 4) is -35.9430140258573
   Stats: nIt(DAVIDSON) = 1
Energy at sites (2, 3) is -35.9430140258573
   Stats: nIt(DAVIDSON) = 1
Energy at sites (1, 2) is -35.9430140258576
******************************************************************
***  Information on left sweep 1 of instruction 0:
***     Elapsed wall time        = 910.930303 seconds
***       |--> S.join            = 0.032552 seconds
***       |--> S.solve           = 895.868005 seconds
***       |--> S.split           = 1.486861 seconds
***       |--> Tensor update     = 13.542508 seconds
***              |--> create     = 0.075909 seconds
***              |--> destroy    = 0.02453 seconds
***              |--> disk write = 0.457592 seconds
***              |--> disk read  = 0.2537 seconds
***              |--> calc       = 12.730709 seconds
***     Disk write bandwidth     = 3021.44175995171 MB/s
***     Disk read  bandwidth     = 5306.81942408602 MB/s
***     Minimum energy           = -35.9430326986318
***     Maximum discarded weight = 0.00012333219144824
******************************************************************
   Stats: nIt(DAVIDSON) = 1
Energy at sites (0, 1) is -35.9430140258572
   Stats: nIt(DAVIDSON) = 1
Energy at sites (1, 2) is -35.9430140258573
   Stats: nIt(DAVIDSON) = 1
Energy at sites (2, 3) is -35.9430140258573
   Stats: nIt(DAVIDSON) = 1
Energy at sites (3, 4) is -35.9430140258573
   Stats: nIt(DAVIDSON) = 1
Energy at sites (4, 5) is -35.9430140258573
   Stats: nIt(DAVIDSON) = 1
Energy at sites (5, 6) is -35.9430140258577
   Stats: nIt(DAVIDSON) = 10
Energy at sites (6, 7) is -35.9430344654646
   Stats: nIt(DAVIDSON) = 24
Energy at sites (7, 8) is -35.9469227681776
   Stats: nIt(DAVIDSON) = 43
Energy at sites (8, 9) is -36.1349237574256
   Stats: nIt(DAVIDSON) = 31
Energy at sites (9, 10) is -36.1127131062701
   Stats: nIt(DAVIDSON) = 15
Energy at sites (10, 11) is -36.1111655391394
   Stats: nIt(DAVIDSON) = 7
Energy at sites (11, 12) is -36.1111566421675
   Stats: nIt(DAVIDSON) = 1
Energy at sites (12, 13) is -36.1111566421678
   Stats: nIt(DAVIDSON) = 1
Energy at sites (13, 14) is -36.1111566421675
   Stats: nIt(DAVIDSON) = 1
Energy at sites (14, 15) is -36.111156642168
   Stats: nIt(DAVIDSON) = 1
Energy at sites (15, 16) is -36.1111566421675
******************************************************************
***  Information on right sweep 1 of instruction 0:
***     Elapsed wall time        = 957.218453 seconds
***       |--> S.join            = 0.032405 seconds
***       |--> S.solve           = 942.883033 seconds
***       |--> S.split           = 1.304061 seconds
***       |--> Tensor update     = 12.998598 seconds
***              |--> create     = 0.0727 seconds
***              |--> destroy    = 0.02107 seconds
***              |--> disk write = 0.459601 seconds
***              |--> disk read  = 0.260012 seconds
***              |--> calc       = 12.185153 seconds
***     Disk write bandwidth     = 3009.41755378833 MB/s
***     Disk read  bandwidth     = 5317.39911165571 MB/s
***     Minimum energy           = -36.1349237574256
***     Maximum discarded weight = 0.00158607065365753
***     Energy difference with respect to previous leftright sweep = 1.95630641983269
******************************************************************
The overlap between the current state and state 0 is : -0.00041694449096449
   Stats: nIt(DAVIDSON) = 1
Energy at sites (16, 17) is -36.111156642168
   Stats: nIt(DAVIDSON) = 1
Energy at sites (15, 16) is -36.1111566421677
   Stats: nIt(DAVIDSON) = 1
Energy at sites (14, 15) is -36.1111566421679
   Stats: nIt(DAVIDSON) = 1
Energy at sites (13, 14) is -36.1111566421677
   Stats: nIt(DAVIDSON) = 1
Energy at sites (12, 13) is -36.1111566421674
   Stats: nIt(DAVIDSON) = 1
Energy at sites (11, 12) is -36.1111566421669
   Stats: nIt(DAVIDSON) = 9
Energy at sites (10, 11) is -36.1111656463231
   Stats: nIt(DAVIDSON) = 23
Energy at sites (9, 10) is -36.1134025266784
   Stats: nIt(DAVIDSON) = 42
Energy at sites (8, 9) is -36.1710848984579
   Stats: nIt(DAVIDSON) = 32
Energy at sites (7, 8) is -36.1157191992883
   Stats: nIt(DAVIDSON) = 14
Energy at sites (6, 7) is -36.1136749399051
   Stats: nIt(DAVIDSON) = 7
Energy at sites (5, 6) is -36.1136689061895
   Stats: nIt(DAVIDSON) = 3
Energy at sites (4, 5) is -36.1136689062791
   Stats: nIt(DAVIDSON) = 1
Energy at sites (3, 4) is -36.1136689062793
   Stats: nIt(DAVIDSON) = 1
Energy at sites (2, 3) is -36.1136689062794
   Stats: nIt(DAVIDSON) = 1
Energy at sites (1, 2) is -36.1136689062792
******************************************************************
***  Information on left sweep 2 of instruction 0:
***     Elapsed wall time        = 1016.478481 seconds
***       |--> S.join            = 0.034757 seconds
***       |--> S.solve           = 1000.620711 seconds
***       |--> S.split           = 1.36354 seconds
***       |--> Tensor update     = 14.459098 seconds
***              |--> create     = 0.071759 seconds
***              |--> destroy    = 0.023591 seconds
***              |--> disk write = 0.4623 seconds
***              |--> disk read  = 0.260606 seconds
***              |--> calc       = 13.640782 seconds
***     Disk write bandwidth     = 3005.38680472468 MB/s
***     Disk read  bandwidth     = 5307.36559073341 MB/s
***     Minimum energy           = -36.1710848984579
***     Maximum discarded weight = 0.00209837343854865
******************************************************************
   Stats: nIt(DAVIDSON) = 1
Energy at sites (0, 1) is -36.1136689062794
   Stats: nIt(DAVIDSON) = 1
Energy at sites (1, 2) is -36.1136689062792
   Stats: nIt(DAVIDSON) = 1
Energy at sites (2, 3) is -36.1136689062794
   Stats: nIt(DAVIDSON) = 1
Energy at sites (3, 4) is -36.1136689062795
   Stats: nIt(DAVIDSON) = 1
Energy at sites (4, 5) is -36.1136689062792
   Stats: nIt(DAVIDSON) = 1
Energy at sites (5, 6) is -36.1136689062791
   Stats: nIt(DAVIDSON) = 9
Energy at sites (6, 7) is -36.113675297437
   Stats: nIt(DAVIDSON) = 23
Energy at sites (7, 8) is -36.1157854367646
   Stats: nIt(DAVIDSON) = 42
Energy at sites (8, 9) is -36.1733581718569
   Stats: nIt(DAVIDSON) = 32
Energy at sites (9, 10) is -36.1151261273512
   Stats: nIt(DAVIDSON) = 14
Energy at sites (10, 11) is -36.1131046402402
   Stats: nIt(DAVIDSON) = 7
Energy at sites (11, 12) is -36.1130996122175
   Stats: nIt(DAVIDSON) = 3
Energy at sites (12, 13) is -36.1130996125221
   Stats: nIt(DAVIDSON) = 1
Energy at sites (13, 14) is -36.1130996125221
   Stats: nIt(DAVIDSON) = 1
Energy at sites (14, 15) is -36.1130996125225
   Stats: nIt(DAVIDSON) = 1
Energy at sites (15, 16) is -36.1130996125221
******************************************************************
***  Information on right sweep 2 of instruction 0:
***     Elapsed wall time        = 1045.162229 seconds
***       |--> S.join            = 0.035929 seconds
***       |--> S.solve           = 1030.606647 seconds
***       |--> S.split           = 1.419031 seconds
***       |--> Tensor update     = 13.100251 seconds
***              |--> create     = 0.07177 seconds
***              |--> destroy    = 0.023499 seconds
***              |--> disk write = 0.463858 seconds
***              |--> disk read  = 0.263237 seconds
***              |--> calc       = 12.277819 seconds
***     Disk write bandwidth     = 2991.18893193257 MB/s
***     Disk read  bandwidth     = 5278.09661948821 MB/s
***     Minimum energy           = -36.1733581718569
***     Maximum discarded weight = 0.00215906247633507
***     Energy difference with respect to previous leftright sweep = 0.00194297035466207
******************************************************************
The overlap between the current state and state 0 is : -0.000364123409309988
   Stats: nIt(DAVIDSON) = 1
Energy at sites (16, 17) is -36.1130996125221
   Stats: nIt(DAVIDSON) = 1
Energy at sites (15, 16) is -36.1130996125223
   Stats: nIt(DAVIDSON) = 1
Energy at sites (14, 15) is -36.1130996125221
   Stats: nIt(DAVIDSON) = 1
Energy at sites (13, 14) is -36.1130996125225
   Stats: nIt(DAVIDSON) = 1
Energy at sites (12, 13) is -36.1130996125226
   Stats: nIt(DAVIDSON) = 1
Energy at sites (11, 12) is -36.1130996125216
   Stats: nIt(DAVIDSON) = 9
Energy at sites (10, 11) is -36.1131047320908
   Stats: nIt(DAVIDSON) = 23
Energy at sites (9, 10) is -36.1151299632223
   Stats: nIt(DAVIDSON) = 42
Energy at sites (8, 9) is -36.1733119553592
   Stats: nIt(DAVIDSON) = 32
Energy at sites (7, 8) is -36.1151332193949
   Stats: nIt(DAVIDSON) = 14
Energy at sites (6, 7) is -36.1131245590282
   Stats: nIt(DAVIDSON) = 7
Energy at sites (5, 6) is -36.1131194606139
   Stats: nIt(DAVIDSON) = 3
Energy at sites (4, 5) is -36.1131194608757
   Stats: nIt(DAVIDSON) = 1
Energy at sites (3, 4) is -36.1131194608758
   Stats: nIt(DAVIDSON) = 1
Energy at sites (2, 3) is -36.1131194608758
   Stats: nIt(DAVIDSON) = 1
Energy at sites (1, 2) is -36.1131194608761
******************************************************************
***  Information on left sweep 3 of instruction 0:
***     Elapsed wall time        = 1056.23266 seconds
***       |--> S.join            = 0.036136 seconds
***       |--> S.solve           = 1040.506321 seconds
***       |--> S.split           = 1.444994 seconds
***       |--> Tensor update     = 14.244828 seconds
***              |--> create     = 0.071733 seconds
***              |--> destroy    = 0.021995 seconds
***              |--> disk write = 0.465012 seconds
***              |--> disk read  = 0.26171 seconds
***              |--> calc       = 13.424307 seconds
***     Disk write bandwidth     = 2980.63319822488 MB/s
***     Disk read  bandwidth     = 5301.61979132773 MB/s
***     Minimum energy           = -36.1733119553592
***     Maximum discarded weight = 0.00216033984676392
******************************************************************
   Stats: nIt(DAVIDSON) = 1
Energy at sites (0, 1) is -36.1131194608761
   Stats: nIt(DAVIDSON) = 1
Energy at sites (1, 2) is -36.113119460876
   Stats: nIt(DAVIDSON) = 1
Energy at sites (2, 3) is -36.1131194608757
   Stats: nIt(DAVIDSON) = 1
Energy at sites (3, 4) is -36.113119460876
   Stats: nIt(DAVIDSON) = 1
Energy at sites (4, 5) is -36.1131194608758
   Stats: nIt(DAVIDSON) = 1
Energy at sites (5, 6) is -36.1131194608756
   Stats: nIt(DAVIDSON) = 9
Energy at sites (6, 7) is -36.1131246116726
   Stats: nIt(DAVIDSON) = 23
Energy at sites (7, 8) is -36.1151324560462
   Stats: nIt(DAVIDSON) = 41
Energy at sites (8, 9) is -36.1732396693867
   Stats: nIt(DAVIDSON) = 32
Energy at sites (9, 10) is -36.1149303835733
   Stats: nIt(DAVIDSON) = 14
Energy at sites (10, 11) is -36.112952932767
   Stats: nIt(DAVIDSON) = 7
Energy at sites (11, 12) is -36.1129481346766
   Stats: nIt(DAVIDSON) = 3
Energy at sites (12, 13) is -36.1129481348623
   Stats: nIt(DAVIDSON) = 1
Energy at sites (13, 14) is -36.1129481348627
   Stats: nIt(DAVIDSON) = 1
Energy at sites (14, 15) is -36.1129481348627
   Stats: nIt(DAVIDSON) = 1
Energy at sites (15, 16) is -36.1129481348625
******************************************************************
***  Information on right sweep 3 of instruction 0:
***     Elapsed wall time        = 1040.223458 seconds
***       |--> S.join            = 0.036211 seconds
***       |--> S.solve           = 1025.604463 seconds
***       |--> S.split           = 1.417234 seconds
***       |--> Tensor update     = 13.165179 seconds
***              |--> create     = 0.071585 seconds
***              |--> destroy    = 0.022724 seconds
***              |--> disk write = 0.462584 seconds
***              |--> disk read  = 0.261495 seconds
***              |--> calc       = 12.346718 seconds
***     Disk write bandwidth     = 2996.89111798162 MB/s
***     Disk read  bandwidth     = 5300.40805664716 MB/s
***     Minimum energy           = -36.1732396693867
***     Maximum discarded weight = 0.00216707338630759
***     Energy difference with respect to previous leftright sweep = 0.000151477659642296
******************************************************************
The overlap between the current state and state 0 is : 0.000361413826589064
   Stats: nIt(DAVIDSON) = 1
Energy at sites (16, 17) is -36.1129481348624
   Stats: nIt(DAVIDSON) = 1
Energy at sites (15, 16) is -36.1129481348623
   Stats: nIt(DAVIDSON) = 1
Energy at sites (14, 15) is -36.1129481348625
   Stats: nIt(DAVIDSON) = 1
Energy at sites (13, 14) is -36.1129481348628
   Stats: nIt(DAVIDSON) = 1
Energy at sites (12, 13) is -36.1129481348623
   Stats: nIt(DAVIDSON) = 1
Energy at sites (11, 12) is -36.1129481348627
   Stats: nIt(DAVIDSON) = 9
Energy at sites (10, 11) is -36.1129529606476
   Stats: nIt(DAVIDSON) = 23
Energy at sites (9, 10) is -36.1149314034544
   Stats: nIt(DAVIDSON) = 41
Energy at sites (8, 9) is -36.1732204792618
   Stats: nIt(DAVIDSON) = 32
Energy at sites (7, 8) is -36.1149617405882
   Stats: nIt(DAVIDSON) = 14
Energy at sites (6, 7) is -36.112985484311
   Stats: nIt(DAVIDSON) = 7
Energy at sites (5, 6) is -36.112980557867
   Stats: nIt(DAVIDSON) = 3
Energy at sites (4, 5) is -36.1129805580115
   Stats: nIt(DAVIDSON) = 1
Energy at sites (3, 4) is -36.1129805580117
   Stats: nIt(DAVIDSON) = 1
Energy at sites (2, 3) is -36.1129805580117
   Stats: nIt(DAVIDSON) = 1
Energy at sites (1, 2) is -36.112980558012
******************************************************************
***  Information on left sweep 4 of instruction 0:
***     Elapsed wall time        = 1039.543149 seconds
***       |--> S.join            = 0.036138 seconds
***       |--> S.solve           = 1023.645024 seconds
***       |--> S.split           = 1.439118 seconds
***       |--> Tensor update     = 14.422492 seconds
***              |--> create     = 0.0711 seconds
***              |--> destroy    = 0.022124 seconds
***              |--> disk write = 0.461201 seconds
***              |--> disk read  = 0.259606 seconds
***              |--> calc       = 13.608396 seconds
***     Disk write bandwidth     = 3003.32777163633 MB/s
***     Disk read  bandwidth     = 5340.06872306653 MB/s
***     Minimum energy           = -36.1732204792618
***     Maximum discarded weight = 0.00216649559130139
******************************************************************
   Stats: nIt(DAVIDSON) = 1
Energy at sites (0, 1) is -36.1129805580117
   Stats: nIt(DAVIDSON) = 1
Energy at sites (1, 2) is -36.1129805580118
   Stats: nIt(DAVIDSON) = 1
Energy at sites (2, 3) is -36.1129805580116
   Stats: nIt(DAVIDSON) = 1
Energy at sites (3, 4) is -36.1129805580119
   Stats: nIt(DAVIDSON) = 1
Energy at sites (4, 5) is -36.1129805580117
   Stats: nIt(DAVIDSON) = 1
Energy at sites (5, 6) is -36.1129805580117
   Stats: nIt(DAVIDSON) = 9
Energy at sites (6, 7) is -36.1129855061428
   Stats: nIt(DAVIDSON) = 23
Energy at sites (7, 8) is -36.1149629753525
   Stats: nIt(DAVIDSON) = 41
Energy at sites (8, 9) is -36.1732015143282
   Stats: nIt(DAVIDSON) = 32
Energy at sites (9, 10) is -36.1151040341425
   Stats: nIt(DAVIDSON) = 14
Energy at sites (10, 11) is -36.1131194032405
   Stats: nIt(DAVIDSON) = 7
Energy at sites (11, 12) is -36.1131145372646
   Stats: nIt(DAVIDSON) = 2
Energy at sites (12, 13) is -36.1131145372759
   Stats: nIt(DAVIDSON) = 1
Energy at sites (13, 14) is -36.1131145372759
   Stats: nIt(DAVIDSON) = 1
Energy at sites (14, 15) is -36.113114537276
   Stats: nIt(DAVIDSON) = 1
Energy at sites (15, 16) is -36.1131145372762
******************************************************************
***  Information on right sweep 4 of instruction 0:
***     Elapsed wall time        = 1038.949969 seconds
***       |--> S.join            = 0.03613 seconds
***       |--> S.solve           = 1024.087541 seconds
***       |--> S.split           = 1.43333 seconds
***       |--> Tensor update     = 13.392598 seconds
***              |--> create     = 0.071125 seconds
***              |--> destroy    = 0.022388 seconds
***              |--> disk write = 0.463529 seconds
***              |--> disk read  = 0.262616 seconds
***              |--> calc       = 12.572878 seconds
***     Disk write bandwidth     = 2987.53766972669 MB/s
***     Disk read  bandwidth     = 5274.38454475906 MB/s
***     Minimum energy           = -36.1732015143282
***     Maximum discarded weight = 0.00216027627402898
***     Energy difference with respect to previous leftright sweep = 0.000166402413697142
******************************************************************
The overlap between the current state and state 0 is : 0.000367200491175031
   Stats: nIt(DAVIDSON) = 1
Energy at sites (16, 17) is -36.1131145372758
   Stats: nIt(DAVIDSON) = 1
Energy at sites (15, 16) is -36.1131145372763
   Stats: nIt(DAVIDSON) = 1
Energy at sites (14, 15) is -36.1131145372761
   Stats: nIt(DAVIDSON) = 1
Energy at sites (13, 14) is -36.1131145372757
   Stats: nIt(DAVIDSON) = 1
Energy at sites (12, 13) is -36.113114537276
   Stats: nIt(DAVIDSON) = 1
Energy at sites (11, 12) is -36.1131145372764
   Stats: nIt(DAVIDSON) = 9
Energy at sites (10, 11) is -36.1131194049254
   Stats: nIt(DAVIDSON) = 23
Energy at sites (9, 10) is -36.1151043346748
   Stats: nIt(DAVIDSON) = 41
Energy at sites (8, 9) is -36.1732080915808
   Stats: nIt(DAVIDSON) = 32
Energy at sites (7, 8) is -36.1151168954579
   Stats: nIt(DAVIDSON) = 14
Energy at sites (6, 7) is -36.1131333666504
   Stats: nIt(DAVIDSON) = 7
Energy at sites (5, 6) is -36.1131284909235
   Stats: nIt(DAVIDSON) = 2
Energy at sites (4, 5) is -36.1131284909333
   Stats: nIt(DAVIDSON) = 1
Energy at sites (3, 4) is -36.1131284909331
   Stats: nIt(DAVIDSON) = 1
Energy at sites (2, 3) is -36.1131284909331
   Stats: nIt(DAVIDSON) = 1
Energy at sites (1, 2) is -36.1131284909329
******************************************************************
***  Information on left sweep 5 of instruction 0:
***     Elapsed wall time        = 1039.484475 seconds
***       |--> S.join            = 0.036011 seconds
***       |--> S.solve           = 1023.917406 seconds
***       |--> S.split           = 1.427126 seconds
***       |--> Tensor update     = 14.10355 seconds
***              |--> create     = 0.071326 seconds
***              |--> destroy    = 0.022903 seconds
***              |--> disk write = 0.46892 seconds
***              |--> disk read  = 0.263875 seconds
***              |--> calc       = 13.276458 seconds
***     Disk write bandwidth     = 2953.78776028998 MB/s
***     Disk read  bandwidth     = 5247.97858270295 MB/s
***     Minimum energy           = -36.1732080915808
***     Maximum discarded weight = 0.00216039288743643
******************************************************************
   Stats: nIt(DAVIDSON) = 1
Energy at sites (0, 1) is -36.113128490933
   Stats: nIt(DAVIDSON) = 1
Energy at sites (1, 2) is -36.113128490933
   Stats: nIt(DAVIDSON) = 1
Energy at sites (2, 3) is -36.1131284909331
   Stats: nIt(DAVIDSON) = 1
Energy at sites (3, 4) is -36.1131284909329
   Stats: nIt(DAVIDSON) = 1
Energy at sites (4, 5) is -36.1131284909335
   Stats: nIt(DAVIDSON) = 1
Energy at sites (5, 6) is -36.1131284909332
   Stats: nIt(DAVIDSON) = 9
Energy at sites (6, 7) is -36.1131333688348
   Stats: nIt(DAVIDSON) = 23
Energy at sites (7, 8) is -36.1151171989933
   Stats: nIt(DAVIDSON) = 41
Energy at sites (8, 9) is -36.17321658908
   Stats: nIt(DAVIDSON) = 32
Energy at sites (9, 10) is -36.115130391656
   Stats: nIt(DAVIDSON) = 14
Energy at sites (10, 11) is -36.1131433064526
   Stats: nIt(DAVIDSON) = 7
Energy at sites (11, 12) is -36.1131384239636
   Stats: nIt(DAVIDSON) = 1
Energy at sites (12, 13) is -36.1131384239629
   Stats: nIt(DAVIDSON) = 1
Energy at sites (13, 14) is -36.1131384239635
   Stats: nIt(DAVIDSON) = 1
Energy at sites (14, 15) is -36.113138423963
   Stats: nIt(DAVIDSON) = 1
Energy at sites (15, 16) is -36.1131384239631
******************************************************************
***  Information on right sweep 5 of instruction 0:
***     Elapsed wall time        = 1038.62066 seconds
***       |--> S.join            = 0.036147 seconds
***       |--> S.solve           = 1023.93174 seconds
***       |--> S.split           = 1.454322 seconds
***       |--> Tensor update     = 13.198075 seconds
***              |--> create     = 0.0711060000000001 seconds
***              |--> destroy    = 0.023039 seconds
***              |--> disk write = 0.46245 seconds
***              |--> disk read  = 0.265715 seconds
***              |--> calc       = 12.375695 seconds
***     Disk write bandwidth     = 2995.11332372186 MB/s
***     Disk read  bandwidth     = 5212.69087765153 MB/s
***     Minimum energy           = -36.17321658908
***     Maximum discarded weight = 0.00216057783293321
***     Energy difference with respect to previous leftright sweep = 2.38866868471632e-05
******************************************************************
The overlap between the current state and state 0 is : -0.000367117363447337
***  Information on completed instruction 0:
***     The reduced virtual dimension DSU(2)               = 1000
***     Minimum energy encountered during all instructions = -36.1733581718569
***     Minimum energy encountered during the last sweep   = -36.17321658908
***     Maximum discarded weight during the last sweep     = 0.00216057783293321
******************************************************************
   Stats: nIt(DAVIDSON) = 12
Energy at sites (16, 17) is 32.1021495377203
   Stats: nIt(DAVIDSON) = 15
Energy at sites (15, 16) is 25.8217016967143
   Stats: nIt(DAVIDSON) = 13
Energy at sites (14, 15) is 17.9791276883645
   Stats: nIt(DAVIDSON) = 16
Energy at sites (13, 14) is 12.2657459790657
   Stats: nIt(DAVIDSON) = 30
Energy at sites (12, 13) is 1.91986689482263
   Stats: nIt(DAVIDSON) = 37
Energy at sites (11, 12) is -7.60149375119607
   Stats: nIt(DAVIDSON) = 42
Energy at sites (10, 11) is -22.8907968178333
   Stats: nIt(DAVIDSON) = 19
Energy at sites (9, 10) is -30.444867842649
   Stats: nIt(DAVIDSON) = 14
Energy at sites (8, 9) is -31.2241793284149
   Stats: nIt(DAVIDSON) = 11
Energy at sites (7, 8) is -31.8910711098416
   Stats: nIt(DAVIDSON) = 11
Energy at sites (6, 7) is -31.9811591433121
   Stats: nIt(DAVIDSON) = 11
Energy at sites (5, 6) is -32.0083258246118
   Stats: nIt(DAVIDSON) = 7
Energy at sites (4, 5) is -32.007735354993
   Stats: nIt(DAVIDSON) = 1
Energy at sites (3, 4) is -32.0077353549926
   Stats: nIt(DAVIDSON) = 1
Energy at sites (2, 3) is -32.0077353549926
   Stats: nIt(DAVIDSON) = 1
Energy at sites (1, 2) is -32.0077353549922
******************************************************************
***  Information on left sweep 0 of instruction 0:
***     Elapsed wall time        = 560.527162 seconds
***       |--> S.join            = 0.025616 seconds
***       |--> S.solve           = 551.386749 seconds
***       |--> S.split           = 1.186988 seconds
***       |--> Tensor update     = 7.927396 seconds
***              |--> create     = 0.093142 seconds
***              |--> destroy    = 0.017006 seconds
***              |--> disk write = 0.34525 seconds
***              |--> disk read  = 0.193673 seconds
***              |--> calc       = 7.278252 seconds
***     Disk write bandwidth     = 2906.0742974195 MB/s
***     Disk read  bandwidth     = 5180.49573861138 MB/s
***     Minimum energy           = -32.0083258246118
***     Maximum discarded weight = 0
******************************************************************
   Stats: nIt(DAVIDSON) = 1
Energy at sites (0, 1) is -32.0077353549923
   Stats: nIt(DAVIDSON) = 1
Energy at sites (1, 2) is -32.0077353549923
   Stats: nIt(DAVIDSON) = 1
Energy at sites (2, 3) is -32.0077353549926
   Stats: nIt(DAVIDSON) = 1
Energy at sites (3, 4) is -32.0077353549925
   Stats: nIt(DAVIDSON) = 1
Energy at sites (4, 5) is -32.007735354993
   Stats: nIt(DAVIDSON) = 8
Energy at sites (5, 6) is -32.0083258246098
   Stats: nIt(DAVIDSON) = 11
Energy at sites (6, 7) is -32.0164077973329
   Stats: nIt(DAVIDSON) = 15
Energy at sites (7, 8) is -32.0993614262694
   Stats: nIt(DAVIDSON) = 25
Energy at sites (8, 9) is -32.5103625001784
   Stats: nIt(DAVIDSON) = 20
Energy at sites (9, 10) is -32.8300929824698
   Stats: nIt(DAVIDSON) = 17
Energy at sites (10, 11) is -33.0645937254985
   Stats: nIt(DAVIDSON) = 14
Energy at sites (11, 12) is -33.1005958006716
   Stats: nIt(DAVIDSON) = 2
Energy at sites (12, 13) is -33.1005958002871
   Stats: nIt(DAVIDSON) = 1
Energy at sites (13, 14) is -33.1005958002875
   Stats: nIt(DAVIDSON) = 1
Energy at sites (14, 15) is -33.1005958002874
   Stats: nIt(DAVIDSON) = 1
Energy at sites (15, 16) is -33.1005958002872
******************************************************************
***  Information on right sweep 0 of instruction 0:
***     Elapsed wall time        = 380.838701 seconds
***       |--> S.join            = 0.01811 seconds
***       |--> S.solve           = 367.575844 seconds
***       |--> S.split           = 0.855629 seconds
***       |--> Tensor update     = 12.388736 seconds
***              |--> create     = 0.085595 seconds
***              |--> destroy    = 0.0232 seconds
***              |--> disk write = 0.432845 seconds
***              |--> disk read  = 0.193634 seconds
***              |--> calc       = 11.653392 seconds
***     Disk write bandwidth     = 3101.41188165631 MB/s
***     Disk read  bandwidth     = 5181.53914696841 MB/s
***     Minimum energy           = -33.1005958006716
***     Maximum discarded weight = 1.21081743905406e-08
***     Energy difference with respect to previous leftright sweep = 33.1005958002872
******************************************************************
The overlap between the current state and state 0 is : -0.00252297145914302
The overlap between the current state and state 1 is : -0.00160034402210417
   Stats: nIt(DAVIDSON) = 1
Energy at sites (16, 17) is -33.1005958002873
   Stats: nIt(DAVIDSON) = 1
Energy at sites (15, 16) is -33.1005958002872
   Stats: nIt(DAVIDSON) = 1
Energy at sites (14, 15) is -33.1005958002874
   Stats: nIt(DAVIDSON) = 1
Energy at sites (13, 14) is -33.1005958002875
   Stats: nIt(DAVIDSON) = 1
Energy at sites (12, 13) is -33.1005958002872
   Stats: nIt(DAVIDSON) = 3
Energy at sites (11, 12) is -33.1005958006714
   Stats: nIt(DAVIDSON) = 14
Energy at sites (10, 11) is -33.1145065314328
   Stats: nIt(DAVIDSON) = 24
Energy at sites (9, 10) is -33.2592073667565
   Stats: nIt(DAVIDSON) = 60
Energy at sites (8, 9) is -34.2415108084667
   Stats: nIt(DAVIDSON) = 41
Energy at sites (7, 8) is -34.8923252685313
   Stats: nIt(DAVIDSON) = 20
Energy at sites (6, 7) is -34.9175561377864
   Stats: nIt(DAVIDSON) = 8
Energy at sites (5, 6) is -34.9175387759817
   Stats: nIt(DAVIDSON) = 1
Energy at sites (4, 5) is -34.9175387759814
   Stats: nIt(DAVIDSON) = 1
Energy at sites (3, 4) is -34.917538775981
   Stats: nIt(DAVIDSON) = 1
Energy at sites (2, 3) is -34.9175387759818
   Stats: nIt(DAVIDSON) = 1
Energy at sites (1, 2) is -34.9175387759815
******************************************************************
***  Information on left sweep 1 of instruction 0:
***     Elapsed wall time        = 1155.472372 seconds
***       |--> S.join            = 0.031937 seconds
***       |--> S.solve           = 1140.126884 seconds
***       |--> S.split           = 1.453535 seconds
***       |--> Tensor update     = 13.85964 seconds
***              |--> create     = 0.075966 seconds
***              |--> destroy    = 0.02693 seconds
***              |--> disk write = 0.464564 seconds
***              |--> disk read  = 0.258281 seconds
***              |--> calc       = 13.033827 seconds
***     Disk write bandwidth     = 2980.15941231279 MB/s
***     Disk read  bandwidth     = 5197.55857347435 MB/s
***     Minimum energy           = -34.9175561377864
***     Maximum discarded weight = 9.83917031868879e-05
******************************************************************
   Stats: nIt(DAVIDSON) = 1
Energy at sites (0, 1) is -34.9175387759815
   Stats: nIt(DAVIDSON) = 1
Energy at sites (1, 2) is -34.9175387759813
   Stats: nIt(DAVIDSON) = 1
Energy at sites (2, 3) is -34.9175387759818
   Stats: nIt(DAVIDSON) = 1
Energy at sites (3, 4) is -34.917538775981
   Stats: nIt(DAVIDSON) = 1
Energy at sites (4, 5) is -34.9175387759813
   Stats: nIt(DAVIDSON) = 1
Energy at sites (5, 6) is -34.9175387759817
   Stats: nIt(DAVIDSON) = 10
Energy at sites (6, 7) is -34.9175598627893
   Stats: nIt(DAVIDSON) = 31
Energy at sites (7, 8) is -34.925639503857
   Stats: nIt(DAVIDSON) = 55
Energy at sites (8, 9) is -35.1550780296262
   Stats: nIt(DAVIDSON) = 42
Energy at sites (9, 10) is -35.2136054566665
   Stats: nIt(DAVIDSON) = 17
Energy at sites (10, 11) is -35.2120330732072
   Stats: nIt(DAVIDSON) = 7
Energy at sites (11, 12) is -35.2120281023797
   Stats: nIt(DAVIDSON) = 1
Energy at sites (12, 13) is -35.2120281023795
   Stats: nIt(DAVIDSON) = 1
Energy at sites (13, 14) is -35.2120281023795
   Stats: nIt(DAVIDSON) = 1
Energy at sites (14, 15) is -35.21202810238
   Stats: nIt(DAVIDSON) = 1
Energy at sites (15, 16) is -35.2120281023795
******************************************************************
***  Information on right sweep 1 of instruction 0:
***     Elapsed wall time        = 1194.509152 seconds
***       |--> S.join            = 0.032391 seconds
***       |--> S.solve           = 1180.072148 seconds
***       |--> S.split           = 1.248445 seconds
***       |--> Tensor update     = 13.155783 seconds
***              |--> create     = 0.072852 seconds
***              |--> destroy    = 0.022919 seconds
***              |--> disk write = 0.463921 seconds
***              |--> disk read  = 0.265647 seconds
***              |--> calc       = 12.330384 seconds
***     Disk write bandwidth     = 2996.32835462599 MB/s
***     Disk read  bandwidth     = 5211.70868566812 MB/s
***     Minimum energy           = -35.2136054566665
***     Maximum discarded weight = 0.00109723606863394
***     Energy difference with respect to previous leftright sweep = 2.11143230209228
******************************************************************
The overlap between the current state and state 0 is : -0.00033984733789608
The overlap between the current state and state 1 is : 0.00123367195246893
   Stats: nIt(DAVIDSON) = 1
Energy at sites (16, 17) is -35.2120281023799
   Stats: nIt(DAVIDSON) = 1
Energy at sites (15, 16) is -35.2120281023797
   Stats: nIt(DAVIDSON) = 1
Energy at sites (14, 15) is -35.2120281023797
   Stats: nIt(DAVIDSON) = 1
Energy at sites (13, 14) is -35.2120281023796
   Stats: nIt(DAVIDSON) = 1
Energy at sites (12, 13) is -35.2120281023793
   Stats: nIt(DAVIDSON) = 1
Energy at sites (11, 12) is -35.2120281023789
   Stats: nIt(DAVIDSON) = 9
Energy at sites (10, 11) is -35.2120334451656
   Stats: nIt(DAVIDSON) = 29
Energy at sites (9, 10) is -35.2155883840783
   Stats: nIt(DAVIDSON) = 49
Energy at sites (8, 9) is -35.2619479777147
   Stats: nIt(DAVIDSON) = 39
Energy at sites (7, 8) is -35.2274932411628
   Stats: nIt(DAVIDSON) = 17
Energy at sites (6, 7) is -35.223662793697
   Stats: nIt(DAVIDSON) = 7
Energy at sites (5, 6) is -35.223658762942
   Stats: nIt(DAVIDSON) = 3
Energy at sites (4, 5) is -35.2236587632981
   Stats: nIt(DAVIDSON) = 1
Energy at sites (3, 4) is -35.2236587632988
   Stats: nIt(DAVIDSON) = 1
Energy at sites (2, 3) is -35.2236587632987
   Stats: nIt(DAVIDSON) = 1
Energy at sites (1, 2) is -35.2236587632987
******************************************************************
***  Information on left sweep 2 of instruction 0:
***     Elapsed wall time        = 1234.623822 seconds
***       |--> S.join            = 0.03578 seconds
***       |--> S.solve           = 1218.60149 seconds
***       |--> S.split           = 1.4049 seconds
***       |--> Tensor update     = 14.581279 seconds
***              |--> create     = 0.071403 seconds
***              |--> destroy    = 0.024959 seconds
***              |--> disk write = 0.46471 seconds
***              |--> disk read  = 0.264393 seconds
***              |--> calc       = 13.755745 seconds
***     Disk write bandwidth     = 2998.04349955399 MB/s
***     Disk read  bandwidth     = 5257.55086786127 MB/s
***     Minimum energy           = -35.2619479777147
***     Maximum discarded weight = 0.00155128472257677
******************************************************************
   Stats: nIt(DAVIDSON) = 1
Energy at sites (0, 1) is -35.2236587632989
   Stats: nIt(DAVIDSON) = 1
Energy at sites (1, 2) is -35.2236587632987
   Stats: nIt(DAVIDSON) = 1
Energy at sites (2, 3) is -35.2236587632986
   Stats: nIt(DAVIDSON) = 1
Energy at sites (3, 4) is -35.2236587632992
   Stats: nIt(DAVIDSON) = 1
Energy at sites (4, 5) is -35.2236587632985
   Stats: nIt(DAVIDSON) = 1
Energy at sites (5, 6) is -35.2236587632995
   Stats: nIt(DAVIDSON) = 9
Energy at sites (6, 7) is -35.2236633630292
   Stats: nIt(DAVIDSON) = 26
Energy at sites (7, 8) is -35.2275957368908
   Stats: nIt(DAVIDSON) = 46
Energy at sites (8, 9) is -35.2663661729571
   Stats: nIt(DAVIDSON) = 39
Energy at sites (9, 10) is -35.2281740849793
   Stats: nIt(DAVIDSON) = 17
Energy at sites (10, 11) is -35.2244087505301
   Stats: nIt(DAVIDSON) = 7
Energy at sites (11, 12) is -35.2244051436563
   Stats: nIt(DAVIDSON) = 3
Energy at sites (12, 13) is -35.2244051452956
   Stats: nIt(DAVIDSON) = 1
Energy at sites (13, 14) is -35.2244051452955
   Stats: nIt(DAVIDSON) = 1
Energy at sites (14, 15) is -35.2244051452954
   Stats: nIt(DAVIDSON) = 1
Energy at sites (15, 16) is -35.2244051452955
******************************************************************
***  Information on right sweep 2 of instruction 0:
***     Elapsed wall time        = 1196.469585 seconds
***       |--> S.join            = 0.036611 seconds
***       |--> S.solve           = 1181.55777 seconds
***       |--> S.split           = 1.454221 seconds
***       |--> Tensor update     = 13.420608 seconds
***              |--> create     = 0.070764 seconds
***              |--> destroy    = 0.024421 seconds
***              |--> disk write = 0.467487 seconds
***              |--> disk read  = 0.264306 seconds
***              |--> calc       = 12.593555 seconds
***     Disk write bandwidth     = 2986.85531877821 MB/s
***     Disk read  bandwidth     = 5271.24164671908 MB/s
***     Minimum energy           = -35.2663661729571
***     Maximum discarded weight = 0.0015576364903178
***     Energy difference with respect to previous leftright sweep = 0.0123770429160004
******************************************************************
The overlap between the current state and state 0 is : 0.000410692985133351
The overlap between the current state and state 1 is : -0.00141624570309483
   Stats: nIt(DAVIDSON) = 1
Energy at sites (16, 17) is -35.2244051452953
   Stats: nIt(DAVIDSON) = 1
Energy at sites (15, 16) is -35.2244051452958
   Stats: nIt(DAVIDSON) = 1
Energy at sites (14, 15) is -35.2244051452953
   Stats: nIt(DAVIDSON) = 1
Energy at sites (13, 14) is -35.2244051452955
   Stats: nIt(DAVIDSON) = 1
Energy at sites (12, 13) is -35.2244051452959
   Stats: nIt(DAVIDSON) = 2
Energy at sites (11, 12) is -35.2244051452998
   Stats: nIt(DAVIDSON) = 9
Energy at sites (10, 11) is -35.2244091056785
   Stats: nIt(DAVIDSON) = 26
Energy at sites (9, 10) is -35.2281858824186
   Stats: nIt(DAVIDSON) = 45
Energy at sites (8, 9) is -35.2669975278057
   Stats: nIt(DAVIDSON) = 39
Energy at sites (7, 8) is -35.2286264693608
   Stats: nIt(DAVIDSON) = 17
Energy at sites (6, 7) is -35.2248084029909
   Stats: nIt(DAVIDSON) = 7
Energy at sites (5, 6) is -35.2248046628901
   Stats: nIt(DAVIDSON) = 4
Energy at sites (4, 5) is -35.2248046646228
   Stats: nIt(DAVIDSON) = 1
Energy at sites (3, 4) is -35.224804664623
   Stats: nIt(DAVIDSON) = 1
Energy at sites (2, 3) is -35.224804664623
   Stats: nIt(DAVIDSON) = 1
Energy at sites (1, 2) is -35.2248046646228
******************************************************************
***  Information on left sweep 3 of instruction 0:
***     Elapsed wall time        = 1188.778945 seconds
***       |--> S.join            = 0.036657 seconds
***       |--> S.solve           = 1172.775481 seconds
***       |--> S.split           = 1.433619 seconds
***       |--> Tensor update     = 14.532813 seconds
***              |--> create     = 0.07079 seconds
***              |--> destroy    = 0.024121 seconds
***              |--> disk write = 0.471682 seconds
***              |--> disk read  = 0.268528 seconds
***              |--> calc       = 13.697629 seconds
***     Disk write bandwidth     = 2962.45176742073 MB/s
***     Disk read  bandwidth     = 5199.88989010333 MB/s
***     Minimum energy           = -35.2669975278057
***     Maximum discarded weight = 0.00154902326065871
******************************************************************
   Stats: nIt(DAVIDSON) = 1
Energy at sites (0, 1) is -35.2248046646225
   Stats: nIt(DAVIDSON) = 1
Energy at sites (1, 2) is -35.2248046646228
   Stats: nIt(DAVIDSON) = 1
Energy at sites (2, 3) is -35.2248046646229
   Stats: nIt(DAVIDSON) = 1
Energy at sites (3, 4) is -35.2248046646227
   Stats: nIt(DAVIDSON) = 1
Energy at sites (4, 5) is -35.2248046646224
   Stats: nIt(DAVIDSON) = 2
Energy at sites (5, 6) is -35.2248046646258
   Stats: nIt(DAVIDSON) = 9
Energy at sites (6, 7) is -35.2248086717544
   Stats: nIt(DAVIDSON) = 26
Energy at sites (7, 8) is -35.228628696775
   Stats: nIt(DAVIDSON) = 46
Energy at sites (8, 9) is -35.2669920884421
   Stats: nIt(DAVIDSON) = 38
Energy at sites (9, 10) is -35.2286941439118
   Stats: nIt(DAVIDSON) = 17
Energy at sites (10, 11) is -35.2249321323004
   Stats: nIt(DAVIDSON) = 7
Energy at sites (11, 12) is -35.2249284446293
   Stats: nIt(DAVIDSON) = 3
Energy at sites (12, 13) is -35.2249284452928
   Stats: nIt(DAVIDSON) = 1
Energy at sites (13, 14) is -35.2249284452922
   Stats: nIt(DAVIDSON) = 1
Energy at sites (14, 15) is -35.2249284452928
   Stats: nIt(DAVIDSON) = 1
Energy at sites (15, 16) is -35.224928445293
******************************************************************
***  Information on right sweep 3 of instruction 0:
***     Elapsed wall time        = 1196.857059 seconds
***       |--> S.join            = 0.036815 seconds
***       |--> S.solve           = 1181.90836 seconds
***       |--> S.split           = 1.438408 seconds
***       |--> Tensor update     = 13.473099 seconds
***              |--> create     = 0.070811 seconds
***              |--> destroy    = 0.024483 seconds
***              |--> disk write = 0.467586 seconds
***              |--> disk read  = 0.269393 seconds
***              |--> calc       = 12.640752 seconds
***     Disk write bandwidth     = 2988.60233573155 MB/s
***     Disk read  bandwidth     = 5186.97655306763 MB/s
***     Minimum energy           = -35.2669920884421
***     Maximum discarded weight = 0.00154351543080621
***     Energy difference with respect to previous leftright sweep = 0.000523299997496451
******************************************************************
The overlap between the current state and state 0 is : 0.000405942458233004
The overlap between the current state and state 1 is : -0.00141553642517975
   Stats: nIt(DAVIDSON) = 1
Energy at sites (16, 17) is -35.2249284452927
   Stats: nIt(DAVIDSON) = 1
Energy at sites (15, 16) is -35.2249284452927
   Stats: nIt(DAVIDSON) = 1
Energy at sites (14, 15) is -35.2249284452926
   Stats: nIt(DAVIDSON) = 1
Energy at sites (13, 14) is -35.2249284452923
   Stats: nIt(DAVIDSON) = 1
Energy at sites (12, 13) is -35.2249284452924
   Stats: nIt(DAVIDSON) = 2
Energy at sites (11, 12) is -35.2249284452942
   Stats: nIt(DAVIDSON) = 9
Energy at sites (10, 11) is -35.224932210016
   Stats: nIt(DAVIDSON) = 26
Energy at sites (9, 10) is -35.2286961688727
   Stats: nIt(DAVIDSON) = 46
Energy at sites (8, 9) is -35.2670237204711
   Stats: nIt(DAVIDSON) = 38
Energy at sites (7, 8) is -35.2288257034282
   Stats: nIt(DAVIDSON) = 17
Energy at sites (6, 7) is -35.2250159908814
   Stats: nIt(DAVIDSON) = 6
Energy at sites (5, 6) is -35.225012283715
   Stats: nIt(DAVIDSON) = 3
Energy at sites (4, 5) is -35.2250122840596
   Stats: nIt(DAVIDSON) = 1
Energy at sites (3, 4) is -35.2250122840602
   Stats: nIt(DAVIDSON) = 1
Energy at sites (2, 3) is -35.2250122840603
   Stats: nIt(DAVIDSON) = 1
Energy at sites (1, 2) is -35.22501228406
******************************************************************
***  Information on left sweep 4 of instruction 0:
***     Elapsed wall time        = 1198.523612 seconds
***       |--> S.join            = 0.03698 seconds
***       |--> S.solve           = 1182.470268 seconds
***       |--> S.split           = 1.458928 seconds
***       |--> Tensor update     = 14.55706 seconds
***              |--> create     = 0.070797 seconds
***              |--> destroy    = 0.024348 seconds
***              |--> disk write = 0.468781 seconds
***              |--> disk read  = 0.265066 seconds
***              |--> calc       = 13.728003 seconds
***     Disk write bandwidth     = 2980.81932356019 MB/s
***     Disk read  bandwidth     = 5272.002489023 MB/s
***     Minimum energy           = -35.2670237204711
***     Maximum discarded weight = 0.00154131296514178
******************************************************************
   Stats: nIt(DAVIDSON) = 1
Energy at sites (0, 1) is -35.2250122840596
   Stats: nIt(DAVIDSON) = 1
Energy at sites (1, 2) is -35.22501228406
   Stats: nIt(DAVIDSON) = 1
Energy at sites (2, 3) is -35.2250122840603
   Stats: nIt(DAVIDSON) = 1
Energy at sites (3, 4) is -35.2250122840599
   Stats: nIt(DAVIDSON) = 1
Energy at sites (4, 5) is -35.2250122840599
   Stats: nIt(DAVIDSON) = 2
Energy at sites (5, 6) is -35.2250122840618
   Stats: nIt(DAVIDSON) = 9
Energy at sites (6, 7) is -35.225016025752
   Stats: nIt(DAVIDSON) = 26
Energy at sites (7, 8) is -35.2288240930215
   Stats: nIt(DAVIDSON) = 46
Energy at sites (8, 9) is -35.266990972322
   Stats: nIt(DAVIDSON) = 38
Energy at sites (9, 10) is -35.2288426187569
   Stats: nIt(DAVIDSON) = 17
Energy at sites (10, 11) is -35.2250719239402
   Stats: nIt(DAVIDSON) = 6
Energy at sites (11, 12) is -35.2250680559029
   Stats: nIt(DAVIDSON) = 3
Energy at sites (12, 13) is -35.225068055989
   Stats: nIt(DAVIDSON) = 1
Energy at sites (13, 14) is -35.2250680559886
   Stats: nIt(DAVIDSON) = 1
Energy at sites (14, 15) is -35.2250680559888
   Stats: nIt(DAVIDSON) = 1
Energy at sites (15, 16) is -35.2250680559886
******************************************************************
***  Information on right sweep 4 of instruction 0:
***     Elapsed wall time        = 1198.186681 seconds
***       |--> S.join            = 0.036911 seconds
***       |--> S.solve           = 1183.291299 seconds
***       |--> S.split           = 1.445962 seconds
***       |--> Tensor update     = 13.412127 seconds
***              |--> create     = 0.071516 seconds
***              |--> destroy    = 0.024594 seconds
***              |--> disk write = 0.468361 seconds
***              |--> disk read  = 0.265524 seconds
***              |--> calc       = 12.582051 seconds
***     Disk write bandwidth     = 2983.55316486141 MB/s
***     Disk read  bandwidth     = 5262.61830688703 MB/s
***     Minimum energy           = -35.266990972322
***     Maximum discarded weight = 0.00153943144977276
***     Energy difference with respect to previous leftright sweep = 0.000139610695669035
******************************************************************
The overlap between the current state and state 0 is : -0.000404086202890563
The overlap between the current state and state 1 is : 0.00141754579315985
   Stats: nIt(DAVIDSON) = 1
Energy at sites (16, 17) is -35.2250680559885
   Stats: nIt(DAVIDSON) = 1
Energy at sites (15, 16) is -35.2250680559885
   Stats: nIt(DAVIDSON) = 1
Energy at sites (14, 15) is -35.2250680559885
   Stats: nIt(DAVIDSON) = 1
Energy at sites (13, 14) is -35.2250680559887
   Stats: nIt(DAVIDSON) = 1
Energy at sites (12, 13) is -35.225068055989
   Stats: nIt(DAVIDSON) = 1
Energy at sites (11, 12) is -35.225068055989
   Stats: nIt(DAVIDSON) = 9
Energy at sites (10, 11) is -35.225071938061
   Stats: nIt(DAVIDSON) = 25
Energy at sites (9, 10) is -35.2288440652561
   Stats: nIt(DAVIDSON) = 46
Energy at sites (8, 9) is -35.2670077809643
   Stats: nIt(DAVIDSON) = 38
Energy at sites (7, 8) is -35.2289159896261
   Stats: nIt(DAVIDSON) = 17
Energy at sites (6, 7) is -35.2250925675445
   Stats: nIt(DAVIDSON) = 6
Energy at sites (5, 6) is -35.2250890149126
   Stats: nIt(DAVIDSON) = 3
Energy at sites (4, 5) is -35.225089015001
   Stats: nIt(DAVIDSON) = 1
Energy at sites (3, 4) is -35.2250890150009
   Stats: nIt(DAVIDSON) = 1
Energy at sites (2, 3) is -35.2250890150009
   Stats: nIt(DAVIDSON) = 1
Energy at sites (1, 2) is -35.2250890150008
******************************************************************
***  Information on left sweep 5 of instruction 0:
***     Elapsed wall time        = 1191.374996 seconds
***       |--> S.join            = 0.037006 seconds
***       |--> S.solve           = 1175.198292 seconds
***       |--> S.split           = 1.451614 seconds
***       |--> Tensor update     = 14.687684 seconds
***              |--> create     = 0.071051 seconds
***              |--> destroy    = 0.024836 seconds
***              |--> disk write = 0.469783 seconds
***              |--> disk read  = 0.265335 seconds
***              |--> calc       = 13.85661 seconds
***     Disk write bandwidth     = 2974.26696057966 MB/s
***     Disk read  bandwidth     = 5266.47424519063 MB/s
***     Minimum energy           = -35.2670077809643
***     Maximum discarded weight = 0.00153883853999965
******************************************************************
   Stats: nIt(DAVIDSON) = 1
Energy at sites (0, 1) is -35.2250890150011
   Stats: nIt(DAVIDSON) = 1
Energy at sites (1, 2) is -35.2250890150008
   Stats: nIt(DAVIDSON) = 1
Energy at sites (2, 3) is -35.2250890150011
   Stats: nIt(DAVIDSON) = 1
Energy at sites (3, 4) is -35.2250890150008
   Stats: nIt(DAVIDSON) = 1
Energy at sites (4, 5) is -35.2250890150009
   Stats: nIt(DAVIDSON) = 1
Energy at sites (5, 6) is -35.2250890150015
   Stats: nIt(DAVIDSON) = 8
Energy at sites (6, 7) is -35.2250925770305
   Stats: nIt(DAVIDSON) = 25
Energy at sites (7, 8) is -35.2289140940611
   Stats: nIt(DAVIDSON) = 46
Energy at sites (8, 9) is -35.2669900364688
   Stats: nIt(DAVIDSON) = 38
Energy at sites (9, 10) is -35.2288926695285
   Stats: nIt(DAVIDSON) = 17
Energy at sites (10, 11) is -35.2251058684544
   Stats: nIt(DAVIDSON) = 6
Energy at sites (11, 12) is -35.2251022877442
   Stats: nIt(DAVIDSON) = 2
Energy at sites (12, 13) is -35.2251022878165
   Stats: nIt(DAVIDSON) = 1
Energy at sites (13, 14) is -35.2251022878164
   Stats: nIt(DAVIDSON) = 1
Energy at sites (14, 15) is -35.2251022878165
   Stats: nIt(DAVIDSON) = 1
Energy at sites (15, 16) is -35.2251022878167
******************************************************************
***  Information on right sweep 5 of instruction 0:
***     Elapsed wall time        = 1188.537229 seconds
***       |--> S.join            = 0.037071 seconds
***       |--> S.solve           = 1173.505568 seconds
***       |--> S.split           = 1.441982 seconds
***       |--> Tensor update     = 13.552231 seconds
***              |--> create     = 0.070937 seconds
***              |--> destroy    = 0.024942 seconds
***              |--> disk write = 0.466275 seconds
***              |--> disk read  = 0.266804 seconds
***              |--> calc       = 12.723199 seconds
***     Disk write bandwidth     = 2996.40413558066 MB/s
***     Disk read  bandwidth     = 5237.02813879099 MB/s
***     Minimum energy           = -35.2669900364688
***     Maximum discarded weight = 0.0015382448487988
***     Energy difference with respect to previous leftright sweep = 3.42318280672771e-05
******************************************************************
The overlap between the current state and state 0 is : 0.000401178098819868
The overlap between the current state and state 1 is : -0.00141871857720535
***  Information on completed instruction 0:
***     The reduced virtual dimension DSU(2)               = 1000
***     Minimum energy encountered during all instructions = -35.2670237204711
***     Minimum energy encountered during the last sweep   = -35.2669900364688
***     Maximum discarded weight during the last sweep     = 0.0015382448487988
******************************************************************
Info on DMRG::operators rm call to system: 0
