 ************************************************************************
 * CISTAR - CONFIGURATION INTERACTION/PERTURBATION THEORY PROGRAM       *
 * QUANTUM CHEMISTRY GROUP - INDIANA UNIVERSITY -  6May 2016  20:16:01  *
 ************************************************************************



 THE TRANSFORMED INTEGRALS ARE TITLED: dumm                                    
 THE FILE IS DATED:                      6May 2016  18:59:59 
 THE NUMBER OF ORBITALS FROM FILE 16 IS  10.


                         CI RUN TITLE
                         -- --- -----
 )* H2O  -SINGLET A1-  STO-3G HF SD-CI TEST CASE *


 ) $
 ) $ GENERAL OPTIONS LIST INPUT
 ) $
 )SDTQCI      $ REQUEST UP TO SD EXCITATIONS FROM THESE CONFIGURATIONs
 )ISYMMETRY=3     $ SPECIFY Ag OVERALL SYMMETRY
 )MULTIPLICITY=3  $ SPECIFY SPIN MULTIPLICITY
 )END
 TIME TO PROCESS FORMULA FILE = 0.0 CPU SEC. ( 0.0 WALL CLOCK SEC.)

            THE HARTREE-FOCK CONFIGURATION
            --- ------------ -------------
 ) $
 ) $ SPECIFY THE HARTREE-FOCK CONFIGURATION
 ) $
 ) D 1 - 2 ; D 1 S 2 ; D 1 ; S 1 END $1Ag

               INTERNALLY GENERATED ORBITAL SETS (SDTQ-CI)
               ---------- --------- ------- --------------
 MIN. MAX.
 OCC. OCC.
   0   4   0010001101
   6  10   1101110010
 THE REFERENCE SPACE CONTAINS   1 SPIN-ADAPTED CONFIGURATIONS.


      1009 SPACE ORBITAL PRODUCTS (     3615 SPIN-ADAPTED CONFIGURATIONS)
 WERE GENERATED IN     0.0 CPU SECONDS.
 TIME IN DIAGC    0.0


 THE TOTAL NUMBER OF SPACE ORBITAL PRODUCTS IS           1009
 THE TOTAL NUMBER OF SPIN-ADAPTED CONFIGURATIONS IS      3615
 THE MAX. NUMBER OF SPIN COUPLINGS IN A S.O.P. IS   28
 THERE WILL BE         2 INTEGRAL LOADS UTILIZING  79995967 WORDS OF MEMORY.
 writ50, first, nrec= T       15872
 A TOTAL OF    42605 NONZERO S.O.P. PAIRS WERE FOUND.
 TIME TO FIND (I,J) PAIRS =    0.00 CPU SECONDS.
 THE VALUE OF THE H(1,1) ELEMENT IS  -248.4299769

          HAMILTONIAN MATRIX STORAGE DATA
 I/O   NO. OF    NO. OF     FILE SIZE    PERCENT NONZERO
 FILE  RECORDS   ELEMENTS   (IN BYTES)    IN ALL BLOCKS
  12         4       7230        57860
  13        12      10674       192048
  17        92     360524      1637812      63.7
  20        21     163105      1344084
 TOTAL ELAPSED TIME =     0.0 CPU SECONDS AND        0.0 WALL CLOCK SECONDS.
