
   CheMPS2: a spin-adapted implementation of DMRG for ab initio quantum chemistry
   Copyright (C) 2013-2016 Sebastian Wouters

   This program is free software; you can redistribute it and/or modify
   it under the terms of the GNU General Public License as published by
   the Free Software Foundation; either version 2 of the License, or
   (at your option) any later version.

   This program is distributed in the hope that it will be useful,
   but WITHOUT ANY WARRANTY; without even the implied warranty of
   MERCHANTABILITY or FITNESS FOR A PARTICULAR PURPOSE.  See the
   GNU General Public License for more details.

   You should have received a copy of the GNU General Public License along
   with this program; if not, write to the Free Software Foundation, Inc.,
   51 Franklin Street, Fifth Floor, Boston, MA 02110-1301 USA.

   Stats: nIt(DAVIDSON) = 17
Energy at sites (6, 7) is -19.0409321846958
   Stats: nIt(DAVIDSON) = 19
Energy at sites (5, 6) is -20.1110028561235
   Stats: nIt(DAVIDSON) = 16
Energy at sites (4, 5) is -20.7418385490488
   Stats: nIt(DAVIDSON) = 16
Energy at sites (3, 4) is -21.2544841500478
   Stats: nIt(DAVIDSON) = 1
Energy at sites (2, 3) is -21.2544841500478
   Stats: nIt(DAVIDSON) = 1
Energy at sites (1, 2) is -21.2544841500478
******************************************************************
***  Information on left sweep 0 of instruction 0:
***     Elapsed wall time        = 0.085544 seconds
***       |--> S.join            = 0.00022 seconds
***       |--> S.solve           = 0.048398 seconds
***       |--> S.split           = 0.022169 seconds
***       |--> Tensor update     = 0.014644 seconds
***              |--> create     = 0.005077 seconds
***              |--> destroy    = 0.000299 seconds
***              |--> disk write = 0.004214 seconds
***              |--> disk read  = 0.003609 seconds
***              |--> calc       = 0.001428 seconds
***     Disk write bandwidth     = 51.5970846573549 MB/s
***     Disk read  bandwidth     = 59.9887305661627 MB/s
***     Minimum energy           = -21.2544841500478
***     Maximum discarded weight = 0
******************************************************************
   Stats: nIt(DAVIDSON) = 1
Energy at sites (0, 1) is -21.2544841500478
   Stats: nIt(DAVIDSON) = 1
Energy at sites (1, 2) is -21.2544841500478
   Stats: nIt(DAVIDSON) = 1
Energy at sites (2, 3) is -21.2544841500478
   Stats: nIt(DAVIDSON) = 1
Energy at sites (3, 4) is -21.2544841500477
   Stats: nIt(DAVIDSON) = 1
Energy at sites (4, 5) is -21.2544841500477
   Stats: nIt(DAVIDSON) = 1
Energy at sites (5, 6) is -21.2544841500478
******************************************************************
***  Information on right sweep 0 of instruction 0:
***     Elapsed wall time        = 0.017492 seconds
***       |--> S.join            = 0.000206 seconds
***       |--> S.solve           = 0.00348 seconds
***       |--> S.split           = 0.000872 seconds
***       |--> Tensor update     = 0.012868 seconds
***              |--> create     = 0.004514 seconds
***              |--> destroy    = 0.000259 seconds
***              |--> disk write = 0.003748 seconds
***              |--> disk read  = 0.003177 seconds
***              |--> calc       = 0.001156 seconds
***     Disk write bandwidth     = 57.763961743138 MB/s
***     Disk read  bandwidth     = 68.4388148398155 MB/s
***     Minimum energy           = -21.2544841500478
***     Maximum discarded weight = 0
***     Energy difference with respect to previous leftright sweep = 21.2544841500478
******************************************************************
   Stats: nIt(DAVIDSON) = 1
Energy at sites (6, 7) is -21.2544841500478
   Stats: nIt(DAVIDSON) = 1
Energy at sites (5, 6) is -21.2544841500478
   Stats: nIt(DAVIDSON) = 1
Energy at sites (4, 5) is -21.2544841500478
   Stats: nIt(DAVIDSON) = 1
Energy at sites (3, 4) is -21.2544841500478
   Stats: nIt(DAVIDSON) = 1
Energy at sites (2, 3) is -21.2544841500478
   Stats: nIt(DAVIDSON) = 1
Energy at sites (1, 2) is -21.2544841500478
******************************************************************
***  Information on left sweep 1 of instruction 0:
***     Elapsed wall time        = 0.016664 seconds
***       |--> S.join            = 0.000208 seconds
***       |--> S.solve           = 0.00323 seconds
***       |--> S.split           = 0.00081 seconds
***       |--> Tensor update     = 0.012361 seconds
***              |--> create     = 0.004288 seconds
***              |--> destroy    = 0.000252 seconds
***              |--> disk write = 0.003553 seconds
***              |--> disk read  = 0.003022 seconds
***              |--> calc       = 0.001237 seconds
***     Disk write bandwidth     = 61.1962045443551 MB/s
***     Disk read  bandwidth     = 71.6410749878495 MB/s
***     Minimum energy           = -21.2544841500478
***     Maximum discarded weight = 0
******************************************************************
   Stats: nIt(DAVIDSON) = 1
Energy at sites (0, 1) is -21.2544841500478
   Stats: nIt(DAVIDSON) = 1
Energy at sites (1, 2) is -21.2544841500478
   Stats: nIt(DAVIDSON) = 1
Energy at sites (2, 3) is -21.2544841500478
   Stats: nIt(DAVIDSON) = 1
Energy at sites (3, 4) is -21.2544841500478
   Stats: nIt(DAVIDSON) = 1
Energy at sites (4, 5) is -21.2544841500478
   Stats: nIt(DAVIDSON) = 1
Energy at sites (5, 6) is -21.2544841500477
******************************************************************
***  Information on right sweep 1 of instruction 0:
***     Elapsed wall time        = 0.015696 seconds
***       |--> S.join            = 0.000163 seconds
***       |--> S.solve           = 0.003144 seconds
***       |--> S.split           = 0.000775 seconds
***       |--> Tensor update     = 0.011565 seconds
***              |--> create     = 0.004087 seconds
***              |--> destroy    = 0.000243 seconds
***              |--> disk write = 0.003334 seconds
***              |--> disk read  = 0.002837 seconds
***              |--> calc       = 0.001055 seconds
***     Disk write bandwidth     = 64.93681122174 MB/s
***     Disk read  bandwidth     = 76.640858211524 MB/s
***     Minimum energy           = -21.2544841500478
***     Maximum discarded weight = 0
***     Energy difference with respect to previous leftright sweep = 3.19744231092045e-14
******************************************************************
***  Information on completed instruction 0:
***     The reduced virtual dimension DSU(2)               = 1000
***     Minimum energy encountered during all instructions = -21.2544841500478
***     Minimum energy encountered during the last sweep   = -21.2544841500478
***     Maximum discarded weight during the last sweep     = 0
******************************************************************
   Stats: nIt(DAVIDSON) = 1
********************************************
***  2-RDM and Correlations calculation  ***
********************************************
   N(N-1)                     = 56
   Double trace of DMRG 2-RDM = 56
   Energy obtained by Heff at edge   = -21.2544841500477
   Econst + 0.5 * trace(2DM-A * Ham) = -21.2544841500477
   NOON of irrep A1 = [ 1.99169370968971 , 1.85726297128934 , 0.18481717256224 , 0.0080697299292391 ].
   NOON of irrep B1 = [ 1 ].
   NOON of irrep B2 = [ 1.95158553343465 , 1.00271846093081 , 0.00385242216401993 ].
   Single-orbital entropies (Hamiltonian index order is used!) = [ 0.0858709811549907 , 0.347518912638632 , 0.693147180559945 , 0.46180230209996 , 0.381248759271026 , 0.76828705901908 , 0.354053022123425 , 1.18586929535486 ].
   Idistance(0) = 3.12637448195824
   Idistance(1) = 6.2657621129001
   Idistance(2) = 17.077032380673
***************************************************
***  Timing information 2-RDM and Correlations  ***
***************************************************
***     Elapsed wall time        = 0.032312 seconds
***       |--> MPS gauge change  = 0.001529 seconds
***       |--> Diagram calc      = 0.002404 seconds
***       |--> Tensor update     = 0.028006 seconds
***              |--> create     = 0.009437 seconds
***              |--> destroy    = 0.000604 seconds
***              |--> disk write = 0.008166 seconds
***              |--> disk read  = 0.006901 seconds
***              |--> calc       = 0.002847 seconds
***     Disk write bandwidth     = 55.8442529906778 MB/s
***     Disk read  bandwidth     = 66.0808824694791 MB/s
***************************************************
Info on DMRG::operators rm call to system: 0
