 #TITLE:PPP                                                                      
 PPP Hamiltonian to be used
 Along with Ohno parameterization
 STANDARD OHNO PARAMETERS ARE BEING USED
 U=  11.1300
 r0=   1.2786
 Dielectric Constant =   1.0000
 The system is uncharged
 Total no. of atoms/cell:   6
 RHF Calculations will be performed
 Files will be written for subsequent CI calculations
 dipole matrix elements file will be created
 Orbitals will be printed in the output file
 Total no. of unit cells:   3
 Total no. of sites:  18
 Total no. of electrons:  18
 Convergence Threshold:    0.0000000100
 Maximum number of iterations:    100
 done with input
  
Site #     X-Coord     Y-Coord    Z-coord
  
    1     -5.74000     0.00000     0.00000
    2     -5.04000     1.21244     0.00000
    3     -5.04000    -1.21244     0.00000
    4     -3.64000     1.21244     0.00000
    5     -3.64000    -1.21244     0.00000
    6     -2.94000     0.00000     0.00000
    7     -1.40000     0.00000     0.00000
    8     -0.70000     1.21244     0.00000
    9     -0.70000    -1.21244     0.00000
   10      0.70000     1.21244     0.00000
   11      0.70000    -1.21244     0.00000
   12      1.40000     0.00000     0.00000
   13      2.94000     0.00000     0.00000
   14      3.64000     1.21244     0.00000
   15      3.64000    -1.21244     0.00000
   16      5.04000     1.21244     0.00000
   17      5.04000    -1.21244     0.00000
   18      5.74000     0.00000     0.00000
  
  
 Total no. of Unique hopping elements read=      2
  
 Entering routine SCF
  
 Itr(i)     E(scf)        Ediff1(i-1)       Ediff2(i)       Evldiff(i)
  
      1    0.5843471E+03   0.0000000E+00    0.1000000E+04   0.1000000E+04
      2   -0.4100770E+02  -0.6253548E+03    0.0000000E+00   0.2820431E+01
      3   -0.4108871E+02  -0.8101244E-01   -0.6253548E+03   0.7999281E-01
      4   -0.4110283E+02  -0.1412061E-01   -0.8101244E-01   0.3216019E-01
      5   -0.4110540E+02  -0.2567221E-02   -0.1412061E-01   0.1353656E-01
      6   -0.4110588E+02  -0.4764317E-03   -0.2567221E-02   0.5821217E-02
      7   -0.4110596E+02  -0.8942940E-04   -0.4764317E-03   0.2529077E-02
      8   -0.4110598E+02  -0.1690690E-04   -0.8942940E-04   0.1104284E-02
      9   -0.4110599E+02  -0.3211859E-05   -0.1690690E-04   0.4833650E-03
     10   -0.4110599E+02  -0.6122586E-06   -0.3211859E-05   0.2118369E-03
     11   -0.4110599E+02  -0.1169973E-06   -0.6122586E-06   0.9289338E-04
     12   -0.4110599E+02  -0.2239653E-07   -0.1169973E-06   0.4074591E-04
     13   -0.4110599E+02  -0.4292360E-08   -0.2239653E-07   0.1787423E-04
     14   -0.4110599E+02  -0.8237748E-09   -0.4292360E-08   0.7841127E-05
  
 Convergence achieved after     14 iterations
  
 Final SCF energy:     -41.105985798223
  
 Nuc-Nuc energy:     564.347118989174
  
 Eigen values of the Fock Matrix
  
  
              E  1
 #      1  -4.24369
 #      2  -3.73406
 #      3  -3.02547
 #      4  -1.34085
 #      5  -0.15819
 #      6  -0.11587
 #      7  -0.08022
 #      8  -0.04747
 #      9   1.20523
 #     10   9.92477
 #     11  11.17747
 #     12  11.21022
 #     13  11.24587
 #     14  11.28819
 #     15  12.47085
 #     16  14.15547
 #     17  14.86406
 #     18  15.37369
  
   
 Occupied Orbitals
   
  
            ORB  1    ORB  2    ORB  3    ORB  4    ORB  5    ORB  6
 Site   1   0.12619  -0.24024  -0.28045  -0.34247  -0.00000   0.00000
 Site   2   0.14444  -0.25219  -0.25963  -0.22745  -0.23377  -0.35353
 Site   3   0.14444  -0.25219  -0.25963  -0.22745   0.23377   0.35353
 Site   4   0.19501  -0.28304  -0.20465   0.02926  -0.23604  -0.35357
 Site   5   0.19501  -0.28304  -0.20465   0.02926   0.23604   0.35357
 Site   6   0.29327  -0.33728  -0.12253   0.26207   0.00000  -0.00000
 Site   7   0.34824  -0.18476   0.22615   0.39213   0.00000  -0.00000
 Site   8   0.28197  -0.05901   0.26136   0.16597   0.37368   0.00217
 Site   9   0.28197  -0.05901   0.26136   0.16597  -0.37368  -0.00217
 Site  10   0.28197   0.05901   0.26136  -0.16597   0.37368  -0.00217
 Site  11   0.28197   0.05901   0.26136  -0.16597  -0.37368   0.00217
 Site  12   0.34824   0.18476   0.22615  -0.39213  -0.00000   0.00000
 Site  13   0.29327   0.33728  -0.12253  -0.26207   0.00000  -0.00000
 Site  14   0.19501   0.28304  -0.20465  -0.02926  -0.23604   0.35357
 Site  15   0.19501   0.28304  -0.20465  -0.02926   0.23604  -0.35357
 Site  16   0.14444   0.25219  -0.25963   0.22745  -0.23377   0.35353
 Site  17   0.14444   0.25219  -0.25963   0.22745   0.23377  -0.35353
 Site  18   0.12619   0.24024  -0.28045   0.34247  -0.00000   0.00000
  
            ORB  7    ORB  8    ORB  9
 Site   1   0.00000  -0.38978  -0.28017
 Site   2  -0.26527  -0.19195  -0.09772
 Site   3   0.26527  -0.19195  -0.09772
 Site   4  -0.26319   0.19944   0.22214
 Site   5   0.26319   0.19944   0.22214
 Site   6  -0.00000   0.38902   0.25534
 Site   7   0.00000  -0.01212  -0.37355
 Site   8  -0.33220  -0.14721  -0.22245
 Site   9   0.33220  -0.14721  -0.22245
 Site  10  -0.33220  -0.14721   0.22245
 Site  11   0.33220  -0.14721   0.22245
 Site  12  -0.00000  -0.01212   0.37355
 Site  13  -0.00000   0.38902  -0.25534
 Site  14  -0.26319   0.19944  -0.22214
 Site  15   0.26319   0.19944  -0.22214
 Site  16  -0.26527  -0.19195   0.09772
 Site  17   0.26527  -0.19195   0.09772
 Site  18   0.00000  -0.38978   0.28017
   
 Virtual orbitals
   
  
            ORB 10    ORB 11    ORB 12    ORB 13    ORB 14    ORB 15
 Site   1  -0.28017  -0.38978   0.00000  -0.00000  -0.00000   0.34247
 Site   2   0.09772   0.19195  -0.26527   0.35353  -0.23377  -0.22745
 Site   3   0.09772   0.19195   0.26527  -0.35353   0.23377  -0.22745
 Site   4   0.22214   0.19944   0.26319  -0.35357   0.23604  -0.02926
 Site   5   0.22214   0.19944  -0.26319   0.35357  -0.23604  -0.02926
 Site   6  -0.25534  -0.38902   0.00000  -0.00000  -0.00000   0.26207
 Site   7  -0.37355  -0.01212  -0.00000  -0.00000  -0.00000  -0.39213
 Site   8   0.22245   0.14721  -0.33220  -0.00217   0.37368   0.16597
 Site   9   0.22245   0.14721   0.33220   0.00217  -0.37368   0.16597
 Site  10   0.22245  -0.14721   0.33220  -0.00217  -0.37368   0.16597
 Site  11   0.22245  -0.14721  -0.33220   0.00217   0.37368   0.16597
 Site  12  -0.37355   0.01212   0.00000  -0.00000  -0.00000  -0.39213
 Site  13  -0.25534   0.38902  -0.00000   0.00000   0.00000   0.26207
 Site  14   0.22214  -0.19944  -0.26319  -0.35357  -0.23604  -0.02926
 Site  15   0.22214  -0.19944   0.26319   0.35357   0.23604  -0.02926
 Site  16   0.09772  -0.19195   0.26527   0.35353   0.23377  -0.22745
 Site  17   0.09772  -0.19195  -0.26527  -0.35353  -0.23377  -0.22745
 Site  18  -0.28017   0.38978  -0.00000   0.00000   0.00000   0.34247
  
            ORB 16    ORB 17    ORB 18
 Site   1  -0.28045   0.24024   0.12619
 Site   2   0.25963  -0.25219  -0.14444
 Site   3   0.25963  -0.25219  -0.14444
 Site   4  -0.20465   0.28304   0.19501
 Site   5  -0.20465   0.28304   0.19501
 Site   6   0.12253  -0.33728  -0.29327
 Site   7   0.22615   0.18476   0.34824
 Site   8  -0.26136  -0.05901  -0.28197
 Site   9  -0.26136  -0.05901  -0.28197
 Site  10   0.26136  -0.05901   0.28197
 Site  11   0.26136  -0.05901   0.28197
 Site  12  -0.22615   0.18476  -0.34824
 Site  13  -0.12253  -0.33728   0.29327
 Site  14   0.20465   0.28304  -0.19501
 Site  15   0.20465   0.28304  -0.19501
 Site  16  -0.25963  -0.25219   0.14444
 Site  17  -0.25963  -0.25219   0.14444
 Site  18   0.28045   0.24024  -0.12619
 Done with SCF calculations
 Total number of orbitals in the CI calculations:  18
  
 Array size for two-electron integrals:           14706.0
  
