 ************************************************************************
 * RTSIM - DAVIDSON METHOD SPARSE MATRIX EIGENVALUE/EIGENVECTOR PROGRAM *
 * QUANTUM CHEMISTRY GROUP - INDIANA UNIVERSITY - 30Aug 2010  20:24:58  *
 ************************************************************************



                 DIAGONALIZATION RUN TITLE
                 -------------------------
 )* WATER TEST *



 ) DAVIDSON
 ) LAST=2
 ) COEFF
 ) NOVLP
 ) MAXITR=1000 END

 THE CI MATRIX IS TITLED:  H2O  -SINGLET A1-  STO-3G HF SD-CI TEST
 THE MATRIX IS DATED:     30Aug 2010  20:24:56 
 THE SPIN MULTIPLICITY IS 1 AND THE DIMENSION IS  24302.

 ROOTS  1 THROUGH  2 WILL BE OBTAINED.

  
  
  
 AMOUNT OF CORE AVAILABLE                      30000000
 MAXIMUM NUMBER OF VECTORS PER ITERATION              2
 MAXIMUM NUMBER OF VECTORS ON DISK                   16
 NUMBER OF SOLUTIONS SOUGHT                           2
 NUMBER OF SOLUTIONS INVESTIGATED                     2
 SIZE OF MATRIX DIAGONALISED                      24302
  
  
 INITIAL GUESS AT ROOTS (OBTAINED FROM DIAGONAL ELEMENTS OF HAMILTONIAN MATRIX)

                1        -874.20305
             1002        -871.94485


 ITERATION       ROOT           EIGENVALUE          NORM OF RESIDUAL
     1             1          -874.21589176              6.59378
     1             2          -871.93200907              5.21741
     2             1          -876.79225299              7.06523
     2             2          -872.42019468             13.14095
     2             1          -876.79225299              2.79710
     2             2          -872.42019468              4.82542
     3             1          -877.15250943              2.99925
     3             2          -874.21146693              9.88027
     3             1          -877.15250943              0.99015
     3             2          -874.21146693              2.83441
     4             1          -877.19921078              1.23697
     4             2          -874.73008136              5.02533
     4             1          -877.19921078              0.46082
     4             2          -874.73008136              1.61095
     5             1          -877.20952225              0.77684
     5             2          -874.90959953              4.06612
     5             1          -877.20952225              0.22428
     5             2          -874.90959953              1.07906
     6             1          -877.21203989              0.42347
     6             2          -874.99611558              3.63972
     6             1          -877.21203989              0.10859
     6             2          -874.99611558              0.74735
     7             1          -877.21263981              0.22817
     7             2          -875.03247470              2.63282
     7             1          -877.21263981              0.05273
     7             2          -875.03247470              0.47087
     8             1          -877.21277153              0.11253
     8             2          -875.04804921              1.96818
  truncating with vlp=false 
 TRUNCATION TO 1 VECTOR PER ROOT HAS BEEN PERFORMED
     8             1          -877.21277153              0.02361
     8             2          -875.04804921              0.33706
     9             1          -877.21279303              0.02239
     9             2          -875.05322140              0.39546
     9             1          -877.21279303              0.01129
     9             2          -875.05322140              0.19434
    10             1          -877.21280030              0.02656
    10             2          -875.05738959              1.02328
    10             1          -877.21280030              0.00582
    10             2          -875.05738959              0.18250
    11             1          -877.21280207              0.01485
    11             2          -875.06008082              1.11524
    11             1          -877.21280207              0.00289
    11             2          -875.06008082              0.14384
    12             1          -877.21280249              0.00738
    12             2          -875.06142465              0.78700
    12             1          -877.21280249              0.00148
    12             2          -875.06142465              0.10612
    13             1          -877.21280259              0.00354
    13             2          -875.06212374              0.51810
    13             1          -877.21280259              0.00074
    13             2          -875.06212374              0.08915
    14             1          -877.21280262              0.00179
    14             2          -875.06274024              0.56452
    14             1          -877.21280262              0.00031
    14             2          -875.06274024              0.05929
    15             1          -877.21280262              0.00076
    15             2          -875.06299588              0.34111
  truncating with vlp=false 
 TRUNCATION TO 1 VECTOR PER ROOT HAS BEEN PERFORMED
    15             1          -877.21280262              0.00011
    15             2          -875.06299588              0.03200
    16             1          -877.21280262              0.00011
    16             2          -875.06305932              0.03970
    16             1          -877.21280262              0.00007
    16             2          -875.06305932              0.02288
     ROOT    ITERATION     NUMBER OF PRODUCTS       EIGENVALUE
       1        16                30                -877.2128026245


    17             2          -875.06312304              0.10069
    17             2          -875.06312304              0.02127
    18             2          -875.06315010              0.06227
    18             2          -875.06315010              0.01608
    19             2          -875.06316627              0.04844
    19             2          -875.06316627              0.01235
    20             2          -875.06317646              0.04604
    20             2          -875.06317646              0.00855
    21             2          -875.06318107              0.03270
    21             2          -875.06318107              0.00521
    22             2          -875.06318297              0.02190
    22             2          -875.06318297              0.00415
    23             2          -875.06318474              0.02920
    23             2          -875.06318474              0.00376
    24             2          -875.06318562              0.01892
    24             2          -875.06318562              0.00223
    25             2          -875.06318593              0.00927
    25             2          -875.06318593              0.00145
    26             2          -875.06318606              0.00521
    26             2          -875.06318606              0.00090
    27             2          -875.06318611              0.00339
    27             2          -875.06318611              0.00054
    28             2          -875.06318613              0.00204
  truncating with vlp=false 
 TRUNCATION TO 1 VECTOR PER ROOT HAS BEEN PERFORMED
    28             2          -875.06318613              0.00031
    29             2          -875.06318613              0.00030
    29             2          -875.06318613              0.00016
    30             2          -875.06318613              0.00049
    30             2          -875.06318613              0.00012
    31             2          -875.06318613              0.00037
    31             2          -875.06318613              0.00008
     ROOT    ITERATION     NUMBER OF PRODUCTS       EIGENVALUE
       2        31                45                -875.0631861326


  all roots converged 
  

 ************************************
 COMPLETED CI VECTOR OPTIMISATION
 ************************************





 ********************************
 RESULTS FOR ROOT   01
 TOTAL CI ENERGY =   -877.2128026
 ********************************

       CONF.                                                                           COEFF.
        NO.        SPACE ORBITAL PRODUCTS                                             CONTRIB.      CI COEFFICIENTS

       -----       ----------------------                                             --------   ---------------------
   1.     1   D 1 - 3 S 4 ; D 1 - 3 ; D 1 - 2 S 3 ; D 1 - 2  END                        0.8889    0.88893
   2.     2   D 1 - 3 ; D 1 - 2 S 3 ; D 1 - 3 ; D 1 - 2 S 3  END                        0.1314    0.13141
   3.     4   D 1 - 3 S 4 ; D 1 - 2 S 3 - 4 ; D 1 - 2 S 3 ; D 1 - 2  END                0.1090    0.00664 -0.10875
   4.     3   D 1 - 3 S 4 ; D 1 - 3 ; D 1 - 2 S 3 ; D 1 S 2 - 3  END                    0.1090   -0.09086 -0.06012
   5.   129   D 1 - 3 S 4 ; D 1 - 2 S 3 - 4 ; D 1 - 2 S 3 ; D 1 S 2 - 3  END            0.0652    0.00513 -0.00274  0.02160 -0.04517
                                                                                                  0.04128
   6.    24   D 1 - 4 ; D 1 - 2 S 3 ; D 1 - 2 ; D 1 - 2 S 3  END                        0.0577    0.05769
   7.   452   D 1 - 3 S 4 ; D 1 - 3 ; D 1 - 2 S 4 ; D 1 - 2  END                        0.0545    0.05446
   8.    11   D 1 - 2 S 3 D 4 ; D 1 - 3 ; D 1 - 2 S 3 ; D 1 - 2  END                    0.0545    0.05446
   9.    22   D 1 - 4 ; D 1 - 3 S 4 ; D 1 - 2 ; D 1 S 2  END                            0.0493   -0.04929
  10.   133   D 1 - 3 ; D 1 - 3 S 4 ; D 1 - 2 ; D 1 - 2 S 3  END                        0.0487    0.04873
  11.     5   D 1 - 4 ; D 1 - 2 S 3 ; D 1 - 3 ; D 1 S 2  END                            0.0487    0.04873
  12.    34   D 1 - 3 S 4 ; D 1 - 3 ; D 1 S 2 D 3 ; D 1 S 2 - 3  END                    0.0465   -0.01924 -0.04236
  13.   785   D 1 - 3 S 5 ; D 1 - 2 S 3 - 4 ; D 1 - 2 S 3 ; D 1 - 2  END                0.0465    0.02706 -0.03784
  14.   777   D 1 - 3 S 5 ; D 1 - 3 ; D 1 - 2 S 3 ; D 1 S 2 - 3  END                    0.0440   -0.00940  0.04302
  15.    35   D 1 - 3 S 4 ; D 1 - 2 S 3 - 4 ; D 1 S 2 D 3 ; D 1 - 2  END                0.0440   -0.04195  0.01336
  16.   487   D 1 - 3 S 4 ; D 1 - 3 ; D 1 S 2 - 4 ; D 1 - 2  END                        0.0439    0.00674  0.04336
  17.   543   D 1 - 2 S 3 - 5 ; D 1 - 3 ; D 1 - 2 S 3 ; D 1 - 2  END                    0.0439   -0.00674 -0.04336
  18.     9   D 1 - 4 ; D 1 S 2 D 3 ; D 1 - 3 ; D 1 S 2  END                            0.0426    0.04256
  19.   779   D 1 - 3 ; D 1 - 3 S 4 ; D 1 - 2 ; D 1 - 2 S 4  END                        0.0426    0.04256
  20.   127   D 1 - 3 S 4 ; D 1 - 4 ; D 1 - 2 S 3 ; D 1  END                            0.0412   -0.04116
  21.   808   D 1 - 3 S 4 ; D 1 - 3 S 4 - 5 ; D 1 - 2 S 3 ; S 1 - 2  END                0.0395    0.00058  0.00282  0.00245 -0.03462
                                                                                                  0.01859
  22.   850   D 1 - 3 S 4 - 5 ; D 1 - 3 S 4 ; D 1 S 2 - 3 ; D 1 S 2  END                0.0388    0.00126 -0.02802  0.01897 -0.01767
                                                                                                  0.00687
  23.  1027   D 1 - 2 S 3 - 4 ; D 1 - 3 S 4 ; D 1 - 2 S 3 - 4 ; D 1 S 2  END            0.0387   -0.00324 -0.00217 -0.00654  0.03002
                                                                                                  0.02328
  24.   864   D 1 - 3 S 4 - 5 ; D 1 - 2 S 3 ; D 1 S 2 - 3 ; D 1 - 2 S 3  END            0.0373    0.00272  0.02707 -0.01573  0.01868
                                                                                                 -0.00721
  25.  2571   D 1 - 3 S 5 ; D 1 - 3 ; D 1 - 2 S 4 ; D 1 - 2  END                        0.0342    0.03421
  26.    16   D 1 - 2 S 3 D 4 ; D 1 - 3 ; D 1 S 2 D 3 ; D 1 - 2  END                    0.0342    0.03420
  27.    45   D 1 - 3 ; D 1 S 2 D 3 ; D 1 - 3 ; D 1 - 2 S 3  END                        0.0335    0.03345
  28.   464   D 1 - 3 ; D 1 - 2 S 3 ; D 1 - 3 ; D 1 - 2 S 4  END                        0.0335    0.03345
  29.   505   D 1 - 3 S 6 ; D 1 - 3 ; S 1 D 2 - 3 ; D 1 - 2  END                        0.0318    0.03179
  30.   547   D 1 - 2 S 3 ; D 1 - 3 ; D 1 - 3 S 4 ; D 1 - 2  END                        0.0313    0.03131
  31.  2536   D 1 - 3 S 4 - 5 ; D 1 - 2 S 3 ; D 1 - 2 S 3 - 4 ; D 1 S 2  END            0.0311    0.00308  0.00467  0.00432 -0.02757
                                                                                                  0.01258
  32.   269   D 1 - 2 S 3 - 4 ; D 1 - 3 S 4 ; D 1 S 2 - 3 ; D 1 - 2 S 3  END            0.0311    0.00308 -0.02208 -0.01112 -0.01213
                                                                                                 -0.01417
  33.   495   D 1 - 4 S 6 ; D 1 - 3 ; S 1 D 2 ; D 1 - 2  END                            0.0310    0.03101
  34.   823   D 1 - 3 S 4 ; D 1 - 2 S 3 S 5 ; D 1 - 2 S 3 ; S 1 D 2 S 3  END            0.0305   -0.00144  0.00094 -0.00111  0.02561
                                                                                                 -0.01637
  35.  3120   D 1 - 2 S 3 - 5 ; D 1 - 3 ; D 1 S 2 - 4 ; D 1 - 2  END                    0.0303   -0.00358 -0.01855 -0.01343 -0.01343
                                                                                                 -0.01427
  36.    26   D 1 - 3 ; D 1 - 3 S 4 ; D 1 - 3 ; D 1 S 2  END                            0.0300    0.03004
  37.  1040   D 1 - 2 S 3 - 4 ; D 1 - 2 S 3 ; D 1 - 2 S 3 - 4 ; D 1 - 2 S 3  END        0.0295    0.00658  0.00581 -0.00734 -0.02283
                                                                                                 -0.01475
  38.   760   D 1 - 3 S 4 ; D 1 - 2 S 3 - 4 ; D 1 - 2 S 4 ; D 1 - 2  END                0.0290   -0.02755  0.00890
  39.    52   D 1 - 2 S 3 D 4 ; D 1 - 3 ; D 1 - 2 S 3 ; D 1 S 2 - 3  END                0.0290   -0.00607  0.02831
  40.   936   D 1 - 3 S 4 ; D 1 S 2 D 3 S 4 ; D 1 - 2 S 3 ; D 1 S 2 S 4  END            0.0286   -0.01195 -0.00524 -0.00360 -0.02030
                                                                                                  0.01488
  41.   873   D 1 - 3 ; D 1 - 3 S 5 ; D 1 S 2 - 3 ; D 1 - 2 S 3  END                    0.0273   -0.02463 -0.01170
  42.   477   D 1 - 3 S 4 - 5 ; D 1 - 2 S 3 ; D 1 - 3 ; S 1 D 2  END                    0.0273    0.02244 -0.01548
  43.   481   D 1 - 4 S 5 ; D 1 - 3 ; D 1 S 2 ; D 1 - 2  END                            0.0273   -0.02726
  44.    18   D 1 S 2 D 3 - 4 ; D 1 - 3 ; D 1 S 2 D 3 ; D 1 - 2  END                    0.0259   -0.02592
  45.  2572   D 1 - 3 S 5 ; D 1 - 3 ; D 1 - 2 S 5 ; D 1 - 2  END                        0.0259   -0.02592
  46.   892   D 1 - 3 S 4 S 6 ; D 1 - 3 S 4 ; S 1 D 2 S 3 ; D 1 S 2  END                0.0255    0.00067  0.01782 -0.01383  0.01134
                                                                                                 -0.00328
  47.   906   D 1 - 3 S 4 S 6 ; D 1 - 2 S 3 ; S 1 D 2 S 3 ; D 1 - 2 S 3  END            0.0255   -0.00049 -0.01941  0.01055 -0.01025
                                                                                                  0.00740
  48.   519   D 1 - 3 ; D 1 S 2 D 3 ; D 1 - 3 ; D 1 - 2 S 4  END                        0.0250    0.02497
  49.  1030   D 1 - 2 S 3 - 5 ; D 1 - 3 ; D 1 - 2 S 3 ; D 1 S 2 - 3  END                0.0250   -0.00087 -0.00190  0.00975  0.01680
                                                                                                  0.01555
  50.   861   D 1 - 3 S 4 ; D 1 - 2 S 3 - 4 ; D 1 S 2 - 4 ; D 1 - 2  END                0.0250   -0.00087  0.01550 -0.00675  0.00859
                                                                                                 -0.01622
  51.  1163   D 1 - 3 S 4 - 5 ; D 1 - 3 S 4 ; D 1 S 2 - 3 ; S 1 D 2  END                0.0239    0.00060  0.01812 -0.00891  0.01104
                                                                                                 -0.00651
  52.  2657   D 1 - 3 S 4 - 5 ; D 1 - 3 S 5 ; D 1 S 2 - 3 ; D 1 S 2  END                0.0239   -0.00060 -0.01805  0.00895 -0.01108
                                                                                                  0.00658
  53.  2983   D 1 - 3 S 4 D 5 ; D 1 - 3 ; D 1 S 3 ; D 1 - 2  END                        0.0239   -0.02390
  54.   475   D 1 - 3 S 4 ; D 1 - 3 ; D 1 - 2 S 3 ; S 1 D 2 S 4  END                    0.0238   -0.01950 -0.01372
  55.   515   D 1 - 3 S 4 ; D 1 S 2 D 3 S 5 ; D 1 - 2 S 3 ; D 1 - 2  END                0.0238   -0.00213  0.02375
  56.   472   D 1 - 3 S 4 ; D 1 - 3 ; D 1 - 3 S 4 ; S 1 - 2  END                        0.0235   -0.02089 -0.01070
  57.  1049   D 1 - 2 S 3 ; D 1 - 3 S 4 - 5 ; D 1 - 2 S 3 ; D 1 - 2  END                0.0235    0.00118  0.02344
  58.   749   D 1 - 3 S 4 ; D 1 - 3 ; D 1 - 2 S 4 ; D 1 S 2 - 3  END                    0.0235    0.00493 -0.02294
  59.    53   D 1 - 2 S 3 D 4 ; D 1 - 2 S 3 - 4 ; D 1 - 2 S 3 ; D 1 - 2  END            0.0235    0.02233 -0.00721
  60.   462   D 1 - 3 S 5 ; D 1 - 3 ; D 1 - 2 S 3 ; D 1 - 2  END                        0.0233    0.02325
  61.     7   D 1 - 3 S 4 ; D 1 - 3 ; D 1 S 2 D 3 ; D 1 - 2  END                        0.0233    0.02325
  62.  2975   D 1 - 3 S 4 - 5 ; D 1 - 3 S 5 ; D 1 S 2 - 3 ; S 1 D 2  END                0.0231    0.00045  0.01693 -0.01064  0.01067
                                                                                                 -0.00463
  63.  1391   D 1 - 2 S 3 - 5 ; D 1 - 3 ; D 1 - 2 S 3 ; S 1 D 2 S 3  END                0.0229    0.00186 -0.00038 -0.00323 -0.01964
                                                                                                 -0.01113
  64.  2682   D 1 - 3 S 4 ; D 1 - 2 S 3 S 5 ; D 1 S 2 - 4 ; D 1 - 2  END                0.0229   -0.00186  0.01682 -0.01015  0.00803
                                                                                                 -0.00836
  65.   787   D 1 - 3 ; D 1 - 2 S 3 ; D 1 - 2 S 3 - 4 ; D 1 - 2 S 3  END                0.0228    0.00928 -0.02080
  66.    55   D 1 - 2 S 3 - 4 ; D 1 - 2 S 3 ; D 1 - 3 ; D 1 - 2 S 3  END                0.0228   -0.01338 -0.01844
  67.  3117   D 1 - 2 S 3 - 4 ; D 1 - 3 S 5 ; D 1 - 2 S 3 - 4 ; S 1 D 2  END            0.0227    0.00339  0.00088  0.00108 -0.01868
                                                                                                 -0.01229
  68.   468   D 1 - 4 ; D 1 - 3 S 5 ; D 1 - 2 ; S 1 D 2  END                            0.0225    0.02245
  69.   185   D 1 - 2 S 3 - 4 ; D 1 - 3 S 4 ; D 1 - 2 ; D 1 - 2 S 3  END                0.0224    0.02225 -0.00246
  70.   440   D 1 - 4 ; D 1 - 2 S 3 ; D 1 - 2 S 3 - 4 ; D 1 S 2  END                    0.0224    0.01325  0.01804
  71.    12   D 1 S 2 D 3 - 4 ; D 1 - 3 ; D 1 - 2 S 3 ; D 1 - 2  END                    0.0221   -0.02206
  72.   453   D 1 - 3 S 4 ; D 1 - 3 ; D 1 - 2 S 5 ; D 1 - 2  END                        0.0221   -0.02206
  73.    14   D 1 - 4 ; D 1 S 2 D 3 ; D 1 - 3 ; S 1 D 2  END                            0.0219    0.02192
  74.  2577   D 1 - 3 ; D 1 - 3 S 5 ; D 1 - 2 ; D 1 - 2 S 4  END                        0.0219   -0.02192
  75.  2576   D 1 - 3 S 6 ; D 1 - 3 ; D 1 - 2 S 6 ; D 1 - 2  END                        0.0217    0.02173
  76.    21   S 1 D 2 - 4 ; D 1 - 3 ; S 1 D 2 - 3 ; D 1 - 2  END                        0.0217    0.02173
  77.  2568   D 1 - 3 ; D 1 - 3 S 5 ; D 1 - 2 S 3 - 4 ; D 1 S 2  END                    0.0214    0.00724  0.02016
  78.    88   D 1 - 2 S 3 - 4 ; D 1 - 3 S 4 ; D 1 - 3 ; S 1 D 2  END                    0.0214   -0.02108 -0.00381
  79.   467   D 1 - 4 S 6 ; D 1 - 3 ; D 1 - 2 S 3 ; S 1 - 2  END                        0.0211    0.00134  0.02108
  80.   896   D 1 - 3 S 4 ; D 1 - 3 S 4 - 5 ; S 1 D 2 ; D 1 - 2  END                    0.0211   -0.01759  0.01170
  81.   812   D 1 - 3 S 4 S 6 ; D 1 - 3 S 4 ; D 1 - 2 ; S 1 D 2  END                    0.0209   -0.01838  0.01004
  82.   493   D 1 - 4 ; D 1 - 3 S 5 ; S 1 D 2 S 3 ; D 1 S 2  END                        0.0209   -0.01788 -0.01090
  83.    66   D 1 - 3 S 4 ; D 1 - 3 ; D 1 S 2 D 3 ; S 1 D 2 S 3  END                    0.0209   -0.01504 -0.01451
  84.  2592   D 1 - 3 S 5 ; D 1 - 2 S 3 S 5 ; D 1 - 2 S 3 ; D 1 - 2  END                0.0209   -0.00505  0.02028
  85.   950   D 1 - 3 S 4 ; D 1 S 2 - 3 ; D 1 - 2 S 3 ; D 1 - 2 S 3 - 4  END            0.0205    0.00566  0.00282  0.00648  0.01630
                                                                                                 -0.00849
  86.    32   D 1 - 4 ; D 1 - 3 S 4 ; D 1 S 2 - 3 ; D 1 S 2  END                        0.0203    0.01721  0.01079
  87.   747   D 1 - 3 S 4 - 5 ; D 1 - 3 S 4 ; D 1 - 2 ; D 1 S 2  END                    0.0203    0.01795 -0.00951
  88.  1038   D 1 - 2 S 3 - 5 ; D 1 - 2 S 3 - 4 ; D 1 - 2 S 3 ; D 1 - 2  END            0.0203    0.01475 -0.00538  0.00394 -0.00268
                                                                                                  0.01191
  89.   852   D 1 - 3 S 4 ; D 1 - 3 ; D 1 S 2 - 4 ; D 1 S 2 - 3  END                    0.0203   -0.00275  0.01739  0.00915 -0.00332
                                                                                                 -0.00254
  90.  3038   D 1 - 3 S 4 - 5 ; D 1 S 2 D 3 ; D 1 S 2 - 3 ; D 1 - 2 S 4  END            0.0200   -0.00491  0.01491 -0.00734  0.00785
                                                                                                 -0.00614
  91.   834   D 1 - 3 S 6 ; D 1 - 3 ; D 1 - 2 S 3 ; S 1 D 2 S 3  END                    0.0200    0.00117 -0.01994
  92.   503   D 1 - 3 S 4 ; D 1 - 2 S 3 S 5 ; S 1 D 2 - 3 ; D 1 - 2  END                0.0200    0.01785 -0.00896
  93.  1071   D 1 S 2 D 3 S 4 ; D 1 - 3 S 4 ; D 1 - 2 S 3 S 5 ; D 1 S 2  END            0.0199   -0.00632 -0.00248  0.00107  0.01527
                                                                                                  0.01068
  94.    41   D 1 - 4 ; D 1 S 2 D 3 ; D 1 - 2 ; D 1 - 2 S 3  END                        0.0197    0.01970
  95.   443   D 1 - 4 ; D 1 - 2 S 3 ; D 1 - 2 ; D 1 - 2 S 4  END                        0.0197    0.01970
  96.  2833   D 1 - 2 S 3 - 5 ; D 1 - 3 ; D 1 - 2 S 3 ; D 1 S 2 S 4  END                0.0196   -0.00040 -0.00090  0.00111 -0.01561
                                                                                                 -0.01179
  97.  1258   D 1 - 3 S 4 ; D 1 S 2 D 3 S 4 ; D 1 S 2 - 4 ; D 1 - 2  END                0.0196   -0.00040 -0.01307  0.00859 -0.01076
                                                                                                  0.00494
  98.  2632   D 1 - 3 S 4 S 6 ; D 1 - 2 S 3 ; D 1 - 2 S 3 - 4 ; S 1 D 2  END            0.0191   -0.00113 -0.00125 -0.00329  0.01647
                                                                                                 -0.00899
  99.  1427   D 1 - 2 S 3 - 4 ; D 1 - 3 S 5 ; S 1 D 2 S 3 ; D 1 - 2 S 3  END            0.0191   -0.00113  0.01499  0.00608  0.00710
                                                                                                  0.00725
 100.  2542   D 1 - 3 S 4 ; D 1 - 2 S 3 S 5 ; D 1 - 2 S 3 ; D 1 S 2 S 4  END            0.0190   -0.00142 -0.00045 -0.00233  0.01586
                                                                                                 -0.01011




 POSITION OF FIRST SPIN COUPLING FOR TEN MOST IMPORTANT CONFIGURATIONS
       1      2      5      3    208     26    989     13     24    216



 ********************************
 RESULTS FOR ROOT   02
 TOTAL CI ENERGY =   -875.0631861
 ********************************

       CONF.                                                                           COEFF.
        NO.        SPACE ORBITAL PRODUCTS                                             CONTRIB.      CI COEFFICIENTS

       -----       ----------------------                                             --------   ---------------------
   1.   462   D 1 - 3 S 5 ; D 1 - 3 ; D 1 - 2 S 3 ; D 1 - 2  END                        0.5116   -0.51157
   2.     7   D 1 - 3 S 4 ; D 1 - 3 ; D 1 S 2 D 3 ; D 1 - 2  END                        0.5116    0.51157
   3.     4   D 1 - 3 S 4 ; D 1 - 2 S 3 - 4 ; D 1 - 2 S 3 ; D 1 - 2  END                0.2503   -0.18636 -0.16711
   4.     3   D 1 - 3 S 4 ; D 1 - 3 ; D 1 - 2 S 3 ; D 1 S 2 - 3  END                    0.2503    0.23790 -0.07783
   5.   452   D 1 - 3 S 4 ; D 1 - 3 ; D 1 - 2 S 4 ; D 1 - 2  END                        0.1973   -0.19734
   6.    11   D 1 - 2 S 3 D 4 ; D 1 - 3 ; D 1 - 2 S 3 ; D 1 - 2  END                    0.1973    0.19734
   7.   463   D 1 - 3 S 6 ; D 1 - 3 ; D 1 - 2 S 3 ; D 1 - 2  END                        0.1141    0.11415
   8.     8   D 1 - 3 S 4 ; D 1 - 3 ; S 1 D 2 - 3 ; D 1 - 2  END                        0.1141    0.11415
   9.   453   D 1 - 3 S 4 ; D 1 - 3 ; D 1 - 2 S 5 ; D 1 - 2  END                        0.0953    0.09529
  10.    12   D 1 S 2 D 3 - 4 ; D 1 - 3 ; D 1 - 2 S 3 ; D 1 - 2  END                    0.0953   -0.09529
  11.    31   D 1 - 3 ; D 1 - 3 S 4 ; D 1 - 3 ; S 1 D 2  END                            0.0831    0.08305
  12.   461   D 1 - 3 ; D 1 - 3 S 5 ; D 1 - 3 ; D 1 S 2  END                            0.0831    0.08305
  13.    35   D 1 - 3 S 4 ; D 1 - 2 S 3 - 4 ; D 1 S 2 D 3 ; D 1 - 2  END                0.0801    0.03236 -0.07325
  14.   777   D 1 - 3 S 5 ; D 1 - 3 ; D 1 - 2 S 3 ; D 1 S 2 - 3  END                    0.0801    0.04726  0.06465
  15.     5   D 1 - 4 ; D 1 - 2 S 3 ; D 1 - 3 ; D 1 S 2  END                            0.0690   -0.06899
  16.   133   D 1 - 3 ; D 1 - 3 S 4 ; D 1 - 2 ; D 1 - 2 S 3  END                        0.0690    0.06898
  17.   785   D 1 - 3 S 5 ; D 1 - 2 S 3 - 4 ; D 1 - 2 S 3 ; D 1 - 2  END                0.0591   -0.05124 -0.02951
  18.    34   D 1 - 3 S 4 ; D 1 - 3 ; D 1 S 2 D 3 ; D 1 S 2 - 3  END                    0.0591    0.05118 -0.02961
  19.   454   D 1 - 3 S 4 ; D 1 - 3 ; D 1 - 2 S 6 ; D 1 - 2  END                        0.0591    0.05908
  20.    13   S 1 D 2 - 4 ; D 1 - 3 ; D 1 - 2 S 3 ; D 1 - 2  END                        0.0591    0.05908
  21.   874   D 1 - 3 S 5 ; D 1 - 2 S 3 - 4 ; D 1 S 2 D 3 ; D 1 - 2  END                0.0582    0.02483 -0.05259
  22.   869   D 1 - 3 S 5 ; D 1 - 3 ; D 1 S 2 D 3 ; D 1 S 2 - 3  END                    0.0582    0.03312  0.04780
  23.   647   D 1 - 2 S 3 - 5 ; D 1 - 3 ; D 1 S 2 D 3 ; D 1 - 2  END                    0.0568   -0.02419 -0.05137
  24.  2685   D 1 - 3 S 5 ; D 1 - 3 ; D 1 S 2 - 4 ; D 1 - 2  END                        0.0568   -0.02419 -0.05137
  25.   504   D 1 - 3 S 5 ; D 1 - 3 ; S 1 D 2 - 3 ; D 1 - 2  END                        0.0506    0.05060
  26.   492   D 1 - 3 S 6 ; D 1 - 3 ; D 1 S 2 D 3 ; D 1 - 2  END                        0.0506    0.05060
  27.   543   D 1 - 2 S 3 - 5 ; D 1 - 3 ; D 1 - 2 S 3 ; D 1 - 2  END                    0.0487    0.04315 -0.02259
  28.   487   D 1 - 3 S 4 ; D 1 - 3 ; D 1 S 2 - 4 ; D 1 - 2  END                        0.0487    0.04315 -0.02259
  29.   544   D 1 - 2 S 3 - 4 S 6 ; D 1 - 3 ; D 1 - 2 S 3 ; D 1 - 2  END                0.0477    0.01095 -0.04642
  30.   500   D 1 - 3 S 4 ; D 1 - 3 ; S 1 D 2 S 3 - 4 ; D 1 - 2  END                    0.0477   -0.01095  0.04642
  31.   786   D 1 - 3 S 6 ; D 1 - 2 S 3 - 4 ; D 1 - 2 S 3 ; D 1 - 2  END                0.0467    0.04665 -0.00292
  32.    38   D 1 - 3 S 4 ; D 1 - 3 ; S 1 D 2 - 3 ; D 1 S 2 - 3  END                    0.0467    0.02080 -0.04186
  33.   457   D 1 - 3 S 4 ; D 1 - 2 S 3 S 5 ; D 1 - 2 S 3 ; D 1 - 2  END                0.0434   -0.00038 -0.04337
  34.    30   D 1 - 3 S 4 ; D 1 - 3 ; D 1 - 2 S 3 ; S 1 D 2 S 3  END                    0.0434   -0.03775 -0.02135
  35.   571   S 1 D 2 - 3 S 4 - 5 ; D 1 - 3 ; D 1 - 2 S 3 ; D 1 - 2  END                0.0406   -0.02725  0.03015
  36.   489   D 1 - 3 S 4 ; D 1 - 3 ; D 1 S 2 - 3 S 6 ; D 1 - 2  END                    0.0406    0.02725 -0.03015
  37.   455   D 1 - 3 S 4 - 5 ; D 1 - 2 S 3 ; D 1 - 3 ; D 1 S 2  END                    0.0405    0.04041  0.00336
  38.   155   D 1 - 3 ; D 1 - 3 S 4 ; D 1 S 2 - 3 ; D 1 - 2 S 3  END                    0.0405   -0.01729 -0.03667
  39.   129   D 1 - 3 S 4 ; D 1 - 2 S 3 - 4 ; D 1 - 2 S 3 ; D 1 S 2 - 3  END            0.0387    0.00000  0.02367 -0.01367  0.01367
                                                                                                  0.02367
  40.     9   D 1 - 4 ; D 1 S 2 D 3 ; D 1 - 3 ; D 1 S 2  END                            0.0373   -0.03728
  41.   779   D 1 - 3 ; D 1 - 3 S 4 ; D 1 - 2 ; D 1 - 2 S 4  END                        0.0373    0.03728
  42.   134   D 1 - 3 ; D 1 - 2 S 3 D 4 ; D 1 - 3 ; D 1 S 2  END                        0.0367   -0.03673
  43.   132   D 1 - 3 ; D 1 - 3 S 4 ; D 1 - 3 ; D 1 S 3  END                            0.0367    0.03673
  44.    54   D 1 - 2 S 3 - 4 ; D 1 - 3 S 4 ; D 1 - 3 ; D 1 S 2  END                    0.0361   -0.03575 -0.00519
  45.   774   D 1 - 3 ; D 1 - 3 S 4 ; D 1 - 2 S 3 - 4 ; D 1 S 2  END                    0.0361    0.01338  0.03356
  46.   152   D 1 - 3 S 4 ; D 1 - 2 S 3 - 4 ; D 1 S 2 D 3 ; D 1 S 2 - 3  END            0.0353    0.00817  0.00374  0.00281 -0.02009
                                                                                                  0.02746
  47.  1759   D 1 - 3 S 5 ; D 1 - 2 S 3 - 4 ; D 1 - 2 S 3 ; D 1 S 2 - 3  END            0.0353   -0.00817  0.00974 -0.01059  0.02787
                                                                                                 -0.01398
  48.   761   D 1 - 3 S 4 ; D 1 - 2 S 3 - 4 ; D 1 - 2 S 5 ; D 1 - 2  END                0.0346    0.01184 -0.03254
  49.    56   D 1 S 2 D 3 - 4 ; D 1 - 3 ; D 1 - 2 S 3 ; D 1 S 2 - 3  END                0.0346    0.02226  0.02653
  50.    52   D 1 - 2 S 3 D 4 ; D 1 - 3 ; D 1 - 2 S 3 ; D 1 S 2 - 3  END                0.0345   -0.03210 -0.01277
  51.   760   D 1 - 3 S 4 ; D 1 - 2 S 3 - 4 ; D 1 - 2 S 4 ; D 1 - 2  END                0.0345    0.00499  0.03418
  52.   611   D 1 - 3 S 4 ; D 1 S 2 D 3 S 5 ; D 1 S 2 D 3 ; D 1 - 2  END                0.0337    0.00926  0.03239
  53.  2637   D 1 - 3 S 5 ; D 1 - 3 ; D 1 - 2 S 3 ; S 1 D 2 S 4  END                    0.0337    0.03268  0.00817
  54.  1030   D 1 - 2 S 3 - 5 ; D 1 - 3 ; D 1 - 2 S 3 ; D 1 S 2 - 3  END                0.0316    0.00751 -0.01137 -0.01759 -0.01381
                                                                                                 -0.01762
  55.   861   D 1 - 3 S 4 ; D 1 - 2 S 3 - 4 ; D 1 S 2 - 4 ; D 1 - 2  END                0.0316   -0.00751  0.00627 -0.01675  0.00646
                                                                                                 -0.02405
  56.   959   D 1 - 3 S 5 ; D 1 S 2 D 3 S 4 ; D 1 - 2 S 3 ; D 1 - 2  END                0.0311   -0.02306 -0.02082
  57.   485   D 1 - 3 S 4 ; D 1 - 3 ; D 1 S 2 D 3 ; D 1 S 2 S 4  END                    0.0311    0.02956 -0.00956
  58.   747   D 1 - 3 S 4 - 5 ; D 1 - 3 S 4 ; D 1 - 2 ; D 1 S 2  END                    0.0307   -0.02738 -0.01390
  59.    32   D 1 - 4 ; D 1 - 3 S 4 ; D 1 S 2 - 3 ; D 1 S 2  END                        0.0307    0.00165  0.03066
  60.   486   D 1 - 3 S 4 ; D 1 - 3 ; D 1 S 2 D 3 ; D 1 S 2 S 5  END                    0.0277   -0.02639  0.00840
  61.  1006   D 1 - 3 S 5 ; S 1 D 2 - 3 S 4 ; D 1 - 2 S 3 ; D 1 - 2  END                0.0277   -0.02047 -0.01865
  62.   515   D 1 - 3 S 4 ; D 1 S 2 D 3 S 5 ; D 1 - 2 S 3 ; D 1 - 2  END                0.0269    0.02295  0.01406
  63.   475   D 1 - 3 S 4 ; D 1 - 3 ; D 1 - 2 S 3 ; S 1 D 2 S 4  END                    0.0269    0.02365 -0.01285
  64.  2856   D 1 - 2 S 3 D 5 ; D 1 - 3 ; D 1 - 2 S 3 ; D 1 - 2  END                    0.0269   -0.02691
  65.   588   D 1 - 3 S 4 ; D 1 - 3 ; D 1 D 3 S 4 ; D 1 - 2  END                        0.0269    0.02691
  66.   558   D 1 S 2 D 3 S 4 S 6 ; D 1 - 3 ; D 1 - 2 S 3 ; D 1 - 2  END                0.0263   -0.00356  0.02603
  67.   501   D 1 - 3 S 4 ; D 1 - 3 ; S 1 D 2 S 3 S 5 ; D 1 - 2  END                    0.0263    0.00356 -0.02603
  68.  2593   D 1 - 3 S 6 ; D 1 - 2 S 3 S 5 ; D 1 - 2 S 3 ; D 1 - 2  END                0.0259   -0.02434 -0.00874
  69.    69   D 1 - 3 S 4 ; D 1 - 3 ; S 1 D 2 - 3 ; S 1 D 2 S 3  END                    0.0259    0.01974 -0.01671
  70.   759   D 1 - 3 S 4 ; D 1 - 2 S 3 S 5 ; D 1 - 2 S 3 ; D 1 S 2 - 3  END            0.0244   -0.00161  0.00165  0.01350  0.00695
                                                                                                  0.01893
  71.   141   D 1 - 3 S 4 ; D 1 - 2 S 3 - 4 ; D 1 - 2 S 3 ; S 1 D 2 S 3  END            0.0244   -0.00161 -0.01095  0.02077 -0.00032
                                                                                                  0.00633
  72.   778   D 1 - 3 S 6 ; D 1 - 3 ; D 1 - 2 S 3 ; D 1 S 2 - 3  END                    0.0242   -0.01603  0.01809
  73.    39   D 1 - 3 S 4 ; D 1 - 2 S 3 - 4 ; S 1 D 2 - 3 ; D 1 - 2  END                0.0242   -0.02368 -0.00484
  74.   584   D 1 - 3 S 4 ; D 1 - 3 ; D 1 S 2 D 3 ; S 1 D 2 S 4  END                    0.0239    0.01998 -0.01314
  75.  2773   D 1 - 3 S 5 ; D 1 S 2 D 3 S 5 ; D 1 - 2 S 3 ; D 1 - 2  END                0.0239    0.02137  0.01073
  76.   557   D 1 S 2 D 3 S 4 - 5 ; D 1 - 3 ; D 1 - 2 S 3 ; D 1 - 2  END                0.0237    0.00182 -0.02358
  77.   488   D 1 - 3 S 4 ; D 1 - 3 ; D 1 S 2 - 3 S 5 ; D 1 - 2  END                    0.0237    0.00182 -0.02358
  78.   775   D 1 - 3 ; D 1 - 3 S 4 ; D 1 - 2 S 3 S 5 ; D 1 S 2  END                    0.0234   -0.02212 -0.00761
  79.    58   D 1 S 2 D 3 S 4 ; D 1 - 3 S 4 ; D 1 - 3 ; D 1 S 2  END                    0.0234    0.01765 -0.01535
  80.   528   D 1 - 3 S 4 - 5 ; S 1 D 2 - 3 ; D 1 - 3 ; D 1 S 2  END                    0.0230    0.00418  0.02259
  81.   872   D 1 - 3 ; D 1 - 3 S 4 ; D 1 S 2 - 3 ; D 1 - 2 S 5  END                    0.0230   -0.01748  0.01491
  82.   124   D 1 - 4 ; D 1 - 2 S 3 D 4 ; D 1 - 2 ; D 1 S 2  END                        0.0228    0.02278
  83.   123   D 1 - 4 ; D 1 - 3 S 4 ; D 1 - 2 ; D 1 S 3  END                            0.0228   -0.02278
  84.   182   D 1 - 2 S 3 D 4 ; D 1 - 2 S 3 - 4 ; D 1 - 2 S 3 ; D 1 S 2 - 3  END        0.0227    0.00718 -0.00269 -0.00141 -0.02133
                                                                                                 -0.00111
  85.  1730   D 1 - 3 S 4 ; D 1 - 2 S 3 - 4 ; D 1 - 2 S 4 ; D 1 S 2 - 3  END            0.0227   -0.00718 -0.00879  0.00804  0.01470
                                                                                                 -0.01036
  86.   437   D 1 - 4 S 5 ; D 1 - 3 ; D 1 - 2 S 3 ; D 1  END                            0.0221    0.02208
  87.   150   D 1 - 3 S 4 ; D 1 - 4 ; D 1 S 2 ; D 1 - 2  END                            0.0221   -0.02208
  88.   960   D 1 - 3 S 6 ; D 1 S 2 D 3 S 4 ; D 1 - 2 S 3 ; D 1 - 2  END                0.0218    0.02016  0.00841
  89.   498   D 1 - 3 S 4 ; D 1 - 3 ; S 1 D 2 - 3 ; D 1 S 2 S 4  END                    0.0218    0.01737 -0.01325
  90.   450   D 1 - 3 S 4 ; D 1 - 3 ; D 1 - 2 S 3 ; D 1 S 2 S 4  END                    0.0217    0.01850 -0.01132
  91.    44   D 1 - 3 S 4 ; D 1 S 2 D 3 S 4 ; D 1 - 2 S 3 ; D 1 - 2  END                0.0217   -0.01905 -0.01036
  92.   545   D 1 - 2 S 3 - 4 ; D 1 - 2 S 3 ; D 1 - 3 ; D 1 - 2 S 4  END                0.0216   -0.01730 -0.01298
  93.   961   D 1 - 3 ; D 1 S 2 D 3 ; D 1 - 2 S 3 - 4 ; D 1 - 2 S 3  END                0.0216   -0.00260  0.02147
  94.   169   D 1 - 3 S 4 ; D 1 S 2 D 3 S 4 ; D 1 - 2 S 3 ; D 1 S 2 - 3  END            0.0215    0.00261 -0.00245 -0.00727  0.01283
                                                                                                  0.01523
  95.   757   D 1 - 3 S 4 ; D 1 - 2 S 3 - 4 ; D 1 - 2 S 3 ; D 1 S 2 S 4  END            0.0215   -0.00261  0.02074 -0.00329 -0.00227
                                                                                                  0.00306
  96.  2565   D 1 - 3 S 5 ; D 1 - 3 ; D 1 - 2 S 3 ; D 1 S 2 S 5  END                    0.0215   -0.02008  0.00760
  97.    82   D 1 - 3 S 4 ; S 1 D 2 - 3 S 4 ; D 1 S 2 D 3 ; D 1 - 2  END                0.0215   -0.01662 -0.01360
  98.   607   D 1 - 3 S 4 - 5 ; D 1 S 2 D 3 ; D 1 - 3 ; S 1 D 2  END                    0.0213    0.00804  0.01976
  99.  2691   D 1 - 3 ; D 1 - 3 S 5 ; D 1 S 2 - 3 ; D 1 - 2 S 4  END                    0.0213   -0.01310  0.01684
 100.   749   D 1 - 3 S 4 ; D 1 - 3 ; D 1 - 2 S 4 ; D 1 S 2 - 3  END                    0.0212   -0.01430  0.01562




 POSITION OF FIRST SPIN COUPLING FOR TEN MOST IMPORTANT CONFIGURATIONS
    1002      9      5      3    989     13   1003     10    990     14



 ELAPSED TIME =       6.70 CPU SECONDS. (      6.70 WALL CLOCK SECONDS)
