 ************************************************************************
 * CISTAR - CONFIGURATION INTERACTION/PERTURBATION THEORY PROGRAM       *
 * QUANTUM CHEMISTRY GROUP - INDIANA UNIVERSITY - 30Aug 2010  20:53:40  *
 ************************************************************************



 THE TRANSFORMED INTEGRALS ARE TITLED: dumm                                    
 THE FILE IS DATED:                     30Aug 2010  20:24:53 
 THE NUMBER OF ORBITALS FROM FILE 16 IS  22.


                         CI RUN TITLE
                         -- --- -----
 ) * H2O  -SINGLET A1-  STO-3G HF SD-CI TEST CASE *


 ) $
 ) $ GENERAL OPTIONS LIST INPUT
 ) $
 )MRSDCI=100      $ REQUEST UP TO SD EXCITATIONS FROM THESE CONFIGURATION
 )ISYMMETRY=3       $ SPECIFY Ag OVERALL SYMMETR
 )MULTIPLICITY=1       $ SPECIFY SPIN MULTIPLICITY
 )END
 TIME TO PROCESS FORMULA FILE = 0.0 CPU SEC. ( 0.0 WALL CLOCK SEC.)

            THE REFERENCE SPACE CONFIGURATIONS
            --- --------- ----- --------------
 ) $
 ) $ SPECIFY THE HARTREE-FOCK CONFIGURATION
 ) $
 )  D 1 - 3 S 4 ; D 1 - 3 ; D 1 - 2 S 3 ; D 1 - 2  END
 )  D 1 - 3 ; D 1 - 2 S 3 ; D 1 - 3 ; D 1 - 2 S 3  END
 )  D 1 - 3 S 4 ; D 1 - 3 ; D 1 - 2 S 3 ; D 1 S 2 - 3  END
 )  D 1 - 3 S 4 ; D 1 - 2 S 3 - 4 ; D 1 - 2 S 3 ; D 1 - 2  END
 )  D 1 - 3 S 4 ; D 1 - 2 S 3 - 4 ; D 1 - 2 S 3 ; D 1 S 2 - 3  END
 )  D 1 - 4 ; D 1 - 2 S 3 ; D 1 - 2 ; D 1 - 2 S 3  END
 )  D 1 - 4 ; D 1 - 3 S 4 ; D 1 - 2 ; D 1 S 2  END
 )  D 1 - 3 ; D 1 - 3 S 4 ; D 1 - 2 ; D 1 - 2 S 3  END
 )  D 1 - 4 ; D 1 - 2 S 3 ; D 1 - 3 ; D 1 S 2  END
 )  D 1 - 3 S 4 ; D 1 - 3 ; D 1 - 2 S 4 ; D 1 - 2  END
 )  D 1 - 2 S 3 D 4 ; D 1 - 3 ; D 1 - 2 S 3 ; D 1 - 2  END
 )  D 1 - 3 S 4 ; D 1 - 4 ; D 1 - 2 S 3 ; D 1  END
 )  D 1 - 3 ; D 1 - 3 S 4 ; D 1 - 2 ; D 1 - 2 S 4  END
 )  D 1 - 4 ; D 1 S 2 D 3 ; D 1 - 3 ; D 1 S 2  END
 )  D 1 - 3 S 4 ; D 1 - 3 ; D 1 S 2 D 3 ; D 1 S 2 - 3  END
 )  D 1 - 3 S 5 ; D 1 - 2 S 3 - 4 ; D 1 - 2 S 3 ; D 1 - 2  END
 )  D 1 - 3 S 4 ; D 1 - 2 S 3 - 4 ; D 1 S 2 D 3 ; D 1 - 2  END
 )  D 1 - 3 S 5 ; D 1 - 3 ; D 1 - 2 S 3 ; D 1 S 2 - 3  END
 )  D 1 - 3 S 4 ; D 1 - 3 ; D 1 S 2 - 4 ; D 1 - 2  END
 )  D 1 - 2 S 3 - 5 ; D 1 - 3 ; D 1 - 2 S 3 ; D 1 - 2  END
 )  D 1 - 3 S 4 - 5 ; D 1 - 3 S 4 ; D 1 S 2 - 3 ; D 1 S 2  END
 )  D 1 - 3 S 4 ; D 1 - 3 S 4 - 5 ; D 1 - 2 S 3 ; S 1 - 2  END
 )  D 1 - 2 S 3 - 4 ; D 1 - 3 S 4 ; D 1 - 2 S 3 - 4 ; D 1 S 2  END
 )  D 1 - 3 S 5 ; D 1 - 3 ; D 1 - 2 S 4 ; D 1 - 2  END
 )  D 1 - 2 S 3 D 4 ; D 1 - 3 ; D 1 S 2 D 3 ; D 1 - 2  END
 )  D 1 - 3 S 4 - 5 ; D 1 - 2 S 3 ; D 1 S 2 - 3 ; D 1 - 2 S 3  END
 )  D 1 - 3 S 6 ; D 1 - 3 ; S 1 D 2 - 3 ; D 1 - 2  END
 )  D 1 - 3 ; D 1 - 3 S 4 ; D 1 - 3 ; D 1 S 2  END
 )  D 1 - 4 S 6 ; D 1 - 3 ; S 1 D 2 ; D 1 - 2  END
 )  D 1 - 3 ; D 1 S 2 D 3 ; D 1 - 3 ; D 1 - 2 S 3  END
 )  D 1 - 3 ; D 1 - 2 S 3 ; D 1 - 3 ; D 1 - 2 S 4  END
 )  D 1 - 2 S 3 - 4 ; D 1 - 3 S 4 ; D 1 S 2 - 3 ; D 1 - 2 S 3  END
 )  D 1 - 3 S 4 - 5 ; D 1 - 2 S 3 ; D 1 - 2 S 3 - 4 ; D 1 S 2  END
 )  D 1 - 4 S 5 ; D 1 - 3 ; D 1 S 2 ; D 1 - 2  END
 )  D 1 - 3 S 4 ; D 1 - 2 S 3 S 5 ; D 1 - 2 S 3 ; S 1 D 2 S 3  END
 )  D 1 - 2 S 3 - 5 ; D 1 - 3 ; D 1 S 2 - 4 ; D 1 - 2  END
 )  D 1 - 3 S 4 - 5 ; D 1 - 2 S 3 ; D 1 - 3 ; S 1 D 2  END
 )  D 1 - 3 ; D 1 - 3 S 5 ; D 1 S 2 - 3 ; D 1 - 2 S 3  END
 )  D 1 - 2 S 3 D 4 ; D 1 - 3 ; D 1 - 2 S 3 ; D 1 S 2 - 3  END
 )  D 1 - 3 S 4 ; D 1 - 2 S 3 - 4 ; D 1 - 2 S 4 ; D 1 - 2  END
 )  D 1 - 2 S 3 - 4 ; D 1 - 2 S 3 ; D 1 - 2 S 3 - 4 ; D 1 - 2 S 3  END
 )  D 1 - 2 S 3 ; D 1 - 3 ; D 1 - 3 S 4 ; D 1 - 2  END
 )  D 1 - 3 S 4 ; D 1 S 2 D 3 S 4 ; D 1 - 2 S 3 ; D 1 S 2 S 4  END
 )  D 1 S 2 D 3 - 4 ; D 1 - 3 ; D 1 S 2 D 3 ; D 1 - 2  END
 )  D 1 - 3 S 5 ; D 1 - 3 ; D 1 - 2 S 5 ; D 1 - 2  END
 )  D 1 - 3 S 4 S 6 ; D 1 - 3 S 4 ; S 1 D 2 S 3 ; D 1 S 2  END
 )  D 1 - 3 S 4 D 5 ; D 1 - 3 ; D 1 S 3 ; D 1 - 2  END
 )  D 1 - 2 S 3 ; D 1 - 3 S 4 - 5 ; D 1 - 2 S 3 ; D 1 - 2  END
 )  D 1 - 3 S 4 ; D 1 - 3 ; D 1 - 3 S 4 ; S 1 - 2  END
 )  D 1 - 2 S 3 - 4 ; D 1 - 3 S 4 ; D 1 - 2 ; D 1 - 2 S 3  END
 )  D 1 - 4 ; D 1 - 2 S 3 ; D 1 - 2 S 3 - 4 ; D 1 S 2  END
 )  D 1 - 3 S 4 S 6 ; D 1 - 2 S 3 ; S 1 D 2 S 3 ; D 1 - 2 S 3  END
 )  D 1 - 3 ; D 1 S 2 D 3 ; D 1 - 3 ; D 1 - 2 S 4  END
 )  D 1 - 3 S 4 - 5 ; D 1 - 3 S 4 ; D 1 S 2 - 3 ; S 1 D 2  END
 )  D 1 - 3 S 4 - 5 ; D 1 - 3 S 5 ; D 1 S 2 - 3 ; D 1 S 2  END
 )  D 1 - 2 S 3 - 5 ; D 1 - 3 ; D 1 - 2 S 3 ; D 1 S 2 - 3  END
 )  D 1 - 3 S 4 ; D 1 - 2 S 3 - 4 ; D 1 S 2 - 4 ; D 1 - 2  END
 )  D 1 - 3 S 4 ; D 1 - 3 ; D 1 - 2 S 3 ; S 1 D 2 S 4  END
 )  D 1 - 4 ; D 1 - 3 S 5 ; D 1 - 2 ; S 1 D 2  END
 )  D 1 - 3 S 4 ; D 1 S 2 D 3 S 5 ; D 1 - 2 S 3 ; D 1 - 2  END
 )  D 1 - 3 S 4 ; D 1 - 3 ; D 1 - 2 S 4 ; D 1 S 2 - 3  END
 )  D 1 - 2 S 3 D 4 ; D 1 - 2 S 3 - 4 ; D 1 - 2 S 3 ; D 1 - 2  END
 )  D 1 - 3 S 5 ; D 1 - 3 ; D 1 - 2 S 3 ; D 1 - 2  END
 )  D 1 - 3 S 4 ; D 1 - 3 ; D 1 S 2 D 3 ; D 1 - 2  END
 )  D 1 - 3 ; D 1 - 3 S 5 ; D 1 - 2 ; D 1 - 2 S 4  END
 )  D 1 - 4 ; D 1 S 2 D 3 ; D 1 - 3 ; S 1 D 2  END
 )  D 1 - 3 S 4 - 5 ; D 1 - 3 S 5 ; D 1 S 2 - 3 ; S 1 D 2  END
 )  D 1 - 2 S 3 - 4 ; D 1 - 3 S 4 ; D 1 - 3 ; S 1 D 2  END
 )  D 1 - 3 ; D 1 - 3 S 5 ; D 1 - 2 S 3 - 4 ; D 1 S 2  END
 )  D 1 - 3 S 4 - 5 ; D 1 - 3 S 4 ; D 1 - 2 ; D 1 S 2  END
 )  D 1 - 4 ; D 1 - 3 S 4 ; D 1 S 2 - 3 ; D 1 S 2  END
 )  D 1 - 4 S 6 ; D 1 - 3 ; D 1 - 2 S 3 ; S 1 - 2  END
 )  D 1 - 3 S 4 ; D 1 - 3 S 4 - 5 ; S 1 D 2 ; D 1 - 2  END
 )  D 1 - 4 ; D 1 - 3 S 5 ; S 1 D 2 S 3 ; D 1 S 2  END
 )  D 1 - 3 S 4 S 6 ; D 1 - 3 S 4 ; D 1 - 2 ; S 1 D 2  END
 )  D 1 - 2 S 3 - 5 ; D 1 - 3 ; D 1 - 2 S 3 ; S 1 D 2 S 3  END
 )  D 1 - 3 S 4 ; D 1 - 2 S 3 S 5 ; D 1 S 2 - 4 ; D 1 - 2  END
 )  D 1 - 2 S 3 - 4 ; D 1 - 2 S 3 ; D 1 - 3 ; D 1 - 2 S 3  END
 )  D 1 - 3 ; D 1 - 2 S 3 ; D 1 - 2 S 3 - 4 ; D 1 - 2 S 3  END
 )  D 1 S 2 D 3 - 4 ; D 1 - 3 ; D 1 - 2 S 3 ; D 1 - 2  END
 )  D 1 - 3 S 4 ; D 1 - 3 ; D 1 - 2 S 5 ; D 1 - 2  END
 )  D 1 - 2 S 3 - 4 ; D 1 - 3 S 5 ; D 1 - 2 S 3 - 4 ; S 1 D 2  END
 )  D 1 - 3 S 5 ; D 1 - 2 S 3 S 5 ; D 1 - 2 S 3 ; D 1 - 2  END
 )  D 1 - 3 S 4 ; D 1 - 3 ; D 1 S 2 D 3 ; S 1 D 2 S 3  END
 )  S 1 D 2 - 4 ; D 1 - 3 ; S 1 D 2 - 3 ; D 1 - 2  END
 )  D 1 - 3 S 6 ; D 1 - 3 ; D 1 - 2 S 6 ; D 1 - 2  END
 )  D 1 - 3 S 4 ; D 1 - 2 S 3 S 5 ; S 1 D 2 - 3 ; D 1 - 2  END
 )  D 1 - 3 S 6 ; D 1 - 3 ; D 1 - 2 S 3 ; S 1 D 2 S 3  END
 )  D 1 - 2 S 3 - 4 ; D 1 - 3 S 4 ; D 1 - 2 ; D 1 - 2 S 4  END
 )  D 1 - 4 ; D 1 S 2 D 3 ; D 1 - 2 S 3 - 4 ; D 1 S 2  END
 )  D 1 - 3 S 4 ; D 1 S 2 D 3 S 4 ; D 1 S 2 - 4 ; D 1 - 2  END
 )  D 1 - 2 S 3 - 5 ; D 1 - 3 ; D 1 - 2 S 3 ; D 1 S 2 S 4  END
 )  D 1 - 3 S 4 ; D 1 S 2 - 3 ; D 1 - 2 S 3 ; D 1 - 2 S 3 - 4  END
 )  D 1 S 2 D 3 S 4 ; D 1 - 3 S 4 ; D 1 - 2 S 3 S 5 ; D 1 S 2  END
 )  D 1 - 4 ; D 1 S 2 D 3 ; D 1 - 2 ; D 1 - 2 S 3  END
 )  D 1 - 4 ; D 1 - 2 S 3 ; D 1 - 2 ; D 1 - 2 S 4  END
 )  D 1 - 3 S 4 - 5 ; D 1 S 2 D 3 ; D 1 S 2 - 3 ; D 1 - 2 S 4  END
 )  D 1 - 3 ; D 1 - 3 S 4 ; D 1 - 2 ; D 1 - 2 S 5  END
 )  D 1 - 4 ; S 1 D 2 - 3 ; D 1 - 3 ; D 1 S 2  END
 )  D 1 - 3 S 4 ; D 1 - 3 ; D 1 S 2 - 4 ; D 1 S 2 - 3  END

               INTERNALLY GENERATED ORBITAL SETS (MR SD-CI TYPE 1)
               ---------- --------- ------- ---------------------
 MIN. MAX.
 OCC. OCC.
   0   4   0000110001100011100111
  18  24   1111001110011100011000
 THE REFERENCE SPACE CONTAINS 244 SPIN-ADAPTED CONFIGURATIONS.


     84247 SPACE ORBITAL PRODUCTS (   502390 SPIN-ADAPTED CONFIGURATIONS)
 WERE GENERATED IN     0.2 CPU SECONDS.
 TIME IN DIAGC    0.1


 THE TOTAL NUMBER OF SPACE ORBITAL PRODUCTS IS          84247
 THE TOTAL NUMBER OF SPIN-ADAPTED CONFIGURATIONS IS    502390
 THE MAX. NUMBER OF SPIN COUPLINGS IN A S.O.P. IS   14
 THERE WILL BE         2 INTEGRAL LOADS UTILIZING  19995967 WORDS OF MEMORY.
 writ50, first, nrec= T       15872
 A TOTAL OF 15365292 NONZERO S.O.P. PAIRS WERE FOUND.
 TIME TO FIND (I,J) PAIRS =   36.83 CPU SECONDS.
 THE VALUE OF THE H(1,1) ELEMENT IS  -874.2030510

          HAMILTONIAN MATRIX STORAGE DATA
 I/O   NO. OF    NO. OF     FILE SIZE    PERCENT NONZERO
 FILE  RECORDS   ELEMENTS   (IN BYTES)    IN ALL BLOCKS
  12         4    1004780      8038260
  13      2132    2026065     34120528
  17     82320  326072987   1459177884      62.9
  18      4795   37880661    460339180
  19      1605   12793411    128406420
  20      1178    9409533     75396712
 TOTAL ELAPSED TIME =   105.1 CPU SECONDS AND      118.0 WALL CLOCK SECONDS.
