 ************************************************************************
 * RTSIM - DAVIDSON METHOD SPARSE MATRIX EIGENVALUE/EIGENVECTOR PROGRAM *
 * QUANTUM CHEMISTRY GROUP - INDIANA UNIVERSITY - 30Aug 2010  20:33:13  *
 ************************************************************************



                 DIAGONALIZATION RUN TITLE
                 -------------------------
 )* WATER TEST *



 ) DAVIDSON
 ) LAST=2
 ) COEFF
 ) NOVLP
 ) MAXITR=1000 END

 THE CI MATRIX IS TITLED:  H2O  -SINGLET A1-  STO-3G HF SD-CI TEST
 THE MATRIX IS DATED:     30Aug 2010  20:32:08 
 THE SPIN MULTIPLICITY IS 1 AND THE DIMENSION IS 338727.

 ROOTS  1 THROUGH  2 WILL BE OBTAINED.

  
  
  
 AMOUNT OF CORE AVAILABLE                      30000000
 MAXIMUM NUMBER OF VECTORS PER ITERATION              2
 MAXIMUM NUMBER OF VECTORS ON DISK                   16
 NUMBER OF SOLUTIONS SOUGHT                           2
 NUMBER OF SOLUTIONS INVESTIGATED                     2
 SIZE OF MATRIX DIAGONALISED                     338727
  
  
 INITIAL GUESS AT ROOTS (OBTAINED FROM DIAGONAL ELEMENTS OF HAMILTONIAN MATRIX)

                1        -874.20305
              457        -871.94485


 ITERATION       ROOT           EIGENVALUE          NORM OF RESIDUAL
     1             1          -874.21589176              6.60143
     1             2          -871.93200907              6.71253
     2             1          -876.79414822              7.05291
     2             2          -872.58645528             13.58870
     2             1          -876.79414822              3.71885
     2             2          -872.58645528              6.24418
     3             1          -877.39311770              4.54873
     3             2          -875.01633319             12.27496
     3             1          -877.39311770              1.61459
     3             2          -875.01633319              3.96888
     4             1          -877.48713310              2.05906
     4             2          -875.80992003              7.04147
     4             1          -877.48713310              0.76948
     4             2          -875.80992003              2.23388
     5             1          -877.50880299              1.22809
     5             2          -876.04797547              4.73254
     5             1          -877.50880299              0.40988
     5             2          -876.04797547              1.42565
     6             1          -877.51513305              0.79326
     6             2          -876.15207547              4.08291
     6             1          -877.51513305              0.22114
     6             2          -876.15207547              1.01718
     7             1          -877.51679354              0.46103
     7             2          -876.19916648              3.37109
     7             1          -877.51679354              0.12068
     7             2          -876.19916648              0.66416
     8             1          -877.51730483              0.30746
     8             2          -876.21748909              2.38997
  truncating with vlp=false 
 TRUNCATION TO 1 VECTOR PER ROOT HAS BEEN PERFORMED
     8             1          -877.51730483              0.07020
     8             2          -876.21748909              0.42622
     9             1          -877.51743148              0.06633
     9             2          -876.22314031              0.50305
     9             1          -877.51743148              0.04089
     9             2          -876.22314031              0.27820
    10             1          -877.51750734              0.14218
    10             2          -876.22846964              1.64805
    10             1          -877.51750734              0.02851
    10             2          -876.22846964              0.27791
    11             1          -877.51753927              0.11581
    11             2          -876.23323607              2.43442
    11             1          -877.51753927              0.01707
    11             2          -876.23323607              0.26260
    12             1          -877.51754991              0.06619
    12             2          -876.23724335              2.63800
    12             1          -877.51754991              0.00994
    12             2          -876.23724335              0.22671
    13             1          -877.51755376              0.03935
    13             2          -876.23995584              2.13193
    13             1          -877.51755376              0.00566
    13             2          -876.23995584              0.16512
    14             1          -877.51755502              0.02211
    14             2          -876.24120153              1.23483
    14             1          -877.51755502              0.00294
    14             2          -876.24120153              0.10650
    15             1          -877.51755534              0.01077
    15             2          -876.24168201              0.64676
  truncating with vlp=false 
 TRUNCATION TO 1 VECTOR PER ROOT HAS BEEN PERFORMED
    15             1          -877.51755534              0.00160
    15             2          -876.24168201              0.07311
    16             1          -877.51755541              0.00147
    16             2          -876.24189390              0.10017
    16             1          -877.51755541              0.00097
    16             2          -876.24189390              0.05916
    17             1          -877.51755547              0.00401
    17             2          -876.24214522              0.36840
    17             1          -877.51755547              0.00073
    17             2          -876.24214522              0.05749
    18             1          -877.51755549              0.00310
    18             2          -876.24235310              0.49925
    18             1          -877.51755549              0.00039
    18             2          -876.24235310              0.05126
    19             1          -877.51755549              0.00131
    19             2          -876.24247734              0.38630
    19             1          -877.51755549              0.00021
    19             2          -876.24247734              0.03864
    20             1          -877.51755549              0.00083
    20             2          -876.24255161              0.30631
    20             1          -877.51755549              0.00012
    20             2          -876.24255161              0.02860
    21             1          -877.51755549              0.00047
    21             2          -876.24259153              0.22618
    21             1          -877.51755549              0.00007
    21             2          -876.24259153              0.02055
     ROOT    ITERATION     NUMBER OF PRODUCTS       EIGENVALUE
       1        21                40                -877.5175554932


    22             2          -876.24261384              0.17453
    22             2          -876.24261384              0.01912
    23             2          -876.24264109              0.26099
  truncating with vlp=false 
 TRUNCATION TO 1 VECTOR PER ROOT HAS BEEN PERFORMED
    23             2          -876.24264109              0.01352
    24             2          -876.24264658              0.01275
    24             2          -876.24264658              0.00771
    25             2          -876.24265017              0.03323
    25             2          -876.24265017              0.00745
    26             2          -876.24265322              0.04692
    26             2          -876.24265322              0.00685
    27             2          -876.24265559              0.04919
    27             2          -876.24265559              0.00538
    28             2          -876.24265703              0.03846
    28             2          -876.24265703              0.00421
    29             2          -876.24265783              0.02791
    29             2          -876.24265783              0.00273
    30             2          -876.24265817              0.01601
    30             2          -876.24265817              0.00211
    31             2          -876.24265839              0.01503
    31             2          -876.24265839              0.00185
    32             2          -876.24265857              0.01532
    32             2          -876.24265857              0.00145
    33             2          -876.24265868              0.01188
    33             2          -876.24265868              0.00119
    34             2          -876.24265874              0.00906
    34             2          -876.24265874              0.00095
    35             2          -876.24265878              0.00709
    35             2          -876.24265878              0.00070
    36             2          -876.24265881              0.00469
    36             2          -876.24265881              0.00049
    37             2          -876.24265882              0.00323
  truncating with vlp=false 
 TRUNCATION TO 1 VECTOR PER ROOT HAS BEEN PERFORMED
    37             2          -876.24265882              0.00031
    38             2          -876.24265882              0.00030
    38             2          -876.24265882              0.00018
    39             2          -876.24265882              0.00084
    39             2          -876.24265882              0.00017
    40             2          -876.24265882              0.00092
    40             2          -876.24265882              0.00012
    41             2          -876.24265882              0.00057
    41             2          -876.24265882              0.00008
     ROOT    ITERATION     NUMBER OF PRODUCTS       EIGENVALUE
       2        41                60                -876.2426588225


  all roots converged 
  

 ************************************
 COMPLETED CI VECTOR OPTIMISATION
 ************************************





 ********************************
 RESULTS FOR ROOT   01
 TOTAL CI ENERGY =   -877.5175555
 ********************************

       CONF.                                                                           COEFF.
        NO.        SPACE ORBITAL PRODUCTS                                             CONTRIB.      CI COEFFICIENTS

       -----       ----------------------                                             --------   ---------------------
   1.     1   D 1 - 3 S 4 ; D 1 - 3 ; D 1 - 2 S 3 ; D 1 - 2  END                        0.8634   -0.86339
   2.     2   D 1 - 3 ; D 1 - 2 S 3 ; D 1 - 3 ; D 1 - 2 S 3  END                        0.1188   -0.11876
   3.     3   D 1 - 3 S 4 ; D 1 - 3 ; D 1 - 2 S 3 ; D 1 S 2 - 3  END                    0.1019    0.08329  0.05871
   4.     4   D 1 - 3 S 4 ; D 1 - 2 S 3 - 4 ; D 1 - 2 S 3 ; D 1 - 2  END                0.1019   -0.00920  0.10148
   5.     5   D 1 - 3 S 4 ; D 1 - 2 S 3 - 4 ; D 1 - 2 S 3 ; D 1 S 2 - 3  END            0.0691   -0.00265  0.00176 -0.02351  0.04834
                                                                                                 -0.04324
   6.     6   D 1 - 4 ; D 1 - 2 S 3 ; D 1 - 2 ; D 1 - 2 S 3  END                        0.0666   -0.06657
   7.     7   D 1 - 4 ; D 1 - 3 S 4 ; D 1 - 2 ; D 1 S 2  END                            0.0644    0.06443
   8.    10   D 1 - 3 ; D 1 - 3 S 4 ; D 1 - 2 ; D 1 - 2 S 3  END                        0.0623   -0.06231
   9.    11   D 1 - 4 ; D 1 - 2 S 3 ; D 1 - 3 ; D 1 S 2  END                            0.0623   -0.06231
  10.     8   D 1 - 3 S 4 ; D 1 - 3 ; D 1 - 2 S 4 ; D 1 - 2  END                        0.0617   -0.06171
  11.     9   D 1 - 2 S 3 D 4 ; D 1 - 3 ; D 1 - 2 S 3 ; D 1 - 2  END                    0.0617   -0.06171
  12.    12   D 1 - 3 S 4 ; D 1 - 4 ; D 1 - 2 S 3 ; D 1  END                            0.0534    0.05337
  13.    13   D 1 - 4 ; D 1 S 2 D 3 ; D 1 - 3 ; D 1 S 2  END                            0.0525   -0.05249
  14.    14   D 1 - 3 ; D 1 - 3 S 4 ; D 1 - 2 ; D 1 - 2 S 4  END                        0.0525   -0.05249
  15.    16   D 1 - 3 S 4 ; D 1 - 3 ; D 1 S 2 D 3 ; D 1 S 2 - 3  END                    0.0512    0.02054  0.04686
  16.    15   D 1 - 3 S 5 ; D 1 - 2 S 3 - 4 ; D 1 - 2 S 3 ; D 1 - 2  END                0.0512   -0.03031  0.04121
  17.    17   D 1 - 3 S 5 ; D 1 - 3 ; D 1 - 2 S 3 ; D 1 S 2 - 3  END                    0.0508    0.01323 -0.04901
  18.    18   D 1 - 3 S 4 ; D 1 - 2 S 3 - 4 ; D 1 S 2 D 3 ; D 1 - 2  END                0.0508    0.04906 -0.01304
  19.    19   D 1 - 3 S 4 ; D 1 - 3 ; D 1 S 2 - 4 ; D 1 - 2  END                        0.0492   -0.00945 -0.04829
  20.    20   D 1 - 2 S 3 - 5 ; D 1 - 3 ; D 1 - 2 S 3 ; D 1 - 2  END                    0.0492    0.00945  0.04829
  21.    21   D 1 - 3 S 4 - 5 ; D 1 - 3 S 4 ; D 1 S 2 - 3 ; D 1 S 2  END                0.0454   -0.00229  0.03236 -0.02345  0.02022
                                                                                                 -0.00715
  22.    22   D 1 - 3 S 4 ; D 1 - 3 S 4 - 5 ; D 1 - 2 S 3 ; S 1 - 2  END                0.0450    0.00011 -0.00410 -0.00298  0.03968
                                                                                                 -0.02053
  23.    23   D 1 - 2 S 3 - 4 ; D 1 - 3 S 4 ; D 1 - 2 S 3 - 4 ; D 1 S 2  END            0.0443    0.00485  0.00258  0.00795 -0.03394
                                                                                                 -0.02676
  24.    25   D 1 - 3 S 5 ; D 1 - 3 ; D 1 - 2 S 4 ; D 1 - 2  END                        0.0418   -0.04178
  25.    24   D 1 - 2 S 3 D 4 ; D 1 - 3 ; D 1 S 2 D 3 ; D 1 - 2  END                    0.0418   -0.04178
  26.    26   D 1 - 3 S 4 - 5 ; D 1 - 2 S 3 ; D 1 S 2 - 3 ; D 1 - 2 S 3  END            0.0411   -0.00214 -0.02966  0.01821 -0.02061
                                                                                                  0.00724
  27.    28   D 1 - 3 ; D 1 - 3 S 4 ; D 1 - 3 ; D 1 S 2  END                            0.0384   -0.03839
  28.    27   D 1 - 3 S 6 ; D 1 - 3 ; S 1 D 2 - 3 ; D 1 - 2  END                        0.0383   -0.03830
  29.    31   D 1 - 4 S 6 ; D 1 - 3 ; S 1 D 2 ; D 1 - 2  END                            0.0363   -0.03627
  30.    29   D 1 - 3 ; D 1 - 2 S 3 ; D 1 - 3 ; D 1 - 2 S 4  END                        0.0360   -0.03595
  31.    30   D 1 - 3 ; D 1 S 2 D 3 ; D 1 - 3 ; D 1 - 2 S 3  END                        0.0360   -0.03595
  32.    33   D 1 - 2 S 3 - 4 ; D 1 - 3 S 4 ; D 1 S 2 - 3 ; D 1 - 2 S 3  END            0.0347   -0.00347  0.02441  0.01192  0.01401
                                                                                                  0.01607
  33.    32   D 1 - 3 S 4 - 5 ; D 1 - 2 S 3 ; D 1 - 2 S 3 - 4 ; D 1 S 2  END            0.0347   -0.00347 -0.00505 -0.00509  0.03101
                                                                                                 -0.01338
  34.    34   D 1 - 4 S 5 ; D 1 - 3 ; D 1 S 2 ; D 1 - 2  END                            0.0336    0.03357
  35.    35   D 1 - 3 S 4 ; D 1 - 2 S 3 S 5 ; D 1 - 2 S 3 ; S 1 D 2 S 3  END            0.0330    0.00120 -0.00014  0.00128 -0.02819
                                                                                                  0.01715
  36.    36   D 1 - 2 S 3 - 5 ; D 1 - 3 ; D 1 S 2 - 4 ; D 1 - 2  END                    0.0329    0.00414  0.02008  0.01453  0.01453
                                                                                                  0.01545
  37.    38   D 1 - 3 ; D 1 - 3 S 5 ; D 1 S 2 - 3 ; D 1 - 2 S 3  END                    0.0328    0.03011  0.01306
  38.    39   D 1 - 3 S 4 - 5 ; D 1 - 2 S 3 ; D 1 - 3 ; S 1 D 2  END                    0.0328   -0.02636  0.01955
  39.    42   D 1 - 2 S 3 ; D 1 - 3 ; D 1 - 3 S 4 ; D 1 - 2  END                        0.0325   -0.03252
  40.    40   D 1 - 3 S 4 ; D 1 - 2 S 3 - 4 ; D 1 - 2 S 4 ; D 1 - 2  END                0.0323    0.03028 -0.01118
  41.    41   D 1 - 2 S 3 D 4 ; D 1 - 3 ; D 1 - 2 S 3 ; D 1 S 2 - 3  END                0.0323    0.00546 -0.03181
  42.    37   D 1 - 2 S 3 - 4 ; D 1 - 2 S 3 ; D 1 - 2 S 3 - 4 ; D 1 - 2 S 3  END        0.0320   -0.00743 -0.00650  0.00705  0.02453
                                                                                                  0.01659
  43.    43   D 1 - 3 S 4 ; D 1 S 2 D 3 S 4 ; D 1 - 2 S 3 ; D 1 S 2 S 4  END            0.0311    0.01284  0.00603  0.00303  0.02173
                                                                                                 -0.01682
  44.    44   D 1 S 2 D 3 - 4 ; D 1 - 3 ; D 1 S 2 D 3 ; D 1 - 2  END                    0.0303    0.03030
  45.    45   D 1 - 3 S 5 ; D 1 - 3 ; D 1 - 2 S 5 ; D 1 - 2  END                        0.0303    0.03030
  46.    46   D 1 - 3 S 4 S 6 ; D 1 - 3 S 4 ; S 1 D 2 S 3 ; D 1 S 2  END                0.0286    0.00013 -0.01988  0.01632 -0.01208
                                                                                                  0.00348
  47.    48   D 1 - 3 S 4 D 5 ; D 1 - 3 ; D 1 S 3 ; D 1 - 2  END                        0.0281    0.02813
  48.    52   D 1 - 2 S 3 ; D 1 - 3 S 4 - 5 ; D 1 - 2 S 3 ; D 1 - 2  END                0.0278   -0.00138 -0.02772
  49.    53   D 1 - 3 S 4 ; D 1 - 3 ; D 1 - 3 S 4 ; S 1 - 2  END                        0.0278    0.02469  0.01267
  50.    49   D 1 - 2 S 3 - 4 ; D 1 - 3 S 4 ; D 1 - 2 ; D 1 - 2 S 3  END                0.0276   -0.02741  0.00283
  51.    50   D 1 - 4 ; D 1 - 2 S 3 ; D 1 - 2 S 3 - 4 ; D 1 S 2  END                    0.0276   -0.01615 -0.02232
  52.    51   D 1 - 3 ; D 1 S 2 D 3 ; D 1 - 3 ; D 1 - 2 S 4  END                        0.0273   -0.02732
  53.    47   D 1 - 3 S 4 S 6 ; D 1 - 2 S 3 ; S 1 D 2 S 3 ; D 1 - 2 S 3  END            0.0273    0.00025  0.02068 -0.01206  0.01068
                                                                                                 -0.00755
  54.    56   D 1 - 3 S 4 ; D 1 - 3 ; D 1 - 2 S 3 ; S 1 D 2 S 4  END                    0.0269    0.02186  0.01565
  55.    57   D 1 - 3 S 4 ; D 1 S 2 D 3 S 5 ; D 1 - 2 S 3 ; D 1 - 2  END                0.0269    0.00262 -0.02676
  56.    54   D 1 - 3 S 4 ; D 1 - 2 S 3 - 4 ; D 1 S 2 - 4 ; D 1 - 2  END                0.0267    0.00055 -0.01706  0.00707 -0.00917
                                                                                                  0.01690
  57.    55   D 1 - 2 S 3 - 5 ; D 1 - 3 ; D 1 - 2 S 3 ; D 1 S 2 - 3  END                0.0267    0.00055  0.00240 -0.01005 -0.01831
                                                                                                 -0.01639
  58.    60   D 1 - 4 ; D 1 - 3 S 5 ; D 1 - 2 ; S 1 D 2  END                            0.0266   -0.02659
  59.    58   D 1 - 3 S 4 - 5 ; D 1 - 3 S 4 ; D 1 S 2 - 3 ; S 1 D 2  END                0.0266   -0.00065 -0.02013  0.00988 -0.01225
                                                                                                  0.00730
  60.    59   D 1 - 3 S 4 - 5 ; D 1 - 3 S 5 ; D 1 S 2 - 3 ; D 1 S 2  END                0.0266    0.00065  0.02009 -0.00990  0.01227
                                                                                                 -0.00734
  61.  1780   D 1 - 3 S 4 - 5 ; D 1 - 3 S 5 ; D 1 S 2 - 3 ; S 1 D 2  END                0.0250   -0.00024 -0.01835  0.01134 -0.01155
                                                                                                  0.00513
  62.  1729   D 1 - 3 S 4 ; D 1 - 3 ; D 1 - 2 S 4 ; D 1 S 2 - 3  END                    0.0249   -0.00595  0.02415
  63.   307   D 1 - 2 S 3 D 4 ; D 1 - 2 S 3 - 4 ; D 1 - 2 S 3 ; D 1 - 2  END            0.0249   -0.02389  0.00692
  64.    62   D 1 - 4 ; D 1 S 2 D 3 ; D 1 - 3 ; S 1 D 2  END                            0.0245   -0.02450
  65.  2376   D 1 - 3 ; D 1 - 3 S 5 ; D 1 - 2 ; D 1 - 2 S 4  END                        0.0245    0.02450
  66.  3147   D 1 - 2 S 3 - 5 ; D 1 - 3 ; D 1 - 2 S 3 ; S 1 D 2 S 3  END                0.0243   -0.00198  0.00035  0.00343  0.02099
                                                                                                  0.01153
  67.  2016   D 1 - 3 S 4 ; D 1 - 2 S 3 S 5 ; D 1 S 2 - 4 ; D 1 - 2  END                0.0243    0.00198 -0.01800  0.01080 -0.00827
                                                                                                  0.00874
  68.  2363   D 1 - 3 ; D 1 - 3 S 5 ; D 1 - 2 S 3 - 4 ; D 1 S 2  END                    0.0242   -0.00906 -0.02240
  69.   331   D 1 - 2 S 3 - 4 ; D 1 - 3 S 4 ; D 1 - 3 ; S 1 D 2  END                    0.0242    0.02393  0.00335
  70.    66   D 1 S 2 D 3 - 4 ; D 1 - 3 ; D 1 - 2 S 3 ; D 1 - 2  END                    0.0241    0.02415
  71.   227   D 1 - 3 S 4 ; D 1 - 3 ; D 1 - 2 S 5 ; D 1 - 2  END                        0.0241    0.02415
  72.   338   D 1 - 2 S 3 - 4 ; D 1 - 2 S 3 ; D 1 - 3 ; D 1 - 2 S 3  END                0.0240    0.01353  0.01984
  73.  2475   D 1 - 3 ; D 1 - 2 S 3 ; D 1 - 2 S 3 - 4 ; D 1 - 2 S 3  END                0.0240   -0.01042  0.02164
  74.    91   D 1 - 4 ; D 1 - 3 S 4 ; D 1 S 2 - 3 ; D 1 S 2  END                        0.0239   -0.02024 -0.01275
  75.  1725   D 1 - 3 S 4 - 5 ; D 1 - 3 S 4 ; D 1 - 2 ; D 1 S 2  END                    0.0239   -0.02117  0.01116
  76.    63   D 1 - 3 S 4 ; D 1 - 3 ; D 1 S 2 D 3 ; D 1 - 2  END                        0.0238   -0.02383
  77.   269   D 1 - 3 S 5 ; D 1 - 3 ; D 1 - 2 S 3 ; D 1 - 2  END                        0.0238   -0.02382
  78.  3153   D 1 - 2 S 3 - 4 ; D 1 - 3 S 5 ; D 1 - 2 S 3 - 4 ; S 1 D 2  END            0.0236   -0.00355 -0.00106 -0.00116  0.01936
                                                                                                  0.01290
  79.    80   D 1 - 4 S 6 ; D 1 - 3 ; D 1 - 2 S 3 ; S 1 - 2  END                        0.0235   -0.00134 -0.02348
  80.  1872   D 1 - 3 S 4 ; D 1 - 3 S 4 - 5 ; S 1 D 2 ; D 1 - 2  END                    0.0235    0.01966 -0.01291
  81.   109   D 1 - 4 ; D 1 - 3 S 5 ; S 1 D 2 S 3 ; D 1 S 2  END                        0.0235    0.01996  0.01232
  82.  1735   D 1 - 3 S 4 S 6 ; D 1 - 3 S 4 ; D 1 - 2 ; S 1 D 2  END                    0.0235    0.02065 -0.01112
  83.  2472   D 1 - 3 S 5 ; D 1 - 2 S 3 S 5 ; D 1 - 2 S 3 ; D 1 - 2  END                0.0231    0.00587 -0.02237
  84.   229   D 1 - 3 S 4 ; D 1 - 3 ; D 1 S 2 D 3 ; S 1 D 2 S 3  END                    0.0231    0.01643  0.01627
  85.    72   S 1 D 2 - 4 ; D 1 - 3 ; S 1 D 2 - 3 ; D 1 - 2  END                        0.0224   -0.02240
  86. 38599   D 1 - 3 S 6 ; D 1 - 3 ; D 1 - 2 S 6 ; D 1 - 2  END                        0.0224   -0.02240
  87.  2367   D 1 - 3 S 6 ; D 1 - 3 ; D 1 - 2 S 3 ; S 1 D 2 S 3  END                    0.0222   -0.00208  0.02214
  88.   250   D 1 - 3 S 4 ; D 1 - 2 S 3 S 5 ; S 1 D 2 - 3 ; D 1 - 2  END                0.0222   -0.02021  0.00927
  89.  3159   D 1 - 2 S 3 - 4 ; D 1 - 3 S 4 ; D 1 - 2 ; D 1 - 2 S 4  END                0.0216    0.00879  0.01969
  90.   172   D 1 - 4 ; D 1 S 2 D 3 ; D 1 - 2 S 3 - 4 ; D 1 S 2  END                    0.0216   -0.01266  0.01746
  91.  2252   D 1 - 3 S 4 ; D 1 S 2 - 3 ; D 1 - 2 S 3 ; D 1 - 2 S 3 - 4  END            0.0213   -0.00618 -0.00325 -0.00607 -0.01671
                                                                                                  0.00939
  92.  3141   D 1 - 2 S 3 - 5 ; D 1 - 3 ; D 1 - 2 S 3 ; D 1 S 2 S 4  END                0.0212    0.00074  0.00110 -0.00127  0.01663
                                                                                                  0.01310
  93.  2176   D 1 - 3 S 4 ; D 1 S 2 D 3 S 4 ; D 1 S 2 - 4 ; D 1 - 2  END                0.0212    0.00074  0.01385 -0.00927  0.01198
                                                                                                 -0.00545
  94.  4112   D 1 S 2 D 3 S 4 ; D 1 - 3 S 4 ; D 1 - 2 S 3 S 5 ; D 1 S 2  END            0.0211    0.00692  0.00266 -0.00070 -0.01606
                                                                                                 -0.01153
  95.  2173   D 1 - 3 S 4 - 5 ; D 1 S 2 D 3 ; D 1 S 2 - 3 ; D 1 - 2 S 4  END            0.0208    0.00508 -0.01554  0.00756 -0.00818
                                                                                                  0.00645
  96. 38600   D 1 - 3 ; D 1 - 3 S 4 ; D 1 - 2 ; D 1 - 2 S 5  END                        0.0208    0.02080
  97.    68   D 1 - 4 ; S 1 D 2 - 3 ; D 1 - 3 ; D 1 S 2  END                            0.0208   -0.02080
  98.   176   D 1 - 4 ; D 1 S 2 D 3 ; D 1 - 2 ; D 1 - 2 S 3  END                        0.0206   -0.02058
  99.   137   D 1 - 4 ; D 1 - 2 S 3 ; D 1 - 2 ; D 1 - 2 S 4  END                        0.0206   -0.02058
 100.  1776   D 1 - 3 S 4 ; D 1 - 3 ; D 1 S 2 - 4 ; D 1 S 2 - 3  END                    0.0204    0.00245 -0.01745 -0.00883  0.00430
                                                                                                  0.00277




 POSITION OF FIRST SPIN COUPLING FOR TEN MOST IMPORTANT CONFIGURATIONS
       1      2      3      5      7     12     13     16     17     14



 ********************************
 RESULTS FOR ROOT   02
 TOTAL CI ENERGY =   -876.2426588
 ********************************

       CONF.                                                                           COEFF.
        NO.        SPACE ORBITAL PRODUCTS                                             CONTRIB.      CI COEFFICIENTS

       -----       ----------------------                                             --------   ---------------------
   1.   269   D 1 - 3 S 5 ; D 1 - 3 ; D 1 - 2 S 3 ; D 1 - 2  END                        0.4994   -0.49937
   2.    63   D 1 - 3 S 4 ; D 1 - 3 ; D 1 S 2 D 3 ; D 1 - 2  END                        0.4994    0.49936
   3.     3   D 1 - 3 S 4 ; D 1 - 3 ; D 1 - 2 S 3 ; D 1 S 2 - 3  END                    0.1972    0.18349 -0.07222
   4.     4   D 1 - 3 S 4 ; D 1 - 2 S 3 - 4 ; D 1 - 2 S 3 ; D 1 - 2  END                0.1972   -0.15429 -0.12279
   5.     8   D 1 - 3 S 4 ; D 1 - 3 ; D 1 - 2 S 4 ; D 1 - 2  END                        0.1918   -0.19178
   6.     9   D 1 - 2 S 3 D 4 ; D 1 - 3 ; D 1 - 2 S 3 ; D 1 - 2  END                    0.1918    0.19178
   7.   270   D 1 - 3 S 6 ; D 1 - 3 ; D 1 - 2 S 3 ; D 1 - 2  END                        0.1070    0.10704
   8.    64   D 1 - 3 S 4 ; D 1 - 3 ; S 1 D 2 - 3 ; D 1 - 2  END                        0.1070    0.10704
   9.   266   D 1 - 3 ; D 1 - 3 S 5 ; D 1 - 3 ; D 1 S 2  END                            0.0944    0.09438
  10.   267   D 1 - 3 ; D 1 - 3 S 4 ; D 1 - 3 ; S 1 D 2  END                            0.0944    0.09438
  11.   227   D 1 - 3 S 4 ; D 1 - 3 ; D 1 - 2 S 5 ; D 1 - 2  END                        0.0936    0.09355
  12.    66   D 1 S 2 D 3 - 4 ; D 1 - 3 ; D 1 - 2 S 3 ; D 1 - 2  END                    0.0936   -0.09355
  13.    11   D 1 - 4 ; D 1 - 2 S 3 ; D 1 - 3 ; D 1 S 2  END                            0.0782   -0.07824
  14.    10   D 1 - 3 ; D 1 - 3 S 4 ; D 1 - 2 ; D 1 - 2 S 3  END                        0.0782    0.07824
  15.    17   D 1 - 3 S 5 ; D 1 - 3 ; D 1 - 2 S 3 ; D 1 S 2 - 3  END                    0.0758    0.03931  0.06477
  16.    18   D 1 - 3 S 4 ; D 1 - 2 S 3 - 4 ; D 1 S 2 D 3 ; D 1 - 2  END                0.0758    0.03643 -0.06643
  17.  2393   D 1 - 3 S 5 ; D 1 - 3 ; D 1 S 2 - 4 ; D 1 - 2  END                        0.0586   -0.02821 -0.05136
  18.   334   D 1 - 2 S 3 - 5 ; D 1 - 3 ; D 1 S 2 D 3 ; D 1 - 2  END                    0.0586   -0.02821 -0.05136
  19.  2377   D 1 - 3 S 5 ; D 1 - 3 ; D 1 S 2 D 3 ; D 1 S 2 - 3  END                    0.0583    0.03222  0.04857
  20.  2479   D 1 - 3 S 5 ; D 1 - 2 S 3 - 4 ; D 1 S 2 D 3 ; D 1 - 2  END                0.0583    0.02595 -0.05219
  21. 37812   D 1 - 3 S 4 ; D 1 - 3 ; D 1 - 2 S 6 ; D 1 - 2  END                        0.0571    0.05712
  22.    70   S 1 D 2 - 4 ; D 1 - 3 ; D 1 - 2 S 3 ; D 1 - 2  END                        0.0571    0.05712
  23.    16   D 1 - 3 S 4 ; D 1 - 3 ; D 1 S 2 D 3 ; D 1 S 2 - 3  END                    0.0554    0.05057 -0.02274
  24.    15   D 1 - 3 S 5 ; D 1 - 2 S 3 - 4 ; D 1 - 2 S 3 ; D 1 - 2  END                0.0554   -0.04498 -0.03243
  25.   272   D 1 - 3 S 6 ; D 1 - 3 ; D 1 S 2 D 3 ; D 1 - 2  END                        0.0548    0.05479
  26.   273   D 1 - 3 S 5 ; D 1 - 3 ; S 1 D 2 - 3 ; D 1 - 2  END                        0.0548    0.05479
  27.  2361   D 1 - 3 ; D 1 - 3 S 4 ; D 1 - 2 S 3 - 4 ; D 1 S 2  END                    0.0472    0.02356  0.04095
  28.   329   D 1 - 2 S 3 - 4 ; D 1 - 3 S 4 ; D 1 - 3 ; D 1 S 2  END                    0.0472   -0.04724 -0.00007
  29.   333   D 1 - 2 S 3 - 4 S 6 ; D 1 - 3 ; D 1 - 2 S 3 ; D 1 - 2  END                0.0470    0.01183 -0.04544
  30.   238   D 1 - 3 S 4 ; D 1 - 3 ; S 1 D 2 S 3 - 4 ; D 1 - 2  END                    0.0470   -0.01183  0.04544
  31.  2397   D 1 - 3 ; D 1 - 3 S 4 ; D 1 S 2 - 3 ; D 1 - 2 S 3  END                    0.0460   -0.02367 -0.03941
  32.   244   D 1 - 3 S 4 - 5 ; D 1 - 2 S 3 ; D 1 - 3 ; D 1 S 2  END                    0.0460    0.04597 -0.00079
  33.  2473   D 1 - 3 S 6 ; D 1 - 2 S 3 - 4 ; D 1 - 2 S 3 ; D 1 - 2  END                0.0438    0.04375 -0.00243
  34.   234   D 1 - 3 S 4 ; D 1 - 3 ; S 1 D 2 - 3 ; D 1 S 2 - 3  END                    0.0438    0.01977 -0.03910
  35. 37815   D 1 - 3 S 4 ; D 1 - 3 ; D 1 S 2 - 3 S 6 ; D 1 - 2  END                    0.0422    0.02855 -0.03104
  36.   629   S 1 D 2 - 3 S 4 - 5 ; D 1 - 3 ; D 1 - 2 S 3 ; D 1 - 2  END                0.0422   -0.02855  0.03104
  37.    20   D 1 - 2 S 3 - 5 ; D 1 - 3 ; D 1 - 2 S 3 ; D 1 - 2  END                    0.0414    0.03893 -0.01421
  38.    19   D 1 - 3 S 4 ; D 1 - 3 ; D 1 S 2 - 4 ; D 1 - 2  END                        0.0414    0.03893 -0.01421
  39.    14   D 1 - 3 ; D 1 - 3 S 4 ; D 1 - 2 ; D 1 - 2 S 4  END                        0.0413    0.04126
  40.    13   D 1 - 4 ; D 1 S 2 D 3 ; D 1 - 3 ; D 1 S 2  END                            0.0413   -0.04126
  41.   247   D 1 - 3 S 4 ; D 1 - 2 S 3 S 5 ; D 1 - 2 S 3 ; D 1 - 2  END                0.0408   -0.00145 -0.04077
  42.   226   D 1 - 3 S 4 ; D 1 - 3 ; D 1 - 2 S 3 ; S 1 D 2 S 3  END                    0.0408   -0.03603 -0.01913
  43.  1725   D 1 - 3 S 4 - 5 ; D 1 - 3 S 4 ; D 1 - 2 ; D 1 S 2  END                    0.0404   -0.03692 -0.01648
  44.    91   D 1 - 4 ; D 1 - 3 S 4 ; D 1 S 2 - 3 ; D 1 S 2  END                        0.0404    0.00419  0.04021
  45. 12034   D 1 - 3 S 5 ; D 1 - 2 S 3 - 4 ; D 1 - 2 S 3 ; D 1 S 2 - 3  END            0.0336   -0.00448  0.00856 -0.00928  0.02755
                                                                                                 -0.01372
  46.  2000   D 1 - 3 S 4 ; D 1 - 2 S 3 - 4 ; D 1 S 2 D 3 ; D 1 S 2 - 3  END            0.0336    0.00448  0.00352  0.00230 -0.02058
                                                                                                  0.02580
  47.  2338   D 1 - 3 ; D 1 - 3 S 4 ; D 1 - 3 ; D 1 S 3  END                            0.0329    0.03289
  48.  2451   D 1 - 3 ; D 1 - 2 S 3 D 4 ; D 1 - 3 ; D 1 S 2  END                        0.0329   -0.03289
  49.  2366   D 1 - 3 S 5 ; D 1 - 3 ; D 1 - 2 S 3 ; S 1 D 2 S 4  END                    0.0319    0.03084  0.00827
  50.   259   D 1 - 3 S 4 ; D 1 S 2 D 3 S 5 ; D 1 S 2 D 3 ; D 1 - 2  END                0.0319    0.00826  0.03085
  51.  1993   D 1 - 3 S 4 ; D 1 - 2 S 3 - 4 ; D 1 - 2 S 5 ; D 1 - 2  END                0.0312    0.01150 -0.02899
  52.   365   D 1 S 2 D 3 - 4 ; D 1 - 3 ; D 1 - 2 S 3 ; D 1 S 2 - 3  END                0.0312    0.01936  0.02445
  53.    40   D 1 - 3 S 4 ; D 1 - 2 S 3 - 4 ; D 1 - 2 S 4 ; D 1 - 2  END                0.0310    0.00382  0.03072
  54.    41   D 1 - 2 S 3 D 4 ; D 1 - 3 ; D 1 - 2 S 3 ; D 1 S 2 - 3  END                0.0310   -0.02851 -0.01205
  55.  3355   D 1 - 2 S 3 D 5 ; D 1 - 3 ; D 1 - 2 S 3 ; D 1 - 2  END                    0.0307   -0.03071
  56.   232   D 1 - 3 S 4 ; D 1 - 3 ; D 1 D 3 S 4 ; D 1 - 2  END                        0.0307    0.03071
  57.    55   D 1 - 2 S 3 - 5 ; D 1 - 3 ; D 1 - 2 S 3 ; D 1 S 2 - 3  END                0.0298    0.00517 -0.00930 -0.01588 -0.01280
                                                                                                 -0.01891
  58.    54   D 1 - 3 S 4 ; D 1 - 2 S 3 - 4 ; D 1 S 2 - 4 ; D 1 - 2  END                0.0298   -0.00517  0.00644 -0.01445  0.00843
                                                                                                 -0.02321
  59.     5   D 1 - 3 S 4 ; D 1 - 2 S 3 - 4 ; D 1 - 2 S 3 ; D 1 S 2 - 3  END            0.0295    0.00000  0.01809 -0.01044  0.01044
                                                                                                  0.01809
  60.  2362   D 1 - 3 ; D 1 - 3 S 4 ; D 1 - 2 S 3 S 5 ; D 1 S 2  END                    0.0286   -0.02613 -0.01172
  61.   415   D 1 S 2 D 3 S 4 ; D 1 - 3 S 4 ; D 1 - 3 ; D 1 S 2  END                    0.0286    0.02322 -0.01677
  62.   420   D 1 S 2 D 3 S 4 S 6 ; D 1 - 3 ; D 1 - 2 S 3 ; D 1 - 2  END                0.0271   -0.00465  0.02674
  63.   239   D 1 - 3 S 4 ; D 1 - 3 ; S 1 D 2 S 3 S 5 ; D 1 - 2  END                    0.0271    0.00465 -0.02674
  64.  2527   D 1 - 3 S 5 ; D 1 S 2 D 3 S 4 ; D 1 - 2 S 3 ; D 1 - 2  END                0.0269   -0.01750 -0.02046
  65.   228   D 1 - 3 S 4 ; D 1 - 3 ; D 1 S 2 D 3 ; D 1 S 2 S 4  END                    0.0269    0.02647 -0.00492
  66. 11400   D 1 - 3 S 5 ; D 1 - 4 ; D 1 - 2 S 3 ; D 1  END                            0.0267    0.02674
  67.  1744   D 1 - 3 S 4 ; D 1 - 4 ; D 1 S 2 D 3 ; D 1  END                            0.0267   -0.02674
  68.    56   D 1 - 3 S 4 ; D 1 - 3 ; D 1 - 2 S 3 ; S 1 D 2 S 4  END                    0.0260    0.02179 -0.01423
  69.    57   D 1 - 3 S 4 ; D 1 S 2 D 3 S 5 ; D 1 - 2 S 3 ; D 1 - 2  END                0.0260    0.02322  0.01176
  70.  5366   D 1 - 3 S 5 ; S 1 D 2 - 3 S 4 ; D 1 - 2 S 3 ; D 1 - 2  END                0.0258   -0.01888 -0.01758
  71. 37813   D 1 - 3 S 4 ; D 1 - 3 ; D 1 S 2 D 3 ; D 1 S 2 S 5  END                    0.0258   -0.02466  0.00756
  72.   519   D 1 - 3 S 4 - 5 ; S 1 D 2 - 3 ; D 1 - 3 ; D 1 S 2  END                    0.0258    0.00223  0.02567
  73. 38612   D 1 - 3 ; D 1 - 3 S 4 ; D 1 S 2 - 3 ; D 1 - 2 S 5  END                    0.0258   -0.02111  0.01477
  74. 38590   D 1 - 3 S 5 ; D 1 - 3 ; D 1 - 2 S 3 ; D 1 S 2 S 5  END                    0.0251   -0.02282  0.01047
  75.   525   D 1 - 3 S 4 ; S 1 D 2 - 3 S 4 ; D 1 S 2 D 3 ; D 1 - 2  END                0.0251   -0.02047 -0.01453
  76.  2528   D 1 - 3 S 5 ; D 1 S 2 D 3 S 5 ; D 1 - 2 S 3 ; D 1 - 2  END                0.0245    0.02143  0.01184
  77.   230   D 1 - 3 S 4 ; D 1 - 3 ; D 1 S 2 D 3 ; S 1 D 2 S 4  END                    0.0245    0.02097 -0.01264
  78.   419   D 1 S 2 D 3 S 4 - 5 ; D 1 - 3 ; D 1 - 2 S 3 ; D 1 - 2  END                0.0243    0.00284 -0.02410
  79.   231   D 1 - 3 S 4 ; D 1 - 3 ; D 1 S 2 - 3 S 5 ; D 1 - 2  END                    0.0243    0.00284 -0.02410
  80.   754   D 1 - 4 ; D 1 - 3 S 4 ; D 1 - 2 ; D 1 S 3  END                            0.0240   -0.02395
  81.  1003   D 1 - 4 ; D 1 - 2 S 3 D 4 ; D 1 - 2 ; D 1 S 2  END                        0.0240    0.02395
  82.  2474   D 1 - 3 S 6 ; D 1 - 2 S 3 S 5 ; D 1 - 2 S 3 ; D 1 - 2  END                0.0239   -0.02256 -0.00788
  83.   236   D 1 - 3 S 4 ; D 1 - 3 ; S 1 D 2 - 3 ; S 1 D 2 S 3  END                    0.0239    0.01811 -0.01560
  84. 11422   D 1 - 3 S 5 ; D 1 - 3 S 4 - 5 ; D 1 - 2 S 3 ; S 1 - 2  END                0.0238   -0.00051 -0.00223  0.00026  0.01948
                                                                                                 -0.01346
  85.  1757   D 1 - 3 S 4 ; D 1 - 3 S 4 - 5 ; D 1 S 2 D 3 ; S 1 - 2  END                0.0238    0.00051 -0.00121  0.00173 -0.02146
                                                                                                  0.01001
  86. 14845   D 1 - 2 S 3 S 5 ; D 1 - 3 S 4 ; D 1 - 2 S 3 - 4 ; D 1 S 2  END            0.0235    0.00004  0.00087  0.00266 -0.02020
                                                                                                 -0.01177
  87.  3166   D 1 - 2 S 3 - 4 ; D 1 - 3 S 4 ; D 1 S 2 D 3 S 4 ; D 1 S 2  END            0.0235   -0.00004  0.00086 -0.00166  0.01920
                                                                                                  0.01350
  88.  9668   D 1 - 3 S 4 ; D 1 - 2 S 3 - 4 ; D 1 - 2 S 4 ; D 1 S 2 - 3  END            0.0231   -0.00436 -0.00726  0.00788  0.01533
                                                                                                 -0.01280
  89.  2842   D 1 - 2 S 3 D 4 ; D 1 - 2 S 3 - 4 ; D 1 - 2 S 3 ; D 1 S 2 - 3  END        0.0231    0.00436 -0.00456 -0.00106 -0.02216
                                                                                                  0.00098
  90.  2359   D 1 - 3 S 6 ; D 1 - 3 ; D 1 - 2 S 3 ; D 1 S 2 - 3  END                    0.0229   -0.01519  0.01713
  91.   249   D 1 - 3 S 4 ; D 1 - 2 S 3 - 4 ; S 1 D 2 - 3 ; D 1 - 2  END                0.0229   -0.02243 -0.00459
  92.    84   D 1 - 4 ; D 1 - 3 S 4 ; D 1 - 2 ; S 1 D 2  END                            0.0227   -0.02270
  93.    83   D 1 - 4 ; D 1 - 3 S 5 ; D 1 - 2 ; D 1 S 2  END                            0.0227   -0.02270
  94.   255   D 1 - 3 S 4 - 5 ; D 1 S 2 D 3 ; D 1 - 3 ; S 1 D 2  END                    0.0222    0.00882  0.02037
  95.  2399   D 1 - 3 ; D 1 - 3 S 5 ; D 1 S 2 - 3 ; D 1 - 2 S 4  END                    0.0222   -0.01323  0.01782
  96.    77   D 1 - 4 S 5 ; D 1 - 3 ; D 1 - 2 S 3 ; D 1  END                            0.0220    0.02203
  97.  1790   D 1 - 3 S 4 ; D 1 - 4 ; D 1 S 2 ; D 1 - 2  END                            0.0220   -0.02202
  98.  1980   D 1 - 3 S 4 ; D 1 - 2 S 3 S 5 ; D 1 - 2 S 3 ; D 1 S 2 - 3  END            0.0219   -0.00112  0.00167  0.01264  0.00548
                                                                                                  0.01688
  99.  1986   D 1 - 3 S 4 ; D 1 - 2 S 3 - 4 ; D 1 - 2 S 3 ; S 1 D 2 S 3  END            0.0219   -0.00112 -0.00914  0.01889 -0.00077
                                                                                                  0.00607
 100.  2531   D 1 - 3 ; D 1 S 2 D 3 ; D 1 - 2 S 3 - 4 ; D 1 - 2 S 3  END                0.0210   -0.00291  0.02083




 POSITION OF FIRST SPIN COUPLING FOR TEN MOST IMPORTANT CONFIGURATIONS
     457    149      3      5     14     15    458    150    454    455



 ELAPSED TIME =     230.30 CPU SECONDS. (    230.33 WALL CLOCK SECONDS)
