 ************************************************************************
 * RTSIM - DAVIDSON METHOD SPARSE MATRIX EIGENVALUE/EIGENVECTOR PROGRAM *
 * QUANTUM CHEMISTRY GROUP - INDIANA UNIVERSITY - 30Aug 2010  20:47:17  *
 ************************************************************************



                 DIAGONALIZATION RUN TITLE
                 -------------------------
 )* WATER TEST *



 ) DAVIDSON
 ) LAST=2
 ) COEFF
 ) NOVLP
 ) MAXITR=1000 END

 THE CI MATRIX IS TITLED:  H2O  -SINGLET A1-  STO-3G HF SD-CI TEST
 THE MATRIX IS DATED:     30Aug 2010  20:45:23 
 THE SPIN MULTIPLICITY IS 1 AND THE DIMENSION IS 502390.

 ROOTS  1 THROUGH  2 WILL BE OBTAINED.

  
  
  
 AMOUNT OF CORE AVAILABLE                      30000000
 MAXIMUM NUMBER OF VECTORS PER ITERATION              2
 MAXIMUM NUMBER OF VECTORS ON DISK                   16
 NUMBER OF SOLUTIONS SOUGHT                           2
 NUMBER OF SOLUTIONS INVESTIGATED                     2
 SIZE OF MATRIX DIAGONALISED                     502390
  
  
 INITIAL GUESS AT ROOTS (OBTAINED FROM DIAGONAL ELEMENTS OF HAMILTONIAN MATRIX)

                1        -874.20305
              151        -871.94485


 ITERATION       ROOT           EIGENVALUE          NORM OF RESIDUAL
     1             1          -874.21589176              6.60190
     1             2          -871.93200907              6.79457
     2             1          -876.79433094              7.05270
     2             2          -872.59399136             13.60700
     2             1          -876.79433094              3.80520
     2             2          -872.59399136              6.32445
     3             1          -877.42074362              4.71111
     3             2          -875.06165544             12.45160
     3             1          -877.42074362              1.70635
     3             2          -875.06165544              4.08737
     4             1          -877.52263389              2.17659
     4             2          -875.89252202              7.37191
     4             1          -877.52263389              0.81064
     4             2          -875.89252202              2.32604
     5             1          -877.54583158              1.26861
     5             2          -876.14262757              4.86066
     5             1          -877.54583158              0.43306
     5             2          -876.14262757              1.47846
     6             1          -877.55267510              0.82287
     6             2          -876.25015304              4.11788
     6             1          -877.55267510              0.23359
     6             2          -876.25015304              1.05906
     7             1          -877.55446582              0.47639
     7             2          -876.29998253              3.46934
     7             1          -877.55446582              0.12642
     7             2          -876.29998253              0.70138
     8             1          -877.55500987              0.31454
     8             2          -876.31966245              2.47712
  truncating with vlp=false 
 TRUNCATION TO 1 VECTOR PER ROOT HAS BEEN PERFORMED
     8             1          -877.55500987              0.07311
     8             2          -876.31966245              0.44910
     9             1          -877.55514547              0.06887
     9             2          -876.32566406              0.51092
     9             1          -877.55514547              0.04325
     9             2          -876.32566406              0.29152
    10             1          -877.55522938              0.15324
    10             2          -876.33122808              1.67782
    10             1          -877.55522938              0.03077
    10             2          -876.33122808              0.28853
    11             1          -877.55526453              0.12047
    11             2          -876.33617085              2.46572
    11             1          -877.55526453              0.01843
    11             2          -876.33617085              0.27393
    12             1          -877.55527627              0.06830
    12             2          -876.34038152              2.71459
    12             1          -877.55527627              0.01079
    12             2          -876.34038152              0.23983
    13             1          -877.55528056              0.04121
    13             2          -876.34324771              2.20234
    13             1          -877.55528056              0.00631
    13             2          -876.34324771              0.17549
    14             1          -877.55528199              0.02344
    14             2          -876.34455129              1.25365
    14             1          -877.55528199              0.00347
    14             2          -876.34455129              0.11119
    15             1          -877.55528239              0.01211
    15             2          -876.34504033              0.64216
  truncating with vlp=false 
 TRUNCATION TO 1 VECTOR PER ROOT HAS BEEN PERFORMED
    15             1          -877.55528239              0.00193
    15             2          -876.34504033              0.07186
    16             1          -877.55528249              0.00176
    16             2          -876.34524199              0.09770
    16             1          -877.55528249              0.00117
    16             2          -876.34524199              0.05842
    17             1          -877.55528256              0.00474
    17             2          -876.34547188              0.34765
    17             1          -877.55528256              0.00090
    17             2          -876.34547188              0.05576
    18             1          -877.55528260              0.00399
    18             2          -876.34564740              0.42256
    18             1          -877.55528260              0.00051
    18             2          -876.34564740              0.04858
    19             1          -877.55528261              0.00168
    19             2          -876.34575531              0.35321
    19             1          -877.55528261              0.00027
    19             2          -876.34575531              0.03654
    20             1          -877.55528261              0.00106
    20             2          -876.34582065              0.29250
    20             1          -877.55528261              0.00016
    20             2          -876.34582065              0.02786
    21             1          -877.55528261              0.00062
    21             2          -876.34585689              0.22469
    21             1          -877.55528261              0.00009
    21             2          -876.34585689              0.02022
     ROOT    ITERATION     NUMBER OF PRODUCTS       EIGENVALUE
       1        21                40                -877.5552826092


    22             2          -876.34587773              0.17459
    22             2          -876.34587773              0.01874
    23             2          -876.34590066              0.23240
  truncating with vlp=false 
 TRUNCATION TO 1 VECTOR PER ROOT HAS BEEN PERFORMED
    23             2          -876.34590066              0.01222
    24             2          -876.34590497              0.01143
    24             2          -876.34590497              0.00686
    25             2          -876.34590781              0.02860
    25             2          -876.34590781              0.00672
    26             2          -876.34591012              0.04081
    26             2          -876.34591012              0.00613
    27             2          -876.34591199              0.04473
    27             2          -876.34591199              0.00493
    28             2          -876.34591309              0.03414
    28             2          -876.34591309              0.00382
    29             2          -876.34591374              0.02619
    29             2          -876.34591374              0.00247
    30             2          -876.34591400              0.01451
    30             2          -876.34591400              0.00191
    31             2          -876.34591417              0.01260
    31             2          -876.34591417              0.00162
    32             2          -876.34591430              0.01310
    32             2          -876.34591430              0.00124
    33             2          -876.34591437              0.00936
    33             2          -876.34591437              0.00106
    34             2          -876.34591441              0.00717
    34             2          -876.34591441              0.00077
    35             2          -876.34591444              0.00555
    35             2          -876.34591444              0.00058
    36             2          -876.34591445              0.00362
    36             2          -876.34591445              0.00042
    37             2          -876.34591446              0.00284
  truncating with vlp=false 
 TRUNCATION TO 1 VECTOR PER ROOT HAS BEEN PERFORMED
    37             2          -876.34591446              0.00031
    38             2          -876.34591446              0.00029
    38             2          -876.34591446              0.00018
    39             2          -876.34591446              0.00092
    39             2          -876.34591446              0.00018
    40             2          -876.34591447              0.00106
    40             2          -876.34591447              0.00013
    41             2          -876.34591447              0.00066
    41             2          -876.34591447              0.00009
     ROOT    ITERATION     NUMBER OF PRODUCTS       EIGENVALUE
       2        41                60                -876.3459144670


  all roots converged 
  

 ************************************
 COMPLETED CI VECTOR OPTIMISATION
 ************************************





 ********************************
 RESULTS FOR ROOT   01
 TOTAL CI ENERGY =   -877.5552826
 ********************************

       CONF.                                                                           COEFF.
        NO.        SPACE ORBITAL PRODUCTS                                             CONTRIB.      CI COEFFICIENTS

       -----       ----------------------                                             --------   ---------------------
   1.     1   D 1 - 3 S 4 ; D 1 - 3 ; D 1 - 2 S 3 ; D 1 - 2  END                        0.8608   -0.86076
   2.     2   D 1 - 3 ; D 1 - 2 S 3 ; D 1 - 3 ; D 1 - 2 S 3  END                        0.1174   -0.11736
   3.     3   D 1 - 3 S 4 ; D 1 - 3 ; D 1 - 2 S 3 ; D 1 S 2 - 3  END                    0.1008    0.08202  0.05852
   4.     4   D 1 - 3 S 4 ; D 1 - 2 S 3 - 4 ; D 1 - 2 S 3 ; D 1 - 2  END                0.1006   -0.00970  0.10015
   5.     5   D 1 - 3 S 4 ; D 1 - 2 S 3 - 4 ; D 1 - 2 S 3 ; D 1 S 2 - 3  END            0.0685   -0.00247  0.00171 -0.02324  0.04804
                                                                                                 -0.04285
   6.     6   D 1 - 4 ; D 1 - 2 S 3 ; D 1 - 2 ; D 1 - 2 S 3  END                        0.0665   -0.06654
   7.     7   D 1 - 4 ; D 1 - 3 S 4 ; D 1 - 2 ; D 1 S 2  END                            0.0649    0.06489
   8.     8   D 1 - 3 ; D 1 - 3 S 4 ; D 1 - 2 ; D 1 - 2 S 3  END                        0.0620   -0.06203
   9.     9   D 1 - 4 ; D 1 - 2 S 3 ; D 1 - 3 ; D 1 S 2  END                            0.0620   -0.06202
  10.    10   D 1 - 3 S 4 ; D 1 - 3 ; D 1 - 2 S 4 ; D 1 - 2  END                        0.0612   -0.06119
  11.    11   D 1 - 2 S 3 D 4 ; D 1 - 3 ; D 1 - 2 S 3 ; D 1 - 2  END                    0.0611   -0.06106
  12.    12   D 1 - 3 S 4 ; D 1 - 4 ; D 1 - 2 S 3 ; D 1  END                            0.0531    0.05306
  13.    13   D 1 - 3 ; D 1 - 3 S 4 ; D 1 - 2 ; D 1 - 2 S 4  END                        0.0524   -0.05240
  14.    14   D 1 - 4 ; D 1 S 2 D 3 ; D 1 - 3 ; D 1 S 2  END                            0.0524   -0.05239
  15.    15   D 1 - 3 S 4 ; D 1 - 3 ; D 1 S 2 D 3 ; D 1 S 2 - 3  END                    0.0508    0.02039  0.04658
  16.    16   D 1 - 3 S 5 ; D 1 - 2 S 3 - 4 ; D 1 - 2 S 3 ; D 1 - 2  END                0.0508   -0.03017  0.04093
  17.    17   D 1 - 3 S 4 ; D 1 - 2 S 3 - 4 ; D 1 S 2 D 3 ; D 1 - 2  END                0.0501    0.04846 -0.01290
  18.    18   D 1 - 3 S 5 ; D 1 - 3 ; D 1 - 2 S 3 ; D 1 S 2 - 3  END                    0.0501    0.01307 -0.04841
  19.    19   D 1 - 3 S 4 ; D 1 - 3 ; D 1 S 2 - 4 ; D 1 - 2  END                        0.0486   -0.00967 -0.04763
  20.    20   D 1 - 2 S 3 - 5 ; D 1 - 3 ; D 1 - 2 S 3 ; D 1 - 2  END                    0.0485    0.00970  0.04755
  21.    21   D 1 - 3 S 4 - 5 ; D 1 - 3 S 4 ; D 1 S 2 - 3 ; D 1 S 2  END                0.0454   -0.00214  0.03237 -0.02330  0.02025
                                                                                                 -0.00723
  22.    22   D 1 - 3 S 4 ; D 1 - 3 S 4 - 5 ; D 1 - 2 S 3 ; S 1 - 2  END                0.0448    0.00006 -0.00399 -0.00291  0.03955
                                                                                                 -0.02053
  23.    23   D 1 - 2 S 3 - 4 ; D 1 - 3 S 4 ; D 1 - 2 S 3 - 4 ; D 1 S 2  END            0.0440    0.00494  0.00257  0.00777 -0.03379
                                                                                                 -0.02657
  24.    24   D 1 - 3 S 5 ; D 1 - 3 ; D 1 - 2 S 4 ; D 1 - 2  END                        0.0413   -0.04133
  25.    25   D 1 - 2 S 3 D 4 ; D 1 - 3 ; D 1 S 2 D 3 ; D 1 - 2  END                    0.0413   -0.04132
  26.    26   D 1 - 3 S 4 - 5 ; D 1 - 2 S 3 ; D 1 S 2 - 3 ; D 1 - 2 S 3  END            0.0408   -0.00200 -0.02944  0.01809 -0.02041
                                                                                                  0.00722
  27.    27   D 1 - 3 S 6 ; D 1 - 3 ; S 1 D 2 - 3 ; D 1 - 2  END                        0.0387   -0.03867
  28.    28   D 1 - 3 ; D 1 - 3 S 4 ; D 1 - 3 ; D 1 S 2  END                            0.0372   -0.03717
  29.    29   D 1 - 4 S 6 ; D 1 - 3 ; S 1 D 2 ; D 1 - 2  END                            0.0362   -0.03617
  30.    30   D 1 - 3 ; D 1 S 2 D 3 ; D 1 - 3 ; D 1 - 2 S 3  END                        0.0355   -0.03546
  31.    31   D 1 - 3 ; D 1 - 2 S 3 ; D 1 - 3 ; D 1 - 2 S 4  END                        0.0355   -0.03546
  32.    32   D 1 - 2 S 3 - 4 ; D 1 - 3 S 4 ; D 1 S 2 - 3 ; D 1 - 2 S 3  END            0.0346   -0.00337  0.02433  0.01194  0.01408
                                                                                                  0.01597
  33.    33   D 1 - 3 S 4 - 5 ; D 1 - 2 S 3 ; D 1 - 2 S 3 - 4 ; D 1 S 2  END            0.0346   -0.00337 -0.00497 -0.00498  0.03099
                                                                                                 -0.01333
  34.    34   D 1 - 4 S 5 ; D 1 - 3 ; D 1 S 2 ; D 1 - 2  END                            0.0333    0.03334
  35.    35   D 1 - 3 S 4 ; D 1 - 2 S 3 S 5 ; D 1 - 2 S 3 ; S 1 D 2 S 3  END            0.0330    0.00110 -0.00018  0.00129 -0.02816
                                                                                                  0.01719
  36.    36   D 1 - 2 S 3 - 5 ; D 1 - 3 ; D 1 S 2 - 4 ; D 1 - 2  END                    0.0330    0.00418  0.02013  0.01463  0.01464
                                                                                                  0.01537
  37.    37   D 1 - 3 S 4 - 5 ; D 1 - 2 S 3 ; D 1 - 3 ; S 1 D 2  END                    0.0328   -0.02628  0.01971
  38.    38   D 1 - 3 ; D 1 - 3 S 5 ; D 1 S 2 - 3 ; D 1 - 2 S 3  END                    0.0328    0.03019  0.01289
  39.    39   D 1 - 2 S 3 D 4 ; D 1 - 3 ; D 1 - 2 S 3 ; D 1 S 2 - 3  END                0.0323    0.00534 -0.03187
  40.    40   D 1 - 3 S 4 ; D 1 - 2 S 3 - 4 ; D 1 - 2 S 4 ; D 1 - 2  END                0.0323    0.03027 -0.01129
  41.    41   D 1 - 2 S 3 - 4 ; D 1 - 2 S 3 ; D 1 - 2 S 3 - 4 ; D 1 - 2 S 3  END        0.0321   -0.00737 -0.00649  0.00685  0.02459
                                                                                                  0.01674
  42.    42   D 1 - 2 S 3 ; D 1 - 3 ; D 1 - 3 S 4 ; D 1 - 2  END                        0.0318   -0.03177
  43.    43   D 1 - 3 S 4 ; D 1 S 2 D 3 S 4 ; D 1 - 2 S 3 ; D 1 S 2 S 4  END            0.0311    0.01290  0.00601  0.00305  0.02172
                                                                                                 -0.01680
  44.    44   D 1 S 2 D 3 - 4 ; D 1 - 3 ; D 1 S 2 D 3 ; D 1 - 2  END                    0.0303    0.03025
  45.    45   D 1 - 3 S 5 ; D 1 - 3 ; D 1 - 2 S 5 ; D 1 - 2  END                        0.0302    0.03024
  46.    46   D 1 - 3 S 4 S 6 ; D 1 - 3 S 4 ; S 1 D 2 S 3 ; D 1 S 2  END                0.0284    0.00003 -0.01979  0.01617 -0.01199
                                                                                                  0.00353
  47.    47   D 1 - 3 S 4 D 5 ; D 1 - 3 ; D 1 S 3 ; D 1 - 2  END                        0.0280    0.02798
  48.    48   D 1 - 2 S 3 ; D 1 - 3 S 4 - 5 ; D 1 - 2 S 3 ; D 1 - 2  END                0.0275   -0.00131 -0.02749
  49.    49   D 1 - 3 S 4 ; D 1 - 3 ; D 1 - 3 S 4 ; S 1 - 2  END                        0.0275    0.02446  0.01261
  50.    50   D 1 - 2 S 3 - 4 ; D 1 - 3 S 4 ; D 1 - 2 ; D 1 - 2 S 3  END                0.0275   -0.02739  0.00248
  51.    51   D 1 - 4 ; D 1 - 2 S 3 ; D 1 - 2 S 3 - 4 ; D 1 S 2  END                    0.0275   -0.01584 -0.02247
  52.    52   D 1 - 3 S 4 S 6 ; D 1 - 2 S 3 ; S 1 D 2 S 3 ; D 1 - 2 S 3  END            0.0270    0.00019  0.02050 -0.01200  0.01054
                                                                                                 -0.00748
  53.    53   D 1 - 3 ; D 1 S 2 D 3 ; D 1 - 3 ; D 1 - 2 S 4  END                        0.0269   -0.02685
  54.    54   D 1 - 3 S 4 - 5 ; D 1 - 3 S 4 ; D 1 S 2 - 3 ; S 1 D 2  END                0.0267   -0.00070 -0.02024  0.00986 -0.01244
                                                                                                  0.00730
  55.    55   D 1 - 3 S 4 - 5 ; D 1 - 3 S 5 ; D 1 S 2 - 3 ; D 1 S 2  END                0.0267    0.00070  0.02019 -0.00989  0.01247
                                                                                                 -0.00735
  56.    56   D 1 - 2 S 3 - 5 ; D 1 - 3 ; D 1 - 2 S 3 ; D 1 S 2 - 3  END                0.0267    0.00042  0.00236 -0.00987 -0.01834
                                                                                                 -0.01646
  57.    57   D 1 - 3 S 4 ; D 1 - 2 S 3 - 4 ; D 1 S 2 - 4 ; D 1 - 2  END                0.0267    0.00043 -0.01706  0.00712 -0.00932
                                                                                                  0.01678
  58.    58   D 1 - 3 S 4 ; D 1 - 3 ; D 1 - 2 S 3 ; S 1 D 2 S 4  END                    0.0265    0.02143  0.01558
  59.    59   D 1 - 4 ; D 1 - 3 S 5 ; D 1 - 2 ; S 1 D 2  END                            0.0265   -0.02648
  60.    60   D 1 - 3 S 4 ; D 1 S 2 D 3 S 5 ; D 1 - 2 S 3 ; D 1 - 2  END                0.0265    0.00279 -0.02633
  61.    61   D 1 - 3 S 4 ; D 1 - 3 ; D 1 - 2 S 4 ; D 1 S 2 - 3  END                    0.0264   -0.00634  0.02565
  62.    62   D 1 - 2 S 3 D 4 ; D 1 - 2 S 3 - 4 ; D 1 - 2 S 3 ; D 1 - 2  END            0.0264   -0.02536  0.00734
  63.    63   D 1 - 3 S 5 ; D 1 - 3 ; D 1 - 2 S 3 ; D 1 - 2  END                        0.0262   -0.02622
  64.    64   D 1 - 3 S 4 ; D 1 - 3 ; D 1 S 2 D 3 ; D 1 - 2  END                        0.0261   -0.02614
  65.    65   D 1 - 3 ; D 1 - 3 S 5 ; D 1 - 2 ; D 1 - 2 S 4  END                        0.0260    0.02600
  66.    66   D 1 - 4 ; D 1 S 2 D 3 ; D 1 - 3 ; S 1 D 2  END                            0.0260   -0.02600
  67.    67   D 1 - 3 S 4 - 5 ; D 1 - 3 S 5 ; D 1 S 2 - 3 ; S 1 D 2  END                0.0255   -0.00029 -0.01876  0.01149 -0.01185
                                                                                                  0.00528
  68.    68   D 1 - 2 S 3 - 4 ; D 1 - 3 S 4 ; D 1 - 3 ; S 1 D 2  END                    0.0255    0.02529  0.00344
  69.    69   D 1 - 3 ; D 1 - 3 S 5 ; D 1 - 2 S 3 - 4 ; D 1 S 2  END                    0.0255   -0.00967 -0.02361
  70.    70   D 1 - 3 S 4 - 5 ; D 1 - 3 S 4 ; D 1 - 2 ; D 1 S 2  END                    0.0251   -0.02223  0.01172
  71.    71   D 1 - 4 ; D 1 - 3 S 4 ; D 1 S 2 - 3 ; D 1 S 2  END                        0.0251   -0.02126 -0.01339
  72.    72   D 1 - 4 S 6 ; D 1 - 3 ; D 1 - 2 S 3 ; S 1 - 2  END                        0.0251   -0.00139 -0.02506
  73.    73   D 1 - 3 S 4 ; D 1 - 3 S 4 - 5 ; S 1 D 2 ; D 1 - 2  END                    0.0251    0.02101 -0.01373
  74.    74   D 1 - 4 ; D 1 - 3 S 5 ; S 1 D 2 S 3 ; D 1 S 2  END                        0.0250    0.02132  0.01309
  75.    75   D 1 - 3 S 4 S 6 ; D 1 - 3 S 4 ; D 1 - 2 ; S 1 D 2  END                    0.0250    0.02199 -0.01191
  76.    76   D 1 - 2 S 3 - 5 ; D 1 - 3 ; D 1 - 2 S 3 ; S 1 D 2 S 3  END                0.0250   -0.00202  0.00036  0.00347  0.02161
                                                                                                  0.01190
  77.    77   D 1 - 3 S 4 ; D 1 - 2 S 3 S 5 ; D 1 S 2 - 4 ; D 1 - 2  END                0.0250    0.00203 -0.01853  0.01111 -0.00857
                                                                                                  0.00895
  78.    78   D 1 - 2 S 3 - 4 ; D 1 - 2 S 3 ; D 1 - 3 ; D 1 - 2 S 3  END                0.0249    0.01400  0.02062
  79.    79   D 1 - 3 ; D 1 - 2 S 3 ; D 1 - 2 S 3 - 4 ; D 1 - 2 S 3  END                0.0249   -0.01084  0.02243
  80.    80   D 1 S 2 D 3 - 4 ; D 1 - 3 ; D 1 - 2 S 3 ; D 1 - 2  END                    0.0247    0.02472
  81.    81   D 1 - 3 S 4 ; D 1 - 3 ; D 1 - 2 S 5 ; D 1 - 2  END                        0.0247    0.02471
  82.    82   D 1 - 2 S 3 - 4 ; D 1 - 3 S 5 ; D 1 - 2 S 3 - 4 ; S 1 D 2  END            0.0243   -0.00366 -0.00103 -0.00117  0.02000
                                                                                                  0.01325
  83.    83   D 1 - 3 S 5 ; D 1 - 2 S 3 S 5 ; D 1 - 2 S 3 ; D 1 - 2  END                0.0242    0.00616 -0.02341
  84.    84   D 1 - 3 S 4 ; D 1 - 3 ; D 1 S 2 D 3 ; S 1 D 2 S 3  END                    0.0242    0.01719  0.01703
  85.    85   S 1 D 2 - 4 ; D 1 - 3 ; S 1 D 2 - 3 ; D 1 - 2  END                        0.0240   -0.02398
  86.    86   D 1 - 3 S 6 ; D 1 - 3 ; D 1 - 2 S 6 ; D 1 - 2  END                        0.0240   -0.02398
  87.    87   D 1 - 3 S 4 ; D 1 - 2 S 3 S 5 ; S 1 D 2 - 3 ; D 1 - 2  END                0.0238   -0.02169  0.00990
  88.    88   D 1 - 3 S 6 ; D 1 - 3 ; D 1 - 2 S 3 ; S 1 D 2 S 3  END                    0.0238   -0.00228  0.02373
  89.    89   D 1 - 2 S 3 - 4 ; D 1 - 3 S 4 ; D 1 - 2 ; D 1 - 2 S 4  END                0.0226    0.00907  0.02068
  90.    90   D 1 - 4 ; D 1 S 2 D 3 ; D 1 - 2 S 3 - 4 ; D 1 S 2  END                    0.0226   -0.01337  0.01818
  91.    91   D 1 - 3 S 4 ; D 1 S 2 D 3 S 4 ; D 1 S 2 - 4 ; D 1 - 2  END                0.0221    0.00085  0.01438 -0.00959  0.01247
                                                                                                 -0.00567
  92.    92   D 1 - 2 S 3 - 5 ; D 1 - 3 ; D 1 - 2 S 3 ; D 1 S 2 S 4  END                0.0221    0.00085  0.00110 -0.00131  0.01725
                                                                                                  0.01363
  93.    93   D 1 - 3 S 4 ; D 1 S 2 - 3 ; D 1 - 2 S 3 ; D 1 - 2 S 3 - 4  END            0.0221   -0.00642 -0.00334 -0.00623 -0.01734
                                                                                                  0.00975
  94.    94   D 1 S 2 D 3 S 4 ; D 1 - 3 S 4 ; D 1 - 2 S 3 S 5 ; D 1 S 2  END            0.0218    0.00721  0.00277 -0.00069 -0.01656
                                                                                                 -0.01193
  95.    95   D 1 - 4 ; D 1 S 2 D 3 ; D 1 - 2 ; D 1 - 2 S 3  END                        0.0217   -0.02169
  96.    96   D 1 - 4 ; D 1 - 2 S 3 ; D 1 - 2 ; D 1 - 2 S 4  END                        0.0217   -0.02169
  97.    97   D 1 - 3 S 4 - 5 ; D 1 S 2 D 3 ; D 1 S 2 - 3 ; D 1 - 2 S 4  END            0.0215    0.00529 -0.01600  0.00787 -0.00843
                                                                                                  0.00659
  98.    98   D 1 - 3 ; D 1 - 3 S 4 ; D 1 - 2 ; D 1 - 2 S 5  END                        0.0215    0.02145
  99.    99   D 1 - 4 ; S 1 D 2 - 3 ; D 1 - 3 ; D 1 S 2  END                            0.0215   -0.02145
 100.   100   D 1 - 3 S 4 ; D 1 - 3 ; D 1 S 2 - 4 ; D 1 S 2 - 3  END                    0.0209    0.00256 -0.01795 -0.00906  0.00445
                                                                                                  0.00280




 POSITION OF FIRST SPIN COUPLING FOR TEN MOST IMPORTANT CONFIGURATIONS
       1      2      3      5      7     12     13     14     15     16



 ********************************
 RESULTS FOR ROOT   02
 TOTAL CI ENERGY =   -876.3459145
 ********************************

       CONF.                                                                           COEFF.
        NO.        SPACE ORBITAL PRODUCTS                                             CONTRIB.      CI COEFFICIENTS

       -----       ----------------------                                             --------   ---------------------
   1.    64   D 1 - 3 S 4 ; D 1 - 3 ; D 1 S 2 D 3 ; D 1 - 2  END                        0.4962    0.49618
   2.    63   D 1 - 3 S 5 ; D 1 - 3 ; D 1 - 2 S 3 ; D 1 - 2  END                        0.4960   -0.49600
   3.     3   D 1 - 3 S 4 ; D 1 - 3 ; D 1 - 2 S 3 ; D 1 S 2 - 3  END                    0.1916    0.17782 -0.07135
   4.     4   D 1 - 3 S 4 ; D 1 - 2 S 3 - 4 ; D 1 - 2 S 3 ; D 1 - 2  END                0.1914   -0.15065 -0.11814
   5.    10   D 1 - 3 S 4 ; D 1 - 3 ; D 1 - 2 S 4 ; D 1 - 2  END                        0.1862   -0.18619
   6.    11   D 1 - 2 S 3 D 4 ; D 1 - 3 ; D 1 - 2 S 3 ; D 1 - 2  END                    0.1861    0.18613
   7.   103   D 1 - 3 S 4 ; D 1 - 3 ; S 1 D 2 - 3 ; D 1 - 2  END                        0.1199    0.11991
   8.   455   D 1 - 3 S 6 ; D 1 - 3 ; D 1 - 2 S 3 ; D 1 - 2  END                        0.1199    0.11988
   9.    80   D 1 S 2 D 3 - 4 ; D 1 - 3 ; D 1 - 2 S 3 ; D 1 - 2  END                    0.0991   -0.09913
  10.    81   D 1 - 3 S 4 ; D 1 - 3 ; D 1 - 2 S 5 ; D 1 - 2  END                        0.0991    0.09909
  11.   453   D 1 - 3 ; D 1 - 3 S 4 ; D 1 - 3 ; S 1 D 2  END                            0.0927    0.09269
  12.   452   D 1 - 3 ; D 1 - 3 S 5 ; D 1 - 3 ; D 1 S 2  END                            0.0927    0.09266
  13.     8   D 1 - 3 ; D 1 - 3 S 4 ; D 1 - 2 ; D 1 - 2 S 3  END                        0.0775    0.07751
  14.     9   D 1 - 4 ; D 1 - 2 S 3 ; D 1 - 3 ; D 1 S 2  END                            0.0774   -0.07744
  15.    18   D 1 - 3 S 5 ; D 1 - 3 ; D 1 - 2 S 3 ; D 1 S 2 - 3  END                    0.0738    0.03864  0.06287
  16.    17   D 1 - 3 S 4 ; D 1 - 2 S 3 - 4 ; D 1 S 2 D 3 ; D 1 - 2  END                0.0737    0.03509 -0.06486
  17.   106   S 1 D 2 - 4 ; D 1 - 3 ; D 1 - 2 S 3 ; D 1 - 2  END                        0.0617    0.06172
  18.   384   D 1 - 3 S 4 ; D 1 - 3 ; D 1 - 2 S 6 ; D 1 - 2  END                        0.0617    0.06171
  19.  5136   D 1 - 3 S 5 ; D 1 - 3 ; D 1 S 2 - 4 ; D 1 - 2  END                        0.0578   -0.02822 -0.05049
  20.   559   D 1 - 2 S 3 - 5 ; D 1 - 3 ; D 1 S 2 D 3 ; D 1 - 2  END                    0.0578   -0.02822 -0.05047
  21.  5112   D 1 - 3 S 5 ; D 1 - 3 ; D 1 S 2 D 3 ; D 1 S 2 - 3  END                    0.0574    0.03160  0.04789
  22.  5265   D 1 - 3 S 5 ; D 1 - 2 S 3 - 4 ; D 1 S 2 D 3 ; D 1 - 2  END                0.0574    0.02567 -0.05131
  23.   457   D 1 - 3 S 6 ; D 1 - 3 ; D 1 S 2 D 3 ; D 1 - 2  END                        0.0557    0.05573
  24.   458   D 1 - 3 S 5 ; D 1 - 3 ; S 1 D 2 - 3 ; D 1 - 2  END                        0.0557    0.05571
  25.    15   D 1 - 3 S 4 ; D 1 - 3 ; D 1 S 2 D 3 ; D 1 S 2 - 3  END                    0.0554    0.05043 -0.02292
  26.    16   D 1 - 3 S 5 ; D 1 - 2 S 3 - 4 ; D 1 - 2 S 3 ; D 1 - 2  END                0.0554   -0.04501 -0.03224
  27.   400   D 1 - 3 S 4 ; D 1 - 3 ; S 1 D 2 S 3 - 4 ; D 1 - 2  END                    0.0480   -0.01164  0.04655
  28.   558   D 1 - 2 S 3 - 4 S 6 ; D 1 - 3 ; D 1 - 2 S 3 ; D 1 - 2  END                0.0480    0.01163 -0.04654
  29.  5091   D 1 - 3 ; D 1 - 3 S 4 ; D 1 - 2 S 3 - 4 ; D 1 S 2  END                    0.0464    0.02332  0.04010
  30.   555   D 1 - 2 S 3 - 4 ; D 1 - 3 S 4 ; D 1 - 3 ; D 1 S 2  END                    0.0462   -0.04623  0.00018
  31.  5142   D 1 - 3 ; D 1 - 3 S 4 ; D 1 S 2 - 3 ; D 1 - 2 S 3  END                    0.0455   -0.02296 -0.03927
  32.   409   D 1 - 3 S 4 - 5 ; D 1 - 2 S 3 ; D 1 - 3 ; D 1 S 2  END                    0.0453    0.04533 -0.00019
  33.   394   D 1 - 3 S 4 ; D 1 - 3 ; S 1 D 2 - 3 ; D 1 S 2 - 3  END                    0.0447    0.02050 -0.03972
  34.  5255   D 1 - 3 S 6 ; D 1 - 2 S 3 - 4 ; D 1 - 2 S 3 ; D 1 - 2  END                0.0447    0.04463 -0.00211
  35.   390   D 1 - 3 S 4 ; D 1 - 3 ; D 1 S 2 - 3 S 6 ; D 1 - 2  END                    0.0436    0.02956 -0.03200
  36.   857   S 1 D 2 - 3 S 4 - 5 ; D 1 - 3 ; D 1 - 2 S 3 ; D 1 - 2  END                0.0436   -0.02956  0.03200
  37.    71   D 1 - 4 ; D 1 - 3 S 4 ; D 1 S 2 - 3 ; D 1 S 2  END                        0.0415    0.00425  0.04127
  38.    70   D 1 - 3 S 4 - 5 ; D 1 - 3 S 4 ; D 1 - 2 ; D 1 S 2  END                    0.0415   -0.03785 -0.01696
  39.    13   D 1 - 3 ; D 1 - 3 S 4 ; D 1 - 2 ; D 1 - 2 S 4  END                        0.0407    0.04073
  40.    14   D 1 - 4 ; D 1 S 2 D 3 ; D 1 - 3 ; D 1 S 2  END                            0.0407   -0.04072
  41.   382   D 1 - 3 S 4 ; D 1 - 3 ; D 1 - 2 S 3 ; S 1 D 2 S 3  END                    0.0386   -0.03328 -0.01961
  42.   412   D 1 - 3 S 4 ; D 1 - 2 S 3 S 5 ; D 1 - 2 S 3 ; D 1 - 2  END                0.0386    0.00038 -0.03860
  43.    19   D 1 - 3 S 4 ; D 1 - 3 ; D 1 S 2 - 4 ; D 1 - 2  END                        0.0378    0.03637 -0.01047
  44.    20   D 1 - 2 S 3 - 5 ; D 1 - 3 ; D 1 - 2 S 3 ; D 1 - 2  END                    0.0378    0.03632 -0.01036
  45.  4093   D 1 - 3 S 4 ; D 1 - 2 S 3 - 4 ; D 1 S 2 D 3 ; D 1 S 2 - 3  END            0.0331    0.00428  0.00366  0.00222 -0.02041
                                                                                                  0.02541
  46. 26912   D 1 - 3 S 5 ; D 1 - 2 S 3 - 4 ; D 1 - 2 S 3 ; D 1 S 2 - 3  END            0.0331   -0.00427  0.00835 -0.00916  0.02732
                                                                                                 -0.01341
  47.   424   D 1 - 3 S 4 ; D 1 S 2 D 3 S 5 ; D 1 S 2 D 3 ; D 1 - 2  END                0.0318    0.00833  0.03073
  48.  5097   D 1 - 3 S 5 ; D 1 - 3 ; D 1 - 2 S 3 ; S 1 D 2 S 4  END                    0.0318    0.03078  0.00815
  49.   604   D 1 S 2 D 3 - 4 ; D 1 - 3 ; D 1 - 2 S 3 ; D 1 S 2 - 3  END                0.0316    0.01961  0.02475
  50.  4082   D 1 - 3 S 4 ; D 1 - 2 S 3 - 4 ; D 1 - 2 S 5 ; D 1 - 2  END                0.0315    0.01163 -0.02929
  51.  5057   D 1 - 3 ; D 1 - 3 S 4 ; D 1 - 3 ; D 1 S 3  END                            0.0314    0.03140
  52.  5222   D 1 - 3 ; D 1 - 2 S 3 D 4 ; D 1 - 3 ; D 1 S 2  END                        0.0313   -0.03135
  53.    39   D 1 - 2 S 3 D 4 ; D 1 - 3 ; D 1 - 2 S 3 ; D 1 S 2 - 3  END                0.0306   -0.02806 -0.01221
  54.    40   D 1 - 3 S 4 ; D 1 - 2 S 3 - 4 ; D 1 - 2 S 4 ; D 1 - 2  END                0.0306    0.00343  0.03037
  55.   391   D 1 - 3 S 4 ; D 1 - 3 ; D 1 D 3 S 4 ; D 1 - 2  END                        0.0301    0.03008
  56.  7269   D 1 - 2 S 3 D 5 ; D 1 - 3 ; D 1 - 2 S 3 ; D 1 - 2  END                    0.0301   -0.03006
  57.    56   D 1 - 2 S 3 - 5 ; D 1 - 3 ; D 1 - 2 S 3 ; D 1 S 2 - 3  END                0.0294    0.00486 -0.00898 -0.01573 -0.01223
                                                                                                 -0.01907
  58.    57   D 1 - 3 S 4 ; D 1 - 2 S 3 - 4 ; D 1 S 2 - 4 ; D 1 - 2  END                0.0294   -0.00487  0.00611 -0.01388  0.00864
                                                                                                 -0.02314
  59.     5   D 1 - 3 S 4 ; D 1 - 2 S 3 - 4 ; D 1 - 2 S 3 ; D 1 S 2 - 3  END            0.0290    0.00000  0.01779 -0.01026  0.01026
                                                                                                  0.01776
  60.  5092   D 1 - 3 ; D 1 - 3 S 4 ; D 1 - 2 S 3 S 5 ; D 1 S 2  END                    0.0289   -0.02616 -0.01232
  61.   688   D 1 S 2 D 3 S 4 ; D 1 - 3 S 4 ; D 1 - 3 ; D 1 S 2  END                    0.0289    0.02374 -0.01648
  62.   693   D 1 S 2 D 3 S 4 S 6 ; D 1 - 3 ; D 1 - 2 S 3 ; D 1 - 2  END                0.0286   -0.00493  0.02816
  63.   401   D 1 - 3 S 4 ; D 1 - 3 ; S 1 D 2 S 3 S 5 ; D 1 - 2  END                    0.0286    0.00493 -0.02816
  64.   385   D 1 - 3 S 4 ; D 1 - 3 ; D 1 S 2 D 3 ; D 1 S 2 S 4  END                    0.0278    0.02727 -0.00536
  65.  5339   D 1 - 3 S 5 ; D 1 S 2 D 3 S 4 ; D 1 - 2 S 3 ; D 1 - 2  END                0.0278   -0.01824 -0.02094
  66.  3683   D 1 - 3 S 4 ; D 1 - 4 ; D 1 S 2 D 3 ; D 1  END                            0.0266   -0.02656
  67. 25748   D 1 - 3 S 5 ; D 1 - 4 ; D 1 - 2 S 3 ; D 1  END                            0.0265    0.02655
  68.    58   D 1 - 3 S 4 ; D 1 - 3 ; D 1 - 2 S 3 ; S 1 D 2 S 4  END                    0.0262    0.02210 -0.01415
  69.    60   D 1 - 3 S 4 ; D 1 S 2 D 3 S 5 ; D 1 - 2 S 3 ; D 1 - 2  END                0.0262    0.02330  0.01205
  70.  5144   D 1 - 3 ; D 1 - 3 S 4 ; D 1 S 2 - 3 ; D 1 - 2 S 5  END                    0.0259   -0.02130  0.01481
  71.   433   D 1 - 3 S 4 - 5 ; S 1 D 2 - 3 ; D 1 - 3 ; D 1 S 2  END                    0.0259    0.00217  0.02585
  72.   386   D 1 - 3 S 4 ; D 1 - 3 ; D 1 S 2 D 3 ; D 1 S 2 S 5  END                    0.0258   -0.02470  0.00738
  73.  5433   D 1 - 3 S 5 ; S 1 D 2 - 3 S 4 ; D 1 - 2 S 3 ; D 1 - 2  END                0.0258   -0.01874 -0.01768
  74.   389   D 1 - 3 S 4 ; D 1 - 3 ; D 1 S 2 - 3 S 5 ; D 1 - 2  END                    0.0252    0.00375 -0.02491
  75.   692   D 1 S 2 D 3 S 4 - 5 ; D 1 - 3 ; D 1 - 2 S 3 ; D 1 - 2  END                0.0252    0.00375 -0.02489
  76.   439   D 1 - 3 S 4 ; S 1 D 2 - 3 S 4 ; D 1 S 2 D 3 ; D 1 - 2  END                0.0250   -0.02056 -0.01416
  77.  5087   D 1 - 3 S 5 ; D 1 - 3 ; D 1 - 2 S 3 ; D 1 S 2 S 5  END                    0.0250   -0.02252  0.01073
  78.   387   D 1 - 3 S 4 ; D 1 - 3 ; D 1 S 2 D 3 ; S 1 D 2 S 4  END                    0.0249    0.02134 -0.01292
  79.  5340   D 1 - 3 S 5 ; D 1 S 2 D 3 S 5 ; D 1 - 2 S 3 ; D 1 - 2  END                0.0249    0.02186  0.01201
  80.   397   D 1 - 3 S 4 ; D 1 - 3 ; S 1 D 2 - 3 ; S 1 D 2 S 3  END                    0.0245    0.01859 -0.01602
  81.  5256   D 1 - 3 S 6 ; D 1 - 2 S 3 S 5 ; D 1 - 2 S 3 ; D 1 - 2  END                0.0245   -0.02316 -0.00809
  82.  3702   D 1 - 3 S 4 ; D 1 - 3 S 4 - 5 ; D 1 S 2 D 3 ; S 1 - 2  END                0.0242    0.00010 -0.00123  0.00143 -0.02185
                                                                                                  0.01032
  83. 25795   D 1 - 3 S 5 ; D 1 - 3 S 4 - 5 ; D 1 - 2 S 3 ; S 1 - 2  END                0.0242   -0.00010 -0.00203  0.00045  0.01995
                                                                                                 -0.01358
  84.   990   D 1 - 4 ; D 1 - 3 S 4 ; D 1 - 2 ; D 1 S 3  END                            0.0237   -0.02367
  85.  1431   D 1 - 4 ; D 1 - 2 S 3 D 4 ; D 1 - 2 ; D 1 S 2  END                        0.0237    0.02366
  86.  6861   D 1 - 2 S 3 - 4 ; D 1 - 3 S 4 ; D 1 S 2 D 3 S 4 ; D 1 S 2  END            0.0234   -0.00005  0.00093 -0.00166  0.01910
                                                                                                  0.01340
  87. 34997   D 1 - 2 S 3 S 5 ; D 1 - 3 S 4 ; D 1 - 2 S 3 - 4 ; D 1 S 2  END            0.0234    0.00005  0.00082  0.00268 -0.02011
                                                                                                 -0.01164
  88.  5088   D 1 - 3 S 6 ; D 1 - 3 ; D 1 - 2 S 3 ; D 1 S 2 - 3  END                    0.0231   -0.01597  0.01671
  89.   414   D 1 - 3 S 4 ; D 1 - 2 S 3 - 4 ; S 1 D 2 - 3 ; D 1 - 2  END                0.0231   -0.02244 -0.00545
  90. 20331   D 1 - 3 S 4 ; D 1 - 2 S 3 - 4 ; D 1 - 2 S 4 ; D 1 S 2 - 3  END            0.0228   -0.00422 -0.00719  0.00779  0.01509
                                                                                                 -0.01264
  91.  3758   D 1 - 3 S 4 ; D 1 - 4 ; D 1 S 2 ; D 1 - 2  END                            0.0227   -0.02274
  92.  5952   D 1 - 2 S 3 D 4 ; D 1 - 2 S 3 - 4 ; D 1 - 2 S 3 ; D 1 S 2 - 3  END        0.0227    0.00421 -0.00451 -0.00102 -0.02184
                                                                                                  0.00093
  93.   112   D 1 - 4 S 5 ; D 1 - 3 ; D 1 - 2 S 3 ; D 1  END                            0.0227    0.02273
  94.   118   D 1 - 4 ; D 1 - 3 S 4 ; D 1 - 2 ; S 1 D 2  END                            0.0225   -0.02249
  95.   117   D 1 - 4 ; D 1 - 3 S 5 ; D 1 - 2 ; D 1 S 2  END                            0.0225   -0.02247
  96.  5145   D 1 - 3 ; D 1 - 3 S 5 ; D 1 S 2 - 3 ; D 1 - 2 S 4  END                    0.0225   -0.01337  0.01805
  97.   420   D 1 - 3 S 4 - 5 ; D 1 S 2 D 3 ; D 1 - 3 ; S 1 D 2  END                    0.0225    0.00894  0.02060
  98.   380   D 1 - 3 S 4 ; D 1 - 3 ; D 1 - 2 S 3 ; D 1 S 2 S 4  END                    0.0222    0.01871 -0.01194
  99.   422   D 1 - 3 S 4 ; D 1 S 2 D 3 S 4 ; D 1 - 2 S 3 ; D 1 - 2  END                0.0222   -0.01967 -0.01024
 100.  5343   D 1 - 3 ; D 1 S 2 D 3 ; D 1 - 2 S 3 - 4 ; D 1 - 2 S 3  END                0.0214   -0.00315  0.02115




 POSITION OF FIRST SPIN COUPLING FOR TEN MOST IMPORTANT CONFIGURATIONS
     152    151      3      5     16     17    247    795    190    191



 ELAPSED TIME =     383.58 CPU SECONDS. (    383.64 WALL CLOCK SECONDS)
