 ************************************************************************
 * CISTAR - CONFIGURATION INTERACTION/PERTURBATION THEORY PROGRAM       *
 * QUANTUM CHEMISTRY GROUP - INDIANA UNIVERSITY - 11Apr 2016  10:18:16  *
 ************************************************************************



 THE TRANSFORMED INTEGRALS ARE TITLED: dumm                                    
 THE FILE IS DATED:                     11Apr 2016  10:18:02 
 THE NUMBER OF ORBITALS FROM FILE 16 IS  10.


                         CI RUN TITLE
                         -- --- -----
 )* H2O  -SINGLET A1-  STO-3G HF SD-CI TEST CASE *


 ) $
 ) $ GENERAL OPTIONS LIST INPUT
 ) $
 )FULLCI      $ REQUEST UP TO SD EXCITATIONS FROM THESE CONFIGURATIONs
 )ISYMMETRY=2     $ SPECIFY Ag OVERALL SYMMETRY
 )MULTIPLICITY=3  $ SPECIFY SPIN MULTIPLICITY
 )END
 TIME TO PROCESS FORMULA FILE = 0.0 CPU SEC. ( 0.0 WALL CLOCK SEC.)

            THE HARTREE-FOCK CONFIGURATION
            --- ------------ -------------
 ) $
 ) $ SPECIFY THE HARTREE-FOCK CONFIGURATION
 ) $
 ) D 1 - 2 S 3 ; D 1 - 2 S 3  END $1Ag

               INTERNALLY GENERATED ORBITAL SETS (FULL-CI)
               ---------- --------- ------- --------------
 MIN. MAX.
 OCC. OCC.
   0   8   0001110001
   0  10   1110001110

      4432 SPACE ORBITAL PRODUCTS (    14880 SPIN-ADAPTED CONFIGURATIONS)
 WERE GENERATED IN     0.0 CPU SECONDS.
 TIME IN DIAGC    0.0


 THE TOTAL NUMBER OF SPACE ORBITAL PRODUCTS IS           4432
 THE TOTAL NUMBER OF SPIN-ADAPTED CONFIGURATIONS IS     14880
 THE MAX. NUMBER OF SPIN COUPLINGS IN A S.O.P. IS   28
 THERE WILL BE         2 INTEGRAL LOADS UTILIZING  79995967 WORDS OF MEMORY.
 writ50, first, nrec= T       15872
 A TOTAL OF   515544 NONZERO S.O.P. PAIRS WERE FOUND.
 TIME TO FIND (I,J) PAIRS =    0.13 CPU SECONDS.
 THE VALUE OF THE H(1,1) ELEMENT IS  -195.0592104

          HAMILTONIAN MATRIX STORAGE DATA
 I/O   NO. OF    NO. OF     FILE SIZE    PERCENT NONZERO
 FILE  RECORDS   ELEMENTS   (IN BYTES)    IN ALL BLOCKS
  12         4      29760       238100
  13        49      42864       784196
  17       536    2108044      9524704      62.8
  20       126     986444      8064504
 TOTAL ELAPSED TIME =     0.5 CPU SECONDS AND        0.5 WALL CLOCK SECONDS.
