nohup: ignoring input
FCI::Startup : For irrep 0 there are 100 alpha Slater determinants and 110 beta Slater determinants.
FCI::Startup : For irrep 1 there are 110 alpha Slater determinants and 100 beta Slater determinants.
FCI::Startup : Number of variables in the FCI vector = 22100
FCI::Startup : Without additional loops the FCI matrix-vector product requires a workspace of 5.5389404296875 MB memory.
FCI::matvec : Wall time = 0.024328 seconds
FCI::matvec : Wall time = 0.02346 seconds
FCI::matvec : Wall time = 0.02349 seconds
FCI::matvec : Wall time = 0.023472 seconds
FCI::matvec : Wall time = 0.023477 seconds
FCI::matvec : Wall time = 0.023474 seconds
FCI::matvec : Wall time = 0.023577 seconds
FCI::matvec : Wall time = 0.023533 seconds
FCI::matvec : Wall time = 0.023528 seconds
FCI::matvec : Wall time = 0.023598 seconds
FCI::matvec : Wall time = 0.023414 seconds
FCI::matvec : Wall time = 0.023417 seconds
FCI::matvec : Wall time = 0.023454 seconds
FCI::matvec : Wall time = 0.023439 seconds
FCI::matvec : Wall time = 0.023395 seconds
FCI::matvec : Wall time = 0.023607 seconds
FCI::matvec : Wall time = 0.023569 seconds
FCI::matvec : Wall time = 0.023613 seconds
FCI::matvec : Wall time = 0.023693 seconds
FCI::matvec : Wall time = 0.023621 seconds
FCI::matvec : Wall time = 0.023651 seconds
FCI::matvec : Wall time = 0.02362 seconds
FCI::matvec : Wall time = 0.023618 seconds
FCI::matvec : Wall time = 0.023691 seconds
FCI::matvec : Wall time = 0.023659 seconds
FCI::matvec : Wall time = 0.0237 seconds
FCI::matvec : Wall time = 0.023703 seconds
FCI::matvec : Wall time = 0.02371 seconds
FCI::matvec : Wall time = 0.023669 seconds
FCI::matvec : Wall time = 0.023863 seconds
FCI::matvec : Wall time = 0.023717 seconds
FCI::matvec : Wall time = 0.023824 seconds
FCI::matvec : Wall time = 0.023763 seconds
FCI::matvec : Wall time = 0.023383 seconds
FCI::matvec : Wall time = 0.02336 seconds
FCI::matvec : Wall time = 0.023461 seconds
FCI::matvec : Wall time = 0.023442 seconds
FCI::matvec : Wall time = 0.023448 seconds
FCI::matvec : Wall time = 0.023745 seconds
FCI::matvec : Wall time = 0.023499 seconds
FCI::matvec : Wall time = 0.023503 seconds
FCI::matvec : Wall time = 0.023604 seconds
FCI::matvec : Wall time = 0.023527 seconds
FCI::matvec : Wall time = 0.023528 seconds
FCI::matvec : Wall time = 0.023554 seconds
FCI::matvec : Wall time = 0.023571 seconds
FCI::GSDavidson : Required number of matrix-vector multiplications = 46
FCI::GSDavidson : Converged ground state energy = -19.5453967771462
