 ************************************************************************
 * RTSIM - DAVIDSON METHOD SPARSE MATRIX EIGENVALUE/EIGENVECTOR PROGRAM *
 * QUANTUM CHEMISTRY GROUP - INDIANA UNIVERSITY -  5Apr 2016  22:43:58  *
 ************************************************************************



                 DIAGONALIZATION RUN TITLE
                 -------------------------
 )* WATER TEST *



 ) DAVIDSON
 ) LAST=3
 ) COEFF
 ) NOVLP
 ) MAXITR=1000 END

 THE CI MATRIX IS TITLED:  H2O  -SINGLET A1-  STO-3G HF SD-CI TEST
 THE MATRIX IS DATED:      5Apr 2016  22:43:29 
 THE SPIN MULTIPLICITY IS 1 AND THE DIMENSION IS   9730.

 ROOTS  1 THROUGH  3 WILL BE OBTAINED.

  
  
  
 AMOUNT OF CORE AVAILABLE                      80000000
 MAXIMUM NUMBER OF VECTORS PER ITERATION              3
 MAXIMUM NUMBER OF VECTORS ON DISK                   19
 NUMBER OF SOLUTIONS SOUGHT                           3
 NUMBER OF SOLUTIONS INVESTIGATED                     3
 SIZE OF MATRIX DIAGONALISED                       9730
  
  
 INITIAL GUESS AT ROOTS (OBTAINED FROM DIAGONAL ELEMENTS OF HAMILTONIAN MATRIX)

                1        -199.84043
                6        -195.73486
               70        -192.94847


 ITERATION       ROOT           EIGENVALUE          NORM OF RESIDUAL
     1             1          -199.90298432              3.87485
     1             2          -195.73486399              2.91917
     1             3          -192.88591503              5.08712
     2             1          -201.13628144              6.37733
     2             2          -196.53004109              7.20314
     2             3          -194.85500299              8.33457
     2             1          -201.13628144              1.70128
     2             2          -196.53004109              1.45687
     2             3          -194.85500299              3.35103
     3             1          -201.28364773              2.36655
     3             2          -196.68291602              2.94251
     3             3          -195.69852246              6.97092
     3             1          -201.28364773              0.67849
     3             2          -196.68291602              0.60478
     3             3          -195.69852246              2.33401
     4             1          -201.30266496              0.94321
     4             2          -196.70147413              1.07114
     4             3          -196.09102419              6.38207
     4             1          -201.30266496              0.24401
     4             2          -196.70147413              0.29010
     4             3          -196.09102419              1.61969
     5             1          -201.30454601              0.29146
     5             2          -196.70503846              0.51297
     5             3          -196.23810344              4.17835
     5             1          -201.30454601              0.09622
     5             2          -196.70503846              0.13660
     5             3          -196.23810344              1.00000
     6             1          -201.30487615              0.15211
     6             2          -196.70588439              0.33523
     6             3          -196.30307048              3.62585
  truncating with vlp=false 
 TRUNCATION TO 1 VECTOR PER ROOT HAS BEEN PERFORMED
     6             1          -201.30487615              0.03577
     6             2          -196.70588439              0.06856
     6             3          -196.30307048              0.64632
     7             1          -201.30491386              0.03582
     7             2          -196.70603354              0.07772
     7             3          -196.31946834              0.88783
     7             1          -201.30491386              0.02001
     7             2          -196.70603354              0.03797
     7             3          -196.31946834              0.45367
     8             1          -201.30492661              0.04326
     8             2          -196.70609826              0.13111
     8             3          -196.33327578              2.40242
     8             1          -201.30492661              0.01103
     8             2          -196.70609826              0.02036
     8             3          -196.33327578              0.45404
     9             1          -201.30492978              0.03231
     9             2          -196.70611612              0.10796
     9             3          -196.34244692              3.36185
     9             1          -201.30492978              0.00507
     9             2          -196.70611612              0.01093
     9             3          -196.34244692              0.37545
    10             1          -201.30493042              0.01566
    10             2          -196.70612121              0.06651
    10             3          -196.34924436              3.75176
    10             1          -201.30493042              0.00216
    10             2          -196.70612121              0.00575
    10             3          -196.34924436              0.24084
    11             1          -201.30493054              0.00662
    11             2          -196.70612238              0.02990
    11             3          -196.35172625              1.94775
  truncating with vlp=false 
 TRUNCATION TO 1 VECTOR PER ROOT HAS BEEN PERFORMED
    11             1          -201.30493054              0.00090
    11             2          -196.70612238              0.00282
    11             3          -196.35172625              0.14919
    12             1          -201.30493056              0.00083
    12             2          -196.70612264              0.00355
    12             3          -196.35244034              0.18219
    12             1          -201.30493056              0.00049
    12             2          -196.70612264              0.00166
    12             3          -196.35244034              0.10364
    13             1          -201.30493057              0.00114
    13             2          -196.70612277              0.00671
    13             3          -196.35303818              0.45915
    13             1          -201.30493057              0.00023
    13             2          -196.70612277              0.00097
    13             3          -196.35303818              0.09019
    14             1          -201.30493057              0.00058
    14             2          -196.70612281              0.00579
    14             3          -196.35337512              0.46089
    14             1          -201.30493057              0.00010
    14             2          -196.70612281              0.00057
    14             3          -196.35337512              0.07156
    15             1          -201.30493057              0.00032
    15             2          -196.70612282              0.00256
    15             3          -196.35355808              0.38689
    15             1          -201.30493057              0.00005
    15             2          -196.70612282              0.00027
    15             3          -196.35355808              0.04343
     ROOT    ITERATION     NUMBER OF PRODUCTS       EIGENVALUE
       1        15                42                -201.3049305729


    16             2          -196.70612283              0.00113
    16             3          -196.35363972              0.27638
    16             2          -196.70612283              0.00014
    16             3          -196.35363972              0.03348
    17             2          -196.70612283              0.00099
    17             3          -196.35371757              0.39076
  truncating with vlp=false 
 TRUNCATION TO 1 VECTOR PER ROOT HAS BEEN PERFORMED
    17             2          -196.70612283              0.00006
    17             3          -196.35371757              0.02335
     ROOT    ITERATION     NUMBER OF PRODUCTS       EIGENVALUE
       2        17                46                -196.7061228260


    18             3          -196.35373748              0.02484
    18             3          -196.35373748              0.01495
    19             3          -196.35375089              0.04131
    19             3          -196.35375089              0.01087
    20             3          -196.35375841              0.04068
    20             3          -196.35375841              0.00917
    21             3          -196.35376152              0.02969
    21             3          -196.35376152              0.00756
    22             3          -196.35376342              0.03622
    22             3          -196.35376342              0.00543
    23             3          -196.35376457              0.03510
    23             3          -196.35376457              0.00419
    24             3          -196.35376536              0.03201
    24             3          -196.35376536              0.00361
    25             3          -196.35376588              0.02583
    25             3          -196.35376588              0.00223
    26             3          -196.35376608              0.01313
    26             3          -196.35376608              0.00132
    27             3          -196.35376614              0.00651
    27             3          -196.35376614              0.00066
    28             3          -196.35376616              0.00401
    28             3          -196.35376616              0.00045
    29             3          -196.35376617              0.00404
    29             3          -196.35376617              0.00034
    30             3          -196.35376618              0.00297
    30             3          -196.35376618              0.00021
    31             3          -196.35376618              0.00124
    31             3          -196.35376618              0.00013
    32             3          -196.35376618              0.00087
    32             3          -196.35376618              0.00008
     ROOT    ITERATION     NUMBER OF PRODUCTS       EIGENVALUE
       3        32                61                -196.3537661795


  all roots converged 
  

 ************************************
 COMPLETED CI VECTOR OPTIMISATION
 ************************************





 ********************************
 RESULTS FOR ROOT   01
 TOTAL CI ENERGY =   -201.3049306
 ********************************

       CONF.                                                                           COEFF.
        NO.        SPACE ORBITAL PRODUCTS                                             CONTRIB.      CI COEFFICIENTS

       -----       ----------------------                                             --------   ---------------------
   1.     1   D 1 - 3 ; D 1 - 2  END                                                    0.9241    0.92406
   2.    54   D 1 - 2 D 4 ; D 1 - 2  END                                                0.1393   -0.13931
   3.    42   D 1 - 2 S 3 - 4 ; D 1 S 2 - 3  END                                        0.1377    0.13567  0.02368
   4.    76   D 1 S 2 - 5 ; D 1 - 2  END                                                0.0979    0.03719  0.09058
   5.   107   S 1 D 2 S 3 - 4 S 6 ; D 1 - 2  END                                        0.0795    0.02783  0.07445
   6.    49   D 1 - 2 S 3 - 4 ; S 1 D 2 S 4  END                                        0.0766    0.07587  0.01070
   7.    65   D 1 S 2 D 3 S 5 ; D 1 S 2 - 3  END                                        0.0712    0.06941  0.01604
   8.    21   D 1 - 3 ; D 1 D 3  END                                                    0.0670   -0.06696
   9.    31   D 1 - 3 ; S 1 - 4  END                                                    0.0623    0.01582  0.06022
  10.    60   D 1 - 2 ; D 1 - 3  END                                                    0.0591   -0.05907
  11.    15   D 1 - 4 ; D 1  END                                                        0.0591   -0.05907
  12.    63   D 1 S 2 D 3 S 4 ; D 1 S 2 - 3  END                                        0.0501    0.02590  0.04287
  13.    44   D 1 - 2 S 3 S 5 ; D 1 S 2 - 3  END                                        0.0501    0.02590  0.04287
  14.    97   S 1 D 2 - 3 S 6 ; D 1 S 2 - 3  END                                        0.0412    0.03991  0.01039
  15.    52   D 1 - 2 S 3 S 6 ; S 1 D 2 S 3  END                                        0.0406    0.02616  0.03099
  16.    94   S 1 D 2 - 3 S 4 ; D 1 S 2 S 4  END                                        0.0406    0.02616  0.03099
  17.    87   D 1 D 3 D 5 ; D 1 - 2  END                                                0.0401   -0.04013
  18.    26   D 1 - 3 S 4 S 6 ; S 1 - 2  END                                            0.0393    0.00668  0.03878
  19.   112   S 1 D 2 S 3 ; D 1 - 2 S 3 - 4  END                                        0.0393    0.00668  0.03878
  20.    82   D 1 S 2 - 3 ; D 1 - 2 S 3 - 4  END                                        0.0384   -0.01680 -0.03451
  21.    25   D 1 - 3 S 4 - 5 ; S 1 - 2  END                                            0.0384   -0.01680 -0.03451
  22.    72   D 1 S 2 D 3 S 5 ; S 1 D 2 S 4  END                                        0.0382    0.03612  0.01239
  23.    50   D 1 - 2 S 3 S 5 ; S 1 D 2 S 3  END                                        0.0367   -0.02993 -0.02116
  24.    64   D 1 S 2 D 3 S 4 ; D 1 S 2 S 4  END                                        0.0367   -0.02993 -0.02116
  25.    57   D 1 - 2 D 5 ; D 1 - 2  END                                                0.0354   -0.03544
  26.    84   D 1 D 3 - 4 ; D 1 - 2  END                                                0.0354   -0.03544
  27.    16   D 1 - 3 S 4 - 5 ; D 1  END                                                0.0347    0.03466
  28.    81   D 1 S 2 - 3 ; D 1 - 3  END                                                0.0347   -0.03466
  29.   118   S 1 - 2 D 3 S 5 - 6 ; D 1 - 2  END                                        0.0342    0.00527  0.03384
  30.   115   S 1 - 2 D 3 S 4 - 5 ; D 1 - 2  END                                        0.0329   -0.00937 -0.03153
  31.    79   D 1 S 2 - 3 S 5 - 6 ; D 1 - 2  END                                        0.0329   -0.00937 -0.03153
  32.    69   D 1 S 2 D 3 S 4 ; S 1 D 2 S 3  END                                        0.0323   -0.03202 -0.00442
  33.    45   D 1 - 2 S 3 S 5 ; D 1 S 2 S 4  END                                        0.0323   -0.03202 -0.00442
  34.    75   D 1 S 2 - 3 D 4 ; D 1 - 2  END                                            0.0319    0.03189
  35.    55   D 1 - 2 S 4 - 5 ; D 1 - 2  END                                            0.0319   -0.03189
  36.    71   D 1 S 2 D 3 S 5 ; S 1 D 2 S 3  END                                        0.0318   -0.02076 -0.02413
  37.    66   D 1 S 2 D 3 S 5 ; D 1 S 2 S 4  END                                        0.0318   -0.02076 -0.02413
  38.   104   S 1 D 2 - 3 S 6 ; S 1 D 2 S 4  END                                        0.0307    0.02757  0.01338
  39.    18   D 1 - 3 D 5 ; D 1  END                                                    0.0296   -0.02956
  40.    90   D 1 D 3 ; D 1 - 3  END                                                    0.0296   -0.02956
  41.    99   S 1 D 2 - 3 S 4 ; S 1 D 2 S 3  END                                        0.0293    0.02193  0.01939
  42.    47   D 1 - 2 S 3 S 6 ; D 1 S 2 S 4  END                                        0.0293    0.02193  0.01939
  43.    43   D 1 - 2 S 3 - 4 ; D 1 S 2 S 4  END                                        0.0286    0.02698  0.00936
  44.    48   D 1 - 2 S 3 - 4 ; S 1 D 2 S 3  END                                        0.0286    0.02698  0.00936
  45.    86   D 1 D 3 S 4 S 6 ; D 1 - 2  END                                            0.0253   -0.02530
  46.   108   S 1 D 2 S 3 D 5 ; D 1 - 2  END                                            0.0253    0.02530
  47.    41   D 1 - 3 ; D 2 D 4  END                                                    0.0246   -0.02456
  48.    91   D 1 D 3 ; D 1 - 2 S 3 - 4  END                                            0.0245   -0.02452
  49.    27   D 1 - 3 D 5 ; S 1 - 2  END                                                0.0245    0.02452
  50.   652   D 1 - 2 D 4 ; D 1 D 3  END                                                0.0236    0.02364
  51.    23   D 1 - 3 ; D 1 D 4  END                                                    0.0235   -0.02353
  52.    39   D 1 - 3 ; D 2 - 3  END                                                    0.0235   -0.02353
  53.    62   D 1 - 2 ; D 1 - 2 D 4  END                                                0.0233   -0.02332
  54.    33   D 1 - 4 ; D 2  END                                                        0.0233   -0.02332
  55.   128   D 2 - 3 D 6 ; D 1 - 2  END                                                0.0218   -0.02179
  56.   123   D 2 - 4 ; D 1 - 2  END                                                    0.0215   -0.02153
  57.    59   D 1 - 2 D 6 ; D 1 - 2  END                                                0.0215   -0.02153
  58.   116   S 1 - 2 D 3 S 4 S 6 ; D 1 - 2  END                                        0.0198   -0.00366 -0.01941
  59.   109   S 1 D 2 S 3 S 5 - 6 ; D 1 - 2  END                                        0.0198   -0.00366 -0.01941
  60.   839   D 1 S 2 D 4 S 5 ; D 1 S 2 - 3  END                                        0.0196   -0.01902 -0.00493
  61.   106   S 1 D 2 S 3 - 5 ; D 1 - 2  END                                            0.0190    0.00525  0.01824
  62.    77   D 1 S 2 - 4 S 6 ; D 1 - 2  END                                            0.0190    0.00525  0.01824
  63.    96   S 1 D 2 - 3 S 5 ; D 1 S 2 S 4  END                                        0.0174    0.01458  0.00952
  64.    73   D 1 S 2 D 3 S 6 ; S 1 D 2 S 3  END                                        0.0174    0.01458  0.00952
  65.    24   D 1 - 4 ; S 1 - 2  END                                                    0.0167   -0.01672
  66.    61   D 1 - 2 ; D 1 - 2 S 3 - 4  END                                            0.0167    0.01672
  67.   100   S 1 D 2 - 3 S 4 ; S 1 D 2 S 4  END                                        0.0165    0.01336  0.00964
  68.    53   D 1 - 2 S 3 S 6 ; S 1 D 2 S 4  END                                        0.0165    0.01336  0.00964
  69.   121   S 1 - 2 D 3 ; D 1 - 2 S 3 - 4  END                                        0.0165    0.00586  0.01540
  70.    28   D 1 - 3 S 5 - 6 ; S 1 - 2  END                                            0.0165    0.00586  0.01540
  71.   798   D 1 S 2 - 5 ; S 1 - 4  END                                                0.0158    0.01005  0.00253  0.00091  0.00023
                                                                                                  0.00144  0.00223  0.00082  0.00262
                                                                                                  0.00258 -0.00008  0.00039  0.00132
                                                                                                  0.00367  0.01027
  72.   772   D 1 S 2 - 5 ; D 1 D 3  END                                                0.0157   -0.00661 -0.01428
  73.   103   S 1 D 2 - 3 S 6 ; S 1 D 2 S 3  END                                        0.0157    0.01416  0.00673
  74.    98   S 1 D 2 - 3 S 6 ; D 1 S 2 S 4  END                                        0.0157    0.01416  0.00673
  75.    36   D 1 - 3 D 5 ; D 2  END                                                    0.0156   -0.01558
  76.    92   D 1 D 3 ; D 1 - 2 D 4  END                                                0.0156   -0.01558
  77.   678   D 1 - 2 D 4 ; S 1 - 4  END                                                0.0156   -0.00480 -0.01481
  78.    46   D 1 - 2 S 3 S 6 ; D 1 S 2 - 3  END                                        0.0149    0.01162  0.00940
  79.    93   S 1 D 2 - 3 S 4 ; D 1 S 2 - 3  END                                        0.0149    0.01162  0.00940
  80.    95   S 1 D 2 - 3 S 5 ; D 1 S 2 - 3  END                                        0.0143   -0.01296 -0.00610
  81.    67   D 1 S 2 D 3 S 6 ; D 1 S 2 - 3  END                                        0.0143   -0.01296 -0.00610
  82.    68   D 1 S 2 D 3 S 6 ; D 1 S 2 S 4  END                                        0.0141    0.01384  0.00273
  83.   101   S 1 D 2 - 3 S 5 ; S 1 D 2 S 3  END                                        0.0141    0.01384  0.00273
  84.    74   D 1 S 2 D 3 S 6 ; S 1 D 2 S 4  END                                        0.0140   -0.01021 -0.00961
  85.   102   S 1 D 2 - 3 S 5 ; S 1 D 2 S 4  END                                        0.0140   -0.01021 -0.00961
  86.   131   D 2 - 3 ; D 1 - 2 D 4  END                                                0.0132   -0.01320
  87.    38   D 1 - 3 D 6 ; D 2  END                                                    0.0132   -0.01320
  88.    20   D 1 - 3 D 6 ; D 1  END                                                    0.0131   -0.01310
  89.   129   D 2 - 3 ; D 1 - 3  END                                                    0.0131   -0.01310
  90.   126   D 2 - 3 D 5 ; D 1 - 2  END                                                0.0130   -0.01301
  91.    89   D 1 D 3 D 6 ; D 1 - 2  END                                                0.0130   -0.01301
  92.   113   S 1 D 2 S 3 ; D 1 - 2 D 4  END                                            0.0125   -0.01250
  93.    35   D 1 - 3 S 4 S 6 ; D 2  END                                                0.0125    0.01250
  94.   994   D 1 D 4 - 5 ; D 1 - 2  END                                                0.0121    0.01212
  95.  1136   S 1 D 2 D 4 S 6 ; D 1 S 2 - 3  END                                        0.0120   -0.01184 -0.00190
  96.  1255   S 1 - 6 ; D 1 S 2 - 3  END                                                0.0120    0.00041  0.00183  0.00403  0.00716
                                                                                                  0.00196  0.00423 -0.00396 -0.00496
                                                                                                 -0.00020  0.00104  0.00172  0.00053
                                                                                                  0.00053  0.00231
  97.   122   S 1 - 2 D 3 ; D 1 - 2 D 4  END                                            0.0119    0.01189
  98.    37   D 1 - 3 S 5 - 6 ; D 2  END                                                0.0119   -0.01189
  99.  1096   S 1 D 2 S 3 - 4 S 6 ; S 1 - 4  END                                        0.0119    0.00517  0.00166  0.00096  0.00037
                                                                                                  0.00117  0.00165  0.00031  0.00223
                                                                                                  0.00235  0.00025  0.00014  0.00065
                                                                                                  0.00312  0.00922
 100.   111   S 1 D 2 S 3 ; D 1 - 3  END                                                0.0114   -0.01137




 POSITION OF FIRST SPIN COUPLING FOR TEN MOST IMPORTANT CONFIGURATIONS
       1     70     46    104    152     60     83     21     34     76



 ********************************
 RESULTS FOR ROOT   02
 TOTAL CI ENERGY =   -196.7061228
 ********************************

       CONF.                                                                           COEFF.
        NO.        SPACE ORBITAL PRODUCTS                                             CONTRIB.      CI COEFFICIENTS

       -----       ----------------------                                             --------   ---------------------
   1.     6   D 1 - 2 S 3 - 4 ; D 1 - 2  END                                            0.9220    0.92198
   2.     2   D 1 - 3 ; D 1 S 2 - 3  END                                                0.2762   -0.27624
   3.    10   D 1 S 2 D 3 S 5 ; D 1 - 2  END                                            0.1179    0.11786
   4.   286   D 1 S 2 - 5 ; D 1 S 2 - 3  END                                            0.0649    0.00931  0.05389 -0.02351  0.00853
                                                                                                 -0.02452
   5.   165   D 1 - 2 S 3 - 4 ; D 1 D 3  END                                            0.0594   -0.05938
   6.     5   D 1 - 3 ; S 1 D 2 S 4  END                                                0.0579   -0.05785
   7.   182   D 1 - 2 S 3 - 4 ; S 1 - 4  END                                            0.0572   -0.00416 -0.01562  0.00871  0.00562
                                                                                                  0.05384
   8.     9   D 1 S 2 D 3 S 4 ; D 1 - 2  END                                            0.0512   -0.05116
   9.     7   D 1 - 2 S 3 S 5 ; D 1 - 2  END                                            0.0512   -0.05116
  10.   424   S 1 D 2 S 3 - 4 S 6 ; D 1 S 2 - 3  END                                    0.0384    0.00376  0.02813 -0.01317  0.00497
                                                                                                 -0.02168
  11.   210   D 1 - 2 S 4 - 5 ; D 1 S 2 - 3  END                                        0.0364   -0.02193 -0.02903
  12.   284   D 1 S 2 - 3 D 4 ; D 1 S 2 - 3  END                                        0.0364    0.02193  0.02903
  13.    14   S 1 D 2 - 3 S 6 ; D 1 - 2  END                                            0.0364    0.03637
  14.   358   D 1 S 3 - 4 D 5 ; D 1 - 2  END                                            0.0349   -0.03491
  15.   287   D 1 S 2 - 5 ; D 1 S 2 S 4  END                                            0.0337   -0.00013 -0.02138  0.01178 -0.02127
                                                                                                  0.00946
  16.   300   D 1 S 2 - 5 ; S 1 D 2 S 3  END                                            0.0337   -0.00051 -0.02112  0.01224 -0.02127
                                                                                                  0.00946
  17.   301   D 1 S 2 - 5 ; S 1 D 2 S 4  END                                            0.0331    0.00574  0.02721 -0.01102  0.00959
                                                                                                 -0.01041
  18.   361   D 1 S 3 - 4 ; D 1 - 3  END                                                0.0311   -0.03107
  19.   162   D 1 - 2 S 3 - 4 D 5 ; D 1  END                                            0.0311   -0.03107
  20.   208   D 1 - 2 D 4 ; D 1 S 2 - 3  END                                            0.0297    0.02967
  21.   495   S 1 - 6 ; D 1 - 2  END                                                    0.0280    0.00417  0.00548  0.00088  0.00088
                                                                                                  0.02714
  22.   421   S 1 D 2 S 3 D 4 ; D 1 S 2 S 4  END                                        0.0279    0.01804  0.02126
  23.   226   D 1 - 2 S 4 S 6 ; S 1 D 2 S 3  END                                        0.0279   -0.01804 -0.02126
  24.   176   D 1 - 2 S 3 D 4 S 5 ; S 1 - 2  END                                        0.0272   -0.01337 -0.02365
  25.   318   D 1 S 2 S 4 ; D 1 - 2 S 3 - 4  END                                        0.0272    0.01337  0.02365
  26.   439   S 1 D 2 S 3 - 4 S 6 ; S 1 D 2 S 4  END                                    0.0256    0.00230  0.01930 -0.00926  0.00985
                                                                                                 -0.00974
  27.   177   D 1 - 2 S 3 D 4 S 6 ; S 1 - 2  END                                        0.0246    0.00363  0.02433
  28.   454   S 1 D 2 S 4 ; D 1 - 2 S 3 - 4  END                                        0.0246   -0.00363 -0.02433
  29.   167   D 1 - 2 S 3 - 4 ; D 1 D 4  END                                            0.0244   -0.02437
  30.   197   D 1 - 2 S 3 - 4 ; D 2 - 3  END                                            0.0244   -0.02437
  31.   298   D 1 S 2 - 3 D 4 ; S 1 D 2 S 3  END                                        0.0240   -0.02390 -0.00242
  32.   211   D 1 - 2 S 4 - 5 ; D 1 S 2 S 4  END                                        0.0240    0.02390  0.00242
  33.   434   S 1 D 2 S 3 D 4 ; S 1 D 2 S 3  END                                        0.0231    0.01673  0.01598
  34.   213   D 1 - 2 S 4 S 6 ; D 1 S 2 S 4  END                                        0.0231   -0.01673 -0.01598
  35.   362   D 1 S 3 - 4 ; D 1 - 2 S 3 - 4  END                                        0.0230    0.00081 -0.02302
  36.   178   D 1 - 2 S 3 - 4 D 5 ; S 1 - 2  END                                        0.0230   -0.00081  0.02302
  37.   315   D 1 S 2 S 4 - 6 ; D 1 - 2  END                                            0.0230    0.00607  0.02213
  38.   492   S 1 - 3 D 4 S 5 ; D 1 - 2  END                                            0.0230   -0.00607 -0.02213
  39.     4   D 1 - 3 ; S 1 D 2 S 3  END                                                0.0217   -0.02171
  40.     3   D 1 - 3 ; D 1 S 2 S 4  END                                                0.0217   -0.02171
  41.   199   D 1 - 2 S 3 - 4 ; D 2 D 4  END                                            0.0208   -0.02075
  42.   224   D 1 - 2 S 4 - 5 ; S 1 D 2 S 3  END                                        0.0205    0.01592  0.01290
  43.   285   D 1 S 2 - 3 D 4 ; D 1 S 2 S 4  END                                        0.0205   -0.01592 -0.01290
  44.   160   D 1 - 2 S 3 D 4 S 5 ; D 1  END                                            0.0202    0.02025
  45.   317   D 1 S 2 S 4 ; D 1 - 3  END                                                0.0202    0.02025
  46.   556   D 2 S 3 - 4 D 6 ; D 1 - 2  END                                            0.0175   -0.01746
  47.   449   S 1 D 2 D 4 S 6 ; D 1 - 2  END                                            0.0170   -0.01701
  48.   498   S 1 - 4 ; D 1 - 2 S 3 - 4  END                                            0.0169    0.00382 -0.00339 -0.00105  0.00113
                                                                                                  0.01604
  49.   179   D 1 - 2 S 3 - 6 ; S 1 - 2  END                                            0.0169   -0.00119  0.00015  0.00508  0.00113
                                                                                                  0.01604
  50.   302   D 1 S 2 - 4 S 6 ; S 1 D 2 S 3  END                                        0.0161    0.00141  0.01190 -0.00599  0.00821
                                                                                                 -0.00351
  51.   423   S 1 D 2 S 3 - 5 ; D 1 S 2 S 4  END                                        0.0161    0.00119  0.01206 -0.00571  0.00821
                                                                                                 -0.00351
  52.   288   D 1 S 2 - 4 S 6 ; D 1 S 2 - 3  END                                        0.0158    0.00176 -0.01238  0.00806 -0.00535
                                                                                                  0.00041
  53.   422   S 1 D 2 S 3 - 5 ; D 1 S 2 - 3  END                                        0.0158    0.00133 -0.01208  0.00859 -0.00535
                                                                                                  0.00041
  54.   194   D 1 - 2 S 3 - 4 D 5 ; D 2  END                                            0.0154   -0.01542
  55.   363   D 1 S 3 - 4 ; D 1 - 2 D 4  END                                            0.0154   -0.01542
  56.   357   D 1 S 3 D 4 S 6 ; D 1 - 2  END                                            0.0153   -0.01527
  57.   450   S 1 D 2 S 4 D 5 ; D 1 - 2  END                                            0.0153   -0.01527
  58.   436   S 1 D 2 S 3 - 5 ; S 1 D 2 S 3  END                                        0.0148    0.00139  0.01184 -0.00764  0.00413
                                                                                                 -0.00062
  59.   289   D 1 S 2 - 4 S 6 ; D 1 S 2 S 4  END                                        0.0148   -0.00019  0.01295 -0.00570  0.00413
                                                                                                 -0.00062
  60.   557   D 2 S 3 - 4 ; D 1 - 3  END                                                0.0138   -0.01379
  61.   164   D 1 - 2 S 3 - 4 D 6 ; D 1  END                                            0.0138   -0.01379
  62.   263   D 1 S 2 D 3 S 5 ; S 1 - 4  END                                            0.0136   -0.00353 -0.00925 -0.00296  0.00246
                                                                                                  0.00852
  63.   438   S 1 D 2 S 3 - 4 S 6 ; S 1 D 2 S 3  END                                    0.0135    0.00039  0.01028 -0.00523  0.00504
                                                                                                 -0.00495
  64.   425   S 1 D 2 S 3 - 4 S 6 ; D 1 S 2 S 4  END                                    0.0135    0.00071  0.01005 -0.00562  0.00504
                                                                                                 -0.00495
  65.   437   S 1 D 2 S 3 - 5 ; S 1 D 2 S 4  END                                        0.0132    0.00133 -0.00911  0.00516 -0.00685
                                                                                                  0.00393
  66.   303   D 1 S 2 - 4 S 6 ; S 1 D 2 S 4  END                                        0.0132    0.00036 -0.00842  0.00635 -0.00685
                                                                                                  0.00393
  67.   223   D 1 - 2 D 4 ; S 1 D 2 S 4  END                                            0.0131    0.01310
  68.   312   D 1 S 2 D 4 S 5 ; D 1 - 2  END                                            0.0129   -0.01295
  69.   554   D 2 S 3 - 4 D 5 ; D 1 - 2  END                                            0.0122   -0.01222
  70.   360   D 1 S 3 - 4 D 6 ; D 1 - 2  END                                            0.0122   -0.01222
  71.   334   D 1 D 3 D 5 ; D 1 S 2 - 3  END                                            0.0121    0.01208
  72.   196   D 1 - 2 S 3 - 4 D 6 ; D 2  END                                            0.0121   -0.01208
  73.   559   D 2 S 3 - 4 ; D 1 - 2 D 4  END                                            0.0121   -0.01208
  74.   241   D 1 S 2 D 3 S 4 ; D 1 D 3  END                                            0.0117   -0.01169
  75.   170   D 1 - 2 S 3 S 5 ; D 1 D 3  END                                            0.0117   -0.01169
  76.   212   D 1 - 2 S 4 S 6 ; D 1 S 2 - 3  END                                        0.0112   -0.00805 -0.00785
  77.   420   S 1 D 2 S 3 D 4 ; D 1 S 2 - 3  END                                        0.0112    0.00805  0.00785
  78.   246   D 1 S 2 D 3 S 5 ; D 1 D 3  END                                            0.0112   -0.01124
  79.   227   D 1 - 2 S 4 S 6 ; S 1 D 2 S 4  END                                        0.0111   -0.00886 -0.00669
  80.   435   S 1 D 2 S 3 D 4 ; S 1 D 2 S 4  END                                        0.0111    0.00886  0.00669
  81.   225   D 1 - 2 S 4 - 5 ; S 1 D 2 S 4  END                                        0.0110   -0.01068 -0.00254
  82.   299   D 1 S 2 - 3 D 4 ; S 1 D 2 S 4  END                                        0.0110    0.01068  0.00254
  83.   472   S 1 - 2 D 3 S 5 - 6 ; D 1 S 2 - 3  END                                    0.0105    0.00207  0.00431 -0.00080  0.00114
                                                                                                 -0.00928
  84.   497   S 1 - 4 ; D 1 - 3  END                                                    0.0100    0.00060  0.01001
  85.   163   D 1 - 2 S 3 - 6 ; D 1  END                                                0.0100   -0.00060 -0.01001
  86.   195   D 1 - 2 S 3 - 6 ; D 2  END                                                0.0098    0.00109 -0.00975
  87.   499   S 1 - 4 ; D 1 - 2 D 4  END                                                0.0098   -0.00109  0.00975
  88.   493   S 1 - 3 D 4 S 6 ; D 1 - 2  END                                            0.0097    0.00104 -0.00964
  89.   451   S 1 D 2 S 4 - 6 ; D 1 - 2  END                                            0.0097   -0.00104  0.00964
  90.   209   D 1 - 2 D 4 ; D 1 S 2 S 4  END                                            0.0094    0.00943
  91.   222   D 1 - 2 D 4 ; S 1 D 2 S 3  END                                            0.0094    0.00943
  92.   296   D 1 S 2 - 3 ; D 1 S 2 D 3 S 4  END                                        0.0094    0.00475  0.00814
  93.   134   D 1 - 3 S 4 - 5 ; S 1 S 3  END                                            0.0094   -0.00475 -0.00814
  94.   180   D 1 - 2 S 3 - 4 D 6 ; S 1 - 2  END                                        0.0092   -0.00024 -0.00921
  95.   558   D 2 S 3 - 4 ; D 1 - 2 S 3 - 4  END                                        0.0092    0.00024  0.00921
  96.   466   S 1 - 2 D 3 S 4 - 5 ; D 1 S 2 - 3  END                                    0.0091   -0.00110  0.00099 -0.00042  0.00244
                                                                                                  0.00862
  97.   292   D 1 S 2 - 3 S 5 - 6 ; D 1 S 2 - 3  END                                    0.0091   -0.00024  0.00039 -0.00147  0.00244
                                                                                                  0.00862
  98.    13   S 1 D 2 - 3 S 5 ; D 1 - 2  END                                            0.0089    0.00888
  99.    11   D 1 S 2 D 3 S 6 ; D 1 - 2  END                                            0.0089    0.00888
 100.   378   S 1 D 2 - 3 S 4 ; D 1 S 3 - 4  END                                        0.0088    0.00529  0.00702




 POSITION OF FIRST SPIN COUPLING FOR TEN MOST IMPORTANT CONFIGURATIONS
       6      2     10    436    230      5    259      9      7    702



 ********************************
 RESULTS FOR ROOT   03
 TOTAL CI ENERGY =   -196.3537662
 ********************************

       CONF.                                                                           COEFF.
        NO.        SPACE ORBITAL PRODUCTS                                             CONTRIB.      CI COEFFICIENTS

       -----       ----------------------                                             --------   ---------------------
   1.    54   D 1 - 2 D 4 ; D 1 - 2  END                                                0.6883    0.68831
   2.    42   D 1 - 2 S 3 - 4 ; D 1 S 2 - 3  END                                        0.3457   -0.32897  0.10624
   3.    76   D 1 S 2 - 5 ; D 1 - 2  END                                                0.2145   -0.12237 -0.17613
   4.    60   D 1 - 2 ; D 1 - 3  END                                                    0.2039   -0.20390
   5.    15   D 1 - 4 ; D 1  END                                                        0.2039   -0.20390
   6.    21   D 1 - 3 ; D 1 D 3  END                                                    0.1775    0.17753
   7.    49   D 1 - 2 S 3 - 4 ; S 1 D 2 S 4  END                                        0.1651   -0.16474  0.01075
   8.     1   D 1 - 3 ; D 1 - 2  END                                                    0.1462    0.14620
   9.   107   S 1 D 2 S 3 - 4 S 6 ; D 1 - 2  END                                        0.1267   -0.07685 -0.10071
  10.    65   D 1 S 2 D 3 S 5 ; D 1 S 2 - 3  END                                        0.1060   -0.10467  0.01649
  11.    63   D 1 S 2 D 3 S 4 ; D 1 S 2 - 3  END                                        0.0967    0.06374  0.07270
  12.    44   D 1 - 2 S 3 S 5 ; D 1 S 2 - 3  END                                        0.0967    0.06374  0.07270
  13.   839   D 1 S 2 D 4 S 5 ; D 1 S 2 - 3  END                                        0.0795    0.07949 -0.00041
  14.    31   D 1 - 3 ; S 1 - 4  END                                                    0.0786   -0.04455 -0.06474
  15.    97   S 1 D 2 - 3 S 6 ; D 1 S 2 - 3  END                                        0.0753   -0.07527  0.00258
  16.   652   D 1 - 2 D 4 ; D 1 D 3  END                                                0.0743   -0.07428
  17.    57   D 1 - 2 D 5 ; D 1 - 2  END                                                0.0716   -0.07160
  18.    84   D 1 D 3 - 4 ; D 1 - 2  END                                                0.0716   -0.07160
  19.    24   D 1 - 4 ; S 1 - 2  END                                                    0.0674   -0.06735
  20.    61   D 1 - 2 ; D 1 - 2 S 3 - 4  END                                            0.0674    0.06735
  21.    16   D 1 - 3 S 4 - 5 ; D 1  END                                                0.0667    0.06670
  22.    81   D 1 S 2 - 3 ; D 1 - 3  END                                                0.0667   -0.06670
  23.   678   D 1 - 2 D 4 ; S 1 - 4  END                                                0.0655    0.02592  0.06013
  24.    94   S 1 D 2 - 3 S 4 ; D 1 S 2 S 4  END                                        0.0585    0.03553  0.04646
  25.    52   D 1 - 2 S 3 S 6 ; S 1 D 2 S 3  END                                        0.0585    0.03553  0.04646
  26.    87   D 1 D 3 D 5 ; D 1 - 2  END                                                0.0570    0.05699
  27.    55   D 1 - 2 S 4 - 5 ; D 1 - 2  END                                            0.0531   -0.05312
  28.    75   D 1 S 2 - 3 D 4 ; D 1 - 2  END                                            0.0531    0.05312
  29.    82   D 1 S 2 - 3 ; D 1 - 2 S 3 - 4  END                                        0.0529   -0.02639 -0.04587
  30.    25   D 1 - 3 S 4 - 5 ; S 1 - 2  END                                            0.0529   -0.02639 -0.04587
  31.    26   D 1 - 3 S 4 S 6 ; S 1 - 2  END                                            0.0517    0.01747  0.04865
  32.   112   S 1 D 2 S 3 ; D 1 - 2 S 3 - 4  END                                        0.0517    0.01747  0.04865
  33.  1136   S 1 D 2 D 4 S 6 ; D 1 S 2 - 3  END                                        0.0497    0.04951  0.00467
  34.    72   D 1 S 2 D 3 S 5 ; S 1 D 2 S 4  END                                        0.0462   -0.04545  0.00838
  35.    50   D 1 - 2 S 3 S 5 ; S 1 D 2 S 3  END                                        0.0453   -0.03098 -0.03311
  36.    64   D 1 S 2 D 3 S 4 ; D 1 S 2 S 4  END                                        0.0453   -0.03098 -0.03311
  37.   994   D 1 D 4 - 5 ; D 1 - 2  END                                                0.0426   -0.04256
  38.   860   D 1 S 2 D 4 S 5 ; S 1 D 2 S 4  END                                        0.0412    0.04064  0.00686
  39.   118   S 1 - 2 D 3 S 5 - 6 ; D 1 - 2  END                                        0.0392   -0.02380 -0.03119
  40.    43   D 1 - 2 S 3 - 4 ; D 1 S 2 S 4  END                                        0.0387    0.01813  0.03416
  41.    48   D 1 - 2 S 3 - 4 ; S 1 D 2 S 3  END                                        0.0387    0.01813  0.03416
  42.  1290   S 1 - 2 D 4 S 5 - 6 ; D 1 - 2  END                                        0.0384    0.01140  0.03666
  43.   772   D 1 S 2 - 5 ; D 1 D 3  END                                                0.0376    0.02050  0.03154
  44.   619   D 1 - 2 S 3 - 4 ; S 1 D 3 S 4  END                                        0.0358    0.03580 -0.00147
  45.    33   D 1 - 4 ; D 2  END                                                        0.0358   -0.03579
  46.    62   D 1 - 2 ; D 1 - 2 D 4  END                                                0.0358   -0.03579
  47.   798   D 1 S 2 - 5 ; S 1 - 4  END                                                0.0347   -0.02155 -0.00038 -0.00088 -0.00126
                                                                                                 -0.00208  0.00229 -0.00199 -0.00195
                                                                                                 -0.01216 -0.00056 -0.00101  0.00190
                                                                                                 -0.01386 -0.01934
  48.   115   S 1 - 2 D 3 S 4 - 5 ; D 1 - 2  END                                        0.0343   -0.00700 -0.03361
  49.    79   D 1 S 2 - 3 S 5 - 6 ; D 1 - 2  END                                        0.0343   -0.00700 -0.03361
  50.   958   D 1 S 3 - 4 D 5 ; D 1 S 2 - 3  END                                        0.0324    0.03225 -0.00257
  51.  1255   S 1 - 6 ; D 1 S 2 - 3  END                                                0.0308   -0.00247 -0.00640 -0.00873 -0.01607
                                                                                                 -0.00834 -0.01252  0.01117  0.01328
                                                                                                 -0.00039 -0.00201 -0.00101  0.00099
                                                                                                  0.00099  0.00564
  52.    41   D 1 - 3 ; D 2 D 4  END                                                    0.0304    0.03040
  53.  1070   S 1 D 2 S 3 - 4 S 6 ; D 1 D 3  END                                        0.0301    0.01526  0.02600
  54.    46   D 1 - 2 S 3 S 6 ; D 1 S 2 - 3  END                                        0.0297    0.01735  0.02410
  55.    93   S 1 D 2 - 3 S 4 ; D 1 S 2 - 3  END                                        0.0297    0.01735  0.02410
  56.  1157   S 1 D 2 D 4 S 6 ; S 1 D 2 S 4  END                                        0.0291    0.02825  0.00714
  57.    45   D 1 - 2 S 3 S 5 ; D 1 S 2 S 4  END                                        0.0289   -0.02846  0.00520
  58.    69   D 1 S 2 D 3 S 4 ; S 1 D 2 S 3  END                                        0.0289   -0.02846  0.00520
  59.   104   S 1 D 2 - 3 S 6 ; S 1 D 2 S 4  END                                        0.0272   -0.02518  0.01031
  60.   704   D 1 - 2 D 4 ; D 2 D 4  END                                                0.0264   -0.02638
  61.   111   S 1 D 2 S 3 ; D 1 - 3  END                                                0.0261   -0.02613
  62.    17   D 1 - 3 S 4 S 6 ; D 1  END                                                0.0261    0.02613
  63.    66   D 1 S 2 D 3 S 5 ; D 1 S 2 S 4  END                                        0.0256   -0.01927 -0.01683
  64.    71   D 1 S 2 D 3 S 5 ; S 1 D 2 S 3  END                                        0.0256   -0.01927 -0.01683
  65.    22   D 1 - 3 ; D 1 S 3 - 4  END                                                0.0252   -0.02523
  66.    30   D 1 - 3 ; S 1 - 2 D 3  END                                                0.0252    0.02523
  67.    99   S 1 D 2 - 3 S 4 ; S 1 D 2 S 3  END                                        0.0236    0.01494  0.01831
  68.    47   D 1 - 2 S 3 S 6 ; D 1 S 2 S 4  END                                        0.0236    0.01494  0.01831
  69.   123   D 2 - 4 ; D 1 - 2  END                                                    0.0235   -0.02348
  70.    59   D 1 - 2 D 6 ; D 1 - 2  END                                                0.0235   -0.02348
  71.    56   D 1 - 2 S 4 S 6 ; D 1 - 2  END                                            0.0223   -0.02226
  72.   105   S 1 D 2 S 3 D 4 ; D 1 - 2  END                                            0.0223    0.02226
  73.    91   D 1 D 3 ; D 1 - 2 S 3 - 4  END                                            0.0222   -0.02216
  74.    27   D 1 - 3 D 5 ; S 1 - 2  END                                                0.0222    0.02216
  75.    18   D 1 - 3 D 5 ; D 1  END                                                    0.0219   -0.02193
  76.    90   D 1 D 3 ; D 1 - 3  END                                                    0.0219   -0.02193
  77.  1096   S 1 D 2 S 3 - 4 S 6 ; S 1 - 4  END                                        0.0216   -0.01489 -0.00104 -0.00109 -0.00174
                                                                                                 -0.00181  0.00163 -0.00134 -0.00103
                                                                                                 -0.00725 -0.00133 -0.00075  0.00122
                                                                                                 -0.00872 -0.00983
  78.  1496   D 2 D 4 D 6 ; D 1 - 2  END                                                0.0213   -0.02128
  79.   128   D 2 - 3 D 6 ; D 1 - 2  END                                                0.0205    0.02045
  80.   114   S 1 - 2 D 3 - 4 ; D 1 - 2  END                                            0.0204   -0.02035
  81.    58   D 1 - 2 S 5 - 6 ; D 1 - 2  END                                            0.0204    0.02035
  82.    77   D 1 S 2 - 4 S 6 ; D 1 - 2  END                                            0.0193   -0.00355  0.01901
  83.   106   S 1 D 2 S 3 - 5 ; D 1 - 2  END                                            0.0193   -0.00355  0.01901
  84.    86   D 1 D 3 S 4 S 6 ; D 1 - 2  END                                            0.0191   -0.01909
  85.   108   S 1 D 2 S 3 D 5 ; D 1 - 2  END                                            0.0191    0.01909
  86.   640   D 1 - 2 S 3 - 4 ; S 2 - 3 D 4  END                                        0.0187    0.01864 -0.00185
  87.   859   D 1 S 2 D 4 S 5 ; S 1 D 2 S 3  END                                        0.0168   -0.00921 -0.01407
  88.   840   D 1 S 2 D 4 S 5 ; D 1 S 2 S 4  END                                        0.0168   -0.00921 -0.01407
  89.   979   D 1 S 3 - 4 D 5 ; S 1 D 2 S 4  END                                        0.0167    0.01671 -0.00016
  90.   740   D 1 S 2 D 3 S 5 ; S 1 D 3 S 4  END                                        0.0163    0.01610  0.00239
  91.  1276   S 1 - 6 ; S 1 D 2 S 4  END                                                0.0162   -0.00167 -0.00340 -0.00478 -0.00920
                                                                                                 -0.00478 -0.00584  0.00596  0.00639
                                                                                                  0.00030 -0.00231 -0.00094 -0.00018
                                                                                                 -0.00018  0.00084
  92.   894   D 1 D 3 D 5 ; D 1 D 3  END                                                0.0160   -0.01599
  93.   100   S 1 D 2 - 3 S 4 ; S 1 D 2 S 4  END                                        0.0153    0.00896  0.01235
  94.    53   D 1 - 2 S 3 S 6 ; S 1 D 2 S 4  END                                        0.0153    0.00896  0.01235
  95.    96   S 1 D 2 - 3 S 5 ; D 1 S 2 S 4  END                                        0.0150    0.00991  0.01133
  96.    73   D 1 S 2 D 3 S 6 ; S 1 D 2 S 3  END                                        0.0150    0.00991  0.01133
  97.    95   S 1 D 2 - 3 S 5 ; D 1 S 2 - 3  END                                        0.0145   -0.01447 -0.00079
  98.    67   D 1 S 2 D 3 S 6 ; D 1 S 2 - 3  END                                        0.0145   -0.01447 -0.00079
  99.   998   D 1 D 4 ; D 1 - 2 S 3 - 4  END                                            0.0143   -0.01434
 100.   674   D 1 - 2 D 4 - 5 ; S 1 - 2  END                                            0.0143    0.01434




 POSITION OF FIRST SPIN COUPLING FOR TEN MOST IMPORTANT CONFIGURATIONS
      70     46    104     76     15     21     60      1    152     83



 ELAPSED TIME =       0.46 CPU SECONDS. (      0.46 WALL CLOCK SECONDS)
