 ************************************************************************
 * RTSIM - DAVIDSON METHOD SPARSE MATRIX EIGENVALUE/EIGENVECTOR PROGRAM *
 * QUANTUM CHEMISTRY GROUP - INDIANA UNIVERSITY -  8Apr 2016  19:12:18  *
 ************************************************************************



                 DIAGONALIZATION RUN TITLE
                 -------------------------
 )* WATER TEST *



 ) DAVIDSON
 ) LAST=3
 ) COEFF
 ) NOVLP
 ) MAXITR=1000 END

 THE CI MATRIX IS TITLED:  H2O  -SINGLET A1-  STO-3G HF SD-CI TEST
 THE MATRIX IS DATED:      8Apr 2016  19:12:00 
 THE SPIN MULTIPLICITY IS 1 AND THE DIMENSION IS   3333.

 ROOTS  1 THROUGH  3 WILL BE OBTAINED.

  
  
  
 AMOUNT OF CORE AVAILABLE                      80000000
 MAXIMUM NUMBER OF VECTORS PER ITERATION              3
 MAXIMUM NUMBER OF VECTORS ON DISK                   19
 NUMBER OF SOLUTIONS SOUGHT                           3
 NUMBER OF SOLUTIONS INVESTIGATED                     3
 SIZE OF MATRIX DIAGONALISED                       3333
  
  
 INITIAL GUESS AT ROOTS (OBTAINED FROM DIAGONAL ELEMENTS OF HAMILTONIAN MATRIX)

                1        -199.84043
                6        -195.73486
               70        -192.94847


 ITERATION       ROOT           EIGENVALUE          NORM OF RESIDUAL
     1             1          -199.90298432              3.87485
     1             2          -195.73486399              2.91917
     1             3          -192.88591503              5.08712
     2             1          -201.13628144              6.37733
     2             2          -196.53004109              7.20314
     2             3          -194.85500299              8.33457
     2             1          -201.13628144              1.70105
     2             2          -196.53004109              1.39352
     2             3          -194.85500299              3.34797
     3             1          -201.28338565              2.36348
     3             2          -196.67196606              2.82254
     3             3          -195.69655861              6.96187
     3             1          -201.28338565              0.62374
     3             2          -196.67196606              0.50591
     3             3          -195.69655861              2.31397
     4             1          -201.29932320              0.84606
     4             2          -196.68604205              0.94416
     4             3          -196.08232895              6.32546
     4             1          -201.29932320              0.18936
     4             2          -196.68604205              0.23611
     4             3          -196.08232895              1.59229
     5             1          -201.30055043              0.23923
     5             2          -196.68877168              0.48643
     5             3          -196.22732581              4.18370
     5             1          -201.30055043              0.07850
     5             2          -196.68877168              0.11187
     5             3          -196.22732581              0.96964
     6             1          -201.30082472              0.15659
     6             2          -196.68945121              0.33326
     6             3          -196.28961148              3.60316
  truncating with vlp=false 
 TRUNCATION TO 1 VECTOR PER ROOT HAS BEEN PERFORMED
     6             1          -201.30082472              0.03394
     6             2          -196.68945121              0.05299
     6             3          -196.28961148              0.62220
     7             1          -201.30085965              0.03353
     7             2          -196.68955469              0.06821
     7             3          -196.30538339              0.85755
     7             1          -201.30085965              0.01730
     7             2          -196.68955469              0.02716
     7             3          -196.30538339              0.43661
     8             1          -201.30086958              0.03824
     8             2          -196.68959277              0.10918
     8             3          -196.31857821              2.35211
     8             1          -201.30086958              0.00961
     8             2          -196.68959277              0.01494
     8             3          -196.31857821              0.44194
     9             1          -201.30087228              0.03098
     9             2          -196.68960342              0.08941
     9             3          -196.32739318              3.27694
     9             1          -201.30087228              0.00473
     9             2          -196.68960342              0.00824
     9             3          -196.32739318              0.36326
    10             1          -201.30087290              0.01660
    10             2          -196.68960694              0.06102
    10             3          -196.33398394              3.71048
    10             1          -201.30087290              0.00205
    10             2          -196.68960694              0.00431
    10             3          -196.33398394              0.23022
    11             1          -201.30087301              0.00624
    11             2          -196.68960760              0.02246
    11             3          -196.33628315              1.84706
  truncating with vlp=false 
 TRUNCATION TO 1 VECTOR PER ROOT HAS BEEN PERFORMED
    11             1          -201.30087301              0.00077
    11             2          -196.68960760              0.00183
    11             3          -196.33628315              0.13726
    12             1          -201.30087302              0.00071
    12             2          -196.68960772              0.00229
    12             3          -196.33692257              0.17009
    12             1          -201.30087302              0.00040
    12             2          -196.68960772              0.00101
    12             3          -196.33692257              0.09521
    13             1          -201.30087303              0.00096
    13             2          -196.68960776              0.00377
    13             3          -196.33744586              0.44463
    13             1          -201.30087303              0.00018
    13             2          -196.68960776              0.00049
    13             3          -196.33744586              0.08136
    14             1          -201.30087303              0.00047
    14             2          -196.68960778              0.00298
    14             3          -196.33773525              0.43190
    14             1          -201.30087303              0.00008
    14             2          -196.68960778              0.00025
    14             3          -196.33773525              0.06526
     ROOT    ITERATION     NUMBER OF PRODUCTS       EIGENVALUE
       1        14                39                -201.3008730297


    15             2          -196.68960778              0.00121
    15             3          -196.33789519              0.33536
    15             2          -196.68960778              0.00011
    15             3          -196.33789519              0.04238
    16             2          -196.68960778              0.00059
    16             3          -196.33796944              0.24276
    16             2          -196.68960778              0.00007
    16             3          -196.33796944              0.03118
     ROOT    ITERATION     NUMBER OF PRODUCTS       EIGENVALUE
       2        16                43                -196.6896077799


    17             3          -196.33803591              0.34065
    17             3          -196.33803591              0.01950
    18             3          -196.33805945              0.18787
    18             3          -196.33805945              0.01492
    19             3          -196.33807221              0.13734
  truncating with vlp=false 
 TRUNCATION TO 1 VECTOR PER ROOT HAS BEEN PERFORMED
    19             3          -196.33807221              0.00923
    20             3          -196.33807536              0.00991
    20             3          -196.33807536              0.00486
    21             3          -196.33807671              0.01158
    21             3          -196.33807671              0.00321
    22             3          -196.33807745              0.01162
    22             3          -196.33807745              0.00245
    23             3          -196.33807779              0.00770
    23             3          -196.33807779              0.00179
    24             3          -196.33807796              0.00660
    24             3          -196.33807796              0.00139
    25             3          -196.33807802              0.00470
    25             3          -196.33807802              0.00089
    26             3          -196.33807805              0.00347
    26             3          -196.33807805              0.00064
    27             3          -196.33807807              0.00307
    27             3          -196.33807807              0.00047
    28             3          -196.33807808              0.00474
    28             3          -196.33807808              0.00041
    29             3          -196.33807809              0.00309
    29             3          -196.33807809              0.00026
    30             3          -196.33807809              0.00160
    30             3          -196.33807809              0.00016
    31             3          -196.33807809              0.00106
    31             3          -196.33807809              0.00009
     ROOT    ITERATION     NUMBER OF PRODUCTS       EIGENVALUE
       3        31                58                -196.3380780899


  all roots converged 
  

 ************************************
 COMPLETED CI VECTOR OPTIMISATION
 ************************************





 ********************************
 RESULTS FOR ROOT   01
 TOTAL CI ENERGY =   -201.3008730
 ********************************

       CONF.                                                                           COEFF.
        NO.        SPACE ORBITAL PRODUCTS                                             CONTRIB.      CI COEFFICIENTS

       -----       ----------------------                                             --------   ---------------------
   1.     1   D 1 - 3 ; D 1 - 2  END                                                    0.9247   -0.92470
   2.    54   D 1 - 2 D 4 ; D 1 - 2  END                                                0.1389    0.13894
   3.    42   D 1 - 2 S 3 - 4 ; D 1 S 2 - 3  END                                        0.1374   -0.13535 -0.02354
   4.    76   D 1 S 2 - 5 ; D 1 - 2  END                                                0.0977   -0.03712 -0.09034
   5.   107   S 1 D 2 S 3 - 4 S 6 ; D 1 - 2  END                                        0.0793   -0.02775 -0.07429
   6.    49   D 1 - 2 S 3 - 4 ; S 1 D 2 S 4  END                                        0.0764   -0.07568 -0.01067
   7.    65   D 1 S 2 D 3 S 5 ; D 1 S 2 - 3  END                                        0.0710   -0.06922 -0.01598
   8.    21   D 1 - 3 ; D 1 D 3  END                                                    0.0668    0.06676
   9.    31   D 1 - 3 ; S 1 - 4  END                                                    0.0621   -0.01577 -0.06006
  10.    15   D 1 - 4 ; D 1  END                                                        0.0590    0.05897
  11.    60   D 1 - 2 ; D 1 - 3  END                                                    0.0590    0.05897
  12.    63   D 1 S 2 D 3 S 4 ; D 1 S 2 - 3  END                                        0.0500   -0.02584 -0.04282
  13.    44   D 1 - 2 S 3 S 5 ; D 1 S 2 - 3  END                                        0.0500   -0.02584 -0.04282
  14.    97   S 1 D 2 - 3 S 6 ; D 1 S 2 - 3  END                                        0.0411   -0.03978 -0.01038
  15.    94   S 1 D 2 - 3 S 4 ; D 1 S 2 S 4  END                                        0.0405   -0.02612 -0.03094
  16.    52   D 1 - 2 S 3 S 6 ; S 1 D 2 S 3  END                                        0.0405   -0.02612 -0.03094
  17.    87   D 1 D 3 D 5 ; D 1 - 2  END                                                0.0400    0.04001
  18.   112   S 1 D 2 S 3 ; D 1 - 2 S 3 - 4  END                                        0.0393   -0.00666 -0.03870
  19.    26   D 1 - 3 S 4 S 6 ; S 1 - 2  END                                            0.0393   -0.00666 -0.03870
  20.    82   D 1 S 2 - 3 ; D 1 - 2 S 3 - 4  END                                        0.0383    0.01678  0.03445
  21.    25   D 1 - 3 S 4 - 5 ; S 1 - 2  END                                            0.0383    0.01678  0.03445
  22.    72   D 1 S 2 D 3 S 5 ; S 1 D 2 S 4  END                                        0.0381   -0.03600 -0.01235
  23.    50   D 1 - 2 S 3 S 5 ; S 1 D 2 S 3  END                                        0.0366    0.02987  0.02111
  24.    64   D 1 S 2 D 3 S 4 ; D 1 S 2 S 4  END                                        0.0366    0.02987  0.02111
  25.    57   D 1 - 2 D 5 ; D 1 - 2  END                                                0.0354    0.03539
  26.    84   D 1 D 3 - 4 ; D 1 - 2  END                                                0.0354    0.03539
  27.    16   D 1 - 3 S 4 - 5 ; D 1  END                                                0.0346   -0.03457
  28.    81   D 1 S 2 - 3 ; D 1 - 3  END                                                0.0346    0.03457
  29.   118   S 1 - 2 D 3 S 5 - 6 ; D 1 - 2  END                                        0.0341   -0.00523 -0.03374
  30.    79   D 1 S 2 - 3 S 5 - 6 ; D 1 - 2  END                                        0.0329    0.00936  0.03149
  31.   115   S 1 - 2 D 3 S 4 - 5 ; D 1 - 2  END                                        0.0329    0.00936  0.03149
  32.    69   D 1 S 2 D 3 S 4 ; S 1 D 2 S 3  END                                        0.0323    0.03198  0.00440
  33.    45   D 1 - 2 S 3 S 5 ; D 1 S 2 S 4  END                                        0.0323    0.03198  0.00440
  34.    55   D 1 - 2 S 4 - 5 ; D 1 - 2  END                                            0.0318    0.03184
  35.    75   D 1 S 2 - 3 D 4 ; D 1 - 2  END                                            0.0318   -0.03184
  36.    66   D 1 S 2 D 3 S 5 ; D 1 S 2 S 4  END                                        0.0318    0.02073  0.02409
  37.    71   D 1 S 2 D 3 S 5 ; S 1 D 2 S 3  END                                        0.0318    0.02073  0.02409
  38.   104   S 1 D 2 - 3 S 6 ; S 1 D 2 S 4  END                                        0.0306   -0.02748 -0.01336
  39.    90   D 1 D 3 ; D 1 - 3  END                                                    0.0295    0.02950
  40.    18   D 1 - 3 D 5 ; D 1  END                                                    0.0295    0.02950
  41.    99   S 1 D 2 - 3 S 4 ; S 1 D 2 S 3  END                                        0.0292   -0.02190 -0.01938
  42.    47   D 1 - 2 S 3 S 6 ; D 1 S 2 S 4  END                                        0.0292   -0.02190 -0.01938
  43.    43   D 1 - 2 S 3 - 4 ; D 1 S 2 S 4  END                                        0.0285   -0.02693 -0.00934
  44.    48   D 1 - 2 S 3 - 4 ; S 1 D 2 S 3  END                                        0.0285   -0.02693 -0.00934
  45.    86   D 1 D 3 S 4 S 6 ; D 1 - 2  END                                            0.0253    0.02526
  46.   108   S 1 D 2 S 3 D 5 ; D 1 - 2  END                                            0.0253   -0.02526
  47.    41   D 1 - 3 ; D 2 D 4  END                                                    0.0245    0.02448
  48.    91   D 1 D 3 ; D 1 - 2 S 3 - 4  END                                            0.0245    0.02446
  49.    27   D 1 - 3 D 5 ; S 1 - 2  END                                                0.0245   -0.02446
  50.    39   D 1 - 3 ; D 2 - 3  END                                                    0.0235    0.02349
  51.    23   D 1 - 3 ; D 1 D 4  END                                                    0.0235    0.02349
  52.    33   D 1 - 4 ; D 2  END                                                        0.0233    0.02330
  53.    62   D 1 - 2 ; D 1 - 2 D 4  END                                                0.0233    0.02330
  54.   652   D 1 - 2 D 4 ; D 1 D 3  END                                                0.0231   -0.02305
  55.   128   D 2 - 3 D 6 ; D 1 - 2  END                                                0.0217    0.02172
  56.   123   D 2 - 4 ; D 1 - 2  END                                                    0.0215    0.02152
  57.    59   D 1 - 2 D 6 ; D 1 - 2  END                                                0.0215    0.02152
  58.   109   S 1 D 2 S 3 S 5 - 6 ; D 1 - 2  END                                        0.0197    0.00364  0.01938
  59.   116   S 1 - 2 D 3 S 4 S 6 ; D 1 - 2  END                                        0.0197    0.00364  0.01938
  60.   839   D 1 S 2 D 4 S 5 ; D 1 S 2 - 3  END                                        0.0191    0.01850  0.00477
  61.   106   S 1 D 2 S 3 - 5 ; D 1 - 2  END                                            0.0189   -0.00524 -0.01821
  62.    77   D 1 S 2 - 4 S 6 ; D 1 - 2  END                                            0.0189   -0.00524 -0.01821
  63.    96   S 1 D 2 - 3 S 5 ; D 1 S 2 S 4  END                                        0.0174   -0.01455 -0.00949
  64.    73   D 1 S 2 D 3 S 6 ; S 1 D 2 S 3  END                                        0.0174   -0.01455 -0.00949
  65.    24   D 1 - 4 ; S 1 - 2  END                                                    0.0167    0.01670
  66.    61   D 1 - 2 ; D 1 - 2 S 3 - 4  END                                            0.0167   -0.01670
  67.    53   D 1 - 2 S 3 S 6 ; S 1 D 2 S 4  END                                        0.0165   -0.01335 -0.00963
  68.   100   S 1 D 2 - 3 S 4 ; S 1 D 2 S 4  END                                        0.0165   -0.01335 -0.00963
  69.   121   S 1 - 2 D 3 ; D 1 - 2 S 3 - 4  END                                        0.0164   -0.00585 -0.01537
  70.    28   D 1 - 3 S 5 - 6 ; S 1 - 2  END                                            0.0164   -0.00585 -0.01537
  71.   103   S 1 D 2 - 3 S 6 ; S 1 D 2 S 3  END                                        0.0156   -0.01413 -0.00672
  72.    98   S 1 D 2 - 3 S 6 ; D 1 S 2 S 4  END                                        0.0156   -0.01413 -0.00672
  73.    36   D 1 - 3 D 5 ; D 2  END                                                    0.0155    0.01555
  74.    92   D 1 D 3 ; D 1 - 2 D 4  END                                                0.0155    0.01555
  75.   798   D 1 S 2 - 5 ; S 1 - 4  END                                                0.0153   -0.00969 -0.00245 -0.00087 -0.00021
                                                                                                 -0.00137 -0.00214 -0.00080 -0.00253
                                                                                                 -0.00249  0.00008 -0.00038 -0.00129
                                                                                                 -0.00355 -0.00991
  76.   772   D 1 S 2 - 5 ; D 1 D 3  END                                                0.0153    0.00644  0.01383
  77.   678   D 1 - 2 D 4 ; S 1 - 4  END                                                0.0151    0.00468  0.01439
  78.    46   D 1 - 2 S 3 S 6 ; D 1 S 2 - 3  END                                        0.0149   -0.01161 -0.00939
  79.    93   S 1 D 2 - 3 S 4 ; D 1 S 2 - 3  END                                        0.0149   -0.01161 -0.00939
  80.    95   S 1 D 2 - 3 S 5 ; D 1 S 2 - 3  END                                        0.0143    0.01294  0.00609
  81.    67   D 1 S 2 D 3 S 6 ; D 1 S 2 - 3  END                                        0.0143    0.01294  0.00609
  82.    68   D 1 S 2 D 3 S 6 ; D 1 S 2 S 4  END                                        0.0141   -0.01382 -0.00273
  83.   101   S 1 D 2 - 3 S 5 ; S 1 D 2 S 3  END                                        0.0141   -0.01382 -0.00273
  84.    74   D 1 S 2 D 3 S 6 ; S 1 D 2 S 4  END                                        0.0140    0.01019  0.00959
  85.   102   S 1 D 2 - 3 S 5 ; S 1 D 2 S 4  END                                        0.0140    0.01019  0.00959
  86.   131   D 2 - 3 ; D 1 - 2 D 4  END                                                0.0132    0.01317
  87.    38   D 1 - 3 D 6 ; D 2  END                                                    0.0132    0.01317
  88.   129   D 2 - 3 ; D 1 - 3  END                                                    0.0131    0.01308
  89.    20   D 1 - 3 D 6 ; D 1  END                                                    0.0131    0.01308
  90.    89   D 1 D 3 D 6 ; D 1 - 2  END                                                0.0130    0.01299
  91.   126   D 2 - 3 D 5 ; D 1 - 2  END                                                0.0130    0.01299
  92.   113   S 1 D 2 S 3 ; D 1 - 2 D 4  END                                            0.0125    0.01248
  93.    35   D 1 - 3 S 4 S 6 ; D 2  END                                                0.0125   -0.01248
  94.    37   D 1 - 3 S 5 - 6 ; D 2  END                                                0.0119    0.01186
  95.   122   S 1 - 2 D 3 ; D 1 - 2 D 4  END                                            0.0119   -0.01186
  96.   994   D 1 D 4 - 5 ; D 1 - 2  END                                                0.0118   -0.01175
  97.  1136   S 1 D 2 D 4 S 6 ; D 1 S 2 - 3  END                                        0.0117    0.01150  0.00185
  98.  1255   S 1 - 6 ; D 1 S 2 - 3  END                                                0.0115   -0.00038 -0.00176 -0.00389 -0.00689
                                                                                                 -0.00189 -0.00407  0.00381  0.00480
                                                                                                  0.00019 -0.00100 -0.00166 -0.00051
                                                                                                 -0.00051 -0.00223
  99.  1096   S 1 D 2 S 3 - 4 S 6 ; S 1 - 4  END                                        0.0114   -0.00497 -0.00161 -0.00093 -0.00035
                                                                                                 -0.00114 -0.00159 -0.00031 -0.00215
                                                                                                 -0.00227 -0.00023 -0.00014 -0.00063
                                                                                                 -0.00301 -0.00891
 100.   111   S 1 D 2 S 3 ; D 1 - 3  END                                                0.0114    0.01135




 POSITION OF FIRST SPIN COUPLING FOR TEN MOST IMPORTANT CONFIGURATIONS
       1     70     46    104    152     60     83     21     34     15



 ********************************
 RESULTS FOR ROOT   02
 TOTAL CI ENERGY =   -196.6896078
 ********************************

       CONF.                                                                           COEFF.
        NO.        SPACE ORBITAL PRODUCTS                                             CONTRIB.      CI COEFFICIENTS

       -----       ----------------------                                             --------   ---------------------
   1.     6   D 1 - 2 S 3 - 4 ; D 1 - 2  END                                            0.9239    0.92387
   2.     2   D 1 - 3 ; D 1 S 2 - 3  END                                                0.2763   -0.27632
   3.    10   D 1 S 2 D 3 S 5 ; D 1 - 2  END                                            0.1177    0.11765
   4.   286   D 1 S 2 - 5 ; D 1 S 2 - 3  END                                            0.0632    0.00887  0.05252 -0.02308  0.00800
                                                                                                 -0.02371
   5.   165   D 1 - 2 S 3 - 4 ; D 1 D 3  END                                            0.0578   -0.05776
   6.     5   D 1 - 3 ; S 1 D 2 S 4  END                                                0.0575   -0.05752
   7.   182   D 1 - 2 S 3 - 4 ; S 1 - 4  END                                            0.0557   -0.00382 -0.01506  0.00864  0.00558
                                                                                                  0.05247
   8.     9   D 1 S 2 D 3 S 4 ; D 1 - 2  END                                            0.0507   -0.05073
   9.     7   D 1 - 2 S 3 S 5 ; D 1 - 2  END                                            0.0507   -0.05073
  10.   424   S 1 D 2 S 3 - 4 S 6 ; D 1 S 2 - 3  END                                    0.0374    0.00341  0.02743 -0.01306  0.00492
                                                                                                 -0.02093
  11.    14   S 1 D 2 - 3 S 6 ; D 1 - 2  END                                            0.0359    0.03594
  12.   210   D 1 - 2 S 4 - 5 ; D 1 S 2 - 3  END                                        0.0357   -0.02136 -0.02864
  13.   284   D 1 S 2 - 3 D 4 ; D 1 S 2 - 3  END                                        0.0357    0.02136  0.02864
  14.   358   D 1 S 3 - 4 D 5 ; D 1 - 2  END                                            0.0339   -0.03394
  15.   287   D 1 S 2 - 5 ; D 1 S 2 S 4  END                                            0.0329   -0.00010 -0.02079  0.01150 -0.02068
                                                                                                  0.00940
  16.   300   D 1 S 2 - 5 ; S 1 D 2 S 3  END                                            0.0329   -0.00044 -0.02055  0.01192 -0.02068
                                                                                                  0.00940
  17.   301   D 1 S 2 - 5 ; S 1 D 2 S 4  END                                            0.0322    0.00545  0.02652 -0.01086  0.00937
                                                                                                 -0.00999
  18.   162   D 1 - 2 S 3 - 4 D 5 ; D 1  END                                            0.0303   -0.03034
  19.   361   D 1 S 3 - 4 ; D 1 - 3  END                                                0.0303   -0.03034
  20.   208   D 1 - 2 D 4 ; D 1 S 2 - 3  END                                            0.0278    0.02777
  21.   495   S 1 - 6 ; D 1 - 2  END                                                    0.0273    0.00396  0.00512  0.00091  0.00091
                                                                                                  0.02653
  22.   226   D 1 - 2 S 4 S 6 ; S 1 D 2 S 3  END                                        0.0271   -0.01753 -0.02068
  23.   421   S 1 D 2 S 3 D 4 ; D 1 S 2 S 4  END                                        0.0271    0.01753  0.02068
  24.   176   D 1 - 2 S 3 D 4 S 5 ; S 1 - 2  END                                        0.0265   -0.01305 -0.02308
  25.   318   D 1 S 2 S 4 ; D 1 - 2 S 3 - 4  END                                        0.0265    0.01305  0.02308
  26.   439   S 1 D 2 S 3 - 4 S 6 ; S 1 D 2 S 4  END                                    0.0250    0.00214  0.01883 -0.00913  0.00967
                                                                                                 -0.00935
  27.   454   S 1 D 2 S 4 ; D 1 - 2 S 3 - 4  END                                        0.0239   -0.00355 -0.02362
  28.   177   D 1 - 2 S 3 D 4 S 6 ; S 1 - 2  END                                        0.0239    0.00355  0.02362
  29.   167   D 1 - 2 S 3 - 4 ; D 1 D 4  END                                            0.0238   -0.02382
  30.   197   D 1 - 2 S 3 - 4 ; D 2 - 3  END                                            0.0238   -0.02382
  31.   211   D 1 - 2 S 4 - 5 ; D 1 S 2 S 4  END                                        0.0235    0.02338  0.00242
  32.   298   D 1 S 2 - 3 D 4 ; S 1 D 2 S 3  END                                        0.0235   -0.02338 -0.00242
  33.   213   D 1 - 2 S 4 S 6 ; D 1 S 2 S 4  END                                        0.0226   -0.01637 -0.01557
  34.   434   S 1 D 2 S 3 D 4 ; S 1 D 2 S 3  END                                        0.0226    0.01637  0.01557
  35.   178   D 1 - 2 S 3 - 4 D 5 ; S 1 - 2  END                                        0.0224   -0.00075  0.02237
  36.   362   D 1 S 3 - 4 ; D 1 - 2 S 3 - 4  END                                        0.0224    0.00075 -0.02237
  37.   315   D 1 S 2 S 4 - 6 ; D 1 - 2  END                                            0.0223    0.00594  0.02151
  38.   492   S 1 - 3 D 4 S 5 ; D 1 - 2  END                                            0.0223   -0.00594 -0.02151
  39.     4   D 1 - 3 ; S 1 D 2 S 3  END                                                0.0214   -0.02139
  40.     3   D 1 - 3 ; D 1 S 2 S 4  END                                                0.0214   -0.02139
  41.   199   D 1 - 2 S 3 - 4 ; D 2 D 4  END                                            0.0202   -0.02021
  42.   224   D 1 - 2 S 4 - 5 ; S 1 D 2 S 3  END                                        0.0199    0.01545  0.01253
  43.   285   D 1 S 2 - 3 D 4 ; D 1 S 2 S 4  END                                        0.0199   -0.01545 -0.01253
  44.   317   D 1 S 2 S 4 ; D 1 - 3  END                                                0.0196    0.01961
  45.   160   D 1 - 2 S 3 D 4 S 5 ; D 1  END                                            0.0196    0.01961
  46.   556   D 2 S 3 - 4 D 6 ; D 1 - 2  END                                            0.0170   -0.01705
  47.   498   S 1 - 4 ; D 1 - 2 S 3 - 4  END                                            0.0165    0.00373 -0.00331 -0.00101  0.00104
                                                                                                  0.01567
  48.   179   D 1 - 2 S 3 - 6 ; S 1 - 2  END                                            0.0165   -0.00114  0.00014  0.00496  0.00104
                                                                                                  0.01567
  49.   449   S 1 D 2 D 4 S 6 ; D 1 - 2  END                                            0.0163   -0.01627
  50.   423   S 1 D 2 S 3 - 5 ; D 1 S 2 S 4  END                                        0.0157    0.00111  0.01177 -0.00556  0.00795
                                                                                                 -0.00346
  51.   302   D 1 S 2 - 4 S 6 ; S 1 D 2 S 3  END                                        0.0157    0.00138  0.01158 -0.00589  0.00795
                                                                                                 -0.00346
  52.   422   S 1 D 2 S 3 - 5 ; D 1 S 2 - 3  END                                        0.0154    0.00124 -0.01173  0.00836 -0.00517
                                                                                                  0.00051
  53.   288   D 1 S 2 - 4 S 6 ; D 1 S 2 - 3  END                                        0.0154    0.00171 -0.01206  0.00779 -0.00517
                                                                                                  0.00051
  54.   363   D 1 S 3 - 4 ; D 1 - 2 D 4  END                                            0.0150   -0.01504
  55.   194   D 1 - 2 S 3 - 4 D 5 ; D 2  END                                            0.0150   -0.01504
  56.   450   S 1 D 2 S 4 D 5 ; D 1 - 2  END                                            0.0148   -0.01478
  57.   357   D 1 S 3 D 4 S 6 ; D 1 - 2  END                                            0.0148   -0.01478
  58.   289   D 1 S 2 - 4 S 6 ; D 1 S 2 S 4  END                                        0.0144   -0.00017  0.01267 -0.00563  0.00402
                                                                                                 -0.00065
  59.   436   S 1 D 2 S 3 - 5 ; S 1 D 2 S 3  END                                        0.0144    0.00132  0.01161 -0.00745  0.00402
                                                                                                 -0.00065
  60.   557   D 2 S 3 - 4 ; D 1 - 3  END                                                0.0135   -0.01352
  61.   164   D 1 - 2 S 3 - 4 D 6 ; D 1  END                                            0.0135   -0.01352
  62.   438   S 1 D 2 S 3 - 4 S 6 ; S 1 D 2 S 3  END                                    0.0132    0.00032  0.01005 -0.00512  0.00494
                                                                                                 -0.00474
  63.   425   S 1 D 2 S 3 - 4 S 6 ; D 1 S 2 S 4  END                                    0.0132    0.00066  0.00980 -0.00554  0.00494
                                                                                                 -0.00474
  64.   263   D 1 S 2 D 3 S 5 ; S 1 - 4  END                                            0.0131   -0.00332 -0.00895 -0.00281  0.00246
                                                                                                  0.00823
  65.   303   D 1 S 2 - 4 S 6 ; S 1 D 2 S 4  END                                        0.0128    0.00032 -0.00820  0.00613 -0.00666
                                                                                                  0.00384
  66.   437   S 1 D 2 S 3 - 5 ; S 1 D 2 S 4  END                                        0.0128    0.00125 -0.00886  0.00500 -0.00666
                                                                                                  0.00384
  67.   223   D 1 - 2 D 4 ; S 1 D 2 S 4  END                                            0.0124    0.01240
  68.   312   D 1 S 2 D 4 S 5 ; D 1 - 2  END                                            0.0120   -0.01199
  69.   360   D 1 S 3 - 4 D 6 ; D 1 - 2  END                                            0.0119   -0.01193
  70.   554   D 2 S 3 - 4 D 5 ; D 1 - 2  END                                            0.0119   -0.01193
  71.   196   D 1 - 2 S 3 - 4 D 6 ; D 2  END                                            0.0118   -0.01176
  72.   559   D 2 S 3 - 4 ; D 1 - 2 D 4  END                                            0.0118   -0.01176
  73.   334   D 1 D 3 D 5 ; D 1 S 2 - 3  END                                            0.0117    0.01168
  74.   170   D 1 - 2 S 3 S 5 ; D 1 D 3  END                                            0.0115   -0.01154
  75.   241   D 1 S 2 D 3 S 4 ; D 1 D 3  END                                            0.0115   -0.01154
  76.   420   S 1 D 2 S 3 D 4 ; D 1 S 2 - 3  END                                        0.0110    0.00791  0.00767
  77.   212   D 1 - 2 S 4 S 6 ; D 1 S 2 - 3  END                                        0.0110   -0.00790 -0.00767
  78.   246   D 1 S 2 D 3 S 5 ; D 1 D 3  END                                            0.0108   -0.01080
  79.   435   S 1 D 2 S 3 D 4 ; S 1 D 2 S 4  END                                        0.0107    0.00859  0.00645
  80.   227   D 1 - 2 S 4 S 6 ; S 1 D 2 S 4  END                                        0.0107   -0.00859 -0.00645
  81.   299   D 1 S 2 - 3 D 4 ; S 1 D 2 S 4  END                                        0.0107    0.01035  0.00254
  82.   225   D 1 - 2 S 4 - 5 ; S 1 D 2 S 4  END                                        0.0107   -0.01035 -0.00254
  83.   472   S 1 - 2 D 3 S 5 - 6 ; D 1 S 2 - 3  END                                    0.0101    0.00188  0.00410 -0.00083  0.00108
                                                                                                 -0.00897
  84.   163   D 1 - 2 S 3 - 6 ; D 1  END                                                0.0098   -0.00062 -0.00975
  85.   497   S 1 - 4 ; D 1 - 3  END                                                    0.0098    0.00062  0.00975
  86.   195   D 1 - 2 S 3 - 6 ; D 2  END                                                0.0095    0.00106 -0.00948
  87.   499   S 1 - 4 ; D 1 - 2 D 4  END                                                0.0095   -0.00106  0.00948
  88.   451   S 1 D 2 S 4 - 6 ; D 1 - 2  END                                            0.0094   -0.00093  0.00931
  89.   493   S 1 - 3 D 4 S 6 ; D 1 - 2  END                                            0.0094    0.00093 -0.00931
  90.   134   D 1 - 3 S 4 - 5 ; S 1 S 3  END                                            0.0091   -0.00462 -0.00787
  91.   296   D 1 S 2 - 3 ; D 1 S 2 D 3 S 4  END                                        0.0091    0.00462  0.00787
  92.   209   D 1 - 2 D 4 ; D 1 S 2 S 4  END                                            0.0091    0.00905
  93.   222   D 1 - 2 D 4 ; S 1 D 2 S 3  END                                            0.0091    0.00905
  94.   558   D 2 S 3 - 4 ; D 1 - 2 S 3 - 4  END                                        0.0090    0.00027  0.00901
  95.   180   D 1 - 2 S 3 - 4 D 6 ; S 1 - 2  END                                        0.0090   -0.00027 -0.00901
  96.   292   D 1 S 2 - 3 S 5 - 6 ; D 1 S 2 - 3  END                                    0.0089   -0.00017  0.00031 -0.00143  0.00238
                                                                                                  0.00840
  97.   466   S 1 - 2 D 3 S 4 - 5 ; D 1 S 2 - 3  END                                    0.0089   -0.00108  0.00095 -0.00032  0.00238
                                                                                                  0.00840
  98.    13   S 1 D 2 - 3 S 5 ; D 1 - 2  END                                            0.0087    0.00873
  99.    11   D 1 S 2 D 3 S 6 ; D 1 - 2  END                                            0.0087    0.00873
 100.   189   D 1 - 2 S 3 S 6 ; S 1 - 2 D 3  END                                        0.0085   -0.00513 -0.00682




 POSITION OF FIRST SPIN COUPLING FOR TEN MOST IMPORTANT CONFIGURATIONS
       6      2     10    436    230      5    259      9      7    702



 ********************************
 RESULTS FOR ROOT   03
 TOTAL CI ENERGY =   -196.3380781
 ********************************

       CONF.                                                                           COEFF.
        NO.        SPACE ORBITAL PRODUCTS                                             CONTRIB.      CI COEFFICIENTS

       -----       ----------------------                                             --------   ---------------------
   1.    54   D 1 - 2 D 4 ; D 1 - 2  END                                                0.6902   -0.69020
   2.    42   D 1 - 2 S 3 - 4 ; D 1 S 2 - 3  END                                        0.3458    0.32883 -0.10706
   3.    76   D 1 S 2 - 5 ; D 1 - 2  END                                                0.2142    0.12228  0.17592
   4.    60   D 1 - 2 ; D 1 - 3  END                                                    0.2052    0.20522
   5.    15   D 1 - 4 ; D 1  END                                                        0.2052    0.20522
   6.    21   D 1 - 3 ; D 1 D 3  END                                                    0.1773   -0.17727
   7.    49   D 1 - 2 S 3 - 4 ; S 1 D 2 S 4  END                                        0.1649    0.16454 -0.01074
   8.     1   D 1 - 3 ; D 1 - 2  END                                                    0.1445   -0.14452
   9.   107   S 1 D 2 S 3 - 4 S 6 ; D 1 - 2  END                                        0.1265    0.07676  0.10055
  10.    65   D 1 S 2 D 3 S 5 ; D 1 S 2 - 3  END                                        0.1055    0.10415 -0.01655
  11.    63   D 1 S 2 D 3 S 4 ; D 1 S 2 - 3  END                                        0.0971   -0.06401 -0.07303
  12.    44   D 1 - 2 S 3 S 5 ; D 1 S 2 - 3  END                                        0.0971   -0.06401 -0.07303
  13.    31   D 1 - 3 ; S 1 - 4  END                                                    0.0782    0.04432  0.06445
  14.   839   D 1 S 2 D 4 S 5 ; D 1 S 2 - 3  END                                        0.0775   -0.07751  0.00054
  15.    97   S 1 D 2 - 3 S 6 ; D 1 S 2 - 3  END                                        0.0750    0.07493 -0.00254
  16.   652   D 1 - 2 D 4 ; D 1 D 3  END                                                0.0723    0.07232
  17.    84   D 1 D 3 - 4 ; D 1 - 2  END                                                0.0718    0.07184
  18.    57   D 1 - 2 D 5 ; D 1 - 2  END                                                0.0718    0.07184
  19.    61   D 1 - 2 ; D 1 - 2 S 3 - 4  END                                            0.0677   -0.06768
  20.    24   D 1 - 4 ; S 1 - 2  END                                                    0.0677    0.06768
  21.    81   D 1 S 2 - 3 ; D 1 - 3  END                                                0.0671    0.06707
  22.    16   D 1 - 3 S 4 - 5 ; D 1  END                                                0.0671   -0.06707
  23.   678   D 1 - 2 D 4 ; S 1 - 4  END                                                0.0638   -0.02520 -0.05864
  24.    52   D 1 - 2 S 3 S 6 ; S 1 D 2 S 3  END                                        0.0586   -0.03560 -0.04659
  25.    94   S 1 D 2 - 3 S 4 ; D 1 S 2 S 4  END                                        0.0586   -0.03560 -0.04659
  26.    87   D 1 D 3 D 5 ; D 1 - 2  END                                                0.0566   -0.05661
  27.    55   D 1 - 2 S 4 - 5 ; D 1 - 2  END                                            0.0534    0.05339
  28.    75   D 1 S 2 - 3 D 4 ; D 1 - 2  END                                            0.0534   -0.05339
  29.    82   D 1 S 2 - 3 ; D 1 - 2 S 3 - 4  END                                        0.0531    0.02647  0.04602
  30.    25   D 1 - 3 S 4 - 5 ; S 1 - 2  END                                            0.0531    0.02647  0.04602
  31.    26   D 1 - 3 S 4 S 6 ; S 1 - 2  END                                            0.0518   -0.01754 -0.04875
  32.   112   S 1 D 2 S 3 ; D 1 - 2 S 3 - 4  END                                        0.0518   -0.01754 -0.04875
  33.  1136   S 1 D 2 D 4 S 6 ; D 1 S 2 - 3  END                                        0.0484   -0.04819 -0.00461
  34.    72   D 1 S 2 D 3 S 5 ; S 1 D 2 S 4  END                                        0.0458    0.04502 -0.00838
  35.    64   D 1 S 2 D 3 S 4 ; D 1 S 2 S 4  END                                        0.0455    0.03107  0.03325
  36.    50   D 1 - 2 S 3 S 5 ; S 1 D 2 S 3  END                                        0.0455    0.03107  0.03325
  37.   994   D 1 D 4 - 5 ; D 1 - 2  END                                                0.0413    0.04129
  38.   860   D 1 S 2 D 4 S 5 ; S 1 D 2 S 4  END                                        0.0400   -0.03942 -0.00678
  39.   118   S 1 - 2 D 3 S 5 - 6 ; D 1 - 2  END                                        0.0389    0.02360  0.03092
  40.    43   D 1 - 2 S 3 - 4 ; D 1 S 2 S 4  END                                        0.0388   -0.01809 -0.03432
  41.    48   D 1 - 2 S 3 - 4 ; S 1 D 2 S 3  END                                        0.0388   -0.01809 -0.03432
  42.  1290   S 1 - 2 D 4 S 5 - 6 ; D 1 - 2  END                                        0.0373   -0.01095 -0.03569
  43.   772   D 1 S 2 - 5 ; D 1 D 3  END                                                0.0361   -0.01972 -0.03021
  44.    62   D 1 - 2 ; D 1 - 2 D 4  END                                                0.0358    0.03582
  45.    33   D 1 - 4 ; D 2  END                                                        0.0358    0.03582
  46.   619   D 1 - 2 S 3 - 4 ; S 1 D 3 S 4  END                                        0.0345   -0.03448  0.00149
  47.    79   D 1 S 2 - 3 S 5 - 6 ; D 1 - 2  END                                        0.0343    0.00699  0.03357
  48.   115   S 1 - 2 D 3 S 4 - 5 ; D 1 - 2  END                                        0.0343    0.00699  0.03357
  49.   798   D 1 S 2 - 5 ; S 1 - 4  END                                                0.0330    0.02048  0.00039  0.00084  0.00122
                                                                                                  0.00199 -0.00230  0.00197  0.00177
                                                                                                  0.01165  0.00056  0.00103 -0.00183
                                                                                                  0.01327  0.01837
  50.   958   D 1 S 3 - 4 D 5 ; D 1 S 2 - 3  END                                        0.0310   -0.03090  0.00257
  51.    41   D 1 - 3 ; D 2 D 4  END                                                    0.0301   -0.03011
  52.    93   S 1 D 2 - 3 S 4 ; D 1 S 2 - 3  END                                        0.0297   -0.01735 -0.02416
  53.    46   D 1 - 2 S 3 S 6 ; D 1 S 2 - 3  END                                        0.0297   -0.01735 -0.02416
  54.  1255   S 1 - 6 ; D 1 S 2 - 3  END                                                0.0294    0.00229  0.00611  0.00828  0.01532
                                                                                                  0.00796  0.01191 -0.01067 -0.01271
                                                                                                  0.00039  0.00192  0.00096 -0.00100
                                                                                                 -0.00100 -0.00557
  55.  1070   S 1 D 2 S 3 - 4 S 6 ; D 1 D 3  END                                        0.0290   -0.01472 -0.02500
  56.    45   D 1 - 2 S 3 S 5 ; D 1 S 2 S 4  END                                        0.0289    0.02845 -0.00526
  57.    69   D 1 S 2 D 3 S 4 ; S 1 D 2 S 3  END                                        0.0289    0.02845 -0.00526
  58.  1157   S 1 D 2 D 4 S 6 ; S 1 D 2 S 4  END                                        0.0283   -0.02738 -0.00706
  59.   104   S 1 D 2 - 3 S 6 ; S 1 D 2 S 4  END                                        0.0269    0.02489 -0.01029
  60.    17   D 1 - 3 S 4 S 6 ; D 1  END                                                0.0262   -0.02620
  61.   111   S 1 D 2 S 3 ; D 1 - 3  END                                                0.0262    0.02620
  62.    66   D 1 S 2 D 3 S 5 ; D 1 S 2 S 4  END                                        0.0256    0.01926  0.01682
  63.    71   D 1 S 2 D 3 S 5 ; S 1 D 2 S 3  END                                        0.0256    0.01926  0.01682
  64.   704   D 1 - 2 D 4 ; D 2 D 4  END                                                0.0255    0.02555
  65.    30   D 1 - 3 ; S 1 - 2 D 3  END                                                0.0254   -0.02537
  66.    22   D 1 - 3 ; D 1 S 3 - 4  END                                                0.0254    0.02537
  67.    47   D 1 - 2 S 3 S 6 ; D 1 S 2 S 4  END                                        0.0235   -0.01485 -0.01828
  68.    99   S 1 D 2 - 3 S 4 ; S 1 D 2 S 3  END                                        0.0235   -0.01485 -0.01828
  69.   123   D 2 - 4 ; D 1 - 2  END                                                    0.0234    0.02341
  70.    59   D 1 - 2 D 6 ; D 1 - 2  END                                                0.0234    0.02341
  71.   105   S 1 D 2 S 3 D 4 ; D 1 - 2  END                                            0.0224   -0.02243
  72.    56   D 1 - 2 S 4 S 6 ; D 1 - 2  END                                            0.0224    0.02243
  73.    91   D 1 D 3 ; D 1 - 2 S 3 - 4  END                                            0.0222    0.02222
  74.    27   D 1 - 3 D 5 ; S 1 - 2  END                                                0.0222   -0.02222
  75.    90   D 1 D 3 ; D 1 - 3  END                                                    0.0219    0.02191
  76.    18   D 1 - 3 D 5 ; D 1  END                                                    0.0219    0.02191
  77.  1496   D 2 D 4 D 6 ; D 1 - 2  END                                                0.0206    0.02062
  78.  1096   S 1 D 2 S 3 - 4 S 6 ; S 1 - 4  END                                        0.0205    0.01416  0.00103  0.00104  0.00170
                                                                                                  0.00176 -0.00162  0.00134  0.00091
                                                                                                  0.00690  0.00129  0.00076 -0.00117
                                                                                                  0.00833  0.00925
  79.   114   S 1 - 2 D 3 - 4 ; D 1 - 2  END                                            0.0204    0.02035
  80.    58   D 1 - 2 S 5 - 6 ; D 1 - 2  END                                            0.0204   -0.02035
  81.   128   D 2 - 3 D 6 ; D 1 - 2  END                                                0.0202   -0.02024
  82.   106   S 1 D 2 S 3 - 5 ; D 1 - 2  END                                            0.0193    0.00361 -0.01901
  83.    77   D 1 S 2 - 4 S 6 ; D 1 - 2  END                                            0.0193    0.00361 -0.01901
  84.    86   D 1 D 3 S 4 S 6 ; D 1 - 2  END                                            0.0191    0.01905
  85.   108   S 1 D 2 S 3 D 5 ; D 1 - 2  END                                            0.0191   -0.01905
  86.   640   D 1 - 2 S 3 - 4 ; S 2 - 3 D 4  END                                        0.0178   -0.01774  0.00187
  87.   840   D 1 S 2 D 4 S 5 ; D 1 S 2 S 4  END                                        0.0166    0.00909  0.01384
  88.   859   D 1 S 2 D 4 S 5 ; S 1 D 2 S 3  END                                        0.0166    0.00909  0.01384
  89.   979   D 1 S 3 - 4 D 5 ; S 1 D 2 S 4  END                                        0.0159   -0.01588  0.00017
  90.   740   D 1 S 2 D 3 S 5 ; S 1 D 3 S 4  END                                        0.0154   -0.01523 -0.00235
  91.  1276   S 1 - 6 ; S 1 D 2 S 4  END                                                0.0153    0.00156  0.00322  0.00451  0.00871
                                                                                                  0.00454  0.00549 -0.00564 -0.00605
                                                                                                 -0.00029  0.00224  0.00092  0.00016
                                                                                                  0.00016 -0.00082
  92.    53   D 1 - 2 S 3 S 6 ; S 1 D 2 S 4  END                                        0.0152   -0.00891 -0.01234
  93.   100   S 1 D 2 - 3 S 4 ; S 1 D 2 S 4  END                                        0.0152   -0.00891 -0.01234
  94.   894   D 1 D 3 D 5 ; D 1 D 3  END                                                0.0152    0.01517
  95.    73   D 1 S 2 D 3 S 6 ; S 1 D 2 S 3  END                                        0.0151   -0.00991 -0.01135
  96.    96   S 1 D 2 - 3 S 5 ; D 1 S 2 S 4  END                                        0.0151   -0.00991 -0.01135
  97.    95   S 1 D 2 - 3 S 5 ; D 1 S 2 - 3  END                                        0.0145    0.01448  0.00078
  98.    67   D 1 S 2 D 3 S 6 ; D 1 S 2 - 3  END                                        0.0145    0.01448  0.00078
  99.   674   D 1 - 2 D 4 - 5 ; S 1 - 2  END                                            0.0141   -0.01406
 100.   998   D 1 D 4 ; D 1 - 2 S 3 - 4  END                                            0.0141    0.01406




 POSITION OF FIRST SPIN COUPLING FOR TEN MOST IMPORTANT CONFIGURATIONS
      70     46    104     76     15     21     60      1    152     83



 ELAPSED TIME =       0.09 CPU SECONDS. (      0.16 WALL CLOCK SECONDS)
