FCI::Startup : For irrep 0 there are 452 alpha Slater determinants and 452 beta Slater determinants.
FCI::Startup : For irrep 1 there are 472 alpha Slater determinants and 472 beta Slater determinants.
FCI::Startup : Number of variables in the FCI vector = 427088
FCI::Startup : Without additional loops the FCI matrix-vector product requires a workspace of 142.775390625 MB memory.
               For practical purposes, the workspace is constrained to 10 MB memory.
FCI::matvec : Wall time = 0.874023 seconds
FCI::matvec : Wall time = 0.888135 seconds
FCI::matvec : Wall time = 0.86726 seconds
FCI::matvec : Wall time = 0.865888 seconds
FCI::matvec : Wall time = 0.872479 seconds
FCI::matvec : Wall time = 0.879151 seconds
FCI::matvec : Wall time = 0.879421 seconds
FCI::matvec : Wall time = 0.879861 seconds
FCI::matvec : Wall time = 0.87819 seconds
FCI::matvec : Wall time = 0.86961 seconds
FCI::matvec : Wall time = 0.866273 seconds
FCI::matvec : Wall time = 0.871183 seconds
FCI::matvec : Wall time = 0.862327 seconds
FCI::matvec : Wall time = 0.877948 seconds
FCI::matvec : Wall time = 0.876002 seconds
FCI::matvec : Wall time = 0.870219 seconds
FCI::matvec : Wall time = 0.867496 seconds
FCI::matvec : Wall time = 0.86389 seconds
FCI::matvec : Wall time = 0.866269 seconds
FCI::matvec : Wall time = 0.86298 seconds
FCI::matvec : Wall time = 0.862035 seconds
FCI::matvec : Wall time = 0.862663 seconds
FCI::matvec : Wall time = 0.861667 seconds
FCI::matvec : Wall time = 0.861933 seconds
FCI::matvec : Wall time = 0.872259 seconds
FCI::matvec : Wall time = 0.865292 seconds
FCI::matvec : Wall time = 0.863157 seconds
FCI::matvec : Wall time = 0.862704 seconds
FCI::matvec : Wall time = 0.86082 seconds
FCI::matvec : Wall time = 0.861023 seconds
FCI::matvec : Wall time = 0.864174 seconds
FCI::matvec : Wall time = 0.863407 seconds
FCI::matvec : Wall time = 0.868703 seconds
FCI::matvec : Wall time = 0.875896 seconds
FCI::matvec : Wall time = 0.867679 seconds
FCI::matvec : Wall time = 0.86332 seconds
FCI::matvec : Wall time = 0.871492 seconds
FCI::matvec : Wall time = 0.87294 seconds
FCI::matvec : Wall time = 0.884295 seconds
FCI::matvec : Wall time = 0.881152 seconds
FCI::matvec : Wall time = 0.874709 seconds
FCI::matvec : Wall time = 0.868937 seconds
FCI::matvec : Wall time = 0.865552 seconds
FCI::matvec : Wall time = 0.861371 seconds
FCI::matvec : Wall time = 0.862153 seconds
FCI::GSDavidson : Required number of matrix-vector multiplications = 45
FCI::GSDavidson : Converged ground state energy = -25.7060206288287
