FCI::Startup : For irrep 0 there are 452 alpha Slater determinants and 452 beta Slater determinants.
FCI::Startup : For irrep 1 there are 472 alpha Slater determinants and 472 beta Slater determinants.
FCI::Startup : Number of variables in the FCI vector = 426688
FCI::Startup : Without additional loops the FCI matrix-vector product requires a workspace of 136.7255859375 MB memory.
               For practical purposes, the workspace is constrained to 10 MB memory.
FCI::matvec : Wall time = 0.886033 seconds
FCI::matvec : Wall time = 0.89254 seconds
FCI::matvec : Wall time = 0.887601 seconds
FCI::matvec : Wall time = 0.888571 seconds
FCI::matvec : Wall time = 0.888945 seconds
FCI::matvec : Wall time = 0.890193 seconds
FCI::matvec : Wall time = 0.883796 seconds
FCI::matvec : Wall time = 1.032644 seconds
FCI::matvec : Wall time = 0.866075 seconds
FCI::matvec : Wall time = 0.879978 seconds
FCI::matvec : Wall time = 0.881767 seconds
FCI::matvec : Wall time = 0.883651 seconds
FCI::matvec : Wall time = 0.871121 seconds
FCI::matvec : Wall time = 0.882402 seconds
FCI::matvec : Wall time = 0.875523 seconds
FCI::matvec : Wall time = 0.925201 seconds
FCI::matvec : Wall time = 0.885023 seconds
FCI::matvec : Wall time = 0.885539 seconds
FCI::matvec : Wall time = 0.876814 seconds
FCI::matvec : Wall time = 0.870087 seconds
FCI::matvec : Wall time = 0.865546 seconds
FCI::matvec : Wall time = 0.865225 seconds
FCI::matvec : Wall time = 0.865456 seconds
FCI::matvec : Wall time = 0.883946 seconds
FCI::matvec : Wall time = 0.884786 seconds
FCI::matvec : Wall time = 0.865225 seconds
FCI::matvec : Wall time = 0.865112 seconds
FCI::matvec : Wall time = 0.883965 seconds
FCI::matvec : Wall time = 0.874278 seconds
FCI::matvec : Wall time = 0.864465 seconds
FCI::matvec : Wall time = 0.876103 seconds
FCI::matvec : Wall time = 0.888106 seconds
FCI::matvec : Wall time = 0.887745 seconds
FCI::matvec : Wall time = 0.889124 seconds
FCI::matvec : Wall time = 0.871226 seconds
FCI::matvec : Wall time = 0.868793 seconds
FCI::matvec : Wall time = 0.87219 seconds
FCI::matvec : Wall time = 0.866239 seconds
FCI::matvec : Wall time = 0.86607 seconds
FCI::matvec : Wall time = 0.876327 seconds
FCI::matvec : Wall time = 0.868054 seconds
FCI::matvec : Wall time = 0.874431 seconds
FCI::matvec : Wall time = 0.879697 seconds
FCI::matvec : Wall time = 0.879445 seconds
FCI::matvec : Wall time = 0.87599 seconds
FCI::matvec : Wall time = 0.875346 seconds
FCI::matvec : Wall time = 0.879332 seconds
FCI::matvec : Wall time = 0.884113 seconds
FCI::matvec : Wall time = 0.87479 seconds
FCI::matvec : Wall time = 0.892871 seconds
FCI::matvec : Wall time = 0.866614 seconds
FCI::matvec : Wall time = 0.88128 seconds
FCI::matvec : Wall time = 0.880666 seconds
FCI::matvec : Wall time = 0.880902 seconds
FCI::matvec : Wall time = 0.880759 seconds
FCI::GSDavidson : Required number of matrix-vector multiplications = 55
FCI::GSDavidson : Converged ground state energy = -24.0707297064859
