 ************************************************************************
 * RTSIM - DAVIDSON METHOD SPARSE MATRIX EIGENVALUE/EIGENVECTOR PROGRAM *
 * QUANTUM CHEMISTRY GROUP - INDIANA UNIVERSITY -  8Apr 2016  20:53:32  *
 ************************************************************************



                 DIAGONALIZATION RUN TITLE
                 -------------------------
 )* WATER TEST *



 ) DAVIDSON
 ) LAST=3
 ) COEFF
 ) NOVLP
 ) MAXITR=1000 END

 THE CI MATRIX IS TITLED:  H2O  -SINGLET A1-  STO-3G HF SD-CI TEST
 THE MATRIX IS DATED:      8Apr 2016  20:53:12 
 THE SPIN MULTIPLICITY IS 1 AND THE DIMENSION IS  14198.

 ROOTS  1 THROUGH  3 WILL BE OBTAINED.

  
  
  
 AMOUNT OF CORE AVAILABLE                      80000000
 MAXIMUM NUMBER OF VECTORS PER ITERATION              3
 MAXIMUM NUMBER OF VECTORS ON DISK                   19
 NUMBER OF SOLUTIONS SOUGHT                           3
 NUMBER OF SOLUTIONS INVESTIGATED                     3
 SIZE OF MATRIX DIAGONALISED                      14198
  
  
 INITIAL GUESS AT ROOTS (OBTAINED FROM DIAGONAL ELEMENTS OF HAMILTONIAN MATRIX)

                1        -262.90067
               11        -257.26416
                2        -257.26416


 ITERATION       ROOT           EIGENVALUE          NORM OF RESIDUAL
     1             1          -262.90066989              4.24135
     1             2          -257.65801872              4.31770
     1             3          -256.87030042              4.99026
     2             1          -264.38473517              6.07785
     2             2          -258.94378017              5.99941
     2             3          -258.90684028             12.31766
     2             1          -264.38473517              2.16932
     2             2          -258.94378017              2.62411
     2             3          -258.90684028              4.34188
     3             1          -264.62049431              2.85720
     3             2          -260.31860775           **********
     3             3          -259.35039759           **********
     3             1          -264.62049431              1.10219
     3             2          -260.31860775              3.38061
     3             3          -259.35039759              1.34207
     4             1          -264.67031789              1.62514
     4             2          -261.01462752              7.56769
     4             3          -259.42350187              1.86210
     4             1          -264.67031789              0.45454
     4             2          -261.01462752              2.44676
     4             3          -259.42350187              0.62670
     5             1          -264.67723339              0.69755
     5             2          -261.31281768              6.13254
     5             3          -259.43958018              1.13076
     5             1          -264.67723339              0.21933
     5             2          -261.31281768              1.55975
     5             3          -259.43958018              0.32614
     6             1          -264.67901478              0.43584
     6             2          -261.41342367              3.86041
     6             3          -259.44445072              0.84506
  truncating with vlp=false 
 TRUNCATION TO 1 VECTOR PER ROOT HAS BEEN PERFORMED
     6             1          -264.67901478              0.11584
     6             2          -261.41342367              0.90475
     6             3          -259.44445072              0.19346
     7             1          -264.67935105              0.12029
     7             2          -261.43730460              1.09367
     7             3          -259.44570175              0.27910
     7             1          -264.67935105              0.06335
     7             2          -261.43730460              0.52371
     7             3          -259.44570175              0.11551
     8             1          -264.67951126              0.19173
     8             2          -261.45137325              2.06330
     8             3          -259.44653020              0.57676
     8             1          -264.67951126              0.04334
     8             2          -261.45137325              0.38763
     8             3          -259.44653020              0.09151
     9             1          -264.67956875              0.13538
     9             2          -261.45936833              2.37702
     9             3          -259.44691456              0.48640
     9             1          -264.67956875              0.02542
     9             2          -261.45936833              0.28910
     9             3          -259.44691456              0.05854
    10             1          -264.67958435              0.07442
    10             2          -261.46267582              1.79778
    10             3          -259.44705155              0.30866
    10             1          -264.67958435              0.01220
    10             2          -261.46267582              0.19238
    10             3          -259.44705155              0.03156
    11             1          -264.67958856              0.04422
    11             2          -261.46353474              0.96191
    11             3          -259.44708697              0.15486
  truncating with vlp=false 
 TRUNCATION TO 1 VECTOR PER ROOT HAS BEEN PERFORMED
    11             1          -264.67958856              0.00604
    11             2          -261.46353474              0.13438
    11             3          -259.44708697              0.01767
    12             1          -264.67958937              0.00631
    12             2          -261.46356990              0.07895
    12             3          -259.44709540              0.02302
    12             1          -264.67958937              0.00349
    12             2          -261.46356990              0.14368
    12             3          -259.44709540              0.01144
    13             1          -264.67958976              0.01172
    13             2          -261.46404500              0.46850
    13             3          -259.44710176              0.06364
    13             1          -264.67958976              0.00191
    13             2          -261.46404500              0.14115
    13             3          -259.44710176              0.00784
    14             1          -264.67958988              0.00803
    14             2          -261.46493392              0.82504
    14             3          -259.44710450              0.05289
    14             1          -264.67958988              0.00111
    14             2          -261.46493392              0.12454
    14             3          -259.44710450              0.00430
    15             1          -264.67958992              0.00468
    15             2          -261.46572460              1.05559
    15             3          -259.44710518              0.02362
    15             1          -264.67958992              0.00061
    15             2          -261.46572460              0.09691
    15             3          -259.44710518              0.00222
    16             1          -264.67958993              0.00249
    16             2          -261.46615107              0.82730
    16             3          -259.44710544              0.01807
  truncating with vlp=false 
 TRUNCATION TO 1 VECTOR PER ROOT HAS BEEN PERFORMED
    16             1          -264.67958993              0.00035
    16             2          -261.46615107              0.07803
    16             3          -259.44710544              0.00176
    17             1          -264.67958993              0.00034
    17             2          -261.46632237              0.10460
    17             3          -259.44710555              0.00264
    17             1          -264.67958993              0.00020
    17             2          -261.46632237              0.05396
    17             3          -259.44710555              0.00103
    18             1          -264.67958993              0.00059
    18             2          -261.46646623              0.28321
    18             3          -259.44710562              0.00685
    18             1          -264.67958993              0.00012
    18             2          -261.46646623              0.03823
    18             3          -259.44710562              0.00088
    19             1          -264.67958993              0.00042
    19             2          -261.46653094              0.24423
    19             3          -259.44710565              0.00683
    19             1          -264.67958993              0.00006
    19             2          -261.46653094              0.02829
    19             3          -259.44710565              0.00052
     ROOT    ITERATION     NUMBER OF PRODUCTS       EIGENVALUE
       1        19                54                -264.6795899311


    20             2          -261.46655190              0.14399
    20             3          -259.44710566              0.00264
    20             2          -261.46655190              0.02329
    20             3          -259.44710566              0.00029
    21             2          -261.46655378              0.04352
    21             3          -259.44710567              0.00145
    21             2          -261.46655378              0.02063
    21             3          -259.44710567              0.00024
    22             2          -261.46656704              0.09172
    22             3          -259.44710567              0.00181
  truncating with vlp=false 
 TRUNCATION TO 1 VECTOR PER ROOT HAS BEEN PERFORMED
    22             2          -261.46656704              0.02862
    22             3          -259.44710567              0.00011
    23             2          -261.46657696              0.01917
    23             3          -259.44710567              0.00012
    23             2          -261.46657696              0.01732
    23             3          -259.44710567              0.00005
     ROOT    ITERATION     NUMBER OF PRODUCTS       EIGENVALUE
       3        23                62                -259.4471056693


    24             2          -261.46657713              0.00839
    24             2          -261.46657713              0.01815
    25             2          -261.46658559              0.07401
    25             2          -261.46658559              0.01717
    26             2          -261.46660039              0.10908
    26             2          -261.46660039              0.01732
    27             2          -261.46661488              0.14160
    27             2          -261.46661488              0.01362
    28             2          -261.46662195              0.10272
    28             2          -261.46662195              0.01057
    29             2          -261.46662901              0.13556
    29             2          -261.46662901              0.00882
    30             2          -261.46663147              0.05959
    30             2          -261.46663147              0.00422
    31             2          -261.46663209              0.02402
    31             2          -261.46663209              0.00271
    32             2          -261.46663236              0.01639
    32             2          -261.46663236              0.00133
    33             2          -261.46663242              0.00741
    33             2          -261.46663242              0.00065
    34             2          -261.46663244              0.00319
    34             2          -261.46663244              0.00036
    35             2          -261.46663245              0.00370
    35             2          -261.46663245              0.00038
    36             2          -261.46663245              0.00340
    36             2          -261.46663245              0.00030
    37             2          -261.46663246              0.00296
  truncating with vlp=false 
 TRUNCATION TO 1 VECTOR PER ROOT HAS BEEN PERFORMED
    37             2          -261.46663246              0.00020
    38             2          -261.46663246              0.00023
    38             2          -261.46663246              0.00013
    39             2          -261.46663246              0.00047
    39             2          -261.46663246              0.00009
     ROOT    ITERATION     NUMBER OF PRODUCTS       EIGENVALUE
       2        39                78                -261.4666324570


  all roots converged 
  

 ************************************
 COMPLETED CI VECTOR OPTIMISATION
 ************************************





 ********************************
 RESULTS FOR ROOT   01
 TOTAL CI ENERGY =   -264.6795899
 ********************************

       CONF.                                                                           COEFF.
        NO.        SPACE ORBITAL PRODUCTS                                             CONTRIB.      CI COEFFICIENTS

       -----       ----------------------                                             --------   ---------------------
   1.     1   D 1 - 3 ; D 1 - 3  END                                                    0.9051   -0.90511
   2.    92   D 1 - 2 S 3 - 4 ; D 1 - 2 S 3 - 4  END                                    0.1415    0.08752  0.11119
   3.    20   D 1 - 4 ; D 1 - 2  END                                                    0.1397    0.13972
   4.    33   D 1 - 3 S 4 - 5 ; D 1 S 2 - 3  END                                        0.1010   -0.04139 -0.09210
   5.   132   D 1 S 2 D 3 S 4 ; D 1 - 2 S 3 S 5  END                                    0.0773   -0.04553 -0.06245
   6.   104   D 1 - 2 S 3 S 5 ; D 1 S 2 D 3 S 4  END                                    0.0736    0.04750  0.05624
   7.   184   S 1 D 2 - 3 S 4 ; D 1 - 2 S 3 S 6  END                                    0.0703    0.04435  0.05460
   8.   125   D 1 - 2 ; D 1 - 4  END                                                    0.0682    0.06815
   9.    58   D 1 - 3 S 4 S 6 ; S 1 D 2 S 3  END                                        0.0644    0.02468  0.05950
  10.    26   D 1 - 3 ; D 1 - 2 D 4  END                                                0.0591    0.05914
  11.   119   D 1 - 2 D 4 ; D 1 - 3  END                                                0.0591    0.05914
  12.   165   D 1 S 2 - 3 ; D 1 - 3 S 4 - 5  END                                        0.0573    0.01822  0.05437
  13.   116   D 1 - 2 S 3 S 6 ; S 1 D 2 - 3 S 4  END                                    0.0536   -0.03715 -0.03861
  14.    95   D 1 - 2 S 3 S 5 ; D 1 - 2 S 3 - 4  END                                    0.0526    0.05257 -0.00286
  15.   101   D 1 - 2 S 3 - 4 ; D 1 S 2 D 3 S 4  END                                    0.0526    0.05257 -0.00286
  16.   144   D 1 S 2 D 3 S 5 ; D 1 S 2 D 3 S 5  END                                    0.0479   -0.03537 -0.03228
  17.    39   D 1 - 3 ; D 1 S 2 - 5  END                                                0.0397    0.02066  0.03388
  18.   159   D 1 S 2 - 5 ; D 1 - 3  END                                                0.0397   -0.02066 -0.03388
  19.    47   D 1 - 3 D 5 ; D 1 D 3  END                                                0.0383    0.03829
  20.   217   S 1 D 2 S 3 ; D 1 - 3 S 4 S 6  END                                        0.0368   -0.01031 -0.03538
  21.   102   D 1 - 2 S 3 - 4 ; D 1 S 2 D 3 S 5  END                                    0.0367   -0.03327 -0.01554
  22.   134   D 1 S 2 D 3 S 5 ; D 1 - 2 S 3 - 4  END                                    0.0367    0.03327  0.01554
  23.    64   D 1 - 3 ; S 1 D 2 S 3 - 4 S 6  END                                        0.0361   -0.01304 -0.03369
  24.   211   S 1 D 2 S 3 - 4 S 6 ; D 1 - 3  END                                        0.0361    0.01304  0.03369
  25.    44   D 1 - 4 ; D 1 D 3  END                                                    0.0361    0.03607
  26.    23   D 1 - 3 D 5 ; D 1 - 2  END                                                0.0361    0.03607
  27.    38   D 1 - 3 ; D 1 S 2 - 3 D 4  END                                            0.0358    0.03585
  28.   120   D 1 - 2 S 4 - 5 ; D 1 - 3  END                                            0.0358   -0.03585
  29.   188   S 1 D 2 - 3 S 6 ; D 1 - 2 S 3 - 4  END                                    0.0347   -0.03304 -0.01063
  30.   112   D 1 - 2 S 3 - 4 ; S 1 D 2 - 3 S 6  END                                    0.0347    0.03304  0.01063
  31.    32   D 1 - 4 ; D 1 S 2 - 3  END                                                0.0336   -0.03363
  32.    21   D 1 - 3 S 4 - 5 ; D 1 - 2  END                                            0.0336    0.03363
  33.   140   D 1 S 2 D 3 S 4 ; D 1 S 2 D 3 S 4  END                                    0.0336    0.01774  0.02854
  34.    96   D 1 - 2 S 3 S 5 ; D 1 - 2 S 3 S 5  END                                    0.0336   -0.01774 -0.02854
  35.    72   D 1 - 3 S 5 - 6 ; S 1 - 2 D 3  END                                        0.0328    0.00697  0.03202
  36.   137   D 1 S 2 D 3 S 6 ; D 1 - 2 S 3 - 4  END                                    0.0323    0.03227  0.00152
  37.   111   D 1 - 2 S 3 - 4 ; S 1 D 2 - 3 S 5  END                                    0.0323    0.03227  0.00152
  38.    93   D 1 - 2 S 3 - 4 ; D 1 - 2 S 3 S 5  END                                    0.0314    0.02349  0.02078
  39.   131   D 1 S 2 D 3 S 4 ; D 1 - 2 S 3 - 4  END                                    0.0314   -0.02349 -0.02078
  40.   196   S 1 D 2 - 3 S 5 ; D 1 S 2 D 3 S 6  END                                    0.0301    0.02299  0.01951
  41.   122   D 1 - 2 D 5 ; D 1 - 3  END                                                0.0300    0.03002
  42.    50   D 1 - 3 ; D 1 D 3 - 4  END                                                0.0300    0.03002
  43.   142   D 1 S 2 D 3 S 4 ; D 1 S 2 D 3 S 6  END                                    0.0299   -0.02475 -0.01682
  44.   186   S 1 D 2 - 3 S 5 ; D 1 - 2 S 3 S 5  END                                    0.0299    0.02475  0.01682
  45.   160   D 1 S 2 - 4 S 6 ; D 1 - 3  END                                            0.0299   -0.00452 -0.02952
  46.    63   D 1 - 3 ; S 1 D 2 S 3 - 5  END                                            0.0299   -0.00452 -0.02952
  47.   192   S 1 D 2 - 3 S 4 ; D 1 S 2 D 3 S 5  END                                    0.0292    0.01917  0.02204
  48.   136   D 1 S 2 D 3 S 5 ; D 1 - 2 S 3 S 6  END                                    0.0292   -0.01917 -0.02204
  49.   105   D 1 - 2 S 3 S 5 ; D 1 S 2 D 3 S 5  END                                    0.0286   -0.02858 -0.00043
  50.   143   D 1 S 2 D 3 S 5 ; D 1 S 2 D 3 S 4  END                                    0.0286    0.02858  0.00043
  51.   156   D 1 S 2 D 3 S 6 ; S 1 D 2 - 3 S 5  END                                    0.0285    0.02269  0.01728
  52.   114   D 1 - 2 S 3 S 5 ; S 1 D 2 - 3 S 5  END                                    0.0285    0.02535  0.01304
  53.   146   D 1 S 2 D 3 S 6 ; D 1 S 2 D 3 S 4  END                                    0.0285    0.02535  0.01304
  54.   162   D 1 S 2 - 3 S 5 - 6 ; D 1 - 3  END                                        0.0276   -0.00962 -0.02592
  55.    75   D 1 - 3 ; S 1 - 2 D 3 S 4 - 5  END                                        0.0276   -0.00962 -0.02592
  56.    69   D 1 - 3 S 4 - 5 ; S 1 - 2 D 3  END                                        0.0270    0.01168  0.02436
  57.    36   D 1 - 3 S 5 - 6 ; D 1 S 2 - 3  END                                        0.0270   -0.01168 -0.02436
  58.   231   S 1 - 2 D 3 ; D 1 - 3 S 5 - 6  END                                        0.0261    0.00256  0.02599
  59.   222   S 1 - 2 D 3 S 4 - 5 ; D 1 - 3  END                                        0.0251    0.00684  0.02412
  60.    42   D 1 - 3 ; D 1 S 2 - 3 S 5 - 6  END                                        0.0251   -0.00684 -0.02412
  61.   108   D 1 - 2 S 3 S 6 ; D 1 S 2 D 3 S 5  END                                    0.0246   -0.01645 -0.01828
  62.   152   D 1 S 2 D 3 S 5 ; S 1 D 2 - 3 S 4  END                                    0.0246   -0.01645 -0.01828
  63.   208   S 1 D 2 - 3 S 6 ; S 1 D 2 - 3 S 6  END                                    0.0243   -0.02046 -0.01304
  64.  2080   D 1 - 2 D 4 ; D 1 - 2 D 4  END                                            0.0238   -0.02385
  65.   170   D 1 D 3 - 4 ; D 1 - 3  END                                                0.0235    0.02349
  66.    29   D 1 - 3 ; D 1 - 2 D 5  END                                                0.0235    0.02349
  67.   179   D 1 D 3 ; D 1 - 3 D 5  END                                                0.0235    0.02349
  68.   149   D 1 S 2 D 3 S 4 ; S 1 D 2 - 3 S 4  END                                    0.0233   -0.02301 -0.00335
  69.    99   D 1 - 2 S 3 S 6 ; D 1 - 2 S 3 S 5  END                                    0.0233   -0.02301 -0.00335
  70.   200   S 1 D 2 - 3 S 4 ; S 1 D 2 - 3 S 4  END                                    0.0231    0.01737  0.01522
  71.   100   D 1 - 2 S 3 S 6 ; D 1 - 2 S 3 S 6  END                                    0.0231   -0.01737 -0.01522
  72.    57   D 1 - 3 S 4 - 5 ; S 1 D 2 S 3  END                                        0.0222   -0.00638 -0.02124
  73.    34   D 1 - 3 S 4 S 6 ; D 1 S 2 - 3  END                                        0.0222    0.00638  0.02124
  74.   128   D 1 - 2 ; D 1 - 3 D 5  END                                                0.0213    0.02130
  75.   176   D 1 D 3 ; D 1 - 4  END                                                    0.0213    0.02130
  76.    51   D 1 - 3 ; D 1 D 3 S 4 - 5  END                                            0.0210    0.02104
  77.   161   D 1 S 2 - 3 D 5 ; D 1 - 3  END                                            0.0210    0.02104
  78.  1783   D 1 - 2 S 3 D 4 S 5 ; D 1 S 2 S 4  END                                    0.0203   -0.01339 -0.01521
  79.    53   D 1 - 3 ; D 1 D 3 D 5  END                                                0.0202    0.02021
  80.   173   D 1 D 3 D 5 ; D 1 - 3  END                                                0.0202    0.02021
  81.    46   D 1 - 3 S 4 S 6 ; D 1 D 3  END                                            0.0200   -0.01998
  82.    59   D 1 - 3 D 5 ; S 1 D 2 S 3  END                                            0.0200   -0.01998
  83.    85   D 1 - 3 D 6 ; D 2 - 3  END                                                0.0189    0.01885
  84.    27   D 1 - 3 ; D 1 - 2 S 4 - 5  END                                            0.0183   -0.01833
  85.   158   D 1 S 2 - 3 D 4 ; D 1 - 3  END                                            0.0183   -0.01833
  86.   124   D 1 - 2 D 6 ; D 1 - 3  END                                                0.0182    0.01825
  87.    86   D 1 - 3 ; D 2 - 4  END                                                    0.0182    0.01825
  88.   193   S 1 D 2 - 3 S 4 ; D 1 S 2 D 3 S 6  END                                    0.0180   -0.01323 -0.01222
  89.   187   S 1 D 2 - 3 S 5 ; D 1 - 2 S 3 S 6  END                                    0.0180   -0.01323 -0.01222
  90.    98   D 1 - 2 S 3 S 6 ; D 1 - 2 S 3 - 4  END                                    0.0179   -0.01682 -0.00600
  91.   110   D 1 - 2 S 3 - 4 ; S 1 D 2 - 3 S 4  END                                    0.0179    0.01682  0.00600
  92.   244   D 2 - 3 ; D 1 - 3 D 6  END                                                0.0175    0.01753
  93.   233   D 2 - 4 ; D 1 - 3  END                                                    0.0173    0.01730
  94.    31   D 1 - 3 ; D 1 - 2 D 6  END                                                0.0173    0.01730
  95.    80   D 1 - 4 ; D 2 - 3  END                                                    0.0171    0.01713
  96.    25   D 1 - 3 D 6 ; D 1 - 2  END                                                0.0171    0.01713
  97.  2719   D 1 S 2 - 5 ; D 1 S 2 - 5  END                                            0.0169    0.00669  0.00367  0.00171  0.00006
                                                                                                  0.00171  0.00677 -0.00040  0.00764
                                                                                                  0.00123  0.00006 -0.00040  0.00390
                                                                                                  0.00123  0.00990
  98.  2136   D 1 - 2 S 4 - 5 ; D 1 S 2 - 3 D 4  END                                    0.0164    0.00731  0.01463
  99.   183   S 1 D 2 - 3 S 4 ; D 1 - 2 S 3 S 5  END                                    0.0163   -0.01075 -0.01221
 100.   133   D 1 S 2 D 3 S 4 ; D 1 - 2 S 3 S 6  END                                    0.0163    0.01075  0.01221




 POSITION OF FIRST SPIN COUPLING FOR TEN MOST IMPORTANT CONFIGURATIONS
       1    110     20     33    178    134    264    170     65     26



 ********************************
 RESULTS FOR ROOT   02
 TOTAL CI ENERGY =   -261.4666325
 ********************************

       CONF.                                                                           COEFF.
        NO.        SPACE ORBITAL PRODUCTS                                             CONTRIB.      CI COEFFICIENTS

       -----       ----------------------                                             --------   ---------------------
   1.    20   D 1 - 4 ; D 1 - 2  END                                                    0.5493    0.54927
   2.    92   D 1 - 2 S 3 - 4 ; D 1 - 2 S 3 - 4  END                                    0.3268    0.00792  0.32667
   3.    11   D 1 - 2 S 3 - 4 ; D 1 - 3  END                                            0.3235   -0.32354
   4.     2   D 1 - 3 ; D 1 - 2 S 3 - 4  END                                            0.3235    0.32354
   5.    33   D 1 - 3 S 4 - 5 ; D 1 S 2 - 3  END                                        0.1455   -0.10207 -0.10369
   6.     1   D 1 - 3 ; D 1 - 3  END                                                    0.1331    0.13313
   7.   119   D 1 - 2 D 4 ; D 1 - 3  END                                                0.1317   -0.13173
   8.    26   D 1 - 3 ; D 1 - 2 D 4  END                                                0.1317   -0.13173
   9.     5   D 1 - 3 ; D 1 S 2 D 3 S 4  END                                            0.1184   -0.11843
  10.    12   D 1 - 2 S 3 S 5 ; D 1 - 3  END                                            0.1184    0.11843
  11.   132   D 1 S 2 D 3 S 4 ; D 1 - 2 S 3 S 5  END                                    0.0981   -0.03143 -0.09295
  12.   245   D 1 - 4 ; D 1 S 2 S 4  END                                                0.0952    0.09519
  13.   420   D 1 - 2 S 3 D 4 S 5 ; D 1 - 2  END                                        0.0952   -0.09519
  14.   101   D 1 - 2 S 3 - 4 ; D 1 S 2 D 3 S 4  END                                    0.0930   -0.04015 -0.08391
  15.    95   D 1 - 2 S 3 S 5 ; D 1 - 2 S 3 - 4  END                                    0.0930   -0.04015 -0.08391
  16.    58   D 1 - 3 S 4 S 6 ; S 1 D 2 S 3  END                                        0.0868    0.05174  0.06971
  17.   125   D 1 - 2 ; D 1 - 4  END                                                    0.0797    0.07970
  18.   570   D 1 - 2 D 4 ; D 1 - 2 S 3 - 4  END                                        0.0730    0.07301
  19.   425   D 1 - 2 S 3 - 4 ; D 1 - 2 D 4  END                                        0.0730   -0.07301
  20.  1783   D 1 - 2 S 3 D 4 S 5 ; D 1 S 2 S 4  END                                    0.0725   -0.02985 -0.06609
  21.   158   D 1 S 2 - 3 D 4 ; D 1 - 3  END                                            0.0703    0.07034
  22.    27   D 1 - 3 ; D 1 - 2 S 4 - 5  END                                            0.0703    0.07034
  23.  2080   D 1 - 2 D 4 ; D 1 - 2 D 4  END                                            0.0673   -0.06730
  24.    23   D 1 - 3 D 5 ; D 1 - 2  END                                                0.0599   -0.05992
  25.    44   D 1 - 4 ; D 1 D 3  END                                                    0.0599   -0.05992
  26.   104   D 1 - 2 S 3 S 5 ; D 1 S 2 D 3 S 4  END                                    0.0588    0.01295  0.05732
  27.   184   S 1 D 2 - 3 S 4 ; D 1 - 2 S 3 S 6  END                                    0.0568    0.01566  0.05458
  28.   645   D 1 S 2 D 3 - 4 S 5 ; D 1 - 2  END                                        0.0554    0.05538
  29.   246   D 1 - 4 ; D 1 S 2 S 5  END                                                0.0554    0.05538
  30.     6   D 1 - 3 ; D 1 S 2 D 3 S 5  END                                            0.0537   -0.05373
  31.    15   D 1 S 2 D 3 S 5 ; D 1 - 3  END                                            0.0537   -0.05373
  32.  2663   D 1 S 2 - 3 D 4 ; D 1 - 2 S 4 - 5  END                                    0.0465   -0.01943 -0.04220
  33.    14   D 1 S 2 D 3 S 4 ; D 1 - 3  END                                            0.0432    0.04325
  34.     3   D 1 - 3 ; D 1 - 2 S 3 S 5  END                                            0.0432    0.04325
  35.   110   D 1 - 2 S 3 - 4 ; S 1 D 2 - 3 S 4  END                                    0.0406   -0.03925 -0.01056
  36.    98   D 1 - 2 S 3 S 6 ; D 1 - 2 S 3 - 4  END                                    0.0406    0.03925  0.01056
  37.  1870   D 1 - 2 S 3 D 4 S 6 ; S 1 D 2 S 4  END                                    0.0393    0.02357  0.03141
  38.   112   D 1 - 2 S 3 - 4 ; S 1 D 2 - 3 S 6  END                                    0.0387   -0.03859 -0.00236
  39.   188   S 1 D 2 - 3 S 6 ; D 1 - 2 S 3 - 4  END                                    0.0387    0.03859  0.00236
  40.   131   D 1 S 2 D 3 S 4 ; D 1 - 2 S 3 - 4  END                                    0.0382    0.03823 -0.00112
  41.    93   D 1 - 2 S 3 - 4 ; D 1 - 2 S 3 S 5  END                                    0.0382   -0.03823  0.00112
  42.   211   S 1 D 2 S 3 - 4 S 6 ; D 1 - 3  END                                        0.0376   -0.00614 -0.03709
  43.    64   D 1 - 3 ; S 1 D 2 S 3 - 4 S 6  END                                        0.0376    0.00614  0.03709
  44.    29   D 1 - 3 ; D 1 - 2 D 5  END                                                0.0371   -0.03713
  45.   170   D 1 D 3 - 4 ; D 1 - 3  END                                                0.0371   -0.03713
  46.   450   D 1 - 2 S 3 - 4 ; D 1 S 2 - 3 D 4  END                                    0.0371   -0.01014  0.03571
  47.   573   D 1 - 2 S 4 - 5 ; D 1 - 2 S 3 - 4  END                                    0.0371   -0.01014  0.03571
  48.   217   S 1 D 2 S 3 ; D 1 - 3 S 4 S 6  END                                        0.0370   -0.01768 -0.03251
  49.   426   D 1 - 2 S 3 - 4 ; D 1 - 2 S 4 - 5  END                                    0.0363   -0.03558 -0.00726
  50.   795   D 1 S 2 - 3 D 4 ; D 1 - 2 S 3 - 4  END                                    0.0363    0.03558  0.00726
  51.    24   D 1 - 3 S 5 - 6 ; D 1 - 2  END                                            0.0362   -0.03624
  52.    68   D 1 - 4 ; S 1 - 2 D 3  END                                                0.0362   -0.03624
  53.   798   D 1 S 2 - 5 ; D 1 - 2 S 3 - 4  END                                        0.0361    0.00540  0.00579  0.00226  0.03125
                                                                                                 -0.01616
  54.   451   D 1 - 2 S 3 - 4 ; D 1 S 2 - 5  END                                        0.0361    0.00540  0.00579  0.03125  0.00226
                                                                                                 -0.01616
  55.   165   D 1 S 2 - 3 ; D 1 - 3 S 4 - 5  END                                        0.0360    0.01715  0.03170
  56.   445   D 1 - 2 S 3 D 4 S 5 ; D 1 S 2 - 3  END                                    0.0353   -0.01313 -0.03272
  57.   248   D 1 - 3 S 4 - 5 ; D 1 S 2 S 4  END                                        0.0353   -0.01313 -0.03272
  58.   210   S 1 D 2 S 3 - 5 ; D 1 - 3  END                                            0.0336    0.00992  0.03208
  59.    40   D 1 - 3 ; D 1 S 2 - 4 S 6  END                                            0.0336    0.00992  0.03208
  60.   164   D 1 S 2 - 3 ; D 1 - 4  END                                                0.0335   -0.03353
  61.   126   D 1 - 2 ; D 1 - 3 S 4 - 5  END                                            0.0335   -0.03353
  62.   102   D 1 - 2 S 3 - 4 ; D 1 S 2 D 3 S 5  END                                    0.0333    0.03166 -0.01034
  63.   134   D 1 S 2 D 3 S 5 ; D 1 - 2 S 3 - 4  END                                    0.0333   -0.03166  0.01034
  64.  2366   D 1 S 2 D 3 - 4 S 5 ; D 1 S 2 S 5  END                                    0.0333    0.01891  0.02736
  65.   595   D 1 - 2 D 4 ; D 1 S 2 D 3 S 4  END                                        0.0333   -0.03326
  66.   433   D 1 - 2 S 3 S 5 ; D 1 - 2 D 4  END                                        0.0333    0.03326
  67.   159   D 1 S 2 - 5 ; D 1 - 3  END                                                0.0325   -0.00814  0.03142
  68.    39   D 1 - 3 ; D 1 S 2 - 5  END                                                0.0325    0.00814 -0.03142
  69.   185   S 1 D 2 - 3 S 5 ; D 1 - 2 S 3 - 4  END                                    0.0320   -0.03003 -0.01117
  70.   103   D 1 - 2 S 3 - 4 ; D 1 S 2 D 3 S 6  END                                    0.0320   -0.03003 -0.01117
  71.   296   D 1 - 4 ; S 1 D 2 S 5  END                                                0.0314    0.03137
  72.   646   D 1 S 2 D 3 - 4 S 6 ; D 1 - 2  END                                        0.0314   -0.03137
  73.    62   D 1 - 3 ; S 1 D 2 S 3 D 4  END                                            0.0302   -0.03023
  74.   121   D 1 - 2 S 4 S 6 ; D 1 - 3  END                                            0.0302   -0.03023
  75.  2136   D 1 - 2 S 4 - 5 ; D 1 S 2 - 3 D 4  END                                    0.0298    0.01959  0.02246
  76.   216   S 1 D 2 S 3 ; D 1 - 3 S 4 - 5  END                                        0.0293    0.00952  0.02768
  77.   166   D 1 S 2 - 3 ; D 1 - 3 S 4 S 6  END                                        0.0293   -0.00952 -0.02768
  78.   298   D 1 - 3 S 4 - 5 ; S 1 D 2 S 4  END                                        0.0290    0.02379  0.01658
  79.   446   D 1 - 2 S 3 D 4 S 6 ; D 1 S 2 - 3  END                                    0.0290   -0.02379 -0.01658
  80.   320   D 1 - 4 ; S 1 - 4  END                                                    0.0289   -0.02227 -0.01838
  81.   423   D 1 - 2 S 3 - 6 ; D 1 - 2  END                                            0.0289    0.02227  0.01838
  82.    56   D 1 - 4 ; S 1 D 2 S 3  END                                                0.0281    0.02806
  83.    22   D 1 - 3 S 4 S 6 ; D 1 - 2  END                                            0.0281    0.02806
  84.  3834   S 1 D 2 S 3 D 4 ; D 1 - 2 S 4 S 6  END                                    0.0279    0.01016  0.02594
  85.   191   S 1 D 2 - 3 S 4 ; D 1 S 2 D 3 S 4  END                                    0.0278   -0.02091 -0.01839
  86.    97   D 1 - 2 S 3 S 5 ; D 1 - 2 S 3 S 6  END                                    0.0278   -0.02091 -0.01839
  87.  1495   D 1 - 5 ; D 1  END                                                        0.0277   -0.02769
  88.  1001   S 1 D 2 - 3 S 4 ; D 1 - 2 S 4 - 5  END                                    0.0274    0.00550  0.02684
  89.   797   D 1 S 2 - 3 D 4 ; D 1 - 2 S 3 S 6  END                                    0.0274   -0.00550 -0.02684
  90.   650   D 1 S 2 D 3 S 4 ; D 1 - 2 D 4  END                                        0.0272   -0.02720
  91.   571   D 1 - 2 D 4 ; D 1 - 2 S 3 S 5  END                                        0.0272   -0.02720
  92.   136   D 1 S 2 D 3 S 5 ; D 1 - 2 S 3 S 6  END                                    0.0271    0.02179  0.01620
  93.   192   S 1 D 2 - 3 S 4 ; D 1 S 2 D 3 S 5  END                                    0.0271   -0.02179 -0.01620
  94.  1146   S 1 D 2 S 3 D 4 ; D 1 - 2 S 3 S 5  END                                    0.0269    0.01487  0.02244
  95.   652   D 1 S 2 D 3 S 4 ; D 1 - 2 S 4 S 6  END                                    0.0269   -0.01487 -0.02244
  96.   496   D 1 - 2 S 3 D 4 S 6 ; S 1 D 2 S 3  END                                    0.0267    0.00863  0.02530
  97.   301   D 1 - 3 S 4 S 6 ; S 1 D 2 S 4  END                                        0.0267    0.00863  0.02530
  98.   796   D 1 S 2 - 3 D 4 ; D 1 - 2 S 3 S 5  END                                    0.0266   -0.01804 -0.01960
  99.   651   D 1 S 2 D 3 S 4 ; D 1 - 2 S 4 - 5  END                                    0.0266   -0.01804 -0.01960
 100.  2719   D 1 S 2 - 5 ; D 1 S 2 - 5  END                                            0.0266   -0.00052  0.00479 -0.00077 -0.00155
                                                                                                 -0.00077  0.01011 -0.00258  0.01652
                                                                                                 -0.00214 -0.00155 -0.00258  0.01138
                                                                                                 -0.00214  0.01223




 POSITION OF FIRST SPIN COUPLING FOR TEN MOST IMPORTANT CONFIGURATIONS
      20    110     11      2     33      1    164     26      5     12



 ********************************
 RESULTS FOR ROOT   03
 TOTAL CI ENERGY =   -259.9200137
 ********************************

       CONF.                                                                           COEFF.
        NO.        SPACE ORBITAL PRODUCTS                                             CONTRIB.      CI COEFFICIENTS

       -----       ----------------------                                             --------   ---------------------
   1.    32   D 1 - 4 ; D 1 S 2 - 3  END                                                0.3374   -0.33741
   2.    21   D 1 - 3 S 4 - 5 ; D 1 - 2  END                                            0.3374    0.33741
   3.    14   D 1 S 2 D 3 S 4 ; D 1 - 3  END                                            0.2796    0.27963
   4.     3   D 1 - 3 ; D 1 - 2 S 3 S 5  END                                            0.2796    0.27963
   5.    92   D 1 - 2 S 3 - 4 ; D 1 - 2 S 3 - 4  END                                    0.2154   -0.09974 -0.19088
   6.   125   D 1 - 2 ; D 1 - 4  END                                                    0.1891   -0.18914
   7.   131   D 1 S 2 D 3 S 4 ; D 1 - 2 S 3 - 4  END                                    0.1546    0.00192 -0.15460
   8.    93   D 1 - 2 S 3 - 4 ; D 1 - 2 S 3 S 5  END                                    0.1546   -0.00192  0.15460
   9.    27   D 1 - 3 ; D 1 - 2 S 4 - 5  END                                            0.1110    0.11105
  10.   158   D 1 S 2 - 3 D 4 ; D 1 - 3  END                                            0.1110    0.11105
  11.    95   D 1 - 2 S 3 S 5 ; D 1 - 2 S 3 - 4  END                                    0.0937    0.01017 -0.09313
  12.   101   D 1 - 2 S 3 - 4 ; D 1 S 2 D 3 S 4  END                                    0.0937    0.01017 -0.09313
  13.    34   D 1 - 3 S 4 S 6 ; D 1 S 2 - 3  END                                        0.0918    0.06289  0.06685
  14.    57   D 1 - 3 S 4 - 5 ; S 1 D 2 S 3  END                                        0.0918   -0.06289 -0.06685
  15.     8   D 1 - 3 ; S 1 D 2 - 3 S 4  END                                            0.0888   -0.08877
  16.    13   D 1 - 2 S 3 S 6 ; D 1 - 3  END                                            0.0888   -0.08877
  17.   104   D 1 - 2 S 3 S 5 ; D 1 S 2 D 3 S 4  END                                    0.0887   -0.02466 -0.08521
  18.   132   D 1 S 2 D 3 S 4 ; D 1 - 2 S 3 S 5  END                                    0.0862    0.07219  0.04708
  19.    33   D 1 - 3 S 4 - 5 ; D 1 S 2 - 3  END                                        0.0830    0.06493  0.05172
  20.    94   D 1 - 2 S 3 - 4 ; D 1 - 2 S 3 S 6  END                                    0.0771    0.06779  0.03675
  21.   182   S 1 D 2 - 3 S 4 ; D 1 - 2 S 3 - 4  END                                    0.0771    0.06779  0.03675
  22.    11   D 1 - 2 S 3 - 4 ; D 1 - 3  END                                            0.0770   -0.07701
  23.     2   D 1 - 3 ; D 1 - 2 S 3 - 4  END                                            0.0770    0.07701
  24.   209   S 1 D 2 S 3 D 4 ; D 1 - 3  END                                            0.0746    0.07462
  25.    28   D 1 - 3 ; D 1 - 2 S 4 S 6  END                                            0.0746   -0.07462
  26.   120   D 1 - 2 S 4 - 5 ; D 1 - 3  END                                            0.0721   -0.07209
  27.    38   D 1 - 3 ; D 1 S 2 - 3 D 4  END                                            0.0721    0.07209
  28.   165   D 1 S 2 - 3 ; D 1 - 3 S 4 - 5  END                                        0.0721   -0.06983 -0.01776
  29.    96   D 1 - 2 S 3 S 5 ; D 1 - 2 S 3 S 5  END                                    0.0707   -0.03673 -0.06042
  30.   140   D 1 S 2 D 3 S 4 ; D 1 S 2 D 3 S 4  END                                    0.0707    0.03673  0.06042
  31.   245   D 1 - 4 ; D 1 S 2 S 4  END                                                0.0626   -0.06257
  32.   420   D 1 - 2 S 3 D 4 S 5 ; D 1 - 2  END                                        0.0626    0.06257
  33.  2080   D 1 - 2 D 4 ; D 1 - 2 D 4  END                                            0.0624    0.06237
  34.    41   D 1 - 3 ; D 1 S 2 - 3 D 5  END                                            0.0615    0.06147
  35.   171   D 1 D 3 S 4 - 5 ; D 1 - 3  END                                            0.0615   -0.06147
  36.   135   D 1 S 2 D 3 S 5 ; D 1 - 2 S 3 S 5  END                                    0.0599   -0.03175  0.05083
  37.   141   D 1 S 2 D 3 S 4 ; D 1 S 2 D 3 S 5  END                                    0.0599   -0.03175  0.05083
  38.    17   S 1 D 2 - 3 S 4 ; D 1 - 3  END                                            0.0565    0.05654
  39.     4   D 1 - 3 ; D 1 - 2 S 3 S 6  END                                            0.0565   -0.05654
  40.    45   D 1 - 3 S 4 - 5 ; D 1 D 3  END                                            0.0564    0.05636
  41.    35   D 1 - 3 D 5 ; D 1 S 2 - 3  END                                            0.0564   -0.05636
  42.    18   S 1 D 2 - 3 S 5 ; D 1 - 3  END                                            0.0556   -0.05556
  43.     7   D 1 - 3 ; D 1 S 2 D 3 S 6  END                                            0.0556    0.05556
  44.   116   D 1 - 2 S 3 S 6 ; S 1 D 2 - 3 S 4  END                                    0.0554    0.01862  0.05216
  45.   221   S 1 - 2 D 3 - 4 ; D 1 - 3  END                                            0.0539   -0.05389
  46.    30   D 1 - 3 ; D 1 - 2 S 5 - 6  END                                            0.0539   -0.05389
  47.   570   D 1 - 2 D 4 ; D 1 - 2 S 3 - 4  END                                        0.0536   -0.05355
  48.   425   D 1 - 2 S 3 - 4 ; D 1 - 2 D 4  END                                        0.0536    0.05355
  49.   134   D 1 S 2 D 3 S 5 ; D 1 - 2 S 3 - 4  END                                    0.0534    0.00826  0.05273
  50.   102   D 1 - 2 S 3 - 4 ; D 1 S 2 D 3 S 5  END                                    0.0534   -0.00826 -0.05273
  51.    56   D 1 - 4 ; S 1 D 2 S 3  END                                                0.0530    0.05301
  52.    22   D 1 - 3 S 4 S 6 ; D 1 - 2  END                                            0.0530    0.05301
  53.   795   D 1 S 2 - 3 D 4 ; D 1 - 2 S 3 - 4  END                                    0.0512    0.00670 -0.05080
  54.   426   D 1 - 2 S 3 - 4 ; D 1 - 2 S 4 - 5  END                                    0.0512   -0.00670  0.05080
  55.  1783   D 1 - 2 S 3 D 4 S 5 ; D 1 S 2 S 4  END                                    0.0510   -0.02343  0.04532
  56.   185   S 1 D 2 - 3 S 5 ; D 1 - 2 S 3 - 4  END                                    0.0482   -0.04723 -0.00966
  57.   103   D 1 - 2 S 3 - 4 ; D 1 S 2 D 3 S 6  END                                    0.0482   -0.04723 -0.00966
  58.   422   D 1 - 2 S 3 - 4 D 5 ; D 1 - 2  END                                        0.0481   -0.04809
  59.   270   D 1 - 4 ; D 1 S 3 - 4  END                                                0.0481    0.04809
  60.   164   D 1 S 2 - 3 ; D 1 - 4  END                                                0.0480   -0.04803
  61.   126   D 1 - 2 ; D 1 - 3 S 4 - 5  END                                            0.0480   -0.04803
  62.   421   D 1 - 2 S 3 D 4 S 6 ; D 1 - 2  END                                        0.0464    0.04643
  63.   295   D 1 - 4 ; S 1 D 2 S 4  END                                                0.0464    0.04643
  64.    24   D 1 - 3 S 5 - 6 ; D 1 - 2  END                                            0.0441   -0.04414
  65.    68   D 1 - 4 ; S 1 - 2 D 3  END                                                0.0441   -0.04414
  66.   210   S 1 D 2 S 3 - 5 ; D 1 - 3  END                                            0.0440    0.01754  0.04035
  67.    40   D 1 - 3 ; D 1 S 2 - 4 S 6  END                                            0.0440    0.01754  0.04035
  68.    20   D 1 - 4 ; D 1 - 2  END                                                    0.0436    0.04362
  69.   875   D 1 S 2 S 4 ; D 1 - 4  END                                                0.0428   -0.04277
  70.   588   D 1 - 2 ; D 1 - 2 S 3 D 4 S 5  END                                        0.0428   -0.04277
  71.   176   D 1 D 3 ; D 1 - 4  END                                                    0.0411    0.04111
  72.   128   D 1 - 2 ; D 1 - 3 D 5  END                                                0.0411    0.04111
  73.    70   D 1 - 3 S 4 S 6 ; S 1 - 2 D 3  END                                        0.0408   -0.03156 -0.02581
  74.    60   D 1 - 3 S 5 - 6 ; S 1 D 2 S 3  END                                        0.0408   -0.03156 -0.02581
  75.   193   S 1 D 2 - 3 S 4 ; D 1 S 2 D 3 S 6  END                                    0.0404   -0.00449 -0.04011
  76.   187   S 1 D 2 - 3 S 5 ; D 1 - 2 S 3 S 6  END                                    0.0404   -0.00449 -0.04011
  77.    44   D 1 - 4 ; D 1 D 3  END                                                    0.0393    0.03934
  78.    23   D 1 - 3 D 5 ; D 1 - 2  END                                                0.0393    0.03934
  79.   111   D 1 - 2 S 3 - 4 ; S 1 D 2 - 3 S 5  END                                    0.0384    0.03644  0.01219
  80.   137   D 1 S 2 D 3 S 6 ; D 1 - 2 S 3 - 4  END                                    0.0384    0.03644  0.01219
  81.   170   D 1 D 3 - 4 ; D 1 - 3  END                                                0.0376   -0.03761
  82.    29   D 1 - 3 ; D 1 - 2 D 5  END                                                0.0376   -0.03761
  83.    47   D 1 - 3 D 5 ; D 1 D 3  END                                                0.0374   -0.03741
  84.  2962   D 1 S 2 S 4 ; D 1 - 2 S 3 D 4 S 5  END                                    0.0360   -0.02003 -0.02993
  85.  2136   D 1 - 2 S 4 - 5 ; D 1 S 2 - 3 D 4  END                                    0.0357   -0.01298 -0.03324
  86.    15   D 1 S 2 D 3 S 5 ; D 1 - 3  END                                            0.0355   -0.03552
  87.     6   D 1 - 3 ; D 1 S 2 D 3 S 5  END                                            0.0355   -0.03552
  88.  1498   D 1 - 4 ; D 1 D 4  END                                                    0.0355   -0.03545
  89.  2077   D 1 - 2 D 4 - 5 ; D 1 - 2  END                                            0.0355   -0.03545
  90.    46   D 1 - 3 S 4 S 6 ; D 1 D 3  END                                            0.0347   -0.03475
  91.    59   D 1 - 3 D 5 ; S 1 D 2 S 3  END                                            0.0347   -0.03475
  92.    69   D 1 - 3 S 4 - 5 ; S 1 - 2 D 3  END                                        0.0342    0.01337  0.03143
  93.    36   D 1 - 3 S 5 - 6 ; D 1 S 2 - 3  END                                        0.0342   -0.01337 -0.03143
  94.   108   D 1 - 2 S 3 S 6 ; D 1 S 2 D 3 S 5  END                                    0.0333   -0.02443 -0.02258
  95.   152   D 1 S 2 D 3 S 5 ; S 1 D 2 - 3 S 4  END                                    0.0333   -0.02443 -0.02258
  96.   321   D 1 - 4 ; S 1 - 3 S 5  END                                                0.0332   -0.00912  0.03194
  97.   648   D 1 S 2 D 3 S 4 - 6 ; D 1 - 2  END                                        0.0332   -0.00912  0.03194
  98.   146   D 1 S 2 D 3 S 6 ; D 1 S 2 D 3 S 4  END                                    0.0331    0.02015  0.02627
  99.   114   D 1 - 2 S 3 S 5 ; S 1 D 2 - 3 S 5  END                                    0.0331    0.02015  0.02627
 100.   433   D 1 - 2 S 3 S 5 ; D 1 - 2 D 4  END                                        0.0330   -0.03296




 POSITION OF FIRST SPIN COUPLING FOR TEN MOST IMPORTANT CONFIGURATIONS
      32     21     14      3    110    170    176    112     27    230



 ELAPSED TIME =       1.46 CPU SECONDS. (      1.49 WALL CLOCK SECONDS)
