
   CheMPS2: a spin-adapted implementation of DMRG for ab initio quantum chemistry
   Copyright (C) 2013-2016 Sebastian Wouters

   This program is free software; you can redistribute it and/or modify
   it under the terms of the GNU General Public License as published by
   the Free Software Foundation; either version 2 of the License, or
   (at your option) any later version.

   This program is distributed in the hope that it will be useful,
   but WITHOUT ANY WARRANTY; without even the implied warranty of
   MERCHANTABILITY or FITNESS FOR A PARTICULAR PURPOSE.  See the
   GNU General Public License for more details.

   You should have received a copy of the GNU General Public License along
   with this program; if not, write to the Free Software Foundation, Inc.,
   51 Franklin Street, Fifth Floor, Boston, MA 02110-1301 USA.

   Stats: nIt(DAVIDSON) = 11
Energy at sites (10, 11) is 11.3514377595683
   Stats: nIt(DAVIDSON) = 10
Energy at sites (9, 10) is 7.31745502829742
   Stats: nIt(DAVIDSON) = 14
Energy at sites (8, 9) is -2.46802099472171
   Stats: nIt(DAVIDSON) = 24
Energy at sites (7, 8) is -11.2496165085848
   Stats: nIt(DAVIDSON) = 16
Energy at sites (6, 7) is -24.3369737759226
   Stats: nIt(DAVIDSON) = 26
Energy at sites (5, 6) is -25.7060206288367
   Stats: nIt(DAVIDSON) = 17
Energy at sites (4, 5) is -25.6453555951582
   Stats: nIt(DAVIDSON) = 1
Energy at sites (3, 4) is -25.6453555951582
   Stats: nIt(DAVIDSON) = 1
Energy at sites (2, 3) is -25.6453555951582
   Stats: nIt(DAVIDSON) = 1
Energy at sites (1, 2) is -25.6453555951583
******************************************************************
***  Information on left sweep 0 of instruction 0:
***     Elapsed wall time        = 16.349164 seconds
***       |--> S.join            = 0.002367 seconds
***       |--> S.solve           = 15.962692 seconds
***       |--> S.split           = 0.093734 seconds
***       |--> Tensor update     = 0.290196 seconds
***              |--> create     = 0.018019 seconds
***              |--> destroy    = 0.001262 seconds
***              |--> disk write = 0.027204 seconds
***              |--> disk read  = 0.017208 seconds
***              |--> calc       = 0.226468 seconds
***     Disk write bandwidth     = 1868.44640506609 MB/s
***     Disk read  bandwidth     = 2953.81311037994 MB/s
***     Minimum energy           = -25.7060206288367
***     Maximum discarded weight = 0
******************************************************************
   Stats: nIt(DAVIDSON) = 1
Energy at sites (0, 1) is -25.6453555951582
   Stats: nIt(DAVIDSON) = 1
Energy at sites (1, 2) is -25.6453555951583
   Stats: nIt(DAVIDSON) = 1
Energy at sites (2, 3) is -25.6453555951582
   Stats: nIt(DAVIDSON) = 1
Energy at sites (3, 4) is -25.6453555951582
   Stats: nIt(DAVIDSON) = 1
Energy at sites (4, 5) is -25.6453555951582
   Stats: nIt(DAVIDSON) = 22
Energy at sites (5, 6) is -25.7060206288356
   Stats: nIt(DAVIDSON) = 15
Energy at sites (6, 7) is -25.7057287517621
   Stats: nIt(DAVIDSON) = 1
Energy at sites (7, 8) is -25.7057287517619
   Stats: nIt(DAVIDSON) = 1
Energy at sites (8, 9) is -25.7057287517617
   Stats: nIt(DAVIDSON) = 1
Energy at sites (9, 10) is -25.7057287517619
******************************************************************
***  Information on right sweep 0 of instruction 0:
***     Elapsed wall time        = 11.911313 seconds
***       |--> S.join            = 0.002228 seconds
***       |--> S.solve           = 11.572398 seconds
***       |--> S.split           = 0.072407 seconds
***       |--> Tensor update     = 0.264119 seconds
***              |--> create     = 0.017632 seconds
***              |--> destroy    = 0.003149 seconds
***              |--> disk write = 0.028224 seconds
***              |--> disk read  = 0.015494 seconds
***              |--> calc       = 0.19959 seconds
***     Disk write bandwidth     = 1914.68797843743 MB/s
***     Disk read  bandwidth     = 3280.57415795908 MB/s
***     Minimum energy           = -25.7060206288356
***     Maximum discarded weight = 8.62228546699365e-06
***     Energy difference with respect to previous leftright sweep = 25.7057287517619
******************************************************************
   Stats: nIt(DAVIDSON) = 1
Energy at sites (10, 11) is -25.7057287517617
   Stats: nIt(DAVIDSON) = 1
Energy at sites (9, 10) is -25.7057287517619
   Stats: nIt(DAVIDSON) = 1
Energy at sites (8, 9) is -25.7057287517617
   Stats: nIt(DAVIDSON) = 1
Energy at sites (7, 8) is -25.705728751762
   Stats: nIt(DAVIDSON) = 1
Energy at sites (6, 7) is -25.705728751762
   Stats: nIt(DAVIDSON) = 17
Energy at sites (5, 6) is -25.7060169290795
   Stats: nIt(DAVIDSON) = 15
Energy at sites (4, 5) is -25.705728699094
   Stats: nIt(DAVIDSON) = 1
Energy at sites (3, 4) is -25.7057286990943
   Stats: nIt(DAVIDSON) = 1
Energy at sites (2, 3) is -25.7057286990943
   Stats: nIt(DAVIDSON) = 1
Energy at sites (1, 2) is -25.7057286990943
******************************************************************
***  Information on left sweep 1 of instruction 0:
***     Elapsed wall time        = 9.107615 seconds
***       |--> S.join            = 0.002003 seconds
***       |--> S.solve           = 8.755432 seconds
***       |--> S.split           = 0.068889 seconds
***       |--> Tensor update     = 0.281114 seconds
***              |--> create     = 0.01702 seconds
***              |--> destroy    = 0.002786 seconds
***              |--> disk write = 0.027787 seconds
***              |--> disk read  = 0.016965 seconds
***              |--> calc       = 0.21653 seconds
***     Disk write bandwidth     = 1896.94775851019 MB/s
***     Disk read  bandwidth     = 3185.39071638184 MB/s
***     Minimum energy           = -25.7060169290795
***     Maximum discarded weight = 8.49348402890969e-06
******************************************************************
   Stats: nIt(DAVIDSON) = 1
Energy at sites (0, 1) is -25.7057286990943
   Stats: nIt(DAVIDSON) = 1
Energy at sites (1, 2) is -25.7057286990944
   Stats: nIt(DAVIDSON) = 1
Energy at sites (2, 3) is -25.7057286990943
   Stats: nIt(DAVIDSON) = 1
Energy at sites (3, 4) is -25.7057286990943
   Stats: nIt(DAVIDSON) = 1
Energy at sites (4, 5) is -25.7057286990942
   Stats: nIt(DAVIDSON) = 17
Energy at sites (5, 6) is -25.7060143298796
   Stats: nIt(DAVIDSON) = 15
Energy at sites (6, 7) is -25.7057286910784
   Stats: nIt(DAVIDSON) = 1
Energy at sites (7, 8) is -25.7057286910785
   Stats: nIt(DAVIDSON) = 1
Energy at sites (8, 9) is -25.7057286910783
   Stats: nIt(DAVIDSON) = 1
Energy at sites (9, 10) is -25.7057286910783
******************************************************************
***  Information on right sweep 1 of instruction 0:
***     Elapsed wall time        = 8.45183 seconds
***       |--> S.join            = 0.001931 seconds
***       |--> S.solve           = 8.120939 seconds
***       |--> S.split           = 0.066806 seconds
***       |--> Tensor update     = 0.261984 seconds
***              |--> create     = 0.01688 seconds
***              |--> destroy    = 0.003036 seconds
***              |--> disk write = 0.027711 seconds
***              |--> disk read  = 0.016623 seconds
***              |--> calc       = 0.197703 seconds
***     Disk write bandwidth     = 1902.15031452213 MB/s
***     Disk read  bandwidth     = 3170.93709713786 MB/s
***     Minimum energy           = -25.7060143298796
***     Maximum discarded weight = 8.41688587988841e-06
***     Energy difference with respect to previous leftright sweep = 6.06835897087876e-08
******************************************************************
   Stats: nIt(DAVIDSON) = 1
Energy at sites (10, 11) is -25.7057286910783
   Stats: nIt(DAVIDSON) = 1
Energy at sites (9, 10) is -25.7057286910784
   Stats: nIt(DAVIDSON) = 1
Energy at sites (8, 9) is -25.7057286910783
   Stats: nIt(DAVIDSON) = 1
Energy at sites (7, 8) is -25.7057286910784
   Stats: nIt(DAVIDSON) = 1
Energy at sites (6, 7) is -25.7057286910784
   Stats: nIt(DAVIDSON) = 17
Energy at sites (5, 6) is -25.7060143299258
   Stats: nIt(DAVIDSON) = 15
Energy at sites (4, 5) is -25.7057286910817
   Stats: nIt(DAVIDSON) = 1
Energy at sites (3, 4) is -25.7057286910819
   Stats: nIt(DAVIDSON) = 1
Energy at sites (2, 3) is -25.7057286910819
   Stats: nIt(DAVIDSON) = 1
Energy at sites (1, 2) is -25.7057286910817
******************************************************************
***  Information on left sweep 2 of instruction 0:
***     Elapsed wall time        = 8.640211 seconds
***       |--> S.join            = 0.001938 seconds
***       |--> S.solve           = 8.287674 seconds
***       |--> S.split           = 0.069398 seconds
***       |--> Tensor update     = 0.281026 seconds
***              |--> create     = 0.01689 seconds
***              |--> destroy    = 0.003032 seconds
***              |--> disk write = 0.027802 seconds
***              |--> disk read  = 0.016565 seconds
***              |--> calc       = 0.216703 seconds
***     Disk write bandwidth     = 1895.92429917713 MB/s
***     Disk read  bandwidth     = 3182.03968401586 MB/s
***     Minimum energy           = -25.7060143299258
***     Maximum discarded weight = 8.41688789485914e-06
******************************************************************
   Stats: nIt(DAVIDSON) = 1
Energy at sites (0, 1) is -25.7057286910819
   Stats: nIt(DAVIDSON) = 1
Energy at sites (1, 2) is -25.7057286910817
   Stats: nIt(DAVIDSON) = 1
Energy at sites (2, 3) is -25.7057286910819
   Stats: nIt(DAVIDSON) = 1
Energy at sites (3, 4) is -25.7057286910818
   Stats: nIt(DAVIDSON) = 1
Energy at sites (4, 5) is -25.7057286910816
   Stats: nIt(DAVIDSON) = 17
Energy at sites (5, 6) is -25.7060143298252
   Stats: nIt(DAVIDSON) = 15
Energy at sites (6, 7) is -25.7057286910801
   Stats: nIt(DAVIDSON) = 1
Energy at sites (7, 8) is -25.7057286910804
   Stats: nIt(DAVIDSON) = 1
Energy at sites (8, 9) is -25.7057286910804
   Stats: nIt(DAVIDSON) = 1
Energy at sites (9, 10) is -25.7057286910803
******************************************************************
***  Information on right sweep 2 of instruction 0:
***     Elapsed wall time        = 8.44729 seconds
***       |--> S.join            = 0.001925 seconds
***       |--> S.solve           = 8.115973 seconds
***       |--> S.split           = 0.066688 seconds
***       |--> Tensor update     = 0.26254 seconds
***              |--> create     = 0.016828 seconds
***              |--> destroy    = 0.003177 seconds
***              |--> disk write = 0.027757 seconds
***              |--> disk read  = 0.016543 seconds
***              |--> calc       = 0.198204 seconds
***     Disk write bandwidth     = 1898.99799566677 MB/s
***     Disk read  bandwidth     = 3186.27137554994 MB/s
***     Minimum energy           = -25.7060143298252
***     Maximum discarded weight = 8.41688828310883e-06
***     Energy difference with respect to previous leftright sweep = 1.98951966012828e-12
******************************************************************
   Stats: nIt(DAVIDSON) = 1
Energy at sites (10, 11) is -25.7057286910803
   Stats: nIt(DAVIDSON) = 1
Energy at sites (9, 10) is -25.7057286910804
   Stats: nIt(DAVIDSON) = 1
Energy at sites (8, 9) is -25.7057286910804
   Stats: nIt(DAVIDSON) = 1
Energy at sites (7, 8) is -25.7057286910803
   Stats: nIt(DAVIDSON) = 1
Energy at sites (6, 7) is -25.7057286910804
   Stats: nIt(DAVIDSON) = 17
Energy at sites (5, 6) is -25.7060143298285
   Stats: nIt(DAVIDSON) = 15
Energy at sites (4, 5) is -25.7057286910805
   Stats: nIt(DAVIDSON) = 1
Energy at sites (3, 4) is -25.7057286910802
   Stats: nIt(DAVIDSON) = 1
Energy at sites (2, 3) is -25.70572869108
   Stats: nIt(DAVIDSON) = 1
Energy at sites (1, 2) is -25.7057286910801
******************************************************************
***  Information on left sweep 3 of instruction 0:
***     Elapsed wall time        = 8.639713 seconds
***       |--> S.join            = 0.00199 seconds
***       |--> S.solve           = 8.286093 seconds
***       |--> S.split           = 0.067943 seconds
***       |--> Tensor update     = 0.28351 seconds
***              |--> create     = 0.016894 seconds
***              |--> destroy    = 0.003162 seconds
***              |--> disk write = 0.027633 seconds
***              |--> disk read  = 0.016654 seconds
***              |--> calc       = 0.219131 seconds
***     Disk write bandwidth     = 1907.51953699282 MB/s
***     Disk read  bandwidth     = 3165.03466829126 MB/s
***     Minimum energy           = -25.7060143298285
***     Maximum discarded weight = 8.41688850239214e-06
******************************************************************
   Stats: nIt(DAVIDSON) = 1
Energy at sites (0, 1) is -25.7057286910803
   Stats: nIt(DAVIDSON) = 1
Energy at sites (1, 2) is -25.70572869108
   Stats: nIt(DAVIDSON) = 1
Energy at sites (2, 3) is -25.7057286910801
   Stats: nIt(DAVIDSON) = 1
Energy at sites (3, 4) is -25.7057286910803
   Stats: nIt(DAVIDSON) = 1
Energy at sites (4, 5) is -25.7057286910805
   Stats: nIt(DAVIDSON) = 17
Energy at sites (5, 6) is -25.7060143298255
   Stats: nIt(DAVIDSON) = 15
Energy at sites (6, 7) is -25.7057286910804
   Stats: nIt(DAVIDSON) = 1
Energy at sites (7, 8) is -25.7057286910802
   Stats: nIt(DAVIDSON) = 1
Energy at sites (8, 9) is -25.7057286910803
   Stats: nIt(DAVIDSON) = 1
Energy at sites (9, 10) is -25.7057286910801
******************************************************************
***  Information on right sweep 3 of instruction 0:
***     Elapsed wall time        = 8.456117 seconds
***       |--> S.join            = 0.001974 seconds
***       |--> S.solve           = 8.123987 seconds
***       |--> S.split           = 0.068053 seconds
***       |--> Tensor update     = 0.261941 seconds
***              |--> create     = 0.016797 seconds
***              |--> destroy    = 0.002719 seconds
***              |--> disk write = 0.02739 seconds
***              |--> disk read  = 0.016364 seconds
***              |--> calc       = 0.198642 seconds
***     Disk write bandwidth     = 1924.44276618192 MB/s
***     Disk read  bandwidth     = 3221.12486957484 MB/s
***     Minimum energy           = -25.7060143298255
***     Maximum discarded weight = 8.4168886052221e-06
***     Energy difference with respect to previous leftright sweep = 2.27373675443232e-13
******************************************************************
***  Information on completed instruction 0:
***     The reduced virtual dimension DSU(2)               = 500
***     Minimum energy encountered during all instructions = -25.7060206288367
***     Minimum energy encountered during the last sweep   = -25.7060143298255
***     Maximum discarded weight during the last sweep     = 8.4168886052221e-06
******************************************************************
   Stats: nIt(DAVIDSON) = 1
********************************************
***  2-RDM and Correlations calculation  ***
********************************************
   N(N-1)                     = 132
   Double trace of DMRG 2-RDM = 132
   Energy obtained by Heff at edge   = -25.70572869108
   Econst + 0.5 * trace(2DM-A * Ham) = -25.7057286910806
   NOON of irrep Ag = [ 1.97413673536829 , 1.95849947549682 , 1.90730864651932 , 0.142126537269172 , 0.0601966963726322 , 0.0311797315204328 ].
   NOON of irrep Au = [ 1.96882180216042 , 1.93980376202682 , 1.85786984569808 , 0.0926906598029681 , 0.041501789151622 , 0.0258643186134436 ].
   Single-orbital entropies (Hamiltonian index order is used!) = [ 0.135337346068984 , 0.157594298547717 , 0.198245261413862 , 0.262131368305651 , 0.356650019172278 , 0.465375636967688 , 0.465368740678235 , 0.356648365465643 , 0.262132966454582 , 0.198249378687712 , 0.157599712365795 , 0.135341170298982 ].
   Idistance(0) = 2.07983148763003
   Idistance(1) = 7.06886652993338
   Idistance(2) = 36.6377423577778
***************************************************
***  Timing information 2-RDM and Correlations  ***
***************************************************
***     Elapsed wall time        = 0.93049 seconds
***       |--> MPS gauge change  = 0.005578 seconds
***       |--> Diagram calc      = 0.267338 seconds
***       |--> Tensor update     = 0.656323 seconds
***              |--> create     = 0.035687 seconds
***              |--> destroy    = 0.00601300000000001 seconds
***              |--> disk write = 0.057575 seconds
***              |--> disk read  = 0.037146 seconds
***              |--> calc       = 0.519794 seconds
***     Disk write bandwidth     = 1831.83730502673 MB/s
***     Disk read  bandwidth     = 2839.28371391036 MB/s
***************************************************
   Stats: nIt(DAVIDSON) = 10
Energy at sites (10, 11) is 15.6822956864209
   Stats: nIt(DAVIDSON) = 12
Energy at sites (9, 10) is 5.68737943156773
   Stats: nIt(DAVIDSON) = 22
Energy at sites (8, 9) is -2.74098006536033
   Stats: nIt(DAVIDSON) = 28
Energy at sites (7, 8) is -9.81376040451133
   Stats: nIt(DAVIDSON) = 27
Energy at sites (6, 7) is -17.1568620146776
   Stats: nIt(DAVIDSON) = 42
Energy at sites (5, 6) is -22.5929282910084
   Stats: nIt(DAVIDSON) = 22
Energy at sites (4, 5) is -22.3925901924928
   Stats: nIt(DAVIDSON) = 1
Energy at sites (3, 4) is -22.3925901924929
   Stats: nIt(DAVIDSON) = 1
Energy at sites (2, 3) is -22.3925901924928
   Stats: nIt(DAVIDSON) = 1
Energy at sites (1, 2) is -22.3925901924931
******************************************************************
***  Information on left sweep 0 of instruction 0:
***     Elapsed wall time        = 25.788196 seconds
***       |--> S.join            = 0.002386 seconds
***       |--> S.solve           = 25.416107 seconds
***       |--> S.split           = 0.07479 seconds
***       |--> Tensor update     = 0.294718 seconds
***              |--> create     = 0.018331 seconds
***              |--> destroy    = 0.002963 seconds
***              |--> disk write = 0.027787 seconds
***              |--> disk read  = 0.015793 seconds
***              |--> calc       = 0.22982 seconds
***     Disk write bandwidth     = 1837.65418103846 MB/s
***     Disk read  bandwidth     = 3233.2613644346 MB/s
***     Minimum energy           = -22.5929282910084
***     Maximum discarded weight = 0
******************************************************************
   Stats: nIt(DAVIDSON) = 1
Energy at sites (0, 1) is -22.392590192493
   Stats: nIt(DAVIDSON) = 1
Energy at sites (1, 2) is -22.3925901924931
   Stats: nIt(DAVIDSON) = 1
Energy at sites (2, 3) is -22.3925901924928
   Stats: nIt(DAVIDSON) = 1
Energy at sites (3, 4) is -22.3925901924928
   Stats: nIt(DAVIDSON) = 1
Energy at sites (4, 5) is -22.3925901924929
   Stats: nIt(DAVIDSON) = 32
Energy at sites (5, 6) is -22.5929282910096
   Stats: nIt(DAVIDSON) = 23
Energy at sites (6, 7) is -22.5864219640446
   Stats: nIt(DAVIDSON) = 1
Energy at sites (7, 8) is -22.5864219640443
   Stats: nIt(DAVIDSON) = 1
Energy at sites (8, 9) is -22.5864219640446
   Stats: nIt(DAVIDSON) = 1
Energy at sites (9, 10) is -22.5864219640445
******************************************************************
***  Information on right sweep 0 of instruction 0:
***     Elapsed wall time        = 17.607982 seconds
***       |--> S.join            = 0.002258 seconds
***       |--> S.solve           = 17.261875 seconds
***       |--> S.split           = 0.072717 seconds
***       |--> Tensor update     = 0.270938 seconds
***              |--> create     = 0.017725 seconds
***              |--> destroy    = 0.003312 seconds
***              |--> disk write = 0.028669 seconds
***              |--> disk read  = 0.015839 seconds
***              |--> calc       = 0.205365 seconds
***     Disk write bandwidth     = 1894.25579450133 MB/s
***     Disk read  bandwidth     = 3223.8712499852 MB/s
***     Minimum energy           = -22.5929282910096
***     Maximum discarded weight = 0.000220810370364028
***     Energy difference with respect to previous leftright sweep = 22.5864219640445
******************************************************************
The overlap between the current state and state 0 is : -5.85669124461348e-05
   Stats: nIt(DAVIDSON) = 1
Energy at sites (10, 11) is -22.5864219640445
   Stats: nIt(DAVIDSON) = 1
Energy at sites (9, 10) is -22.5864219640444
   Stats: nIt(DAVIDSON) = 1
Energy at sites (8, 9) is -22.5864219640446
   Stats: nIt(DAVIDSON) = 1
Energy at sites (7, 8) is -22.5864219640444
   Stats: nIt(DAVIDSON) = 1
Energy at sites (6, 7) is -22.5864219640446
   Stats: nIt(DAVIDSON) = 26
Energy at sites (5, 6) is -22.5928277438825
   Stats: nIt(DAVIDSON) = 23
Energy at sites (4, 5) is -22.5864219515011
   Stats: nIt(DAVIDSON) = 1
Energy at sites (3, 4) is -22.5864219515003
   Stats: nIt(DAVIDSON) = 1
Energy at sites (2, 3) is -22.5864219515003
   Stats: nIt(DAVIDSON) = 1
Energy at sites (1, 2) is -22.5864219515004
******************************************************************
***  Information on left sweep 1 of instruction 0:
***     Elapsed wall time        = 13.182487 seconds
***       |--> S.join            = 0.002006 seconds
***       |--> S.solve           = 12.830732 seconds
***       |--> S.split           = 0.063943 seconds
***       |--> Tensor update     = 0.285628 seconds
***              |--> create     = 0.017023 seconds
***              |--> destroy    = 0.002948 seconds
***              |--> disk write = 0.027618 seconds
***              |--> disk read  = 0.016727 seconds
***              |--> calc       = 0.221287 seconds
***     Disk write bandwidth     = 1861.40706981322 MB/s
***     Disk read  bandwidth     = 3246.63235323481 MB/s
***     Minimum energy           = -22.5928277438825
***     Maximum discarded weight = 0.000215369287850281
******************************************************************
   Stats: nIt(DAVIDSON) = 1
Energy at sites (0, 1) is -22.5864219515004
   Stats: nIt(DAVIDSON) = 1
Energy at sites (1, 2) is -22.5864219515002
   Stats: nIt(DAVIDSON) = 1
Energy at sites (2, 3) is -22.5864219515004
   Stats: nIt(DAVIDSON) = 1
Energy at sites (3, 4) is -22.5864219515003
   Stats: nIt(DAVIDSON) = 1
Energy at sites (4, 5) is -22.5864219515003
   Stats: nIt(DAVIDSON) = 26
Energy at sites (5, 6) is -22.592758136747
   Stats: nIt(DAVIDSON) = 23
Energy at sites (6, 7) is -22.5864512326975
   Stats: nIt(DAVIDSON) = 1
Energy at sites (7, 8) is -22.5864512326975
   Stats: nIt(DAVIDSON) = 1
Energy at sites (8, 9) is -22.5864512326976
   Stats: nIt(DAVIDSON) = 1
Energy at sites (9, 10) is -22.5864512326977
******************************************************************
***  Information on right sweep 1 of instruction 0:
***     Elapsed wall time        = 11.799563 seconds
***       |--> S.join            = 0.001997 seconds
***       |--> S.solve           = 11.47311 seconds
***       |--> S.split           = 0.061107 seconds
***       |--> Tensor update     = 0.263181 seconds
***              |--> create     = 0.016931 seconds
***              |--> destroy    = 0.002699 seconds
***              |--> disk write = 0.027588 seconds
***              |--> disk read  = 0.015845 seconds
***              |--> calc       = 0.200083 seconds
***     Disk write bandwidth     = 1863.88447990932 MB/s
***     Disk read  bandwidth     = 3244.45190622288 MB/s
***     Minimum energy           = -22.592758136747
***     Maximum discarded weight = 0.000210582740651872
***     Energy difference with respect to previous leftright sweep = 2.92686532361586e-05
******************************************************************
The overlap between the current state and state 0 is : -5.87022809553986e-05
   Stats: nIt(DAVIDSON) = 1
Energy at sites (10, 11) is -22.5864512326977
   Stats: nIt(DAVIDSON) = 1
Energy at sites (9, 10) is -22.5864512326976
   Stats: nIt(DAVIDSON) = 1
Energy at sites (8, 9) is -22.5864512326975
   Stats: nIt(DAVIDSON) = 1
Energy at sites (7, 8) is -22.5864512326975
   Stats: nIt(DAVIDSON) = 1
Energy at sites (6, 7) is -22.5864512326972
   Stats: nIt(DAVIDSON) = 26
Energy at sites (5, 6) is -22.5927581613279
   Stats: nIt(DAVIDSON) = 23
Energy at sites (4, 5) is -22.5864512352612
   Stats: nIt(DAVIDSON) = 1
Energy at sites (3, 4) is -22.5864512352613
   Stats: nIt(DAVIDSON) = 1
Energy at sites (2, 3) is -22.5864512352613
   Stats: nIt(DAVIDSON) = 1
Energy at sites (1, 2) is -22.5864512352612
******************************************************************
***  Information on left sweep 2 of instruction 0:
***     Elapsed wall time        = 12.12288 seconds
***       |--> S.join            = 0.001957 seconds
***       |--> S.solve           = 11.775094 seconds
***       |--> S.split           = 0.061395 seconds
***       |--> Tensor update     = 0.284262 seconds
***              |--> create     = 0.016825 seconds
***              |--> destroy    = 0.002692 seconds
***              |--> disk write = 0.027748 seconds
***              |--> disk read  = 0.015598 seconds
***              |--> calc       = 0.221374 seconds
***     Disk write bandwidth     = 1853.13698398942 MB/s
***     Disk read  bandwidth     = 3296.6306598114 MB/s
***     Minimum energy           = -22.5927581613279
***     Maximum discarded weight = 0.000210584290495793
******************************************************************
   Stats: nIt(DAVIDSON) = 1
Energy at sites (0, 1) is -22.5864512352611
   Stats: nIt(DAVIDSON) = 1
Energy at sites (1, 2) is -22.5864512352612
   Stats: nIt(DAVIDSON) = 1
Energy at sites (2, 3) is -22.5864512352614
   Stats: nIt(DAVIDSON) = 1
Energy at sites (3, 4) is -22.5864512352612
   Stats: nIt(DAVIDSON) = 1
Energy at sites (4, 5) is -22.5864512352611
   Stats: nIt(DAVIDSON) = 26
Energy at sites (5, 6) is -22.5927582120474
   Stats: nIt(DAVIDSON) = 23
Energy at sites (6, 7) is -22.5864512372704
   Stats: nIt(DAVIDSON) = 1
Energy at sites (7, 8) is -22.5864512372702
   Stats: nIt(DAVIDSON) = 1
Energy at sites (8, 9) is -22.5864512372702
   Stats: nIt(DAVIDSON) = 1
Energy at sites (9, 10) is -22.5864512372703
******************************************************************
***  Information on right sweep 2 of instruction 0:
***     Elapsed wall time        = 11.796874 seconds
***       |--> S.join            = 0.001952 seconds
***       |--> S.solve           = 11.470728 seconds
***       |--> S.split           = 0.062184 seconds
***       |--> Tensor update     = 0.261833 seconds
***              |--> create     = 0.016935 seconds
***              |--> destroy    = 0.002724 seconds
***              |--> disk write = 0.027819 seconds
***              |--> disk read  = 0.0156 seconds
***              |--> calc       = 0.198726 seconds
***     Disk write bandwidth     = 1848.40738458386 MB/s
***     Disk read  bandwidth     = 3296.20801485502 MB/s
***     Minimum energy           = -22.5927582120474
***     Maximum discarded weight = 0.000210586604192749
***     Energy difference with respect to previous leftright sweep = 4.57259830000112e-09
******************************************************************
The overlap between the current state and state 0 is : -5.87022659231553e-05
   Stats: nIt(DAVIDSON) = 1
Energy at sites (10, 11) is -22.5864512372702
   Stats: nIt(DAVIDSON) = 1
Energy at sites (9, 10) is -22.5864512372704
   Stats: nIt(DAVIDSON) = 1
Energy at sites (8, 9) is -22.5864512372703
   Stats: nIt(DAVIDSON) = 1
Energy at sites (7, 8) is -22.5864512372702
   Stats: nIt(DAVIDSON) = 1
Energy at sites (6, 7) is -22.5864512372705
   Stats: nIt(DAVIDSON) = 26
Energy at sites (5, 6) is -22.592758214735
   Stats: nIt(DAVIDSON) = 23
Energy at sites (4, 5) is -22.586451237397
   Stats: nIt(DAVIDSON) = 1
Energy at sites (3, 4) is -22.5864512373972
   Stats: nIt(DAVIDSON) = 1
Energy at sites (2, 3) is -22.5864512373969
   Stats: nIt(DAVIDSON) = 1
Energy at sites (1, 2) is -22.586451237397
******************************************************************
***  Information on left sweep 3 of instruction 0:
***     Elapsed wall time        = 12.118615 seconds
***       |--> S.join            = 0.001937 seconds
***       |--> S.solve           = 11.773032 seconds
***       |--> S.split           = 0.061832 seconds
***       |--> Tensor update     = 0.281642 seconds
***              |--> create     = 0.016907 seconds
***              |--> destroy    = 0.002679 seconds
***              |--> disk write = 0.027955 seconds
***              |--> disk read  = 0.015942 seconds
***              |--> calc       = 0.218133 seconds
***     Disk write bandwidth     = 1839.41495373773 MB/s
***     Disk read  bandwidth     = 3225.49523470946 MB/s
***     Minimum energy           = -22.592758214735
***     Maximum discarded weight = 0.000210586748620613
******************************************************************
   Stats: nIt(DAVIDSON) = 1
Energy at sites (0, 1) is -22.586451237397
   Stats: nIt(DAVIDSON) = 1
Energy at sites (1, 2) is -22.5864512373971
   Stats: nIt(DAVIDSON) = 1
Energy at sites (2, 3) is -22.5864512373971
   Stats: nIt(DAVIDSON) = 1
Energy at sites (3, 4) is -22.5864512373971
   Stats: nIt(DAVIDSON) = 1
Energy at sites (4, 5) is -22.5864512373971
   Stats: nIt(DAVIDSON) = 26
Energy at sites (5, 6) is -22.5927582157842
   Stats: nIt(DAVIDSON) = 23
Energy at sites (6, 7) is -22.5864512375452
   Stats: nIt(DAVIDSON) = 1
Energy at sites (7, 8) is -22.5864512375448
   Stats: nIt(DAVIDSON) = 1
Energy at sites (8, 9) is -22.5864512375447
   Stats: nIt(DAVIDSON) = 1
Energy at sites (9, 10) is -22.5864512375447
******************************************************************
***  Information on right sweep 3 of instruction 0:
***     Elapsed wall time        = 11.789995 seconds
***       |--> S.join            = 0.001929 seconds
***       |--> S.solve           = 11.465433 seconds
***       |--> S.split           = 0.061804 seconds
***       |--> Tensor update     = 0.260667 seconds
***              |--> create     = 0.016948 seconds
***              |--> destroy    = 0.002707 seconds
***              |--> disk write = 0.027868 seconds
***              |--> disk read  = 0.015839 seconds
***              |--> calc       = 0.197279 seconds
***     Disk write bandwidth     = 1845.15735006955 MB/s
***     Disk read  bandwidth     = 3246.47042311625 MB/s
***     Minimum energy           = -22.5927582157842
***     Maximum discarded weight = 0.000210586803587168
***     Energy difference with respect to previous leftright sweep = 2.7438318284112e-10
******************************************************************
The overlap between the current state and state 0 is : -5.87022480361644e-05
   Stats: nIt(DAVIDSON) = 1
Energy at sites (10, 11) is -22.5864512375448
   Stats: nIt(DAVIDSON) = 1
Energy at sites (9, 10) is -22.5864512375447
   Stats: nIt(DAVIDSON) = 1
Energy at sites (8, 9) is -22.5864512375448
   Stats: nIt(DAVIDSON) = 1
Energy at sites (7, 8) is -22.5864512375449
   Stats: nIt(DAVIDSON) = 1
Energy at sites (6, 7) is -22.5864512375443
   Stats: nIt(DAVIDSON) = 26
Energy at sites (5, 6) is -22.5927582160322
   Stats: nIt(DAVIDSON) = 23
Energy at sites (4, 5) is -22.5864512375131
   Stats: nIt(DAVIDSON) = 1
Energy at sites (3, 4) is -22.5864512375133
   Stats: nIt(DAVIDSON) = 1
Energy at sites (2, 3) is -22.5864512375135
   Stats: nIt(DAVIDSON) = 1
Energy at sites (1, 2) is -22.5864512375132
******************************************************************
***  Information on left sweep 4 of instruction 0:
***     Elapsed wall time        = 12.126223 seconds
***       |--> S.join            = 0.001946 seconds
***       |--> S.solve           = 11.778264 seconds
***       |--> S.split           = 0.060285 seconds
***       |--> Tensor update     = 0.285549 seconds
***              |--> create     = 0.01692 seconds
***              |--> destroy    = 0.002735 seconds
***              |--> disk write = 0.027887 seconds
***              |--> disk read  = 0.015865 seconds
***              |--> calc       = 0.222117 seconds
***     Disk write bandwidth     = 1843.90020553442 MB/s
***     Disk read  bandwidth     = 3241.15001775848 MB/s
***     Minimum energy           = -22.5927582160322
***     Maximum discarded weight = 0.000210586817261461
******************************************************************
   Stats: nIt(DAVIDSON) = 1
Energy at sites (0, 1) is -22.5864512375136
   Stats: nIt(DAVIDSON) = 1
Energy at sites (1, 2) is -22.5864512375133
   Stats: nIt(DAVIDSON) = 1
Energy at sites (2, 3) is -22.5864512375135
   Stats: nIt(DAVIDSON) = 1
Energy at sites (3, 4) is -22.5864512375133
   Stats: nIt(DAVIDSON) = 1
Energy at sites (4, 5) is -22.5864512375135
   Stats: nIt(DAVIDSON) = 26
Energy at sites (5, 6) is -22.5927582161597
   Stats: nIt(DAVIDSON) = 23
Energy at sites (6, 7) is -22.586451237556
   Stats: nIt(DAVIDSON) = 1
Energy at sites (7, 8) is -22.5864512375559
   Stats: nIt(DAVIDSON) = 1
Energy at sites (8, 9) is -22.5864512375559
   Stats: nIt(DAVIDSON) = 1
Energy at sites (9, 10) is -22.5864512375558
******************************************************************
***  Information on right sweep 4 of instruction 0:
***     Elapsed wall time        = 11.796485 seconds
***       |--> S.join            = 0.00193 seconds
***       |--> S.solve           = 11.467584 seconds
***       |--> S.split           = 0.061621 seconds
***       |--> Tensor update     = 0.265177 seconds
***              |--> create     = 0.016905 seconds
***              |--> destroy    = 0.002694 seconds
***              |--> disk write = 0.027996 seconds
***              |--> disk read  = 0.015756 seconds
***              |--> calc       = 0.201796 seconds
***     Disk write bandwidth     = 1836.72113986778 MB/s
***     Disk read  bandwidth     = 3263.57229193566 MB/s
***     Minimum energy           = -22.5927582161597
***     Maximum discarded weight = 0.000210586823224396
***     Energy difference with respect to previous leftright sweep = 1.11413100967184e-11
******************************************************************
The overlap between the current state and state 0 is : -5.87022452756445e-05
   Stats: nIt(DAVIDSON) = 1
Energy at sites (10, 11) is -22.5864512375558
   Stats: nIt(DAVIDSON) = 1
Energy at sites (9, 10) is -22.5864512375558
   Stats: nIt(DAVIDSON) = 1
Energy at sites (8, 9) is -22.586451237556
   Stats: nIt(DAVIDSON) = 1
Energy at sites (7, 8) is -22.5864512375557
   Stats: nIt(DAVIDSON) = 1
Energy at sites (6, 7) is -22.5864512375557
   Stats: nIt(DAVIDSON) = 26
Energy at sites (5, 6) is -22.5927582161828
   Stats: nIt(DAVIDSON) = 23
Energy at sites (4, 5) is -22.5864512375205
   Stats: nIt(DAVIDSON) = 1
Energy at sites (3, 4) is -22.5864512375206
   Stats: nIt(DAVIDSON) = 1
Energy at sites (2, 3) is -22.5864512375206
   Stats: nIt(DAVIDSON) = 1
Energy at sites (1, 2) is -22.5864512375206
******************************************************************
***  Information on left sweep 5 of instruction 0:
***     Elapsed wall time        = 12.131156 seconds
***       |--> S.join            = 0.001912 seconds
***       |--> S.solve           = 11.781301 seconds
***       |--> S.split           = 0.06235 seconds
***       |--> Tensor update     = 0.285429 seconds
***              |--> create     = 0.016919 seconds
***              |--> destroy    = 0.002688 seconds
***              |--> disk write = 0.027986 seconds
***              |--> disk read  = 0.01579 seconds
***              |--> calc       = 0.222016 seconds
***     Disk write bandwidth     = 1837.37743985344 MB/s
***     Disk read  bandwidth     = 3256.54496717785 MB/s
***     Minimum energy           = -22.5927582161828
***     Maximum discarded weight = 0.000210586824525924
******************************************************************
   Stats: nIt(DAVIDSON) = 1
Energy at sites (0, 1) is -22.5864512375206
   Stats: nIt(DAVIDSON) = 1
Energy at sites (1, 2) is -22.5864512375204
   Stats: nIt(DAVIDSON) = 1
Energy at sites (2, 3) is -22.5864512375206
   Stats: nIt(DAVIDSON) = 1
Energy at sites (3, 4) is -22.5864512375207
   Stats: nIt(DAVIDSON) = 1
Energy at sites (4, 5) is -22.5864512375206
   Stats: nIt(DAVIDSON) = 26
Energy at sites (5, 6) is -22.5927582161966
   Stats: nIt(DAVIDSON) = 23
Energy at sites (6, 7) is -22.5864512375559
   Stats: nIt(DAVIDSON) = 1
Energy at sites (7, 8) is -22.586451237556
   Stats: nIt(DAVIDSON) = 1
Energy at sites (8, 9) is -22.5864512375562
   Stats: nIt(DAVIDSON) = 1
Energy at sites (9, 10) is -22.586451237556
******************************************************************
***  Information on right sweep 5 of instruction 0:
***     Elapsed wall time        = 11.798024 seconds
***       |--> S.join            = 0.001928 seconds
***       |--> S.solve           = 11.470408 seconds
***       |--> S.split           = 0.061333 seconds
***       |--> Tensor update     = 0.264195 seconds
***              |--> create     = 0.016919 seconds
***              |--> destroy    = 0.002702 seconds
***              |--> disk write = 0.027976 seconds
***              |--> disk read  = 0.015785 seconds
***              |--> calc       = 0.200778 seconds
***     Disk write bandwidth     = 1838.03420902696 MB/s
***     Disk read  bandwidth     = 3257.57649868472 MB/s
***     Minimum energy           = -22.5927582161966
***     Maximum discarded weight = 0.000210586825131946
***     Energy difference with respect to previous leftright sweep = 2.27373675443232e-13
******************************************************************
The overlap between the current state and state 0 is : -5.87022449850794e-05
***  Information on completed instruction 0:
***     The reduced virtual dimension DSU(2)               = 500
***     Minimum energy encountered during all instructions = -22.5929282910096
***     Minimum energy encountered during the last sweep   = -22.5927582161966
***     Maximum discarded weight during the last sweep     = 0.000210586825131946
******************************************************************
   Stats: nIt(DAVIDSON) = 1
********************************************
***  2-RDM and Correlations calculation  ***
********************************************
   N(N-1)                     = 132
   Double trace of DMRG 2-RDM = 132
   Energy obtained by Heff at edge   = -22.5864512375562
   Econst + 0.5 * trace(2DM-A * Ham) = -22.5864513064761
   NOON of irrep Ag = [ 1.95933931653303 , 1.92791424863046 , 1.69966961015682 , 1.02780200165976 , 0.126155750418582 , 0.0493594128246961 ].
   NOON of irrep Au = [ 1.95063749936099 , 1.87383236800778 , 0.972250582271457 , 0.30029689188375 , 0.0720843628513534 , 0.0406579554013178 ].
   Single-orbital entropies (Hamiltonian index order is used!) = [ 0.200141880309417 , 0.246272962358406 , 0.34680944437729 , 0.532192486727021 , 1.0763556532247 , 1.30937045040998 , 1.30938661972608 , 1.0763127040082 , 0.532163263192474 , 0.346821594199061 , 0.246272248394917 , 0.200128996051141 ].
   Idistance(0) = 2.99612963243955
   Idistance(1) = 8.08995104855842
   Idistance(2) = 35.2693431704679
***************************************************
***  Timing information 2-RDM and Correlations  ***
***************************************************
***     Elapsed wall time        = 0.946977 seconds
***       |--> MPS gauge change  = 0.00637 seconds
***       |--> Diagram calc      = 0.270338 seconds
***       |--> Tensor update     = 0.668974 seconds
***              |--> create     = 0.0358449999999999 seconds
***              |--> destroy    = 0.00664600000000001 seconds
***              |--> disk write = 0.058166 seconds
***              |--> disk read  = 0.037524 seconds
***              |--> calc       = 0.530689 seconds
***     Disk write bandwidth     = 1768.8859957217 MB/s
***     Disk read  bandwidth     = 2741.95242583809 MB/s
***************************************************
   Stats: nIt(DAVIDSON) = 12
Energy at sites (10, 11) is 16.6066164632039
   Stats: nIt(DAVIDSON) = 16
Energy at sites (9, 10) is 6.88964836671173
   Stats: nIt(DAVIDSON) = 23
Energy at sites (8, 9) is -1.19355302534987
   Stats: nIt(DAVIDSON) = 22
Energy at sites (7, 8) is -10.7118592742342
   Stats: nIt(DAVIDSON) = 28
Energy at sites (6, 7) is -17.065345819203
   Stats: nIt(DAVIDSON) = 61
Energy at sites (5, 6) is -21.2411768903302
   Stats: nIt(DAVIDSON) = 25
Energy at sites (4, 5) is -20.7702690404848
   Stats: nIt(DAVIDSON) = 1
Energy at sites (3, 4) is -20.7702690404849
   Stats: nIt(DAVIDSON) = 1
Energy at sites (2, 3) is -20.7702690404849
   Stats: nIt(DAVIDSON) = 1
Energy at sites (1, 2) is -20.7702690404847
******************************************************************
***  Information on left sweep 0 of instruction 0:
***     Elapsed wall time        = 35.413552 seconds
***       |--> S.join            = 0.00238 seconds
***       |--> S.solve           = 35.038663 seconds
***       |--> S.split           = 0.076111 seconds
***       |--> Tensor update     = 0.29621 seconds
***              |--> create     = 0.018226 seconds
***              |--> destroy    = 0.002949 seconds
***              |--> disk write = 0.027448 seconds
***              |--> disk read  = 0.015611 seconds
***              |--> calc       = 0.231949 seconds
***     Disk write bandwidth     = 1868.5134358463 MB/s
***     Disk read  bandwidth     = 3285.30887112353 MB/s
***     Minimum energy           = -21.2411768903302
***     Maximum discarded weight = 0
******************************************************************
   Stats: nIt(DAVIDSON) = 1
Energy at sites (0, 1) is -20.770269040485
   Stats: nIt(DAVIDSON) = 1
Energy at sites (1, 2) is -20.7702690404848
   Stats: nIt(DAVIDSON) = 1
Energy at sites (2, 3) is -20.7702690404849
   Stats: nIt(DAVIDSON) = 1
Energy at sites (3, 4) is -20.770269040485
   Stats: nIt(DAVIDSON) = 1
Energy at sites (4, 5) is -20.7702690404849
   Stats: nIt(DAVIDSON) = 49
Energy at sites (5, 6) is -21.2411768903301
   Stats: nIt(DAVIDSON) = 30
Energy at sites (6, 7) is -21.2353203546653
   Stats: nIt(DAVIDSON) = 1
Energy at sites (7, 8) is -21.2353203546652
   Stats: nIt(DAVIDSON) = 1
Energy at sites (8, 9) is -21.2353203546651
   Stats: nIt(DAVIDSON) = 1
Energy at sites (9, 10) is -21.235320354665
******************************************************************
***  Information on right sweep 0 of instruction 0:
***     Elapsed wall time        = 26.49659 seconds
***       |--> S.join            = 0.002293 seconds
***       |--> S.solve           = 26.146983 seconds
***       |--> S.split           = 0.073858 seconds
***       |--> Tensor update     = 0.273301 seconds
***              |--> create     = 0.017742 seconds
***              |--> destroy    = 0.003243 seconds
***              |--> disk write = 0.028198 seconds
***              |--> disk read  = 0.015442 seconds
***              |--> calc       = 0.208646 seconds
***     Disk write bandwidth     = 1937.46875081386 MB/s
***     Disk read  bandwidth     = 3321.26387690127 MB/s
***     Minimum energy           = -21.2411768903301
***     Maximum discarded weight = 0.000207057571183215
***     Energy difference with respect to previous leftright sweep = 21.235320354665
******************************************************************
The overlap between the current state and state 0 is : 3.29993523300915e-05
The overlap between the current state and state 1 is : 0.000102490642648289
   Stats: nIt(DAVIDSON) = 1
Energy at sites (10, 11) is -21.2353203546651
   Stats: nIt(DAVIDSON) = 1
Energy at sites (9, 10) is -21.2353203546651
   Stats: nIt(DAVIDSON) = 1
Energy at sites (8, 9) is -21.2353203546651
   Stats: nIt(DAVIDSON) = 1
Energy at sites (7, 8) is -21.2353203546652
   Stats: nIt(DAVIDSON) = 1
Energy at sites (6, 7) is -21.2353203546652
   Stats: nIt(DAVIDSON) = 41
Energy at sites (5, 6) is -21.2410859456517
   Stats: nIt(DAVIDSON) = 30
Energy at sites (4, 5) is -21.2353199083479
   Stats: nIt(DAVIDSON) = 1
Energy at sites (3, 4) is -21.2353199083479
   Stats: nIt(DAVIDSON) = 1
Energy at sites (2, 3) is -21.2353199083478
   Stats: nIt(DAVIDSON) = 1
Energy at sites (1, 2) is -21.2353199083479
******************************************************************
***  Information on left sweep 1 of instruction 0:
***     Elapsed wall time        = 20.732323 seconds
***       |--> S.join            = 0.002032 seconds
***       |--> S.solve           = 20.372926 seconds
***       |--> S.split           = 0.067114 seconds
***       |--> Tensor update     = 0.290085 seconds
***              |--> create     = 0.017202 seconds
***              |--> destroy    = 0.002969 seconds
***              |--> disk write = 0.028001 seconds
***              |--> disk read  = 0.016634 seconds
***              |--> calc       = 0.225247 seconds
***     Disk write bandwidth     = 1874.24151268454 MB/s
***     Disk read  bandwidth     = 3284.40205816095 MB/s
***     Minimum energy           = -21.2410859456517
***     Maximum discarded weight = 0.000202520676573958
******************************************************************
   Stats: nIt(DAVIDSON) = 1
Energy at sites (0, 1) is -21.2353199083479
   Stats: nIt(DAVIDSON) = 1
Energy at sites (1, 2) is -21.2353199083478
   Stats: nIt(DAVIDSON) = 1
Energy at sites (2, 3) is -21.2353199083478
   Stats: nIt(DAVIDSON) = 1
Energy at sites (3, 4) is -21.2353199083475
   Stats: nIt(DAVIDSON) = 1
Energy at sites (4, 5) is -21.2353199083479
   Stats: nIt(DAVIDSON) = 41
Energy at sites (5, 6) is -21.2410146297527
   Stats: nIt(DAVIDSON) = 30
Energy at sites (6, 7) is -21.2353300228109
   Stats: nIt(DAVIDSON) = 1
Energy at sites (7, 8) is -21.2353300228108
   Stats: nIt(DAVIDSON) = 1
Energy at sites (8, 9) is -21.235330022811
   Stats: nIt(DAVIDSON) = 1
Energy at sites (9, 10) is -21.2353300228108
******************************************************************
***  Information on right sweep 1 of instruction 0:
***     Elapsed wall time        = 18.930823 seconds
***       |--> S.join            = 0.001997 seconds
***       |--> S.solve           = 18.594184 seconds
***       |--> S.split           = 0.065955 seconds
***       |--> Tensor update     = 0.268515 seconds
***              |--> create     = 0.01697 seconds
***              |--> destroy    = 0.002729 seconds
***              |--> disk write = 0.027781 seconds
***              |--> disk read  = 0.015914 seconds
***              |--> calc       = 0.205088 seconds
***     Disk write bandwidth     = 1889.01512717494 MB/s
***     Disk read  bandwidth     = 3297.76527564909 MB/s
***     Minimum energy           = -21.2410146297527
***     Maximum discarded weight = 0.000198661886917209
***     Energy difference with respect to previous leftright sweep = 9.66814576486286e-06
******************************************************************
The overlap between the current state and state 0 is : 3.31635941608814e-05
The overlap between the current state and state 1 is : 0.000101769694745757
   Stats: nIt(DAVIDSON) = 1
Energy at sites (10, 11) is -21.2353300228107
   Stats: nIt(DAVIDSON) = 1
Energy at sites (9, 10) is -21.2353300228107
   Stats: nIt(DAVIDSON) = 1
Energy at sites (8, 9) is -21.2353300228108
   Stats: nIt(DAVIDSON) = 1
Energy at sites (7, 8) is -21.235330022811
   Stats: nIt(DAVIDSON) = 1
Energy at sites (6, 7) is -21.2353300228112
   Stats: nIt(DAVIDSON) = 41
Energy at sites (5, 6) is -21.2410145852344
   Stats: nIt(DAVIDSON) = 30
Energy at sites (4, 5) is -21.2353300334279
   Stats: nIt(DAVIDSON) = 1
Energy at sites (3, 4) is -21.2353300334281
   Stats: nIt(DAVIDSON) = 1
Energy at sites (2, 3) is -21.2353300334282
   Stats: nIt(DAVIDSON) = 1
Energy at sites (1, 2) is -21.235330033428
******************************************************************
***  Information on left sweep 2 of instruction 0:
***     Elapsed wall time        = 19.332877 seconds
***       |--> S.join            = 0.001968 seconds
***       |--> S.solve           = 18.975502 seconds
***       |--> S.split           = 0.065859 seconds
***       |--> Tensor update     = 0.289391 seconds
***              |--> create     = 0.016973 seconds
***              |--> destroy    = 0.002735 seconds
***              |--> disk write = 0.027756 seconds
***              |--> disk read  = 0.015619 seconds
***              |--> calc       = 0.226282 seconds
***     Disk write bandwidth     = 1890.71657472427 MB/s
***     Disk read  bandwidth     = 3359.92888456667 MB/s
***     Minimum energy           = -21.2410145852344
***     Maximum discarded weight = 0.000198660264940432
******************************************************************
   Stats: nIt(DAVIDSON) = 1
Energy at sites (0, 1) is -21.2353300334282
   Stats: nIt(DAVIDSON) = 1
Energy at sites (1, 2) is -21.2353300334279
   Stats: nIt(DAVIDSON) = 1
Energy at sites (2, 3) is -21.2353300334281
   Stats: nIt(DAVIDSON) = 1
Energy at sites (3, 4) is -21.2353300334282
   Stats: nIt(DAVIDSON) = 1
Energy at sites (4, 5) is -21.2353300334284
   Stats: nIt(DAVIDSON) = 41
Energy at sites (5, 6) is -21.2410144690699
   Stats: nIt(DAVIDSON) = 30
Energy at sites (6, 7) is -21.2353300369362
   Stats: nIt(DAVIDSON) = 1
Energy at sites (7, 8) is -21.2353300369361
   Stats: nIt(DAVIDSON) = 1
Energy at sites (8, 9) is -21.2353300369361
   Stats: nIt(DAVIDSON) = 1
Energy at sites (9, 10) is -21.2353300369362
******************************************************************
***  Information on right sweep 2 of instruction 0:
***     Elapsed wall time        = 18.925081 seconds
***       |--> S.join            = 0.001964 seconds
***       |--> S.solve           = 18.588227 seconds
***       |--> S.split           = 0.066151 seconds
***       |--> Tensor update     = 0.268566 seconds
***              |--> create     = 0.016931 seconds
***              |--> destroy    = 0.00274 seconds
***              |--> disk write = 0.027948 seconds
***              |--> disk read  = 0.015553 seconds
***              |--> calc       = 0.205366 seconds
***     Disk write bandwidth     = 1877.72753857331 MB/s
***     Disk read  bandwidth     = 3374.18692522644 MB/s
***     Minimum energy           = -21.2410144690699
***     Maximum discarded weight = 0.000198656008549133
***     Energy difference with respect to previous leftright sweep = 1.41254190566542e-08
******************************************************************
The overlap between the current state and state 0 is : 3.31637898419219e-05
The overlap between the current state and state 1 is : 0.000101769882042164
   Stats: nIt(DAVIDSON) = 1
Energy at sites (10, 11) is -21.2353300369363
   Stats: nIt(DAVIDSON) = 1
Energy at sites (9, 10) is -21.2353300369361
   Stats: nIt(DAVIDSON) = 1
Energy at sites (8, 9) is -21.2353300369361
   Stats: nIt(DAVIDSON) = 1
Energy at sites (7, 8) is -21.2353300369361
   Stats: nIt(DAVIDSON) = 1
Energy at sites (6, 7) is -21.2353300369363
   Stats: nIt(DAVIDSON) = 41
Energy at sites (5, 6) is -21.2410144796008
   Stats: nIt(DAVIDSON) = 30
Energy at sites (4, 5) is -21.2353303705153
   Stats: nIt(DAVIDSON) = 1
Energy at sites (3, 4) is -21.2353303705162
   Stats: nIt(DAVIDSON) = 1
Energy at sites (2, 3) is -21.2353303705161
   Stats: nIt(DAVIDSON) = 1
Energy at sites (1, 2) is -21.2353303705161
******************************************************************
***  Information on left sweep 3 of instruction 0:
***     Elapsed wall time        = 19.33363 seconds
***       |--> S.join            = 0.001959 seconds
***       |--> S.solve           = 18.977703 seconds
***       |--> S.split           = 0.064654 seconds
***       |--> Tensor update     = 0.289154 seconds
***              |--> create     = 0.016998 seconds
***              |--> destroy    = 0.002732 seconds
***              |--> disk write = 0.027934 seconds
***              |--> disk read  = 0.015991 seconds
***              |--> calc       = 0.22547 seconds
***     Disk write bandwidth     = 1878.66862060739 MB/s
***     Disk read  bandwidth     = 3281.7665716995 MB/s
***     Minimum energy           = -21.2410144796008
***     Maximum discarded weight = 0.000198656378140705
******************************************************************
   Stats: nIt(DAVIDSON) = 1
Energy at sites (0, 1) is -21.2353303705162
   Stats: nIt(DAVIDSON) = 1
Energy at sites (1, 2) is -21.2353303705161
   Stats: nIt(DAVIDSON) = 1
Energy at sites (2, 3) is -21.2353303705162
   Stats: nIt(DAVIDSON) = 1
Energy at sites (3, 4) is -21.235330370516
   Stats: nIt(DAVIDSON) = 1
Energy at sites (4, 5) is -21.2353303705165
   Stats: nIt(DAVIDSON) = 41
Energy at sites (5, 6) is -21.2410144568577
   Stats: nIt(DAVIDSON) = 30
Energy at sites (6, 7) is -21.2353300356876
   Stats: nIt(DAVIDSON) = 1
Energy at sites (7, 8) is -21.2353300356876
   Stats: nIt(DAVIDSON) = 1
Energy at sites (8, 9) is -21.2353300356877
   Stats: nIt(DAVIDSON) = 1
Energy at sites (9, 10) is -21.2353300356877
******************************************************************
***  Information on right sweep 3 of instruction 0:
***     Elapsed wall time        = 18.928296 seconds
***       |--> S.join            = 0.001935 seconds
***       |--> S.solve           = 18.59106 seconds
***       |--> S.split           = 0.064959 seconds
***       |--> Tensor update     = 0.270172 seconds
***              |--> create     = 0.017067 seconds
***              |--> destroy    = 0.002743 seconds
***              |--> disk write = 0.027956 seconds
***              |--> disk read  = 0.015599 seconds
***              |--> calc       = 0.206777 seconds
***     Disk write bandwidth     = 1877.19020060262 MB/s
***     Disk read  bandwidth     = 3364.23676184671 MB/s
***     Minimum energy           = -21.2410144568577
***     Maximum discarded weight = 0.000198655605162953
***     Energy difference with respect to previous leftright sweep = 1.24850885185879e-09
******************************************************************
The overlap between the current state and state 0 is : 3.31637250879665e-05
The overlap between the current state and state 1 is : 0.000101770942473907
   Stats: nIt(DAVIDSON) = 1
Energy at sites (10, 11) is -21.2353300356877
   Stats: nIt(DAVIDSON) = 1
Energy at sites (9, 10) is -21.2353300356878
   Stats: nIt(DAVIDSON) = 1
Energy at sites (8, 9) is -21.2353300356876
   Stats: nIt(DAVIDSON) = 1
Energy at sites (7, 8) is -21.2353300356877
   Stats: nIt(DAVIDSON) = 1
Energy at sites (6, 7) is -21.2353300356878
   Stats: nIt(DAVIDSON) = 41
Energy at sites (5, 6) is -21.2410144596978
   Stats: nIt(DAVIDSON) = 30
Energy at sites (4, 5) is -21.2353303684547
   Stats: nIt(DAVIDSON) = 1
Energy at sites (3, 4) is -21.2353303684543
   Stats: nIt(DAVIDSON) = 1
Energy at sites (2, 3) is -21.2353303684539
   Stats: nIt(DAVIDSON) = 1
Energy at sites (1, 2) is -21.2353303684542
******************************************************************
***  Information on left sweep 4 of instruction 0:
***     Elapsed wall time        = 19.322758 seconds
***       |--> S.join            = 0.001977 seconds
***       |--> S.solve           = 18.96717 seconds
***       |--> S.split           = 0.064229 seconds
***       |--> Tensor update     = 0.289212 seconds
***              |--> create     = 0.017046 seconds
***              |--> destroy    = 0.002778 seconds
***              |--> disk write = 0.027834 seconds
***              |--> disk read  = 0.015591 seconds
***              |--> calc       = 0.225935 seconds
***     Disk write bandwidth     = 1885.41816656057 MB/s
***     Disk read  bandwidth     = 3365.96300737906 MB/s
***     Minimum energy           = -21.2410144596978
***     Maximum discarded weight = 0.000198655715030221
******************************************************************
   Stats: nIt(DAVIDSON) = 1
Energy at sites (0, 1) is -21.2353303684541
   Stats: nIt(DAVIDSON) = 1
Energy at sites (1, 2) is -21.2353303684542
   Stats: nIt(DAVIDSON) = 1
Energy at sites (2, 3) is -21.2353303684541
   Stats: nIt(DAVIDSON) = 1
Energy at sites (3, 4) is -21.2353303684541
   Stats: nIt(DAVIDSON) = 1
Energy at sites (4, 5) is -21.2353303684537
   Stats: nIt(DAVIDSON) = 41
Energy at sites (5, 6) is -21.2410144565666
   Stats: nIt(DAVIDSON) = 30
Energy at sites (6, 7) is -21.2353300356224
   Stats: nIt(DAVIDSON) = 1
Energy at sites (7, 8) is -21.2353300356223
   Stats: nIt(DAVIDSON) = 1
Energy at sites (8, 9) is -21.2353300356221
   Stats: nIt(DAVIDSON) = 1
Energy at sites (9, 10) is -21.2353300356222
******************************************************************
***  Information on right sweep 4 of instruction 0:
***     Elapsed wall time        = 18.925435 seconds
***       |--> S.join            = 0.002001 seconds
***       |--> S.solve           = 18.58867 seconds
***       |--> S.split           = 0.066276 seconds
***       |--> Tensor update     = 0.268326 seconds
***              |--> create     = 0.016957 seconds
***              |--> destroy    = 0.002722 seconds
***              |--> disk write = 0.027826 seconds
***              |--> disk read  = 0.015541 seconds
***              |--> calc       = 0.205241 seconds
***     Disk write bandwidth     = 1885.96022597739 MB/s
***     Disk read  bandwidth     = 3376.79230731915 MB/s
***     Minimum energy           = -21.2410144565666
***     Maximum discarded weight = 0.000198655603134961
***     Energy difference with respect to previous leftright sweep = 6.54836185276508e-11
******************************************************************
The overlap between the current state and state 0 is : 3.31637021404353e-05
The overlap between the current state and state 1 is : 0.000101770992312677
   Stats: nIt(DAVIDSON) = 1
Energy at sites (10, 11) is -21.2353300356221
   Stats: nIt(DAVIDSON) = 1
Energy at sites (9, 10) is -21.2353300356221
   Stats: nIt(DAVIDSON) = 1
Energy at sites (8, 9) is -21.2353300356222
   Stats: nIt(DAVIDSON) = 1
Energy at sites (7, 8) is -21.2353300356223
   Stats: nIt(DAVIDSON) = 1
Energy at sites (6, 7) is -21.235330035622
   Stats: nIt(DAVIDSON) = 41
Energy at sites (5, 6) is -21.2410144571536
   Stats: nIt(DAVIDSON) = 30
Energy at sites (4, 5) is -21.2353303683442
   Stats: nIt(DAVIDSON) = 1
Energy at sites (3, 4) is -21.2353303683446
   Stats: nIt(DAVIDSON) = 1
Energy at sites (2, 3) is -21.2353303683446
   Stats: nIt(DAVIDSON) = 1
Energy at sites (1, 2) is -21.2353303683444
******************************************************************
***  Information on left sweep 5 of instruction 0:
***     Elapsed wall time        = 19.333413 seconds
***       |--> S.join            = 0.001968 seconds
***       |--> S.solve           = 18.976764 seconds
***       |--> S.split           = 0.065474 seconds
***       |--> Tensor update     = 0.289039 seconds
***              |--> create     = 0.016956 seconds
***              |--> destroy    = 0.002723 seconds
***              |--> disk write = 0.027904 seconds
***              |--> disk read  = 0.015573 seconds
***              |--> calc       = 0.225848 seconds
***     Disk write bandwidth     = 1880.68840481819 MB/s
***     Disk read  bandwidth     = 3369.853544471 MB/s
***     Minimum energy           = -21.2410144571536
***     Maximum discarded weight = 0.000198655627485952
******************************************************************
   Stats: nIt(DAVIDSON) = 1
Energy at sites (0, 1) is -21.2353303683445
   Stats: nIt(DAVIDSON) = 1
Energy at sites (1, 2) is -21.2353303683445
   Stats: nIt(DAVIDSON) = 1
Energy at sites (2, 3) is -21.2353303683445
   Stats: nIt(DAVIDSON) = 1
Energy at sites (3, 4) is -21.2353303683448
   Stats: nIt(DAVIDSON) = 1
Energy at sites (4, 5) is -21.2353303683447
   Stats: nIt(DAVIDSON) = 41
Energy at sites (5, 6) is -21.241014456722
   Stats: nIt(DAVIDSON) = 30
Energy at sites (6, 7) is -21.2353300356257
   Stats: nIt(DAVIDSON) = 1
Energy at sites (7, 8) is -21.2353300356257
   Stats: nIt(DAVIDSON) = 1
Energy at sites (8, 9) is -21.2353300356256
   Stats: nIt(DAVIDSON) = 1
Energy at sites (9, 10) is -21.2353300356257
******************************************************************
***  Information on right sweep 5 of instruction 0:
***     Elapsed wall time        = 18.972081 seconds
***       |--> S.join            = 0.001964 seconds
***       |--> S.solve           = 18.635776 seconds
***       |--> S.split           = 0.067709 seconds
***       |--> Tensor update     = 0.266454 seconds
***              |--> create     = 0.016987 seconds
***              |--> destroy    = 0.002843 seconds
***              |--> disk write = 0.02845 seconds
***              |--> disk read  = 0.01573 seconds
***              |--> calc       = 0.202409 seconds
***     Disk write bandwidth     = 1844.59505265543 MB/s
***     Disk read  bandwidth     = 3336.21927832465 MB/s
***     Minimum energy           = -21.241014456722
***     Maximum discarded weight = 0.000198655609946119
***     Energy difference with respect to previous leftright sweep = 3.5242919693701e-12
******************************************************************
The overlap between the current state and state 0 is : 3.31636990903758e-05
The overlap between the current state and state 1 is : 0.000101770995460917
   Stats: nIt(DAVIDSON) = 1
Energy at sites (10, 11) is -21.2353300356257
   Stats: nIt(DAVIDSON) = 1
Energy at sites (9, 10) is -21.2353300356257
   Stats: nIt(DAVIDSON) = 1
Energy at sites (8, 9) is -21.2353300356256
   Stats: nIt(DAVIDSON) = 1
Energy at sites (7, 8) is -21.2353300356256
   Stats: nIt(DAVIDSON) = 1
Energy at sites (6, 7) is -21.2353300356259
   Stats: nIt(DAVIDSON) = 41
Energy at sites (5, 6) is -21.24101445684
   Stats: nIt(DAVIDSON) = 30
Energy at sites (4, 5) is -21.2353303683356
   Stats: nIt(DAVIDSON) = 1
Energy at sites (3, 4) is -21.235330368335
   Stats: nIt(DAVIDSON) = 1
Energy at sites (2, 3) is -21.2353303683349
   Stats: nIt(DAVIDSON) = 1
Energy at sites (1, 2) is -21.235330368335
******************************************************************
***  Information on left sweep 6 of instruction 0:
***     Elapsed wall time        = 19.348078 seconds
***       |--> S.join            = 0.001935 seconds
***       |--> S.solve           = 18.991833 seconds
***       |--> S.split           = 0.064889 seconds
***       |--> Tensor update     = 0.289252 seconds
***              |--> create     = 0.016958 seconds
***              |--> destroy    = 0.002865 seconds
***              |--> disk write = 0.028248 seconds
***              |--> disk read  = 0.01597 seconds
***              |--> calc       = 0.225176 seconds
***     Disk write bandwidth     = 1857.78565732253 MB/s
***     Disk read  bandwidth     = 3286.08198171865 MB/s
***     Minimum energy           = -21.24101445684
***     Maximum discarded weight = 0.00019865561653341
******************************************************************
   Stats: nIt(DAVIDSON) = 1
Energy at sites (0, 1) is -21.2353303683349
   Stats: nIt(DAVIDSON) = 1
Energy at sites (1, 2) is -21.2353303683351
   Stats: nIt(DAVIDSON) = 1
Energy at sites (2, 3) is -21.2353303683349
   Stats: nIt(DAVIDSON) = 1
Energy at sites (3, 4) is -21.2353303683351
   Stats: nIt(DAVIDSON) = 1
Energy at sites (4, 5) is -21.2353303683348
   Stats: nIt(DAVIDSON) = 41
Energy at sites (5, 6) is -21.2410144567725
   Stats: nIt(DAVIDSON) = 30
Energy at sites (6, 7) is -21.2353300356267
   Stats: nIt(DAVIDSON) = 1
Energy at sites (7, 8) is -21.2353300356271
   Stats: nIt(DAVIDSON) = 1
Energy at sites (8, 9) is -21.235330035627
   Stats: nIt(DAVIDSON) = 1
Energy at sites (9, 10) is -21.235330035627
******************************************************************
***  Information on right sweep 6 of instruction 0:
***     Elapsed wall time        = 18.929879 seconds
***       |--> S.join            = 0.001953 seconds
***       |--> S.solve           = 18.591567 seconds
***       |--> S.split           = 0.065688 seconds
***       |--> Tensor update     = 0.270504 seconds
***              |--> create     = 0.016973 seconds
***              |--> destroy    = 0.002745 seconds
***              |--> disk write = 0.028105 seconds
***              |--> disk read  = 0.015689 seconds
***              |--> calc       = 0.206957 seconds
***     Disk write bandwidth     = 1867.23818708582 MB/s
***     Disk read  bandwidth     = 3344.93780661909 MB/s
***     Minimum energy           = -21.2410144567725
***     Maximum discarded weight = 0.000198655611892349
***     Energy difference with respect to previous leftright sweep = 1.25055521493778e-12
******************************************************************
The overlap between the current state and state 0 is : 3.31636986765905e-05
The overlap between the current state and state 1 is : 0.000101770995562118
   Stats: nIt(DAVIDSON) = 1
Energy at sites (10, 11) is -21.235330035627
   Stats: nIt(DAVIDSON) = 1
Energy at sites (9, 10) is -21.235330035627
   Stats: nIt(DAVIDSON) = 1
Energy at sites (8, 9) is -21.235330035627
   Stats: nIt(DAVIDSON) = 1
Energy at sites (7, 8) is -21.235330035627
   Stats: nIt(DAVIDSON) = 1
Energy at sites (6, 7) is -21.2353300356269
   Stats: nIt(DAVIDSON) = 41
Energy at sites (5, 6) is -21.2410144567953
   Stats: nIt(DAVIDSON) = 30
Energy at sites (4, 5) is -21.235330368334
   Stats: nIt(DAVIDSON) = 1
Energy at sites (3, 4) is -21.2353303683337
   Stats: nIt(DAVIDSON) = 1
Energy at sites (2, 3) is -21.2353303683337
   Stats: nIt(DAVIDSON) = 1
Energy at sites (1, 2) is -21.2353303683338
******************************************************************
***  Information on left sweep 7 of instruction 0:
***     Elapsed wall time        = 19.33944 seconds
***       |--> S.join            = 0.003199 seconds
***       |--> S.solve           = 18.978909 seconds
***       |--> S.split           = 0.065608 seconds
***       |--> Tensor update     = 0.291562 seconds
***              |--> create     = 0.017005 seconds
***              |--> destroy    = 0.00277 seconds
***              |--> disk write = 0.027858 seconds
***              |--> disk read  = 0.01578 seconds
***              |--> calc       = 0.228117 seconds
***     Disk write bandwidth     = 1883.79385627277 MB/s
***     Disk read  bandwidth     = 3325.6482413211 MB/s
***     Minimum energy           = -21.2410144567953
***     Maximum discarded weight = 0.000198655614934257
******************************************************************
   Stats: nIt(DAVIDSON) = 1
Energy at sites (0, 1) is -21.2353303683337
   Stats: nIt(DAVIDSON) = 1
Energy at sites (1, 2) is -21.2353303683338
   Stats: nIt(DAVIDSON) = 1
Energy at sites (2, 3) is -21.2353303683337
   Stats: nIt(DAVIDSON) = 1
Energy at sites (3, 4) is -21.2353303683337
   Stats: nIt(DAVIDSON) = 1
Energy at sites (4, 5) is -21.2353303683337
   Stats: nIt(DAVIDSON) = 41
Energy at sites (5, 6) is -21.2410144567837
   Stats: nIt(DAVIDSON) = 30
Energy at sites (6, 7) is -21.2353300356281
   Stats: nIt(DAVIDSON) = 1
Energy at sites (7, 8) is -21.2353300356275
   Stats: nIt(DAVIDSON) = 1
Energy at sites (8, 9) is -21.2353300356274
   Stats: nIt(DAVIDSON) = 1
Energy at sites (9, 10) is -21.2353300356273
******************************************************************
***  Information on right sweep 7 of instruction 0:
***     Elapsed wall time        = 18.933513 seconds
***       |--> S.join            = 0.00197 seconds
***       |--> S.solve           = 18.594371 seconds
***       |--> S.split           = 0.065742 seconds
***       |--> Tensor update     = 0.271254 seconds
***              |--> create     = 0.016998 seconds
***              |--> destroy    = 0.002748 seconds
***              |--> disk write = 0.027914 seconds
***              |--> disk read  = 0.015671 seconds
***              |--> calc       = 0.207894 seconds
***     Disk write bandwidth     = 1880.01466103199 MB/s
***     Disk read  bandwidth     = 3348.77986395552 MB/s
***     Minimum energy           = -21.2410144567837
***     Maximum discarded weight = 0.000198655612315908
***     Energy difference with respect to previous leftright sweep = 3.41060513164848e-13
******************************************************************
The overlap between the current state and state 0 is : 3.31636986172174e-05
The overlap between the current state and state 1 is : 0.000101770995532421
***  Information on completed instruction 0:
***     The reduced virtual dimension DSU(2)               = 500
***     Minimum energy encountered during all instructions = -21.2411768903302
***     Minimum energy encountered during the last sweep   = -21.2410144567837
***     Maximum discarded weight during the last sweep     = 0.000198655612315908
******************************************************************
   Stats: nIt(DAVIDSON) = 1
********************************************
***  2-RDM and Correlations calculation  ***
********************************************
   N(N-1)                     = 132
   Double trace of DMRG 2-RDM = 132
   Energy obtained by Heff at edge   = -21.2353300356275
   Econst + 0.5 * trace(2DM-A * Ham) = -21.2353302647736
   NOON of irrep Ag = [ 1.94173871910501 , 1.7406636364928 , 1.57747563277735 , 0.770538583822563 , 0.22807952543064 , 0.0640808325675966 ].
   NOON of irrep Au = [ 1.93590904283222 , 1.77189190119058 , 1.22948349133912 , 0.422627987614778 , 0.259255358392012 , 0.0582552884353406 ].
   Single-orbital entropies (Hamiltonian index order is used!) = [ 0.293556240493635 , 0.3284676286227 , 0.783902789638088 , 0.711431026568775 , 1.04179853271198 , 1.34265304610464 , 1.34265403815991 , 1.04192952720026 , 0.711394970846323 , 0.783777162354143 , 0.328380697885305 , 0.293513753958213 ].
   Idistance(0) = 2.52273926517046
   Idistance(1) = 7.87564807005056
   Idistance(2) = 32.8824522595283
***************************************************
***  Timing information 2-RDM and Correlations  ***
***************************************************
***     Elapsed wall time        = 0.956549 seconds
***       |--> MPS gauge change  = 0.006023 seconds
***       |--> Diagram calc      = 0.270209 seconds
***       |--> Tensor update     = 0.679123 seconds
***              |--> create     = 0.035952 seconds
***              |--> destroy    = 0.00546600000000001 seconds
***              |--> disk write = 0.057934 seconds
***              |--> disk read  = 0.037481 seconds
***              |--> calc       = 0.542163 seconds
***     Disk write bandwidth     = 1812.49466492852 MB/s
***     Disk read  bandwidth     = 2801.55454544886 MB/s
***************************************************
