 ************************************************************************
 * RTSIM - DAVIDSON METHOD SPARSE MATRIX EIGENVALUE/EIGENVECTOR PROGRAM *
 * QUANTUM CHEMISTRY GROUP - INDIANA UNIVERSITY -  8Apr 2016  20:55:18  *
 ************************************************************************



                 DIAGONALIZATION RUN TITLE
                 -------------------------
 )* WATER TEST *



 ) DAVIDSON
 ) LAST=3
 ) COEFF
 ) NOVLP
 ) MAXITR=1000 END

 THE CI MATRIX IS TITLED:  H2O  -SINGLET A1-  STO-3G HF SD-CI TEST
 THE MATRIX IS DATED:      8Apr 2016  20:54:47 
 THE SPIN MULTIPLICITY IS 1 AND THE DIMENSION IS  22212.

 ROOTS  1 THROUGH  3 WILL BE OBTAINED.

  
  
  
 AMOUNT OF CORE AVAILABLE                      80000000
 MAXIMUM NUMBER OF VECTORS PER ITERATION              3
 MAXIMUM NUMBER OF VECTORS ON DISK                   19
 NUMBER OF SOLUTIONS SOUGHT                           3
 NUMBER OF SOLUTIONS INVESTIGATED                     3
 SIZE OF MATRIX DIAGONALISED                      22212
  
  
 INITIAL GUESS AT ROOTS (OBTAINED FROM DIAGONAL ELEMENTS OF HAMILTONIAN MATRIX)

                1        -258.94881
                2        -256.08242
               56        -256.08242


 ITERATION       ROOT           EIGENVALUE          NORM OF RESIDUAL
     1             1          -259.00310250              4.28226
     1             2          -256.08932299              5.02684
     1             3          -256.02122744              4.59564
     2             1          -260.29221771              4.76624
     2             2          -258.44058591              8.24140
     2             3          -256.74133157             13.85597
     2             1          -260.29221771              2.40972
     2             2          -258.44058591              3.82742
     2             3          -256.74133157              4.27830
     3             1          -260.61031370              3.08200
     3             2          -259.71904894              8.08780
     3             3          -258.04007884              7.29130
     3             1          -260.61031370              1.36545
     3             2          -259.71904894              3.32329
     3             3          -258.04007884              2.56894
     4             1          -260.68932814              1.96099
     4             2          -260.39699791              7.68301
     4             3          -258.41931855              4.80542
     4             1          -260.68932814              0.72504
     4             2          -260.39699791              2.49503
     4             3          -258.41931855              1.35380
     5             1          -260.71064113              1.18398
     5             2          -260.68463120              5.29145
     5             3          -258.49747892              2.26460
     5             1          -260.71064113              0.37529
     5             2          -260.68463120              1.51236
     5             3          -258.49747892              0.71157
     6             1          -260.77382393           **********
     6             2          -260.71569083           **********
     6             3          -258.51948095              1.47461
  truncating with vlp=false 
 TRUNCATION TO 1 VECTOR PER ROOT HAS BEEN PERFORMED
     6             1          -260.77382393              0.81209
     6             2          -260.71569083              0.19040
     6             3          -258.51948095              0.37536
     7             1          -260.79215433              0.76891
     7             2          -260.71671933              0.18733
     7             3          -258.52439881              0.46829
     7             1          -260.79215433              0.47980
     7             2          -260.71671933              0.10627
     7             3          -258.52439881              0.22616
     8             1          -260.80387679              1.49689
     8             2          -260.71722477              0.29520
     8             3          -258.52777392              0.98002
     8             1          -260.80387679              0.36899
     8             2          -260.71722477              0.06753
     8             3          -258.52777392              0.17806
     9             1          -260.81095244              1.55233
     9             2          -260.71740021              0.19913
     9             3          -258.52964062              0.93487
     9             1          -260.81095244              0.30395
     9             2          -260.71740021              0.03950
     9             3          -258.52964062              0.11214
    10             1          -260.81542831              1.47415
    10             2          -260.71745444              0.11184
    10             3          -258.53005279              0.37248
    10             1          -260.81542831              0.23372
    10             2          -260.71745444              0.02153
    10             3          -258.53005279              0.06788
    11             1          -260.81770416              1.10728
    11             2          -260.71747050              0.06274
    11             3          -258.53011172              0.15168
  truncating with vlp=false 
 TRUNCATION TO 1 VECTOR PER ROOT HAS BEEN PERFORMED
    11             1          -260.81770416              0.16292
    11             2          -260.71747050              0.01199
    11             3          -258.53011172              0.07824
    12             1          -260.81835086              0.14873
    12             2          -260.71747392              0.01096
    12             3          -258.53015963              0.06430
    12             1          -260.81835086              0.10005
    12             2          -260.71747392              0.00751
    12             3          -258.53015963              0.05737
    13             1          -260.81884708              0.46038
    13             2          -260.71747695              0.04102
    13             3          -258.53025035              0.20859
    13             1          -260.81884708              0.07674
    13             2          -260.71747695              0.00601
    13             3          -258.53025035              0.05789
    14             1          -260.81912217              0.50722
    14             2          -260.71747812              0.03068
    14             3          -258.53043668              0.44319
    14             1          -260.81912217              0.05268
    14             2          -260.71747812              0.00353
    14             3          -258.53043668              0.04922
    15             1          -260.81924223              0.34616
    15             2          -260.71747853              0.01735
    15             3          -258.53057976              0.59243
    15             1          -260.81924223              0.03585
    15             2          -260.71747853              0.00187
    15             3          -258.53057976              0.04449
    16             1          -260.81931745              0.31236
    16             2          -260.71747864              0.00824
    16             3          -258.53067388              0.59774
  truncating with vlp=false 
 TRUNCATION TO 1 VECTOR PER ROOT HAS BEEN PERFORMED
    16             1          -260.81931745              0.03484
    16             2          -260.71747864              0.00109
    16             3          -258.53067388              0.03748
    17             1          -260.81935094              0.03220
    17             2          -260.71747867              0.00110
    17             3          -258.53072487              0.05199
    17             1          -260.81935094              0.02010
    17             2          -260.71747867              0.00069
    17             3          -258.53072487              0.02857
    18             1          -260.81937286              0.07856
    18             2          -260.71747869              0.00211
    18             3          -258.53076388              0.13155
    18             1          -260.81937286              0.01711
    18             2          -260.71747869              0.00044
    18             3          -258.53076388              0.02181
    19             1          -260.81938743              0.10318
    19             2          -260.71747870              0.00155
    19             3          -258.53078732              0.16514
    19             1          -260.81938743              0.01325
    19             2          -260.71747870              0.00026
    19             3          -258.53078732              0.01715
    20             1          -260.81939440              0.08138
    20             2          -260.71747870              0.00116
    20             3          -258.53079954              0.15100
    20             1          -260.81939440              0.00869
    20             2          -260.71747870              0.00014
    20             3          -258.53079954              0.01621
    21             1          -260.81939773              0.06285
    21             2          -260.71747870              0.00064
    21             3          -258.53080543              0.10504
  truncating with vlp=false 
 TRUNCATION TO 1 VECTOR PER ROOT HAS BEEN PERFORMED
    21             1          -260.81939773              0.00830
    21             2          -260.71747870              0.00010
    21             3          -258.53080543              0.01865
     ROOT    ITERATION     NUMBER OF PRODUCTS       EIGENVALUE
       2        21                60                -260.7174787022


    22             1          -260.81939941              0.00762
    22             3          -258.53080646              0.01203
    22             1          -260.81939941              0.00508
    22             3          -258.53080646              0.01612
    23             1          -260.81940074              0.02273
    23             3          -258.53081242              0.04352
    23             1          -260.81940074              0.00414
    23             3          -258.53081242              0.01461
    24             1          -260.81940150              0.02532
    24             3          -258.53082353              0.08398
    24             1          -260.81940150              0.00281
    24             3          -258.53082353              0.01291
    25             1          -260.81940183              0.01644
    25             3          -258.53083457              0.15658
    25             1          -260.81940183              0.00177
    25             3          -258.53083457              0.01469
    26             1          -260.81940201              0.01410
    26             3          -258.53085132              0.30841
    26             1          -260.81940201              0.00186
    26             3          -258.53085132              0.01613
    27             1          -260.81940222              0.02038
    27             3          -259.01421433           **********
    27             1          -260.81940222              0.00103
    27             3          -259.01421433              2.11122
    28             1          -260.81940225              0.00437
    28             3          -259.18611127             10.11020
    28             1          -260.81940225              0.00047
    28             3          -259.18611127              0.96485
    29             1          -260.81940226              0.00206
    29             3          -259.23806602              6.02646
  truncating with vlp=false 
 TRUNCATION TO 1 VECTOR PER ROOT HAS BEEN PERFORMED
    29             1          -260.81940226              0.00024
    29             3          -259.23806602              0.59978
    30             1          -260.81940226              0.00029
    30             3          -259.25352189              0.98605
    30             1          -260.81940226              0.00015
    30             3          -259.25352189              0.42650
    31             1          -260.81940226              0.00071
    31             3          -259.27163191              3.78427
    31             1          -260.81940226              0.00011
    31             3          -259.27163191              0.50533
    32             1          -260.81940226              0.00047
    32             3          -259.29436530              7.12510
    32             1          -260.81940226              0.00006
    32             3          -259.29436530              0.66722
     ROOT    ITERATION     NUMBER OF PRODUCTS       EIGENVALUE
       1        32                82                -260.8194022650


    33             3          -259.33850568             16.10612
    33             3          -259.33850568              0.91657
    34             3          -259.40444193             20.75230
    34             3          -259.40444193              1.30486
    35             3          -259.48264082             19.50848
    35             3          -259.48264082              1.06635
    36             3          -259.54187037             12.96056
    36             3          -259.54187037              0.86053
    37             3          -259.57077576              6.62683
    37             3          -259.57077576              0.62322
    38             3          -259.58936752              5.24239
    38             3          -259.58936752              0.45915
    39             3          -259.59787195              3.15081
    39             3          -259.59787195              0.30574
    40             3          -259.60123825              1.73140
    40             3          -259.60123825              0.21426
    41             3          -259.60280612              1.14738
    41             3          -259.60280612              0.12810
    42             3          -259.60351639              0.80289
  truncating with vlp=false 
 TRUNCATION TO 1 VECTOR PER ROOT HAS BEEN PERFORMED
    42             3          -259.60351639              0.10333
    43             3          -259.60378966              0.09548
    43             3          -259.60378966              0.06419
    44             3          -259.60401503              0.30964
    44             3          -259.60401503              0.06099
    45             3          -259.60417281              0.35112
    45             3          -259.60417281              0.04662
    46             3          -259.60426714              0.29554
    46             3          -259.60426714              0.03446
    47             3          -259.60431433              0.19897
    47             3          -259.60431433              0.02273
    48             3          -259.60433451              0.12947
    48             3          -259.60433451              0.01555
    49             3          -259.60434617              0.10752
    49             3          -259.60434617              0.01172
    50             3          -259.60435224              0.07423
    50             3          -259.60435224              0.00932
    51             3          -259.60435636              0.06155
    51             3          -259.60435636              0.00663
    52             3          -259.60435819              0.03845
    52             3          -259.60435819              0.00531
    53             3          -259.60435922              0.02926
    53             3          -259.60435922              0.00354
    54             3          -259.60435964              0.01676
    54             3          -259.60435964              0.00211
    55             3          -259.60435978              0.00862
    55             3          -259.60435978              0.00113
    56             3          -259.60435982              0.00398
    56             3          -259.60435982              0.00067
    57             3          -259.60435984              0.00386
    57             3          -259.60435984              0.00058
    58             3          -259.60435985              0.00305
  truncating with vlp=false 
 TRUNCATION TO 1 VECTOR PER ROOT HAS BEEN PERFORMED
    58             3          -259.60435985              0.00034
    59             3          -259.60435985              0.00032
    59             3          -259.60435985              0.00022
    60             3          -259.60435986              0.00075
    60             3          -259.60435986              0.00015
    61             3          -259.60435986              0.00086
    61             3          -259.60435986              0.00013
    62             3          -259.60435986              0.00086
    62             3          -259.60435986              0.00010
    63             3          -259.60435986              0.00075
    63             3          -259.60435986              0.00008
     ROOT    ITERATION     NUMBER OF PRODUCTS       EIGENVALUE
       3        63               113                -259.6043598590


  all roots converged 
  

 ************************************
 COMPLETED CI VECTOR OPTIMISATION
 ************************************





 ********************************
 RESULTS FOR ROOT   01
 TOTAL CI ENERGY =   -260.8194023
 ********************************

       CONF.                                                                           COEFF.
        NO.        SPACE ORBITAL PRODUCTS                                             CONTRIB.      CI COEFFICIENTS

       -----       ----------------------                                             --------   ---------------------
   1.     4   D 1 - 2 S 3 D 4 ; D 1 - 2 S 3  END                                        0.3946   -0.39458
   2.    27   D 1 - 3 S 4 ; D 1 - 2 S 4  END                                            0.3946    0.39458
   3.    45   D 1 - 3 S 5 ; D 1 - 2 S 3  END                                            0.3500   -0.35003
   4.     2   D 1 - 3 S 4 ; D 1 S 2 D 3  END                                            0.3500    0.35003
   5.    30   D 1 - 3 S 4 ; D 1 S 2 - 4  END                                            0.1756   -0.01857 -0.17461
   6.    69   D 1 - 2 S 3 - 5 ; D 1 - 2 S 3  END                                        0.1756   -0.01857 -0.17461
   7.   306   D 1 - 3 S 5 ; D 1 - 2 S 4  END                                            0.1380   -0.13800
   8.     5   D 1 - 2 S 3 D 4 ; D 1 S 2 D 3  END                                        0.1380    0.13800
   9.    71   D 1 - 2 S 3 - 5 ; D 1 S 2 D 3  END                                        0.1187    0.07831  0.08914
  10.   312   D 1 - 3 S 5 ; D 1 S 2 - 4  END                                            0.1187    0.07831  0.08914
  11.    76   D 1 - 2 S 3 ; D 1 - 3 S 5  END                                            0.1041    0.10414
  12.   111   D 1 S 2 D 3 ; D 1 - 3 S 4  END                                            0.1041    0.10414
  13.   444   D 1 - 2 S 3 ; D 1 - 2 S 3 D 4  END                                        0.0979   -0.09794
  14.    84   D 1 - 2 S 4 ; D 1 - 3 S 4  END                                            0.0979    0.09794
  15.    33   D 1 - 3 S 4 ; D 1 D 3 S 4  END                                            0.0947   -0.09468
  16.   441   D 1 - 2 S 3 D 5 ; D 1 - 2 S 3  END                                        0.0947    0.09468
  17.   105   D 1 S 2 D 3 S 4 - 5 ; D 1 - 2 S 3  END                                    0.0776    0.03461 -0.06946
  18.    31   D 1 - 3 S 4 ; D 1 S 2 - 3 S 5  END                                        0.0776   -0.03461  0.06946
  19.    37   D 1 - 3 S 4 ; S 1 D 2 S 3 S 5  END                                        0.0676    0.02987 -0.06069
  20.   106   D 1 S 2 D 3 S 4 S 6 ; D 1 - 2 S 3  END                                    0.0676    0.02987 -0.06069
  21.    52   D 1 - 2 S 3 D 4 ; D 1 - 2 S 5  END                                        0.0607   -0.06075
  22.    87   D 1 S 2 D 3 - 4 ; D 1 - 2 S 4  END                                        0.0607   -0.06075
  23.   309   D 1 - 3 S 6 ; D 1 - 2 S 4  END                                            0.0585    0.05852
  24.     6   D 1 - 2 S 3 D 4 ; S 1 D 2 - 3  END                                        0.0585    0.05852
  25.     3   D 1 - 3 S 4 ; S 1 D 2 - 3  END                                            0.0572    0.05720
  26.    46   D 1 - 3 S 6 ; D 1 - 2 S 3  END                                            0.0572    0.05720
  27.   121   D 1 S 2 - 4 ; D 1 - 3 S 5  END                                            0.0568   -0.04121 -0.03910
  28.   640   D 1 S 2 D 3 ; D 1 - 2 S 3 - 5  END                                        0.0568   -0.04121 -0.03910
  29.    48   D 1 - 3 S 6 ; D 1 S 2 D 3  END                                            0.0523   -0.05228
  30.    49   D 1 - 3 S 5 ; S 1 D 2 - 3  END                                            0.0523   -0.05228
  31.    28   D 1 - 3 S 4 ; D 1 - 2 S 5  END                                            0.0507   -0.05065
  32.     7   D 1 S 2 D 3 - 4 ; D 1 - 2 S 3  END                                        0.0507   -0.05065
  33.    32   D 1 - 3 S 4 ; D 1 S 2 - 3 S 6  END                                        0.0487   -0.03561  0.03325
  34.   156   S 1 D 2 - 3 S 4 - 5 ; D 1 - 2 S 3  END                                    0.0487   -0.03561  0.03325
  35.   173   S 1 D 2 S 3 - 4 ; D 1 - 3 S 6  END                                        0.0430    0.02974  0.03111
  36.   977   S 1 D 2 - 3 ; D 1 - 2 S 3 - 4 S 6  END                                    0.0430    0.02974  0.03111
  37.    70   D 1 - 2 S 3 - 4 S 6 ; D 1 - 2 S 3  END                                    0.0427    0.03894 -0.01763
  38.    36   D 1 - 3 S 4 ; S 1 D 2 S 3 - 4  END                                        0.0427   -0.03894  0.01763
  39.   446   D 1 - 2 S 3 ; D 1 - 2 S 3 - 4 S 6  END                                    0.0403   -0.01267 -0.03827
  40.   171   S 1 D 2 S 3 - 4 ; D 1 - 3 S 4  END                                        0.0403   -0.01267 -0.03827
  41.   308   D 1 - 3 S 5 ; D 1 - 2 S 6  END                                            0.0403   -0.04029
  42.    11   S 1 D 2 - 4 ; D 1 S 2 D 3  END                                            0.0403    0.04029
  43.   114   D 1 S 2 - 3 D 4 S 5 ; D 1 - 2 S 3  END                                    0.0401    0.03743  0.01438
  44.   247   D 1 - 3 S 4 ; D 1 S 2 S 4 - 5  END                                        0.0401   -0.03743 -0.01438
  45.   313   D 1 - 3 S 5 ; D 1 S 2 - 3 S 5  END                                        0.0398    0.03984  0.00041
  46.   107   D 1 S 2 D 3 S 4 - 5 ; D 1 S 2 D 3  END                                    0.0398   -0.03984 -0.00041
  47.    57   D 1 - 2 S 3 D 4 ; D 1 D 3 S 4  END                                        0.0390   -0.03905
  48.  1815   D 1 - 2 S 3 D 5 ; D 1 - 2 S 4  END                                        0.0390    0.03905
  49.   325   D 1 - 3 S 5 ; S 1 D 2 S 3 S 5  END                                        0.0389   -0.01827  0.03432
  50.   108   D 1 S 2 D 3 S 4 S 6 ; D 1 S 2 D 3  END                                    0.0389   -0.01827  0.03432
  51.   637   D 1 S 2 D 3 S 5 - 6 ; D 1 - 2 S 3  END                                    0.0381   -0.03089  0.02225
  52.    40   D 1 - 3 S 4 ; S 1 - 2 D 3 S 5  END                                        0.0381   -0.03089  0.02225
  53.   726   D 1 S 2 - 3 S 5 ; D 1 - 3 S 4  END                                        0.0380   -0.03803  0.00114
  54.   454   D 1 - 2 S 3 ; D 1 S 2 D 3 S 4 - 5  END                                    0.0380    0.03803 -0.00114
  55.   453   D 1 - 2 S 3 ; D 1 S 2 D 3 - 4  END                                        0.0375   -0.03746
  56.   531   D 1 - 2 S 5 ; D 1 - 3 S 4  END                                            0.0375    0.03746
  57.  1981   D 1 - 2 S 4 D 5 ; D 1 - 2 S 4  END                                        0.0368   -0.03681
  58.   354   D 1 - 2 S 3 D 4 ; D 1 S 3 D 4  END                                        0.0368    0.03681
  59.   414   D 1 - 2 S 3 - 4 S 6 ; D 1 S 2 - 4  END                                    0.0367    0.01815 -0.01550  0.00931 -0.01138
                                                                                                  0.02368
  60.   423   D 1 - 2 S 3 - 5 ; S 1 D 2 S 3 - 4  END                                    0.0367    0.01815 -0.01550 -0.01138  0.00931
                                                                                                  0.02368
  61.   450   D 1 - 2 S 3 D 5 ; D 1 S 2 D 3  END                                        0.0357   -0.03574
  62.   318   D 1 - 3 S 5 ; D 1 D 3 S 4  END                                            0.0357    0.03574
  63.   330   D 1 - 3 S 5 ; S 1 - 2 D 3 S 4  END                                        0.0354    0.02686 -0.02312
  64.   451   D 1 - 2 S 3 S 5 - 6 ; D 1 S 2 D 3  END                                    0.0354   -0.02686  0.02312
  65.   443   D 1 - 2 S 3 D 6 ; D 1 - 2 S 3  END                                        0.0342    0.03419
  66.    42   D 1 - 3 S 4 ; D 2 - 3 S 4  END                                            0.0342   -0.03419
  67.   122   D 1 S 2 - 4 ; D 1 - 3 S 6  END                                            0.0328    0.01649  0.02831
  68.   976   S 1 D 2 - 3 ; D 1 - 2 S 3 - 5  END                                        0.0328   -0.01649 -0.02831
  69.  1541   D 1 - 3 S 5 ; D 1 S 2 D 4  END                                            0.0319   -0.03188
  70.    80   D 1 - 2 D 4 S 5 ; D 1 S 2 D 3  END                                        0.0319    0.03188
  71.   641   D 1 S 2 D 3 ; D 1 - 2 S 3 - 4 S 6  END                                    0.0316    0.01284  0.02890
  72.   172   S 1 D 2 S 3 - 4 ; D 1 - 3 S 5  END                                        0.0316   -0.01284 -0.02890
  73.   311   D 1 - 3 S 6 ; D 1 - 2 S 6  END                                            0.0314    0.03140
  74.    12   S 1 D 2 - 4 ; S 1 D 2 - 3  END                                            0.0314    0.03140
  75.   532   D 1 - 2 S 5 ; D 1 - 3 S 5  END                                            0.0313    0.03129
  76.   648   D 1 S 2 D 3 ; D 1 S 2 D 3 - 4  END                                        0.0313    0.03129
  77.   264   D 1 - 3 S 4 ; S 1 D 2 D 4  END                                            0.0306   -0.03061
  78.    79   D 1 - 2 D 4 S 6 ; D 1 - 2 S 3  END                                        0.0306   -0.03061
  79.   132   D 1 D 3 S 4 ; D 1 - 3 S 4  END                                            0.0305   -0.03048
  80.   447   D 1 - 2 S 3 ; D 1 - 2 S 3 D 5  END                                        0.0305    0.03048
  81.    55   D 1 - 2 S 3 D 4 ; D 1 S 2 - 3 S 5  END                                    0.0300    0.02683  0.01340
  82.   600   D 1 S 2 D 3 S 4 - 5 ; D 1 - 2 S 4  END                                    0.0300   -0.02683 -0.01340
  83.   113   D 1 S 2 D 3 ; D 1 - 3 S 6  END                                            0.0294    0.02940
  84.   163   S 1 D 2 - 3 ; D 1 - 3 S 5  END                                            0.0294    0.02940
  85.    56   D 1 - 2 S 3 D 4 ; D 1 S 2 - 3 S 6  END                                    0.0293   -0.01319  0.02621
  86.   936   S 1 D 2 - 3 S 4 - 5 ; D 1 - 2 S 4  END                                    0.0293   -0.01319  0.02621
  87.   975   S 1 D 2 - 3 ; D 1 - 2 S 3 D 4  END                                        0.0292    0.02920
  88.    86   D 1 - 2 S 4 ; D 1 - 3 S 6  END                                            0.0292   -0.02920
  89.    60   D 1 - 2 S 3 D 4 ; S 1 D 2 S 3 - 4  END                                    0.0289   -0.02526  0.01413
  90.   408   D 1 - 2 S 3 - 4 S 6 ; D 1 - 2 S 4  END                                    0.0289    0.02526 -0.01413
  91.    10   S 1 D 2 - 4 ; D 1 - 2 S 3  END                                            0.0287   -0.02868
  92.    29   D 1 - 3 S 4 ; D 1 - 2 S 6  END                                            0.0287    0.02868
  93.    54   D 1 - 2 S 3 D 4 ; D 1 S 2 - 4  END                                        0.0283   -0.01390 -0.02463
  94.   405   D 1 - 2 S 3 - 5 ; D 1 - 2 S 4  END                                        0.0283   -0.01390 -0.02463
  95.   165   S 1 D 2 S 3 D 4 S 5 ; D 1 - 2 S 3  END                                    0.0277   -0.00999  0.02585
  96.   248   D 1 - 3 S 4 ; D 1 S 2 S 4 S 6  END                                        0.0277   -0.00999  0.02585
  97.   417   D 1 - 2 S 3 - 5 ; D 1 D 3 S 4  END                                        0.0264   -0.01146 -0.02376
  98.  1831   D 1 - 2 S 3 D 5 ; D 1 S 2 - 4  END                                        0.0264   -0.01146 -0.02376
  99.   307   D 1 - 3 S 5 ; D 1 - 2 S 5  END                                            0.0263    0.02628
 100.     8   D 1 S 2 D 3 - 4 ; D 1 S 2 D 3  END                                        0.0263    0.02628




 POSITION OF FIRST SPIN COUPLING FOR TEN MOST IMPORTANT CONFIGURATIONS
       4     29     56      2     32     89    455      5     93    461



 ********************************
 RESULTS FOR ROOT   02
 TOTAL CI ENERGY =   -260.7174787
 ********************************

       CONF.                                                                           COEFF.
        NO.        SPACE ORBITAL PRODUCTS                                             CONTRIB.      CI COEFFICIENTS

       -----       ----------------------                                             --------   ---------------------
   1.     1   D 1 - 3 S 4 ; D 1 - 2 S 3  END                                            0.8993   -0.89925
   2.    75   D 1 - 2 S 3 ; D 1 - 3 S 4  END                                            0.2197   -0.21975
   3.    30   D 1 - 3 S 4 ; D 1 S 2 - 4  END                                            0.0951   -0.00704  0.09484
   4.    69   D 1 - 2 S 3 - 5 ; D 1 - 2 S 3  END                                        0.0951    0.00704 -0.09484
   5.    47   D 1 - 3 S 5 ; D 1 S 2 D 3  END                                            0.0853   -0.08535
   6.   411   D 1 - 2 S 3 - 5 ; D 1 S 2 - 4  END                                        0.0793    0.03634  0.01512  0.04782  0.04782
                                                                                                  0.01314
   7.   507   D 1 - 2 S 4 ; D 1 - 2 S 3 D 4  END                                        0.0760    0.07599
   8.     4   D 1 - 2 S 3 D 4 ; D 1 - 2 S 3  END                                        0.0701    0.07007
   9.    27   D 1 - 3 S 4 ; D 1 - 2 S 4  END                                            0.0701    0.07007
  10.   105   D 1 S 2 D 3 S 4 - 5 ; D 1 - 2 S 3  END                                    0.0639    0.00206  0.06391
  11.    31   D 1 - 3 S 4 ; D 1 S 2 - 3 S 5  END                                        0.0639    0.00206  0.06391
  12.    51   D 1 - 2 S 3 D 4 ; D 1 - 2 S 4  END                                        0.0584    0.05844
  13.   703   D 1 S 2 - 4 ; D 1 - 2 S 3 - 5  END                                        0.0556    0.00558 -0.02037 -0.00562 -0.00562
                                                                                                  0.05086
  14.   426   D 1 - 2 S 3 - 4 S 6 ; S 1 D 2 S 3 - 4  END                                0.0502   -0.02301 -0.01163 -0.03019 -0.03019
                                                                                                  0.00587
  15.   607   D 1 S 2 D 3 S 4 - 5 ; D 1 S 2 - 3 S 5  END                                0.0419   -0.02338 -0.01038 -0.02343 -0.02343
                                                                                                 -0.00022
  16.   112   D 1 S 2 D 3 ; D 1 - 3 S 5  END                                            0.0391    0.03910
  17.    37   D 1 - 3 S 4 ; S 1 D 2 S 3 S 5  END                                        0.0389    0.00210  0.03885
  18.   106   D 1 S 2 D 3 S 4 S 6 ; D 1 - 2 S 3  END                                    0.0389   -0.00210 -0.03885
  19.     2   D 1 - 3 S 4 ; D 1 S 2 D 3  END                                            0.0365    0.03645
  20.    45   D 1 - 3 S 5 ; D 1 - 2 S 3  END                                            0.0365    0.03645
  21.   252   D 1 - 3 S 4 D 5 ; D 1 S 3  END                                            0.0357    0.03566
  22.  1040   S 1 D 2 S 3 - 4 ; D 1 - 2 S 3 - 4 S 6  END                                0.0337    0.00229  0.01096  0.00656  0.00656
                                                                                                 -0.03036
  23.   504   D 1 - 2 S 4 D 5 ; D 1 - 2 S 3  END                                        0.0331    0.03312
  24.   255   D 1 - 3 S 4 ; D 1 S 3 D 4  END                                            0.0331    0.03312
  25.   444   D 1 - 2 S 3 ; D 1 - 2 S 3 D 4  END                                        0.0320   -0.03197
  26.    84   D 1 - 2 S 4 ; D 1 - 3 S 4  END                                            0.0320   -0.03197
  27.   606   D 1 S 2 D 3 S 4 - 5 ; D 1 S 2 - 4  END                                    0.0319    0.02526  0.00114  0.00506  0.00486
                                                                                                 -0.01812
  28.   412   D 1 - 2 S 3 - 5 ; D 1 S 2 - 3 S 5  END                                    0.0319   -0.02526 -0.00114 -0.00486 -0.00506
                                                                                                  0.01812
  29.   445   D 1 - 2 S 3 ; D 1 - 2 S 3 - 5  END                                        0.0317   -0.02540 -0.01895
  30.   120   D 1 S 2 - 4 ; D 1 - 3 S 4  END                                            0.0317   -0.02540 -0.01895
  31.    54   D 1 - 2 S 3 D 4 ; D 1 S 2 - 4  END                                        0.0310    0.00109 -0.03097
  32.   405   D 1 - 2 S 3 - 5 ; D 1 - 2 S 4  END                                        0.0310   -0.00109  0.03097
  33.   312   D 1 - 3 S 5 ; D 1 S 2 - 4  END                                            0.0294    0.02887 -0.00577
  34.    71   D 1 - 2 S 3 - 5 ; D 1 S 2 D 3  END                                        0.0294   -0.02887  0.00577
  35.   271   D 1 - 3 S 4 - 6 ; S 1 - 3  END                                            0.0294    0.00617  0.02265 -0.01151 -0.01151
                                                                                                  0.00679
  36.   306   D 1 - 3 S 5 ; D 1 - 2 S 4  END                                            0.0294    0.02936
  37.     5   D 1 - 2 S 3 D 4 ; D 1 S 2 D 3  END                                        0.0294    0.02936
  38.   274   D 1 - 3 S 4 ; S 1 - 5  END                                                0.0271   -0.00693 -0.00364 -0.00730 -0.02243
                                                                                                  0.01087
  39.   700   D 1 S 2 - 6 ; D 1 - 2 S 3  END                                            0.0271   -0.00693 -0.00364 -0.02243 -0.00730
                                                                                                  0.01087
  40.    78   D 1 - 2 D 4 S 5 ; D 1 - 2 S 3  END                                        0.0249   -0.02493
  41.   246   D 1 - 3 S 4 ; D 1 S 2 D 4  END                                            0.0249   -0.02493
  42.   622   D 1 S 2 D 3 S 4 S 6 ; S 1 D 2 S 3 S 5  END                                0.0247    0.01665  0.00583  0.01214  0.01214
                                                                                                 -0.00205
  43.   424   D 1 - 2 S 3 - 5 ; S 1 D 2 S 3 S 5  END                                    0.0246    0.01836  0.00362  0.01175  0.01050
                                                                                                 -0.00289
  44.   609   D 1 S 2 D 3 S 4 S 6 ; D 1 S 2 - 4  END                                    0.0246    0.01836  0.00362  0.01050  0.01175
                                                                                                 -0.00289
  45.   247   D 1 - 3 S 4 ; D 1 S 2 S 4 - 5  END                                        0.0243    0.01081 -0.02179
  46.   114   D 1 S 2 - 3 D 4 S 5 ; D 1 - 2 S 3  END                                    0.0243    0.01081 -0.02179
  47.   944   S 1 D 2 - 3 S 4 - 5 ; D 1 S 2 - 3 S 6  END                                0.0243    0.01713  0.00544  0.01149  0.01149
                                                                                                 -0.00157
  48.   415   D 1 - 2 S 3 - 4 S 6 ; D 1 S 2 - 3 S 5  END                                0.0234   -0.01272 -0.00984 -0.01209 -0.01201
                                                                                                  0.00102
  49.   618   D 1 S 2 D 3 S 4 - 5 ; S 1 D 2 S 3 - 4  END                                0.0234   -0.01272 -0.00984 -0.01201 -0.01209
                                                                                                  0.00102
  50.   315   D 1 - 3 S 6 ; D 1 S 2 - 4  END                                            0.0229    0.02144  0.00812
  51.    73   D 1 - 2 S 3 - 5 ; S 1 D 2 - 3  END                                        0.0229    0.02144  0.00812
  52.   510   D 1 - 2 S 4 ; D 1 - 2 S 3 D 5  END                                        0.0227    0.02272
  53.   804   D 1 D 3 S 4 ; D 1 - 2 S 3 D 4  END                                        0.0227    0.02272
  54.    55   D 1 - 2 S 3 D 4 ; D 1 S 2 - 3 S 5  END                                    0.0220   -0.01016  0.01956
  55.   600   D 1 S 2 D 3 S 4 - 5 ; D 1 - 2 S 4  END                                    0.0220   -0.01016  0.01956
  56.   157   S 1 D 2 - 3 S 4 S 6 ; D 1 - 2 S 3  END                                    0.0215   -0.00081 -0.02151
  57.    38   D 1 - 3 S 4 ; S 1 D 2 S 3 S 6  END                                        0.0215   -0.00081 -0.02151
  58.   166   S 1 D 2 S 3 D 4 S 6 ; D 1 - 2 S 3  END                                    0.0215   -0.00734  0.02020
  59.   266   D 1 - 3 S 4 ; S 1 D 2 S 4 S 6  END                                        0.0215   -0.00734  0.02020
  60.  1144   S 1 - 2 D 3 S 4 ; D 1 - 2 S 3 S 5 - 6  END                                0.0212   -0.00080 -0.00201 -0.00037 -0.00037
                                                                                                  0.02113
  61.   640   D 1 S 2 D 3 ; D 1 - 2 S 3 - 5  END                                        0.0212   -0.00900 -0.01914
  62.   121   D 1 S 2 - 4 ; D 1 - 3 S 5  END                                            0.0212    0.00900  0.01914
  63.   807   D 1 D 3 S 4 ; D 1 - 2 S 3 D 5  END                                        0.0210    0.02098
  64.    90   D 1 S 2 D 3 - 4 ; D 1 S 2 - 4  END                                        0.0210   -0.00537 -0.02028
  65.   406   D 1 - 2 S 3 - 5 ; D 1 - 2 S 5  END                                        0.0210   -0.00537 -0.02028
  66.    61   D 1 - 2 S 3 D 4 ; S 1 D 2 S 3 S 5  END                                    0.0203    0.00707 -0.01898
  67.   603   D 1 S 2 D 3 S 4 S 6 ; D 1 - 2 S 4  END                                    0.0203   -0.00707  0.01898
  68.    62   D 1 - 2 S 3 D 4 ; S 1 D 2 S 3 S 6  END                                    0.0198    0.00727 -0.01845
  69.   939   S 1 D 2 - 3 S 4 S 6 ; D 1 - 2 S 4  END                                    0.0198    0.00727 -0.01845
  70.   959   S 1 D 2 - 3 S 4 S 6 ; S 1 D 2 S 3 S 6  END                                0.0198   -0.01359 -0.00371 -0.00935 -0.00935
                                                                                                  0.00419
  71.    39   D 1 - 3 S 4 ; S 1 - 2 D 3 S 4  END                                        0.0198    0.00557 -0.01896
  72.   442   D 1 - 2 S 3 S 5 - 6 ; D 1 - 2 S 3  END                                    0.0198    0.00557 -0.01896
  73.    50   D 1 - 3 S 6 ; S 1 D 2 - 3  END                                            0.0196    0.01964
  74.     8   D 1 S 2 D 3 - 4 ; D 1 S 2 D 3  END                                        0.0193    0.01934
  75.   307   D 1 - 3 S 5 ; D 1 - 2 S 5  END                                            0.0193   -0.01934
  76.   256   D 1 - 3 S 4 ; D 1 S 3 - 5  END                                            0.0193    0.00267  0.01911
  77.   699   D 1 S 2 - 4 D 5 ; D 1 - 2 S 3  END                                        0.0193    0.00267  0.01911
  78.   801   D 1 D 3 S 4 D 5 ; D 1 - 2 S 3  END                                        0.0192    0.01918
  79.   258   D 1 - 3 S 4 ; D 1 S 3 D 5  END                                            0.0192    0.01918
  80.   115   D 1 S 2 - 3 D 4 S 6 ; D 1 - 2 S 3  END                                    0.0185    0.00728 -0.01705
  81.   265   D 1 - 3 S 4 ; S 1 D 2 S 4 - 5  END                                        0.0185   -0.00728  0.01705
  82.   506   D 1 - 2 S 4 D 6 ; D 1 - 2 S 3  END                                        0.0185    0.01848
  83.   291   D 1 - 3 S 4 ; D 2 S 3 D 4  END                                            0.0185    0.01848
  84.   327   D 1 - 3 S 6 ; S 1 D 2 S 3 - 4  END                                        0.0182   -0.01819  0.00077
  85.    74   D 1 - 2 S 3 - 4 S 6 ; S 1 D 2 - 3  END                                    0.0182    0.01819 -0.00077
  86.   641   D 1 S 2 D 3 ; D 1 - 2 S 3 - 4 S 6  END                                    0.0178   -0.01231 -0.01290
  87.   172   S 1 D 2 S 3 - 4 ; D 1 - 3 S 5  END                                        0.0178   -0.01231 -0.01290
  88.    85   D 1 - 2 S 4 ; D 1 - 3 S 5  END                                            0.0174   -0.01736
  89.   639   D 1 S 2 D 3 ; D 1 - 2 S 3 D 4  END                                        0.0174    0.01736
  90.   158   S 1 D 2 - 3 S 4 - 5 ; D 1 S 2 D 3  END                                    0.0171    0.00645 -0.01587
  91.   314   D 1 - 3 S 5 ; D 1 S 2 - 3 S 6  END                                        0.0171   -0.00645  0.01587
  92.   290   D 1 - 3 S 4 D 6 ; D 2 S 3  END                                            0.0163    0.01627
  93.   602   D 1 S 2 D 3 S 4 - 5 ; D 1 - 2 S 6  END                                    0.0159   -0.00544 -0.01491
  94.   142   S 1 D 2 - 4 ; D 1 S 2 - 3 S 5  END                                        0.0159   -0.00544 -0.01491
  95.    19   D 1 - 4 S 5 ; S 1 - 3  END                                                0.0157    0.01549 -0.00236
  96.   244   D 1 - 3 S 4 - 6 ; D 1 S 2  END                                            0.0157    0.01549 -0.00236
  97.   409   D 1 - 2 S 3 - 4 S 6 ; D 1 - 2 S 5  END                                    0.0155    0.00374 -0.01503
  98.    96   D 1 S 2 D 3 - 4 ; S 1 D 2 S 3 - 4  END                                    0.0155   -0.00374  0.01503
  99.   448   D 1 - 2 S 3 ; D 1 - 2 S 3 S 5 - 6  END                                    0.0155    0.00768  0.01344
 100.   183   S 1 - 2 D 3 S 4 ; D 1 - 3 S 4  END                                        0.0155    0.00768  0.01344




 POSITION OF FIRST SPIN COUPLING FOR TEN MOST IMPORTANT CONFIGURATIONS
       1    101     32     89     58    629    840      4     29    140



 ********************************
 RESULTS FOR ROOT   03
 TOTAL CI ENERGY =   -259.6043599
 ********************************

       CONF.                                                                           COEFF.
        NO.        SPACE ORBITAL PRODUCTS                                             CONTRIB.      CI COEFFICIENTS

       -----       ----------------------                                             --------   ---------------------
   1.    46   D 1 - 3 S 6 ; D 1 - 2 S 3  END                                            0.3627    0.36267
   2.     3   D 1 - 3 S 4 ; S 1 D 2 - 3  END                                            0.3627    0.36267
   3.    30   D 1 - 3 S 4 ; D 1 S 2 - 4  END                                            0.2182   -0.18919  0.10878
   4.    69   D 1 - 2 S 3 - 5 ; D 1 - 2 S 3  END                                        0.2182   -0.18919  0.10878
   5.    28   D 1 - 3 S 4 ; D 1 - 2 S 5  END                                            0.1770    0.17704
   6.     7   D 1 S 2 D 3 - 4 ; D 1 - 2 S 3  END                                        0.1770    0.17704
   7.     5   D 1 - 2 S 3 D 4 ; D 1 S 2 D 3  END                                        0.1679    0.16786
   8.   306   D 1 - 3 S 5 ; D 1 - 2 S 4  END                                            0.1679   -0.16786
   9.    76   D 1 - 2 S 3 ; D 1 - 3 S 5  END                                            0.1583   -0.15829
  10.   111   D 1 S 2 D 3 ; D 1 - 3 S 4  END                                            0.1583   -0.15829
  11.   444   D 1 - 2 S 3 ; D 1 - 2 S 3 D 4  END                                        0.1420    0.14198
  12.    84   D 1 - 2 S 4 ; D 1 - 3 S 4  END                                            0.1420   -0.14198
  13.    70   D 1 - 2 S 3 - 4 S 6 ; D 1 - 2 S 3  END                                    0.1345   -0.02272  0.13255
  14.    36   D 1 - 3 S 4 ; S 1 D 2 S 3 - 4  END                                        0.1345    0.02272 -0.13255
  15.    29   D 1 - 3 S 4 ; D 1 - 2 S 6  END                                            0.1268    0.12677
  16.    10   S 1 D 2 - 4 ; D 1 - 2 S 3  END                                            0.1268   -0.12677
  17.    77   D 1 - 2 S 3 ; D 1 - 3 S 6  END                                            0.1263   -0.12626
  18.   162   S 1 D 2 - 3 ; D 1 - 3 S 4  END                                            0.1263    0.12626
  19.   442   D 1 - 2 S 3 S 5 - 6 ; D 1 - 2 S 3  END                                    0.1087    0.07982 -0.07375
  20.    39   D 1 - 3 S 4 ; S 1 - 2 D 3 S 4  END                                        0.1087   -0.07982  0.07375
  21.   453   D 1 - 2 S 3 ; D 1 S 2 D 3 - 4  END                                        0.0881    0.08806
  22.   531   D 1 - 2 S 5 ; D 1 - 3 S 4  END                                            0.0881   -0.08806
  23.   105   D 1 S 2 D 3 S 4 - 5 ; D 1 - 2 S 3  END                                    0.0871    0.00687  0.08684
  24.    31   D 1 - 3 S 4 ; D 1 S 2 - 3 S 5  END                                        0.0871   -0.00687 -0.08684
  25.   307   D 1 - 3 S 5 ; D 1 - 2 S 5  END                                            0.0750   -0.07498
  26.     8   D 1 S 2 D 3 - 4 ; D 1 S 2 D 3  END                                        0.0750   -0.07498
  27.   324   D 1 - 3 S 5 ; S 1 D 2 S 3 - 4  END                                        0.0682   -0.00169  0.06814
  28.    72   D 1 - 2 S 3 - 4 S 6 ; D 1 S 2 D 3  END                                    0.0682    0.00169 -0.06814
  29.   132   D 1 D 3 S 4 ; D 1 - 3 S 4  END                                            0.0680    0.06796
  30.   447   D 1 - 2 S 3 ; D 1 - 2 S 3 D 5  END                                        0.0680   -0.06796
  31.    11   S 1 D 2 - 4 ; D 1 S 2 D 3  END                                            0.0648    0.06480
  32.   308   D 1 - 3 S 5 ; D 1 - 2 S 6  END                                            0.0648   -0.06480
  33.     6   D 1 - 2 S 3 D 4 ; S 1 D 2 - 3  END                                        0.0597    0.05971
  34.   309   D 1 - 3 S 6 ; D 1 - 2 S 4  END                                            0.0597    0.05971
  35.   316   D 1 - 3 S 6 ; D 1 S 2 - 3 S 5  END                                        0.0591   -0.05618  0.01846
  36.   109   D 1 S 2 D 3 S 4 - 5 ; S 1 D 2 - 3  END                                    0.0591   -0.05618  0.01846
  37.   535   D 1 - 2 S 6 ; D 1 - 3 S 5  END                                            0.0589   -0.05889
  38.   657   D 1 S 2 D 3 ; S 1 D 2 - 4  END                                            0.0589    0.05889
  39.   468   D 1 - 2 D 4 S 5 ; D 1 - 2 S 4  END                                        0.0553    0.05531
  40.   345   D 1 - 2 S 3 D 4 ; D 1 S 2 D 4  END                                        0.0553   -0.05531
  41.   639   D 1 S 2 D 3 ; D 1 - 2 S 3 D 4  END                                        0.0552    0.05515
  42.    85   D 1 - 2 S 4 ; D 1 - 3 S 5  END                                            0.0552    0.05515
  43.   120   D 1 S 2 - 4 ; D 1 - 3 S 4  END                                            0.0542   -0.01307 -0.05260
  44.   445   D 1 - 2 S 3 ; D 1 - 2 S 3 - 5  END                                        0.0542    0.01307  0.05260
  45.   640   D 1 S 2 D 3 ; D 1 - 2 S 3 - 5  END                                        0.0503    0.03789 -0.03314
  46.   121   D 1 S 2 - 4 ; D 1 - 3 S 5  END                                            0.0503    0.03789 -0.03314
  47.    73   D 1 - 2 S 3 - 5 ; S 1 D 2 - 3  END                                        0.0493    0.01473  0.04702
  48.   315   D 1 - 3 S 6 ; D 1 S 2 - 4  END                                            0.0493   -0.01473 -0.04702
  49.   729   D 1 S 2 - 3 S 6 ; D 1 - 3 S 4  END                                        0.0461    0.04060  0.02194
  50.   463   D 1 - 2 S 3 ; S 1 D 2 - 3 S 4 - 5  END                                    0.0461    0.04060  0.02194
  51.    53   D 1 - 2 S 3 D 4 ; D 1 - 2 S 6  END                                        0.0454    0.04536
  52.   138   S 1 D 2 - 4 ; D 1 - 2 S 4  END                                            0.0454   -0.04536
  53.   325   D 1 - 3 S 5 ; S 1 D 2 S 3 S 5  END                                        0.0436    0.03149  0.03014
  54.   108   D 1 S 2 D 3 S 4 S 6 ; D 1 S 2 D 3  END                                    0.0436    0.03149  0.03014
  55.   336   D 1 - 3 S 5 ; D 2 - 3 S 4  END                                            0.0419    0.04187
  56.   452   D 1 - 2 S 3 D 6 ; D 1 S 2 D 3  END                                        0.0419   -0.04187
  57.    71   D 1 - 2 S 3 - 5 ; D 1 S 2 D 3  END                                        0.0411   -0.03744  0.01693
  58.   312   D 1 - 3 S 5 ; D 1 S 2 - 4  END                                            0.0411   -0.03744  0.01693
  59.   333   D 1 - 3 S 6 ; S 1 - 2 D 3 S 4  END                                        0.0401    0.01181  0.03831
  60.   460   D 1 - 2 S 3 S 5 - 6 ; S 1 D 2 - 3  END                                    0.0401    0.01181  0.03831
  61.    52   D 1 - 2 S 3 D 4 ; D 1 - 2 S 5  END                                        0.0393    0.03935
  62.    87   D 1 S 2 D 3 - 4 ; D 1 - 2 S 4  END                                        0.0393    0.03935
  63.   726   D 1 S 2 - 3 S 5 ; D 1 - 3 S 4  END                                        0.0390    0.03096 -0.02373
  64.   454   D 1 - 2 S 3 ; D 1 S 2 D 3 S 4 - 5  END                                    0.0390   -0.03096  0.02373
  65.    40   D 1 - 3 S 4 ; S 1 - 2 D 3 S 5  END                                        0.0385    0.01791  0.03408
  66.   637   D 1 S 2 D 3 S 5 - 6 ; D 1 - 2 S 3  END                                    0.0385    0.01791  0.03408
  67.   448   D 1 - 2 S 3 ; D 1 - 2 S 3 S 5 - 6  END                                    0.0385   -0.00325  0.03832
  68.   183   S 1 - 2 D 3 S 4 ; D 1 - 3 S 4  END                                        0.0385    0.00325 -0.03832
  69.    60   D 1 - 2 S 3 D 4 ; S 1 D 2 S 3 - 4  END                                    0.0368   -0.02110 -0.03017
  70.   408   D 1 - 2 S 3 - 4 S 6 ; D 1 - 2 S 4  END                                    0.0368    0.02110  0.03017
  71.   328   D 1 - 3 S 6 ; S 1 D 2 S 3 S 5  END                                        0.0339   -0.01007 -0.03238
  72.   110   D 1 S 2 D 3 S 4 S 6 ; S 1 D 2 - 3  END                                    0.0339    0.01007  0.03238
  73.    43   D 1 - 3 S 4 ; D 2 - 3 S 5  END                                            0.0331   -0.03307
  74.   638   D 1 S 2 D 3 D 6 ; D 1 - 2 S 3  END                                        0.0331   -0.03307
  75.    48   D 1 - 3 S 6 ; D 1 S 2 D 3  END                                            0.0327    0.03266
  76.    49   D 1 - 3 S 5 ; S 1 D 2 - 3  END                                            0.0327    0.03266
  77.    32   D 1 - 3 S 4 ; D 1 S 2 - 3 S 6  END                                        0.0321   -0.03206 -0.00110
  78.   156   S 1 D 2 - 3 S 4 - 5 ; D 1 - 2 S 3  END                                    0.0321   -0.03206 -0.00110
  79.    27   D 1 - 3 S 4 ; D 1 - 2 S 4  END                                            0.0317    0.03168
  80.     4   D 1 - 2 S 3 D 4 ; D 1 - 2 S 3  END                                        0.0317   -0.03168
  81.  1720   D 1 - 2 S 3 - 5 ; D 1 S 2 S 4 - 5  END                                    0.0295    0.01530  0.01623  0.01273 -0.01356
                                                                                                  0.00535
  82.   669   D 1 S 2 - 3 D 4 S 5 ; D 1 S 2 - 4  END                                    0.0295    0.01530  0.01623 -0.01356  0.01273
                                                                                                  0.00535
  83.   310   D 1 - 3 S 6 ; D 1 - 2 S 5  END                                            0.0285   -0.02845
  84.     9   D 1 S 2 D 3 - 4 ; S 1 D 2 - 3  END                                        0.0285    0.02845
  85.   533   D 1 - 2 S 5 ; D 1 - 3 S 6  END                                            0.0284   -0.02836
  86.   984   S 1 D 2 - 3 ; D 1 S 2 D 3 - 4  END                                        0.0284    0.02836
  87.   936   S 1 D 2 - 3 S 4 - 5 ; D 1 - 2 S 4  END                                    0.0279   -0.02413  0.01406
  88.    56   D 1 - 2 S 3 D 4 ; D 1 S 2 - 3 S 6  END                                    0.0279   -0.02413  0.01406
  89.   405   D 1 - 2 S 3 - 5 ; D 1 - 2 S 4  END                                        0.0271   -0.00905  0.02558
  90.    54   D 1 - 2 S 3 D 4 ; D 1 S 2 - 4  END                                        0.0271   -0.00905  0.02558
  91.   246   D 1 - 3 S 4 ; D 1 S 2 D 4  END                                            0.0269   -0.02694
  92.    78   D 1 - 2 D 4 S 5 ; D 1 - 2 S 3  END                                        0.0269    0.02694
  93.   441   D 1 - 2 S 3 D 5 ; D 1 - 2 S 3  END                                        0.0268    0.02680
  94.    33   D 1 - 3 S 4 ; D 1 D 3 S 4  END                                            0.0268   -0.02680
  95.   532   D 1 - 2 S 5 ; D 1 - 3 S 5  END                                            0.0266   -0.02657
  96.   648   D 1 S 2 D 3 ; D 1 S 2 D 3 - 4  END                                        0.0266   -0.02657
  97.    41   D 1 - 3 S 4 ; S 1 - 2 D 3 S 6  END                                        0.0265   -0.00462  0.02614
  98.   973   S 1 D 2 - 3 S 5 - 6 ; D 1 - 2 S 3  END                                    0.0265    0.00462 -0.02614
  99.   735   D 1 S 2 D 4 ; D 1 - 2 S 3 D 4  END                                        0.0265   -0.02652
 100.  1990   D 1 - 2 S 4 ; D 1 - 2 D 4 S 5  END                                        0.0265   -0.02652




 POSITION OF FIRST SPIN COUPLING FOR TEN MOST IMPORTANT CONFIGURATIONS
      57      3     32     89     30      7      5    455    102    152



 ELAPSED TIME =       4.84 CPU SECONDS. (      4.98 WALL CLOCK SECONDS)
