 ************************************************************************
 * RTSIM - DAVIDSON METHOD SPARSE MATRIX EIGENVALUE/EIGENVECTOR PROGRAM *
 * QUANTUM CHEMISTRY GROUP - INDIANA UNIVERSITY - 12May 2016  10:57:42  *
 ************************************************************************



                 DIAGONALIZATION RUN TITLE
                 -------------------------
 )* WATER TEST *



 ) DAVIDSON
 ) LAST=5
 ) COEFF
 ) NOVLP
 ) MAXITR=1000 END

 THE CI MATRIX IS TITLED:  H2O  -SINGLET A1-  STO-3G HF SD-CI TEST
 THE MATRIX IS DATED:     12May 2016  10:57:17 
 THE SPIN MULTIPLICITY IS 1 AND THE DIMENSION IS 335280.

 ROOTS  1 THROUGH  5 WILL BE OBTAINED.

  
  
  
 AMOUNT OF CORE AVAILABLE                      80000000
 MAXIMUM NUMBER OF VECTORS PER ITERATION              5
 MAXIMUM NUMBER OF VECTORS ON DISK                   25
 NUMBER OF SOLUTIONS SOUGHT                           5
 NUMBER OF SOLUTIONS INVESTIGATED                     5
 SIZE OF MATRIX DIAGONALISED                     335280
  
  
 INITIAL GUESS AT ROOTS (OBTAINED FROM DIAGONAL ELEMENTS OF HAMILTONIAN MATRIX)

               73        -232.47633
               13        -232.47633
              237        -231.47666
               37        -231.47666
               19        -231.47022


 ITERATION       ROOT           EIGENVALUE          NORM OF RESIDUAL
     1             1          -232.92189490              6.69651
     1             2          -232.22073909              6.35549
     1             3          -231.54764851              6.39107
     1             4          -231.46235382              6.38417
     1             5          -231.22356515              6.38434
     2             1          -236.16882276              9.36691
     2             2          -234.91626510              7.98421
     2             3          -234.42074331              9.27279
     2             4          -233.97240389            157.53903
     2             5          -231.84613074            136.86668
     2             1          -236.16882276              3.20370
     2             2          -234.91626510              2.59213
     2             3          -234.42074331              3.01880
     2             4          -233.97240389              2.94505
     2             5          -231.84613074              5.90825
     3             1          -236.73783300              4.72212
     3             2          -235.24268348              3.39284
     3             3          -234.96505103              7.44910
     3             4          -234.43411391              8.04654
     3             5          -234.17911896             13.55706
     3             1          -236.73783300              1.52241
     3             2          -235.24268348              0.92788
     3             3          -234.96505103              1.62196
     3             4          -234.43411391              1.43867
     3             5          -234.17911896              2.63277
     4             1          -236.89894154              3.47155
     4             2          -235.28890285              1.50025
     4             3          -235.16674170              5.43769
     4             4          -234.59258906             12.68673
     4             5          -234.50216226             13.14194
     4             1          -236.89894154              0.96848
     4             2          -235.28890285              0.39391
     4             3          -235.16674170              1.05025
     4             4          -234.59258906              0.89580
     4             5          -234.50216226              1.33865
     5             1          -236.96186529              2.81762
     5             2          -235.29927837              1.66406
     5             3          -235.26843901              5.82633
     5             4          -234.89644366             62.28999
     5             5          -234.61748354             52.16058
  truncating with vlp=false 
 TRUNCATION TO 1 VECTOR PER ROOT HAS BEEN PERFORMED
     5             1          -236.96186529              0.47701
     5             2          -235.29927837              0.22827
     5             3          -235.26843901              0.84438
     5             4          -234.89644366              1.90441
     5             5          -234.61748354              0.41421
     6             1          -236.97223892              0.61943
     6             2          -235.30845186            168.95637
     6             3          -235.30185416            175.77596
     6             4          -235.06797916              4.22776
     6             5          -234.62583952              1.04593
     6             1          -236.97223892              0.22137
     6             2          -235.30845186              0.51782
     6             3          -235.30185416              0.14203
     6             4          -235.06797916              0.95129
     6             5          -234.62583952              0.21579
     7             1          -236.97512670              0.44185
     7             2          -235.33276024              4.61940
     7             3          -235.30374100              3.08574
     7             4          -235.14463071              4.52054
     7             5          -234.63031203              0.87842
     7             1          -236.97512670              0.10523
     7             2          -235.33276024              0.41250
     7             3          -235.30374100              0.10887
     7             4          -235.14463071              0.71572
     7             5          -234.63031203              0.15870
     8             1          -236.97583583              0.24216
     8             2          -235.34818668              3.06186
     8             3          -235.30467229              1.19540
     8             4          -235.18810526              3.94563
     8             5          -234.63208856              0.55903
     8             1          -236.97583583              0.05484
     8             2          -235.34818668              0.30114
     8             3          -235.30467229              0.06759
     8             4          -235.18810526              0.47315
     8             5          -234.63208856              0.09285
     9             1          -236.97607158              0.17098
     9             2          -235.35790219              2.47308
     9             3          -235.30505293              0.79271
     9             4          -235.21056606              3.17057
     9             5          -234.63284021              0.41614
  truncating with vlp=false 
 TRUNCATION TO 1 VECTOR PER ROOT HAS BEEN PERFORMED
     9             1          -236.97607158              0.02925
     9             2          -235.35790219              0.22417
     9             3          -235.30505293              0.03772
     9             4          -235.21056606              0.31706
     9             5          -234.63284021              0.07466
    10             1          -236.97610781              0.03492
    10             2          -235.36037593              0.56718
    10             3          -235.30512736              0.17183
    10             4          -235.21569539              0.66984
    10             5          -234.63317041              0.13374
    10             1          -236.97610781              0.01391
    10             2          -235.36037593              0.12217
    10             3          -235.30512736              0.02170
    10             4          -235.21569539              0.17623
    10             5          -234.63317041              0.04770
    11             1          -236.97612090              0.04062
    11             2          -235.36179433              0.64052
    11             3          -235.30517361              0.16291
    11             4          -235.21890678              0.92273
    11             5          -234.63352837              0.35116
    11             1          -236.97612090              0.00821
    11             2          -235.36179433              0.09657
    11             3          -235.30517361              0.01748
    11             4          -235.21890678              0.15032
    11             5          -234.63352837              0.06011
    12             1          -236.97612492              0.02677
    12             2          -235.36246550              0.50133
    12             3          -235.30519579              0.11417
    12             4          -235.22082918              0.89963
    12             5          -234.63394913              0.60988
    12             1          -236.97612492              0.00430
    12             2          -235.36246550              0.06067
    12             3          -235.30519579              0.01108
    12             4          -235.22082918              0.10455
    12             5          -234.63394913              0.05858
    13             1          -236.97612598              0.01465
    13             2          -235.36275794              0.37092
    13             3          -235.30520406              0.06424
    13             4          -235.22172906              0.68193
    13             5          -234.63426899              0.61869
  truncating with vlp=false 
 TRUNCATION TO 1 VECTOR PER ROOT HAS BEEN PERFORMED
    13             1          -236.97612598              0.00247
    13             2          -235.36275794              0.04757
    13             3          -235.30520406              0.00753
    13             4          -235.22172906              0.08439
    13             5          -234.63426899              0.05389
    14             1          -236.97612622              0.00255
    14             2          -235.36285973              0.06129
    14             3          -235.30520683              0.01254
    14             4          -235.22207638              0.11429
    14             5          -234.63443664              0.08755
    14             1          -236.97612622              0.00121
    14             2          -235.36285973              0.02508
    14             3          -235.30520683              0.00458
    14             4          -235.22207638              0.04764
    14             5          -234.63443664              0.03463
    15             1          -236.97612631              0.00331
    15             2          -235.36291313              0.11100
    15             3          -235.30520867              0.02250
    15             4          -235.22228324              0.22743
    15             5          -234.63453917              0.15684
    15             1          -236.97612631              0.00065
    15             2          -235.36291313              0.01935
    15             3          -235.30520867              0.00365
    15             4          -235.22228324              0.03744
    15             5          -234.63453917              0.02593
    16             1          -236.97612633              0.00209
    16             2          -235.36293770              0.09599
    16             3          -235.30520954              0.01956
    16             4          -235.22238187              0.20709
    16             5          -234.63458937              0.15343
    16             1          -236.97612633              0.00033
    16             2          -235.36293770              0.01102
    16             3          -235.30520954              0.00225
    16             4          -235.22238187              0.02413
    16             5          -234.63458937              0.01713
    17             1          -236.97612633              0.00128
    17             2          -235.36294767              0.07831
    17             3          -235.30520990              0.01469
    17             4          -235.22242702              0.17128
    17             5          -234.63461826              0.16288
  truncating with vlp=false 
 TRUNCATION TO 1 VECTOR PER ROOT HAS BEEN PERFORMED
    17             1          -236.97612633              0.00020
    17             2          -235.36294767              0.00881
    17             3          -235.30520990              0.00160
    17             4          -235.22242702              0.01920
    17             5          -234.63461826              0.01892
    18             1          -236.97612634              0.00025
    18             2          -235.36295195              0.01380
    18             3          -235.30521003              0.00228
    18             4          -235.22244880              0.03092
    18             5          -234.63463976              0.03107
    18             1          -236.97612634              0.00012
    18             2          -235.36295195              0.00524
    18             3          -235.30521003              0.00101
    18             4          -235.22244880              0.01310
    18             5          -234.63463976              0.01319
    19             1          -236.97612634              0.00036
    19             2          -235.36295444              0.02421
    19             3          -235.30521012              0.00427
    19             4          -235.22246572              0.06691
    19             5          -234.63466767              0.10814
    19             1          -236.97612634              0.00007
    19             2          -235.36295444              0.00413
    19             3          -235.30521012              0.00082
    19             4          -235.22246572              0.01200
    19             5          -234.63466767              0.01796
     ROOT    ITERATION     NUMBER OF PRODUCTS       EIGENVALUE
       1        19                90                -236.9761263362


    20             2          -235.36295565              0.01961
    20             3          -235.30521016              0.00405
    20             4          -235.22247745              0.07167
    20             5          -234.63470349              0.18237
    20             2          -235.36295565              0.00252
    20             3          -235.30521016              0.00054
    20             4          -235.22247745              0.00852
    20             5          -234.63470349              0.01781
    21             2          -235.36295615              0.01482
    21             3          -235.30521019              0.00302
    21             4          -235.22248301              0.05408
    21             5          -234.63473393              0.20608
  truncating with vlp=false 
 TRUNCATION TO 1 VECTOR PER ROOT HAS BEEN PERFORMED
    21             2          -235.36295615              0.00216
    21             3          -235.30521019              0.00043
    21             4          -235.22248301              0.00724
    21             5          -234.63473393              0.01843
    22             2          -235.36295637              0.00239
    22             3          -235.30521019              0.00049
    22             4          -235.22248561              0.00868
    22             5          -234.63475314              0.02644
    22             2          -235.36295637              0.00115
    22             3          -235.30521019              0.00025
    22             4          -235.22248561              0.00424
    22             5          -234.63475314              0.01217
    23             2          -235.36295648              0.00465
    23             3          -235.30521020              0.00097
    23             4          -235.22248713              0.01707
    23             5          -234.63476630              0.05290
    23             2          -235.36295648              0.00088
    23             3          -235.30521020              0.00019
    23             4          -235.22248713              0.00323
    23             5          -234.63476630              0.01004
    24             2          -235.36295653              0.00414
    24             3          -235.30521020              0.00089
    24             4          -235.22248782              0.01562
    24             5          -234.63477371              0.05676
    24             2          -235.36295653              0.00053
    24             3          -235.30521020              0.00013
    24             4          -235.22248782              0.00212
    24             5          -234.63477371              0.00678
    25             2          -235.36295655              0.00330
    25             3          -235.30521020              0.00080
    25             4          -235.22248816              0.01371
    25             5          -234.63477834              0.06384
    25             2          -235.36295655              0.00042
    25             3          -235.30521020              0.00010
    25             4          -235.22248816              0.00186
    25             5          -234.63477834              0.00804
    26             2          -235.36295657              0.00475
    26             3          -235.30521020              0.00115
    26             4          -235.22248862              0.02774
    26             5          -234.63479624              0.30592
  truncating with vlp=false 
 TRUNCATION TO 1 VECTOR PER ROOT HAS BEEN PERFORMED
    26             2          -235.36295657              0.00021
    26             3          -235.30521020              0.00006
    26             4          -235.22248862              0.00121
    26             5          -234.63479624              0.01035
     ROOT    ITERATION     NUMBER OF PRODUCTS       EIGENVALUE
       3        26               118                -235.3052102036


    27             2          -235.36295657              0.00021
    27             4          -235.22248868              0.00149
    27             5          -234.63480129              0.01490
    27             2          -235.36295657              0.00009
    27             4          -235.22248868              0.00058
    27             5          -234.63480129              0.00527
     ROOT    ITERATION     NUMBER OF PRODUCTS       EIGENVALUE
       2        27               121                -235.3629565741


    28             4          -235.22248871              0.00192
    28             5          -234.63480371              0.01902
    28             4          -235.22248871              0.00046
    28             5          -234.63480371              0.00449
    29             4          -235.22248872              0.00186
    29             5          -234.63480528              0.02369
    29             4          -235.22248872              0.00027
    29             5          -234.63480528              0.00297
    30             4          -235.22248873              0.00106
    30             5          -234.63480596              0.01788
    30             4          -235.22248873              0.00019
    30             5          -234.63480596              0.00280
    31             4          -235.22248873              0.00156
    31             5          -234.63480705              0.03990
    31             4          -235.22248873              0.00018
    31             5          -234.63480705              0.00358
    32             4          -235.22248873              0.00133
    32             5          -234.63480826              0.05426
    32             4          -235.22248873              0.00012
    32             5          -234.63480826              0.00322
    33             4          -235.22248874              0.00082
    33             5          -234.63480925              0.04879
    33             4          -235.22248874              0.00009
    33             5          -234.63480925              0.00318
     ROOT    ITERATION     NUMBER OF PRODUCTS       EIGENVALUE
       4        33               133                -235.2224887350


    34             5          -234.63481016              0.05017
    34             5          -234.63481016              0.00203
    35             5          -234.63481039              0.01458
    35             5          -234.63481039              0.00119
    36             5          -234.63481050              0.01020
    36             5          -234.63481050              0.00097
    37             5          -234.63481056              0.00598
    37             5          -234.63481056              0.00050
    38             5          -234.63481058              0.00242
  truncating with vlp=false 
 TRUNCATION TO 1 VECTOR PER ROOT HAS BEEN PERFORMED
    38             5          -234.63481058              0.00030
    39             5          -234.63481058              0.00031
    39             5          -234.63481058              0.00019
    40             5          -234.63481058              0.00086
    40             5          -234.63481058              0.00019
    41             5          -234.63481059              0.00076
    41             5          -234.63481059              0.00014
    42             5          -234.63481059              0.00072
    42             5          -234.63481059              0.00011
    43             5          -234.63481059              0.00051
    43             5          -234.63481059              0.00006
     ROOT    ITERATION     NUMBER OF PRODUCTS       EIGENVALUE
       5        43               143                -234.6348105887


  all roots converged 
  

 ************************************
 COMPLETED CI VECTOR OPTIMISATION
 ************************************





 ********************************
 RESULTS FOR ROOT   01
 TOTAL CI ENERGY =   -236.9761263
 ********************************

       CONF.                                                                           COEFF.
        NO.        SPACE ORBITAL PRODUCTS                                             CONTRIB.      CI COEFFICIENTS

       -----       ----------------------                                             --------   ---------------------
   1.    61   D 1 - 3 ; D 1 - 2 S 3 ; D 1 - 2 S 3 ; D 1  END                            0.4542   -0.45416
   2.    13   D 1 - 3 S 4 ; D 1 - 3 ; D 1 - 2 ; S 1  END                                0.4512   -0.45116
   3.     1   D 1 - 2 S 3 ; D 1 - 3 ; D 1 - 2 ; D 1 S 2  END                            0.2966   -0.29663
   4.    19   D 1 - 3 ; D 1 - 3 S 4 ; D 1 S 2 ; D 1  END                                0.2575   -0.25752
   5.   170   D 1 - 2 S 3 ; D 1 - 3 ; D 1 - 2 ; D 1 S 3  END                            0.2289   -0.22886
   6.    34   D 1 - 3 ; D 1 - 3 S 4 ; S 1 D 2 ; D 1  END                                0.2172   -0.21723
   7.    83   D 1 - 3 ; D 1 S 2 D 3 ; D 1 - 2 S 3 ; D 1  END                            0.1421   -0.14207
   8.    14   D 1 - 3 S 5 ; D 1 - 3 ; D 1 - 2 ; S 1  END                                0.1407    0.14072
   9.    71   D 1 - 3 S 4 ; D 1 - 2 ; D 1 - 2 ; D 1 S 2  END                            0.0525   -0.05246
  10.  1847   D 1 - 2 S 3 - 4 S 6 ; D 1 - 3 ; D 1 - 2 ; S 1  END                        0.0515    0.04543 -0.02416
  11.  3492   D 1 S 2 - 3 ; D 1 - 3 S 4 ; D 1 - 2 S 3 ; D 1  END                        0.0493   -0.00153  0.04923
  12.  1852   D 1 - 2 S 3 ; D 1 - 3 S 4 - 5 ; D 1 - 2 ; S 1  END                        0.0479    0.04107 -0.02475
  13.  2313   D 1 - 2 S 3 - 4 ; S 1 D 2 - 3 ; D 1 - 2 S 3 ; D 1  END                    0.0477    0.04431  0.01772
  14.  2039   D 1 - 2 S 3 S 6 ; D 1 - 2 S 3 ; D 1 - 2 S 3 ; D 1  END                    0.0461    0.04156  0.01993
  15.  1398   D 1 - 3 ; S 1 D 2 S 3 - 4 ; D 1 - 2 S 3 ; D 1  END                        0.0444   -0.00039 -0.04439
  16.   120   D 1 - 3 ; S 1 D 2 - 3 ; D 1 - 2 S 3 ; S 1 - 2  END                        0.0443    0.03878  0.02149
  17.   557   D 1 - 4 ; D 1 - 2 S 3 ; D 1 S 2 ; D 1  END                                0.0431   -0.04313
  18.   538   D 1 - 3 S 4 ; D 1 - 2 S 3 S 5 ; D 1 - 2 ; S 1  END                        0.0422   -0.04000 -0.01334
  19.  2979   D 1 S 2 D 3 S 4 ; D 1 - 2 S 3 ; D 1 - 2 S 3 ; D 1  END                    0.0421   -0.03149 -0.02791
  20.   670   D 1 - 3 ; D 1 - 2 S 3 ; S 1 - 3 ; D 1 S 2 - 3  END                        0.0414   -0.00168 -0.00036  0.00037 -0.03593
                                                                                                  0.02049
  21.  2037   D 1 - 2 S 3 - 4 ; D 1 - 2 S 3 ; D 1 - 2 S 3 ; D 1  END                    0.0413    0.02688  0.03135
  22.  1203   D 1 - 3 S 4 ; S 1 D 2 - 3 S 4 ; D 1 - 2 ; S 1  END                        0.0412   -0.03408 -0.02321
  23.   129   D 1 - 3 S 4 ; S 1 D 2 S 3 ; D 1 - 2 ; D 1 S 2  END                        0.0411   -0.03088  0.02720
  24.   543   D 1 - 3 S 6 ; D 1 - 2 S 3 - 4 ; D 1 - 2 ; S 1  END                        0.0410   -0.03234 -0.02527
  25.   477   D 1 - 3 S 4 ; D 1 - 3 ; S 1 - 2 ; S 1 - 3  END                            0.0410   -0.00039 -0.00117 -0.00123 -0.03568
                                                                                                  0.02010
  26.   431   D 1 - 3 S 6 ; D 1 - 3 ; D 1 S 2 - 3 ; S 1  END                            0.0390   -0.03376 -0.01958
  27.   207   D 1 - 2 S 3 ; S 1 D 2 - 3 S 4 ; D 1 - 2 ; D 1 S 2  END                    0.0383   -0.00019 -0.03830
  28.   247   D 1 S 2 D 3 ; D 1 - 2 S 3 - 4 ; D 1 - 2 ; D 1 S 2  END                    0.0380   -0.00191  0.03794
  29.   181   D 1 - 2 S 3 ; D 1 - 2 S 3 S 5 ; D 1 - 2 ; D 1 S 2  END                    0.0374    0.00187 -0.03737
  30.  2799   D 1 S 2 D 3 ; D 1 - 3 ; D 1 - 3 ; S 1  END                                0.0369   -0.03695
  31.  1879   D 1 - 2 S 3 S 6 ; D 1 - 3 S 4 ; D 1 S 2 ; D 1  END                        0.0368    0.03147 -0.01905
  32.   427   D 1 - 3 ; D 1 - 3 S 5 ; D 1 - 2 S 3  END                                  0.0367    0.03667
  33.  1874   D 1 - 2 S 3 - 4 ; D 1 - 3 S 5 ; D 1 S 2 ; D 1  END                        0.0367    0.03160 -0.01856
  34.   559   D 1 - 3 S 4 S 6 ; D 1 - 2 S 3 ; D 1 S 2 ; D 1  END                        0.0366   -0.00735  0.03584
  35.  2551   D 1 - 2 ; D 1 - 3 S 5 ; D 1 - 2 S 3 ; D 1  END                            0.0365   -0.03649
  36.   289   D 1 S 2 - 4 ; D 1 - 3 ; D 1 - 2 ; D 1 S 2  END                            0.0356    0.00101  0.03561
  37.   729   D 1 - 3 S 4 ; D 1 - 2 ; D 1 - 2 ; D 1 S 3  END                            0.0354   -0.03537
  38.    38   D 1 - 3 ; D 1 - 3 S 5 ; S 1 D 2 ; S 1 - 2  END                            0.0352    0.03124 -0.01618
  39.   619   D 1 - 4 ; D 1 - 2 S 3 ; S 1 D 2 ; D 1  END                                0.0349   -0.03493
  40.  1212   D 1 - 3 ; S 1 D 2 - 3 ; D 1 - 2 S 3 ; S 1 S 3  END                        0.0344    0.02981  0.01714
  41.   243   D 1 S 2 D 3 ; D 1 - 3 ; S 1 D 2 S 3 ; D 1 S 2  END                        0.0344    0.00075  0.03436
  42.   461   D 1 - 3 S 6 ; D 1 - 3 ; S 1 D 2 S 3 ; S 1  END                            0.0338   -0.02925 -0.01692
  43.   537   D 1 - 3 S 4 ; D 1 - 2 S 3 - 4 ; D 1 - 2 ; S 1  END                        0.0337   -0.03342 -0.00424
  44.   539   D 1 - 3 S 4 ; D 1 - 2 S 3 S 6 ; D 1 - 2 ; S 1  END                        0.0335   -0.03062 -0.01365
  45.  4299   S 1 D 2 - 3 S 4 ; D 1 - 2 S 3 ; D 1 - 2 S 3 ; D 1  END                    0.0334    0.02712  0.01954
  46.   238   D 1 S 2 D 3 ; D 1 - 3 ; D 1 - 2 ; S 1 - 3  END                            0.0331    0.00081  0.03309
  47.  2145   D 1 - 2 S 3 - 4 ; D 1 S 2 D 3 ; D 1 - 2 S 3 ; D 1  END                    0.0331   -0.02222 -0.02447
  48.    18   D 1 - 3 S 6 ; D 1 - 3 ; D 1 - 2 ; S 2  END                                0.0325    0.03247
  49.  1932   D 1 - 2 S 3 - 4 ; D 1 - 3 S 5 ; S 1 D 2 ; D 1  END                        0.0322    0.02802 -0.01591
  50.  3489   D 1 S 2 - 4 ; D 1 - 3 ; D 1 - 2 ; D 1 S 3  END                            0.0320    0.00145  0.03193
  51.  2314   D 1 - 2 S 3 S 5 ; S 1 D 2 - 3 ; D 1 - 2 S 3 ; D 1  END                    0.0319   -0.02509 -0.01968
  52.  2316   D 1 - 2 S 3 ; S 1 D 2 - 3 S 4 ; D 1 - 2 ; D 1 S 3  END                    0.0319   -0.00045 -0.03186
  53.  2815   D 1 S 2 D 3 S 4 ; D 1 - 3 S 4 ; D 1 S 2 ; D 1  END                        0.0316   -0.02668  0.01699
  54.  2147   D 1 - 2 S 3 S 6 ; D 1 S 2 D 3 ; D 1 - 2 S 3 ; D 1  END                    0.0314    0.02522  0.01863
  55.  1937   D 1 - 2 S 3 S 6 ; D 1 - 3 S 4 ; S 1 D 2 ; D 1  END                        0.0311    0.02673 -0.01588
  56.  2041   D 1 - 2 S 3 ; D 1 - 2 S 3 S 5 ; D 1 - 2 ; D 1 S 3  END                    0.0308    0.00105 -0.03082
  57.  2824   D 1 S 2 D 3 ; D 1 - 3 ; D 1 S 2 - 3 ; D 1 S 3  END                        0.0308    0.00142  0.03074
  58.  1395   D 1 - 3 S 4 ; S 1 D 2 S 3 ; D 1 - 2 ; D 1 S 3  END                        0.0306   -0.02368  0.01941
  59.   621   D 1 - 3 S 4 S 6 ; D 1 - 2 S 3 ; S 1 D 2 ; D 1  END                        0.0306   -0.00491  0.03018
  60.   433   D 1 - 3 ; D 1 - 3 S 5 ; D 1 S 2 ; S 1 S 3  END                            0.0305    0.02694 -0.01430
  61.   564   D 1 - 3 ; D 1 - 2 S 3 - 5 ; D 1 S 2 ; D 1  END                            0.0304    0.02693 -0.01418
  62.  4812   S 1 D 2 S 3 ; D 1 - 3 S 4 ; D 1 - 2 S 3 ; D 1  END                        0.0304   -0.00141 -0.03032
  63.  2793   D 1 S 2 D 3 ; D 1 - 4 ; D 1 - 2 ; S 1  END                                0.0299    0.02992
  64.  1853   D 1 - 2 S 3 ; D 1 - 3 S 4 S 6 ; D 1 - 2 ; S 1  END                        0.0299    0.02674 -0.01327
  65.  2043   D 1 - 2 S 3 - 4 ; D 1 - 2 S 3 ; D 1 - 2 S 3 ; S 1 - 2  END                0.0294   -0.02795 -0.00321 -0.00567 -0.00487
                                                                                                  0.00412
  66.   985   D 1 - 3 ; D 1 S 2 - 3 S 5 ; D 1 - 2 S 3 ; D 1  END                        0.0290    0.00053 -0.02896
  67.   475   D 1 - 3 ; D 1 - 3 S 5 ; S 1 - 3 ; D 1  END                                0.0289    0.02523 -0.01412
  68.  2058   D 1 - 2 S 3 ; D 1 - 2 S 3 - 4 ; D 1 S 2 - 3 ; D 1 S 2  END                0.0289   -0.02806  0.00461 -0.00385 -0.00301
                                                                                                  0.00079
  69.  2788   D 1 S 2 D 3 S 4 - 5 ; D 1 - 3 ; D 1 - 2 ; S 1  END                        0.0286    0.02455 -0.01468
  70.  2038   D 1 - 2 S 3 S 5 ; D 1 - 2 S 3 ; D 1 - 2 S 3 ; D 1  END                    0.0283    0.02185  0.01795
  71.   224   D 1 - 2 S 6 ; D 1 - 3 ; D 1 - 2 ; D 1 S 2  END                            0.0282   -0.02825
  72.  1235   D 1 - 3 ; S 1 D 2 - 3 ; D 1 S 2 D 3 ; D 1  END                            0.0281    0.02812
  73.  1974   D 1 - 2 S 3 ; D 1 - 3 ; S 1 - 2 ; D 1 S 2 D 3  END                        0.0279   -0.02429  0.01363
  74.   795   D 1 - 3 S 6 ; D 1 S 2 D 3 S 4 ; D 1 - 2 ; S 1  END                        0.0276   -0.02554 -0.01055
  75.  2982   D 1 S 2 D 3 ; D 1 - 2 S 3 - 4 ; D 1 - 2 ; D 1 S 3  END                    0.0275   -0.00053  0.02752
  76.  1883   D 1 - 2 S 3 - 4 ; D 1 - 3 S 4 ; D 1 S 2 ; S 1 - 2  END                    0.0275   -0.02674 -0.00218  0.00028 -0.00034
                                                                                                  0.00615
  77.   790   D 1 - 3 S 4 ; D 1 S 2 D 3 S 5 ; D 1 - 2 ; S 1  END                        0.0275   -0.02141 -0.01727
  78.  1206   D 1 - 3 S 5 ; S 1 D 2 - 3 S 4 ; D 1 - 2 ; S 1  END                        0.0275    0.02502  0.01135
  79.  2980   D 1 S 2 D 3 S 5 ; D 1 - 2 S 3 ; D 1 - 2 S 3 ; D 1  END                    0.0274    0.02564  0.00975
  80.   540   D 1 - 3 S 5 ; D 1 - 2 S 3 - 4 ; D 1 - 2 ; S 1  END                        0.0274   -0.02686 -0.00535
  81.  2873   D 1 S 2 D 3 S 4 ; D 1 - 3 S 4 ; S 1 D 2 ; D 1  END                        0.0265   -0.02230  0.01428
  82.   626   D 1 - 3 ; D 1 - 2 S 3 - 5 ; S 1 D 2 ; D 1  END                            0.0264    0.02341 -0.01223
  83.  3087   D 1 S 2 D 3 S 4 ; D 1 S 2 D 3 ; D 1 - 2 S 3 ; D 1  END                    0.0263   -0.02433 -0.00986
  84.   541   D 1 - 3 S 5 ; D 1 - 2 S 3 S 5 ; D 1 - 2 ; S 1  END                        0.0262    0.02064  0.01608
  85.    62   D 1 - 3 ; D 1 - 2 S 3 ; D 1 - 2 S 3 ; S 1 - 2  END                        0.0261    0.02376  0.01087
  86. 10810   D 1 - 2 S 3 - 4 ; D 1 - 2 S 4 ; D 1 - 2 S 3 ; D 1  END                    0.0259    0.01911 -0.01750
  87.  2097   D 1 - 2 S 3 D 4 ; D 1 - 2 ; D 1 - 2 ; D 1 S 2  END                        0.0259    0.02589
  88.  1849   D 1 - 2 S 3 S 5 - 6 ; D 1 - 3 ; D 1 - 2 ; S 1  END                        0.0258   -0.02195  0.01359
  89. 10263   D 1 - 2 S 3 D 4 ; D 1 - 2 S 3 - 4 ; D 1 - 2 ; S 1  END                    0.0251    0.00550 -0.02453
  90.  2787   D 1 S 2 D 3 - 4 ; D 1 - 3 ; D 1 - 2 ; S 1  END                            0.0251    0.02509
  91.   733   D 1 - 3 ; D 1 - 2 S 5 ; D 1 - 2 S 3 ; D 1  END                            0.0251   -0.02508
  92.   178   D 1 - 2 S 3 ; D 1 - 3 ; S 1 - 2 ; D 1 - 2 S 3  END                        0.0251   -0.02159  0.01277
  93.    24   D 1 - 3 ; D 1 - 3 S 6 ; D 1 S 2 ; S 1 - 2  END                            0.0248    0.02221 -0.01108
  94. 14858   D 1 - 2 ; D 1 - 2 S 3 D 4 ; D 1 - 2 S 3 ; D 1  END                        0.0248    0.02480
  95.  4119   S 1 D 2 - 3 ; D 1 - 3 ; D 1 - 3 ; S 1  END                                0.0248    0.02480
  96.    95   D 1 - 3 S 6 ; D 1 S 2 - 3 ; D 1 - 2 ; D 1 S 2  END                        0.0248   -0.02324  0.00855
  97.   428   D 1 - 3 ; D 1 - 3 S 6 ; D 1 - 2 S 3  END                                  0.0245    0.02454
  98. 14304   D 1 - 2 S 4 ; D 1 - 4 ; D 1 - 2 ; S 1  END                                0.0245    0.02449
  99.  7516   D 1 - 3 S 4 - 5 ; D 1 S 2 ; D 1 - 2 S 3 ; D 1  END                        0.0244   -0.00159 -0.02431
 100.  2206   D 1 - 2 S 3 - 5 ; D 1 S 2 - 3 ; D 1 - 2 ; D 1 S 2  END                    0.0242    0.00175  0.01720 -0.01127 -0.01209
                                                                                                  0.00370




 POSITION OF FIRST SPIN COUPLING FOR TEN MOST IMPORTANT CONFIGURATIONS
      73     13      1     19    237     37    101     14     89   3878



 ********************************
 RESULTS FOR ROOT   02
 TOTAL CI ENERGY =   -235.3629566
 ********************************

       CONF.                                                                           COEFF.
        NO.        SPACE ORBITAL PRODUCTS                                             CONTRIB.      CI COEFFICIENTS

       -----       ----------------------                                             --------   ---------------------
   1.     1   D 1 - 2 S 3 ; D 1 - 3 ; D 1 - 2 ; D 1 S 2  END                            0.4871    0.48710
   2.   170   D 1 - 2 S 3 ; D 1 - 3 ; D 1 - 2 ; D 1 S 3  END                            0.3442   -0.34421
   3.    19   D 1 - 3 ; D 1 - 3 S 4 ; D 1 S 2 ; D 1  END                                0.3238    0.32377
   4.    34   D 1 - 3 ; D 1 - 3 S 4 ; S 1 D 2 ; D 1  END                                0.2801   -0.28008
   5.    61   D 1 - 3 ; D 1 - 2 S 3 ; D 1 - 2 S 3 ; D 1  END                            0.1693   -0.16927
   6.    35   D 1 - 3 ; D 1 - 3 S 5 ; S 1 D 2 ; D 1  END                                0.1066   -0.10659
   7.    71   D 1 - 3 S 4 ; D 1 - 2 ; D 1 - 2 ; D 1 S 2  END                            0.1053   -0.10532
   8.   237   D 1 S 2 D 3 ; D 1 - 3 ; D 1 - 2 ; D 1 S 3  END                            0.0981    0.09808
   9.  2040   D 1 - 2 S 3 ; D 1 - 2 S 3 - 4 ; D 1 - 2 ; D 1 S 3  END                    0.0980   -0.01767  0.09641
  10.    67   D 1 - 3 ; D 1 - 2 S 3 ; S 1 D 2 ; D 1 S 2 - 3  END                        0.0975   -0.02184 -0.09502
  11.  1931   D 1 - 2 S 3 - 4 ; D 1 - 3 S 4 ; S 1 D 2 ; D 1  END                        0.0938   -0.07553  0.05569
  12.   180   D 1 - 2 S 3 ; D 1 - 2 S 3 - 4 ; D 1 - 2 ; D 1 S 2  END                    0.0916    0.01970 -0.08945
  13.    52   D 1 - 3 S 4 ; D 1 - 3 ; D 2 ; D 1 S 2  END                                0.0852    0.08524
  14.     3   D 1 - 3 ; D 1 - 2 S 3 ; S 1 D 2 ; D 1 - 2  END                            0.0838   -0.08375
  15.    64   D 1 - 3 ; D 1 - 2 S 3 ; D 1 S 2 ; D 1 S 2 - 3  END                        0.0823   -0.00841  0.08192
  16.   471   D 1 - 3 S 4 ; D 1 - 3 ; S 1 - 2 ; D 1 S 3  END                            0.0798    0.07518 -0.02667
  17.    43   D 1 - 3 S 4 ; D 1 - 3 ; S 1 - 2 ; D 1 S 2  END                            0.0784   -0.06401  0.04530
  18.  1873   D 1 - 2 S 3 - 4 ; D 1 - 3 S 4 ; D 1 S 2 ; D 1  END                        0.0765    0.06145 -0.04562
  19.  2547   D 1 - 2 S 4 ; D 1 - 3 ; D 1 - 2 ; D 1 S 3  END                            0.0733    0.07335
  20.   570   D 1 - 3 ; D 1 - 2 S 3 ; D 1 S 2 ; D 1 D 3  END                            0.0712    0.07119
  21.     9   D 1 S 2 D 3 ; D 1 - 3 ; D 1 - 2 ; D 1 S 2  END                            0.0708   -0.07075
  22.    13   D 1 - 3 S 4 ; D 1 - 3 ; D 1 - 2 ; S 1  END                                0.0707   -0.07069
  23.   557   D 1 - 4 ; D 1 - 2 S 3 ; D 1 S 2 ; D 1  END                                0.0693   -0.06932
  24.    20   D 1 - 3 ; D 1 - 3 S 5 ; D 1 S 2 ; D 1  END                                0.0652    0.06517
  25.    83   D 1 - 3 ; D 1 S 2 D 3 ; D 1 - 2 S 3 ; D 1  END                            0.0638    0.06376
  26.   441   D 1 - 3 S 4 ; D 1 - 3 ; D 1 ; D 1 S 3  END                                0.0573   -0.05731
  27.  3489   D 1 S 2 - 4 ; D 1 - 3 ; D 1 - 2 ; D 1 S 3  END                            0.0543   -0.01622 -0.05186
  28.   373   S 1 D 2 S 3 - 4 ; D 1 - 3 ; D 1 - 2 ; D 1 S 2  END                        0.0536    0.00536  0.05334
  29.    36   D 1 - 3 ; D 1 - 3 S 6 ; S 1 D 2 ; D 1  END                                0.0536    0.05359
  30.  4809   S 1 D 2 S 3 - 4 ; D 1 - 3 ; D 1 - 2 ; D 1 S 3  END                        0.0521   -0.00694 -0.05161
  31.   222   D 1 - 2 S 4 ; D 1 - 3 ; D 1 - 2 ; D 1 S 2  END                            0.0517   -0.05166
  32.    21   D 1 - 3 ; D 1 - 3 S 6 ; D 1 S 2 ; D 1  END                                0.0514   -0.05145
  33.  1892   D 1 - 2 S 3 ; D 1 - 3 ; D 1 S 2 - 3 ; S 1 - 3  END                        0.0508    0.04128  0.01444 -0.02513  0.00544
                                                                                                  0.00231
  34.    14   D 1 - 3 S 5 ; D 1 - 3 ; D 1 - 2 ; S 1  END                                0.0506   -0.05059
  35.   625   D 1 - 3 ; D 1 - 2 S 3 D 4 ; S 1 D 2 ; D 1  END                            0.0468    0.04681
  36.    11   S 1 D 2 - 3 ; D 1 - 3 ; D 1 - 2 ; D 1 S 2  END                            0.0466   -0.04663
  37.   501   D 1 - 3 S 4 ; D 1 - 3 ; D 2 ; D 1 S 3  END                                0.0455   -0.04546
  38.  1932   D 1 - 2 S 3 - 4 ; D 1 - 3 S 5 ; S 1 D 2 ; D 1  END                        0.0455   -0.04395 -0.01161
  39.  1950   D 1 - 2 S 3 ; D 1 - 3 ; S 1 D 2 S 3 ; S 1 - 3  END                        0.0436    0.03503  0.01310 -0.02230 -0.00127
                                                                                                  0.00010
  40.   632   D 1 - 3 ; D 1 - 2 S 3 ; S 1 D 2 ; D 1 D 3  END                            0.0433   -0.04334
  41.   321   S 1 D 2 - 3 ; D 1 - 3 ; D 1 - 2 ; D 1 S 3  END                            0.0428    0.04283
  42.  1934   D 1 - 2 S 3 S 5 ; D 1 - 3 S 4 ; S 1 D 2 ; D 1  END                        0.0422   -0.03050  0.02916
  43.  1875   D 1 - 2 S 3 - 4 ; D 1 - 3 S 6 ; D 1 S 2 ; D 1  END                        0.0421   -0.04180 -0.00473
  44.  2148   D 1 - 2 S 3 ; D 1 S 2 D 3 S 4 ; D 1 - 2 ; D 1 S 3  END                    0.0420    0.01332 -0.03985
  45.    44   D 1 - 3 S 5 ; D 1 - 3 ; S 1 - 2 ; D 1 S 2  END                            0.0418   -0.03503  0.02274
  46.  1933   D 1 - 2 S 3 - 4 ; D 1 - 3 S 6 ; S 1 D 2 ; D 1  END                        0.0414    0.04100  0.00602
  47.   627   D 1 - 3 ; D 1 - 2 S 3 - 4 S 6 ; S 1 D 2 ; D 1  END                        0.0413    0.03856 -0.01492
  48.  2037   D 1 - 2 S 3 - 4 ; D 1 - 2 S 3 ; D 1 - 2 S 3 ; D 1  END                    0.0400   -0.01023  0.03863
  49.   289   D 1 S 2 - 4 ; D 1 - 3 ; D 1 - 2 ; D 1 S 2  END                            0.0399    0.01970  0.03466
  50.   730   D 1 - 3 S 5 ; D 1 - 2 ; D 1 - 2 ; D 1 S 3  END                            0.0392   -0.03918
  51.    89   D 1 - 3 ; D 1 S 2 D 3 ; S 1 D 2 ; D 1 S 2 - 3  END                        0.0391   -0.00041  0.03914
  52.    93   D 1 - 3 S 4 ; D 1 S 2 - 3 ; D 1 - 2 ; D 1 S 2  END                        0.0391   -0.02023 -0.03347
  53.    86   D 1 - 3 ; D 1 S 2 D 3 ; D 1 S 2 ; D 1 S 2 - 3  END                        0.0388    0.00310 -0.03871
  54.   546   D 1 - 3 ; D 1 - 2 S 3 ; D 1 - 2 S 3 ; S 1 S 3  END                        0.0379    0.02671  0.02687
  55.   207   D 1 - 2 S 3 ; S 1 D 2 - 3 S 4 ; D 1 - 2 ; D 1 S 2  END                    0.0377    0.00468  0.03740
  56.  2206   D 1 - 2 S 3 - 5 ; D 1 S 2 - 3 ; D 1 - 2 ; D 1 S 2  END                    0.0377   -0.00513 -0.02613  0.01966  0.01596
                                                                                                 -0.00835
  57.   981   D 1 - 3 S 4 ; D 1 S 2 - 3 ; D 1 - 2 ; D 1 S 3  END                        0.0376    0.02066  0.03142
  58.     5   D 1 - 3 ; D 1 S 2 D 3 ; S 1 D 2 ; D 1 - 2  END                            0.0367    0.03667
  59.  1874   D 1 - 2 S 3 - 4 ; D 1 - 3 S 5 ; D 1 S 2 ; D 1  END                        0.0366    0.03484  0.01110
  60.   563   D 1 - 3 ; D 1 - 2 S 3 D 4 ; D 1 S 2 ; D 1  END                            0.0358   -0.03577
  61.   626   D 1 - 3 ; D 1 - 2 S 3 - 5 ; S 1 D 2 ; D 1  END                            0.0354   -0.03440  0.00845
  62.   564   D 1 - 3 ; D 1 - 2 S 3 - 5 ; D 1 S 2 ; D 1  END                            0.0352    0.03490 -0.00450
  63.   247   D 1 S 2 D 3 ; D 1 - 2 S 3 - 4 ; D 1 - 2 ; D 1 S 2  END                    0.0348    0.03013  0.01750
  64.   565   D 1 - 3 ; D 1 - 2 S 3 - 4 S 6 ; D 1 S 2 ; D 1  END                        0.0346   -0.03142  0.01447
  65.   472   D 1 - 3 S 5 ; D 1 - 3 ; S 1 - 2 ; D 1 S 3  END                            0.0345    0.03020 -0.01677
  66.   480   D 1 - 3 ; D 1 - 3 S 4 ; S 1 - 3 ; S 1 - 2  END                            0.0342   -0.00001  0.01623  0.02473  0.01038
                                                                                                  0.01372
  67.   290   D 1 S 2 - 3 S 5 ; D 1 - 3 ; D 1 - 2 ; D 1 S 2  END                        0.0339   -0.00571  0.03342
  68.   240   D 1 S 2 D 3 ; D 1 - 3 ; D 1 S 2 - 3 ; D 1 S 2  END                        0.0336    0.00326 -0.03349
  69.  1871   D 1 - 2 S 3 ; D 1 - 3 ; D 1 - 3 ; S 2  END                                0.0336   -0.03361
  70.   331   S 1 D 2 - 3 ; D 1 - 2 S 3 - 4 ; D 1 - 2 ; D 1 S 2  END                    0.0333    0.02385  0.02330
  71.    23   D 1 - 3 ; D 1 - 3 S 5 ; D 1 S 2 ; S 1 - 2  END                            0.0333   -0.02784  0.01830
  72.  4302   S 1 D 2 - 3 ; D 1 - 2 S 3 - 4 ; D 1 - 2 ; D 1 S 3  END                    0.0332   -0.02077 -0.02596
  73.   459   D 1 - 3 S 4 ; D 1 - 3 ; S 1 D 2 S 3 ; S 1  END                            0.0331   -0.03223 -0.00767
  74.   620   D 1 - 3 S 4 - 5 ; D 1 - 2 S 3 ; S 1 D 2 ; D 1  END                        0.0324    0.03236  0.00017
  75.    53   D 1 - 3 S 5 ; D 1 - 3 ; D 2 ; D 1 S 2  END                                0.0323    0.03235
  76.   871   D 1 - 4 ; D 1 S 2 D 3 ; S 1 D 2 ; D 1  END                                0.0322    0.03218
  77.   194   D 1 - 2 S 3 ; D 1 S 2 D 3 S 5 ; D 1 - 2 ; D 1 S 2  END                    0.0318    0.00677  0.03109
  78.   178   D 1 - 2 S 3 ; D 1 - 3 ; S 1 - 2 ; D 1 - 2 S 3  END                        0.0308    0.02728 -0.01440
  79.   172   D 1 - 2 S 3 ; D 1 - 3 ; D 1 - 2 ; D 2 S 3  END                            0.0306    0.03060
  80.    28   D 1 - 3 S 4 ; D 1 - 3 ; D 1 ; D 1 S 2  END                                0.0300    0.02998
  81.     2   D 1 - 3 ; D 1 - 2 S 3 ; D 1 S 2 ; D 1 - 2  END                            0.0299    0.02987
  82.  1879   D 1 - 2 S 3 S 6 ; D 1 - 3 S 4 ; D 1 S 2 ; D 1  END                        0.0298   -0.02651  0.01367
  83.  2982   D 1 S 2 D 3 ; D 1 - 2 S 3 - 4 ; D 1 - 2 ; D 1 S 3  END                    0.0298   -0.02640 -0.01383
  84.     6   D 1 - 3 ; S 1 D 2 - 3 ; D 1 S 2 ; D 1 - 2  END                            0.0294   -0.02944
  85.  6056   D 1 - 3 ; D 1 - 3 S 4 ; S 1 - 3 ; S 1 S 3  END                            0.0285   -0.00018  0.01036  0.02208  0.00549
                                                                                                  0.01370
  86.   822   D 1 - 3 ; D 1 S 2 D 3 ; D 1 S 2 ; D 1 D 3  END                            0.0284   -0.02843
  87.    10   D 1 S 2 D 3 ; D 1 - 3 ; D 1 - 2 ; S 1 D 2  END                            0.0282    0.02825
  88.   224   D 1 - 2 S 6 ; D 1 - 3 ; D 1 - 2 ; D 1 S 2  END                            0.0281    0.02808
  89.    30   D 1 - 3 S 6 ; D 1 - 3 ; D 1 ; D 1 S 2  END                                0.0274   -0.02739
  90.  2046   D 1 - 2 S 3 ; D 1 - 2 S 3 - 4 ; D 1 - 2 ; S 1 - 3  END                    0.0273   -0.02585  0.00644  0.00597 -0.00068
                                                                                                 -0.00092
  91.   193   D 1 - 2 S 3 ; D 1 S 2 D 3 S 4 ; D 1 - 2 ; D 1 S 2  END                    0.0273   -0.01047  0.02516
  92.   558   D 1 - 3 S 4 - 5 ; D 1 - 2 S 3 ; D 1 S 2 ; D 1  END                        0.0269   -0.02669  0.00354
  93.   177   D 1 - 2 S 3 ; D 1 - 3 ; S 1 D 2 S 3 ; S 1 D 2  END                        0.0264   -0.02304 -0.01279
  94.   182   D 1 - 2 S 3 ; D 1 - 2 S 3 S 6 ; D 1 - 2 ; D 1 S 2  END                    0.0262    0.01673  0.02019
  95.  2073   D 1 - 2 S 3 - 4 ; D 1 - 2 S 3 ; S 1 D 2 ; D 1 S 2 - 3  END                0.0261    0.02072 -0.00752 -0.00848 -0.00988
                                                                                                  0.00497
  96.  1876   D 1 - 2 S 3 S 5 ; D 1 - 3 S 4 ; D 1 S 2 ; D 1  END                        0.0260    0.01894 -0.01780
  97.   174   D 1 - 2 S 3 ; D 1 - 3 ; D 1 S 2 - 3 ; S 1 D 2  END                        0.0254   -0.02215 -0.01250
  98.  1872   D 1 - 2 S 3 ; D 1 - 3 ; D 1 - 2 ; S 2 D 3  END                            0.0253   -0.02527
  99.   442   D 1 - 3 S 5 ; D 1 - 3 ; D 1 ; D 1 S 3  END                                0.0252   -0.02522
 100.    62   D 1 - 3 ; D 1 - 2 S 3 ; D 1 - 2 S 3 ; S 1 - 2  END                        0.0252   -0.00398 -0.02488




 POSITION OF FIRST SPIN COUPLING FOR TEN MOST IMPORTANT CONFIGURATIONS
       1    237     19     37     73     38     89    349   4313     82



 ********************************
 RESULTS FOR ROOT   03
 TOTAL CI ENERGY =   -235.3052102
 ********************************

       CONF.                                                                           COEFF.
        NO.        SPACE ORBITAL PRODUCTS                                             CONTRIB.      CI COEFFICIENTS

       -----       ----------------------                                             --------   ---------------------
   1.    61   D 1 - 3 ; D 1 - 2 S 3 ; D 1 - 2 S 3 ; D 1  END                            0.6483   -0.64829
   2.    13   D 1 - 3 S 4 ; D 1 - 3 ; D 1 - 2 ; S 1  END                                0.5675    0.56748
   3.    83   D 1 - 3 ; D 1 S 2 D 3 ; D 1 - 2 S 3 ; D 1  END                            0.0965    0.09647
   4.   170   D 1 - 2 S 3 ; D 1 - 3 ; D 1 - 2 ; D 1 S 3  END                            0.0964    0.09639
   5.  2037   D 1 - 2 S 3 - 4 ; D 1 - 2 S 3 ; D 1 - 2 S 3 ; D 1  END                    0.0820   -0.05019  0.06483
   6.    34   D 1 - 3 ; D 1 - 3 S 4 ; S 1 D 2 ; D 1  END                                0.0677    0.06769
   7.   670   D 1 - 3 ; D 1 - 2 S 3 ; S 1 - 3 ; D 1 S 2 - 3  END                        0.0570   -0.00246 -0.00104 -0.00073 -0.04952
                                                                                                  0.02811
   8.    71   D 1 - 3 S 4 ; D 1 - 2 ; D 1 - 2 ; D 1 S 2  END                            0.0555   -0.05546
   9.   477   D 1 - 3 S 4 ; D 1 - 3 ; S 1 - 2 ; S 1 - 3  END                            0.0502    0.00191  0.00047  0.00160  0.04324
                                                                                                 -0.02533
  10.   537   D 1 - 3 S 4 ; D 1 - 2 S 3 - 4 ; D 1 - 2 ; S 1  END                        0.0500    0.00486 -0.04975
  11.   729   D 1 - 3 S 4 ; D 1 - 2 ; D 1 - 2 ; D 1 S 3  END                            0.0466   -0.04659
  12.  1847   D 1 - 2 S 3 - 4 S 6 ; D 1 - 3 ; D 1 - 2 ; S 1  END                        0.0429   -0.03911  0.01768
  13.  2980   D 1 S 2 D 3 S 5 ; D 1 - 2 S 3 ; D 1 - 2 S 3 ; D 1  END                    0.0411    0.03988  0.01005
  14.  2038   D 1 - 2 S 3 S 5 ; D 1 - 2 S 3 ; D 1 - 2 S 3 ; D 1  END                    0.0393    0.02900  0.02646
  15.   984   D 1 - 3 ; D 1 S 2 - 4 ; D 1 - 2 S 3 ; D 1  END                            0.0386   -0.01828  0.03402
  16.   790   D 1 - 3 S 4 ; D 1 S 2 D 3 S 5 ; D 1 - 2 ; S 1  END                        0.0373    0.02820  0.02444
  17. 11579   D 1 - 2 S 3 S 5 ; D 1 S 2 - 4 ; D 1 - 2 S 3 ; D 1  END                    0.0373    0.00327  0.02560  0.02002  0.01600
                                                                                                  0.00833
  18.    14   D 1 - 3 S 5 ; D 1 - 3 ; D 1 - 2 ; S 1  END                                0.0369    0.03687
  19.   289   D 1 S 2 - 4 ; D 1 - 3 ; D 1 - 2 ; D 1 S 2  END                            0.0356   -0.00819 -0.03467
  20.  2313   D 1 - 2 S 3 - 4 ; S 1 D 2 - 3 ; D 1 - 2 S 3 ; D 1  END                    0.0353   -0.03339 -0.01130
  21. 11574   D 1 - 2 S 3 - 4 ; D 1 S 2 - 4 ; D 1 - 2 S 3 ; D 1  END                    0.0350   -0.00490 -0.02669 -0.01008 -0.01853
                                                                                                 -0.00670
  22.  1398   D 1 - 3 ; S 1 D 2 S 3 - 4 ; D 1 - 2 S 3 ; D 1  END                        0.0348   -0.00262 -0.03467
  23.   734   D 1 - 3 ; D 1 - 2 S 6 ; D 1 - 2 S 3 ; D 1  END                            0.0348   -0.03476
  24.   985   D 1 - 3 ; D 1 S 2 - 3 S 5 ; D 1 - 2 S 3 ; D 1  END                        0.0346    0.00279 -0.03449
  25.  2145   D 1 - 2 S 3 - 4 ; D 1 S 2 D 3 ; D 1 - 2 S 3 ; D 1  END                    0.0343    0.01209 -0.03215
  26.   583   D 1 - 3 ; D 1 - 2 S 3 ; D 1 S 2 D 3 ; S 1 - 2  END                        0.0339   -0.02954  0.01667
  27.  1846   D 1 - 2 S 3 - 5 ; D 1 - 3 ; D 1 - 2 ; S 1  END                            0.0339   -0.02124  0.02640
  28.   569   D 1 - 3 ; D 1 - 2 S 3 ; D 1 S 2 D 3 ; D 1  END                            0.0334    0.03338
  29. 14858   D 1 - 2 ; D 1 - 2 S 3 D 4 ; D 1 - 2 S 3 ; D 1  END                        0.0326    0.03263
  30.   176   D 1 - 2 S 3 ; D 1 - 3 ; S 1 D 2 S 3 ; D 1 S 2  END                        0.0325    0.00044 -0.03249
  31. 10810   D 1 - 2 S 3 - 4 ; D 1 - 2 S 4 ; D 1 - 2 S 3 ; D 1  END                    0.0324    0.02358 -0.02220
  32.  1203   D 1 - 3 S 4 ; S 1 D 2 - 3 S 4 ; D 1 - 2 ; S 1  END                        0.0323    0.02365  0.02199
  33.  2043   D 1 - 2 S 3 - 4 ; D 1 - 2 S 3 ; D 1 - 2 S 3 ; S 1 - 2  END                0.0322   -0.01873  0.02452  0.00428  0.00451
                                                                                                  0.00686
  34.  1874   D 1 - 2 S 3 - 4 ; D 1 - 3 S 5 ; D 1 S 2 ; D 1  END                        0.0319   -0.03037  0.00976
  35.  2039   D 1 - 2 S 3 S 6 ; D 1 - 2 S 3 ; D 1 - 2 S 3 ; D 1  END                    0.0318    0.03136  0.00552
  36. 11030   D 1 - 2 S 3 - 5 ; D 1 S 2 D 3 S 4 ; D 1 - 2 ; S 1  END                    0.0317   -0.02123 -0.00990 -0.01537  0.01363
                                                                                                 -0.00568
  37.  4107   S 1 D 2 - 4 ; D 1 - 3 ; D 1 - 2 ; S 1  END                                0.0315    0.03149
  38.  6628   D 1 - 3 S 4 ; D 1 - 2 ; D 1 - 3 ; S 1  END                                0.0311   -0.03111
  39.    15   D 1 - 3 S 6 ; D 1 - 3 ; D 1 - 2 ; S 1  END                                0.0310   -0.03103
  40.  7516   D 1 - 3 S 4 - 5 ; D 1 S 2 ; D 1 - 2 S 3 ; D 1  END                        0.0308   -0.00363 -0.03059
  41.    19   D 1 - 3 ; D 1 - 3 S 4 ; D 1 S 2 ; D 1  END                                0.0306   -0.03060
  42.  6572   D 1 - 3 ; D 1 - 2 S 3 ; D 2 S 3 ; D 1 D 3  END                            0.0305    0.03047
  43.  2788   D 1 S 2 D 3 S 4 - 5 ; D 1 - 3 ; D 1 - 2 ; S 1  END                        0.0305   -0.02554  0.01663
  44.  1882   D 1 - 2 S 3 ; D 1 - 3 ; D 1 S 2 - 3 ; D 1 S 3  END                        0.0304    0.00181 -0.03031
  45. 12861   D 1 - 2 S 3 S 6 ; S 1 D 2 S 3 - 4 ; D 1 - 2 S 3 ; D 1  END                0.0303    0.00154 -0.02059 -0.01529 -0.01340
                                                                                                 -0.00885
  46.  6331   D 1 - 4 ; D 1 - 2 S 3 ; D 1 - 2 S 3  END                                  0.0302    0.03016
  47.    38   D 1 - 3 ; D 1 - 3 S 5 ; S 1 D 2 ; S 1 - 2  END                            0.0300   -0.02872  0.00861
  48.    70   D 1 - 3 ; D 1 - 2 S 3 ; D 2 S 3 ; D 1 - 2  END                            0.0298    0.02983
  49.   556   D 1 - 3 ; D 1 - 2 S 3 ; D 1 - 2 S 3 ; S 2 - 3  END                        0.0298    0.00003 -0.02976
  50.   435   D 1 - 3 S 4 ; D 1 - 3 ; D 1 S 2 - 3 ; S 2  END                            0.0297    0.00016 -0.02970
  51. 10266   D 1 - 2 S 3 - 5 ; D 1 - 2 S 3 - 4 ; D 1 - 2 ; S 1  END                    0.0295   -0.02418 -0.00534 -0.00901  0.01034
                                                                                                 -0.00827
  52.   238   D 1 S 2 D 3 ; D 1 - 3 ; D 1 - 2 ; S 1 - 3  END                            0.0292   -0.00098 -0.02916
  53.   645   D 1 - 3 ; D 1 - 2 S 3 ; S 1 D 2 - 3 ; S 1 - 2  END                        0.0291   -0.02546  0.01403
  54. 14304   D 1 - 2 S 4 ; D 1 - 4 ; D 1 - 2 ; S 1  END                                0.0286   -0.02861
  55.  7209   D 1 - 4 S 5 ; D 1 S 2 - 3 ; D 1 - 2 ; S 1  END                            0.0285   -0.02653  0.01048
  56.  6418   D 1 - 3 ; D 1 - 2 S 3 ; D 1 S 3 ; D 1 D 3  END                            0.0285    0.02852
  57. 10263   D 1 - 2 S 3 D 4 ; D 1 - 2 S 3 - 4 ; D 1 - 2 ; S 1  END                    0.0281   -0.00449  0.02771
  58.    73   D 1 - 3 S 6 ; D 1 - 2 ; D 1 - 2 ; D 1 S 2  END                            0.0280   -0.02797
  59.   631   D 1 - 3 ; D 1 - 2 S 3 ; S 1 D 2 - 3 ; D 1  END                            0.0278    0.02782
  60.  6173   D 1 - 3 S 4 ; D 1 - 3 ; D 2 ; S 1 D 3  END                                0.0277   -0.02771
  61.  2058   D 1 - 2 S 3 ; D 1 - 2 S 3 - 4 ; D 1 S 2 - 3 ; D 1 S 2  END                0.0277   -0.02385  0.00187 -0.00857 -0.00804
                                                                                                  0.00751
  62.    66   D 1 - 3 ; D 1 - 2 S 3 ; D 1 S 3 ; D 1 - 2  END                            0.0276    0.02765
  63.  6374   D 1 - 3 ; D 1 - 2 S 3 ; D 1 S 2 D 3 ; S 1 S 3  END                        0.0272   -0.02375  0.01325
  64.   243   D 1 S 2 D 3 ; D 1 - 3 ; S 1 D 2 S 3 ; D 1 S 2  END                        0.0271    0.00799  0.02589
  65.  3001   D 1 S 2 D 3 ; D 1 - 2 S 3 S 5 ; D 1 S 2 - 3 ; D 1 S 2  END                0.0268    0.02053  0.00396  0.01101  0.01112
                                                                                                 -0.00620
  66.  2787   D 1 S 2 D 3 - 4 ; D 1 - 3 ; D 1 - 2 ; S 1  END                            0.0268   -0.02682
  67.  6356   D 1 - 3 S 4 ; D 1 - 2 S 3 - 4 ; D 1 S 2 - 3 ; S 1  END                    0.0267    0.01382 -0.01330 -0.00916 -0.00977
                                                                                                 -0.01293
  68.   733   D 1 - 3 ; D 1 - 2 S 5 ; D 1 - 2 S 3 ; D 1  END                            0.0266   -0.02663
  69.  1940   D 1 - 2 S 3 ; D 1 - 3 ; S 1 D 2 S 3 ; D 1 S 3  END                        0.0266    0.00743  0.02556
  70. 12311   D 1 - 2 S 3 - 4 S 6 ; S 1 D 2 - 3 S 4 ; D 1 - 2 ; S 1  END                0.0263    0.01766  0.00690  0.01129 -0.01373
                                                                                                  0.00419
  71.   543   D 1 - 3 S 6 ; D 1 - 2 S 3 - 4 ; D 1 - 2 ; S 1  END                        0.0263   -0.01799 -0.01916
  72.    55   D 1 - 3 S 4 ; D 1 - 3 ; D 2 ; S 1 D 2  END                                0.0261   -0.02614
  73.    20   D 1 - 3 ; D 1 - 3 S 5 ; D 1 S 2 ; D 1  END                                0.0260   -0.02601
  74. 16961   D 1 S 2 D 3 ; D 1 - 2 S 3 S 5 ; S 1 D 2 S 3 ; D 1 S 3  END                0.0258    0.01924  0.00407  0.01044  0.01140
                                                                                                 -0.00642
  75.  6444   D 1 - 3 S 4 ; D 1 - 2 S 3 - 4 ; S 1 D 2 S 3 ; S 1  END                    0.0257    0.01623 -0.01312 -0.00736 -0.00794
                                                                                                 -0.01045
  76.    72   D 1 - 3 S 5 ; D 1 - 2 ; D 1 - 2 ; D 1 S 2  END                            0.0257   -0.02572
  77.    16   D 1 - 3 S 4 ; D 1 - 3 ; D 1 - 2 ; S 2  END                                0.0256   -0.02561
  78.   747   D 1 - 3 S 4 ; D 1 - 2 ; D 1 S 2 - 3 ; D 1 S 2  END                        0.0255   -0.01567  0.02014
  79.   433   D 1 - 3 ; D 1 - 3 S 5 ; D 1 S 2 ; S 1 S 3  END                            0.0254   -0.02421  0.00768
  80.   465   D 1 - 3 S 4 ; D 1 - 3 ; S 1 D 2 S 3 ; S 2  END                            0.0254   -0.00031 -0.02539
  81.  5935   D 1 - 3 S 4 ; D 1 - 3 ; D 1 ; S 1 D 3  END                                0.0251   -0.02506
  82.  6796   D 1 - 3 S 4 ; D 1 - 2 ; S 1 D 2 S 3 ; D 1 S 3  END                        0.0250   -0.01552  0.01965
  83.   571   D 1 - 4 ; D 1 - 2 S 3 ; D 1 S 2 ; S 1 - 2  END                            0.0249    0.01131 -0.02222
  84.   626   D 1 - 3 ; D 1 - 2 S 3 - 5 ; S 1 D 2 ; D 1  END                            0.0249    0.02447 -0.00479
  85.   475   D 1 - 3 ; D 1 - 3 S 5 ; S 1 - 3 ; D 1  END                                0.0249    0.02172 -0.01211
  86.  6036   D 1 - 3 S 4 ; D 1 - 3 ; S 1 - 2 D 3 ; S 1  END                            0.0245   -0.02092  0.01266
  87.   540   D 1 - 3 S 5 ; D 1 - 2 S 3 - 4 ; D 1 - 2 ; S 1  END                        0.0244    0.01024 -0.02217
  88.    31   D 1 - 3 S 4 ; D 1 - 3 ; D 1 ; S 1 D 2  END                                0.0242   -0.02418
  89.  1223   D 1 - 4 ; S 1 D 2 - 3 ; D 1 S 2 ; D 1  END                                0.0241    0.02412
  90.  6441   D 1 - 4 ; D 1 - 2 S 3 ; S 1 D 2 ; S 1 S 3  END                            0.0240    0.01004 -0.02180
  91.   247   D 1 S 2 D 3 ; D 1 - 2 S 3 - 4 ; D 1 - 2 ; D 1 S 2  END                    0.0240   -0.00349  0.02372
  92.  2824   D 1 S 2 D 3 ; D 1 - 3 ; D 1 S 2 - 3 ; D 1 S 3  END                        0.0239    0.00785  0.02260
  93.    63   D 1 - 3 ; D 1 - 2 S 3 ; D 1 - 2 S 3 ; D 2  END                            0.0239    0.02388
  94. 14844   D 1 - 2 S 4 - 5 ; D 1 - 2 S 3 ; D 1 - 2 S 3 ; D 1  END                    0.0238    0.00574  0.02307
  95.   119   D 1 - 3 ; S 1 D 2 - 3 ; D 1 - 2 S 3 ; D 1  END                            0.0237    0.02369
  96.  4809   S 1 D 2 S 3 - 4 ; D 1 - 3 ; D 1 - 2 ; D 1 S 3  END                        0.0235    0.00397  0.02318
  97.  2826   D 1 S 2 D 3 S 4 ; D 1 - 3 S 5 ; D 1 S 2 ; S 1 - 2  END                    0.0235   -0.01768 -0.00555 -0.00894 -0.00851
                                                                                                  0.00755
  98.    36   D 1 - 3 ; D 1 - 3 S 6 ; S 1 D 2 ; D 1  END                                0.0235   -0.02351
  99.   557   D 1 - 4 ; D 1 - 2 S 3 ; D 1 S 2 ; D 1  END                                0.0235    0.02349
 100.  5898   D 1 - 3 S 4 ; D 1 - 3 ; D 1 S 2 - 3 ; S 3  END                            0.0234   -0.00022 -0.02342




 POSITION OF FIRST SPIN COUPLING FOR TEN MOST IMPORTANT CONFIGURATIONS
      73     13    101    237   4307     37   1178     89    761    881



 ********************************
 RESULTS FOR ROOT   04
 TOTAL CI ENERGY =   -235.2224887
 ********************************

       CONF.                                                                           COEFF.
        NO.        SPACE ORBITAL PRODUCTS                                             CONTRIB.      CI COEFFICIENTS

       -----       ----------------------                                             --------   ---------------------
   1.    13   D 1 - 3 S 4 ; D 1 - 3 ; D 1 - 2 ; S 1  END                                0.4390    0.43904
   2.   170   D 1 - 2 S 3 ; D 1 - 3 ; D 1 - 2 ; D 1 S 3  END                            0.3592   -0.35925
   3.    34   D 1 - 3 ; D 1 - 3 S 4 ; S 1 D 2 ; D 1  END                                0.3135   -0.31352
   4.    14   D 1 - 3 S 5 ; D 1 - 3 ; D 1 - 2 ; S 1  END                                0.2456    0.24559
   5.    61   D 1 - 3 ; D 1 - 2 S 3 ; D 1 - 2 S 3 ; D 1  END                            0.2355    0.23548
   6.    83   D 1 - 3 ; D 1 S 2 D 3 ; D 1 - 2 S 3 ; D 1  END                            0.2278   -0.22781
   7.     1   D 1 - 2 S 3 ; D 1 - 3 ; D 1 - 2 ; D 1 S 2  END                            0.1789   -0.17889
   8.    19   D 1 - 3 ; D 1 - 3 S 4 ; D 1 S 2 ; D 1  END                                0.1333   -0.13329
   9.    71   D 1 - 3 S 4 ; D 1 - 2 ; D 1 - 2 ; D 1 S 2  END                            0.1060    0.10600
  10.     9   D 1 S 2 D 3 ; D 1 - 3 ; D 1 - 2 ; D 1 S 2  END                            0.1004   -0.10038
  11.   619   D 1 - 4 ; D 1 - 2 S 3 ; S 1 D 2 ; D 1  END                                0.0992    0.09917
  12.   729   D 1 - 3 S 4 ; D 1 - 2 ; D 1 - 2 ; D 1 S 3  END                            0.0930    0.09299
  13.  2037   D 1 - 2 S 3 - 4 ; D 1 - 2 S 3 ; D 1 - 2 S 3 ; D 1  END                    0.0919    0.00268 -0.09189
  14.    20   D 1 - 3 ; D 1 - 3 S 5 ; D 1 S 2 ; D 1  END                                0.0909    0.09086
  15.   557   D 1 - 4 ; D 1 - 2 S 3 ; D 1 S 2 ; D 1  END                                0.0860    0.08598
  16.   537   D 1 - 3 S 4 ; D 1 - 2 S 3 - 4 ; D 1 - 2 ; S 1  END                        0.0848    0.06597 -0.05330
  17.    16   D 1 - 3 S 4 ; D 1 - 3 ; D 1 - 2 ; S 2  END                                0.0569   -0.05692
  18.    62   D 1 - 3 ; D 1 - 2 S 3 ; D 1 - 2 S 3 ; S 1 - 2  END                        0.0560   -0.05187 -0.02108
  19.   429   D 1 - 3 S 4 ; D 1 - 3 ; D 1 S 2 - 3 ; S 1  END                            0.0521    0.04185  0.03096
  20.    37   D 1 - 3 ; D 1 - 3 S 4 ; S 1 D 2 ; S 1 - 2  END                            0.0474   -0.04086  0.02400
  21.   176   D 1 - 2 S 3 ; D 1 - 3 ; S 1 D 2 S 3 ; D 1 S 2  END                        0.0451    0.00129  0.04513
  22.   129   D 1 - 3 S 4 ; S 1 D 2 S 3 ; D 1 - 2 ; D 1 S 2  END                        0.0442    0.02152 -0.03865
  23.   119   D 1 - 3 ; S 1 D 2 - 3 ; D 1 - 2 S 3 ; D 1  END                            0.0434    0.04339
  24.  1846   D 1 - 2 S 3 - 5 ; D 1 - 3 ; D 1 - 2 ; S 1  END                            0.0432   -0.01353  0.04099
  25.   539   D 1 - 3 S 4 ; D 1 - 2 S 3 S 6 ; D 1 - 2 ; S 1  END                        0.0431    0.04129  0.01221
  26.   432   D 1 - 3 ; D 1 - 3 S 4 ; D 1 S 2 ; S 1 S 3  END                            0.0424   -0.03771  0.01944
  27.  2316   D 1 - 2 S 3 ; S 1 D 2 - 3 S 4 ; D 1 - 2 ; D 1 S 3  END                    0.0413   -0.00349 -0.04114
  28.  1882   D 1 - 2 S 3 ; D 1 - 3 ; D 1 S 2 - 3 ; D 1 S 3  END                        0.0409   -0.00184  0.04088
  29.  2979   D 1 S 2 D 3 S 4 ; D 1 - 2 S 3 ; D 1 - 2 S 3 ; D 1  END                    0.0403    0.01687  0.03663
  30.   538   D 1 - 3 S 4 ; D 1 - 2 S 3 S 5 ; D 1 - 2 ; S 1  END                        0.0402    0.03995 -0.00443
  31.   423   D 1 - 3 S 4 ; D 1 - 3 ; D 1 - 2 ; S 3  END                                0.0401   -0.04006
  32.   569   D 1 - 3 ; D 1 - 2 S 3 ; D 1 S 2 D 3 ; D 1  END                            0.0397   -0.03967
  33.  4299   S 1 D 2 - 3 S 4 ; D 1 - 2 S 3 ; D 1 - 2 S 3 ; D 1  END                    0.0396   -0.02685 -0.02913
  34.   171   D 1 - 2 S 3 ; D 1 - 3 ; D 1 - 2 ; S 1 - 3  END                            0.0395   -0.00304  0.03937
  35.  1937   D 1 - 2 S 3 S 6 ; D 1 - 3 S 4 ; S 1 D 2 ; D 1  END                        0.0390    0.03460 -0.01796
  36.  1857   D 1 - 2 S 3 ; D 1 - 3 ; D 1 - 3 ; S 1  END                                0.0385   -0.03850
  37.   559   D 1 - 3 S 4 S 6 ; D 1 - 2 S 3 ; D 1 S 2 ; D 1  END                        0.0382    0.01744 -0.03396
  38.  2146   D 1 - 2 S 3 S 5 ; D 1 S 2 D 3 ; D 1 - 2 S 3 ; D 1  END                    0.0380    0.03092  0.02210
  39.   789   D 1 - 3 S 4 ; D 1 S 2 D 3 S 4 ; D 1 - 2 ; S 1  END                        0.0379   -0.03558 -0.01300
  40.    67   D 1 - 3 ; D 1 - 2 S 3 ; S 1 D 2 ; D 1 S 2 - 3  END                        0.0377    0.01012 -0.03627
  41.   477   D 1 - 3 S 4 ; D 1 - 3 ; S 1 - 2 ; S 1 - 3  END                            0.0375    0.00047  0.00148  0.00115  0.03302
                                                                                                 -0.01775
  42.  2038   D 1 - 2 S 3 S 5 ; D 1 - 2 S 3 ; D 1 - 2 S 3 ; D 1  END                    0.0365   -0.02658 -0.02507
  43.    72   D 1 - 3 S 5 ; D 1 - 2 ; D 1 - 2 ; D 1 S 2  END                            0.0355    0.03548
  44.   463   D 1 - 3 ; D 1 - 3 S 5 ; S 1 D 2 ; S 1 S 3  END                            0.0354    0.03108 -0.01701
  45.    15   D 1 - 3 S 6 ; D 1 - 3 ; D 1 - 2 ; S 1  END                                0.0353    0.03529
  46.   426   D 1 - 3 ; D 1 - 3 S 4 ; D 1 - 2 S 3  END                                  0.0350   -0.03501
  47.   631   D 1 - 3 ; D 1 - 2 S 3 ; S 1 D 2 - 3 ; D 1  END                            0.0330   -0.03300
  48.  1873   D 1 - 2 S 3 - 4 ; D 1 - 3 S 4 ; D 1 S 2 ; D 1  END                        0.0329    0.02808 -0.01723
  49.  1845   D 1 - 2 S 3 D 4 ; D 1 - 3 ; D 1 - 2 ; S 1  END                            0.0329   -0.03291
  50.  3492   D 1 S 2 - 3 ; D 1 - 3 S 4 ; D 1 - 2 S 3 ; D 1  END                        0.0328    0.00992  0.03124
  51.   222   D 1 - 2 S 4 ; D 1 - 3 ; D 1 - 2 ; D 1 S 2  END                            0.0328   -0.03276
  52.   809   D 1 - 4 ; D 1 S 2 D 3 ; D 1 S 2 ; D 1  END                                0.0324   -0.03240
  53.  1974   D 1 - 2 S 3 ; D 1 - 3 ; S 1 - 2 ; D 1 S 2 D 3  END                        0.0322   -0.02791  0.01611
  54.   471   D 1 - 3 S 4 ; D 1 - 3 ; S 1 - 2 ; D 1 S 3  END                            0.0321    0.02040 -0.02478
  55.  2882   D 1 S 2 D 3 ; D 1 - 3 ; S 1 D 2 S 3 ; D 1 S 3  END                        0.0316   -0.00016  0.03162
  56.   732   D 1 - 3 ; D 1 - 2 S 4 ; D 1 - 2 S 3 ; D 1  END                            0.0314   -0.03137
  57.   193   D 1 - 2 S 3 ; D 1 S 2 D 3 S 4 ; D 1 - 2 ; D 1 S 2  END                    0.0311   -0.00865  0.02989
  58.   180   D 1 - 2 S 3 ; D 1 - 2 S 3 - 4 ; D 1 - 2 ; D 1 S 2  END                    0.0308   -0.00187 -0.03076
  59.  2549   D 1 - 2 S 6 ; D 1 - 3 ; D 1 - 2 ; D 1 S 3  END                            0.0306   -0.03064
  60. 11030   D 1 - 2 S 3 - 5 ; D 1 S 2 D 3 S 4 ; D 1 - 2 ; S 1  END                    0.0306   -0.02378 -0.01036 -0.01576  0.00314
                                                                                                 -0.00162
  61.   207   D 1 - 2 S 3 ; S 1 D 2 - 3 S 4 ; D 1 - 2 ; D 1 S 2  END                    0.0304   -0.00142 -0.03041
  62.   792   D 1 - 3 S 5 ; D 1 S 2 D 3 S 4 ; D 1 - 2 ; S 1  END                        0.0304   -0.02775 -0.01248
  63.  3490   D 1 S 2 - 3 S 5 ; D 1 - 3 ; D 1 - 2 ; D 1 S 3  END                        0.0304   -0.00176 -0.03035
  64.   540   D 1 - 3 S 5 ; D 1 - 2 S 3 - 4 ; D 1 - 2 ; S 1  END                        0.0304    0.02961 -0.00689
  65.     3   D 1 - 3 ; D 1 - 2 S 3 ; S 1 D 2 ; D 1 - 2  END                            0.0303   -0.03034
  66.  1876   D 1 - 2 S 3 S 5 ; D 1 - 3 S 4 ; D 1 S 2 ; D 1  END                        0.0303    0.02082 -0.02194
  67.  2145   D 1 - 2 S 3 - 4 ; D 1 S 2 D 3 ; D 1 - 2 S 3 ; D 1  END                    0.0302    0.01697  0.02501
  68.  1852   D 1 - 2 S 3 ; D 1 - 3 S 4 - 5 ; D 1 - 2 ; S 1  END                        0.0302    0.03005 -0.00247
  69.    89   D 1 - 3 ; D 1 S 2 D 3 ; S 1 D 2 ; D 1 S 2 - 3  END                        0.0300    0.00632  0.02937
  70.   459   D 1 - 3 S 4 ; D 1 - 3 ; S 1 D 2 S 3 ; S 1  END                            0.0300    0.01939  0.02291
  71.  1935   D 1 - 2 S 3 S 5 ; D 1 - 3 S 5 ; S 1 D 2 ; D 1  END                        0.0290   -0.02652  0.01170
  72. 10266   D 1 - 2 S 3 - 5 ; D 1 - 2 S 3 - 4 ; D 1 - 2 ; S 1  END                    0.0289   -0.02479 -0.00668 -0.01256  0.00142
                                                                                                 -0.00417
  73.  1879   D 1 - 2 S 3 S 6 ; D 1 - 3 S 4 ; D 1 S 2 ; D 1  END                        0.0289    0.02477 -0.01479
  74.   321   S 1 D 2 - 3 ; D 1 - 3 ; D 1 - 2 ; D 1 S 3  END                            0.0282    0.02825
  75.    43   D 1 - 3 S 4 ; D 1 - 3 ; S 1 - 2 ; D 1 S 2  END                            0.0282   -0.00598  0.02760
  76.   621   D 1 - 3 S 4 S 6 ; D 1 - 2 S 3 ; S 1 D 2 ; D 1  END                        0.0279    0.01025 -0.02597
  77.  1395   D 1 - 3 S 4 ; S 1 D 2 S 3 ; D 1 - 2 ; D 1 S 3  END                        0.0279    0.01673 -0.02230
  78.   474   D 1 - 3 ; D 1 - 3 S 4 ; S 1 - 3 ; D 1  END                                0.0279   -0.02269  0.01620
  79.    64   D 1 - 3 ; D 1 - 2 S 3 ; D 1 S 2 ; D 1 S 2 - 3  END                        0.0277   -0.01750  0.02142
  80.   984   D 1 - 3 ; D 1 S 2 - 4 ; D 1 - 2 S 3 ; D 1  END                            0.0269    0.01974 -0.01821
  81. 11572   D 1 - 2 S 3 - 5 ; D 1 S 2 - 3 ; D 1 - 2 ; D 1 S 3  END                    0.0266    0.00286  0.01855 -0.01386 -0.01144
                                                                                                  0.00569
  82.    35   D 1 - 3 ; D 1 - 3 S 5 ; S 1 D 2 ; D 1  END                                0.0266    0.02656
  83.   546   D 1 - 3 ; D 1 - 2 S 3 ; D 1 - 2 S 3 ; S 1 S 3  END                        0.0265   -0.02618 -0.00431
  84.   632   D 1 - 3 ; D 1 - 2 S 3 ; S 1 D 2 ; D 1 D 3  END                            0.0264   -0.02639
  85.    23   D 1 - 3 ; D 1 - 3 S 5 ; D 1 S 2 ; S 1 - 2  END                            0.0263    0.02262 -0.01349
  86.   224   D 1 - 2 S 6 ; D 1 - 3 ; D 1 - 2 ; D 1 S 2  END                            0.0261   -0.02607
  87.   563   D 1 - 3 ; D 1 - 2 S 3 D 4 ; D 1 S 2 ; D 1  END                            0.0259   -0.02595
  88.  2800   D 1 S 2 D 3 ; D 1 - 3 ; D 1 - 2 ; S 1 D 3  END                            0.0259   -0.02594
  89.   472   D 1 - 3 S 5 ; D 1 - 3 ; S 1 - 2 ; D 1 S 3  END                            0.0259    0.02397 -0.00974
  90.  2149   D 1 - 2 S 3 ; D 1 S 2 D 3 S 5 ; D 1 - 2 ; D 1 S 3  END                    0.0258   -0.00246 -0.02571
  91.   501   D 1 - 3 S 4 ; D 1 - 3 ; D 2 ; D 1 S 3  END                                0.0250   -0.02500
  92.   237   D 1 S 2 D 3 ; D 1 - 3 ; D 1 - 2 ; D 1 S 3  END                            0.0249   -0.02494
  93.  1849   D 1 - 2 S 3 S 5 - 6 ; D 1 - 3 ; D 1 - 2 ; S 1  END                        0.0249   -0.02405  0.00635
  94.  2055   D 1 - 2 S 3 - 4 ; D 1 - 2 S 3 ; D 1 S 2 ; D 1 S 2 - 3  END                0.0248    0.01933 -0.00702 -0.01067 -0.00197
                                                                                                 -0.00873
  95.    36   D 1 - 3 ; D 1 - 3 S 6 ; S 1 D 2 ; D 1  END                                0.0248    0.02476
  96.   179   D 1 - 2 S 3 ; D 1 - 3 ; D 2 ; D 1 - 2 S 3  END                            0.0245    0.02448
  97.   878   D 1 - 3 ; D 1 S 2 D 3 S 4 - 5 ; S 1 D 2 ; D 1  END                        0.0244    0.02194 -0.01075
  98.  3090   D 1 S 2 D 3 ; D 1 S 2 D 3 S 4 ; D 1 - 2 ; D 1 S 3  END                    0.0243    0.00209  0.02418
  99.    53   D 1 - 3 S 5 ; D 1 - 3 ; D 2 ; D 1 S 2  END                                0.0240    0.02398
 100.  1291   D 1 - 3 ; S 1 D 2 - 4 ; S 1 D 2 ; D 1  END                                0.0240   -0.02398




 POSITION OF FIRST SPIN COUPLING FOR TEN MOST IMPORTANT CONFIGURATIONS
      13    237     37     14     73    101      1     19     89      9



 ********************************
 RESULTS FOR ROOT   05
 TOTAL CI ENERGY =   -234.6348106
 ********************************

       CONF.                                                                           COEFF.
        NO.        SPACE ORBITAL PRODUCTS                                             CONTRIB.      CI COEFFICIENTS

       -----       ----------------------                                             --------   ---------------------
   1.    19   D 1 - 3 ; D 1 - 3 S 4 ; D 1 S 2 ; D 1  END                                0.4793   -0.47927
   2.    34   D 1 - 3 ; D 1 - 3 S 4 ; S 1 D 2 ; D 1  END                                0.4723    0.47234
   3.     1   D 1 - 2 S 3 ; D 1 - 3 ; D 1 - 2 ; D 1 S 2  END                            0.3757    0.37569
   4.   170   D 1 - 2 S 3 ; D 1 - 3 ; D 1 - 2 ; D 1 S 3  END                            0.3742   -0.37421
   5.    11   S 1 D 2 - 3 ; D 1 - 3 ; D 1 - 2 ; D 1 S 2  END                            0.0594    0.05939
   6.   321   S 1 D 2 - 3 ; D 1 - 3 ; D 1 - 2 ; D 1 S 3  END                            0.0582   -0.05825
   7.   237   D 1 S 2 D 3 ; D 1 - 3 ; D 1 - 2 ; D 1 S 3  END                            0.0572   -0.05716
   8.   625   D 1 - 3 ; D 1 - 2 S 3 D 4 ; S 1 D 2 ; D 1  END                            0.0555   -0.05554
   9.  1931   D 1 - 2 S 3 - 4 ; D 1 - 3 S 4 ; S 1 D 2 ; D 1  END                        0.0548    0.00831 -0.05421
  10.   480   D 1 - 3 ; D 1 - 3 S 4 ; S 1 - 3 ; S 1 - 2  END                            0.0536    0.00021 -0.02230 -0.04066 -0.01212
                                                                                                 -0.02401
  11.  2547   D 1 - 2 S 4 ; D 1 - 3 ; D 1 - 2 ; D 1 S 3  END                            0.0527    0.05274
  12.   247   D 1 S 2 D 3 ; D 1 - 2 S 3 - 4 ; D 1 - 2 ; D 1 S 2  END                    0.0496   -0.00183 -0.04959
  13.  1932   D 1 - 2 S 3 - 4 ; D 1 - 3 S 5 ; S 1 D 2 ; D 1  END                        0.0495   -0.03969  0.02954
  14.   563   D 1 - 3 ; D 1 - 2 S 3 D 4 ; D 1 S 2 ; D 1  END                            0.0491    0.04909
  15.  1873   D 1 - 2 S 3 - 4 ; D 1 - 3 S 4 ; D 1 S 2 ; D 1  END                        0.0474   -0.01075  0.04621
  16.  2982   D 1 S 2 D 3 ; D 1 - 2 S 3 - 4 ; D 1 - 2 ; D 1 S 3  END                    0.0474    0.00386  0.04721
  17.  1892   D 1 - 2 S 3 ; D 1 - 3 ; D 1 S 2 - 3 ; S 1 - 3  END                        0.0466    0.03778  0.01342 -0.02374 -0.00223
                                                                                                 -0.00002
  18.    52   D 1 - 3 S 4 ; D 1 - 3 ; D 2 ; D 1 S 2  END                                0.0458   -0.04584
  19.  6056   D 1 - 3 ; D 1 - 3 S 4 ; S 1 - 3 ; S 1 S 3  END                            0.0445    0.00009 -0.01677 -0.03448 -0.01056
                                                                                                 -0.01999
  20.  1874   D 1 - 2 S 3 - 4 ; D 1 - 3 S 5 ; D 1 S 2 ; D 1  END                        0.0431    0.03452 -0.02576
  21.   627   D 1 - 3 ; D 1 - 2 S 3 - 4 S 6 ; S 1 D 2 ; D 1  END                        0.0406   -0.03606  0.01875
  22.   222   D 1 - 2 S 4 ; D 1 - 3 ; D 1 - 2 ; D 1 S 2  END                            0.0399   -0.03987
  23.  1950   D 1 - 2 S 3 ; D 1 - 3 ; S 1 D 2 S 3 ; S 1 - 3  END                        0.0392    0.03206  0.01149 -0.01939 -0.00011
                                                                                                 -0.00155
  24.    83   D 1 - 3 ; D 1 S 2 D 3 ; D 1 - 2 S 3 ; D 1  END                            0.0387   -0.03874
  25.   620   D 1 - 3 S 4 - 5 ; D 1 - 2 S 3 ; S 1 D 2 ; D 1  END                        0.0374   -0.03345 -0.01670
  26.   565   D 1 - 3 ; D 1 - 2 S 3 - 4 S 6 ; D 1 S 2 ; D 1  END                        0.0372    0.03252 -0.01800
  27.   471   D 1 - 3 S 4 ; D 1 - 3 ; S 1 - 2 ; D 1 S 3  END                            0.0371   -0.03558  0.01043
  28.    93   D 1 - 3 S 4 ; D 1 S 2 - 3 ; D 1 - 2 ; D 1 S 2  END                        0.0362   -0.03356 -0.01362
  29.    14   D 1 - 3 S 5 ; D 1 - 3 ; D 1 - 2 ; S 1  END                                0.0361    0.03613
  30.  2040   D 1 - 2 S 3 ; D 1 - 2 S 3 - 4 ; D 1 - 2 ; D 1 S 3  END                    0.0352   -0.03434  0.00780
  31.   180   D 1 - 2 S 3 ; D 1 - 2 S 3 - 4 ; D 1 - 2 ; D 1 S 2  END                    0.0348    0.03344 -0.00982
  32.  4135   S 1 D 2 - 3 S 4 ; D 1 - 3 S 4 ; D 1 S 2 ; D 1  END                        0.0343    0.03358 -0.00682
  33.  2042   D 1 - 2 S 3 ; D 1 - 2 S 3 S 6 ; D 1 - 2 ; D 1 S 3  END                    0.0337   -0.00710 -0.03294
  34.    36   D 1 - 3 ; D 1 - 3 S 6 ; S 1 D 2 ; D 1  END                                0.0335    0.03345
  35.  7280   D 1 - 3 S 4 - 5 ; D 1 S 2 - 4 ; D 1 S 2 ; D 1  END                        0.0331   -0.00093 -0.00043 -0.00203  0.00502
                                                                                                  0.03265
  36.  4193   S 1 D 2 - 3 S 4 ; D 1 - 3 S 4 ; S 1 D 2 ; D 1  END                        0.0329   -0.03220  0.00693
  37.  7382   D 1 - 3 S 4 - 5 ; D 1 S 2 - 4 ; S 1 D 2 ; D 1  END                        0.0328    0.00156  0.00002  0.00248 -0.00484
                                                                                                 -0.03235
  38.   626   D 1 - 3 ; D 1 - 2 S 3 - 5 ; S 1 D 2 ; D 1  END                            0.0328    0.03279  0.00015
  39.   558   D 1 - 3 S 4 - 5 ; D 1 - 2 S 3 ; D 1 S 2 ; D 1  END                        0.0319    0.02878  0.01382
  40.   441   D 1 - 3 S 4 ; D 1 - 3 ; D 1 ; D 1 S 3  END                                0.0318    0.03183
  41.  4809   S 1 D 2 S 3 - 4 ; D 1 - 3 ; D 1 - 2 ; D 1 S 3  END                        0.0318    0.00018 -0.03178
  42.    38   D 1 - 3 ; D 1 - 3 S 5 ; S 1 D 2 ; S 1 - 2  END                            0.0316   -0.02377  0.02087
  43.   557   D 1 - 4 ; D 1 - 2 S 3 ; D 1 S 2 ; D 1  END                                0.0316    0.03156
  44.   243   D 1 S 2 D 3 ; D 1 - 3 ; S 1 D 2 S 3 ; D 1 S 2  END                        0.0314    0.00520 -0.03098
  45.   816   D 1 - 3 ; D 1 S 2 D 3 S 4 - 5 ; D 1 S 2 ; D 1  END                        0.0311    0.02536 -0.01797
  46.   182   D 1 - 2 S 3 ; D 1 - 2 S 3 S 6 ; D 1 - 2 ; D 1 S 2  END                    0.0310    0.00726  0.03018
  47.  2818   D 1 S 2 D 3 S 5 ; D 1 - 3 S 4 ; D 1 S 2 ; D 1  END                        0.0305    0.02828 -0.01138
  48.  2206   D 1 - 2 S 3 - 5 ; D 1 S 2 - 3 ; D 1 - 2 ; D 1 S 2  END                    0.0302   -0.00281 -0.02009  0.01548  0.01497
                                                                                                 -0.00630
  49.  2149   D 1 - 2 S 3 ; D 1 S 2 D 3 S 5 ; D 1 - 2 ; D 1 S 3  END                    0.0295   -0.00373 -0.02928
  50.  6119   D 1 - 3 ; D 1 - 3 S 4 ; S 1 D 3 ; D 1  END                                0.0295   -0.02946
  51.  2876   D 1 S 2 D 3 S 5 ; D 1 - 3 S 4 ; S 1 D 2 ; D 1  END                        0.0291   -0.02775  0.00884
  52.   331   S 1 D 2 - 3 ; D 1 - 2 S 3 - 4 ; D 1 - 2 ; D 1 S 2  END                    0.0289   -0.01109 -0.02672
  53.   619   D 1 - 4 ; D 1 - 2 S 3 ; S 1 D 2 ; D 1  END                                0.0289   -0.02890
  54. 10024   D 1 - 2 S 3 - 4 ; D 1 - 3 S 4 ; S 1 - 3 ; D 1  END                        0.0289    0.02706 -0.00560 -0.00127 -0.00791
                                                                                                 -0.00238
  55.  4410   S 1 D 2 - 3 ; D 1 S 2 D 3 S 4 ; D 1 - 2 ; D 1 S 3  END                    0.0287   -0.00496 -0.02822
  56.   878   D 1 - 3 ; D 1 S 2 D 3 S 4 - 5 ; S 1 D 2 ; D 1  END                        0.0286   -0.02232  0.01782
  57.   459   D 1 - 3 S 4 ; D 1 - 3 ; S 1 D 2 S 3 ; S 1  END                            0.0285    0.02784  0.00619
  58.  1936   D 1 - 2 S 3 S 5 ; D 1 - 3 S 6 ; S 1 D 2 ; D 1  END                        0.0284    0.02533 -0.01278
  59.  6017   D 1 - 3 ; D 1 - 3 S 4 ; S 1 D 2 - 3  END                                  0.0279   -0.02787
  60.  5915   D 1 - 3 ; D 1 - 3 S 4 ; D 1 S 2 D 3  END                                  0.0278    0.02780
  61.   373   S 1 D 2 S 3 - 4 ; D 1 - 3 ; D 1 - 2 ; D 1 S 2  END                        0.0278    0.00093  0.02775
  62.   172   D 1 - 2 S 3 ; D 1 - 3 ; D 1 - 2 ; D 2 S 3  END                            0.0276    0.02764
  63.  4302   S 1 D 2 - 3 ; D 1 - 2 S 3 - 4 ; D 1 - 2 ; D 1 S 3  END                    0.0276    0.01012  0.02567
  64. 11572   D 1 - 2 S 3 - 5 ; D 1 S 2 - 3 ; D 1 - 2 ; D 1 S 3  END                    0.0270    0.00240  0.01739 -0.01463 -0.01329
                                                                                                  0.00548
  65.  1878   D 1 - 2 S 3 S 5 ; D 1 - 3 S 6 ; D 1 S 2 ; D 1  END                        0.0270   -0.02345  0.01332
  66.  3490   D 1 S 2 - 3 S 5 ; D 1 - 3 ; D 1 - 2 ; D 1 S 3  END                        0.0270    0.00249 -0.02684
  67.     7   D 1 - 3 ; S 1 D 2 - 3 ; S 1 D 2 ; D 1 - 2  END                            0.0268   -0.02682
  68.  2097   D 1 - 2 S 3 D 4 ; D 1 - 2 ; D 1 - 2 ; D 1 S 2  END                        0.0264   -0.02644
  69.   433   D 1 - 3 ; D 1 - 3 S 5 ; D 1 S 2 ; S 1 S 3  END                            0.0263    0.02106 -0.01574
  70. 10506   D 1 - 2 S 3 - 4 ; D 1 - 2 S 3 D 4 ; S 1 D 2 ; D 1  END                    0.0262   -0.02379 -0.01105
  71.  1871   D 1 - 2 S 3 ; D 1 - 3 ; D 1 - 3 ; S 2  END                                0.0262   -0.02616
  72. 10336   D 1 - 2 S 3 - 4 ; D 1 - 2 S 3 D 4 ; D 1 S 2 ; D 1  END                    0.0261    0.02305  0.01215
  73.  2607   D 1 - 2 S 4 ; D 1 - 2 S 3 - 4 ; D 1 - 2 ; D 1 S 2  END                    0.0258    0.02162  0.01416
  74.   492   D 1 - 3 ; D 1 - 3 S 4 ; S 1 ; D 1 S 2 - 3  END                            0.0258   -0.00106  0.02574
  75.  6685   D 1 - 4 ; D 1 - 2 S 4 ; D 1 S 2 ; D 1  END                                0.0256    0.02565
  76.  6787   D 1 - 4 ; D 1 - 2 S 4 ; S 1 D 2 ; D 1  END                                0.0255   -0.02555
  77.   564   D 1 - 3 ; D 1 - 2 S 3 - 5 ; D 1 S 2 ; D 1  END                            0.0254   -0.02517 -0.00345
  78.  6255   D 1 - 3 ; D 1 - 3 S 4 ; S 2 D 3 ; D 1  END                                0.0252    0.02524
  79.  2046   D 1 - 2 S 3 ; D 1 - 2 S 3 - 4 ; D 1 - 2 ; S 1 - 3  END                    0.0251   -0.02360  0.00604  0.00615  0.00028
                                                                                                  0.00087
  80.  2824   D 1 S 2 D 3 ; D 1 - 3 ; D 1 S 2 - 3 ; D 1 S 3  END                        0.0251   -0.00340  0.02488
  81.    62   D 1 - 3 ; D 1 - 2 S 3 ; D 1 - 2 S 3 ; S 1 - 2  END                        0.0245   -0.01700 -0.01768
  82.  3489   D 1 S 2 - 4 ; D 1 - 3 ; D 1 - 2 ; D 1 S 3  END                            0.0243   -0.01677 -0.01762
  83.  1879   D 1 - 2 S 3 S 6 ; D 1 - 3 S 4 ; D 1 S 2 ; D 1  END                        0.0243    0.02315 -0.00743
  84.   194   D 1 - 2 S 3 ; D 1 S 2 D 3 S 5 ; D 1 - 2 ; D 1 S 2  END                    0.0243    0.00367  0.02398
  85.   981   D 1 - 3 S 4 ; D 1 S 2 - 3 ; D 1 - 2 ; D 1 S 3  END                        0.0242    0.02195  0.01022
  86.   344   S 1 D 2 - 3 ; D 1 S 2 D 3 S 4 ; D 1 - 2 ; D 1 S 2  END                    0.0240    0.00330  0.02380
  87.  8201   D 1 - 3 ; S 1 D 2 - 3 S 4 - 5 ; S 1 - 3 ; D 1  END                        0.0237   -0.02042 -0.00641  0.00203 -0.00995
                                                                                                  0.00100
  88.    35   D 1 - 3 ; D 1 - 3 S 5 ; S 1 D 2 ; D 1  END                                0.0237    0.02369
  89.   450   D 1 - 3 ; D 1 - 3 S 4 ; D 1 S 3 ; S 1 - 2  END                            0.0237   -0.02017 -0.01242
  90.   871   D 1 - 4 ; D 1 S 2 D 3 ; S 1 D 2 ; D 1  END                                0.0237   -0.02366
  91.  1872   D 1 - 2 S 3 ; D 1 - 3 ; D 1 - 2 ; S 2 D 3  END                            0.0235   -0.02354
  92.   445   D 1 - 3 ; D 1 - 3 S 5 ; D 1 S 3 ; D 1  END                                0.0232    0.02317
  93.    43   D 1 - 3 S 4 ; D 1 - 3 ; S 1 - 2 ; D 1 S 2  END                            0.0231    0.01441 -0.01804
  94.  9866   D 1 - 2 S 3 ; D 1 - 3 ; D 1 - 3 ; S 3  END                                0.0230    0.02302
  95.  1229   D 1 - 3 ; S 1 D 2 - 4 ; D 1 S 2 ; D 1  END                                0.0230   -0.02300
  96.   178   D 1 - 2 S 3 ; D 1 - 3 ; S 1 - 2 ; D 1 - 2 S 3  END                        0.0228    0.01908 -0.01241
  97.  1937   D 1 - 2 S 3 S 6 ; D 1 - 3 S 4 ; S 1 D 2 ; D 1  END                        0.0227   -0.02138  0.00760
  98.  2055   D 1 - 2 S 3 - 4 ; D 1 - 2 S 3 ; D 1 S 2 ; D 1 S 2 - 3  END                0.0226    0.01812 -0.00201 -0.00359 -0.00724
                                                                                                 -0.01068
  99.  6356   D 1 - 3 S 4 ; D 1 - 2 S 3 - 4 ; D 1 S 2 - 3 ; S 1  END                    0.0226   -0.01861  0.01255 -0.00138  0.00058
                                                                                                 -0.00173
 100. 23474   S 1 D 2 - 3 S 4 ; D 1 - 2 S 3 - 4 S 6 ; D 1 S 2 ; D 1  END                0.0225   -0.00198 -0.01609 -0.01114 -0.00799
                                                                                                 -0.00742




 POSITION OF FIRST SPIN COUPLING FOR TEN MOST IMPORTANT CONFIGURATIONS
      19     37      1    237     11    493    349   1056   4045    776



 ELAPSED TIME =     108.37 CPU SECONDS. (    110.71 WALL CLOCK SECONDS)
