 ************************************************************************
 * RTSIM - DAVIDSON METHOD SPARSE MATRIX EIGENVALUE/EIGENVECTOR PROGRAM *
 * QUANTUM CHEMISTRY GROUP - INDIANA UNIVERSITY - 12May 2016  10:55:50  *
 ************************************************************************



                 DIAGONALIZATION RUN TITLE
                 -------------------------
 )* WATER TEST *



 ) DAVIDSON
 ) LAST=5
 ) COEFF
 ) NOVLP
 ) MAXITR=1000 END

 THE CI MATRIX IS TITLED:  H2O  -SINGLET A1-  STO-3G HF SD-CI TEST
 THE MATRIX IS DATED:     12May 2016  10:55:26 
 THE SPIN MULTIPLICITY IS 1 AND THE DIMENSION IS 335280.

 ROOTS  1 THROUGH  5 WILL BE OBTAINED.

  
  
  
 AMOUNT OF CORE AVAILABLE                      80000000
 MAXIMUM NUMBER OF VECTORS PER ITERATION              5
 MAXIMUM NUMBER OF VECTORS ON DISK                   25
 NUMBER OF SOLUTIONS SOUGHT                           5
 NUMBER OF SOLUTIONS INVESTIGATED                     5
 SIZE OF MATRIX DIAGONALISED                     335280
  
  
 INITIAL GUESS AT ROOTS (OBTAINED FROM DIAGONAL ELEMENTS OF HAMILTONIAN MATRIX)

              231        -232.60506
                5        -232.60506
                1        -232.52860
              230        -232.52860
              332        -231.42402


 ITERATION       ROOT           EIGENVALUE          NORM OF RESIDUAL
     1             1          -233.11989284              6.69779
     1             2          -232.85219255              6.65188
     1             3          -232.27773909              6.34567
     1             4          -232.14065060              6.37636
     1             5          -231.30087134              6.44981
     2             1          -236.36861822              9.14226
     2             2          -236.08552145              9.45900
     2             3          -234.96604573              7.79866
     2             4          -234.84630707              7.94788
     2             5          -232.47841659             12.24320
     2             1          -236.36861822              3.59767
     2             2          -236.08552145              3.57798
     2             3          -234.96604573              2.73872
     2             4          -234.84630707              3.12157
     2             5          -232.47841659              5.03494
     3             1          -237.05711362              6.58479
     3             2          -236.78747713              6.94607
     3             3          -235.32197619             11.53031
     3             4          -235.28997259             11.80920
     3             5          -234.19737183             10.33799
     3             1          -237.05711362              1.48440
     3             2          -236.78747713              1.62788
     3             3          -235.32197619              1.03717
     3             4          -235.28997259              1.05454
     3             5          -234.19737183              2.26784
     4             1          -237.17563093              2.55688
     4             2          -236.95278087              3.51984
     4             3          -235.37907023              7.50773
     4             4          -235.34343848              7.49887
     4             5          -234.50354427              4.76760
     4             1          -237.17563093              0.70839
     4             2          -236.95278087              0.92193
     4             3          -235.37907023              0.44325
     4             4          -235.34343848              0.38823
     4             5          -234.50354427              1.27052
     5             1          -237.20526104              1.52023
     5             2          -237.00817858              2.65055
     5             3          -235.39204385              2.03433
     5             4          -235.35331484              1.78486
     5             5          -234.76401108             12.37896
  truncating with vlp=false 
 TRUNCATION TO 1 VECTOR PER ROOT HAS BEEN PERFORMED
     5             1          -237.20526104              0.31730
     5             2          -237.00817858              0.47141
     5             3          -235.39204385              0.26996
     5             4          -235.35331484              0.21039
     5             5          -234.76401108              1.75544
     6             1          -237.21006661              0.35973
     6             2          -237.01810250              0.54035
     6             3          -235.39600128              0.76193
     6             4          -235.35584079              0.55643
     6             5          -234.93052527              2.35290
     6             1          -237.21006661              0.15552
     6             2          -237.01810250              0.22189
     6             3          -235.39600128              0.16480
     6             4          -235.35584079              0.13119
     6             5          -234.93052527              1.00299
     7             1          -237.21174633              0.38422
     7             2          -237.02157109              0.56665
     7             3          -235.39946434              1.53009
     7             4          -235.35775056              0.91781
     7             5          -235.08316014              6.45741
     7             1          -237.21174633              0.09415
     7             2          -237.02157109              0.13059
     7             3          -235.39946434              0.18003
     7             4          -235.35775056              0.11787
     7             5          -235.08316014              1.20736
     8             1          -237.21224686              0.22566
     8             2          -237.02269245              0.36178
     8             3          -235.40305099              2.52357
     8             4          -235.35892376              1.43752
     8             5          -235.20487997              6.61521
     8             1          -237.21224686              0.04279
     8             2          -237.02269245              0.07074
     8             3          -235.40305099              0.16532
     8             4          -235.35892376              0.08643
     8             5          -235.20487997              0.77948
     9             1          -237.21235373              0.10450
     9             2          -237.02302394              0.20346
     9             3          -235.40591084              2.27003
     9             4          -235.35962777              1.40472
     9             5          -235.25325626              4.21541
  truncating with vlp=false 
 TRUNCATION TO 1 VECTOR PER ROOT HAS BEEN PERFORMED
     9             1          -237.21235373              0.01867
     9             2          -237.02302394              0.03184
     9             3          -235.40591084              0.11876
     9             4          -235.35962777              0.05955
     9             5          -235.25325626              0.43213
    10             1          -237.21236742              0.01976
    10             2          -237.02306676              0.03812
    10             3          -235.40668735              0.51467
    10             4          -235.35982365              0.33056
    10             5          -235.26294967              0.85931
    10             1          -237.21236742              0.00967
    10             2          -237.02306676              0.01452
    10             3          -235.40668735              0.06574
    10             4          -235.35982365              0.03609
    10             5          -235.26294967              0.22699
    11             1          -237.21237391              0.03182
    11             2          -237.02308149              0.04650
    11             3          -235.40705490              0.43553
    11             4          -235.35994481              0.27537
    11             5          -235.26735784              0.99998
    11             1          -237.21237391              0.00590
    11             2          -237.02308149              0.00891
    11             3          -235.40705490              0.04497
    11             4          -235.35994481              0.02800
    11             5          -235.26735784              0.15702
    12             1          -237.21237565              0.01856
    12             2          -237.02308626              0.03340
    12             3          -235.40721544              0.30139
    12             4          -235.36000110              0.18819
    12             5          -235.26935649              0.89140
    12             1          -237.21237565              0.00295
    12             2          -237.02308626              0.00511
    12             3          -235.40721544              0.02897
    12             4          -235.36000110              0.01794
    12             5          -235.26935649              0.10362
    13             1          -237.21237608              0.00914
    13             2          -237.02308788              0.02194
    13             3          -235.40728843              0.22476
    13             4          -235.36002679              0.13247
    13             5          -235.27033472              0.80105
  truncating with vlp=false 
 TRUNCATION TO 1 VECTOR PER ROOT HAS BEEN PERFORMED
    13             1          -237.21237608              0.00147
    13             2          -237.02308788              0.00321
    13             3          -235.40728843              0.02579
    13             4          -235.36002679              0.01467
    13             5          -235.27033472              0.09539
    14             1          -237.21237617              0.00166
    14             2          -237.02308829              0.00329
    14             3          -235.40731996              0.03823
    14             4          -235.36003756              0.02343
    14             5          -235.27077211              0.12504
    14             1          -237.21237617              0.00084
    14             2          -237.02308829              0.00155
    14             3          -235.40731996              0.01411
    14             4          -235.36003756              0.00903
    14             5          -235.27077211              0.05261
    15             1          -237.21237622              0.00270
    15             2          -237.02308845              0.00486
    15             3          -235.40733962              0.07184
    15             4          -235.36004540              0.04916
    15             5          -235.27105381              0.26951
    15             1          -237.21237622              0.00051
    15             2          -237.02308845              0.00096
    15             3          -235.40733962              0.01131
    15             4          -235.36004540              0.00788
    15             5          -235.27105381              0.04390
    16             1          -237.21237623              0.00156
    16             2          -237.02308850              0.00355
    16             3          -235.40735019              0.06984
    16             4          -235.36004974              0.04526
    16             5          -235.27121784              0.28280
    16             1          -237.21237623              0.00024
    16             2          -237.02308850              0.00053
    16             3          -235.40735019              0.00822
    16             4          -235.36004974              0.00531
    16             5          -235.27121784              0.03299
    17             1          -237.21237623              0.00080
    17             2          -237.02308852              0.00222
    17             3          -235.40735618              0.06361
    17             4          -235.36005197              0.03765
    17             5          -235.27131847              0.27347
  truncating with vlp=false 
 TRUNCATION TO 1 VECTOR PER ROOT HAS BEEN PERFORMED
    17             1          -237.21237623              0.00014
    17             2          -237.02308852              0.00036
    17             3          -235.40735618              0.00727
    17             4          -235.36005197              0.00445
    17             5          -235.27131847              0.03058
    18             1          -237.21237623              0.00015
    18             2          -237.02308853              0.00038
    18             3          -235.40735870              0.00936
    18             4          -235.36005295              0.00591
    18             5          -235.27136399              0.03980
    18             1          -237.21237623              0.00008
    18             2          -237.02308853              0.00018
    18             3          -235.40735870              0.00373
    18             4          -235.36005295              0.00273
    18             5          -235.27136399              0.01607
     ROOT    ITERATION     NUMBER OF PRODUCTS       EIGENVALUE
       1        18                85                -237.2123762332


    19             2          -237.02308853              0.00051
    19             3          -235.40735989              0.01352
    19             4          -235.36005360              0.01098
    19             5          -235.27138724              0.06176
    19             2          -237.02308853              0.00012
    19             3          -235.40735989              0.00291
    19             4          -235.36005360              0.00237
    19             5          -235.27138724              0.01318
    20             2          -237.02308853              0.00038
    20             3          -235.40736057              0.01478
    20             4          -235.36005396              0.01072
    20             5          -235.27140146              0.07023
    20             2          -237.02308853              0.00006
    20             3          -235.40736057              0.00209
    20             4          -235.36005396              0.00158
    20             5          -235.27140146              0.00974
     ROOT    ITERATION     NUMBER OF PRODUCTS       EIGENVALUE
       2        20                93                -237.0230885280


    21             3          -235.40736097              0.01447
    21             4          -235.36005414              0.00917
    21             5          -235.27141048              0.07266
    21             3          -235.40736097              0.00207
    21             4          -235.36005414              0.00137
    21             5          -235.27141048              0.01001
    22             3          -235.40736138              0.02011
    22             4          -235.36005433              0.01362
    22             5          -235.27142095              0.11119
  truncating with vlp=false 
 TRUNCATION TO 1 VECTOR PER ROOT HAS BEEN PERFORMED
    22             3          -235.40736138              0.00092
    22             4          -235.36005433              0.00085
    22             5          -235.27142095              0.00497
    23             3          -235.40736141              0.00098
    23             4          -235.36005437              0.00095
    23             5          -235.27142198              0.00529
    23             3          -235.40736141              0.00040
    23             4          -235.36005437              0.00041
    23             5          -235.27142198              0.00220
    24             3          -235.40736142              0.00110
    24             4          -235.36005438              0.00131
    24             5          -235.27142230              0.00619
    24             3          -235.40736142              0.00027
    24             4          -235.36005438              0.00031
    24             5          -235.27142230              0.00151
    25             3          -235.40736143              0.00106
    25             4          -235.36005438              0.00161
    25             5          -235.27142244              0.00655
    25             3          -235.40736143              0.00015
    25             4          -235.36005438              0.00020
    25             5          -235.27142244              0.00089
    26             3          -235.40736143              0.00053
    26             4          -235.36005439              0.00085
    26             5          -235.27142249              0.00337
    26             3          -235.40736143              0.00009
    26             4          -235.36005439              0.00013
    26             5          -235.27142249              0.00055
     ROOT    ITERATION     NUMBER OF PRODUCTS       EIGENVALUE
       3        26               111                -235.4073614305


    27             4          -235.36005439              0.00095
    27             5          -235.27142252              0.00421
    27             4          -235.36005439              0.00011
    27             5          -235.27142252              0.00047
    28             4          -235.36005439              0.00099
    28             5          -235.27142254              0.00434
    28             4          -235.36005439              0.00009
    28             5          -235.27142254              0.00036
     ROOT    ITERATION     NUMBER OF PRODUCTS       EIGENVALUE
       4        28               115                -235.3600543888


    29             5          -235.27142255              0.00290
    29             5          -235.27142255              0.00029
    30             5          -235.27142255              0.00200
    30             5          -235.27142255              0.00016
    31             5          -235.27142255              0.00073
    31             5          -235.27142255              0.00010
     ROOT    ITERATION     NUMBER OF PRODUCTS       EIGENVALUE
       5        31               118                -235.2714225545


  all roots converged 
  

 ************************************
 COMPLETED CI VECTOR OPTIMISATION
 ************************************





 ********************************
 RESULTS FOR ROOT   01
 TOTAL CI ENERGY =   -237.2123762
 ********************************

       CONF.                                                                           COEFF.
        NO.        SPACE ORBITAL PRODUCTS                                             CONTRIB.      CI COEFFICIENTS

       -----       ----------------------                                             --------   ---------------------
   1.     1   D 1 - 3 S 4 ; D 1 - 3 ; D 1 S 2 ; D 1  END                                0.4732   -0.47318
   2.   160   D 1 - 3 ; D 1 - 2 S 3 ; D 1 - 2 ; D 1 S 2  END                            0.4025   -0.40246
   3.     5   D 1 - 3 S 4 ; D 1 - 3 ; S 1 D 2 ; D 1  END                                0.3508    0.35079
   4.   161   D 1 - 3 ; D 1 - 2 S 3 ; D 1 - 2 ; D 1 S 3  END                            0.3279    0.32788
   5.   163   D 1 - 3 ; D 1 S 2 D 3 ; D 1 - 2 ; D 1 S 3  END                            0.1471   -0.14708
   6.   158   D 1 - 3 S 5 ; D 1 - 3 ; S 1 D 2 ; D 1  END                                0.1433    0.14333
   7.   156   D 1 - 3 S 5 ; D 1 - 3 ; D 1 S 2 ; D 1  END                                0.0933   -0.09329
   8.   162   D 1 - 3 ; D 1 S 2 D 3 ; D 1 - 2 ; D 1 S 2  END                            0.0898    0.08981
   9.   128   D 1 - 3 S 4 ; D 1 - 2 S 3 - 4 ; S 1 D 2 ; D 1  END                        0.0798   -0.07133 -0.03579
  10.   212   D 1 - 2 S 3 - 4 ; D 1 - 2 S 3 ; D 1 - 2 ; D 1 S 3  END                    0.0776    0.06459  0.04302
  11.   129   D 1 - 3 S 4 ; D 1 - 2 S 3 S 5 ; S 1 D 2 ; D 1  END                        0.0756   -0.06993 -0.02865
  12.   278   D 1 S 2 D 3 S 4 ; D 1 - 2 S 3 ; D 1 - 2 ; D 1 S 3  END                    0.0747   -0.05876 -0.04614
  13.   217   D 1 - 2 S 3 ; D 1 - 3 ; D 1 - 2 S 3 ; D 1  END                            0.0683   -0.06828
  14.   153   D 1 - 3 ; D 1 - 3 S 4 ; D 1 - 2 ; S 1  END                                0.0681   -0.06810
  15.   127   D 1 - 3 S 4 ; D 1 - 2 S 3 S 6 ; D 1 S 2 ; D 1  END                        0.0644   -0.05913 -0.02546
  16.   359   S 1 D 2 - 3 S 4 ; D 1 - 2 S 3 ; D 1 - 2 ; D 1 S 2  END                    0.0630    0.04950  0.03901
  17.   125   D 1 - 3 S 4 ; D 1 - 2 S 3 - 4 ; D 1 S 2 ; D 1  END                        0.0609    0.05079  0.03367
  18.   130   D 1 - 3 S 4 ; D 1 - 2 S 3 S 6 ; S 1 D 2 ; D 1  END                        0.0599    0.05444  0.02501
  19.     7   D 1 - 2 S 3 D 4 ; D 1 - 3 ; S 1 D 2 ; D 1  END                            0.0598   -0.05984
  20.   360   S 1 D 2 - 3 S 4 ; D 1 - 2 S 3 ; D 1 - 2 ; D 1 S 3  END                    0.0591   -0.04754 -0.03519
  21.   211   D 1 - 2 S 3 - 4 ; D 1 - 2 S 3 ; D 1 - 2 ; D 1 S 2  END                    0.0564   -0.04884 -0.02820
  22.  1239   D 1 - 3 S 4 ; D 1 - 3 ; S 1 - 3 ; S 1 - 2  END                            0.0518    0.00023 -0.02512 -0.03725 -0.01444
                                                                                                 -0.02127
  23.   126   D 1 - 3 S 4 ; D 1 - 2 S 3 S 5 ; D 1 S 2 ; D 1  END                        0.0514    0.04725  0.02020
  24.   277   D 1 S 2 D 3 S 4 ; D 1 - 2 S 3 ; D 1 - 2 ; D 1 S 2  END                    0.0506    0.04006  0.03085
  25.     6   D 1 - 2 S 3 D 4 ; D 1 - 3 ; D 1 S 2 ; D 1  END                            0.0482    0.04816
  26.     9   D 1 S 2 D 3 - 4 ; D 1 - 3 ; S 1 D 2 ; D 1  END                            0.0481    0.04806
  27.  1738   D 1 - 3 ; D 1 - 2 S 4 ; D 1 - 2 ; D 1 S 3  END                            0.0454   -0.04538
  28.  1240   D 1 - 3 S 4 ; D 1 - 3 ; S 1 - 3 ; S 1 S 3  END                            0.0437   -0.00030 -0.01946 -0.03224 -0.01111
                                                                                                 -0.01910
  29.  3443   D 1 S 2 D 3 ; D 1 - 3 ; D 1 S 2 ; D 1 S 2 - 3  END                        0.0433    0.00168  0.04322
  30. 10731   D 1 - 3 ; D 1 - 2 S 3 ; D 1 S 2 - 3 ; S 1 - 3  END                        0.0429   -0.03487 -0.01215  0.02176 -0.00163
                                                                                                 -0.00081
  31.    10   S 1 D 2 - 4 ; D 1 - 3 ; D 1 S 2 ; D 1  END                                0.0428   -0.04284
  32.  1694   D 1 - 3 ; D 1 - 3 S 5 ; S 1 - 2 ; D 1 S 2  END                            0.0425    0.03794 -0.01915
  33.   273   D 1 S 2 D 3 S 4 - 5 ; D 1 - 3 ; D 1 S 2 ; D 1  END                        0.0406    0.03389 -0.02242
  34.  1695   D 1 - 3 ; D 1 - 3 S 5 ; S 1 - 2 ; D 1 S 3  END                            0.0404   -0.03506  0.02010
  35.   135   D 1 - 3 S 4 ; D 1 S 2 D 3 S 5 ; D 1 S 2 ; D 1  END                        0.0398   -0.03108 -0.02486
  36.  1740   D 1 - 3 ; D 1 - 2 S 5 ; D 1 - 2 ; D 1 S 3  END                            0.0385   -0.03852
  37.    11   S 1 D 2 - 4 ; D 1 - 3 ; S 1 D 2 ; D 1  END                                0.0377    0.03773
  38.  1697   D 1 - 3 ; D 1 - 3 S 6 ; S 1 - 2 ; D 1 S 3  END                            0.0369    0.03295 -0.01666
  39.  1737   D 1 - 3 ; D 1 - 2 S 4 ; D 1 - 2 ; D 1 S 2  END                            0.0364    0.03641
  40.   357   S 1 D 2 - 3 S 4 - 5 ; D 1 - 3 ; S 1 D 2 ; D 1  END                        0.0364   -0.02640  0.02501
  41.   139   D 1 - 3 S 4 ; D 1 S 2 D 3 S 6 ; S 1 D 2 ; D 1  END                        0.0363   -0.02859 -0.02244
  42.   165   D 1 - 3 ; S 1 D 2 - 3 ; D 1 - 2 ; D 1 S 3  END                            0.0363   -0.03629
  43.  1693   D 1 - 3 ; D 1 - 3 S 4 ; S 1 - 2 ; D 1 S 3  END                            0.0358   -0.03350  0.01262
  44.  3456   D 1 S 2 D 3 ; D 1 - 3 ; S 1 D 2 ; D 1 S 2 - 3  END                        0.0355    0.00019 -0.03553
  45.  1680   D 1 - 3 ; D 1 - 3 S 5 ; D 1 ; D 1 S 3  END                                0.0349    0.03493
  46. 10783   D 1 - 3 ; D 1 - 2 S 3 ; S 1 D 2 S 3 ; S 1 - 3  END                        0.0344   -0.02812 -0.01033  0.01696  0.00068
                                                                                                  0.00007
  47.   159   D 1 - 3 S 6 ; D 1 - 3 ; S 1 D 2 ; D 1  END                                0.0340   -0.03398
  48.   275   D 1 S 2 D 3 S 4 - 5 ; D 1 - 3 ; S 1 D 2 ; D 1  END                        0.0340   -0.02740  0.02005
  49.  1741   D 1 - 3 ; D 1 - 2 S 6 ; D 1 - 2 ; D 1 S 2  END                            0.0337   -0.03373
  50.   138   D 1 - 3 S 4 ; D 1 S 2 D 3 S 5 ; S 1 D 2 ; D 1  END                        0.0336    0.02646  0.02076
  51.     8   D 1 S 2 D 3 - 4 ; D 1 - 3 ; D 1 S 2 ; D 1  END                            0.0332   -0.03322
  52.  1208   D 1 - 3 S 4 ; D 1 - 3 ; D 1 S 2 D 3  END                                  0.0328    0.03282
  53.   279   D 1 S 2 D 3 S 4 ; D 1 S 2 D 3 ; D 1 - 2 ; D 1 S 2  END                    0.0326   -0.02923 -0.01434
  54.  1776   D 1 - 3 ; D 1 S 2 - 3 S 5 ; D 1 - 2 ; D 1 S 2  END                        0.0324    0.00182 -0.03237
  55.  1692   D 1 - 3 ; D 1 - 3 S 4 ; S 1 - 2 ; D 1 S 2  END                            0.0324    0.02473 -0.02092
  56.  1742   D 1 - 3 ; D 1 - 2 S 6 ; D 1 - 2 ; D 1 S 3  END                            0.0319    0.03191
  57.  1720   D 1 - 3 S 5 ; D 1 - 2 S 3 S 5 ; D 1 S 2 ; D 1  END                        0.0317    0.02518  0.01924
  58.  1681   D 1 - 3 ; D 1 - 3 S 6 ; D 1 ; D 1 S 2  END                                0.0316    0.03165
  59.  4775   S 1 D 2 - 3 ; D 1 - 3 ; S 1 D 2 ; D 1 S 2 - 3  END                        0.0316   -0.00126 -0.03156
  60.  1678   D 1 - 3 ; D 1 - 3 S 4 ; D 1 ; D 1 S 3  END                                0.0315    0.03150
  61.  3458   D 1 S 2 D 3 S 5 ; D 1 - 2 S 3 ; D 1 - 2 ; D 1 S 2  END                    0.0314    0.02911  0.01171
  62.  1250   D 1 - 3 S 4 ; D 1 - 3 ; S 1 D 3 ; D 1  END                                0.0313   -0.03133
  63.  1779   D 1 - 3 ; D 1 S 2 - 3 S 6 ; D 1 - 2 ; D 1 S 3  END                        0.0313    0.00659 -0.03060
  64.  2502   D 1 - 2 S 3 ; D 1 - 3 ; D 1 S 2 ; D 1 S 2 - 3  END                        0.0313    0.00544 -0.03081
  65.  2361   D 1 - 2 S 3 - 5 ; D 1 - 2 S 3 - 4 ; D 1 S 2 ; D 1  END                    0.0307    0.02495  0.00566  0.01465 -0.00586
                                                                                                  0.00635
  66.  2398   D 1 - 2 S 3 - 5 ; D 1 S 2 D 3 S 4 ; D 1 S 2 ; D 1  END                    0.0307    0.02156  0.01028  0.01557 -0.01039
                                                                                                  0.00476
  67.  4761   S 1 D 2 - 3 ; D 1 - 3 ; D 1 S 2 ; D 1 - 2  END                            0.0306    0.03064
  68.  4778   S 1 D 2 - 3 S 5 ; D 1 - 2 S 3 ; D 1 - 2 ; D 1 S 3  END                    0.0305   -0.02834 -0.01138
  69.  3444   D 1 S 2 D 3 ; D 1 - 3 ; D 1 S 2 ; D 1 D 3  END                            0.0302    0.03020
  70.  2515   D 1 - 2 S 3 ; D 1 - 3 ; S 1 D 2 ; D 1 S 2 - 3  END                        0.0301    0.00459  0.02977
  71.  4762   S 1 D 2 - 3 ; D 1 - 3 ; D 1 S 2 ; D 1 S 2 - 3  END                        0.0298   -0.00077  0.02977
  72.   362   S 1 D 2 - 3 S 4 ; D 1 S 2 D 3 ; D 1 - 2 ; D 1 S 3  END                    0.0297    0.02436  0.01692
  73.  2314   D 1 - 2 S 3 - 4 ; D 1 - 3 S 4 ; D 1 S 2 - 3 ; S 1  END                    0.0295   -0.02475 -0.00642  0.01426 -0.00200
                                                                                                 -0.00265
  74.  1705   D 1 - 3 ; D 1 - 3 S 6 ; D 2 ; D 1 S 3  END                                0.0294   -0.02940
  75.  4763   S 1 D 2 - 3 ; D 1 - 3 ; D 1 S 2 ; D 1 D 3  END                            0.0293    0.02926
  76.  1252   D 1 - 3 S 4 ; D 1 - 3 ; S 1 ; D 1 S 2 - 3  END                            0.0291    0.00047  0.02914
  77.  1696   D 1 - 3 ; D 1 - 3 S 6 ; S 1 - 2 ; D 1 S 2  END                            0.0291   -0.02504  0.01482
  78.   176   D 1 - 2 S 3 D 4 ; D 1 - 2 S 3 - 4 ; D 1 S 2 ; D 1  END                    0.0291   -0.00021 -0.02905
  79.  1309   D 1 - 3 S 4 ; D 1 - 2 S 3 - 4 ; S 1 - 3 ; D 1  END                        0.0290    0.02698  0.00365  0.00439  0.00274
                                                                                                  0.00856
  80.  1777   D 1 - 3 ; D 1 S 2 - 3 S 5 ; D 1 - 2 ; D 1 S 3  END                        0.0287   -0.00266  0.02859
  81.  4776   S 1 D 2 - 3 ; D 1 - 3 ; S 1 D 2 ; D 1 D 3  END                            0.0287   -0.02869
  82.   355   S 1 D 2 - 3 S 4 - 5 ; D 1 - 3 ; D 1 S 2 ; D 1  END                        0.0283    0.02193 -0.01782
  83.  3459   D 1 S 2 D 3 S 5 ; D 1 - 2 S 3 ; D 1 - 2 ; D 1 S 3  END                    0.0281   -0.02596 -0.01075
  84.  2503   D 1 - 2 S 3 ; D 1 - 3 ; D 1 S 2 ; D 1 D 3  END                            0.0280   -0.02801
  85.   280   D 1 S 2 D 3 S 4 ; D 1 S 2 D 3 ; D 1 - 2 ; D 1 S 3  END                    0.0280    0.02474  0.01311
  86.   136   D 1 - 3 S 4 ; D 1 S 2 D 3 S 6 ; D 1 S 2 ; D 1  END                        0.0280    0.02260  0.01651
  87.  3455   D 1 S 2 D 3 ; D 1 - 3 ; S 1 D 2 ; D 1 - 2  END                            0.0277   -0.02771
  88.  1739   D 1 - 3 ; D 1 - 2 S 5 ; D 1 - 2 ; D 1 S 2  END                            0.0274    0.02740
  89.  1702   D 1 - 3 ; D 1 - 3 S 5 ; D 2 ; D 1 S 2  END                                0.0272   -0.02719
  90.  2730   D 1 - 2 S 4 ; D 1 - 4 ; D 1 S 2 ; D 1  END                                0.0270    0.02702
  91.   214   D 1 - 2 S 3 - 4 ; D 1 S 2 D 3 ; D 1 - 2 ; D 1 S 3  END                    0.0270   -0.02541 -0.00916
  92.  1218   D 1 - 3 S 4 ; D 1 - 3 ; D 1 S 3 ; S 1 - 2  END                            0.0267   -0.02330 -0.01312
  93.  2369   D 1 - 2 S 3 - 5 ; D 1 - 2 S 3 - 4 ; S 1 D 2 ; D 1  END                    0.0266   -0.02156 -0.00539 -0.01438  0.00117
                                                                                                 -0.00197
  94.    59   D 1 - 4 S 5 ; D 1 S 2 - 3 ; D 1 S 2 ; D 1  END                            0.0265    0.02507 -0.00872
  95.  1271   D 1 - 3 S 4 ; D 1 - 3 ; S 2 D 3 ; D 1  END                                0.0265    0.02652
  96.  2417   D 1 - 2 S 3 - 4 ; D 1 S 2 - 4 ; D 1 - 2 ; D 1 S 3  END                    0.0262    0.00894  0.01700  0.01246  0.01271
                                                                                                 -0.00082
  97.   157   D 1 - 3 S 6 ; D 1 - 3 ; D 1 S 2 ; D 1  END                                0.0256    0.02563
  98.  2416   D 1 - 2 S 3 - 4 ; D 1 S 2 - 4 ; D 1 - 2 ; D 1 S 2  END                    0.0252   -0.00553 -0.01874 -0.01024 -0.01207
                                                                                                 -0.00160
  99.   118   D 1 - 3 S 4 ; D 1 - 3 ; D 1 S 3 ; D 1  END                                0.0250    0.02503
 100.  2332   D 1 - 2 S 3 - 5 ; D 1 - 3 ; S 1 - 3 ; D 1  END                            0.0250    0.02357 -0.00161 -0.00397 -0.00070
                                                                                                 -0.00708




 POSITION OF FIRST SPIN COUPLING FOR TEN MOST IMPORTANT CONFIGURATIONS
       1    230      5    231    233    228    226    232    176    322



 ********************************
 RESULTS FOR ROOT   02
 TOTAL CI ENERGY =   -237.0230885
 ********************************

       CONF.                                                                           COEFF.
        NO.        SPACE ORBITAL PRODUCTS                                             CONTRIB.      CI COEFFICIENTS

       -----       ----------------------                                             --------   ---------------------
   1.     5   D 1 - 3 S 4 ; D 1 - 3 ; S 1 D 2 ; D 1  END                                0.4109    0.41086
   2.   161   D 1 - 3 ; D 1 - 2 S 3 ; D 1 - 2 ; D 1 S 3  END                            0.3801    0.38011
   3.   153   D 1 - 3 ; D 1 - 3 S 4 ; D 1 - 2 ; S 1  END                                0.3165    0.31653
   4.   217   D 1 - 2 S 3 ; D 1 - 3 ; D 1 - 2 S 3 ; D 1  END                            0.3153    0.31531
   5.     1   D 1 - 3 S 4 ; D 1 - 3 ; D 1 S 2 ; D 1  END                                0.2902    0.29018
   6.   160   D 1 - 3 ; D 1 - 2 S 3 ; D 1 - 2 ; D 1 S 2  END                            0.2404    0.24036
   7.   156   D 1 - 3 S 5 ; D 1 - 3 ; D 1 S 2 ; D 1  END                                0.1308   -0.13082
   8.   162   D 1 - 3 ; D 1 S 2 D 3 ; D 1 - 2 ; D 1 S 2  END                            0.1259    0.12591
   9.     2   D 1 - 4 ; D 1 - 2 S 3 ; D 1 - 2 ; S 1  END                                0.0763    0.07631
  10.   131   D 1 - 3 S 4 ; D 1 - 2 ; D 1 - 2 S 3 ; D 1  END                            0.0721    0.07208
  11.   124   D 1 - 3 S 4 S 6 ; D 1 - 2 S 3 ; D 1 - 2 ; S 1  END                        0.0560    0.01139 -0.05486
  12.   150   D 1 - 3 S 4 ; S 1 D 2 S 3 ; D 1 - 2 S 3 ; D 1  END                        0.0555    0.04102 -0.03743
  13.   163   D 1 - 3 ; D 1 S 2 D 3 ; D 1 - 2 ; D 1 S 3  END                            0.0534    0.05336
  14.   126   D 1 - 3 S 4 ; D 1 - 2 S 3 S 5 ; D 1 S 2 ; D 1  END                        0.0530    0.05040  0.01640
  15.   277   D 1 S 2 D 3 S 4 ; D 1 - 2 S 3 ; D 1 - 2 ; D 1 S 2  END                    0.0525    0.03917  0.03501
  16.   158   D 1 - 3 S 5 ; D 1 - 3 ; S 1 D 2 ; D 1  END                                0.0507   -0.05074
  17.   125   D 1 - 3 S 4 ; D 1 - 2 S 3 - 4 ; D 1 S 2 ; D 1  END                        0.0484    0.04785  0.00737
  18.   205   D 1 - 2 S 3 - 4 ; D 1 - 3 S 5 ; D 1 - 2 ; S 1  END                        0.0484   -0.04137  0.02506
  19.   211   D 1 - 2 S 3 - 4 ; D 1 - 2 S 3 ; D 1 - 2 ; D 1 S 2  END                    0.0482   -0.03350 -0.03464
  20.   270   D 1 S 2 D 3 S 4 ; D 1 - 3 S 4 ; D 1 - 2 ; S 1  END                        0.0463    0.03849 -0.02576
  21.   297   D 1 S 2 - 4 ; D 1 - 3 ; D 1 - 2 S 3 ; D 1  END                            0.0449   -0.00294 -0.04484
  22.   130   D 1 - 3 S 4 ; D 1 - 2 S 3 S 6 ; S 1 D 2 ; D 1  END                        0.0418    0.03804  0.01742
  23.   360   S 1 D 2 - 3 S 4 ; D 1 - 2 S 3 ; D 1 - 2 ; D 1 S 3  END                    0.0410   -0.03292 -0.02447
  24.  3462   D 1 S 2 D 3 ; D 1 - 2 S 3 - 4 ; D 1 - 2 S 3 ; D 1  END                    0.0402    0.00106 -0.04018
  25.  2535   D 1 - 2 S 3 ; S 1 D 2 - 3 S 4 ; D 1 - 2 S 3 ; D 1  END                    0.0401   -0.00019  0.04007
  26.  2486   D 1 - 2 S 3 S 6 ; D 1 - 3 S 4 ; D 1 - 2 ; S 1  END                        0.0398   -0.03443  0.01998
  27.  1273   D 1 - 3 S 4 ; D 1 - 3 ; S 2 ; D 1 S 2 - 3  END                            0.0396    0.00016 -0.03961
  28.  2522   D 1 - 2 S 3 ; D 1 - 2 S 3 S 5 ; D 1 - 2 S 3 ; D 1  END                    0.0392   -0.00207  0.03913
  29.  1710   D 1 - 3 ; D 1 - 2 S 3 - 5 ; D 1 - 2 ; S 1  END                            0.0380   -0.03378  0.01731
  30.   208   D 1 - 2 S 3 - 4 S 6 ; D 1 - 3 ; D 1 S 2 ; D 1  END                        0.0374   -0.03251  0.01842
  31.   144   D 1 - 3 S 4 ; S 1 D 2 - 3 S 4 ; D 1 S 2 ; D 1  END                        0.0345    0.02817  0.01992
  32.  2495   D 1 - 2 S 3 ; D 1 - 3 S 4 - 5 ; D 1 S 2 ; D 1  END                        0.0345   -0.02953  0.01782
  33.  1673   D 1 - 3 ; D 1 - 3 S 5 ; D 1 S 2 - 3 ; S 1  END                            0.0341    0.02882  0.01818
  34.   210   D 1 - 2 S 3 - 4 S 6 ; D 1 - 3 ; S 1 D 2 ; D 1  END                        0.0339   -0.02965  0.01654
  35.   119   D 1 - 3 S 4 ; D 1 - 3 ; S 1 D 2 ; S 1 - 2  END                            0.0333   -0.02571  0.02113
  36. 10812   D 1 - 3 ; D 1 - 2 S 3 ; S 1 - 2 ; D 1 S 2 D 3  END                        0.0324    0.02802 -0.01617
  37.   215   D 1 - 2 S 3 - 4 ; S 1 D 2 - 3 ; D 1 - 2 ; D 1 S 2  END                    0.0321   -0.03006 -0.01133
  38.  1726   D 1 - 3 ; D 1 - 2 S 3 ; D 1 S 2 - 3 ; D 1 S 3  END                        0.0319   -0.00511  0.03146
  39.   275   D 1 S 2 D 3 S 4 - 5 ; D 1 - 3 ; S 1 D 2 ; D 1  END                        0.0315   -0.02612  0.01760
  40.     8   D 1 S 2 D 3 - 4 ; D 1 - 3 ; D 1 S 2 ; D 1  END                            0.0315   -0.03150
  41.   216   D 1 - 2 S 3 - 4 ; S 1 D 2 - 3 ; D 1 - 2 ; D 1 S 3  END                    0.0314   -0.02919 -0.01161
  42.  1695   D 1 - 3 ; D 1 - 3 S 5 ; S 1 - 2 ; D 1 S 3  END                            0.0313   -0.02676  0.01631
  43.  1819   D 1 - 3 ; S 1 D 2 S 3 - 4 ; D 1 - 2 ; D 1 S 2  END                        0.0310    0.00012  0.03098
  44.   142   D 1 - 3 S 4 - 5 ; S 1 D 2 - 3 ; D 1 - 2 ; S 1  END                        0.0306    0.00672  0.02982
  45.  1688   D 1 - 3 ; D 1 - 3 S 5 ; S 1 D 2 S 3 ; S 1  END                            0.0305    0.02593  0.01602
  46.  1253   D 1 - 3 S 4 ; D 1 - 3 ; S 1 ; D 1 D 3  END                                0.0304   -0.03037
  47.  1722   D 1 - 3 S 6 ; D 1 - 2 S 3 - 4 ; D 1 S 2 ; D 1  END                        0.0303    0.02380  0.01872
  48.   147   D 1 - 3 S 4 ; S 1 D 2 - 3 S 4 ; S 1 D 2 ; D 1  END                        0.0301    0.02480  0.01709
  49.  3717   D 1 S 2 - 3 ; D 1 - 3 S 4 ; D 1 - 2 ; D 1 S 2  END                        0.0301   -0.00022 -0.03008
  50.   117   D 1 - 3 S 4 ; D 1 - 3 ; D 1 S 2 ; S 1 S 3  END                            0.0300   -0.01944  0.02291
  51.   138   D 1 - 3 S 4 ; D 1 S 2 D 3 S 5 ; S 1 D 2 ; D 1  END                        0.0300    0.02272  0.01961
  52. 10581   D 1 - 3 ; D 1 - 3 S 4 ; S 1 - 2 ; S 1 - 3  END                            0.0300   -0.00026  0.00050  0.00110  0.02601
                                                                                                 -0.01486
  53.  1300   D 1 - 3 S 4 ; D 1 - 2 S 3 - 4 ; S 1 D 2 ; S 1 S 3  END                    0.0300    0.02843  0.00279  0.00300 -0.00782
                                                                                                  0.00332
  54.  3431   D 1 S 2 D 3 ; D 1 - 3 ; D 1 - 2 S 3 ; S 1 S 3  END                        0.0297    0.02609  0.01419
  55. 14687   D 1 - 2 S 3 ; D 1 - 3 ; S 1 - 3 ; D 1 S 2 - 3  END                        0.0295    0.00104 -0.00025 -0.00052  0.02556
                                                                                                 -0.01474
  56.  3430   D 1 S 2 D 3 ; D 1 - 3 ; D 1 - 2 S 3 ; S 1 - 2  END                        0.0295    0.02590  0.01404
  57.  1808   D 1 - 3 ; S 1 D 2 - 3 ; D 1 S 2 - 3 ; D 1 S 3  END                        0.0294   -0.00010  0.02943
  58.   206   D 1 - 2 S 3 - 4 ; D 1 - 3 S 6 ; D 1 - 2 ; S 1  END                        0.0294   -0.02567  0.01424
  59.  1284   D 1 - 3 S 4 ; D 1 - 2 S 3 - 4 ; D 1 S 2 ; S 1 - 2  END                    0.0293    0.02793 -0.00040  0.00147 -0.00763
                                                                                                  0.00426
  60.     4   D 1 - 4 ; S 1 D 2 - 3 ; D 1 - 2 ; S 1  END                                0.0292    0.02924
  61.  2376   D 1 - 2 S 3 - 4 ; D 1 - 2 S 3 ; S 1 D 2 S 3 ; D 1 S 3  END                0.0291    0.02769  0.00082 -0.00662  0.00331
                                                                                                  0.00488
  62.   133   D 1 - 3 S 4 S 6 ; D 1 S 2 D 3 ; D 1 - 2 ; S 1  END                        0.0291   -0.00725 -0.02815
  63.  1671   D 1 - 3 S 6 ; D 1 - 3 ; D 1 S 2 ; S 1 S 3  END                            0.0290   -0.02508  0.01454
  64.  1807   D 1 - 3 ; S 1 D 2 - 3 ; D 1 S 2 - 3 ; D 1 S 2  END                        0.0290    0.00026  0.02897
  65.  1719   D 1 - 3 S 5 ; D 1 - 2 S 3 - 4 ; D 1 S 2 ; D 1  END                        0.0289    0.02799  0.00733
  66.  3456   D 1 S 2 D 3 ; D 1 - 3 ; S 1 D 2 ; D 1 S 2 - 3  END                        0.0287    0.00071 -0.02874
  67.  2519   D 1 - 2 S 3 S 6 ; D 1 - 2 S 3 ; D 1 - 2 ; D 1 S 2  END                    0.0286   -0.02605 -0.01192
  68.    39   D 1 - 4 ; D 1 - 2 S 4 ; D 1 - 2 ; S 1  END                                0.0286   -0.02856
  69.  1820   D 1 - 3 ; S 1 D 2 S 3 - 4 ; D 1 - 2 ; D 1 S 3  END                        0.0284    0.00051  0.02835
  70.  1791   D 1 - 3 ; S 1 D 2 - 4 ; D 1 - 2 ; S 1  END                                0.0282    0.02817
  71.  1670   D 1 - 3 S 6 ; D 1 - 3 ; D 1 S 2 ; S 1 - 2  END                            0.0281   -0.02435  0.01410
  72.  2775   D 1 - 2 S 6 ; D 1 - 3 ; D 1 - 2 S 3 ; D 1  END                            0.0281    0.02805
  73.  1661   D 1 - 3 S 6 ; D 1 - 3 ; D 1 - 2 S 3  END                                  0.0280   -0.02803
  74.   213   D 1 - 2 S 3 - 4 ; D 1 S 2 D 3 ; D 1 - 2 ; D 1 S 2  END                    0.0280    0.02091  0.01867
  75.   182   D 1 - 2 S 3 D 4 ; D 1 - 2 ; D 1 - 2 S 3 ; D 1  END                        0.0280   -0.02802
  76.  1797   D 1 - 3 ; S 1 D 2 - 3 ; D 1 - 3 ; S 1  END                                0.0280   -0.02796
  77.  2329   D 1 - 2 S 3 - 4 ; D 1 - 3 S 4 ; S 1 D 2 S 3 ; S 1  END                    0.0279    0.02667 -0.00013 -0.00609  0.00164
                                                                                                  0.00507
  78.  1306   D 1 - 3 S 4 - 5 ; D 1 - 2 S 3 ; S 1 - 2 ; D 1 S 3  END                    0.0276    0.02630  0.00311 -0.00114  0.00740
                                                                                                  0.00200
  79.  1691   D 1 - 3 S 6 ; D 1 - 3 ; S 1 - 3 ; D 1  END                                0.0275   -0.02377  0.01387
  80.  2367   D 1 - 2 S 3 - 4 ; D 1 - 2 S 3 ; D 1 S 2 - 3 ; D 1 S 2  END                0.0274    0.02614 -0.00020 -0.00752 -0.00075
                                                                                                  0.00310
  81.  2508   D 1 - 2 S 3 ; D 1 - 3 S 4 - 5 ; S 1 D 2 ; D 1  END                        0.0271   -0.02206  0.01579
  82.  1239   D 1 - 3 S 4 ; D 1 - 3 ; S 1 - 3 ; S 1 - 2  END                            0.0270   -0.00103  0.01517 -0.01775  0.00779
                                                                                                 -0.01103
  83.  1730   D 1 - 3 S 6 ; D 1 - 2 S 3 - 4 ; S 1 D 2 ; D 1  END                        0.0270    0.02140  0.01640
  84.  3718   D 1 S 2 - 3 ; D 1 - 3 S 4 ; D 1 - 2 ; D 1 S 3  END                        0.0266    0.00236 -0.02651
  85.  2314   D 1 - 2 S 3 - 4 ; D 1 - 3 S 4 ; D 1 S 2 - 3 ; S 1  END                    0.0266    0.02555 -0.00372 -0.00136  0.00107
                                                                                                  0.00604
  86.  1777   D 1 - 3 ; D 1 S 2 - 3 S 5 ; D 1 - 2 ; D 1 S 3  END                        0.0264   -0.00140  0.02641
  87.  1274   D 1 - 3 S 4 ; D 1 - 3 ; S 2 ; D 1 D 3  END                                0.0263   -0.02634
  88.   352   S 1 D 2 - 3 S 4 ; D 1 - 3 S 4 ; D 1 - 2 ; S 1  END                        0.0263   -0.01984  0.01732
  89.  1739   D 1 - 3 ; D 1 - 2 S 5 ; D 1 - 2 ; D 1 S 2  END                            0.0262    0.02615
  90.   280   D 1 S 2 D 3 S 4 ; D 1 S 2 D 3 ; D 1 - 2 ; D 1 S 3  END                    0.0261    0.02376  0.01086
  91.   121   D 1 - 3 S 4 ; D 1 - 3 ; S 1 - 3 ; D 1  END                                0.0261   -0.02493  0.00777
  92.   379   S 1 D 2 S 3 - 4 ; D 1 - 3 ; D 1 - 2 S 3 ; D 1  END                        0.0261    0.00318  0.02590
  93.  1773   D 1 - 3 S 6 ; D 1 S 2 - 3 ; D 1 - 2 S 3 ; D 1  END                        0.0261    0.02473 -0.00832
  94.  1815   D 1 - 3 ; S 1 D 2 - 3 ; S 1 D 2 S 3 ; D 1 S 2  END                        0.0259    0.00030  0.02590
  95.  1252   D 1 - 3 S 4 ; D 1 - 3 ; S 1 ; D 1 S 2 - 3  END                            0.0259   -0.00009 -0.02588
  96.  2520   D 1 - 2 S 3 S 6 ; D 1 - 2 S 3 ; D 1 - 2 ; D 1 S 3  END                    0.0258   -0.02307 -0.01166
  97.  1685   D 1 - 3 S 6 ; D 1 - 3 ; S 1 D 2 ; S 1 - 2  END                            0.0258   -0.02232  0.01302
  98.  1705   D 1 - 3 ; D 1 - 3 S 6 ; D 2 ; D 1 S 3  END                                0.0257   -0.02573
  99.    11   S 1 D 2 - 4 ; D 1 - 3 ; S 1 D 2 ; D 1  END                                0.0257    0.02567
 100.  1240   D 1 - 3 S 4 ; D 1 - 3 ; S 1 - 3 ; S 1 S 3  END                            0.0254    0.00124  0.01180 -0.01891  0.00731
                                                                                                 -0.00966




 POSITION OF FIRST SPIN COUPLING FOR TEN MOST IMPORTANT CONFIGURATIONS
       5    231    223    332      1    230    226    232      2    182



 ********************************
 RESULTS FOR ROOT   03
 TOTAL CI ENERGY =   -235.4073614
 ********************************

       CONF.                                                                           COEFF.
        NO.        SPACE ORBITAL PRODUCTS                                             CONTRIB.      CI COEFFICIENTS

       -----       ----------------------                                             --------   ---------------------
   1.     1   D 1 - 3 S 4 ; D 1 - 3 ; D 1 S 2 ; D 1  END                                0.4899    0.48990
   2.   160   D 1 - 3 ; D 1 - 2 S 3 ; D 1 - 2 ; D 1 S 2  END                            0.4284   -0.42835
   3.     5   D 1 - 3 S 4 ; D 1 - 3 ; S 1 D 2 ; D 1  END                                0.4119    0.41186
   4.   161   D 1 - 3 ; D 1 - 2 S 3 ; D 1 - 2 ; D 1 S 3  END                            0.3083   -0.30826
   5.   153   D 1 - 3 ; D 1 - 3 S 4 ; D 1 - 2 ; S 1  END                                0.1577   -0.15773
   6.   217   D 1 - 2 S 3 ; D 1 - 3 ; D 1 - 2 S 3 ; D 1  END                            0.1079   -0.10787
   7.   158   D 1 - 3 S 5 ; D 1 - 3 ; S 1 D 2 ; D 1  END                                0.1068    0.10683
   8.   156   D 1 - 3 S 5 ; D 1 - 3 ; D 1 S 2 ; D 1  END                                0.1007    0.10074
   9.     2   D 1 - 4 ; D 1 - 2 S 3 ; D 1 - 2 ; S 1  END                                0.0933    0.09331
  10.   125   D 1 - 3 S 4 ; D 1 - 2 S 3 - 4 ; D 1 S 2 ; D 1  END                        0.0694    0.02954 -0.06280
  11.   128   D 1 - 3 S 4 ; D 1 - 2 S 3 - 4 ; S 1 D 2 ; D 1  END                        0.0592    0.02212 -0.05496
  12.  1273   D 1 - 3 S 4 ; D 1 - 3 ; S 2 ; D 1 S 2 - 3  END                            0.0461   -0.00034 -0.04612
  13.   121   D 1 - 3 S 4 ; D 1 - 3 ; S 1 - 3 ; D 1  END                                0.0422   -0.03744  0.01954
  14.  1252   D 1 - 3 S 4 ; D 1 - 3 ; S 1 ; D 1 S 2 - 3  END                            0.0406    0.00004 -0.04058
  15.    32   D 1 - 4 ; D 1 - 2 S 3 ; D 1 ; D 1 S 2  END                                0.0382    0.03816
  16.   211   D 1 - 2 S 3 - 4 ; D 1 - 2 S 3 ; D 1 - 2 ; D 1 S 2  END                    0.0381   -0.03579  0.01321
  17.  1678   D 1 - 3 ; D 1 - 3 S 4 ; D 1 ; D 1 S 3  END                                0.0376   -0.03765
  18.  1274   D 1 - 3 S 4 ; D 1 - 3 ; S 2 ; D 1 D 3  END                                0.0374   -0.03740
  19.   207   D 1 - 2 S 3 - 5 ; D 1 - 3 ; D 1 S 2 ; D 1  END                            0.0372   -0.01871  0.03213
  20.  1710   D 1 - 3 ; D 1 - 2 S 3 - 5 ; D 1 - 2 ; S 1  END                            0.0371    0.03419 -0.01443
  21.  1337   D 1 - 3 S 4 ; D 1 - 2 ; D 1 S 2 ; D 1 - 2  END                            0.0364   -0.03640
  22.   118   D 1 - 3 S 4 ; D 1 - 3 ; D 1 S 3 ; D 1  END                                0.0361   -0.03611
  23.  3462   D 1 S 2 D 3 ; D 1 - 2 S 3 - 4 ; D 1 - 2 S 3 ; D 1  END                    0.0349    0.00235  0.03477
  24.  1208   D 1 - 3 S 4 ; D 1 - 3 ; D 1 S 2 D 3  END                                  0.0344   -0.03436
  25.   135   D 1 - 3 S 4 ; D 1 S 2 D 3 S 5 ; D 1 S 2 ; D 1  END                        0.0337    0.02189  0.02566
  26. 10812   D 1 - 3 ; D 1 - 2 S 3 ; S 1 - 2 ; D 1 S 2 D 3  END                        0.0332   -0.02898  0.01624
  27.  2367   D 1 - 2 S 3 - 4 ; D 1 - 2 S 3 ; D 1 S 2 - 3 ; D 1 S 2  END                0.0328   -0.02272 -0.00431  0.00419 -0.02048
                                                                                                 -0.01035
  28.  1239   D 1 - 3 S 4 ; D 1 - 3 ; S 1 - 3 ; S 1 - 2  END                            0.0324    0.00028  0.02603 -0.01174  0.01291
                                                                                                 -0.00820
  29.   134   D 1 - 3 S 4 ; D 1 S 2 D 3 S 4 ; D 1 S 2 ; D 1  END                        0.0320   -0.02995 -0.01117
  30.  1253   D 1 - 3 S 4 ; D 1 - 3 ; S 1 ; D 1 D 3  END                                0.0319   -0.03192
  31.  2398   D 1 - 2 S 3 - 5 ; D 1 S 2 D 3 S 4 ; D 1 S 2 ; D 1  END                    0.0317   -0.02285 -0.01027 -0.01595  0.01029
                                                                                                 -0.00441
  32. 10811   D 1 - 3 ; D 1 - 2 S 3 ; S 1 - 2 ; D 1 - 2 S 3  END                        0.0317   -0.02719  0.01629
  33.  1680   D 1 - 3 ; D 1 - 3 S 5 ; D 1 ; D 1 S 3  END                                0.0310   -0.03097
  34.   283   D 1 S 2 D 3 ; D 1 - 3 ; D 1 - 2 S 3 ; D 1  END                            0.0306   -0.03062
  35.  1819   D 1 - 3 ; S 1 D 2 S 3 - 4 ; D 1 - 2 ; D 1 S 2  END                        0.0306   -0.00216 -0.03048
  36.  3458   D 1 S 2 D 3 S 5 ; D 1 - 2 S 3 ; D 1 - 2 ; D 1 S 2  END                    0.0303    0.02773  0.01214
  37.  1736   D 1 - 3 S 6 ; D 1 - 2 ; D 1 - 2 S 3 ; D 1  END                            0.0300   -0.03000
  38.  2522   D 1 - 2 S 3 ; D 1 - 2 S 3 S 5 ; D 1 - 2 S 3 ; D 1  END                    0.0300    0.00433 -0.02968
  39.  2361   D 1 - 2 S 3 - 5 ; D 1 - 2 S 3 - 4 ; D 1 S 2 ; D 1  END                    0.0299   -0.02539 -0.00584 -0.01053  0.00720
                                                                                                 -0.00717
  40.   209   D 1 - 2 S 3 - 5 ; D 1 - 3 ; S 1 D 2 ; D 1  END                            0.0298   -0.01464  0.02598
  41.    10   S 1 D 2 - 4 ; D 1 - 3 ; D 1 S 2 ; D 1  END                                0.0294    0.02942
  42.     4   D 1 - 4 ; S 1 D 2 - 3 ; D 1 - 2 ; S 1  END                                0.0294    0.02938
  43.  1218   D 1 - 3 S 4 ; D 1 - 3 ; D 1 S 3 ; S 1 - 2  END                            0.0292    0.02534  0.01443
  44.  1700   D 1 - 3 ; D 1 - 3 S 4 ; D 2 ; D 1 S 2  END                                0.0290   -0.02896
  45.  3444   D 1 S 2 D 3 ; D 1 - 3 ; D 1 S 2 ; D 1 D 3  END                            0.0289   -0.02894
  46.  1722   D 1 - 3 S 6 ; D 1 - 2 S 3 - 4 ; D 1 S 2 ; D 1  END                        0.0287   -0.02330 -0.01678
  47.   176   D 1 - 2 S 3 D 4 ; D 1 - 2 S 3 - 4 ; D 1 S 2 ; D 1  END                    0.0286   -0.00741  0.02760
  48.   138   D 1 - 3 S 4 ; D 1 S 2 D 3 S 5 ; S 1 D 2 ; D 1  END                        0.0286    0.01818  0.02205
  49.     3   D 1 - 4 ; D 1 S 2 D 3 ; D 1 - 2 ; S 1  END                                0.0283   -0.02832
  50.   205   D 1 - 2 S 3 - 4 ; D 1 - 3 S 5 ; D 1 - 2 ; S 1  END                        0.0280   -0.02558  0.01146
  51.   297   D 1 S 2 - 4 ; D 1 - 3 ; D 1 - 2 S 3 ; D 1  END                            0.0279   -0.01301 -0.02470
  52.  1240   D 1 - 3 S 4 ; D 1 - 3 ; S 1 - 3 ; S 1 S 3  END                            0.0278   -0.00027  0.02033 -0.01356  0.01229
                                                                                                 -0.00505
  53.  2519   D 1 - 2 S 3 S 6 ; D 1 - 2 S 3 ; D 1 - 2 ; D 1 S 2  END                    0.0277    0.02566  0.01050
  54.  1272   D 1 - 3 S 4 ; D 1 - 3 ; S 2 ; D 1 - 2  END                                0.0276   -0.02756
  55.   273   D 1 S 2 D 3 S 4 - 5 ; D 1 - 3 ; D 1 S 2 ; D 1  END                        0.0274   -0.02210  0.01614
  56.    59   D 1 - 4 S 5 ; D 1 S 2 - 3 ; D 1 S 2 ; D 1  END                            0.0273   -0.02490  0.01116
  57.  3455   D 1 S 2 D 3 ; D 1 - 3 ; S 1 D 2 ; D 1 - 2  END                            0.0272   -0.02720
  58.  2730   D 1 - 2 S 4 ; D 1 - 4 ; D 1 S 2 ; D 1  END                                0.0270   -0.02698
  59.   137   D 1 - 3 S 4 ; D 1 S 2 D 3 S 4 ; S 1 D 2 ; D 1  END                        0.0269   -0.02537 -0.00907
  60.  1707   D 1 - 3 S 5 - 6 ; D 1 - 2 S 3 ; D 1 - 2 ; S 1  END                        0.0268    0.00315 -0.02664
  61.   212   D 1 - 2 S 3 - 4 ; D 1 - 2 S 3 ; D 1 - 2 ; D 1 S 3  END                    0.0268   -0.02181  0.01553
  62. 10840   D 1 - 3 ; D 1 - 2 S 3 ; D 2 ; D 1 S 2 D 3  END                            0.0268    0.02676
  63.  1702   D 1 - 3 ; D 1 - 3 S 5 ; D 2 ; D 1 S 2  END                                0.0267   -0.02669
  64.  1719   D 1 - 3 S 5 ; D 1 - 2 S 3 - 4 ; D 1 S 2 ; D 1  END                        0.0263    0.01867 -0.01859
  65.   122   D 1 - 3 S 4 ; D 1 - 3 ; D 2 S 3 ; D 1  END                                0.0259   -0.02592
  66.  1229   D 1 - 3 S 4 ; D 1 - 3 ; S 1 D 2 - 3  END                                  0.0256   -0.02561
  67. 10705   D 1 - 3 ; D 1 - 2 S 3 ; D 1 - 3 ; S 2  END                                0.0254    0.02542
  68.   275   D 1 S 2 D 3 S 4 - 5 ; D 1 - 3 ; S 1 D 2 ; D 1  END                        0.0253   -0.02011  0.01539
  69.  1820   D 1 - 3 ; S 1 D 2 S 3 - 4 ; D 1 - 2 ; D 1 S 3  END                        0.0253   -0.00128 -0.02528
  70.   208   D 1 - 2 S 3 - 4 S 6 ; D 1 - 3 ; D 1 S 2 ; D 1  END                        0.0253   -0.02281  0.01097
  71.  1219   D 1 - 3 S 4 ; D 1 - 3 ; D 1 S 3 ; S 1 S 3  END                            0.0251    0.02205  0.01208
  72.    38   D 1 - 4 ; D 1 - 2 S 3 ; D 2 ; D 1 S 3  END                                0.0251    0.02511
  73.  1210   D 1 - 3 S 4 ; D 1 - 3 ; D 1 S 2 ; S 2 - 3  END                            0.0249   -0.00128  0.02483
  74.  1741   D 1 - 3 ; D 1 - 2 S 6 ; D 1 - 2 ; D 1 S 2  END                            0.0248   -0.02484
  75. 10731   D 1 - 3 ; D 1 - 2 S 3 ; D 1 S 2 - 3 ; S 1 - 3  END                        0.0248   -0.00401 -0.00002  0.00168 -0.02083
                                                                                                 -0.01279
  76.   164   D 1 - 3 ; S 1 D 2 - 3 ; D 1 - 2 ; D 1 S 2  END                            0.0248    0.02482
  77.  2406   D 1 - 2 S 3 - 5 ; D 1 S 2 D 3 S 4 ; S 1 D 2 ; D 1  END                    0.0248   -0.01810 -0.00807 -0.01257  0.00721
                                                                                                 -0.00321
  78.  2446   D 1 - 2 S 3 - 4 S 6 ; S 1 D 2 - 3 S 4 ; D 1 S 2 ; D 1  END                0.0246    0.01619  0.00760  0.01103 -0.01212
                                                                                                  0.00436
  79.  1416   D 1 - 3 S 4 ; D 1 S 2 - 3 ; D 1 S 2 ; D 1 S 2 - 3  END                    0.0244   -0.01904 -0.00494 -0.00348  0.01223
                                                                                                 -0.00682
  80.  1711   D 1 - 3 ; D 1 - 2 S 3 - 4 S 6 ; D 1 - 2 ; S 1  END                        0.0244    0.02276 -0.00873
  81.  1352   D 1 - 3 S 4 ; D 1 - 2 ; S 1 D 2 ; D 1 D 3  END                            0.0243   -0.02433
  82.  1431   D 1 - 3 S 4 - 5 ; D 1 S 2 ; D 1 - 2 ; D 1 S 2  END                        0.0242   -0.00371 -0.02394
  83.  1776   D 1 - 3 ; D 1 S 2 - 3 S 5 ; D 1 - 2 ; D 1 S 2  END                        0.0240    0.00059 -0.02403
  84.   116   D 1 - 3 S 4 ; D 1 - 3 ; D 1 S 2 ; S 1 - 2  END                            0.0238   -0.02291 -0.00644
  85.   120   D 1 - 3 S 4 ; D 1 - 3 ; S 1 D 2 ; S 1 S 3  END                            0.0237   -0.02143 -0.01002
  86.   165   D 1 - 3 ; S 1 D 2 - 3 ; D 1 - 2 ; D 1 S 3  END                            0.0236    0.02365
  87.  2369   D 1 - 2 S 3 - 5 ; D 1 - 2 S 3 - 4 ; S 1 D 2 ; D 1  END                    0.0236   -0.02023 -0.00492 -0.00855  0.00513
                                                                                                 -0.00505
  88.  1251   D 1 - 3 S 4 ; D 1 - 3 ; S 1 ; D 1 - 2  END                                0.0236   -0.02361
  89.    11   S 1 D 2 - 4 ; D 1 - 3 ; S 1 D 2 ; D 1  END                                0.0236    0.02360
  90.  4599   S 1 D 2 - 3 S 4 ; D 1 - 3 S 6 ; S 1 - 2 ; D 1 S 3  END                    0.0235    0.02009  0.00532  0.00291  0.00918
                                                                                                 -0.00507
  91.  4763   S 1 D 2 - 3 ; D 1 - 3 ; D 1 S 2 ; D 1 D 3  END                            0.0233   -0.02330
  92.  1817   D 1 - 3 S 5 ; S 1 D 2 S 3 ; D 1 - 2 S 3 ; D 1  END                        0.0230    0.02007 -0.01117
  93.  2314   D 1 - 2 S 3 - 4 ; D 1 - 3 S 4 ; D 1 S 2 - 3 ; S 1  END                    0.0230    0.01802  0.00654 -0.01233 -0.00089
                                                                                                  0.00257
  94.  3430   D 1 S 2 D 3 ; D 1 - 3 ; D 1 - 2 S 3 ; S 1 - 2  END                        0.0228   -0.02099 -0.00886
  95.  1704   D 1 - 3 ; D 1 - 3 S 6 ; D 2 ; D 1 S 2  END                                0.0228    0.02277
  96. 10730   D 1 - 3 ; D 1 - 2 S 3 ; D 1 S 2 - 3 ; S 1 D 2  END                        0.0225    0.01986  0.01061
  97. 14735   D 1 - 2 S 3 ; D 1 - 2 S 3 - 4 ; D 1 - 2 S 3 ; S 1 - 2  END                0.0225   -0.02096 -0.00001 -0.00111  0.00622
                                                                                                 -0.00521
  98.  1487   D 1 - 3 S 4 S 6 ; S 1 D 2 - 3 ; D 1 S 2 - 3 ; S 1  END                    0.0223    0.01786  0.00608  0.00929  0.00625
                                                                                                 -0.00426
  99.  4597   S 1 D 2 - 3 S 4 ; D 1 - 3 S 5 ; S 1 - 2 ; D 1 S 3  END                    0.0223   -0.01927 -0.00604  0.00379 -0.00853
                                                                                                 -0.00031
 100.  1284   D 1 - 3 S 4 ; D 1 - 2 S 3 - 4 ; D 1 S 2 ; S 1 - 2  END                    0.0221    0.00911  0.00952  0.01775 -0.00051
                                                                                                 -0.00128




 POSITION OF FIRST SPIN COUPLING FOR TEN MOST IMPORTANT CONFIGURATIONS
       1    230      5    231    223    332    228    226      2    170



 ********************************
 RESULTS FOR ROOT   04
 TOTAL CI ENERGY =   -235.3600544
 ********************************

       CONF.                                                                           COEFF.
        NO.        SPACE ORBITAL PRODUCTS                                             CONTRIB.      CI COEFFICIENTS

       -----       ----------------------                                             --------   ---------------------
   1.   161   D 1 - 3 ; D 1 - 2 S 3 ; D 1 - 2 ; D 1 S 3  END                            0.5457   -0.54570
   2.     5   D 1 - 3 S 4 ; D 1 - 3 ; S 1 D 2 ; D 1  END                                0.4534    0.45345
   3.   160   D 1 - 3 ; D 1 - 2 S 3 ; D 1 - 2 ; D 1 S 2  END                            0.3507    0.35073
   4.     1   D 1 - 3 S 4 ; D 1 - 3 ; D 1 S 2 ; D 1  END                                0.3481   -0.34815
   5.   158   D 1 - 3 S 5 ; D 1 - 3 ; S 1 D 2 ; D 1  END                                0.0824   -0.08245
   6.   153   D 1 - 3 ; D 1 - 3 S 4 ; D 1 - 2 ; S 1  END                                0.0798    0.07984
   7.     6   D 1 - 2 S 3 D 4 ; D 1 - 3 ; D 1 S 2 ; D 1  END                            0.0646    0.06461
   8.     7   D 1 - 2 S 3 D 4 ; D 1 - 3 ; S 1 D 2 ; D 1  END                            0.0620   -0.06205
   9.  1738   D 1 - 3 ; D 1 - 2 S 4 ; D 1 - 2 ; D 1 S 3  END                            0.0556    0.05560
  10. 10731   D 1 - 3 ; D 1 - 2 S 3 ; D 1 S 2 - 3 ; S 1 - 3  END                        0.0530    0.04242  0.01539 -0.02644 -0.00756
                                                                                                 -0.00411
  11.  1239   D 1 - 3 S 4 ; D 1 - 3 ; S 1 - 3 ; S 1 - 2  END                            0.0522   -0.00002 -0.01825 -0.04131 -0.01009
                                                                                                 -0.02415
  12.   162   D 1 - 3 ; D 1 S 2 D 3 ; D 1 - 2 ; D 1 S 2  END                            0.0488    0.04876
  13.  1240   D 1 - 3 S 4 ; D 1 - 3 ; S 1 - 3 ; S 1 S 3  END                            0.0443   -0.00007 -0.01536 -0.03533 -0.00923
                                                                                                 -0.01992
  14.  1737   D 1 - 3 ; D 1 - 2 S 4 ; D 1 - 2 ; D 1 S 2  END                            0.0440   -0.04401
  15. 10783   D 1 - 3 ; D 1 - 2 S 3 ; S 1 D 2 S 3 ; S 1 - 3  END                        0.0440    0.03551  0.01253 -0.02135 -0.00635
                                                                                                 -0.00417
  16.  1742   D 1 - 3 ; D 1 - 2 S 6 ; D 1 - 2 ; D 1 S 3  END                            0.0414   -0.04142
  17.   138   D 1 - 3 S 4 ; D 1 S 2 D 3 S 5 ; S 1 D 2 ; D 1  END                        0.0396    0.03072  0.02499
  18.  3459   D 1 S 2 D 3 S 5 ; D 1 - 2 S 3 ; D 1 - 2 ; D 1 S 3  END                    0.0389    0.03668  0.01286
  19.   214   D 1 - 2 S 3 - 4 ; D 1 S 2 D 3 ; D 1 - 2 ; D 1 S 3  END                    0.0387   -0.00827 -0.03784
  20.    11   S 1 D 2 - 4 ; D 1 - 3 ; S 1 D 2 ; D 1  END                                0.0375    0.03747
  21.   212   D 1 - 2 S 3 - 4 ; D 1 - 2 S 3 ; D 1 - 2 ; D 1 S 3  END                    0.0364   -0.03561  0.00754
  22.  1740   D 1 - 3 ; D 1 - 2 S 5 ; D 1 - 2 ; D 1 S 3  END                            0.0353    0.03531
  23.  1739   D 1 - 3 ; D 1 - 2 S 5 ; D 1 - 2 ; D 1 S 2  END                            0.0352   -0.03521
  24.   128   D 1 - 3 S 4 ; D 1 - 2 S 3 - 4 ; S 1 D 2 ; D 1  END                        0.0342   -0.01682 -0.02977
  25.     8   D 1 S 2 D 3 - 4 ; D 1 - 3 ; D 1 S 2 ; D 1  END                            0.0331   -0.03314
  26.  1352   D 1 - 3 S 4 ; D 1 - 2 ; S 1 D 2 ; D 1 D 3  END                            0.0331   -0.03313
  27.    38   D 1 - 4 ; D 1 - 2 S 3 ; D 2 ; D 1 S 3  END                                0.0329    0.03290
  28. 10706   D 1 - 3 ; D 1 - 2 S 3 ; D 1 - 3 ; S 3  END                                0.0321    0.03215
  29.  1250   D 1 - 3 S 4 ; D 1 - 3 ; S 1 D 3 ; D 1  END                                0.0319   -0.03188
  30.  1719   D 1 - 3 S 5 ; D 1 - 2 S 3 - 4 ; D 1 S 2 ; D 1  END                        0.0318   -0.03106  0.00690
  31.  2380   D 1 - 2 S 3 - 4 ; D 1 - 2 S 4 ; D 1 - 2 ; D 1 S 3  END                    0.0317    0.02443 -0.02016
  32.  1741   D 1 - 3 ; D 1 - 2 S 6 ; D 1 - 2 ; D 1 S 2  END                            0.0316    0.03159
  33.     9   D 1 S 2 D 3 - 4 ; D 1 - 3 ; S 1 D 2 ; D 1  END                            0.0316    0.03155
  34.  1727   D 1 - 3 S 5 ; D 1 - 2 S 3 - 4 ; S 1 D 2 ; D 1  END                        0.0313    0.02962 -0.01020
  35.  1777   D 1 - 3 ; D 1 S 2 - 3 S 5 ; D 1 - 2 ; D 1 S 3  END                        0.0313    0.00449 -0.03099
  36.  3444   D 1 S 2 D 3 ; D 1 - 3 ; D 1 S 2 ; D 1 D 3  END                            0.0306   -0.03056
  37.    10   S 1 D 2 - 4 ; D 1 - 3 ; D 1 S 2 ; D 1  END                                0.0304   -0.03038
  38.   275   D 1 S 2 D 3 S 4 - 5 ; D 1 - 3 ; S 1 D 2 ; D 1  END                        0.0300   -0.02295  0.01939
  39.   125   D 1 - 3 S 4 ; D 1 - 2 S 3 - 4 ; D 1 S 2 ; D 1  END                        0.0300    0.00288  0.02987
  40.  1309   D 1 - 3 S 4 ; D 1 - 2 S 3 - 4 ; S 1 - 3 ; D 1  END                        0.0297    0.02801  0.00360  0.00598  0.00061
                                                                                                  0.00695
  41.   135   D 1 - 3 S 4 ; D 1 S 2 D 3 S 5 ; D 1 S 2 ; D 1  END                        0.0296   -0.02132 -0.02047
  42.  2359   D 1 - 2 S 3 - 4 ; D 1 - 2 S 3 ; D 1 - 2 ; S 1 - 3  END                    0.0290   -0.02713 -0.00891  0.00281 -0.00422
                                                                                                  0.00114
  43. 10707   D 1 - 3 ; D 1 - 2 S 3 ; D 1 - 2 ; D 2 S 3  END                            0.0289    0.02891
  44.  1432   D 1 - 3 S 4 - 5 ; D 1 S 2 ; D 1 - 2 ; D 1 S 3  END                        0.0289   -0.00463 -0.02851
  45.  3458   D 1 S 2 D 3 S 5 ; D 1 - 2 S 3 ; D 1 - 2 ; D 1 S 2  END                    0.0287   -0.02605 -0.01206
  46.  1229   D 1 - 3 S 4 ; D 1 - 3 ; S 1 D 2 - 3  END                                  0.0286   -0.02858
  47.   179   D 1 - 2 S 3 D 4 ; D 1 - 2 S 3 - 4 ; S 1 D 2 ; D 1  END                    0.0283   -0.00326  0.02812
  48.   118   D 1 - 3 S 4 ; D 1 - 3 ; D 1 S 3 ; D 1  END                                0.0282    0.02823
  49.    32   D 1 - 4 ; D 1 - 2 S 3 ; D 1 ; D 1 S 2  END                                0.0282   -0.02822
  50. 14924   D 1 - 2 S 3 S 5 ; D 1 S 2 - 4 ; D 1 - 2 ; D 1 S 3  END                    0.0281   -0.00067  0.01949  0.01468  0.01100
                                                                                                  0.00860
  51.  1338   D 1 - 3 S 4 ; D 1 - 2 ; D 1 S 2 ; D 1 S 2 - 3  END                        0.0279    0.01372  0.02433
  52.   217   D 1 - 2 S 3 ; D 1 - 3 ; D 1 - 2 S 3 ; D 1  END                            0.0279    0.02787
  53.  1726   D 1 - 3 ; D 1 - 2 S 3 ; D 1 S 2 - 3 ; D 1 S 3  END                        0.0278   -0.00740 -0.02681
  54.   211   D 1 - 2 S 3 - 4 ; D 1 - 2 S 3 ; D 1 - 2 ; D 1 S 2  END                    0.0278    0.02473  0.01259
  55.  1337   D 1 - 3 S 4 ; D 1 - 2 ; D 1 S 2 ; D 1 - 2  END                            0.0274    0.02741
  56.  2503   D 1 - 2 S 3 ; D 1 - 3 ; D 1 S 2 ; D 1 D 3  END                            0.0274    0.02736
  57.   119   D 1 - 3 S 4 ; D 1 - 3 ; S 1 D 2 ; S 1 - 2  END                            0.0273   -0.02725  0.00207
  58. 14736   D 1 - 2 S 3 ; D 1 - 2 S 3 - 4 ; D 1 - 2 S 3 ; S 1 S 3  END                0.0271   -0.02105  0.00253 -0.00814  0.00917
                                                                                                 -0.01157
  59. 16362   D 1 - 2 ; D 1 - 2 S 3 D 4 ; D 1 - 2 ; D 1 S 3  END                        0.0270    0.02700
  60.  1271   D 1 - 3 S 4 ; D 1 - 3 ; S 2 D 3 ; D 1  END                                0.0269    0.02687
  61.    35   D 1 - 4 ; D 1 - 2 S 3 ; S 1 - 2 ; D 1 S 2  END                            0.0261    0.02605 -0.00142
  62.  1808   D 1 - 3 ; S 1 D 2 - 3 ; D 1 S 2 - 3 ; D 1 S 3  END                        0.0260    0.00362 -0.02573
  63.    61   D 1 - 4 S 5 ; D 1 S 2 - 3 ; S 1 D 2 ; D 1  END                            0.0259   -0.02430  0.00893
  64.   117   D 1 - 3 S 4 ; D 1 - 3 ; D 1 S 2 ; S 1 S 3  END                            0.0257    0.02523 -0.00495
  65.   213   D 1 - 2 S 3 - 4 ; D 1 S 2 D 3 ; D 1 - 2 ; D 1 S 2  END                    0.0257    0.00769  0.02453
  66.  2329   D 1 - 2 S 3 - 4 ; D 1 - 3 S 4 ; S 1 D 2 S 3 ; S 1  END                    0.0257    0.02141  0.00520 -0.01282  0.00247
                                                                                                  0.00195
  67.  2417   D 1 - 2 S 3 - 4 ; D 1 S 2 - 4 ; D 1 - 2 ; D 1 S 3  END                    0.0257    0.00046 -0.02265 -0.00750 -0.00926
                                                                                                 -0.00178
  68.   176   D 1 - 2 S 3 D 4 ; D 1 - 2 S 3 - 4 ; D 1 S 2 ; D 1  END                    0.0253    0.00414 -0.02495
  69.   156   D 1 - 3 S 5 ; D 1 - 3 ; D 1 S 2 ; D 1  END                                0.0252    0.02524
  70. 14761   D 1 - 2 S 3 ; D 1 - 2 S 3 - 4 ; D 1 S 2 ; D 1 S 2 - 3  END                0.0252    0.02200 -0.00600  0.00657 -0.00682
                                                                                                  0.00494
  71. 10708   D 1 - 3 ; D 1 - 2 S 3 ; D 1 - 2 ; S 2 D 3  END                            0.0251   -0.02507
  72.  4778   S 1 D 2 - 3 S 5 ; D 1 - 2 S 3 ; D 1 - 2 ; D 1 S 3  END                    0.0251    0.02251  0.01101
  73. 10810   D 1 - 3 ; D 1 - 2 S 3 ; S 1 - 2 D 3 ; D 1 S 3  END                        0.0249    0.02158 -0.01250
  74.   159   D 1 - 3 S 6 ; D 1 - 3 ; S 1 D 2 ; D 1  END                                0.0249    0.02490
  75. 15071   D 1 - 2 S 3 S 6 ; S 1 D 2 S 3 - 4 ; D 1 - 2 ; D 1 S 3  END                0.0246    0.00058 -0.01666 -0.01315 -0.01012
                                                                                                 -0.00724
  76.  1671   D 1 - 3 S 6 ; D 1 - 3 ; D 1 S 2 ; S 1 S 3  END                            0.0246    0.01948 -0.01497
  77.  1208   D 1 - 3 S 4 ; D 1 - 3 ; D 1 S 2 D 3  END                                  0.0244    0.02442
  78. 10812   D 1 - 3 ; D 1 - 2 S 3 ; S 1 - 2 ; D 1 S 2 D 3  END                        0.0243   -0.02149  0.01138
  79. 10732   D 1 - 3 ; D 1 - 2 S 3 ; D 1 S 2 - 3 ; S 1 D 3  END                        0.0242    0.02069  0.01261
  80.  2743   D 1 - 2 S 4 ; D 1 - 4 ; S 1 D 2 ; D 1  END                                0.0241   -0.02406
  81.   157   D 1 - 3 S 6 ; D 1 - 3 ; D 1 S 2 ; D 1  END                                0.0235   -0.02352
  82. 11493   D 1 - 3 S 6 ; S 1 D 2 S 3 ; D 1 - 2 S 3 ; S 1 S 3  END                    0.0235   -0.01775 -0.00593 -0.00740 -0.01139
                                                                                                  0.00391
  83.  1718   D 1 - 3 ; D 1 - 2 S 3 ; D 1 - 2 ; S 1 D 3  END                            0.0231    0.02309
  84.  2334   D 1 - 2 S 3 - 4 ; D 1 - 3 S 4 ; S 1 - 2 ; D 1 S 2  END                    0.0231   -0.02058 -0.00012  0.00975 -0.00101
                                                                                                  0.00358
  85.  2406   D 1 - 2 S 3 - 5 ; D 1 S 2 D 3 S 4 ; S 1 D 2 ; D 1  END                    0.0228   -0.01255 -0.00703 -0.00976  0.01370
                                                                                                 -0.00567
  86.  1685   D 1 - 3 S 6 ; D 1 - 3 ; S 1 D 2 ; S 1 - 2  END                            0.0228   -0.01881  0.01295
  87.   122   D 1 - 3 S 4 ; D 1 - 3 ; D 2 S 3 ; D 1  END                                0.0228   -0.02282
  88.  1729   D 1 - 3 S 5 ; D 1 - 2 S 3 S 6 ; S 1 D 2 ; D 1  END                        0.0228   -0.02138 -0.00779
  89.    36   D 1 - 4 ; D 1 - 2 S 3 ; S 1 - 2 ; D 1 S 3  END                            0.0226   -0.01301  0.01843
  90.   209   D 1 - 2 S 3 - 5 ; D 1 - 3 ; S 1 D 2 ; D 1  END                            0.0225    0.00239  0.02240
  91.  1815   D 1 - 3 ; S 1 D 2 - 3 ; S 1 D 2 S 3 ; D 1 S 2  END                        0.0225   -0.00092  0.02245
  92.  1300   D 1 - 3 S 4 ; D 1 - 2 S 3 - 4 ; S 1 D 2 ; S 1 S 3  END                    0.0224    0.01638  0.01112  0.00830 -0.00656
                                                                                                 -0.00050
  93.   165   D 1 - 3 ; S 1 D 2 - 3 ; D 1 - 2 ; D 1 S 3  END                            0.0224   -0.02237
  94.   131   D 1 - 3 S 4 ; D 1 - 2 ; D 1 - 2 S 3 ; D 1  END                            0.0223   -0.02232
  95.  1306   D 1 - 3 S 4 - 5 ; D 1 - 2 S 3 ; S 1 - 2 ; D 1 S 3  END                    0.0221    0.00736  0.00504  0.01779  0.00154
                                                                                                 -0.00949
  96.  2368   D 1 - 2 S 3 - 4 ; D 1 - 2 S 3 ; D 1 S 2 - 3 ; D 1 S 3  END                0.0219   -0.01964 -0.00596  0.00303 -0.00652
                                                                                                  0.00248
  97.   207   D 1 - 2 S 3 - 5 ; D 1 - 3 ; D 1 S 2 ; D 1  END                            0.0218   -0.00307 -0.02161
  98.   273   D 1 S 2 D 3 S 4 - 5 ; D 1 - 3 ; D 1 S 2 ; D 1  END                        0.0218    0.01621 -0.01455
  99.  2379   D 1 - 2 S 3 - 4 ; D 1 - 2 S 4 ; D 1 - 2 ; D 1 S 2  END                    0.0216   -0.01732  0.01291
 100. 19281   D 1 S 2 D 3 S 6 ; D 1 - 2 S 3 ; D 1 - 2 ; S 1 - 3  END                    0.0216    0.01871  0.00633  0.00775  0.00364
                                                                                                 -0.00148




 POSITION OF FIRST SPIN COUPLING FOR TEN MOST IMPORTANT CONFIGURATIONS
     231      5    230      1    228    223      6      7   3700  32432



 ********************************
 RESULTS FOR ROOT   05
 TOTAL CI ENERGY =   -235.2714226
 ********************************

       CONF.                                                                           COEFF.
        NO.        SPACE ORBITAL PRODUCTS                                             CONTRIB.      CI COEFFICIENTS

       -----       ----------------------                                             --------   ---------------------
   1.   160   D 1 - 3 ; D 1 - 2 S 3 ; D 1 - 2 ; D 1 S 2  END                            0.4108    0.41076
   2.   217   D 1 - 2 S 3 ; D 1 - 3 ; D 1 - 2 S 3 ; D 1  END                            0.3586   -0.35860
   3.   153   D 1 - 3 ; D 1 - 3 S 4 ; D 1 - 2 ; S 1  END                                0.3302   -0.33020
   4.   161   D 1 - 3 ; D 1 - 2 S 3 ; D 1 - 2 ; D 1 S 3  END                            0.2394    0.23941
   5.   156   D 1 - 3 S 5 ; D 1 - 3 ; D 1 S 2 ; D 1  END                                0.1967    0.19666
   6.   162   D 1 - 3 ; D 1 S 2 D 3 ; D 1 - 2 ; D 1 S 2  END                            0.1963   -0.19631
   7.   131   D 1 - 3 S 4 ; D 1 - 2 ; D 1 - 2 S 3 ; D 1  END                            0.1896    0.18955
   8.   163   D 1 - 3 ; D 1 S 2 D 3 ; D 1 - 2 ; D 1 S 3  END                            0.1758   -0.17577
   9.     2   D 1 - 4 ; D 1 - 2 S 3 ; D 1 - 2 ; S 1  END                                0.1630    0.16299
  10.     5   D 1 - 3 S 4 ; D 1 - 3 ; S 1 D 2 ; D 1  END                                0.1457    0.14574
  11.   158   D 1 - 3 S 5 ; D 1 - 3 ; S 1 D 2 ; D 1  END                                0.1270    0.12701
  12.   211   D 1 - 2 S 3 - 4 ; D 1 - 2 S 3 ; D 1 - 2 ; D 1 S 2  END                    0.0924    0.01873 -0.09051
  13.   154   D 1 - 3 ; D 1 - 3 S 5 ; D 1 - 2 ; S 1  END                                0.0850    0.08504
  14.   283   D 1 S 2 D 3 ; D 1 - 3 ; D 1 - 2 S 3 ; D 1  END                            0.0804   -0.08039
  15.   212   D 1 - 2 S 3 - 4 ; D 1 - 2 S 3 ; D 1 - 2 ; D 1 S 3  END                    0.0790    0.01084 -0.07822
  16.   125   D 1 - 3 S 4 ; D 1 - 2 S 3 - 4 ; D 1 S 2 ; D 1  END                        0.0738    0.06928 -0.02549
  17.   128   D 1 - 3 S 4 ; D 1 - 2 S 3 - 4 ; S 1 D 2 ; D 1  END                        0.0603    0.04951 -0.03441
  18.   124   D 1 - 3 S 4 S 6 ; D 1 - 2 S 3 ; D 1 - 2 ; S 1  END                        0.0590    0.03077 -0.05031
  19.   150   D 1 - 3 S 4 ; S 1 D 2 S 3 ; D 1 - 2 S 3 ; D 1  END                        0.0580    0.03032 -0.04948
  20.     7   D 1 - 2 S 3 D 4 ; D 1 - 3 ; S 1 D 2 ; D 1  END                            0.0490   -0.04900
  21.  1716   D 1 - 3 ; D 1 - 2 S 3 ; D 1 - 2 ; S 1 D 2  END                            0.0475   -0.04754
  22.  1725   D 1 - 3 ; D 1 - 2 S 3 ; D 1 S 2 - 3 ; D 1 S 2  END                        0.0448    0.02172  0.03915
  23.  2535   D 1 - 2 S 3 ; S 1 D 2 - 3 S 4 ; D 1 - 2 S 3 ; D 1  END                    0.0442   -0.00328 -0.04411
  24.  2486   D 1 - 2 S 3 S 6 ; D 1 - 3 S 4 ; D 1 - 2 ; S 1  END                        0.0416    0.03720 -0.01864
  25.   118   D 1 - 3 S 4 ; D 1 - 3 ; D 1 S 3 ; D 1  END                                0.0401   -0.04013
  26.   359   S 1 D 2 - 3 S 4 ; D 1 - 2 S 3 ; D 1 - 2 ; D 1 S 2  END                    0.0400   -0.02869 -0.02789
  27.   122   D 1 - 3 S 4 ; D 1 - 3 ; D 2 S 3 ; D 1  END                                0.0392   -0.03919
  28.  1735   D 1 - 3 S 5 ; D 1 - 2 ; D 1 - 2 S 3 ; D 1  END                            0.0390    0.03899
  29.   126   D 1 - 3 S 4 ; D 1 - 2 S 3 S 5 ; D 1 S 2 ; D 1  END                        0.0388    0.03844 -0.00495
  30.   277   D 1 S 2 D 3 S 4 ; D 1 - 2 S 3 ; D 1 - 2 ; D 1 S 2  END                    0.0378    0.01305  0.03553
  31.  2514   D 1 - 2 S 3 ; D 1 - 3 ; S 1 D 2 ; D 1 - 2  END                            0.0372   -0.03724
  32.   116   D 1 - 3 S 4 ; D 1 - 3 ; D 1 S 2 ; S 1 - 2  END                            0.0361   -0.03580  0.00460
  33.   151   D 1 - 3 S 4 ; S 1 - 2 D 3 ; D 1 - 2 S 3 ; D 1  END                        0.0359   -0.03242  0.01532
  34.  1717   D 1 - 3 ; D 1 - 2 S 3 ; D 1 - 2 ; S 1 - 3  END                            0.0358   -0.00185  0.03574
  35.  2775   D 1 - 2 S 6 ; D 1 - 3 ; D 1 - 2 S 3 ; D 1  END                            0.0352   -0.03519
  36.  1673   D 1 - 3 ; D 1 - 3 S 5 ; D 1 S 2 - 3 ; S 1  END                            0.0346   -0.03145 -0.01449
  37.     3   D 1 - 4 ; D 1 S 2 D 3 ; D 1 - 2 ; S 1  END                                0.0346   -0.03462
  38.  1797   D 1 - 3 ; S 1 D 2 - 3 ; D 1 - 3 ; S 1  END                                0.0346    0.03460
  39.   120   D 1 - 3 S 4 ; D 1 - 3 ; S 1 D 2 ; S 1 S 3  END                            0.0342   -0.03397 -0.00348
  40.   127   D 1 - 3 S 4 ; D 1 - 2 S 3 S 6 ; D 1 S 2 ; D 1  END                        0.0341    0.03394  0.00281
  41.  1661   D 1 - 3 S 6 ; D 1 - 3 ; D 1 - 2 S 3  END                                  0.0337    0.03373
  42.     1   D 1 - 3 S 4 ; D 1 - 3 ; D 1 S 2 ; D 1  END                                0.0337    0.03367
  43.   360   S 1 D 2 - 3 S 4 ; D 1 - 2 S 3 ; D 1 - 2 ; D 1 S 3  END                    0.0336   -0.02229 -0.02510
  44.   159   D 1 - 3 S 6 ; D 1 - 3 ; S 1 D 2 ; D 1  END                                0.0335    0.03351
  45.  3469   D 1 S 2 D 3 ; D 1 S 2 D 3 S 4 ; D 1 - 2 S 3 ; D 1  END                    0.0334    0.00112  0.03334
  46.  1774   D 1 - 3 ; D 1 S 2 - 4 ; D 1 - 2 ; D 1 S 2  END                            0.0333    0.02200 -0.02497
  47. 14687   D 1 - 2 S 3 ; D 1 - 3 ; S 1 - 3 ; D 1 S 2 - 3  END                        0.0328   -0.00161 -0.00101 -0.00256 -0.02829
                                                                                                  0.01631
  48.  2502   D 1 - 2 S 3 ; D 1 - 3 ; D 1 S 2 ; D 1 S 2 - 3  END                        0.0326    0.00218  0.03257
  49.  1718   D 1 - 3 ; D 1 - 2 S 3 ; D 1 - 2 ; S 1 D 3  END                            0.0325   -0.03250
  50.     6   D 1 - 2 S 3 D 4 ; D 1 - 3 ; D 1 S 2 ; D 1  END                            0.0322   -0.03218
  51.  1791   D 1 - 3 ; S 1 D 2 - 4 ; D 1 - 2 ; S 1  END                                0.0322   -0.03216
  52.  1284   D 1 - 3 S 4 ; D 1 - 2 S 3 - 4 ; D 1 S 2 ; S 1 - 2  END                    0.0320   -0.02020 -0.01669  0.00115  0.01827
                                                                                                  0.00181
  53.  1737   D 1 - 3 ; D 1 - 2 S 4 ; D 1 - 2 ; D 1 S 2  END                            0.0320   -0.03200
  54.  2484   D 1 - 2 S 3 S 5 ; D 1 - 3 S 5 ; D 1 - 2 ; S 1  END                        0.0319   -0.02842  0.01448
  55.   213   D 1 - 2 S 3 - 4 ; D 1 S 2 D 3 ; D 1 - 2 ; D 1 S 2  END                    0.0318    0.00910  0.03047
  56.   119   D 1 - 3 S 4 ; D 1 - 3 ; S 1 D 2 ; S 1 - 2  END                            0.0318   -0.02836  0.01429
  57.  2503   D 1 - 2 S 3 ; D 1 - 3 ; D 1 S 2 ; D 1 D 3  END                            0.0315   -0.03151
  58.  2517   D 1 - 2 S 3 S 5 ; D 1 - 2 S 3 ; D 1 - 2 ; D 1 S 2  END                    0.0313   -0.02375 -0.02039
  59. 10581   D 1 - 3 ; D 1 - 3 S 4 ; S 1 - 2 ; S 1 - 3  END                            0.0311   -0.00303 -0.00016 -0.00042 -0.02678
                                                                                                  0.01557
  60.   157   D 1 - 3 S 6 ; D 1 - 3 ; D 1 S 2 ; D 1  END                                0.0310    0.03102
  61.   278   D 1 S 2 D 3 S 4 ; D 1 - 2 S 3 ; D 1 - 2 ; D 1 S 3  END                    0.0307    0.01143  0.02849
  62.  1734   D 1 - 3 ; D 1 - 2 S 3 ; S 1 D 2 S 3 ; D 1 S 3  END                        0.0305    0.01987  0.02317
  63.  1692   D 1 - 3 ; D 1 - 3 S 4 ; S 1 - 2 ; D 1 S 2  END                            0.0305   -0.02657  0.01489
  64.   129   D 1 - 3 S 4 ; D 1 - 2 S 3 S 5 ; S 1 D 2 ; D 1  END                        0.0303    0.03007 -0.00402
  65.  2518   D 1 - 2 S 3 S 5 ; D 1 - 2 S 3 ; D 1 - 2 ; D 1 S 3  END                    0.0303   -0.02189 -0.02100
  66.  1756   D 1 - 3 S 5 ; D 1 S 2 D 3 S 4 ; D 1 S 2 ; D 1  END                        0.0303   -0.02785 -0.01191
  67.  2489   D 1 - 2 S 3 ; D 1 - 3 ; D 1 - 2 S 3 ; S 1 - 2  END                        0.0296   -0.02530 -0.01538
  68.   130   D 1 - 3 S 4 ; D 1 - 2 S 3 S 6 ; S 1 D 2 ; D 1  END                        0.0296    0.02907  0.00536
  69.   297   D 1 S 2 - 4 ; D 1 - 3 ; D 1 - 2 S 3 ; D 1  END                            0.0295   -0.00992  0.02778
  70.  1672   D 1 - 3 ; D 1 - 3 S 4 ; D 1 S 2 - 3 ; S 1  END                            0.0294    0.02349  0.01770
  71.  1747   D 1 - 3 ; D 1 S 2 D 3 S 4 - 5 ; D 1 - 2 ; S 1  END                        0.0292    0.02794 -0.00865
  72.   231   D 1 - 2 S 4 ; D 1 - 3 ; D 1 - 2 S 3 ; D 1  END                            0.0291   -0.02913
  73.  3715   D 1 S 2 - 3 S 5 ; D 1 - 3 ; D 1 - 2 S 3 ; D 1  END                        0.0288   -0.00549 -0.02830
  74.   121   D 1 - 3 S 4 ; D 1 - 3 ; S 1 - 3 ; D 1  END                                0.0284   -0.02630  0.01065
  75.  2529   D 1 - 2 S 3 ; D 1 S 2 D 3 S 5 ; D 1 - 2 S 3 ; D 1  END                    0.0276    0.00173 -0.02757
  76.  2414   D 1 - 2 S 3 - 5 ; D 1 S 2 - 3 ; D 1 - 2 S 3 ; D 1  END                    0.0274    0.00173  0.01881 -0.01491 -0.01181
                                                                                                  0.00578
  77. 10811   D 1 - 3 ; D 1 - 2 S 3 ; S 1 - 2 ; D 1 - 2 S 3  END                        0.0274    0.02384 -0.01340
  78.  2495   D 1 - 2 S 3 ; D 1 - 3 S 4 - 5 ; D 1 S 2 ; D 1  END                        0.0272    0.02515 -0.01034
  79. 14923   D 1 - 2 S 3 S 5 ; D 1 S 2 - 4 ; D 1 - 2 ; D 1 S 2  END                    0.0265   -0.00770 -0.01679 -0.01420 -0.01233
                                                                                                 -0.00314
  80.  1726   D 1 - 3 ; D 1 - 2 S 3 ; D 1 S 2 - 3 ; D 1 S 3  END                        0.0264   -0.00901  0.02486
  81. 10812   D 1 - 3 ; D 1 - 2 S 3 ; S 1 - 2 ; D 1 S 2 D 3  END                        0.0264    0.02253 -0.01371
  82.  1733   D 1 - 3 ; D 1 - 2 S 3 ; S 1 D 2 S 3 ; D 1 S 2  END                        0.0262   -0.00396  0.02593
  83.  2524   D 1 - 2 S 3 S 5 ; D 1 S 2 D 3 ; D 1 - 2 ; D 1 S 2  END                    0.0261    0.02041  0.01622
  84.   134   D 1 - 3 S 4 ; D 1 S 2 D 3 S 4 ; D 1 S 2 ; D 1  END                        0.0260   -0.02484 -0.00779
  85.  1397   D 1 - 3 S 4 - 5 ; D 1 S 2 - 4 ; D 1 - 2 ; S 1  END                        0.0259    0.00018 -0.00053 -0.00201  0.00305
                                                                                                  0.02559
  86.  1662   D 1 - 3 ; D 1 - 3 S 4 ; D 1 - 2 ; S 2  END                                0.0256   -0.02563
  87.  1660   D 1 - 3 S 5 ; D 1 - 3 ; D 1 - 2 S 3  END                                  0.0256    0.02557
  88.  1780   D 1 - 3 S 5 ; D 1 D 3 ; D 1 - 2 S 3 ; D 1  END                            0.0254   -0.02542
  89.  1775   D 1 - 3 ; D 1 S 2 - 4 ; D 1 - 2 ; D 1 S 3  END                            0.0254    0.01572 -0.01993
  90.  2416   D 1 - 2 S 3 - 4 ; D 1 S 2 - 4 ; D 1 - 2 ; D 1 S 2  END                    0.0252    0.00829  0.01805  0.00903  0.01258
                                                                                                  0.00146
  91.   117   D 1 - 3 S 4 ; D 1 - 3 ; D 1 S 2 ; S 1 S 3  END                            0.0252   -0.02006  0.01525
  92.  2483   D 1 - 2 S 3 S 5 ; D 1 - 3 S 4 ; D 1 - 2 ; S 1  END                        0.0248    0.01636 -0.01866
  93.  1752   D 1 - 3 ; D 1 S 2 D 3 ; D 1 - 3 ; S 1  END                                0.0248   -0.02479
  94.  1763   D 1 - 3 ; D 1 S 2 D 3 ; D 1 S 2 - 3 ; D 1 S 3  END                        0.0247    0.00215  0.02457
  95.  2525   D 1 - 2 S 3 S 5 ; D 1 S 2 D 3 ; D 1 - 2 ; D 1 S 3  END                    0.0246    0.01925  0.01538
  96.  2490   D 1 - 2 S 3 ; D 1 - 3 ; D 1 - 2 S 3 ; S 1 S 3  END                        0.0243   -0.02123 -0.01185
  97.  1687   D 1 - 3 ; D 1 - 3 S 4 ; S 1 D 2 S 3 ; S 1  END                            0.0243    0.01995  0.01385
  98.  3441   D 1 S 2 D 3 ; D 1 - 3 ; D 1 S 2 D 3 ; D 1  END                            0.0242   -0.02420
  99.  1669   D 1 - 3 S 5 ; D 1 - 3 ; D 1 S 2 ; S 1 S 3  END                            0.0240    0.02035 -0.01264
 100.  1743   D 1 - 3 D 5 ; D 1 S 2 D 3 ; D 1 - 2 ; S 1  END                            0.0238    0.02379




 POSITION OF FIRST SPIN COUPLING FOR TEN MOST IMPORTANT CONFIGURATIONS
     230    332    223    231    226    232    182    233      2      5



 ELAPSED TIME =      86.86 CPU SECONDS. (     86.82 WALL CLOCK SECONDS)
