 ************************************************************************
 * RTSIM - DAVIDSON METHOD SPARSE MATRIX EIGENVALUE/EIGENVECTOR PROGRAM *
 * QUANTUM CHEMISTRY GROUP - INDIANA UNIVERSITY - 12May 2016  10:51:03  *
 ************************************************************************



                 DIAGONALIZATION RUN TITLE
                 -------------------------
 )* WATER TEST *



 ) DAVIDSON
 ) LAST=5
 ) COEFF
 ) NOVLP
 ) MAXITR=1000 END

 THE CI MATRIX IS TITLED:  H2O  -SINGLET A1-  STO-3G HF SD-CI TEST
 THE MATRIX IS DATED:     12May 2016  10:50:51 
 THE SPIN MULTIPLICITY IS 1 AND THE DIMENSION IS 193678.

 ROOTS  1 THROUGH  5 WILL BE OBTAINED.

  
  
  
 AMOUNT OF CORE AVAILABLE                      80000000
 MAXIMUM NUMBER OF VECTORS PER ITERATION              5
 MAXIMUM NUMBER OF VECTORS ON DISK                   25
 NUMBER OF SOLUTIONS SOUGHT                           5
 NUMBER OF SOLUTIONS INVESTIGATED                     5
 SIZE OF MATRIX DIAGONALISED                     193678
  
  
 INITIAL GUESS AT ROOTS (OBTAINED FROM DIAGONAL ELEMENTS OF HAMILTONIAN MATRIX)

                1        -237.50133
               15        -232.43169
                6        -232.43169
                3        -231.24774
                5        -231.24774


 ITERATION       ROOT           EIGENVALUE          NORM OF RESIDUAL
     1             1          -237.50132688              6.52456
     1             2          -232.45308816              6.46445
     1             3          -232.41169747              6.34634
     1             4          -231.29201432              6.31762
     1             5          -231.20206856              6.31843
     2             1          -240.32155889              9.37029
     2             2          -235.29983234             10.97903
     2             3          -235.07301988              9.48637
     2             4          -232.66383545             17.78244
     2             5          -231.28518565             16.39764
     2             1          -240.32155889              3.71472
     2             2          -235.29983234              3.45707
     2             3          -235.07301988              2.63970
     2             4          -232.66383545              5.07936
     2             5          -231.28518565              6.43716
     3             1          -240.95087712              5.60031
     3             2          -235.92165886              5.95732
     3             3          -235.39253631              4.01953
     3             4          -234.36919413             10.98718
     3             5          -234.20859508             14.59586
     3             1          -240.95087712              1.29645
     3             2          -235.92165886              1.64238
     3             3          -235.39253631              0.93212
     3             4          -234.36919413              2.22570
     3             5          -234.20859508              3.07756
     4             1          -241.01346200              1.63265
     4             2          -236.11267238              4.35213
     4             3          -235.43829951              1.72012
     4             4          -234.70520262           **********
     4             5          -234.60917926           **********
     4             1          -241.01346200              0.44777
     4             2          -236.11267238              1.09291
     4             3          -235.43829951              0.37867
     4             4          -234.70520262              1.31471
     4             5          -234.60917926              0.80440
     5             1          -241.02236133              0.73873
     5             2          -236.22813380              5.10238
     5             3          -235.44797172              1.03806
     5             4          -234.83187443              3.66738
     5             5          -234.65040789              1.99197
  truncating with vlp=false 
 TRUNCATION TO 1 VECTOR PER ROOT HAS BEEN PERFORMED
     5             1          -241.02236133              0.16490
     5             2          -236.22813380              0.93993
     5             3          -235.44797172              0.18941
     5             4          -234.83187443              0.81356
     5             5          -234.65040789              0.36556
     6             1          -241.02331791              0.15752
     6             2          -236.27083112              1.28867
     6             3          -235.44974047              0.25870
     6             4          -234.87345622              1.45276
     6             5          -234.65794996              0.57259
     6             1          -241.02331791              0.06443
     6             2          -236.27083112              0.52578
     6             3          -235.44974047              0.09720
     6             4          -234.87345622              0.53852
     6             5          -234.65794996              0.18927
     7             1          -241.02353462              0.12639
     7             2          -236.29977889              2.30941
     7             3          -235.45081574              0.50658
     7             4          -234.91032157              3.03208
     7             5          -234.66246574              1.15715
     7             1          -241.02353462              0.03145
     7             2          -236.29977889              0.49297
     7             3          -235.45081574              0.08010
     7             4          -234.91032157              0.51794
     7             5          -234.66246574              0.18091
     8             1          -241.02357801              0.05860
     8             2          -236.31333203              1.87730
     8             3          -235.45126873              0.36894
     8             4          -234.92780964              1.99281
     8             5          -234.66560122              1.30914
     8             1          -241.02357801              0.01179
     8             2          -236.31333203              0.37580
     8             3          -235.45126873              0.04392
     8             4          -234.92780964              0.21950
     8             5          -234.66560122              0.13831
     9             1          -241.02358326              0.01848
     9             2          -236.31756259              0.95183
     9             3          -235.45138087              0.14176
     9             4          -234.93050119              0.61750
     9             5          -234.66739256              1.06424
  truncating with vlp=false 
 TRUNCATION TO 1 VECTOR PER ROOT HAS BEEN PERFORMED
     9             1          -241.02358326              0.00506
     9             2          -236.31756259              0.41581
     9             3          -235.45138087              0.01891
     9             4          -234.93050119              0.10675
     9             5          -234.66739256              0.11419
    10             1          -241.02358403              0.00489
    10             2          -236.32064023              0.42098
    10             3          -235.45139958              0.03505
    10             4          -234.93125003              0.23782
    10             5          -234.66818680              0.24941
    10             1          -241.02358403              0.00260
    10             2          -236.32064023              0.32367
    10             3          -235.45139958              0.01082
    10             4          -234.93125003              0.07943
    10             5          -234.66818680              0.07145
    11             1          -241.02358437              0.00818
    11             2          -236.32399499              0.90252
    11             3          -235.45140938              0.05768
    11             4          -234.93191220              0.57499
    11             5          -234.66877967              0.58243
    11             1          -241.02358437              0.00130
    11             2          -236.32399499              0.26423
    11             3          -235.45140938              0.00653
    11             4          -234.93191220              0.05823
    11             5          -234.66877967              0.06609
    12             1          -241.02358444              0.00356
    12             2          -236.32937399              1.50123
    12             3          -235.45141208              0.03456
    12             4          -234.93215054              0.36262
    12             5          -234.66915765              0.61279
    12             1          -241.02358444              0.00052
    12             2          -236.32937399              0.19004
    12             3          -235.45141208              0.00314
    12             4          -234.93215054              0.03350
    12             5          -234.66915765              0.04992
    13             1          -241.02358445              0.00145
    13             2          -236.33244789              1.28687
    13             3          -235.45141281              0.02091
    13             4          -234.93225189              0.26438
    13             5          -234.66937583              0.53382
  truncating with vlp=false 
 TRUNCATION TO 1 VECTOR PER ROOT HAS BEEN PERFORMED
    13             1          -241.02358445              0.00023
    13             2          -236.33244789              0.18302
    13             3          -235.45141281              0.00215
    13             4          -234.93225189              0.02951
    13             5          -234.66937583              0.03997
    14             1          -241.02358445              0.00022
    14             2          -236.33417063              0.27921
    14             3          -235.45141308              0.00367
    14             4          -234.93229766              0.04729
    14             5          -234.66948394              0.08225
    14             1          -241.02358445              0.00011
    14             2          -236.33417063              0.11911
    14             3          -235.45141308              0.00132
    14             4          -234.93229766              0.01732
    14             5          -234.66948394              0.02783
    15             1          -241.02358445              0.00024
    15             2          -236.33558782              0.62770
    15             3          -235.45141327              0.00818
    15             4          -234.93233452              0.12035
    15             5          -234.66957339              0.19727
    15             1          -241.02358445              0.00005
    15             2          -236.33558782              0.11565
    15             3          -235.45141327              0.00104
    15             4          -234.93233452              0.01876
    15             5          -234.66957339              0.02522
     ROOT    ITERATION     NUMBER OF PRODUCTS       EIGENVALUE
       1        15                70                -241.0235844506


    16             2          -236.33626413              0.50882
    16             3          -235.45141334              0.00556
    16             4          -234.93236537              0.14697
    16             5          -234.66963669              0.21522
    16             2          -236.33626413              0.09958
    16             3          -235.45141334              0.00058
    16             4          -234.93236537              0.01478
    16             5          -234.66963669              0.01953
    17             2          -236.33638438              0.18068
    17             3          -235.45141336              0.00264
    17             4          -234.93238153              0.12095
    17             5          -234.66967151              0.17549
  truncating with vlp=false 
 TRUNCATION TO 1 VECTOR PER ROOT HAS BEEN PERFORMED
    17             2          -236.33638438              0.10329
    17             3          -235.45141336              0.00038
    17             4          -234.93238153              0.01323
    17             5          -234.66967151              0.01885
    18             2          -236.33651811              0.06427
    18             3          -235.45141337              0.00048
    18             4          -234.93239153              0.01843
    18             5          -234.66969128              0.02622
    18             2          -236.33651811              0.09060
    18             3          -235.45141337              0.00023
    18             4          -234.93239153              0.00954
    18             5          -234.66969128              0.01186
    19             2          -236.33684467              0.20862
    19             3          -235.45141338              0.00089
    19             4          -234.93239859              0.04302
    19             5          -234.66970614              0.06667
    19             2          -236.33684467              0.07657
    19             3          -235.45141338              0.00015
    19             4          -234.93239859              0.00734
    19             5          -234.66970614              0.01008
    20             2          -236.33722927              0.31444
    20             3          -235.45141338              0.00074
    20             4          -234.93240293              0.05061
    20             5          -234.66971562              0.08529
    20             2          -236.33722927              0.05294
    20             3          -235.45141338              0.00008
    20             4          -234.93240293              0.00624
    20             5          -234.66971562              0.00765
     ROOT    ITERATION     NUMBER OF PRODUCTS       EIGENVALUE
       3        20                90                -235.4514133768


    21             2          -236.33744378              0.32075
    21             4          -234.93240927              0.10910
    21             5          -234.66972084              0.07220
    21             2          -236.33744378              0.05020
    21             4          -234.93240927              0.01156
    21             5          -234.66972084              0.00700
    22             2          -236.33773142              0.61576
    22             4          -234.94861823            348.66346
    22             5          -234.93201431           **********
  truncating with vlp=false 
 TRUNCATION TO 1 VECTOR PER ROOT HAS BEEN PERFORMED
    22             2          -236.33773142              0.03515
    22             4          -234.94861823              1.69682
    22             5          -234.93201431              0.26494
    23             2          -236.33777764              0.06322
    23             4          -235.06291196              4.88791
    23             5          -234.93236171              4.21783
    23             2          -236.33777764              0.01776
    23             4          -235.06291196              0.92616
    23             5          -234.93236171              0.01763
    24             2          -236.33779362              0.05876
    24             4          -235.11158081              3.38193
    24             5          -234.93237504              0.25172
    24             2          -236.33779362              0.00842
    24             4          -235.11158081              0.52668
    24             5          -234.93237504              0.00751
    25             2          -236.33779747              0.03881
    25             4          -235.13010031              3.53255
    25             5          -234.93237945              0.10257
    25             2          -236.33779747              0.00553
    25             4          -235.13010031              0.34821
    25             5          -234.93237945              0.00593
    26             2          -236.33779872              0.02982
    26             4          -235.13975915              3.95892
    26             5          -234.93238353              0.14336
    26             2          -236.33779872              0.00400
    26             4          -235.13975915              0.27129
    26             5          -234.93238353              0.00686
    27             2          -236.33779988              0.02598
    27             4          -235.14603826              4.02212
    27             5          -234.93239582              0.69088
    27             2          -236.33779988              0.00337
    27             4          -235.14603826              0.22321
    27             5          -234.93239582              0.01860
    28             2          -236.33780059              0.01924
    28             4          -235.15043018              4.64421
    28             5          -234.98332190           1792.94379
  truncating with vlp=false 
 TRUNCATION TO 1 VECTOR PER ROOT HAS BEEN PERFORMED
    28             2          -236.33780059              0.00206
    28             4          -235.15043018              0.17488
    28             5          -234.98332190              0.84892
    29             2          -236.33780076              0.00252
    29             4          -235.15220938              1.16224
    29             5          -235.01961844              1.69217
    29             2          -236.33780076              0.00113
    29             4          -235.15220938              0.12518
    29             5          -235.01961844              0.53587
    30             2          -236.33780083              0.00290
    30             4          -235.15419542              2.16368
    30             5          -235.04800949              3.34288
    30             2          -236.33780083              0.00068
    30             4          -235.15419542              0.14766
    30             5          -235.04800949              0.49762
    31             2          -236.33780084              0.00130
    31             4          -235.15680385              3.63438
    31             5          -235.07151406              5.19588
    31             2          -236.33780084              0.00071
    31             4          -235.15680385              0.17784
    31             5          -235.07151406              0.47853
    32             2          -236.33780087              0.00352
    32             4          -235.16073206              6.16686
    32             5          -235.09344456              7.77771
    32             2          -236.33780087              0.00053
    32             4          -235.16073206              0.19974
    32             5          -235.09344456              0.41626
    33             2          -236.33780089              0.00267
    33             4          -235.16438115              5.98354
    33             5          -235.10581262              6.91407
    33             2          -236.33780089              0.00033
    33             4          -235.16438115              0.19908
    33             5          -235.10581262              0.33099
    34             2          -236.33780089              0.00151
    34             4          -235.16784034              5.52945
    34             5          -235.11350142              6.03463
  truncating with vlp=false 
 TRUNCATION TO 1 VECTOR PER ROOT HAS BEEN PERFORMED
    34             2          -236.33780089              0.00023
    34             4          -235.16784034              0.18953
    34             5          -235.11350142              0.26143
    35             2          -236.33780089              0.00027
    35             4          -235.16963247              1.33658
    35             5          -235.11654560              1.36320
    35             2          -236.33780089              0.00013
    35             4          -235.16963247              0.12051
    35             5          -235.11654560              0.15136
    36             2          -236.33780089              0.00055
    36             4          -235.17075181              1.26809
    36             5          -235.11822244              1.32393
    36             2          -236.33780089              0.00009
    36             4          -235.17075181              0.10100
    36             5          -235.11822244              0.12113
     ROOT    ITERATION     NUMBER OF PRODUCTS       EIGENVALUE
       2        36               138                -236.3378008941


    37             4          -235.17155095              1.18352
    37             5          -235.11934405              1.27889
    37             4          -235.17155095              0.08198
    37             5          -235.11934405              0.09546
    38             4          -235.17182644              0.55898
    38             5          -235.11973694              0.64927
    38             4          -235.17182644              0.06688
    38             5          -235.11973694              0.07892
    39             4          -235.17189999              0.34572
    39             5          -235.11988207              0.48841
    39             4          -235.17189999              0.06819
    39             5          -235.11988207              0.08044
    40             4          -235.17206225              0.51071
    40             5          -235.12014401              0.65612
    40             4          -235.17206225              0.06550
    40             5          -235.12014401              0.07635
    41             4          -235.17235502              0.63016
    41             5          -235.12055085              0.73365
    41             4          -235.17235502              0.05069
    41             5          -235.12055085              0.05715
    42             4          -235.17259906              0.52922
    42             5          -235.12086162              0.58403
    42             4          -235.17259906              0.05799
    42             5          -235.12086162              0.06535
    43             4          -235.17289068              0.72953
    43             5          -235.12123912              0.82761
  truncating with vlp=false 
 TRUNCATION TO 1 VECTOR PER ROOT HAS BEEN PERFORMED
    43             4          -235.17289068              0.06007
    43             5          -235.12123912              0.06853
    44             4          -235.17302275              0.10254
    44             5          -235.12141043              0.10893
    44             4          -235.17302275              0.03605
    44             5          -235.12141043              0.04081
    45             4          -235.17311662              0.18255
    45             5          -235.12153263              0.20327
    45             4          -235.17311662              0.03102
    45             5          -235.12153263              0.03536
    46             4          -235.17320677              0.29211
    46             5          -235.12165432              0.33901
    46             4          -235.17320677              0.02969
    46             5          -235.12165432              0.03429
    47             4          -235.17327497              0.28935
    47             5          -235.12174860              0.34557
    47             4          -235.17327497              0.02709
    47             5          -235.12174860              0.03170
    48             4          -235.17333095              0.24400
    48             5          -235.12182663              0.29985
    48             4          -235.17333095              0.02356
    48             5          -235.12182663              0.02805
    49             4          -235.17337119              0.20647
    49             5          -235.12188337              0.25503
    49             4          -235.17337119              0.01938
    49             5          -235.12188337              0.02328
    50             4          -235.17340695              0.24910
    50             5          -235.12193521              0.31143
    50             4          -235.17340695              0.01566
    50             5          -235.12193521              0.01912
    51             4          -235.17342531              0.15713
    51             5          -235.12196311              0.20403
    51             4          -235.17342531              0.01280
    51             5          -235.12196311              0.01590
    52             4          -235.17343648              0.11478
    52             5          -235.12198067              0.15242
    52             4          -235.17343648              0.00943
    52             5          -235.12198067              0.01193
    53             4          -235.17344200              0.07606
    53             5          -235.12198983              0.10453
  truncating with vlp=false 
 TRUNCATION TO 1 VECTOR PER ROOT HAS BEEN PERFORMED
    53             4          -235.17344200              0.00611
    53             5          -235.12198983              0.00801
    54             4          -235.17344387              0.00829
    54             5          -235.12199305              0.01090
    54             4          -235.17344387              0.00416
    54             5          -235.12199305              0.00548
    55             4          -235.17344558              0.02567
    55             5          -235.12199609              0.03475
    55             4          -235.17344558              0.00436
    55             5          -235.12199609              0.00589
    56             4          -235.17344728              0.04427
    56             5          -235.12199930              0.06280
    56             4          -235.17344728              0.00403
    56             5          -235.12199930              0.00562
    57             4          -235.17344841              0.03786
    57             5          -235.12200157              0.05663
    57             4          -235.17344841              0.00287
    57             5          -235.12200157              0.00412
    58             4          -235.17344890              0.02464
    58             5          -235.12200264              0.03855
    58             4          -235.17344890              0.00253
    58             5          -235.12200264              0.00371
    59             4          -235.17344934              0.02363
    59             5          -235.12200363              0.03789
    59             4          -235.17344934              0.00248
    59             5          -235.12200363              0.00368
    60             4          -235.17344985              0.02725
    60             5          -235.12200479              0.04544
    60             4          -235.17344985              0.00202
    60             5          -235.12200479              0.00310
    61             4          -235.17345021              0.02575
    61             5          -235.12200569              0.04489
    61             4          -235.17345021              0.00175
    61             5          -235.12200569              0.00282
    62             4          -235.17345046              0.02128
    62             5          -235.12200636              0.03928
    62             4          -235.17345046              0.00123
    62             5          -235.12200636              0.00207
    63             4          -235.17345059              0.01535
    63             5          -235.12200675              0.02965
  truncating with vlp=false 
 TRUNCATION TO 1 VECTOR PER ROOT HAS BEEN PERFORMED
    63             4          -235.17345059              0.00113
    63             5          -235.12200675              0.00199
    64             4          -235.17345065              0.00137
    64             5          -235.12200695              0.00241
    64             4          -235.17345065              0.00072
    64             5          -235.12200695              0.00127
    65             4          -235.17345071              0.00343
    65             5          -235.12200713              0.00613
    65             4          -235.17345071              0.00067
    65             5          -235.12200713              0.00120
    66             4          -235.17345074              0.00330
    66             5          -235.12200724              0.00610
    66             4          -235.17345074              0.00051
    66             5          -235.12200724              0.00094
    67             4          -235.17345076              0.00307
    67             5          -235.12200731              0.00580
    67             4          -235.17345076              0.00044
    67             5          -235.12200731              0.00083
    68             4          -235.17345077              0.00207
    68             5          -235.12200733              0.00402
    68             4          -235.17345077              0.00038
    68             5          -235.12200733              0.00073
    69             4          -235.17345077              0.00128
    69             5          -235.12200734              0.00271
    69             4          -235.17345077              0.00037
    69             5          -235.12200734              0.00071
    70             4          -235.17345078              0.00268
    70             5          -235.12200736              0.00582
    70             4          -235.17345078              0.00036
    70             5          -235.12200736              0.00070
    71             4          -235.17345079              0.00327
    71             5          -235.12200740              0.00687
    71             4          -235.17345079              0.00033
    71             5          -235.12200740              0.00065
    72             4          -235.17345080              0.00373
    72             5          -235.12200744              0.00785
    72             4          -235.17345080              0.00028
    72             5          -235.12200744              0.00056
    73             4          -235.17345080              0.00286
    73             5          -235.12200746              0.00619
  truncating with vlp=false 
 TRUNCATION TO 1 VECTOR PER ROOT HAS BEEN PERFORMED
    73             4          -235.17345080              0.00024
    73             5          -235.12200746              0.00049
    74             4          -235.17345081              0.00033
    74             5          -235.12200747              0.00070
    74             4          -235.17345081              0.00014
    74             5          -235.12200747              0.00029
    75             4          -235.17345081              0.00087
    75             5          -235.12200748              0.00190
    75             4          -235.17345081              0.00014
    75             5          -235.12200748              0.00031
    76             4          -235.17345081              0.00131
    76             5          -235.12200749              0.00294
    76             4          -235.17345081              0.00013
    76             5          -235.12200749              0.00029
    77             4          -235.17345081              0.00168
    77             5          -235.12200749              0.00399
    77             4          -235.17345081              0.00012
    77             5          -235.12200749              0.00028
    78             4          -235.17345081              0.00154
    78             5          -235.12200750              0.00387
    78             4          -235.17345081              0.00010
    78             5          -235.12200750              0.00025
    79             4          -235.17345081              0.00126
    79             5          -235.12200751              0.00338
    79             4          -235.17345081              0.00009
    79             5          -235.12200751              0.00022
     ROOT    ITERATION     NUMBER OF PRODUCTS       EIGENVALUE
       4        79               224                -235.1734508128


    80             5          -235.12200751              0.00300
    80             5          -235.12200751              0.00019
    81             5          -235.12200751              0.00215
    81             5          -235.12200751              0.00014
    82             5          -235.12200751              0.00180
    82             5          -235.12200751              0.00012
    83             5          -235.12200752              0.00124
    83             5          -235.12200752              0.00010
    84             5          -235.12200752              0.00147
    84             5          -235.12200752              0.00007
     ROOT    ITERATION     NUMBER OF PRODUCTS       EIGENVALUE
       5        84               229                -235.1220075161


  all roots converged 
  

 ************************************
 COMPLETED CI VECTOR OPTIMISATION
 ************************************





 ********************************
 RESULTS FOR ROOT   01
 TOTAL CI ENERGY =   -241.0235845
 ********************************

       CONF.                                                                           COEFF.
        NO.        SPACE ORBITAL PRODUCTS                                             CONTRIB.      CI COEFFICIENTS

       -----       ----------------------                                             --------   ---------------------
   1.     1   D 1 - 3 ; D 1 - 3 ; D 1 - 2 ; D 1  END                                    0.8546   -0.85461
   2.    92   D 1 - 3 ; D 1 - 3 ; S 1 - 2 ; D 1 S 2 - 3  END                            0.0926   -0.00452 -0.09251
   3.   314   D 1 - 2 S 3 - 4 ; D 1 - 2 S 3 - 4 ; D 1 - 2 ; D 1  END                    0.0841    0.06362  0.05500
   4.   181   D 1 - 3 S 4 - 5 ; D 1 S 2 - 3 ; D 1 - 2 ; D 1  END                        0.0800    0.01375  0.07878
   5.   137   D 1 - 4 ; D 1 - 2 ; D 1 - 2 ; D 1  END                                    0.0757    0.07566
   6.    49   D 1 - 3 ; D 1 - 3 ; D 1 S 2 - 3 ; S 1 - 2  END                            0.0733    0.06228  0.03872
   7.   129   D 1 - 3 S 4 ; D 1 - 2 S 3 ; S 1 D 2 ; D 1 S 3  END                        0.0725    0.07246 -0.00075
   8.   119   D 1 - 3 S 4 ; D 1 - 2 S 3 ; D 1 S 2 ; D 1 S 2  END                        0.0708    0.07081  0.00038
   9.    36   D 1 - 3 ; D 1 - 3 ; D 1 - 3  END                                          0.0632    0.06318
  10.    50   D 1 - 3 ; D 1 - 3 ; D 1 S 2 - 3 ; S 1 S 3  END                            0.0620    0.05457  0.02937
  11.    76   D 1 - 3 ; D 1 - 3 ; S 1 D 2 S 3 ; S 1 - 2  END                            0.0620    0.05457  0.02937
  12.   293   D 1 - 2 S 3 ; D 1 - 3 S 4 ; D 1 - 2 S 3 ; S 1  END                        0.0586    0.05844  0.00468
  13.   328   D 1 - 2 S 3 S 5 ; D 1 S 2 D 3 S 4 ; D 1 - 2 ; D 1  END                    0.0578   -0.04539 -0.03586
  14.    77   D 1 - 3 ; D 1 - 3 ; S 1 D 2 S 3 ; S 1 S 3  END                            0.0544    0.04560  0.02969
  15.   110   D 1 - 3 S 4 ; D 1 - 2 S 3 ; D 1 - 2 S 3 ; S 1  END                        0.0539   -0.05379 -0.00323
  16.   353   D 1 - 2 ; D 1 - 4 ; D 1 - 2 ; D 1  END                                    0.0537    0.05374
  17.   109   D 1 - 3 ; D 1 - 3 ; D 2 ; D 1 D 3  END                                    0.0532    0.05320
  18.   484   S 1 D 2 - 3 S 4 ; D 1 - 2 S 3 S 6 ; D 1 - 2 ; D 1  END                    0.0512    0.03716  0.03518
  19.   391   D 1 S 2 D 3 S 4 ; D 1 - 2 S 3 S 5 ; D 1 - 2 ; D 1  END                    0.0474   -0.03389 -0.03310
  20.   317   D 1 - 2 S 3 S 5 ; D 1 - 2 S 3 - 4 ; D 1 - 2 ; D 1  END                    0.0467   -0.04439 -0.01440
  21.   325   D 1 - 2 S 3 - 4 ; D 1 S 2 D 3 S 4 ; D 1 - 2 ; D 1  END                    0.0467    0.04439  0.01440
  22.   342   D 1 - 2 S 3 S 6 ; S 1 D 2 - 3 S 4 ; D 1 - 2 ; D 1  END                    0.0462    0.03541  0.02970
  23.    66   D 1 - 3 ; D 1 - 3 ; D 1 ; D 1 D 3  END                                    0.0454    0.04541
  24.   107   D 1 - 3 ; D 1 - 3 ; D 2 ; D 1 - 2  END                                    0.0454    0.04541
  25.   299   D 1 - 2 S 3 ; D 1 - 3 S 4 ; D 1 S 2 ; D 1 S 2  END                        0.0450   -0.04489 -0.00330
  26.   214   D 1 - 3 S 6 ; S 1 D 2 - 3 ; D 1 - 2 S 3 ; S 1  END                        0.0446   -0.04220 -0.01433
  27.    90   D 1 - 3 ; D 1 - 3 ; S 1 - 2 D 3 ; D 1  END                                0.0444    0.04441
  28.    38   D 1 - 3 ; D 1 - 3 ; D 1 - 2 ; S 2 - 3  END                                0.0444   -0.04441
  29.    64   D 1 - 3 ; D 1 - 3 ; D 1 ; D 1 - 2  END                                    0.0441    0.04410
  30.   241   D 1 - 3 S 4 S 6 ; S 1 D 2 S 3 ; D 1 - 2 ; D 1  END                        0.0427   -0.00990 -0.04150
  31.   387   D 1 S 2 D 3 ; D 1 - 3 S 5 ; S 1 D 2 ; D 1 S 3  END                        0.0426    0.03978  0.01516
  32.   377   D 1 S 2 D 3 ; D 1 - 3 S 5 ; D 1 S 2 ; D 1 S 2  END                        0.0422    0.03958  0.01452
  33.   113   D 1 - 3 ; D 1 - 2 S 3 - 4 ; D 1 - 2 ; S 1 - 2  END                        0.0404   -0.04019  0.00387
  34.   296   D 1 - 2 S 3 - 4 ; D 1 - 3 ; D 1 S 2 - 3 ; D 1  END                        0.0404   -0.04019  0.00387
  35.   309   D 1 - 2 S 3 ; D 1 - 3 S 4 ; S 1 D 2 ; D 1 S 3  END                        0.0395   -0.03896 -0.00662
  36.   287   D 1 - 2 S 3 - 4 ; D 1 - 3 ; D 1 - 2 ; S 1 - 2  END                        0.0394   -0.03924  0.00324
  37.   125   D 1 - 3 ; D 1 - 2 S 3 - 4 ; D 1 S 2 - 3 ; D 1  END                        0.0394   -0.03924  0.00324
  38.   370   D 1 S 2 D 3 ; D 1 - 3 S 5 ; D 1 - 2 S 3 ; S 1  END                        0.0393   -0.03697  0.01345
  39.   163   D 1 - 3 S 4 ; D 1 S 2 D 3 ; D 1 S 2 ; D 1 S 3  END                        0.0386    0.03789  0.00720
  40.   130   D 1 - 3 S 5 ; D 1 - 2 S 3 ; S 1 D 2 ; D 1 S 2  END                        0.0386   -0.03789 -0.00720
  41.   430   D 1 S 2 - 3 ; D 1 - 3 S 4 - 5 ; D 1 - 2 ; D 1  END                        0.0384    0.00759  0.03766
  42.   347   D 1 - 2 D 4 ; D 1 - 3 ; D 1 - 2 ; D 1  END                                0.0369    0.03691
  43.   143   D 1 - 3 ; D 1 - 2 D 4 ; D 1 - 2 ; D 1  END                                0.0369    0.03691
  44.   186   D 1 - 3 ; D 1 S 2 - 3 D 4 ; D 1 - 2 ; D 1  END                            0.0369    0.03687
  45.   348   D 1 - 2 S 4 - 5 ; D 1 - 3 ; D 1 - 2 ; D 1  END                            0.0369    0.03687
  46.   171   D 1 - 3 S 4 ; D 1 S 2 D 3 ; S 1 D 2 ; D 1 S 2  END                        0.0366    0.03612  0.00612
  47.   122   D 1 - 3 S 5 ; D 1 - 2 S 3 ; D 1 S 2 ; D 1 S 3  END                        0.0366   -0.03612 -0.00612
  48.   481   S 1 D 2 - 3 ; D 1 - 3 S 6 ; S 1 D 2 ; D 1 S 3  END                        0.0366   -0.03499 -0.01065
  49.    37   D 1 - 3 ; D 1 - 3 ; D 1 - 2 ; D 2  END                                    0.0363    0.03630
  50.    63   D 1 - 3 ; D 1 - 3 ; D 1 D 3 ; D 1  END                                    0.0363    0.03630
  51.   405   D 1 S 2 D 3 S 5 ; D 1 S 2 D 3 S 5 ; D 1 - 2 ; D 1  END                    0.0361    0.02816  0.02255
  52.   174   D 1 - 3 S 5 ; D 1 S 2 D 3 ; S 1 D 2 ; D 1 S 3  END                        0.0358   -0.03579 -0.00107
  53.   164   D 1 - 3 S 5 ; D 1 S 2 D 3 ; D 1 S 2 ; D 1 S 2  END                        0.0344   -0.03441  0.00036
  54.   388   D 1 S 2 D 3 ; D 1 - 3 S 6 ; S 1 D 2 ; D 1 S 2  END                        0.0341    0.03200  0.01174
  55.   470   S 1 D 2 - 3 ; D 1 - 3 S 5 ; D 1 S 2 ; D 1 S 3  END                        0.0341   -0.03200 -0.01174
  56.   199   D 1 - 3 D 5 ; D 1 D 3 ; D 1 - 2 ; D 1  END                                0.0339    0.03393
  57.   196   D 1 - 4 ; D 1 D 3 ; D 1 - 2 ; D 1  END                                    0.0337    0.03372
  58.   140   D 1 - 3 D 5 ; D 1 - 2 ; D 1 - 2 ; D 1  END                                0.0337    0.03372
  59.   380   D 1 S 2 D 3 ; D 1 - 3 S 6 ; D 1 S 2 ; D 1 S 3  END                        0.0337    0.03147  0.01207
  60.   478   S 1 D 2 - 3 ; D 1 - 3 S 5 ; S 1 D 2 ; D 1 S 2  END                        0.0337   -0.03147 -0.01207
  61.   498   S 1 D 2 - 3 S 5 ; D 1 S 2 D 3 S 6 ; D 1 - 2 ; D 1  END                    0.0332   -0.02632 -0.02023
  62.   288   D 1 - 2 S 3 - 4 ; D 1 - 3 ; D 1 - 2 ; S 1 S 3  END                        0.0332   -0.03309  0.00243
  63.   134   D 1 - 3 ; D 1 - 2 S 3 - 4 ; S 1 D 2 S 3 ; D 1  END                        0.0332   -0.03309  0.00243
  64.   154   D 1 - 3 S 5 ; D 1 S 2 D 3 ; D 1 - 2 S 3 ; S 1  END                        0.0328    0.03272  0.00264
  65.   305   D 1 - 2 S 3 - 4 ; D 1 - 3 ; S 1 D 2 S 3 ; D 1  END                        0.0324   -0.03235  0.00192
  66.   114   D 1 - 3 ; D 1 - 2 S 3 - 4 ; D 1 - 2 ; S 1 S 3  END                        0.0324   -0.03235  0.00192
  67.   471   S 1 D 2 - 3 ; D 1 - 3 S 6 ; D 1 S 2 ; D 1 S 2  END                        0.0316   -0.03015 -0.00952
  68.   108   D 1 - 3 ; D 1 - 3 ; D 2 ; D 1 S 2 - 3  END                                0.0316    0.03156
  69.    93   D 1 - 3 ; D 1 - 3 ; S 1 - 2 ; D 1 D 3  END                                0.0316   -0.03156
  70.   259   D 1 - 3 S 5 - 6 ; S 1 - 2 D 3 ; D 1 - 2 ; D 1  END                        0.0303    0.00410  0.02999
  71.   228   D 1 - 3 ; S 1 D 2 - 3 S 5 ; D 1 S 2 - 3 ; D 1  END                        0.0302   -0.02839 -0.01040
  72.   367   D 1 S 2 D 3 S 6 ; D 1 - 3 ; D 1 - 2 ; S 1 - 2  END                        0.0302    0.02839  0.01040
  73.   374   D 1 S 2 D 3 S 6 ; D 1 - 3 ; D 1 S 2 - 3 ; D 1  END                        0.0300    0.02806  0.01061
  74.   217   D 1 - 3 ; S 1 D 2 - 3 S 5 ; D 1 - 2 ; S 1 - 2  END                        0.0300   -0.02806 -0.01061
  75.   403   D 1 S 2 D 3 S 4 ; D 1 S 2 D 3 S 6 ; D 1 - 2 ; D 1  END                    0.0294   -0.02403 -0.01693
  76.   486   S 1 D 2 - 3 S 5 ; D 1 - 2 S 3 S 5 ; D 1 - 2 ; D 1  END                    0.0294   -0.02403 -0.01693
  77.   523   S 1 D 2 S 3 ; D 1 - 3 S 4 S 6 ; D 1 - 2 ; D 1  END                        0.0294   -0.00513 -0.02892
  78.   225   D 1 - 3 S 6 ; S 1 D 2 - 3 ; D 1 S 2 ; D 1 S 2  END                        0.0284    0.02722 -0.00816
  79.   494   S 1 D 2 - 3 S 4 ; D 1 S 2 D 3 S 5 ; D 1 - 2 ; D 1  END                    0.0284    0.02132  0.01870
  80.   395   D 1 S 2 D 3 S 5 ; D 1 - 2 S 3 S 6 ; D 1 - 2 ; D 1  END                    0.0284    0.02132  0.01870
  81.   488   S 1 D 2 - 3 S 6 ; D 1 - 2 S 3 - 4 ; D 1 - 2 ; D 1  END                    0.0275    0.02578  0.00972
  82.   338   D 1 - 2 S 3 - 4 ; S 1 D 2 - 3 S 6 ; D 1 - 2 ; D 1  END                    0.0275    0.02578  0.00972
  83.   247   D 1 - 3 ; S 1 D 2 S 3 - 4 S 6 ; D 1 - 2 ; D 1  END                        0.0268   -0.00638 -0.02599
  84.   517   S 1 D 2 S 3 - 4 S 6 ; D 1 - 3 ; D 1 - 2 ; D 1  END                        0.0268   -0.00638 -0.02599
  85.   168   D 1 - 3 ; D 1 S 2 D 3 S 4 ; D 1 S 2 - 3 ; D 1  END                        0.0267   -0.02656  0.00280
  86.   289   D 1 - 2 S 3 S 5 ; D 1 - 3 ; D 1 - 2 ; S 1 - 2  END                        0.0267    0.02656 -0.00280
  87.    39   D 1 - 3 ; D 1 - 3 ; D 1 - 2 ; D 3  END                                    0.0267    0.02670
  88.   106   D 1 - 3 ; D 1 - 3 ; D 2 - 3 ; D 1  END                                    0.0267    0.02670
  89.   246   D 1 - 3 ; S 1 D 2 S 3 - 5 ; D 1 - 2 ; D 1  END                            0.0261   -0.00350 -0.02586
  90.   425   D 1 S 2 - 4 S 6 ; D 1 - 3 ; D 1 - 2 ; D 1  END                            0.0261    0.00350  0.02586
  91.   156   D 1 - 3 ; D 1 S 2 D 3 S 4 ; D 1 - 2 ; S 1 - 2  END                        0.0260   -0.02585  0.00233
  92.   297   D 1 - 2 S 3 S 5 ; D 1 - 3 ; D 1 S 2 - 3 ; D 1  END                        0.0260    0.02585 -0.00233
  93.   218   D 1 - 3 ; S 1 D 2 - 3 S 5 ; D 1 - 2 ; S 1 S 3  END                        0.0258   -0.02422 -0.00900
  94.   383   D 1 S 2 D 3 S 6 ; D 1 - 3 ; S 1 D 2 S 3 ; D 1  END                        0.0258    0.02422  0.00900
  95.   237   D 1 - 3 ; S 1 D 2 - 3 S 5 ; S 1 D 2 S 3 ; D 1  END                        0.0256   -0.02382 -0.00925
  96.   368   D 1 S 2 D 3 S 6 ; D 1 - 3 ; D 1 - 2 ; S 1 S 3  END                        0.0256    0.02382  0.00925
  97.   545   S 1 - 2 D 3 ; D 1 - 3 ; D 1 - 2 ; D 1 S 2 - 3  END                        0.0254   -0.00050  0.02539
  98.    88   D 1 - 3 ; D 1 - 3 S 5 - 6 ; S 1 - 2 ; D 1  END                            0.0254    0.00050 -0.02539
  99.   350   D 1 - 2 D 5 ; D 1 - 3 ; D 1 - 2 ; D 1  END                                0.0251    0.02513
 100.   202   D 1 - 3 ; D 1 D 3 - 4 ; D 1 - 2 ; D 1  END                                0.0251    0.02513




 POSITION OF FIRST SPIN COUPLING FOR TEN MOST IMPORTANT CONFIGURATIONS
       1    120    472    264    193     58    177    157     36     60



 ********************************
 RESULTS FOR ROOT   02
 TOTAL CI ENERGY =   -236.3378009
 ********************************

       CONF.                                                                           COEFF.
        NO.        SPACE ORBITAL PRODUCTS                                             CONTRIB.      CI COEFFICIENTS

       -----       ----------------------                                             --------   ---------------------
   1.     6   D 1 - 3 ; D 1 - 2 S 3 - 4 ; D 1 - 2 ; D 1  END                            0.4807   -0.48066
   2.    15   D 1 - 2 S 3 - 4 ; D 1 - 3 ; D 1 - 2 ; D 1  END                            0.4807    0.48066
   3.   137   D 1 - 4 ; D 1 - 2 ; D 1 - 2 ; D 1  END                                    0.3432    0.34322
   4.   314   D 1 - 2 S 3 - 4 ; D 1 - 2 S 3 - 4 ; D 1 - 2 ; D 1  END                    0.1957    0.00918  0.19547
   5.     9   D 1 - 3 ; D 1 S 2 D 3 S 4 ; D 1 - 2 ; D 1  END                            0.1278    0.12780
   6.    16   D 1 - 2 S 3 S 5 ; D 1 - 3 ; D 1 - 2 ; D 1  END                            0.1278    0.12780
   7.   110   D 1 - 3 S 4 ; D 1 - 2 S 3 ; D 1 - 2 S 3 ; S 1  END                        0.1179   -0.11788 -0.00068
   8.   181   D 1 - 3 S 4 - 5 ; D 1 S 2 - 3 ; D 1 - 2 ; D 1  END                        0.1028    0.07660  0.06862
   9.   128   D 1 - 3 S 4 ; D 1 - 2 S 3 ; S 1 D 2 ; D 1 S 2  END                        0.0846    0.07942 -0.02906
  10.   120   D 1 - 3 S 4 ; D 1 - 2 S 3 ; D 1 S 2 ; D 1 S 3  END                        0.0846    0.07942 -0.02906
  11.   317   D 1 - 2 S 3 S 5 ; D 1 - 2 S 3 - 4 ; D 1 - 2 ; D 1  END                    0.0617    0.03091  0.05338
  12.   325   D 1 - 2 S 3 - 4 ; D 1 S 2 D 3 S 4 ; D 1 - 2 ; D 1  END                    0.0617   -0.03091 -0.05338
  13.   143   D 1 - 3 ; D 1 - 2 D 4 ; D 1 - 2 ; D 1  END                                0.0569   -0.05691
  14.   347   D 1 - 2 D 4 ; D 1 - 3 ; D 1 - 2 ; D 1  END                                0.0569   -0.05691
  15.   119   D 1 - 3 S 4 ; D 1 - 2 S 3 ; D 1 S 2 ; D 1 S 2  END                        0.0547    0.04901  0.02428
  16.    19   D 1 S 2 D 3 S 5 ; D 1 - 3 ; D 1 - 2 ; D 1  END                            0.0517   -0.05172
  17.    10   D 1 - 3 ; D 1 S 2 D 3 S 5 ; D 1 - 2 ; D 1  END                            0.0517    0.05172
  18.   391   D 1 S 2 D 3 S 4 ; D 1 - 2 S 3 S 5 ; D 1 - 2 ; D 1  END                    0.0516   -0.01976 -0.04761
  19.   300   D 1 - 2 S 3 ; D 1 - 3 S 4 ; D 1 S 2 ; D 1 S 3  END                        0.0491    0.04390  0.02207
  20.   308   D 1 - 2 S 3 ; D 1 - 3 S 4 ; S 1 D 2 ; D 1 S 2  END                        0.0491    0.04390  0.02207
  21.   241   D 1 - 3 S 4 S 6 ; S 1 D 2 S 3 ; D 1 - 2 ; D 1  END                        0.0489   -0.03185 -0.03713
  22.   390   D 1 S 2 D 3 S 4 ; D 1 - 2 S 3 - 4 ; D 1 - 2 ; D 1  END                    0.0489    0.04130  0.02611
  23.   315   D 1 - 2 S 3 - 4 ; D 1 - 2 S 3 S 5 ; D 1 - 2 ; D 1  END                    0.0489   -0.04130 -0.02611
  24.   309   D 1 - 2 S 3 ; D 1 - 3 S 4 ; S 1 D 2 ; D 1 S 3  END                        0.0486   -0.04422 -0.02017
  25.   163   D 1 - 3 S 4 ; D 1 S 2 D 3 ; D 1 S 2 ; D 1 S 3  END                        0.0477   -0.04663  0.01004
  26.   130   D 1 - 3 S 5 ; D 1 - 2 S 3 ; S 1 D 2 ; D 1 S 2  END                        0.0477    0.04663 -0.01004
  27.   171   D 1 - 3 S 4 ; D 1 S 2 D 3 ; S 1 D 2 ; D 1 S 2  END                        0.0473   -0.04619  0.01015
  28.   122   D 1 - 3 S 5 ; D 1 - 2 S 3 ; D 1 S 2 ; D 1 S 3  END                        0.0473    0.04619 -0.01015
  29.     7   D 1 - 3 ; D 1 - 2 S 3 S 5 ; D 1 - 2 ; D 1  END                            0.0434   -0.04336
  30.    18   D 1 S 2 D 3 S 4 ; D 1 - 3 ; D 1 - 2 ; D 1  END                            0.0434   -0.04336
  31.   129   D 1 - 3 S 4 ; D 1 - 2 S 3 ; S 1 D 2 ; D 1 S 3  END                        0.0425    0.02645  0.03330
  32.  2684   D 1 - 2 S 3 - 4 ; D 1 - 3 ; S 1 - 2 ; D 1 S 2 - 3  END                    0.0402   -0.00268 -0.00359 -0.00050 -0.00053
                                                                                                  0.03997
  33.  1009   D 1 - 3 ; D 1 - 2 S 3 - 4 ; S 1 - 2 ; D 1 S 2 - 3  END                    0.0402    0.00302  0.00336  0.00050  0.00012
                                                                                                 -0.03997
  34.   196   D 1 - 4 ; D 1 D 3 ; D 1 - 2 ; D 1  END                                    0.0400   -0.03998
  35.   140   D 1 - 3 D 5 ; D 1 - 2 ; D 1 - 2 ; D 1  END                                0.0400   -0.03998
  36.   296   D 1 - 2 S 3 - 4 ; D 1 - 3 ; D 1 S 2 - 3 ; D 1  END                        0.0378    0.03699  0.00790
  37.   113   D 1 - 3 ; D 1 - 2 S 3 - 4 ; D 1 - 2 ; S 1 - 2  END                        0.0378    0.03699  0.00790
  38.   328   D 1 - 2 S 3 S 5 ; D 1 S 2 D 3 S 4 ; D 1 - 2 ; D 1  END                    0.0377   -0.00978 -0.03636
  39.   125   D 1 - 3 ; D 1 - 2 S 3 - 4 ; D 1 S 2 - 3 ; D 1  END                        0.0371    0.03588  0.00958
  40.   287   D 1 - 2 S 3 - 4 ; D 1 - 3 ; D 1 - 2 ; S 1 - 2  END                        0.0371    0.03588  0.00958
  41.   423   D 1 S 2 - 3 D 4 ; D 1 - 3 ; D 1 - 2 ; D 1  END                            0.0364    0.03635
  42.   144   D 1 - 3 ; D 1 - 2 S 4 - 5 ; D 1 - 2 ; D 1  END                            0.0364    0.03635
  43.   353   D 1 - 2 ; D 1 - 4 ; D 1 - 2 ; D 1  END                                    0.0358    0.03582
  44.    78   D 1 - 4 ; D 1 - 3 ; S 1 - 2 ; D 1  END                                    0.0353    0.03532
  45.   151   D 1 - 3 ; D 1 - 2 ; D 1 - 2 ; D 1 S 2 - 3  END                            0.0353   -0.03532
  46.     8   D 1 - 3 ; D 1 - 2 S 3 S 6 ; D 1 - 2 ; D 1  END                            0.0344    0.03439
  47.    21   S 1 D 2 - 3 S 4 ; D 1 - 3 ; D 1 - 2 ; D 1  END                            0.0344   -0.03439
  48.   299   D 1 - 2 S 3 ; D 1 - 3 S 4 ; D 1 S 2 ; D 1 S 2  END                        0.0339   -0.03103 -0.01355
  49.   153   D 1 - 3 S 4 ; D 1 S 2 D 3 ; D 1 - 2 S 3 ; S 1  END                        0.0333    0.03153  0.01074
  50.   111   D 1 - 3 S 5 ; D 1 - 2 S 3 ; D 1 - 2 S 3 ; S 1  END                        0.0333   -0.03153 -0.01074
  51.   288   D 1 - 2 S 3 - 4 ; D 1 - 3 ; D 1 - 2 ; S 1 S 3  END                        0.0321    0.03140  0.00686
  52.   134   D 1 - 3 ; D 1 - 2 S 3 - 4 ; S 1 D 2 S 3 ; D 1  END                        0.0321    0.03140  0.00686
  53.  2551   D 1 - 2 S 3 - 4 ; D 1 - 3 ; D 1 S 2 - 3 ; S 1 - 2  END                    0.0318    0.00144  0.00045 -0.02729  0.00223
                                                                                                 -0.01609
  54.   886   D 1 - 3 ; D 1 - 2 S 3 - 4 ; D 1 S 2 - 3 ; S 1 - 2  END                    0.0318   -0.00251  0.00031  0.02729 -0.00092
                                                                                                  0.01609
  55.   114   D 1 - 3 ; D 1 - 2 S 3 - 4 ; D 1 - 2 ; S 1 S 3  END                        0.0314    0.03017  0.00875
  56.   305   D 1 - 2 S 3 - 4 ; D 1 - 3 ; S 1 D 2 S 3 ; D 1  END                        0.0314    0.03017  0.00875
  57.   255   D 1 - 4 ; S 1 - 2 D 3 ; D 1 - 2 ; D 1  END                                0.0305   -0.03051
  58.   141   D 1 - 3 S 5 - 6 ; D 1 - 2 ; D 1 - 2 ; D 1  END                            0.0305   -0.03051
  59.   327   D 1 - 2 S 3 - 4 ; D 1 S 2 D 3 S 6 ; D 1 - 2 ; D 1  END                    0.0304   -0.02686 -0.01427
  60.   485   S 1 D 2 - 3 S 5 ; D 1 - 2 S 3 - 4 ; D 1 - 2 ; D 1  END                    0.0304    0.02686  0.01427
  61.  2552   D 1 - 2 S 3 - 4 ; D 1 - 3 ; D 1 S 2 - 3 ; S 1 S 3  END                    0.0304   -0.00141 -0.00079 -0.02585 -0.00211
                                                                                                 -0.01572
  62.   972   D 1 - 3 ; D 1 - 2 S 3 - 4 ; S 1 D 2 S 3 ; S 1 - 2  END                    0.0304    0.00257 -0.00003  0.02585  0.00069
                                                                                                  0.01572
  63.  2637   D 1 - 2 S 3 - 4 ; D 1 - 3 ; S 1 D 2 S 3 ; S 1 - 2  END                    0.0303   -0.00127 -0.00081 -0.02582 -0.00209
                                                                                                 -0.01572
  64.   887   D 1 - 3 ; D 1 - 2 S 3 - 4 ; D 1 S 2 - 3 ; S 1 S 3  END                    0.0303    0.00251 -0.00007  0.02582  0.00057
                                                                                                  0.01572
  65.    94   D 1 - 4 ; D 1 - 3 ; D 2 ; D 1  END                                        0.0301   -0.03014
  66.   152   D 1 - 3 ; D 1 - 2 ; D 1 - 2 ; D 1 D 3  END                                0.0301   -0.03014
  67.  2757   D 1 - 2 S 3 D 4 ; D 1 - 2 S 3 ; D 1 - 2 S 3 ; S 1  END                    0.0297    0.02963  0.00231
  68.  1070   D 1 - 3 S 4 ; D 1 - 2 S 4 ; D 1 - 2 S 3 ; S 1  END                        0.0297    0.02963  0.00231
  69.  2510   D 1 - 2 S 3 - 4 ; D 1 - 3 ; D 1 - 3  END                                  0.0295   -0.02945
  70.   835   D 1 - 3 ; D 1 - 2 S 3 - 4 ; D 1 - 3  END                                  0.0295    0.02945
  71.   331   D 1 - 2 S 3 S 6 ; D 1 S 2 D 3 S 4 ; D 1 - 2 ; D 1  END                    0.0288    0.02177  0.01882
  72.   339   D 1 - 2 S 3 S 5 ; S 1 D 2 - 3 S 4 ; D 1 - 2 ; D 1  END                    0.0288   -0.02177 -0.01882
  73.   493   S 1 D 2 - 3 S 4 ; D 1 S 2 D 3 S 4 ; D 1 - 2 ; D 1  END                    0.0281   -0.02287 -0.01625
  74.   319   D 1 - 2 S 3 S 5 ; D 1 - 2 S 3 S 6 ; D 1 - 2 ; D 1  END                    0.0281    0.02287  0.01625
  75.   180   D 1 - 4 ; D 1 S 2 - 3 ; D 1 - 2 ; D 1  END                                0.0280    0.02801
  76.   138   D 1 - 3 S 4 - 5 ; D 1 - 2 ; D 1 - 2 ; D 1  END                            0.0280    0.02801
  77.   240   D 1 - 3 S 4 - 5 ; S 1 D 2 S 3 ; D 1 - 2 ; D 1  END                        0.0277    0.00522 -0.02719
  78.   182   D 1 - 3 S 4 S 6 ; D 1 S 2 - 3 ; D 1 - 2 ; D 1  END                        0.0277   -0.00522  0.02719
  79.   484   S 1 D 2 - 3 S 4 ; D 1 - 2 S 3 S 6 ; D 1 - 2 ; D 1  END                    0.0273   -0.00127  0.02731
  80.  3014   D 1 - 2 S 3 D 4 S 5 ; D 1 S 2 - 3 ; D 1 - 2 ; D 1  END                    0.0273   -0.00505 -0.02679
  81.  1531   D 1 - 3 S 4 - 5 ; D 1 S 2 S 4 ; D 1 - 2 ; D 1  END                        0.0273   -0.00505 -0.02679
  82. 18755   D 1 - 2 S 3 D 4 S 5 ; D 1 S 2 S 4 ; D 1 - 2 ; D 1  END                    0.0272    0.01495  0.02274
  83.   516   S 1 D 2 S 3 - 5 ; D 1 - 3 ; D 1 - 2 ; D 1  END                            0.0272   -0.00442 -0.02679
  84.   188   D 1 - 3 ; D 1 S 2 - 4 S 6 ; D 1 - 2 ; D 1  END                            0.0272    0.00442  0.02679
  85.    85   D 1 - 3 ; D 1 - 3 S 4 - 5 ; S 1 - 2 ; D 1  END                            0.0271    0.00035  0.02711
  86.   437   D 1 S 2 - 3 ; D 1 - 3 ; D 1 - 2 ; D 1 S 2 - 3  END                        0.0271   -0.00035 -0.02711
  87.  8510   D 1 - 4 ; D 1 - 2 ; S 1 - 2 ; D 1 S 2 - 3  END                            0.0270    0.00226  0.02695
  88.   336   D 1 - 2 S 3 - 4 ; S 1 D 2 - 3 S 4 ; D 1 - 2 ; D 1  END                    0.0267   -0.02437 -0.01097
  89.   320   D 1 - 2 S 3 S 6 ; D 1 - 2 S 3 - 4 ; D 1 - 2 ; D 1  END                    0.0267   -0.02437 -0.01097
  90.   338   D 1 - 2 S 3 - 4 ; S 1 D 2 - 3 S 6 ; D 1 - 2 ; D 1  END                    0.0264   -0.02521 -0.00775
  91.   488   S 1 D 2 - 3 S 6 ; D 1 - 2 S 3 - 4 ; D 1 - 2 ; D 1  END                    0.0264   -0.02521 -0.00775
  92.   330   D 1 - 2 S 3 S 5 ; D 1 S 2 D 3 S 6 ; D 1 - 2 ; D 1  END                    0.0261   -0.02279 -0.01282
  93.   496   S 1 D 2 - 3 S 5 ; D 1 S 2 D 3 S 4 ; D 1 - 2 ; D 1  END                    0.0261   -0.02279 -0.01282
  94.   523   S 1 D 2 S 3 ; D 1 - 3 S 4 S 6 ; D 1 - 2 ; D 1  END                        0.0260   -0.00909 -0.02434
  95.   517   S 1 D 2 S 3 - 4 S 6 ; D 1 - 3 ; D 1 - 2 ; D 1  END                        0.0256    0.00321  0.02542
  96.   247   D 1 - 3 ; S 1 D 2 S 3 - 4 S 6 ; D 1 - 2 ; D 1  END                        0.0256    0.00321  0.02542
  97.    79   D 1 - 3 S 4 - 5 ; D 1 - 3 ; S 1 - 2 ; D 1  END                            0.0256    0.00032 -0.02555
  98.   194   D 1 - 3 ; D 1 S 2 - 3 ; D 1 - 2 ; D 1 S 2 - 3  END                        0.0256   -0.00032  0.02555
  99.  8179   D 1 - 4 ; D 1 - 2 ; D 1 S 2 - 3 ; S 1 - 2  END                            0.0252   -0.02001 -0.01535
 100.   361   D 1 - 2 ; D 1 - 3 ; D 1 - 2 ; D 1 S 2 - 3  END                            0.0250    0.02504




 POSITION OF FIRST SPIN COUPLING FOR TEN MOST IMPORTANT CONFIGURATIONS
       6     15    193    472      9     16    139    264    175    159



 ********************************
 RESULTS FOR ROOT   03
 TOTAL CI ENERGY =   -235.4514134
 ********************************

       CONF.                                                                           COEFF.
        NO.        SPACE ORBITAL PRODUCTS                                             CONTRIB.      CI COEFFICIENTS

       -----       ----------------------                                             --------   ---------------------
   1.     6   D 1 - 3 ; D 1 - 2 S 3 - 4 ; D 1 - 2 ; D 1  END                            0.6227    0.62266
   2.    15   D 1 - 2 S 3 - 4 ; D 1 - 3 ; D 1 - 2 ; D 1  END                            0.6227    0.62266
   3.  2869   D 1 - 2 S 3 - 4 ; D 1 - 2 D 4 ; D 1 - 2 ; D 1  END                        0.0546   -0.05457
   4.  3439   D 1 - 2 D 4 ; D 1 - 2 S 3 - 4 ; D 1 - 2 ; D 1  END                        0.0546   -0.05457
   5.    16   D 1 - 2 S 3 S 5 ; D 1 - 3 ; D 1 - 2 ; D 1  END                            0.0542    0.05422
   6.     9   D 1 - 3 ; D 1 S 2 D 3 S 4 ; D 1 - 2 ; D 1  END                            0.0542   -0.05422
   7.  1009   D 1 - 3 ; D 1 - 2 S 3 - 4 ; S 1 - 2 ; D 1 S 2 - 3  END                    0.0527   -0.00101 -0.00102  0.00192 -0.00017
                                                                                                  0.05263
   8.  2684   D 1 - 2 S 3 - 4 ; D 1 - 3 ; S 1 - 2 ; D 1 S 2 - 3  END                    0.0527   -0.00095 -0.00106  0.00192 -0.00023
                                                                                                  0.05263
   9.   886   D 1 - 3 ; D 1 - 2 S 3 - 4 ; D 1 S 2 - 3 ; S 1 - 2  END                    0.0419    0.00151 -0.00106 -0.03568  0.00188
                                                                                                 -0.02175
  10.  2551   D 1 - 2 S 3 - 4 ; D 1 - 3 ; D 1 S 2 - 3 ; S 1 - 2  END                    0.0419    0.00154 -0.00108 -0.03568  0.00185
                                                                                                 -0.02175
  11.    18   D 1 S 2 D 3 S 4 ; D 1 - 3 ; D 1 - 2 ; D 1  END                            0.0406   -0.04064
  12.     7   D 1 - 3 ; D 1 - 2 S 3 S 5 ; D 1 - 2 ; D 1  END                            0.0406    0.04064
  13.  2760   D 1 - 2 S 3 - 4 ; D 1 - 2 S 3 - 4 ; D 1 - 2 ; S 1 - 2  END                0.0371    0.01851 -0.01780  0.02628 -0.00074
                                                                                                 -0.00478
  14.  2796   D 1 - 2 S 3 - 4 ; D 1 - 2 S 3 - 4 ; D 1 S 2 - 3 ; D 1  END                0.0371    0.01924 -0.01831  0.02539 -0.00074
                                                                                                 -0.00478
  15.   972   D 1 - 3 ; D 1 - 2 S 3 - 4 ; S 1 D 2 S 3 ; S 1 - 2  END                    0.0366    0.00037 -0.00033 -0.03212  0.00065
                                                                                                 -0.01759
  16.  2552   D 1 - 2 S 3 - 4 ; D 1 - 3 ; D 1 S 2 - 3 ; S 1 S 3  END                    0.0366    0.00049 -0.00042 -0.03212  0.00049
                                                                                                 -0.01759
  17.   887   D 1 - 3 ; D 1 - 2 S 3 - 4 ; D 1 S 2 - 3 ; S 1 S 3  END                    0.0366    0.00067 -0.00048 -0.03211  0.00040
                                                                                                 -0.01757
  18.  2637   D 1 - 2 S 3 - 4 ; D 1 - 3 ; S 1 D 2 S 3 ; S 1 - 2  END                    0.0366    0.00032 -0.00024 -0.03211  0.00082
                                                                                                 -0.01757
  19.  2510   D 1 - 2 S 3 - 4 ; D 1 - 3 ; D 1 - 3  END                                  0.0363   -0.03628
  20.   835   D 1 - 3 ; D 1 - 2 S 3 - 4 ; D 1 - 3  END                                  0.0363   -0.03628
  21.  3019   D 1 - 2 S 3 - 4 ; D 1 S 2 - 3 D 4 ; D 1 - 2 ; D 1  END                    0.0353   -0.02181 -0.02771
  22.  3442   D 1 - 2 S 4 - 5 ; D 1 - 2 S 3 - 4 ; D 1 - 2 ; D 1  END                    0.0353   -0.02181 -0.02771
  23.  1531   D 1 - 3 S 4 - 5 ; D 1 S 2 S 4 ; D 1 - 2 ; D 1  END                        0.0340    0.00458  0.03371
  24.  3014   D 1 - 2 S 3 D 4 S 5 ; D 1 S 2 - 3 ; D 1 - 2 ; D 1  END                    0.0340   -0.00458 -0.03371
  25.   423   D 1 S 2 - 3 D 4 ; D 1 - 3 ; D 1 - 2 ; D 1  END                            0.0331    0.03314
  26.   144   D 1 - 3 ; D 1 - 2 S 4 - 5 ; D 1 - 2 ; D 1  END                            0.0331   -0.03314
  27.   112   D 1 - 3 S 6 ; D 1 - 2 S 3 ; D 1 - 2 S 3 ; S 1  END                        0.0323    0.02229  0.02343
  28.   212   D 1 - 3 S 4 ; S 1 D 2 - 3 ; D 1 - 2 S 3 ; S 1  END                        0.0323   -0.02229 -0.02343
  29.   151   D 1 - 3 ; D 1 - 2 ; D 1 - 2 ; D 1 S 2 - 3  END                            0.0323    0.03228
  30.    78   D 1 - 4 ; D 1 - 3 ; S 1 - 2 ; D 1  END                                    0.0323    0.03228
  31.   401   D 1 S 2 D 3 S 4 ; D 1 S 2 D 3 S 4 ; D 1 - 2 ; D 1  END                    0.0322    0.03129  0.00763
  32.   318   D 1 - 2 S 3 S 5 ; D 1 - 2 S 3 S 5 ; D 1 - 2 ; D 1  END                    0.0322   -0.03129 -0.00763
  33.   973   D 1 - 3 ; D 1 - 2 S 3 - 4 ; S 1 D 2 S 3 ; S 1 S 3  END                    0.0306    0.00107 -0.00067 -0.02587  0.00151
                                                                                                 -0.01630
  34.  2638   D 1 - 2 S 3 - 4 ; D 1 - 3 ; S 1 D 2 S 3 ; S 1 S 3  END                    0.0306    0.00128 -0.00081 -0.02587  0.00126
                                                                                                 -0.01630
  35.  1053   D 1 - 3 ; D 1 - 2 S 3 - 4 ; D 2 ; D 1 D 3  END                            0.0303   -0.03032
  36.  2728   D 1 - 2 S 3 - 4 ; D 1 - 3 ; D 2 ; D 1 D 3  END                            0.0303   -0.03032
  37.  2833   D 1 - 2 S 3 - 4 ; D 1 - 2 S 3 - 4 ; S 1 D 2 S 3 ; D 1  END                0.0303    0.01519 -0.01468  0.02155 -0.00003
                                                                                                 -0.00240
  38.  2761   D 1 - 2 S 3 - 4 ; D 1 - 2 S 3 - 4 ; D 1 - 2 ; S 1 S 3  END                0.0303    0.01574 -0.01507  0.02088 -0.00003
                                                                                                 -0.00240
  39.   320   D 1 - 2 S 3 S 6 ; D 1 - 2 S 3 - 4 ; D 1 - 2 ; D 1  END                    0.0289    0.02865  0.00345
  40.   336   D 1 - 2 S 3 - 4 ; S 1 D 2 - 3 S 4 ; D 1 - 2 ; D 1  END                    0.0289   -0.02865 -0.00345
  41.  1104   D 1 - 3 S 4 ; D 1 - 2 S 4 ; D 1 S 2 ; D 1 S 2  END                        0.0285    0.02839 -0.00196
  42.  2790   D 1 - 2 S 3 D 4 ; D 1 - 2 S 3 ; D 1 S 2 ; D 1 S 2  END                    0.0285   -0.02839  0.00196
  43.   376   D 1 S 2 D 3 ; D 1 - 3 S 4 ; D 1 S 2 ; D 1 S 3  END                        0.0284    0.01997  0.02022
  44.   310   D 1 - 2 S 3 ; D 1 - 3 S 5 ; S 1 D 2 ; D 1 S 2  END                        0.0284    0.01997  0.02022
  45.   327   D 1 - 2 S 3 - 4 ; D 1 S 2 D 3 S 6 ; D 1 - 2 ; D 1  END                    0.0284   -0.02541 -0.01269
  46.   485   S 1 D 2 - 3 S 5 ; D 1 - 2 S 3 - 4 ; D 1 - 2 ; D 1  END                    0.0284   -0.02541 -0.01269
  47.   384   D 1 S 2 D 3 ; D 1 - 3 S 4 ; S 1 D 2 ; D 1 S 2  END                        0.0281    0.02013  0.01959
  48.   302   D 1 - 2 S 3 ; D 1 - 3 S 5 ; D 1 S 2 ; D 1 S 3  END                        0.0281    0.02013  0.01959
  49.  1138   D 1 - 3 S 4 ; D 1 - 2 S 4 ; S 1 D 2 ; D 1 S 3  END                        0.0279    0.02779 -0.00262
  50.  2828   D 1 - 2 S 3 D 4 ; D 1 - 2 S 3 ; S 1 D 2 ; D 1 S 3  END                    0.0279   -0.02779  0.00262
  51.     4   D 1 - 3 ; D 1 - 3 ; D 1 S 2 - 3 ; D 1  END                                0.0279    0.02790
  52.     2   D 1 - 3 ; D 1 - 3 ; D 1 - 2 ; S 1 - 2  END                                0.0279    0.02790
  53.  2726   D 1 - 2 S 3 - 4 ; D 1 - 3 ; D 2 ; D 1 - 2  END                            0.0273   -0.02726
  54.   924   D 1 - 3 ; D 1 - 2 S 3 - 4 ; D 1 ; D 1 D 3  END                            0.0273   -0.02726
  55.  1051   D 1 - 3 ; D 1 - 2 S 3 - 4 ; D 2 ; D 1 - 2  END                            0.0272   -0.02718
  56.  2599   D 1 - 2 S 3 - 4 ; D 1 - 3 ; D 1 ; D 1 D 3  END                            0.0272   -0.02718
  57.    85   D 1 - 3 ; D 1 - 3 S 4 - 5 ; S 1 - 2 ; D 1  END                            0.0270   -0.00070 -0.02697
  58.   437   D 1 S 2 - 3 ; D 1 - 3 ; D 1 - 2 ; D 1 S 2 - 3  END                        0.0270   -0.00070 -0.02697
  59.  1993   D 1 - 3 S 6 ; S 1 D 2 S 3 - 4 ; D 1 - 2 S 3 ; S 1  END                    0.0268    0.01955 -0.01492 -0.00193 -0.00048
                                                                                                  0.01036
  60.  3102   D 1 - 2 S 3 - 4 S 6 ; S 1 D 2 - 3 ; D 1 - 2 S 3 ; S 1  END                0.0268   -0.00209  0.00039  0.02457 -0.00048
                                                                                                  0.01036
  61.  3920   D 1 S 2 D 3 ; D 1 - 2 S 3 - 5 ; S 1 D 2 ; D 1 S 3  END                    0.0266    0.00003 -0.02131  0.01125 -0.00908
                                                                                                  0.00674
  62.  4481   D 1 S 2 - 4 ; D 1 - 3 S 5 ; S 1 D 2 ; D 1 S 3  END                        0.0266   -0.00085 -0.02069  0.01232 -0.00908
                                                                                                  0.00674
  63.   188   D 1 - 3 ; D 1 S 2 - 4 S 6 ; D 1 - 2 ; D 1  END                            0.0265   -0.00481 -0.02607
  64.   516   S 1 D 2 S 3 - 5 ; D 1 - 3 ; D 1 - 2 ; D 1  END                            0.0265   -0.00481 -0.02607
  65.  3214   D 1 - 2 S 3 - 4 ; S 1 D 2 S 3 - 4 S 6 ; D 1 - 2 ; D 1  END                0.0264   -0.00037 -0.01346 -0.00077  0.01010
                                                                                                  0.02035
  66.  5901   S 1 D 2 S 3 - 4 S 6 ; D 1 - 2 S 3 - 4 ; D 1 - 2 ; D 1  END                0.0264   -0.00037 -0.01346  0.01010 -0.00077
                                                                                                  0.02035
  67.   141   D 1 - 3 S 5 - 6 ; D 1 - 2 ; D 1 - 2 ; D 1  END                            0.0262    0.02621
  68.   255   D 1 - 4 ; S 1 - 2 D 3 ; D 1 - 2 ; D 1  END                                0.0262   -0.02621
  69.  3882   D 1 S 2 D 3 ; D 1 - 2 S 3 - 5 ; D 1 S 2 ; D 1 S 2  END                    0.0257   -0.00056 -0.02067  0.01114 -0.00858
                                                                                                  0.00609
  70.  4447   D 1 S 2 - 4 ; D 1 - 3 S 5 ; D 1 S 2 ; D 1 S 2  END                        0.0257   -0.00084 -0.02047  0.01148 -0.00858
                                                                                                  0.00609
  71.   313   D 1 - 2 S 3 ; D 1 - 3 S 6 ; S 1 D 2 ; D 1 S 3  END                        0.0255    0.01955  0.01643
  72.   477   S 1 D 2 - 3 ; D 1 - 3 S 4 ; S 1 D 2 ; D 1 S 3  END                        0.0255   -0.01955 -0.01643
  73.  1007   D 1 - 3 ; D 1 - 2 S 3 - 4 ; S 1 - 2 D 3 ; D 1  END                        0.0254    0.00021 -0.02543
  74.  2512   D 1 - 2 S 3 - 4 ; D 1 - 3 ; D 1 - 2 ; S 2 - 3  END                        0.0254   -0.00021  0.02543
  75.  3485   D 1 - 2 S 4 - 5 ; D 1 S 2 D 3 S 4 ; D 1 - 2 ; D 1  END                    0.0254   -0.02185 -0.01294
  76.  3031   D 1 - 2 S 3 S 5 ; D 1 S 2 - 3 D 4 ; D 1 - 2 ; D 1  END                    0.0254    0.02185  0.01294
  77.   837   D 1 - 3 ; D 1 - 2 S 3 - 4 ; D 1 - 2 ; S 2 - 3  END                        0.0254   -0.00014  0.02536
  78.  2682   D 1 - 2 S 3 - 4 ; D 1 - 3 ; S 1 - 2 D 3 ; D 1  END                        0.0254    0.00014 -0.02536
  79.  3213   D 1 - 2 S 3 - 4 ; S 1 D 2 S 3 - 5 ; D 1 - 2 ; D 1  END                    0.0249   -0.00050 -0.01264 -0.00148  0.00984
                                                                                                  0.01898
  80.  4514   D 1 S 2 - 4 S 6 ; D 1 - 2 S 3 - 4 ; D 1 - 2 ; D 1  END                    0.0249    0.00050  0.01264 -0.00984  0.00148
                                                                                                 -0.01898
  81.   922   D 1 - 3 ; D 1 - 2 S 3 - 4 ; D 1 ; D 1 - 2  END                            0.0249   -0.02486
  82.  2597   D 1 - 2 S 3 - 4 ; D 1 - 3 ; D 1 ; D 1 - 2  END                            0.0249   -0.02486
  83.  2757   D 1 - 2 S 3 D 4 ; D 1 - 2 S 3 ; D 1 - 2 S 3 ; S 1  END                    0.0246    0.02433  0.00384
  84.  1070   D 1 - 3 S 4 ; D 1 - 2 S 4 ; D 1 - 2 S 3 ; S 1  END                        0.0246   -0.02433 -0.00384
  85.    84   D 1 - 3 ; D 1 - 4 ; S 1 - 2 ; D 1  END                                    0.0239    0.02395
  86.   361   D 1 - 2 ; D 1 - 3 ; D 1 - 2 ; D 1 S 2 - 3  END                            0.0239    0.02395
  87.   115   D 1 - 3 ; D 1 - 2 S 3 S 5 ; D 1 - 2 ; S 1 - 2  END                        0.0233    0.01501  0.01786
  88.   372   D 1 S 2 D 3 S 4 ; D 1 - 3 ; D 1 S 2 - 3 ; D 1  END                        0.0233    0.01501  0.01786
  89.  2781   D 1 - 2 S 3 ; D 1 - 2 S 3 D 4 ; D 1 - 2 S 3 ; S 1  END                    0.0230   -0.02301 -0.00025
  90.  3342   D 1 - 2 S 4 ; D 1 - 3 S 4 ; D 1 - 2 S 3 ; S 1  END                        0.0230    0.02301  0.00025
  91.  3851   D 1 S 2 D 3 ; D 1 - 2 S 3 - 5 ; D 1 - 2 S 3 ; S 1  END                    0.0229    0.00203  0.01820 -0.01041 -0.00754
                                                                                                  0.00466
  92.  4412   D 1 S 2 - 4 ; D 1 - 3 S 5 ; D 1 - 2 S 3 ; S 1  END                        0.0229    0.00075  0.01910 -0.00885 -0.00754
                                                                                                  0.00466
  93.   126   D 1 - 3 ; D 1 - 2 S 3 S 5 ; D 1 S 2 - 3 ; D 1  END                        0.0226    0.01473  0.01710
  94.   363   D 1 S 2 D 3 S 4 ; D 1 - 3 ; D 1 - 2 ; S 1 - 2  END                        0.0226    0.01473  0.01710
  95.  3020   D 1 - 2 S 3 - 4 ; D 1 S 2 - 5 ; D 1 - 2 ; D 1  END                        0.0225   -0.00010  0.01311  0.00223 -0.00623
                                                                                                 -0.01707
  96.  4511   D 1 S 2 - 5 ; D 1 - 2 S 3 - 4 ; D 1 - 2 ; D 1  END                        0.0225   -0.00010  0.01311 -0.00623  0.00223
                                                                                                 -0.01707
  97.   399   D 1 S 2 D 3 ; D 1 - 2 S 3 ; D 1 - 2 S 3 ; D 1 S 2  END                    0.0225    0.00059 -0.02251
  98.    41   D 1 - 3 S 4 ; D 1 - 3 S 5 ; D 1 S 2 ; S 1  END                            0.0225    0.00059 -0.02251
  99.   251   D 1 - 3 ; S 1 D 2 S 3 ; D 1 - 3 ; D 1  END                                0.0224   -0.02245
 100.    26   D 1 - 3 S 4 S 6 ; D 1 - 3 ; D 1 - 2  END                                  0.0224   -0.02245




 POSITION OF FIRST SPIN COUPLING FOR TEN MOST IMPORTANT CONFIGURATIONS
       6     15   6555   8168     16      9   1900   5967   1555   5617



 ********************************
 RESULTS FOR ROOT   04
 TOTAL CI ENERGY =   -235.1734508
 ********************************

       CONF.                                                                           COEFF.
        NO.        SPACE ORBITAL PRODUCTS                                             CONTRIB.      CI COEFFICIENTS

       -----       ----------------------                                             --------   ---------------------
   1.     7   D 1 - 3 ; D 1 - 2 S 3 S 5 ; D 1 - 2 ; D 1  END                            0.2953   -0.29533
   2.    18   D 1 S 2 D 3 S 4 ; D 1 - 3 ; D 1 - 2 ; D 1  END                            0.2953   -0.29533
   3.   137   D 1 - 4 ; D 1 - 2 ; D 1 - 2 ; D 1  END                                    0.2598   -0.25980
   4.   129   D 1 - 3 S 4 ; D 1 - 2 S 3 ; S 1 D 2 ; D 1 S 3  END                        0.2307   -0.22876  0.02948
   5.   314   D 1 - 2 S 3 - 4 ; D 1 - 2 S 3 - 4 ; D 1 - 2 ; D 1  END                    0.2302   -0.10352 -0.20559
   6.   119   D 1 - 3 S 4 ; D 1 - 2 S 3 ; D 1 S 2 ; D 1 S 2  END                        0.1979   -0.19736  0.01448
   7.     6   D 1 - 3 ; D 1 - 2 S 3 - 4 ; D 1 - 2 ; D 1  END                            0.1932   -0.19320
   8.    15   D 1 - 2 S 3 - 4 ; D 1 - 3 ; D 1 - 2 ; D 1  END                            0.1932    0.19320
   9.   180   D 1 - 4 ; D 1 S 2 - 3 ; D 1 - 2 ; D 1  END                                0.1327   -0.13271
  10.   138   D 1 - 3 S 4 - 5 ; D 1 - 2 ; D 1 - 2 ; D 1  END                            0.1327   -0.13271
  11.   353   D 1 - 2 ; D 1 - 4 ; D 1 - 2 ; D 1  END                                    0.1171   -0.11713
  12.   110   D 1 - 3 S 4 ; D 1 - 2 S 3 ; D 1 - 2 S 3 ; S 1  END                        0.1165    0.11232 -0.03108
  13.   120   D 1 - 3 S 4 ; D 1 - 2 S 3 ; D 1 S 2 ; D 1 S 3  END                        0.1127    0.09989 -0.05225
  14.   128   D 1 - 3 S 4 ; D 1 - 2 S 3 ; S 1 D 2 ; D 1 S 2  END                        0.1127    0.09989 -0.05225
  15.    21   S 1 D 2 - 3 S 4 ; D 1 - 3 ; D 1 - 2 ; D 1  END                            0.1051   -0.10514
  16.     8   D 1 - 3 ; D 1 - 2 S 3 S 6 ; D 1 - 2 ; D 1  END                            0.1051    0.10514
  17.   309   D 1 - 2 S 3 ; D 1 - 3 S 4 ; S 1 D 2 ; D 1 S 3  END                        0.0991    0.09754 -0.01775
  18.   299   D 1 - 2 S 3 ; D 1 - 3 S 4 ; D 1 S 2 ; D 1 S 2  END                        0.0922    0.09094 -0.01515
  19.   181   D 1 - 3 S 4 - 5 ; D 1 S 2 - 3 ; D 1 - 2 ; D 1  END                        0.0839   -0.07951 -0.02681
  20.   391   D 1 S 2 D 3 S 4 ; D 1 - 2 S 3 S 5 ; D 1 - 2 ; D 1  END                    0.0755    0.03863  0.06483
  21.   293   D 1 - 2 S 3 ; D 1 - 3 S 4 ; D 1 - 2 S 3 ; S 1  END                        0.0735   -0.07302 -0.00802
  22.     1   D 1 - 3 ; D 1 - 3 ; D 1 - 2 ; D 1  END                                    0.0731   -0.07310
  23.   125   D 1 - 3 ; D 1 - 2 S 3 - 4 ; D 1 S 2 - 3 ; D 1  END                        0.0729   -0.07241 -0.00881
  24.   287   D 1 - 2 S 3 - 4 ; D 1 - 3 ; D 1 - 2 ; S 1 - 2  END                        0.0729   -0.07241 -0.00881
  25.   296   D 1 - 2 S 3 - 4 ; D 1 - 3 ; D 1 S 2 - 3 ; D 1  END                        0.0728   -0.07216 -0.00948
  26.   113   D 1 - 3 ; D 1 - 2 S 3 - 4 ; D 1 - 2 ; S 1 - 2  END                        0.0728   -0.07216 -0.00948
  27.    77   D 1 - 3 ; D 1 - 3 ; S 1 D 2 S 3 ; S 1 S 3  END                            0.0718   -0.01202 -0.07080
  28.    92   D 1 - 3 ; D 1 - 3 ; S 1 - 2 ; D 1 S 2 - 3  END                            0.0680    0.05372  0.04168
  29.    12   D 1 - 3 ; S 1 D 2 - 3 S 4 ; D 1 - 2 ; D 1  END                            0.0667    0.06666
  30.    17   D 1 - 2 S 3 S 6 ; D 1 - 3 ; D 1 - 2 ; D 1  END                            0.0667   -0.06666
  31.    64   D 1 - 3 ; D 1 - 3 ; D 1 ; D 1 - 2  END                                    0.0664   -0.06638
  32.   328   D 1 - 2 S 3 S 5 ; D 1 S 2 D 3 S 4 ; D 1 - 2 ; D 1  END                    0.0660    0.02453  0.06129
  33.   109   D 1 - 3 ; D 1 - 3 ; D 2 ; D 1 D 3  END                                    0.0658   -0.06580
  34.    49   D 1 - 3 ; D 1 - 3 ; D 1 S 2 - 3 ; S 1 - 2  END                            0.0632    0.00267 -0.06314
  35.   140   D 1 - 3 D 5 ; D 1 - 2 ; D 1 - 2 ; D 1  END                                0.0627    0.06267
  36.   196   D 1 - 4 ; D 1 D 3 ; D 1 - 2 ; D 1  END                                    0.0627    0.06267
  37.   114   D 1 - 3 ; D 1 - 2 S 3 - 4 ; D 1 - 2 ; S 1 S 3  END                        0.0626   -0.06213 -0.00739
  38.   305   D 1 - 2 S 3 - 4 ; D 1 - 3 ; S 1 D 2 S 3 ; D 1  END                        0.0626   -0.06213 -0.00739
  39.   288   D 1 - 2 S 3 - 4 ; D 1 - 3 ; D 1 - 2 ; S 1 S 3  END                        0.0622   -0.06159 -0.00835
  40.   134   D 1 - 3 ; D 1 - 2 S 3 - 4 ; S 1 D 2 S 3 ; D 1  END                        0.0622   -0.06159 -0.00835
  41.    78   D 1 - 4 ; D 1 - 3 ; S 1 - 2 ; D 1  END                                    0.0599    0.05994
  42.   151   D 1 - 3 ; D 1 - 2 ; D 1 - 2 ; D 1 S 2 - 3  END                            0.0599   -0.05994
  43.   174   D 1 - 3 S 5 ; D 1 S 2 D 3 ; S 1 D 2 ; D 1 S 3  END                        0.0591    0.05887 -0.00562
  44.    11   D 1 - 3 ; D 1 S 2 D 3 S 6 ; D 1 - 2 ; D 1  END                            0.0586   -0.05864
  45.    22   S 1 D 2 - 3 S 5 ; D 1 - 3 ; D 1 - 2 ; D 1  END                            0.0586   -0.05864
  46.    76   D 1 - 3 ; D 1 - 3 ; S 1 D 2 S 3 ; S 1 - 2  END                            0.0547    0.04829  0.02566
  47.    50   D 1 - 3 ; D 1 - 3 ; D 1 S 2 - 3 ; S 1 S 3  END                            0.0547    0.04829  0.02566
  48.   164   D 1 - 3 S 5 ; D 1 S 2 D 3 ; D 1 S 2 ; D 1 S 2  END                        0.0545    0.05435 -0.00414
  49.   143   D 1 - 3 ; D 1 - 2 D 4 ; D 1 - 2 ; D 1  END                                0.0470    0.04704
  50.   347   D 1 - 2 D 4 ; D 1 - 3 ; D 1 - 2 ; D 1  END                                0.0470    0.04704
  51.   484   S 1 D 2 - 3 S 4 ; D 1 - 2 S 3 S 6 ; D 1 - 2 ; D 1  END                    0.0468   -0.02227 -0.04116
  52.   241   D 1 - 3 S 4 S 6 ; S 1 D 2 S 3 ; D 1 - 2 ; D 1  END                        0.0432    0.03048  0.03056
  53.    36   D 1 - 3 ; D 1 - 3 ; D 1 - 3  END                                          0.0421   -0.04213
  54.    90   D 1 - 3 ; D 1 - 3 ; S 1 - 2 D 3 ; D 1  END                                0.0415    0.04152
  55.    38   D 1 - 3 ; D 1 - 3 ; D 1 - 2 ; S 2 - 3  END                                0.0415   -0.04152
  56.   154   D 1 - 3 S 5 ; D 1 S 2 D 3 ; D 1 - 2 S 3 ; S 1  END                        0.0415   -0.04150 -0.00014
  57.   370   D 1 S 2 D 3 ; D 1 - 3 S 5 ; D 1 - 2 S 3 ; S 1  END                        0.0394    0.03689 -0.01369
  58.   430   D 1 S 2 - 3 ; D 1 - 3 S 4 - 5 ; D 1 - 2 ; D 1  END                        0.0385   -0.03166 -0.02185
  59.  8510   D 1 - 4 ; D 1 - 2 ; S 1 - 2 ; D 1 S 2 - 3  END                            0.0362   -0.00995 -0.03480
  60.  7701   D 1 - 3 S 4 ; D 1 - 2 S 3 ; S 1 - 3 ; S 1 - 3  END                        0.0360    0.00221  0.01065  0.01821 -0.00663
                                                                                                  0.00740  0.01164 -0.00229 -0.01777
                                                                                                  0.00059  0.01263 -0.01090  0.00059
                                                                                                 -0.00109 -0.00362
  61. 17347   D 1 - 2 S 3 - 4 ; D 1 - 2 S 3 - 4 ; S 1 - 2 ; D 1 S 2 - 3  END            0.0353   -0.02084  0.00013  0.00189 -0.00015
                                                                                                  0.00116  0.00167 -0.00061 -0.00542
                                                                                                 -0.00665  0.00027 -0.00001 -0.00080
                                                                                                 -0.01441 -0.02277
  62.   145   D 1 - 3 ; D 1 - 2 S 4 S 6 ; D 1 - 2 ; D 1  END                            0.0348   -0.03475
  63.   515   S 1 D 2 S 3 D 4 ; D 1 - 3 ; D 1 - 2 ; D 1  END                            0.0348    0.03475
  64.   317   D 1 - 2 S 3 S 5 ; D 1 - 2 S 3 - 4 ; D 1 - 2 ; D 1  END                    0.0343   -0.03136  0.01379
  65.   325   D 1 - 2 S 3 - 4 ; D 1 S 2 D 3 S 4 ; D 1 - 2 ; D 1  END                    0.0343    0.03136 -0.01379
  66.    37   D 1 - 3 ; D 1 - 3 ; D 1 - 2 ; D 2  END                                    0.0342    0.03418
  67.    63   D 1 - 3 ; D 1 - 3 ; D 1 D 3 ; D 1  END                                    0.0342    0.03418
  68.   482   S 1 D 2 - 3 S 4 ; D 1 - 2 S 3 - 4 ; D 1 - 2 ; D 1  END                    0.0342    0.03056  0.01525
  69.   316   D 1 - 2 S 3 - 4 ; D 1 - 2 S 3 S 6 ; D 1 - 2 ; D 1  END                    0.0342    0.03056  0.01525
  70. 22258   D 1 - 2 D 4 ; D 1 - 2 D 4 ; D 1 - 2 ; D 1  END                            0.0318    0.03181
  71.   235   D 1 - 3 S 6 ; S 1 D 2 - 3 ; S 1 D 2 ; D 1 S 3  END                        0.0309   -0.03080  0.00217
  72.   197   D 1 - 3 S 4 - 5 ; D 1 D 3 ; D 1 - 2 ; D 1  END                            0.0308   -0.03075
  73.   183   D 1 - 3 D 5 ; D 1 S 2 - 3 ; D 1 - 2 ; D 1  END                            0.0308   -0.03075
  74.   289   D 1 - 2 S 3 S 5 ; D 1 - 3 ; D 1 - 2 ; S 1 - 2  END                        0.0304    0.02995  0.00532
  75.   168   D 1 - 3 ; D 1 S 2 D 3 S 4 ; D 1 S 2 - 3 ; D 1  END                        0.0304   -0.02995 -0.00532
  76.   156   D 1 - 3 ; D 1 S 2 D 3 S 4 ; D 1 - 2 ; S 1 - 2  END                        0.0303   -0.02986 -0.00536
  77.   297   D 1 - 2 S 3 S 5 ; D 1 - 3 ; D 1 S 2 - 3 ; D 1  END                        0.0303    0.02986  0.00536
  78.    24   D 1 - 4 ; D 1 - 3 ; D 1 - 2  END                                          0.0302    0.03023
  79.   149   D 1 - 3 ; D 1 - 2 ; D 1 - 3 ; D 1  END                                    0.0302    0.03023
  80.   384   D 1 S 2 D 3 ; D 1 - 3 S 4 ; S 1 D 2 ; D 1 S 2  END                        0.0300   -0.02551 -0.01584
  81.   302   D 1 - 2 S 3 ; D 1 - 3 S 5 ; D 1 S 2 ; D 1 S 3  END                        0.0300    0.02551  0.01584
  82.   310   D 1 - 2 S 3 ; D 1 - 3 S 5 ; S 1 D 2 ; D 1 S 2  END                        0.0300    0.02560  0.01564
  83.   376   D 1 S 2 D 3 ; D 1 - 3 S 4 ; D 1 S 2 ; D 1 S 3  END                        0.0300   -0.02560 -0.01564
  84. 17722   D 1 - 2 S 3 D 4 ; D 1 - 2 S 4 ; S 1 D 2 ; D 1 S 3  END                    0.0299   -0.02984 -0.00151
  85.   186   D 1 - 3 ; D 1 S 2 - 3 D 4 ; D 1 - 2 ; D 1  END                            0.0292    0.02915
  86.   348   D 1 - 2 S 4 - 5 ; D 1 - 3 ; D 1 - 2 ; D 1  END                            0.0292    0.02915
  87. 17625   D 1 - 2 S 3 D 4 ; D 1 - 2 S 4 ; D 1 S 2 ; D 1 S 2  END                    0.0291   -0.02906 -0.00030
  88.   523   S 1 D 2 S 3 ; D 1 - 3 S 4 S 6 ; D 1 - 2 ; D 1  END                        0.0288    0.01984  0.02083
  89.  8629   D 1 - 4 ; D 1 - 2 ; D 2 ; D 1 D 3  END                                    0.0281    0.02807
  90.   225   D 1 - 3 S 6 ; S 1 D 2 - 3 ; D 1 S 2 ; D 1 S 2  END                        0.0281   -0.02791  0.00297
  91.   377   D 1 S 2 D 3 ; D 1 - 3 S 5 ; D 1 S 2 ; D 1 S 2  END                        0.0281   -0.02750  0.00556
  92.   342   D 1 - 2 S 3 S 6 ; S 1 D 2 - 3 S 4 ; D 1 - 2 ; D 1  END                    0.0276   -0.00536 -0.02706
  93.   323   D 1 - 2 S 3 ; D 1 - 2 S 3 ; D 1 - 2 S 3 ; D 1 S 2  END                    0.0272    0.00081 -0.02717
  94.    40   D 1 - 3 S 4 ; D 1 - 3 S 4 ; D 1 S 2 ; S 1  END                            0.0272    0.00081 -0.02717
  95.   387   D 1 S 2 D 3 ; D 1 - 3 S 5 ; S 1 D 2 ; D 1 S 3  END                        0.0271   -0.02421  0.01214
  96.   195   D 1 - 3 ; D 1 S 2 - 3 ; D 1 - 2 ; D 1 D 3  END                            0.0264    0.02638
  97.    95   D 1 - 3 S 4 - 5 ; D 1 - 3 ; D 2 ; D 1  END                                0.0264    0.02638
  98.    87   D 1 - 3 ; D 1 - 3 D 5 ; S 1 - 2 ; D 1  END                                0.0262   -0.02623
  99.   453   D 1 D 3 ; D 1 - 3 ; D 1 - 2 ; D 1 S 2 - 3  END                            0.0262    0.02623
 100.   256   D 1 - 3 S 4 - 5 ; S 1 - 2 D 3 ; D 1 - 2 ; D 1  END                        0.0262   -0.00510 -0.02567




 POSITION OF FIRST SPIN COUPLING FOR TEN MOST IMPORTANT CONFIGURATIONS
       7     18    193    177    472    157      6     15    263    194



 ********************************
 RESULTS FOR ROOT   05
 TOTAL CI ENERGY =   -235.1220075
 ********************************

       CONF.                                                                           COEFF.
        NO.        SPACE ORBITAL PRODUCTS                                             CONTRIB.      CI COEFFICIENTS

       -----       ----------------------                                             --------   ---------------------
   1.     7   D 1 - 3 ; D 1 - 2 S 3 S 5 ; D 1 - 2 ; D 1  END                            0.3189   -0.31889
   2.    18   D 1 S 2 D 3 S 4 ; D 1 - 3 ; D 1 - 2 ; D 1  END                            0.3189   -0.31889
   3.   110   D 1 - 3 S 4 ; D 1 - 2 S 3 ; D 1 - 2 S 3 ; S 1  END                        0.2460   -0.24470 -0.02549
   4.   137   D 1 - 4 ; D 1 - 2 ; D 1 - 2 ; D 1  END                                    0.1985    0.19849
   5.   347   D 1 - 2 D 4 ; D 1 - 3 ; D 1 - 2 ; D 1  END                                0.1699   -0.16989
   6.   143   D 1 - 3 ; D 1 - 2 D 4 ; D 1 - 2 ; D 1  END                                0.1699   -0.16989
   7.    15   D 1 - 2 S 3 - 4 ; D 1 - 3 ; D 1 - 2 ; D 1  END                            0.1618   -0.16181
   8.     6   D 1 - 3 ; D 1 - 2 S 3 - 4 ; D 1 - 2 ; D 1  END                            0.1618    0.16181
   9.    16   D 1 - 2 S 3 S 5 ; D 1 - 3 ; D 1 - 2 ; D 1  END                            0.1592   -0.15924
  10.     9   D 1 - 3 ; D 1 S 2 D 3 S 4 ; D 1 - 2 ; D 1  END                            0.1592   -0.15924
  11.   120   D 1 - 3 S 4 ; D 1 - 2 S 3 ; D 1 S 2 ; D 1 S 3  END                        0.1458    0.14361 -0.02524
  12.   128   D 1 - 3 S 4 ; D 1 - 2 S 3 ; S 1 D 2 ; D 1 S 2  END                        0.1458    0.14361 -0.02524
  13.   314   D 1 - 2 S 3 - 4 ; D 1 - 2 S 3 - 4 ; D 1 - 2 ; D 1  END                    0.1446   -0.14150  0.02997
  14.   293   D 1 - 2 S 3 ; D 1 - 3 S 4 ; D 1 - 2 S 3 ; S 1  END                        0.1393    0.13716 -0.02423
  15.    12   D 1 - 3 ; S 1 D 2 - 3 S 4 ; D 1 - 2 ; D 1  END                            0.1261    0.12613
  16.    17   D 1 - 2 S 3 S 6 ; D 1 - 3 ; D 1 - 2 ; D 1  END                            0.1261   -0.12613
  17.   119   D 1 - 3 S 4 ; D 1 - 2 S 3 ; D 1 S 2 ; D 1 S 2  END                        0.1208    0.12069 -0.00405
  18.   348   D 1 - 2 S 4 - 5 ; D 1 - 3 ; D 1 - 2 ; D 1  END                            0.0931   -0.09311
  19.   186   D 1 - 3 ; D 1 S 2 - 3 D 4 ; D 1 - 2 ; D 1  END                            0.0931   -0.09311
  20.   308   D 1 - 2 S 3 ; D 1 - 3 S 4 ; S 1 D 2 ; D 1 S 2  END                        0.0840   -0.08185 -0.01881
  21.   300   D 1 - 2 S 3 ; D 1 - 3 S 4 ; D 1 S 2 ; D 1 S 3  END                        0.0840   -0.08185 -0.01881
  22.   325   D 1 - 2 S 3 - 4 ; D 1 S 2 D 3 S 4 ; D 1 - 2 ; D 1  END                    0.0810   -0.08040  0.00970
  23.   317   D 1 - 2 S 3 S 5 ; D 1 - 2 S 3 - 4 ; D 1 - 2 ; D 1  END                    0.0810    0.08040 -0.00970
  24.    36   D 1 - 3 ; D 1 - 3 ; D 1 - 3  END                                          0.0803    0.08028
  25.   129   D 1 - 3 S 4 ; D 1 - 2 S 3 ; S 1 D 2 ; D 1 S 3  END                        0.0786    0.07848  0.00434
  26.   299   D 1 - 2 S 3 ; D 1 - 3 S 4 ; D 1 S 2 ; D 1 S 2  END                        0.0670   -0.06649 -0.00811
  27.    49   D 1 - 3 ; D 1 - 3 ; D 1 S 2 - 3 ; S 1 - 2  END                            0.0653    0.00184  0.06530
  28.    77   D 1 - 3 ; D 1 - 3 ; S 1 D 2 S 3 ; S 1 S 3  END                            0.0605    0.00806  0.05998
  29.   180   D 1 - 4 ; D 1 S 2 - 3 ; D 1 - 2 ; D 1  END                                0.0583   -0.05826
  30.   138   D 1 - 3 S 4 - 5 ; D 1 - 2 ; D 1 - 2 ; D 1  END                            0.0583   -0.05826
  31.   154   D 1 - 3 S 5 ; D 1 S 2 D 3 ; D 1 - 2 S 3 ; S 1  END                        0.0557    0.05566 -0.00309
  32.   241   D 1 - 3 S 4 S 6 ; S 1 D 2 S 3 ; D 1 - 2 ; D 1  END                        0.0550   -0.02396 -0.04952
  33.   139   D 1 - 3 S 4 S 6 ; D 1 - 2 ; D 1 - 2 ; D 1  END                            0.0531   -0.05307
  34.   239   D 1 - 4 ; S 1 D 2 S 3 ; D 1 - 2 ; D 1  END                                0.0531    0.05307
  35.   181   D 1 - 3 S 4 - 5 ; D 1 S 2 - 3 ; D 1 - 2 ; D 1  END                        0.0523    0.00586  0.05199
  36.    11   D 1 - 3 ; D 1 S 2 D 3 S 6 ; D 1 - 2 ; D 1  END                            0.0511   -0.05114
  37.    22   S 1 D 2 - 3 S 5 ; D 1 - 3 ; D 1 - 2 ; D 1  END                            0.0511   -0.05114
  38.    64   D 1 - 3 ; D 1 - 3 ; D 1 ; D 1 - 2  END                                    0.0466    0.04663
  39.    19   D 1 S 2 D 3 S 5 ; D 1 - 3 ; D 1 - 2 ; D 1  END                            0.0451    0.04509
  40.    10   D 1 - 3 ; D 1 S 2 D 3 S 5 ; D 1 - 2 ; D 1  END                            0.0451   -0.04509
  41.    92   D 1 - 3 ; D 1 - 3 ; S 1 - 2 ; D 1 S 2 - 3  END                            0.0438   -0.02573 -0.03541
  42.   323   D 1 - 2 S 3 ; D 1 - 2 S 3 ; D 1 - 2 S 3 ; D 1 S 2  END                    0.0432   -0.00034 -0.04323
  43.    40   D 1 - 3 S 4 ; D 1 - 3 S 4 ; D 1 S 2 ; S 1  END                            0.0432   -0.00034 -0.04323
  44.   125   D 1 - 3 ; D 1 - 2 S 3 - 4 ; D 1 S 2 - 3 ; D 1  END                        0.0422    0.03392 -0.02517
  45.   287   D 1 - 2 S 3 - 4 ; D 1 - 3 ; D 1 - 2 ; S 1 - 2  END                        0.0422    0.03392 -0.02517
  46.   309   D 1 - 2 S 3 ; D 1 - 3 S 4 ; S 1 D 2 ; D 1 S 3  END                        0.0421   -0.04202 -0.00243
  47.   296   D 1 - 2 S 3 - 4 ; D 1 - 3 ; D 1 S 2 - 3 ; D 1  END                        0.0419    0.03367 -0.02499
  48.   113   D 1 - 3 ; D 1 - 2 S 3 - 4 ; D 1 - 2 ; S 1 - 2  END                        0.0419    0.03367 -0.02499
  49.     1   D 1 - 3 ; D 1 - 3 ; D 1 - 2 ; D 1  END                                    0.0405    0.04055
  50.    78   D 1 - 4 ; D 1 - 3 ; S 1 - 2 ; D 1  END                                    0.0398    0.03975
  51.   151   D 1 - 3 ; D 1 - 2 ; D 1 - 2 ; D 1 S 2 - 3  END                            0.0398   -0.03975
  52.    90   D 1 - 3 ; D 1 - 3 ; S 1 - 2 D 3 ; D 1  END                                0.0377   -0.03767
  53.    38   D 1 - 3 ; D 1 - 3 ; D 1 - 2 ; S 2 - 3  END                                0.0377    0.03767
  54.    67   D 1 - 3 S 4 ; D 1 - 3 S 4 ; S 1 D 2 ; S 1  END                            0.0370    0.00022 -0.03699
  55.   324   D 1 - 2 S 3 ; D 1 - 2 S 3 ; D 1 - 2 S 3 ; D 1 S 3  END                    0.0370    0.00022 -0.03699
  56.   164   D 1 - 3 S 5 ; D 1 S 2 D 3 ; D 1 S 2 ; D 1 S 2  END                        0.0365   -0.03635 -0.00319
  57.   114   D 1 - 3 ; D 1 - 2 S 3 - 4 ; D 1 - 2 ; S 1 S 3  END                        0.0361    0.02923 -0.02119
  58.   305   D 1 - 2 S 3 - 4 ; D 1 - 3 ; S 1 D 2 S 3 ; D 1  END                        0.0361    0.02923 -0.02119
  59.   288   D 1 - 2 S 3 - 4 ; D 1 - 3 ; D 1 - 2 ; S 1 S 3  END                        0.0359    0.02908 -0.02108
  60.   134   D 1 - 3 ; D 1 - 2 S 3 - 4 ; S 1 D 2 S 3 ; D 1  END                        0.0359    0.02908 -0.02108
  61.   391   D 1 S 2 D 3 S 4 ; D 1 - 2 S 3 S 5 ; D 1 - 2 ; D 1  END                    0.0353   -0.01275 -0.03289
  62.   187   D 1 - 3 ; D 1 S 2 - 5 ; D 1 - 2 ; D 1  END                                0.0351   -0.03060 -0.01713
  63.   424   D 1 S 2 - 5 ; D 1 - 3 ; D 1 - 2 ; D 1  END                                0.0351   -0.03060 -0.01713
  64.   430   D 1 S 2 - 3 ; D 1 - 3 S 4 - 5 ; D 1 - 2 ; D 1  END                        0.0347   -0.00565  0.03425
  65.   315   D 1 - 2 S 3 - 4 ; D 1 - 2 S 3 S 5 ; D 1 - 2 ; D 1  END                    0.0346    0.01357  0.03183
  66.   390   D 1 S 2 D 3 S 4 ; D 1 - 2 S 3 - 4 ; D 1 - 2 ; D 1  END                    0.0346   -0.01357 -0.03183
  67.   326   D 1 - 2 S 3 - 4 ; D 1 S 2 D 3 S 5 ; D 1 - 2 ; D 1  END                    0.0336    0.02712 -0.01982
  68.   393   D 1 S 2 D 3 S 5 ; D 1 - 2 S 3 - 4 ; D 1 - 2 ; D 1  END                    0.0336    0.02712 -0.01982
  69.   109   D 1 - 3 ; D 1 - 3 ; D 2 ; D 1 D 3  END                                    0.0332    0.03323
  70.   111   D 1 - 3 S 5 ; D 1 - 2 S 3 ; D 1 - 2 S 3 ; S 1  END                        0.0326    0.02505  0.02090
  71.   153   D 1 - 3 S 4 ; D 1 S 2 D 3 ; D 1 - 2 S 3 ; S 1  END                        0.0326   -0.02505 -0.02090
  72.   108   D 1 - 3 ; D 1 - 3 ; D 2 ; D 1 S 2 - 3  END                                0.0325   -0.03246
  73.    93   D 1 - 3 ; D 1 - 3 ; S 1 - 2 ; D 1 D 3  END                                0.0325    0.03246
  74.   484   S 1 D 2 - 3 S 4 ; D 1 - 2 S 3 S 6 ; D 1 - 2 ; D 1  END                    0.0322    0.01404  0.02895
  75.    63   D 1 - 3 ; D 1 - 3 ; D 1 D 3 ; D 1  END                                    0.0309   -0.03087
  76.    37   D 1 - 3 ; D 1 - 3 ; D 1 - 2 ; D 2  END                                    0.0309   -0.03087
  77.   353   D 1 - 2 ; D 1 - 4 ; D 1 - 2 ; D 1  END                                    0.0308    0.03080
  78.  7701   D 1 - 3 S 4 ; D 1 - 2 S 3 ; S 1 - 3 ; S 1 - 3  END                        0.0308   -0.00115  0.00133  0.00256 -0.00223
                                                                                                 -0.00284 -0.00423 -0.00101  0.00088
                                                                                                  0.00021 -0.02448  0.01716  0.00021
                                                                                                 -0.00039 -0.00306
  79.    91   D 1 - 3 ; D 1 - 3 ; S 1 - 2 ; D 1 - 2  END                                0.0304    0.03045
  80.    65   D 1 - 3 ; D 1 - 3 ; D 1 ; D 1 S 2 - 3  END                                0.0304   -0.03045
  81.   174   D 1 - 3 S 5 ; D 1 S 2 D 3 ; S 1 D 2 ; D 1 S 3  END                        0.0302   -0.03002 -0.00330
  82.   342   D 1 - 2 S 3 S 6 ; S 1 D 2 - 3 S 4 ; D 1 - 2 ; D 1  END                    0.0296    0.02414  0.01720
  83.     8   D 1 - 3 ; D 1 - 2 S 3 S 6 ; D 1 - 2 ; D 1  END                            0.0296   -0.02960
  84.    21   S 1 D 2 - 3 S 4 ; D 1 - 3 ; D 1 - 2 ; D 1  END                            0.0296    0.02960
  85.   370   D 1 S 2 D 3 ; D 1 - 3 S 5 ; D 1 - 2 S 3 ; S 1  END                        0.0291   -0.01808 -0.02277
  86.  1105   D 1 - 3 S 4 ; D 1 - 2 S 4 ; D 1 S 2 ; D 1 S 3  END                        0.0290   -0.02842 -0.00566
  87.  2827   D 1 - 2 S 3 D 4 ; D 1 - 2 S 3 ; S 1 D 2 ; D 1 S 2  END                    0.0290   -0.02842 -0.00566
  88.   316   D 1 - 2 S 3 - 4 ; D 1 - 2 S 3 S 6 ; D 1 - 2 ; D 1  END                    0.0289    0.01599  0.02410
  89.   482   S 1 D 2 - 3 S 4 ; D 1 - 2 S 3 - 4 ; D 1 - 2 ; D 1  END                    0.0289    0.01599  0.02410
  90.   214   D 1 - 3 S 6 ; S 1 D 2 - 3 ; D 1 - 2 S 3 ; S 1  END                        0.0286   -0.02466  0.01454
  91.  1137   D 1 - 3 S 4 ; D 1 - 2 S 4 ; S 1 D 2 ; D 1 S 2  END                        0.0283   -0.02781 -0.00543
  92.  2791   D 1 - 2 S 3 D 4 ; D 1 - 2 S 3 ; D 1 S 2 ; D 1 S 3  END                    0.0283   -0.02781 -0.00543
  93.  1015   D 1 - 3 ; D 1 - 2 S 3 S 5 ; S 1 - 2 ; D 1 S 2 - 3  END                    0.0279    0.00402  0.00513  0.00166  0.00022
                                                                                                 -0.02711
  94.  3753   D 1 S 2 D 3 S 4 ; D 1 - 3 ; S 1 - 2 ; D 1 S 2 - 3  END                    0.0279    0.00394  0.00519  0.00166  0.00032
                                                                                                 -0.02711
  95.   363   D 1 S 2 D 3 S 4 ; D 1 - 3 ; D 1 - 2 ; S 1 - 2  END                        0.0277   -0.02418 -0.01360
  96.   126   D 1 - 3 ; D 1 - 2 S 3 S 5 ; D 1 S 2 - 3 ; D 1  END                        0.0277    0.02418  0.01360
  97.   115   D 1 - 3 ; D 1 - 2 S 3 S 5 ; D 1 - 2 ; S 1 - 2  END                        0.0274    0.02437  0.01261
  98.   372   D 1 S 2 D 3 S 4 ; D 1 - 3 ; D 1 S 2 - 3 ; D 1  END                        0.0274   -0.02437 -0.01261
  99.    76   D 1 - 3 ; D 1 - 3 ; S 1 D 2 S 3 ; S 1 - 2  END                            0.0273   -0.02066  0.01781
 100.    50   D 1 - 3 ; D 1 - 3 ; D 1 S 2 - 3 ; S 1 S 3  END                            0.0273   -0.02066  0.01781




 POSITION OF FIRST SPIN COUPLING FOR TEN MOST IMPORTANT CONFIGURATIONS
       7     18    139    193    538    199     15      6     16      9



 ELAPSED TIME =      90.01 CPU SECONDS. (     90.96 WALL CLOCK SECONDS)
