nohup: ignoring input
FCI::Startup : For irrep 0 there are 1716 alpha Slater determinants and 1716 beta Slater determinants.
FCI::Startup : For irrep 1 there are 1716 alpha Slater determinants and 1716 beta Slater determinants.
FCI::Startup : Number of variables in the FCI vector = 5889312
FCI::Startup : Without additional loops the FCI matrix-vector product requires a workspace of 2516.185546875 MB memory.
               For practical purposes, the workspace is constrained to 10 MB memory.
FCI::matvec : Wall time = 702.104968 seconds
FCI::matvec : Wall time = 520.107371 seconds
FCI::matvec : Wall time = 20.355505 seconds
FCI::matvec : Wall time = 20.405048 seconds
FCI::matvec : Wall time = 20.333356 seconds
FCI::matvec : Wall time = 20.36933 seconds
FCI::matvec : Wall time = 20.316881 seconds
FCI::matvec : Wall time = 20.320678 seconds
FCI::matvec : Wall time = 20.287854 seconds
FCI::matvec : Wall time = 20.392323 seconds
FCI::matvec : Wall time = 20.308428 seconds
FCI::matvec : Wall time = 20.302264 seconds
FCI::matvec : Wall time = 20.39037 seconds
FCI::matvec : Wall time = 20.469779 seconds
FCI::matvec : Wall time = 20.409461 seconds
FCI::matvec : Wall time = 20.386884 seconds
FCI::matvec : Wall time = 20.306273 seconds
FCI::matvec : Wall time = 20.338072 seconds
FCI::matvec : Wall time = 20.303253 seconds
FCI::matvec : Wall time = 20.345043 seconds
FCI::matvec : Wall time = 20.510323 seconds
FCI::matvec : Wall time = 20.354131 seconds
FCI::matvec : Wall time = 20.357297 seconds
FCI::matvec : Wall time = 20.277031 seconds
FCI::matvec : Wall time = 20.384639 seconds
FCI::matvec : Wall time = 20.297051 seconds
FCI::matvec : Wall time = 20.403546 seconds
FCI::matvec : Wall time = 20.392434 seconds
FCI::matvec : Wall time = 20.420594 seconds
FCI::matvec : Wall time = 20.375331 seconds
FCI::matvec : Wall time = 20.359681 seconds
FCI::matvec : Wall time = 20.322904 seconds
FCI::matvec : Wall time = 20.460916 seconds
FCI::matvec : Wall time = 20.383377 seconds
FCI::matvec : Wall time = 20.367654 seconds
FCI::matvec : Wall time = 20.548571 seconds
FCI::matvec : Wall time = 20.38581 seconds
FCI::matvec : Wall time = 20.327912 seconds
FCI::matvec : Wall time = 20.362641 seconds
FCI::matvec : Wall time = 20.414992 seconds
FCI::matvec : Wall time = 20.293354 seconds
FCI::matvec : Wall time = 20.374838 seconds
FCI::matvec : Wall time = 20.404281 seconds
FCI::matvec : Wall time = 20.277091 seconds
FCI::matvec : Wall time = 20.326316 seconds
FCI::matvec : Wall time = 20.406708 seconds
FCI::matvec : Wall time = 20.411097 seconds
FCI::matvec : Wall time = 20.356472 seconds
FCI::matvec : Wall time = 20.410862 seconds
FCI::matvec : Wall time = 20.383157 seconds
FCI::matvec : Wall time = 20.330566 seconds
FCI::matvec : Wall time = 20.38511 seconds
FCI::matvec : Wall time = 20.375045 seconds
FCI::matvec : Wall time = 20.387904 seconds
FCI::matvec : Wall time = 20.413959 seconds
FCI::matvec : Wall time = 20.385667 seconds
FCI::matvec : Wall time = 20.300705 seconds
FCI::matvec : Wall time = 20.394574 seconds
FCI::matvec : Wall time = 20.300557 seconds
FCI::matvec : Wall time = 20.330409 seconds
FCI::matvec : Wall time = 20.375654 seconds
FCI::GSDavidson : Required number of matrix-vector multiplications = 61
FCI::GSDavidson : Converged ground state energy = -30.1234560225209
