 ************************************************************************
 * RTSIM - DAVIDSON METHOD SPARSE MATRIX EIGENVALUE/EIGENVECTOR PROGRAM *
 * QUANTUM CHEMISTRY GROUP - INDIANA UNIVERSITY -  5Apr 2016  23:23:40  *
 ************************************************************************



                 DIAGONALIZATION RUN TITLE
                 -------------------------
 )* WATER TEST *



 ) DAVIDSON
 ) LAST=3
 ) COEFF
 ) NOVLP
 ) MAXITR=1000 END

 THE CI MATRIX IS TITLED:  H2O  -SINGLET A1-  STO-3G HF SD-CI TEST
 THE MATRIX IS DATED:      5Apr 2016  23:12:37 
 THE SPIN MULTIPLICITY IS 1 AND THE DIMENSION IS ******.

 ROOTS  1 THROUGH  3 WILL BE OBTAINED.

  
  
  
 AMOUNT OF CORE AVAILABLE                      80000000
 MAXIMUM NUMBER OF VECTORS PER ITERATION              3
 MAXIMUM NUMBER OF VECTORS ON DISK                   19
 NUMBER OF SOLUTIONS SOUGHT                           3
 NUMBER OF SOLUTIONS INVESTIGATED                     3
 SIZE OF MATRIX DIAGONALISED                    1242054
  
  
 INITIAL GUESS AT ROOTS (OBTAINED FROM DIAGONAL ELEMENTS OF HAMILTONIAN MATRIX)

                1        -329.86741
               11        -326.00236
                2        -323.37307


 ITERATION       ROOT           EIGENVALUE          NORM OF RESIDUAL
     1             1          -329.86741266              4.58684
     1             2          -326.36023310              3.69220
     1             3          -323.01520115              3.90127
     2             1          -331.55857352              5.84864
     2             2          -327.44863459              5.16276
     2             3          -323.34543676             20.42495
     2             1          -331.55857352              2.37348
     2             2          -327.44863459              1.69730
     2             3          -323.34543676              4.69718
     3             1          -331.84222016              2.97299
     3             2          -327.61440235              2.42806
     3             3          -324.73928866             14.90697
     3             1          -331.84222016              1.22956
     3             2          -327.61440235              0.72885
     3             3          -324.73928866              2.87255
     4             1          -331.90198936              1.68996
     4             2          -327.63844883              1.24234
     4             3          -325.44306382             11.02172
     4             1          -331.90198936              0.62478
     4             2          -327.63844883              0.34813
     4             3          -325.44306382              2.04817
     5             1          -331.91653047              1.01237
     5             2          -327.64283274              0.58383
     5             3          -325.70196952              7.06453
     5             1          -331.91653047              0.28154
     5             2          -327.64283274              0.19223
     5             3          -325.70196952              1.35036
     6             1          -331.91934312              0.59901
     6             2          -327.64385441              0.35930
     6             3          -325.77438789              4.03750
  truncating with vlp=false 
 TRUNCATION TO 1 VECTOR PER ROOT HAS BEEN PERFORMED
     6             1          -331.91934312              0.14674
     6             2          -327.64385441              0.11180
     6             3          -325.77438789              0.82268
     7             1          -331.91989799              0.21024
     7             2          -327.64408005              0.11307
     7             3          -325.79317241              1.36166
     7             1          -331.91989799              0.09029
     7             2          -327.64408005              0.06826
     7             3          -325.79317241              0.49908
     8             1          -331.92014004              0.33309
     8             2          -327.64419825              0.23662
     8             3          -325.80426116              3.09577
     8             1          -331.92014004              0.07635
     8             2          -327.64419825              0.03665
     8             3          -325.80426116              0.29978
     9             1          -331.92024632              0.27387
     9             2          -327.64423635              0.17128
     9             3          -325.80473413              0.76645
     9             1          -331.92024632              0.03792
     9             2          -327.64423635              0.02219
     9             3          -325.80473413              0.26507
    10             1          -331.92027863              0.18084
    10             2          -327.64424798              0.11273
    10             3          -325.80927163              3.63737
    10             1          -331.92027863              0.02196
    10             2          -327.64424798              0.01149
    10             3          -325.80927163              0.24098
    11             1          -331.92028816              0.10136
    11             2          -327.64425104              0.06097
    11             3          -325.81149276              2.61832
  truncating with vlp=false 
 TRUNCATION TO 1 VECTOR PER ROOT HAS BEEN PERFORMED
    11             1          -331.92028816              0.01088
    11             2          -327.64425104              0.00578
    11             3          -325.81149276              0.14483
    12             1          -331.92029031              0.01080
    12             2          -327.64425165              0.00576
    12             3          -325.81210705              0.27728
    12             1          -331.92029031              0.00677
    12             2          -327.64425165              0.00330
    12             3          -325.81210705              0.08887
    13             1          -331.92029143              0.02124
    13             2          -327.64425192              0.01111
    13             3          -325.81243083              0.54175
    13             1          -331.92029143              0.00380
    13             2          -327.64425192              0.00170
    13             3          -325.81243083              0.05319
    14             1          -331.92029178              0.01570
    14             2          -327.64425201              0.01039
    14             3          -325.81243537              0.05726
    14             1          -331.92029178              0.00247
    14             2          -327.64425201              0.00098
    14             3          -325.81243537              0.05094
    15             1          -331.92029191              0.01105
    15             2          -327.64425204              0.00557
    15             3          -325.81260184              0.76696
    15             1          -331.92029191              0.00155
    15             2          -327.64425204              0.00058
    15             3          -325.81260184              0.05234
    16             1          -331.92029196              0.00885
    16             2          -327.64425204              0.00313
    16             3          -325.81270563              0.69554
  truncating with vlp=false 
 TRUNCATION TO 1 VECTOR PER ROOT HAS BEEN PERFORMED
    16             1          -331.92029196              0.00088
    16             2          -327.64425204              0.00035
    16             3          -325.81270563              0.04223
    17             1          -331.92029198              0.00100
    17             2          -327.64425204              0.00035
    17             3          -325.81274918              0.06075
    17             1          -331.92029198              0.00059
    17             2          -327.64425204              0.00022
    17             3          -325.81274918              0.02773
    18             1          -331.92029199              0.00161
    18             2          -327.64425205              0.00072
    18             3          -325.81277125              0.13193
    18             1          -331.92029199              0.00036
    18             2          -327.64425205              0.00011
    18             3          -325.81277125              0.01565
    19             1          -331.92029199              0.00145
    19             2          -327.64425205              0.00054
    19             3          -325.81277178              0.02813
    19             1          -331.92029199              0.00021
    19             2          -327.64425205              0.00006
    19             3          -325.81277178              0.01700
     ROOT    ITERATION     NUMBER OF PRODUCTS       EIGENVALUE
       2        19                54                -327.6442520463


    20             1          -331.92029199              0.00123
    20             3          -325.81278339              0.16857
    20             1          -331.92029199              0.00014
    20             3          -325.81278339              0.01478
    21             1          -331.92029199              0.00063
    21             3          -325.81279220              0.19790
    21             1          -331.92029199              0.00008
    21             3          -325.81279220              0.01164
     ROOT    ITERATION     NUMBER OF PRODUCTS       EIGENVALUE
       1        21                58                -331.9202919918


    22             3          -325.81279859              0.20359
    22             3          -325.81279859              0.00756
    23             3          -325.81280009              0.07212
    23             3          -325.81280009              0.00407
    24             3          -325.81280052              0.03272
  truncating with vlp=false 
 TRUNCATION TO 1 VECTOR PER ROOT HAS BEEN PERFORMED
    24             3          -325.81280052              0.00218
    25             3          -325.81280066              0.00197
    25             3          -325.81280066              0.00177
    26             3          -325.81280073              0.00625
    26             3          -325.81280073              0.00098
    27             3          -325.81280074              0.00230
    27             3          -325.81280074              0.00111
    28             3          -325.81280078              0.00711
    28             3          -325.81280078              0.00071
    29             3          -325.81280080              0.00382
    29             3          -325.81280080              0.00046
    30             3          -325.81280080              0.00355
    30             3          -325.81280080              0.00034
    31             3          -325.81280081              0.00242
    31             3          -325.81280081              0.00021
    32             3          -325.81280081              0.00249
    32             3          -325.81280081              0.00017
    33             3          -325.81280081              0.00201
    33             3          -325.81280081              0.00011
    34             3          -325.81280081              0.00066
    34             3          -325.81280081              0.00006
     ROOT    ITERATION     NUMBER OF PRODUCTS       EIGENVALUE
       3        34                71                -325.8128008098


  all roots converged 
  

 ************************************
 COMPLETED CI VECTOR OPTIMISATION
 ************************************





 ********************************
 RESULTS FOR ROOT   01
 TOTAL CI ENERGY =   -331.9202920
 ********************************

       CONF.                                                                           COEFF.
        NO.        SPACE ORBITAL PRODUCTS                                             CONTRIB.      CI COEFFICIENTS

       -----       ----------------------                                             --------   ---------------------
   1.     1   D 1 - 4 ; D 1 - 3  END                                                    0.8948    0.89480
   2.   123   D 1 - 3 S 4 - 5 ; D 1 - 2 S 3 - 4  END                                    0.1272   -0.12472 -0.02494
   3.   159   D 1 - 3 D 5 ; D 1 - 3  END                                                0.1175   -0.11753
   4.   212   D 1 - 2 S 3 - 6 ; D 1 - 3  END                                            0.0956    0.03665  0.08828
   5.   136   D 1 - 3 S 4 - 5 ; D 1 S 2 D 3 S 5  END                                    0.0744    0.07394  0.00799
   6.   178   D 1 - 2 S 3 D 4 S 6 ; D 1 - 2 S 3 - 4  END                                0.0743   -0.07301 -0.01356
   7.    37   D 1 - 4 ; D 1 - 2 D 4  END                                                0.0675   -0.06754
   8.   366   S 1 D 2 - 3 S 4 - 5 S 8 ; D 1 - 3  END                                    0.0616    0.02280  0.05727
   9.   281   D 1 S 2 D 3 S 4 - 5 S 7 ; D 1 - 3  END                                    0.0609    0.02443  0.05584
  10.    54   D 1 - 4 ; D 1 S 2 - 5  END                                                0.0582   -0.01977 -0.05473
  11.   169   D 1 - 3 ; D 1 - 4  END                                                    0.0577   -0.05766
  12.    27   D 1 - 5 ; D 1 - 2  END                                                    0.0577   -0.05766
  13.   149   D 1 - 3 S 4 - 5 ; S 1 D 2 - 3 S 6  END                                    0.0534   -0.05294 -0.00667
  14.   175   D 1 - 2 S 3 D 4 S 5 ; D 1 - 2 S 3 - 4  END                                0.0513   -0.02623 -0.04407
  15.   126   D 1 - 3 S 4 S 6 ; D 1 - 2 S 3 - 4  END                                    0.0513   -0.02623 -0.04407
  16.    87   D 1 - 4 ; S 1 D 2 S 3 - 4 S 6  END                                        0.0486    0.01455  0.04632
  17.   249   D 1 S 2 D 3 - 4 S 7 ; D 1 - 2 S 3 - 4  END                                0.0484   -0.04752 -0.00907
  18.   191   D 1 - 2 S 3 D 4 S 6 ; D 1 S 2 D 3 S 5  END                                0.0464    0.04493  0.01152
  19.   300   D 1 S 2 - 3 D 4 S 6 - 7 ; D 1 - 3  END                                    0.0426    0.00986  0.04140
  20.   231   D 1 - 2 D 4 D 6 ; D 1 - 3  END                                            0.0398   -0.03980
  21.   222   D 1 - 2 S 3 - 4 ; D 1 - 3 S 4 - 5  END                                    0.0396    0.01966  0.03435
  22.    44   D 1 - 4 S 5 - 6 ; D 1 S 2 - 3  END                                        0.0396   -0.01966 -0.03435
  23.   227   D 1 - 2 D 4 - 5 ; D 1 - 3  END                                            0.0380   -0.03800
  24.   163   D 1 - 3 D 6 ; D 1 - 3  END                                                0.0380   -0.03800
  25.   176   D 1 - 2 S 3 D 4 S 5 ; D 1 - 2 S 3 S 5  END                                0.0364   -0.02967 -0.02105
  26.   138   D 1 - 3 S 4 S 6 ; D 1 S 2 D 3 S 4  END                                    0.0364    0.02967  0.02105
  27.   127   D 1 - 3 S 4 S 6 ; D 1 - 2 S 3 S 5  END                                    0.0345   -0.03446 -0.00238
  28.   187   D 1 - 2 S 3 D 4 S 5 ; D 1 S 2 D 3 S 4  END                                0.0345    0.03446  0.00238
  29.   221   D 1 - 2 S 3 - 4 ; D 1 - 4  END                                            0.0344   -0.03443
  30.    28   D 1 - 4 S 5 - 6 ; D 1 - 2  END                                            0.0344    0.03443
  31.   211   D 1 - 2 S 3 - 4 D 5 ; D 1 - 3  END                                        0.0334    0.03345
  32.   160   D 1 - 3 S 5 - 6 ; D 1 - 3  END                                            0.0334   -0.03345
  33.   124   D 1 - 3 S 4 - 5 ; D 1 - 2 S 3 S 5  END                                    0.0333    0.03139  0.01115
  34.   135   D 1 - 3 S 4 - 5 ; D 1 S 2 D 3 S 4  END                                    0.0333   -0.03139 -0.01115
  35.   329   S 1 D 2 - 4 S 5 ; D 1 - 2 S 3 S 6  END                                    0.0332    0.02090  0.02584
  36.   156   D 1 - 3 S 4 S 8 ; S 1 D 2 - 3 S 4  END                                    0.0332    0.02090  0.02584
  37.   336   S 1 D 2 - 4 S 8 ; D 1 - 2 S 3 - 4  END                                    0.0332   -0.03251 -0.00676
  38.   244   D 1 S 2 D 3 - 4 S 5 ; D 1 - 2 S 3 S 5  END                                0.0320   -0.01685 -0.02714
  39.   141   D 1 - 3 S 4 S 7 ; D 1 S 2 D 3 S 4  END                                    0.0320    0.01685  0.02714
  40.    78   D 1 - 4 S 5 S 8 ; S 1 D 2 S 3  END                                        0.0319   -0.00816 -0.03087
  41.   375   S 1 D 2 - 3 S 4 ; D 1 - 3 S 4 S 6  END                                    0.0319   -0.00816 -0.03087
  42.   237   D 1 - 2 D 4 ; D 1 - 4  END                                                0.0317   -0.03172
  43.    31   D 1 - 4 D 6 ; D 1 - 2  END                                                0.0317   -0.03172
  44.   179   D 1 - 2 S 3 D 4 S 6 ; D 1 - 2 S 3 S 5  END                                0.0298   -0.01468 -0.02594
  45.   190   D 1 - 2 S 3 D 4 S 6 ; D 1 S 2 D 3 S 4  END                                0.0298    0.01468  0.02594
  46.   204   D 1 - 2 S 3 D 4 S 6 ; S 1 D 2 - 3 S 6  END                                0.0294   -0.02828 -0.00792
  47.   290   D 1 S 2 D 3 S 4 ; D 1 - 3 S 4 - 5  END                                    0.0290    0.00464  0.02860
  48.    45   D 1 - 4 S 5 S 7 ; D 1 S 2 - 3  END                                        0.0290   -0.00464 -0.02860
  49.   262   D 1 S 2 D 3 - 4 S 7 ; D 1 S 2 D 3 S 5  END                                0.0286    0.02711  0.00912
  50.    72   D 1 - 4 ; D 1 D 3 D 5  END                                                0.0284   -0.02837
  51.   385   S 1 D 2 S 3 D 4 S 6 S 8 ; D 1 - 3  END                                    0.0279    0.00629  0.02722
  52.   296   D 1 S 2 - 3 D 4 S 5 - 6 ; D 1 - 3  END                                    0.0276    0.01220  0.02480
  53.   216   D 1 - 2 S 3 - 4 S 6 - 7 ; D 1 - 3  END                                    0.0276    0.01220  0.02480
  54.    77   D 1 - 4 S 5 S 7 ; S 1 D 2 S 3  END                                        0.0275   -0.01181 -0.02479
  55.   291   D 1 S 2 D 3 S 4 ; D 1 - 3 S 4 S 6  END                                    0.0275   -0.01181 -0.02479
  56.   381   S 1 D 2 S 3 D 4 S 5 S 7 ; D 1 - 3  END                                    0.0273    0.00879  0.02587
  57.   285   D 1 S 2 D 3 S 4 S 6 S 8 ; D 1 - 3  END                                    0.0273    0.00879  0.02587
  58.   298   D 1 S 2 - 3 D 4 S 5 S 8 ; D 1 - 3  END                                    0.0270    0.00367  0.02678
  59.   368   S 1 D 2 - 3 S 4 S 6 - 7 ; D 1 - 3  END                                    0.0270    0.00367  0.02678
  60.   105   D 1 - 4 ; S 1 - 2 D 3 S 5 - 6  END                                        0.0259   -0.00424 -0.02560
  61.   248   D 1 S 2 D 3 - 4 S 6 ; D 1 - 2 S 3 S 6  END                                0.0258    0.01671  0.01962
  62.   205   D 1 - 2 S 3 D 4 S 7 ; S 1 D 2 - 3 S 4  END                                0.0258    0.01671  0.01962
  63.    80   D 1 - 4 S 6 - 7 ; S 1 D 2 S 3  END                                        0.0255   -0.00269 -0.02537
  64.   307   D 1 S 2 - 3 D 4 ; D 1 - 3 S 4 S 6  END                                    0.0255   -0.00269 -0.02537
  65.   172   D 1 - 3 ; D 1 - 3 D 5  END                                                0.0255   -0.02547
  66.    59   D 1 - 5 ; D 1 D 3  END                                                    0.0255   -0.02547
  67.   245   D 1 S 2 D 3 - 4 S 5 ; D 1 - 2 S 3 S 6  END                                0.0253    0.01874  0.01693
  68.   153   D 1 - 3 S 4 S 7 ; S 1 D 2 - 3 S 4  END                                    0.0253    0.01874  0.01693
  69.    48   D 1 - 4 S 6 - 7 ; D 1 S 2 - 3  END                                        0.0245   -0.01091 -0.02188
  70.   306   D 1 S 2 - 3 D 4 ; D 1 - 3 S 4 - 5  END                                    0.0245    0.01091  0.02188
  71.   213   D 1 - 2 S 3 - 5 S 7 ; D 1 - 3  END                                        0.0244   -0.00677 -0.02345
  72.   280   D 1 S 2 D 3 S 4 - 6 ; D 1 - 3  END                                        0.0244   -0.00677 -0.02345
  73.   349   S 1 D 2 - 4 S 8 ; D 1 S 2 D 3 S 5  END                                    0.0242    0.02247  0.00892
  74.   193   D 1 - 2 S 3 D 4 S 7 ; D 1 S 2 D 3 S 4  END                                0.0241    0.02023  0.01317
  75.   247   D 1 S 2 D 3 - 4 S 6 ; D 1 - 2 S 3 S 5  END                                0.0241   -0.02023 -0.01317
  76.   130   D 1 - 3 S 4 S 7 ; D 1 - 2 S 3 S 5  END                                    0.0240   -0.01488 -0.01886
  77.   255   D 1 S 2 D 3 - 4 S 5 ; D 1 S 2 D 3 S 4  END                                0.0240    0.01488  0.01886
  78.   140   D 1 - 3 S 4 S 6 ; D 1 S 2 D 3 S 6  END                                    0.0235   -0.02338 -0.00256
  79.   200   D 1 - 2 S 3 D 4 S 5 ; S 1 D 2 - 3 S 5  END                                0.0235    0.02338  0.00256
  80.   275   D 1 S 2 D 3 - 4 S 7 ; S 1 D 2 - 3 S 6  END                                0.0235   -0.02143 -0.00969
  81.   340   S 1 D 2 - 4 S 5 ; D 1 S 2 D 3 S 5  END                                    0.0233    0.01621  0.01676
  82.   145   D 1 - 3 S 4 S 8 ; D 1 S 2 D 3 S 5  END                                    0.0233    0.01621  0.01676
  83.   151   D 1 - 3 S 4 S 6 ; S 1 D 2 - 3 S 5  END                                    0.0232    0.02086  0.01010
  84.   189   D 1 - 2 S 3 D 4 S 5 ; D 1 S 2 D 3 S 6  END                                0.0232   -0.02086 -0.01010
  85.    40   D 1 - 4 ; D 1 - 2 D 5  END                                                0.0225   -0.02253
  86.    69   D 1 - 4 ; D 1 D 3 - 4  END                                                0.0225   -0.02253
  87.    57   D 1 - 4 ; D 1 S 2 - 3 S 5 - 6  END                                        0.0225    0.00684  0.02140
  88.   102   D 1 - 4 ; S 1 - 2 D 3 S 4 - 5  END                                        0.0225    0.00684  0.02140
  89.   194   D 1 - 2 S 3 D 4 S 7 ; D 1 S 2 D 3 S 5  END                                0.0222    0.01430  0.01698
  90.   259   D 1 S 2 D 3 - 4 S 6 ; D 1 S 2 D 3 S 5  END                                0.0222    0.01430  0.01698
  91.   403   S 1 - 2 D 3 - 4 S 7 - 8 ; D 1 - 3  END                                    0.0221    0.00180  0.02203
  92.   258   D 1 S 2 D 3 - 4 S 6 ; D 1 S 2 D 3 S 4  END                                0.0218    0.02174  0.00211
  93.   182   D 1 - 2 S 3 D 4 S 7 ; D 1 - 2 S 3 S 5  END                                0.0218   -0.02174 -0.00211
  94.  4444   D 1 - 3 D 5 ; D 1 - 2 D 4  END                                            0.0216    0.02156
  95.   129   D 1 - 3 S 4 S 7 ; D 1 - 2 S 3 - 4  END                                    0.0213    0.01651  0.01344
  96.   243   D 1 S 2 D 3 - 4 S 5 ; D 1 - 2 S 3 - 4  END                                0.0213    0.01651  0.01344
  97.   362   S 1 D 2 - 4 S 8 ; S 1 D 2 - 3 S 6  END                                    0.0212   -0.01879 -0.00991
  98.   219   D 1 - 2 S 3 - 4 S 7 - 8 ; D 1 - 3  END                                    0.0211    0.00446  0.02058
  99.   396   S 1 - 2 D 3 - 4 S 5 - 6 ; D 1 - 3  END                                    0.0211    0.00446  0.02058
 100.   170   D 1 - 3 ; D 1 - 3 S 4 - 5  END                                            0.0210   -0.02096




 POSITION OF FIRST SPIN COUPLING FOR TEN MOST IMPORTANT CONFIGURATIONS
       1    150    222    311    176    244     37    566    426     60



 ********************************
 RESULTS FOR ROOT   02
 TOTAL CI ENERGY =   -327.6442520
 ********************************

       CONF.                                                                           COEFF.
        NO.        SPACE ORBITAL PRODUCTS                                             CONTRIB.      CI COEFFICIENTS

       -----       ----------------------                                             --------   ---------------------
   1.    11   D 1 - 3 S 4 - 5 ; D 1 - 3  END                                            0.8680   -0.86799
   2.     2   D 1 - 4 ; D 1 - 2 S 3 - 4  END                                            0.3275   -0.32748
   3.    16   D 1 - 2 S 3 D 4 S 6 ; D 1 - 3  END                                        0.1604   -0.16037
   4.     6   D 1 - 4 ; D 1 S 2 D 3 S 5  END                                            0.0863    0.08631
   5.  1280   D 1 - 2 S 3 - 6 ; D 1 - 2 S 3 - 4  END                                    0.0680    0.01130  0.05711 -0.02375  0.00416
                                                                                                 -0.02551
   6.    15   D 1 - 2 S 3 D 4 S 5 ; D 1 - 3  END                                        0.0678    0.06784
   7.    12   D 1 - 3 S 4 S 6 ; D 1 - 3  END                                            0.0678    0.06784
   8.   695   D 1 - 3 S 4 - 5 ; D 1 - 2 D 4  END                                        0.0605    0.06049
   9.   736   D 1 - 3 S 4 - 5 ; D 1 S 2 - 5  END                                        0.0525   -0.00452 -0.01849  0.01404  0.00698
                                                                                                  0.04629
  10.    21   D 1 S 2 D 3 - 4 S 7 ; D 1 - 3  END                                        0.0496   -0.04960
  11.   817   D 1 - 3 S 4 - 5 ; S 1 D 2 S 3 - 4 S 6  END                                0.0446    0.00237  0.01404 -0.00853 -0.00617
                                                                                                 -0.04098
  12.  1825   D 1 S 2 D 3 S 4 - 5 S 7 ; D 1 - 2 S 3 - 4  END                            0.0439    0.00315  0.03473 -0.01748  0.00099
                                                                                                 -0.02020
  13.  1318   D 1 - 2 S 3 - 6 ; D 1 S 2 D 3 S 5  END                                    0.0391   -0.00762 -0.03377  0.01328 -0.00690
                                                                                                  0.01045
  14.  2085   D 1 S 2 - 7 ; D 1 - 3  END                                                0.0367   -0.00925 -0.00244 -0.00216 -0.00216
                                                                                                 -0.03531
  15.     5   D 1 - 4 ; D 1 S 2 D 3 S 4  END                                            0.0355   -0.03551
  16.     3   D 1 - 4 ; D 1 - 2 S 3 S 5  END                                            0.0355    0.03551
  17.  1277   D 1 - 2 S 3 - 4 D 5 ; D 1 - 2 S 3 - 4  END                                0.0354    0.02108  0.02848
  18.   929   D 1 - 3 S 5 - 6 ; D 1 - 2 S 3 - 4  END                                    0.0354   -0.02108 -0.02848
  19.  1542   D 1 - 2 S 4 - 5 D 6 ; D 1 - 3  END                                        0.0333    0.03329
  20.   926   D 1 - 3 D 5 ; D 1 - 2 S 3 - 4  END                                        0.0328    0.03277
  21.   689   D 1 - 3 S 4 - 5 D 6 ; D 1 - 2  END                                        0.0325    0.03251
  22.  1548   D 1 - 2 S 4 - 5 ; D 1 - 4  END                                            0.0325    0.03251
  23.  2601   S 1 D 2 - 3 S 4 - 5 S 8 ; D 1 - 2 S 3 - 4  END                            0.0318    0.00234  0.02260 -0.01114  0.00095
                                                                                                 -0.01927
  24.    10   D 1 - 4 ; S 1 D 2 - 3 S 6  END                                            0.0307   -0.03074
  25.  1281   D 1 - 2 S 3 - 6 ; D 1 - 2 S 3 S 5  END                                    0.0306   -0.00002  0.01596 -0.00848  0.02264
                                                                                                 -0.00975
  26.  1317   D 1 - 2 S 3 - 6 ; D 1 S 2 D 3 S 4  END                                    0.0306   -0.00060 -0.01552  0.00923 -0.02264
                                                                                                  0.00975
  27.  1398   D 1 - 2 S 3 S 5 ; D 1 - 3 S 4 - 5  END                                    0.0279    0.01670  0.02237
  28.   726   D 1 - 3 S 4 D 5 S 6 ; D 1 S 2 - 3  END                                    0.0279    0.01670  0.02237
  29.  1356   D 1 - 2 S 3 - 6 ; S 1 D 2 - 3 S 6  END                                    0.0256    0.00576  0.02176 -0.00786  0.00669
                                                                                                 -0.00629
  30.  1824   D 1 S 2 D 3 S 4 - 6 ; D 1 - 2 S 3 S 6  END                                0.0253   -0.00125 -0.01449  0.00851 -0.01670
                                                                                                  0.00891
  31.  1357   D 1 - 2 S 3 - 5 S 7 ; S 1 D 2 - 3 S 4  END                                0.0253   -0.00030 -0.01516  0.00734 -0.01670
                                                                                                  0.00891
  32.   930   D 1 - 3 S 5 - 6 ; D 1 - 2 S 3 S 5  END                                    0.0247   -0.02471 -0.00001
  33.  1314   D 1 - 2 S 3 - 4 D 5 ; D 1 S 2 D 3 S 4  END                                0.0247   -0.02471 -0.00001
  34.   730   D 1 - 3 S 4 - 7 ; D 1 S 2 - 3  END                                        0.0246   -0.00095 -0.00048  0.01022  0.00140
                                                                                                  0.02235
  35.  2091   D 1 S 2 - 5 ; D 1 - 3 S 4 - 5  END                                        0.0246   -0.00781  0.00666  0.00050 -0.00140
                                                                                                 -0.02235
  36.    26   S 1 D 2 - 4 S 8 ; D 1 - 3  END                                            0.0243   -0.02427
  37.   778   D 1 - 3 S 4 - 5 ; D 1 D 3 D 5  END                                        0.0238    0.02381
  38.  2092   D 1 S 2 - 5 ; D 1 - 3 S 4 S 6  END                                        0.0236    0.00217 -0.00106 -0.00042  0.00137
                                                                                                  0.02345
  39.   810   D 1 - 3 S 4 - 7 ; S 1 D 2 S 3  END                                        0.0236   -0.00012  0.00056  0.00238  0.00137
                                                                                                  0.02345
  40.  1863   D 1 S 2 D 3 S 4 - 5 S 7 ; D 1 S 2 D 3 S 5  END                            0.0235   -0.00250 -0.01922  0.00906 -0.00579
                                                                                                  0.00790
  41.  2859   S 1 D 2 S 3 - 6 S 8 ; D 1 - 3  END                                        0.0224   -0.00512 -0.00458 -0.00191 -0.00191
                                                                                                 -0.02119
  42.   775   D 1 - 3 S 4 - 5 ; D 1 D 3 - 4  END                                        0.0223    0.02227
  43.   698   D 1 - 3 S 4 - 5 ; D 1 - 2 D 5  END                                        0.0223    0.02227
  44.  1820   D 1 S 2 D 3 S 4 D 5 ; D 1 - 2 S 3 S 5  END                                0.0221    0.01040  0.01951
  45.   969   D 1 - 3 S 5 S 7 ; D 1 S 2 D 3 S 4  END                                    0.0221    0.01040  0.01951
  46.  1859   D 1 S 2 D 3 S 4 - 6 ; D 1 S 2 D 3 S 4  END                                0.0217   -0.00071 -0.01804  0.01146 -0.00371
                                                                                                  0.00024
  47.  1284   D 1 - 2 S 3 - 5 S 7 ; D 1 - 2 S 3 S 5  END                                0.0217   -0.00062  0.01898 -0.00984  0.00371
                                                                                                 -0.00024
  48.  1321   D 1 - 2 S 3 - 5 S 7 ; D 1 S 2 D 3 S 5  END                                0.0217    0.00058 -0.01306  0.00795 -0.01372
                                                                                                  0.00684
  49.  1860   D 1 S 2 D 3 S 4 - 6 ; D 1 S 2 D 3 S 5  END                                0.0217    0.00053 -0.01302  0.00801 -0.01372
                                                                                                  0.00684
  50.  1009   D 1 - 3 S 5 S 8 ; S 1 D 2 - 3 S 4  END                                    0.0216    0.01379  0.01657
  51.  2594   S 1 D 2 - 3 S 4 D 5 ; D 1 - 2 S 3 S 6  END                                0.0216   -0.01379 -0.01657
  52.   859   D 1 - 3 S 4 - 5 ; S 1 - 2 D 3 S 5 - 6  END                                0.0215   -0.00151 -0.00349  0.00183  0.00078
                                                                                                  0.02108
  53.   856   D 1 - 3 S 4 - 5 ; S 1 - 2 D 3 S 4 - 5  END                                0.0214    0.00015  0.00038 -0.00583 -0.00021
                                                                                                 -0.02061
  54.   739   D 1 - 3 S 4 - 5 ; D 1 S 2 - 3 S 5 - 6  END                                0.0214    0.00006  0.00045 -0.00583 -0.00010
                                                                                                 -0.02061
  55.  1320   D 1 - 2 S 3 - 5 S 7 ; D 1 S 2 D 3 S 4  END                                0.0214   -0.00070 -0.01575  0.00779 -0.01085
                                                                                                  0.00551
  56.  1823   D 1 S 2 D 3 S 4 - 6 ; D 1 - 2 S 3 S 5  END                                0.0214    0.00130  0.01533 -0.00853  0.01085
                                                                                                 -0.00551
  57.  1896   D 1 S 2 D 3 S 4 - 6 ; S 1 D 2 - 3 S 4  END                                0.0211   -0.00188 -0.01328  0.00764 -0.01242
                                                                                                  0.00726
  58.  1285   D 1 - 2 S 3 - 5 S 7 ; D 1 - 2 S 3 S 6  END                                0.0211   -0.00065 -0.01415  0.00613 -0.01242
                                                                                                  0.00726
  59.  2639   S 1 D 2 - 3 S 4 - 5 S 8 ; D 1 S 2 D 3 S 5  END                            0.0198   -0.00151 -0.01522  0.00755 -0.00601
                                                                                                  0.00809
  60.  2714   S 1 D 2 - 3 S 5 ; D 1 - 3 S 4 S 6  END                                    0.0198   -0.00458 -0.01922
  61.   808   D 1 - 3 S 4 D 5 S 8 ; S 1 D 2 S 3  END                                    0.0198    0.00458  0.01922
  62.  1397   D 1 - 2 S 3 S 5 ; D 1 - 4  END                                            0.0197   -0.01974
  63.   686   D 1 - 3 S 4 D 5 S 6 ; D 1 - 2  END                                        0.0197   -0.01974
  64.  1901   D 1 S 2 D 3 S 4 - 5 S 7 ; S 1 D 2 - 3 S 6  END                            0.0196    0.00166  0.01536 -0.00751  0.00717
                                                                                                 -0.00622
  65.  1551   D 1 - 2 S 4 - 5 ; D 1 - 3 D 5  END                                        0.0188    0.01877
  66.   769   D 1 - 3 S 4 - 5 D 6 ; D 1 D 3  END                                        0.0188    0.01877
  67.  1098   D 1 - 2 S 3 D 4 S 6 ; D 1 S 2 - 5  END                                    0.0186   -0.00530 -0.01426 -0.00264  0.00390
                                                                                                  0.00971
  68.  1549   D 1 - 2 S 4 - 5 ; D 1 - 3 S 4 - 5  END                                    0.0185    0.00082 -0.01847
  69.   729   D 1 - 3 S 4 - 5 D 6 ; D 1 S 2 - 3  END                                    0.0185    0.00082 -0.01847
  70.   966   D 1 - 3 S 5 - 6 ; D 1 S 2 D 3 S 4  END                                    0.0184    0.01346  0.01260
  71.  1278   D 1 - 2 S 3 - 4 D 5 ; D 1 - 2 S 3 S 5  END                                0.0184    0.01346  0.01260
  72.  1856   D 1 S 2 D 3 S 4 D 5 ; D 1 S 2 D 3 S 4  END                                0.0183   -0.00998 -0.01535
  73.   933   D 1 - 3 S 5 S 7 ; D 1 - 2 S 3 S 5  END                                    0.0183   -0.00998 -0.01535
  74.   807   D 1 - 3 S 4 D 5 S 7 ; S 1 D 2 S 3  END                                    0.0183    0.00835  0.01626
  75.  1941   D 1 S 2 D 3 S 5 ; D 1 - 3 S 4 S 6  END                                    0.0183   -0.00835 -0.01626
  76.    20   D 1 S 2 D 3 - 4 S 6 ; D 1 - 3  END                                        0.0181    0.01813
  77.    17   D 1 - 2 S 3 D 4 S 7 ; D 1 - 3  END                                        0.0181    0.01813
  78.  3052   S 1 - 2 D 3 S 4 - 5 S 7 - 8 ; D 1 - 3  END                                0.0179   -0.00137 -0.00228 -0.00042 -0.00042
                                                                                                 -0.01768
  79.  2855   S 1 D 2 S 3 - 4 D 5 S 7 ; D 1 - 3  END                                    0.0177   -0.00521 -0.01688
  80.  1935   D 1 S 2 D 3 S 5 - 6 S 8 ; D 1 - 3  END                                    0.0177    0.00521  0.01688
  81.  1392   D 1 - 2 S 3 S 5 - 7 ; D 1 - 3  END                                        0.0173    0.00793  0.01539
  82.  2081   D 1 S 2 - 4 D 5 S 6 ; D 1 - 3  END                                        0.0173   -0.00793 -0.01539
  83.  2677   S 1 D 2 - 3 S 4 - 5 S 8 ; S 1 D 2 - 3 S 6  END                            0.0172    0.00113  0.01297 -0.00657  0.00710
                                                                                                 -0.00584
  84.  2281   D 1 D 3 S 4 - 5 ; D 1 - 4  END                                            0.0168    0.01680
  85.   692   D 1 - 3 S 4 - 5 D 7 ; D 1 - 2  END                                        0.0168    0.01680
  86.  2630   S 1 D 2 - 3 S 4 D 5 ; D 1 S 2 D 3 S 5  END                                0.0166   -0.01151 -0.01194
  87.   973   D 1 - 3 S 5 S 8 ; D 1 S 2 D 3 S 5  END                                    0.0166    0.01151  0.01194
  88.  1545   D 1 - 2 S 4 - 5 D 7 ; D 1 - 3  END                                        0.0164    0.01644
  89.  2275   D 1 D 3 S 4 - 5 D 6 ; D 1 - 3  END                                        0.0164    0.01644
  90.  1985   D 1 S 2 - 3 D 4 S 6 - 7 ; D 1 - 2 S 3 - 4  END                            0.0162    0.00262  0.00723 -0.00203 -0.00085
                                                                                                 -0.01404
  91.   727   D 1 - 3 S 4 D 5 S 7 ; D 1 S 2 - 3  END                                    0.0161    0.00304  0.01579
  92.  1940   D 1 S 2 D 3 S 5 ; D 1 - 3 S 4 - 5  END                                    0.0161    0.00304  0.01579
  93.  2083   D 1 S 2 - 4 D 5 S 8 ; D 1 - 3  END                                        0.0161   -0.00131 -0.01601
  94.  2707   S 1 D 2 - 3 S 5 - 7 ; D 1 - 3  END                                        0.0161    0.00131  0.01601
  95.   895   D 1 - 3 S 4 - 5 ; D 2 - 4  END                                            0.0161    0.01606
  96.   700   D 1 - 3 S 4 - 5 ; D 1 - 2 D 6  END                                        0.0161    0.01606
  97.  2278   D 1 D 3 S 4 - 5 D 7 ; D 1 - 3  END                                        0.0156    0.01557
  98.   937   D 1 - 3 S 5 S 8 ; D 1 - 2 S 3 S 6  END                                    0.0155    0.01194  0.00985
  99.  2666   S 1 D 2 - 3 S 4 D 5 ; S 1 D 2 - 3 S 4  END                                0.0155   -0.01194 -0.00985
 100.   777   D 1 - 3 S 4 - 5 ; D 1 D 3 S 4 S 6  END                                    0.0154    0.00030  0.01536




 POSITION OF FIRST SPIN COUPLING FOR TEN MOST IMPORTANT CONFIGURATIONS
      11      2     16      6   2397     15     12   1131   1204     21



 ********************************
 RESULTS FOR ROOT   03
 TOTAL CI ENERGY =   -325.8128008
 ********************************

       CONF.                                                                           COEFF.
        NO.        SPACE ORBITAL PRODUCTS                                             CONTRIB.      CI COEFFICIENTS

       -----       ----------------------                                             --------   ---------------------
   1.    15   D 1 - 2 S 3 D 4 S 5 ; D 1 - 3  END                                        0.5025    0.50250
   2.    12   D 1 - 3 S 4 S 6 ; D 1 - 3  END                                            0.5025    0.50250
   3.     2   D 1 - 4 ; D 1 - 2 S 3 - 4  END                                            0.4806    0.48064
   4.     5   D 1 - 4 ; D 1 S 2 D 3 S 4  END                                            0.1461   -0.14612
   5.     3   D 1 - 4 ; D 1 - 2 S 3 S 5  END                                            0.1461    0.14612
   6.    11   D 1 - 3 S 4 - 5 ; D 1 - 3  END                                            0.1108   -0.11081
   7.  1280   D 1 - 2 S 3 - 6 ; D 1 - 2 S 3 - 4  END                                    0.1059    0.00230  0.02546 -0.01282  0.06591
                                                                                                  0.07782
   8.    16   D 1 - 2 S 3 D 4 S 6 ; D 1 - 3  END                                        0.1055    0.10549
   9.    20   D 1 S 2 D 3 - 4 S 6 ; D 1 - 3  END                                        0.0778    0.07779
  10.    17   D 1 - 2 S 3 D 4 S 7 ; D 1 - 3  END                                        0.0778    0.07779
  11.  1539   D 1 - 2 S 4 D 5 S 6 ; D 1 - 3  END                                        0.0738   -0.07383
  12.  1391   D 1 - 2 S 3 S 5 D 6 ; D 1 - 3  END                                        0.0738   -0.07383
  13.   926   D 1 - 3 D 5 ; D 1 - 2 S 3 - 4  END                                        0.0715   -0.07153
  14.    19   D 1 S 2 D 3 - 4 S 5 ; D 1 - 3  END                                        0.0700   -0.07002
  15.    13   D 1 - 3 S 4 S 7 ; D 1 - 3  END                                            0.0700   -0.07002
  16.  1046   D 1 - 2 S 3 D 4 S 5 ; D 1 - 2 D 4  END                                    0.0621   -0.06213
  17.   706   D 1 - 3 S 4 S 6 ; D 1 - 2 D 4  END                                        0.0621   -0.06213
  18.  1277   D 1 - 2 S 3 - 4 D 5 ; D 1 - 2 S 3 - 4  END                                0.0617    0.05762  0.02216
  19.   929   D 1 - 3 S 5 - 6 ; D 1 - 2 S 3 - 4  END                                    0.0617   -0.05762 -0.02216
  20.     6   D 1 - 4 ; D 1 S 2 D 3 S 5  END                                            0.0529   -0.05286
  21.     9   D 1 - 4 ; S 1 D 2 - 3 S 5  END                                            0.0497   -0.04969
  22.     7   D 1 - 4 ; D 1 S 2 D 3 S 6  END                                            0.0497    0.04969
  23.  1428   D 1 - 2 D 4 - 5 ; D 1 - 2 S 3 - 4  END                                    0.0485   -0.04854
  24.   938   D 1 - 3 D 6 ; D 1 - 2 S 3 - 4  END                                        0.0485   -0.04854
  25.   736   D 1 - 3 S 4 - 5 ; D 1 S 2 - 5  END                                        0.0481    0.00712  0.04215  0.00981 -0.01852
                                                                                                  0.00711
  26.    25   S 1 D 2 - 4 S 7 ; D 1 - 3  END                                            0.0432    0.04324
  27.    22   D 1 S 2 D 3 - 4 S 8 ; D 1 - 3  END                                        0.0432    0.04324
  28.  1388   D 1 - 2 S 3 D 5 S 6 ; D 1 - 3  END                                        0.0423   -0.04232
  29.  1317   D 1 - 2 S 3 - 6 ; D 1 S 2 D 3 S 4  END                                    0.0423   -0.02006 -0.02510  0.00240 -0.02224
                                                                                                 -0.01595
  30.  1281   D 1 - 2 S 3 - 6 ; D 1 - 2 S 3 S 5  END                                    0.0423    0.01656  0.02758  0.00189  0.02224
                                                                                                  0.01595
  31.     8   D 1 - 4 ; S 1 D 2 - 3 S 4  END                                            0.0401    0.04008
  32.     4   D 1 - 4 ; D 1 - 2 S 3 S 6  END                                            0.0401    0.04008
  33.   686   D 1 - 3 S 4 D 5 S 6 ; D 1 - 2  END                                        0.0377   -0.03771
  34.  1397   D 1 - 2 S 3 S 5 ; D 1 - 4  END                                            0.0377   -0.03771
  35.  1087   D 1 - 2 S 3 D 4 S 5 ; D 1 S 2 - 5  END                                    0.0367   -0.00480 -0.00728 -0.01306  0.00001
                                                                                                 -0.03318
  36.   747   D 1 - 3 S 4 S 6 ; D 1 S 2 - 5  END                                        0.0367   -0.00503 -0.00712 -0.01306  0.00028
                                                                                                 -0.03318
  37.  1825   D 1 S 2 D 3 S 4 - 5 S 7 ; D 1 - 2 S 3 - 4  END                            0.0364   -0.00173  0.00605 -0.00490  0.01624
                                                                                                  0.03159
  38.  2601   S 1 D 2 - 3 S 4 - 5 S 8 ; D 1 - 2 S 3 - 4  END                            0.0352    0.00098  0.00320 -0.00105  0.01481
                                                                                                  0.03170
  39.    21   D 1 S 2 D 3 - 4 S 7 ; D 1 - 3  END                                        0.0336    0.03355
  40.  1315   D 1 - 2 S 3 - 4 D 5 ; D 1 S 2 D 3 S 5  END                                0.0312   -0.03092 -0.00421
  41.   967   D 1 - 3 S 5 - 6 ; D 1 S 2 D 3 S 5  END                                    0.0312    0.03092  0.00421
  42.    10   D 1 - 4 ; S 1 D 2 - 3 S 6  END                                            0.0311    0.03108
  43.  1431   D 1 - 2 D 4 S 5 - 6 ; D 1 - 2 S 3 - 4  END                                0.0302    0.02962  0.00602
  44.  1289   D 1 - 2 S 3 - 4 D 6 ; D 1 - 2 S 3 - 4  END                                0.0302   -0.02962 -0.00602
  45.   817   D 1 - 3 S 4 - 5 ; S 1 D 2 S 3 - 4 S 6  END                                0.0299   -0.00275 -0.02586 -0.00567  0.01268
                                                                                                 -0.00479
  46.  1822   D 1 S 2 D 3 S 4 - 6 ; D 1 - 2 S 3 - 4  END                                0.0296   -0.01575 -0.00409 -0.00076 -0.01489
                                                                                                 -0.01978
  47.  1283   D 1 - 2 S 3 - 5 S 7 ; D 1 - 2 S 3 - 4  END                                0.0296   -0.00780 -0.00971 -0.01050 -0.01489
                                                                                                 -0.01978
  48.  1168   D 1 - 2 S 3 D 4 S 5 ; S 1 D 2 S 3 - 4 S 6  END                            0.0284    0.00037 -0.00202  0.00649  0.00166
                                                                                                  0.02757
  49.   828   D 1 - 3 S 4 S 6 ; S 1 D 2 S 3 - 4 S 6  END                                0.0284    0.00052 -0.00213  0.00649  0.00146
                                                                                                  0.02757
  50.  1976   D 1 S 2 - 3 D 4 S 5 S 7 ; D 1 - 2 S 3 - 4  END                            0.0282   -0.00069 -0.02340  0.01410 -0.00679
                                                                                                  0.00192
  51.  1834   D 1 S 2 D 3 S 4 S 6 - 7 ; D 1 - 2 S 3 - 4  END                            0.0282    0.00025 -0.02406  0.01294 -0.00679
                                                                                                  0.00192
  52.  2082   D 1 S 2 - 4 D 5 S 7 ; D 1 - 3  END                                        0.0271   -0.01100 -0.02477
  53.  1934   D 1 S 2 D 3 S 5 - 7 ; D 1 - 3  END                                        0.0271    0.01100  0.02477
  54.   735   D 1 - 3 S 4 - 5 ; D 1 S 2 - 3 D 4  END                                    0.0268   -0.02638 -0.00474
  55.   696   D 1 - 3 S 4 - 5 ; D 1 - 2 S 4 - 5  END                                    0.0268   -0.02638 -0.00474
  56.  2858   S 1 D 2 S 3 - 7 ; D 1 - 3  END                                            0.0264   -0.00606 -0.00110 -0.01441 -0.01361
                                                                                                 -0.01637
  57.  2086   D 1 S 2 - 6 S 8 ; D 1 - 3  END                                            0.0264   -0.00606 -0.00110 -0.01361 -0.01441
                                                                                                 -0.01637
  58.  1098   D 1 - 2 S 3 D 4 S 6 ; D 1 S 2 - 5  END                                    0.0253    0.00036  0.01813 -0.00474 -0.01017
                                                                                                 -0.01364
  59.  2856   S 1 D 2 S 3 - 4 D 5 S 8 ; D 1 - 3  END                                    0.0245   -0.01470 -0.01957
  60.  2708   S 1 D 2 - 3 S 5 - 6 S 8 ; D 1 - 3  END                                    0.0245    0.01470  0.01957
  61.  1355   D 1 - 2 S 3 - 6 ; S 1 D 2 - 3 S 5  END                                    0.0241   -0.01394 -0.01638  0.00125 -0.00861
                                                                                                 -0.00663
  62.  1319   D 1 - 2 S 3 - 6 ; D 1 S 2 D 3 S 6  END                                    0.0241    0.01135  0.01821  0.00192  0.00861
                                                                                                  0.00663
  63.  1985   D 1 S 2 - 3 D 4 S 6 - 7 ; D 1 - 2 S 3 - 4  END                            0.0235   -0.00093 -0.00430  0.00172  0.00448
                                                                                                  0.02255
  64.  1353   D 1 - 2 S 3 - 4 D 5 ; S 1 D 2 - 3 S 6  END                                0.0231    0.02309  0.00040
  65.  1005   D 1 - 3 S 5 - 6 ; S 1 D 2 - 3 S 6  END                                    0.0231   -0.02309 -0.00040
  66.  1440   D 1 - 2 D 4 D 6 ; D 1 - 2 S 3 - 4  END                                    0.0228   -0.02275
  67.  2084   D 1 S 2 - 5 D 6 ; D 1 - 3  END                                            0.0212    0.01204  0.01746
  68.  1543   D 1 - 2 S 4 - 7 ; D 1 - 3  END                                            0.0212   -0.01204 -0.01746
  69.  1548   D 1 - 2 S 4 - 5 ; D 1 - 4  END                                            0.0210    0.02097
  70.   689   D 1 - 3 S 4 - 5 D 6 ; D 1 - 2  END                                        0.0210    0.02097
  71.    24   S 1 D 2 - 4 S 6 ; D 1 - 3  END                                            0.0205   -0.02046
  72.    18   D 1 - 2 S 3 D 4 S 8 ; D 1 - 3  END                                        0.0205   -0.02046
  73.  2752   S 1 D 2 S 3 D 4 S 5 S 8 ; D 1 - 2 S 3 - 4  END                            0.0205    0.00049 -0.01512  0.00922 -0.00602
                                                                                                 -0.00829
  74.  2610   S 1 D 2 - 3 S 4 S 6 S 8 ; D 1 - 2 S 3 - 4  END                            0.0205    0.00056 -0.01517  0.00913 -0.00602
                                                                                                 -0.00829
  75.  1360   D 1 - 2 S 3 - 5 S 8 ; S 1 D 2 - 3 S 4  END                                0.0204   -0.00006 -0.01158 -0.00457 -0.01445
                                                                                                 -0.00720
  76.  2597   S 1 D 2 - 3 S 4 - 6 ; D 1 - 2 S 3 S 6  END                                0.0204   -0.00921 -0.00511  0.00664 -0.01445
                                                                                                 -0.00720
  77.  1549   D 1 - 2 S 4 - 5 ; D 1 - 3 S 4 - 5  END                                    0.0202    0.00920 -0.01803
  78.   729   D 1 - 3 S 4 - 5 D 6 ; D 1 S 2 - 3  END                                    0.0202    0.00920 -0.01803
  79.  1320   D 1 - 2 S 3 - 5 S 7 ; D 1 S 2 D 3 S 4  END                                0.0199    0.00021 -0.01017 -0.00515 -0.01573
                                                                                                 -0.00438
  80.  1823   D 1 S 2 D 3 S 4 - 6 ; D 1 - 2 S 3 S 5  END                                0.0199    0.00894  0.00371 -0.00604  0.01573
                                                                                                  0.00438
  81.  2865   S 1 D 2 S 3 - 5 ; D 1 - 3 S 4 S 6  END                                    0.0190    0.00471  0.00109 -0.00223  0.01428
                                                                                                  0.01136
  82.   811   D 1 - 3 S 4 - 6 S 8 ; S 1 D 2 S 3  END                                    0.0190    0.00026  0.00423  0.00322  0.01428
                                                                                                  0.01136
  83.  2859   S 1 D 2 S 3 - 6 S 8 ; D 1 - 3  END                                        0.0187    0.00596  0.00631  0.01064  0.01064
                                                                                                  0.00702
  84.  2091   D 1 S 2 - 5 ; D 1 - 3 S 4 - 5  END                                        0.0187   -0.00500 -0.00107 -0.00004 -0.01425
                                                                                                 -0.01097
  85.   730   D 1 - 3 S 4 - 7 ; D 1 S 2 - 3  END                                        0.0187    0.00221  0.00305  0.00346  0.01425
                                                                                                  0.01097
  86.  1979   D 1 S 2 - 3 D 4 S 5 S 8 ; D 1 - 2 S 3 - 4  END                            0.0187   -0.00067 -0.00592  0.00325 -0.00082
                                                                                                  0.01738
  87.  2607   S 1 D 2 - 3 S 4 S 6 - 7 ; D 1 - 2 S 3 - 4  END                            0.0187   -0.00036 -0.00614  0.00287 -0.00082
                                                                                                  0.01738
  88.  1077   D 1 - 2 S 3 D 4 - 5 S 6 ; D 1 S 2 - 3  END                                0.0186   -0.00902 -0.01621
  89.  1409   D 1 - 2 S 3 S 6 ; D 1 - 3 S 4 - 5  END                                    0.0186   -0.00902 -0.01621
  90.  1469   D 1 - 2 D 4 S 5 - 6 ; D 1 S 2 D 3 S 5  END                                0.0185   -0.01829 -0.00276
  91.  1327   D 1 - 2 S 3 - 4 D 6 ; D 1 S 2 D 3 S 5  END                                0.0185    0.01829  0.00276
  92.  2749   S 1 D 2 S 3 D 4 S 5 S 7 ; D 1 - 2 S 3 - 4  END                            0.0184   -0.00097 -0.00638  0.00324  0.00170
                                                                                                  0.01683
  93.  1837   D 1 S 2 D 3 S 4 S 6 S 8 ; D 1 - 2 S 3 - 4  END                            0.0184   -0.00069 -0.00659  0.00289  0.00170
                                                                                                  0.01683
  94.  1973   D 1 S 2 - 3 D 4 S 5 - 6 ; D 1 - 2 S 3 - 4  END                            0.0182   -0.00254 -0.00847 -0.00152  0.00053
                                                                                                  0.01582
  95.  1292   D 1 - 2 S 3 - 4 S 6 - 7 ; D 1 - 2 S 3 - 4  END                            0.0182   -0.00608 -0.00596  0.00282  0.00053
                                                                                                  0.01582
  96.  2092   D 1 S 2 - 5 ; D 1 - 3 S 4 S 6  END                                        0.0182    0.00636  0.00216 -0.00406  0.01156
                                                                                                  0.01165
  97.   810   D 1 - 3 S 4 - 7 ; S 1 D 2 S 3  END                                        0.0182   -0.00017  0.00678  0.00394  0.01156
                                                                                                  0.01165
  98.   746   D 1 - 3 S 4 S 6 ; D 1 S 2 - 3 D 4  END                                    0.0176    0.00610  0.01654
  99.  1047   D 1 - 2 S 3 D 4 S 5 ; D 1 - 2 S 4 - 5  END                                0.0176    0.00610  0.01654
 100.  1429   D 1 - 2 D 4 - 5 ; D 1 - 2 S 3 S 5  END                                    0.0176   -0.01763




 POSITION OF FIRST SPIN COUPLING FOR TEN MOST IMPORTANT CONFIGURATIONS
      15     12      2      5      3     11   2397     16     20     17



 ELAPSED TIME =     284.89 CPU SECONDS. (    284.77 WALL CLOCK SECONDS)
