 ************************************************************************
 * RTSIM - DAVIDSON METHOD SPARSE MATRIX EIGENVALUE/EIGENVECTOR PROGRAM *
 * QUANTUM CHEMISTRY GROUP - INDIANA UNIVERSITY - 29Aug 2010  13:56:05  *
 ************************************************************************



                 DIAGONALIZATION RUN TITLE
                 -------------------------
 )* WATER TEST *



 ) DAVIDSON
 ) LAST=2
 ) COEFF
 ) NOVLP
 ) MAXITR=1000 END

 THE CI MATRIX IS TITLED:  H2O  -SINGLET A1-  STO-3G HF SD-CI TEST
 THE MATRIX IS DATED:     29Aug 2010  13:39:39 
 THE SPIN MULTIPLICITY IS 1 AND THE DIMENSION IS 440672.

 ROOTS  1 THROUGH  2 WILL BE OBTAINED.

  
  
  
 AMOUNT OF CORE AVAILABLE                      30000000
 MAXIMUM NUMBER OF VECTORS PER ITERATION              2
 MAXIMUM NUMBER OF VECTORS ON DISK                   16
 NUMBER OF SOLUTIONS SOUGHT                           2
 NUMBER OF SOLUTIONS INVESTIGATED                     2
 SIZE OF MATRIX DIAGONALISED                     440672
  
  
 INITIAL GUESS AT ROOTS (OBTAINED FROM DIAGONAL ELEMENTS OF HAMILTONIAN MATRIX)

                1        -877.18879
                2        -872.77545


 ITERATION       ROOT           EIGENVALUE          NORM OF RESIDUAL
     1             1          -877.32227780              6.29324
     1             2          -872.64196295              7.22052
     2             1          -879.75310685              7.05872
     2             2          -875.75317789              9.88953
     2             1          -879.75310685              3.51921
     2             2          -875.75317789              4.93797
     3             1          -880.29163966              4.97693
     3             2          -876.96303069              7.95712
     3             1          -880.29163966              1.67085
     3             2          -876.96303069              2.96909
     4             1          -880.40203645              2.65588
     4             2          -877.32294986              4.89456
     4             1          -880.40203645              0.80832
     4             2          -877.32294986              1.78600
     5             1          -880.42691728              1.49070
     5             2          -877.46537886              4.09971
     5             1          -880.42691728              0.40165
     5             2          -877.46537886              1.17418
     6             1          -880.43221344              0.74319
     6             2          -877.52748204              3.49597
     6             1          -880.43221344              0.19581
     6             2          -877.52748204              0.78964
     7             1          -880.43344211              0.41592
     7             2          -877.55146654              2.52457
     7             1          -880.43344211              0.10155
     7             2          -877.55146654              0.49297
     8             1          -880.43379821              0.26352
     8             2          -877.56130280              1.80795
  truncating with vlp=false 
 TRUNCATION TO 1 VECTOR PER ROOT HAS BEEN PERFORMED
     8             1          -880.43379821              0.06055
     8             2          -877.56130280              0.33298
     9             1          -880.43388609              0.05888
     9             2          -877.56447975              0.39899
     9             1          -880.43388609              0.03591
     9             2          -877.56447975              0.22159
    10             1          -880.43393686              0.12975
    10             2          -877.56724799              1.23088
    10             1          -880.43393686              0.02491
    10             2          -877.56724799              0.20036
    11             1          -880.43395615              0.09299
    11             2          -877.56895821              1.25907
    11             1          -880.43395615              0.01441
    11             2          -877.56895821              0.14164
    12             1          -880.43396198              0.04965
    12             2          -877.56941148              0.64108
    12             1          -880.43396198              0.00743
    12             2          -877.56941148              0.12255
    13             1          -880.43396350              0.02463
    13             2          -877.57004696              0.79830
    13             1          -880.43396350              0.00385
    13             2          -877.57004696              0.08886
    14             1          -880.43396395              0.01383
    14             2          -877.57035729              0.55152
    14             1          -880.43396395              0.00197
    14             2          -877.57035729              0.05656
    15             1          -880.43396406              0.00697
    15             2          -877.57048868              0.35085
  truncating with vlp=false 
 TRUNCATION TO 1 VECTOR PER ROOT HAS BEEN PERFORMED
    15             1          -880.43396406              0.00093
    15             2          -877.57048868              0.03223
    16             1          -880.43396408              0.00089
    16             2          -877.57052007              0.05016
    16             1          -880.43396408              0.00044
    16             2          -877.57052007              0.01873
    17             1          -880.43396409              0.00113
    17             2          -877.57053821              0.09280
    17             1          -880.43396409              0.00023
    17             2          -877.57053821              0.01600
    18             1          -880.43396409              0.00081
    18             2          -877.57055303              0.13340
    18             1          -880.43396409              0.00012
    18             2          -877.57055303              0.01484
    19             1          -880.43396409              0.00051
    19             2          -877.57056188              0.11403
    19             1          -880.43396409              0.00007
    19             2          -877.57056188              0.01108
     ROOT    ITERATION     NUMBER OF PRODUCTS       EIGENVALUE
       1        19                36                -880.4339640897


    20             2          -877.57056521              0.06345
    20             2          -877.57056521              0.00968
    21             2          -877.57056957              0.08032
    21             2          -877.57056957              0.00808
    22             2          -877.57057244              0.06596
    22             2          -877.57057244              0.00676
    23             2          -877.57057432              0.05346
    23             2          -877.57057432              0.00308
    24             2          -877.57057464              0.01395
    24             2          -877.57057464              0.00181
    25             2          -877.57057480              0.01181
  truncating with vlp=false 
 TRUNCATION TO 1 VECTOR PER ROOT HAS BEEN PERFORMED
    25             2          -877.57057480              0.00128
    26             2          -877.57057484              0.00127
    26             2          -877.57057484              0.00078
    27             2          -877.57057487              0.00330
    27             2          -877.57057487              0.00068
    28             2          -877.57057488              0.00245
    28             2          -877.57057488              0.00057
    29             2          -877.57057490              0.00326
    29             2          -877.57057490              0.00043
    30             2          -877.57057490              0.00173
    30             2          -877.57057490              0.00028
    31             2          -877.57057491              0.00138
    31             2          -877.57057491              0.00019
    32             2          -877.57057491              0.00099
    32             2          -877.57057491              0.00014
    33             2          -877.57057491              0.00093
    33             2          -877.57057491              0.00009
     ROOT    ITERATION     NUMBER OF PRODUCTS       EIGENVALUE
       2        33                50                -877.5705749089


  all roots converged 
  

 ************************************
 COMPLETED CI VECTOR OPTIMISATION
 ************************************





 ********************************
 RESULTS FOR ROOT   01
 TOTAL CI ENERGY =   -880.4339641
 ********************************

       CONF.                                                                           COEFF.
        NO.        SPACE ORBITAL PRODUCTS                                             CONTRIB.      CI COEFFICIENTS

       -----       ----------------------                                             --------   ---------------------
   1.     1   D 1 - 3 ; D 1 - 3 ; D 1 - 3 ; D 1 - 2  END                                0.8467   -0.84672
   2.     2   D 1 - 4 ; D 1 - 3 ; D 1 - 2 ; D 1 - 2  END                                0.1974    0.19738
   3.     3   D 1 - 3 S 4 ; D 1 - 3 S 4 ; D 1 - 2 S 3 ; D 1 S 2  END                    0.1382    0.01689 -0.13721
   4.     4   D 1 - 3 S 4 ; D 1 - 2 S 3 ; D 1 - 2 S 3 ; D 1 - 2 S 3  END                0.0964    0.01193  0.09569
   5.     5   D 1 - 3 S 4 - 5 ; D 1 - 3 ; D 1 S 2 - 3 ; D 1 - 2  END                    0.0867   -0.01075 -0.08605
   6.     6   D 1 - 3 S 4 S 6 ; D 1 - 3 ; S 1 D 2 S 3 ; D 1 - 2  END                    0.0742    0.00651  0.07387
   7.     7   D 1 - 3 ; D 1 - 2 S 3 - 4 ; D 1 - 3 ; D 1 S 2 - 3  END                    0.0710   -0.00726  0.07058
   8.     8   D 1 - 2 S 3 - 4 ; D 1 - 3 ; D 1 - 2 S 3 - 4 ; D 1 - 2  END                0.0689    0.02040  0.06578
   9.     9   D 1 - 3 S 4 ; D 1 - 3 S 5 ; D 1 - 2 S 3 ; S 1 D 2  END                    0.0639   -0.00732  0.06348
  10.    10   D 1 - 3 ; D 1 - 4 ; D 1 - 3 ; D 1  END                                    0.0594    0.05938
  11.    11   D 1 - 3 S 5 ; D 1 - 3 S 4 ; D 1 S 2 D 3 ; D 1 S 2  END                    0.0547    0.00412 -0.05453
  12.    12   D 1 - 3 S 4 ; D 1 S 2 D 3 ; D 1 - 2 S 3 ; D 1 - 2 S 4  END                0.0523   -0.01340  0.05056
  13.    13   D 1 - 3 ; D 1 - 3 S 4 - 5 ; D 1 - 3 ; S 1 - 2  END                        0.0521    0.00132  0.05207
  14.    14   D 1 - 2 S 3 ; D 1 - 3 S 4 ; D 1 - 3 S 4 ; D 1 S 2  END                    0.0519   -0.00262  0.05185
  15.    15   D 1 - 3 S 5 ; D 1 - 2 S 3 ; D 1 S 2 D 3 ; D 1 - 2 S 3  END                0.0511    0.00448  0.05086
  16.    16   D 1 - 2 S 3 - 4 ; D 1 - 3 ; D 1 - 3 ; D 1 S 2 - 3  END                    0.0506    0.00769 -0.05006
  17.    17   D 1 - 3 ; D 1 - 2 S 3 - 4 ; D 1 - 2 S 3 - 4 ; D 1 - 2  END                0.0506    0.00769 -0.05006
  18.    18   D 1 - 4 ; D 1 - 3 ; D 1 - 3 ; D 1  END                                    0.0479    0.04787
  19.    19   D 1 - 3 ; D 1 - 4 ; D 1 - 2 ; D 1 - 2  END                                0.0479    0.04787
  20.    20   D 1 - 3 S 4 - 5 ; D 1 - 3 ; D 1 - 2 ; D 1 - 2  END                        0.0426   -0.04257
  21.    21   D 1 - 4 ; D 1 - 3 ; D 1 S 2 - 3 ; D 1 - 2  END                            0.0426    0.04257
  22.    22   D 1 - 3 ; D 1 - 2 S 3 S 5 ; D 1 - 3 ; S 1 D 2 S 3  END                    0.0401    0.00308 -0.03997
  23.    23   D 1 S 2 D 3 S 4 ; D 1 - 3 ; D 1 - 2 S 3 S 5 ; D 1 - 2  END                0.0400    0.01356  0.03759
  24.    24   D 1 - 2 S 3 ; D 1 - 2 S 3 ; D 1 - 3 S 4 ; D 1 - 2 S 3  END                0.0393    0.00661 -0.03875
  25.    25   D 1 - 3 ; D 1 S 2 D 3 S 4 ; D 1 - 3 ; D 1 S 2 S 4  END                    0.0392    0.01834  0.03461
  26.    26   D 1 - 2 S 3 S 5 ; D 1 - 3 ; D 1 S 2 D 3 S 4 ; D 1 - 2  END                0.0388    0.00269  0.03869
  27.    27   D 1 - 3 S 6 ; D 1 - 2 S 3 ; S 1 D 2 - 3 ; D 1 - 2 S 3  END                0.0374   -0.00238 -0.03735
  28.    28   S 1 D 2 - 3 S 4 ; D 1 - 3 ; D 1 - 2 S 3 S 6 ; D 1 - 2  END                0.0367   -0.01663 -0.03269
  29.    29   D 1 - 3 S 4 ; D 1 - 3 S 5 ; D 1 - 2 S 3 ; D 1 S 2  END                    0.0364   -0.00335  0.03624
  30.    30   D 1 - 3 S 4 ; D 1 - 3 S 4 ; D 1 - 2 S 3 ; S 1 D 2  END                    0.0364    0.00335 -0.03624
  31.    31   D 1 - 3 S 4 S 6 ; D 1 - 3 ; D 1 - 3 ; S 1 - 2  END                        0.0357    0.00001 -0.03574
  32.    32   D 1 - 3 ; D 1 - 3 S 4 - 5 ; S 1 D 2 S 3 ; D 1 - 2  END                    0.0357    0.00001 -0.03574
  33.    33   D 1 - 3 S 6 ; D 1 - 3 S 4 ; S 1 D 2 - 3 ; D 1 S 2  END                    0.0352   -0.00062  0.03524
  34.    34   D 1 - 3 S 4 ; D 1 - 2 S 3 ; D 1 - 3 S 4 ; D 1 S 2  END                    0.0339    0.00711 -0.03317
  35.    35   D 1 - 2 S 3 ; D 1 - 3 S 4 ; D 1 - 2 S 3 ; D 1 - 2 S 3  END                0.0339    0.00711 -0.03317
  36.    36   D 1 - 3 D 5 ; D 1 - 3 ; D 1 D 3 ; D 1 - 2  END                            0.0333    0.03325
  37.    37   D 1 - 2 S 3 ; D 1 - 3 S 4 ; D 1 S 2 D 3 ; D 1 - 2 S 3  END                0.0332   -0.00386  0.03298
  38.    38   D 1 - 3 S 5 ; D 1 - 2 S 3 ; D 1 - 3 S 4 ; D 1 S 2  END                    0.0332   -0.00386  0.03298
  39.    39   D 1 - 3 S 4 ; D 1 - 3 S 5 ; S 1 D 2 - 3 ; D 1 S 2  END                    0.0328   -0.00130 -0.03282
  40.    40   D 1 - 3 S 6 ; D 1 - 3 S 4 ; D 1 - 2 S 3 ; S 1 D 2  END                    0.0328   -0.00130 -0.03282
  41.    41   D 1 - 3 S 4 ; S 1 D 2 - 3 ; D 1 - 2 S 3 ; D 1 - 2 S 5  END                0.0322    0.01339 -0.02928
  42.    42   D 1 - 2 S 3 ; D 1 - 3 S 5 ; D 1 - 3 S 4 ; S 1 D 2  END                    0.0316    0.00256 -0.03153
  43.    43   D 1 - 3 ; D 1 - 2 ; D 1 - 3 ; D 1 - 3  END                                0.0308    0.03083
  44.    44   D 1 - 3 S 5 ; D 1 - 3 S 5 ; D 1 S 2 D 3 ; S 1 D 2  END                    0.0307   -0.00029  0.03070
  45.    45   D 1 - 3 S 4 ; D 1 S 2 D 3 ; D 1 S 2 D 3 ; D 1 - 2 S 3  END                0.0301    0.00515  0.02970
  46.    46   D 1 - 3 S 5 ; D 1 - 2 S 3 ; D 1 - 2 S 3 ; D 1 - 2 S 4  END                0.0301    0.00515  0.02970
  47.    47   D 1 - 3 S 4 - 5 ; D 1 - 3 ; D 1 - 3 ; D 1  END                            0.0301    0.03013
  48.    48   D 1 - 3 ; D 1 - 4 ; D 1 S 2 - 3 ; D 1 - 2  END                            0.0301   -0.03013
  49.    49   D 1 - 3 S 4 ; D 1 S 2 D 3 ; D 1 - 3 S 4 ; D 1 S 2  END                    0.0290    0.01392  0.02543
  50.    50   D 1 - 2 S 3 ; D 1 - 3 S 4 ; D 1 - 2 S 3 ; D 1 - 2 S 4  END                0.0290    0.01392  0.02543
  51.    51   D 1 - 3 S 5 ; D 1 - 3 S 4 ; D 1 - 2 S 3 ; D 1 S 2  END                    0.0289    0.00631  0.02822
  52.    52   D 1 - 3 S 4 ; D 1 - 3 S 4 ; D 1 S 2 D 3 ; D 1 S 2  END                    0.0289    0.00631  0.02822
  53.    53   D 1 - 3 S 5 ; D 1 - 3 S 4 ; D 1 - 2 S 3 ; S 1 D 2  END                    0.0285    0.00008 -0.02848
  54.    54   D 1 - 3 S 4 ; D 1 - 3 S 5 ; D 1 S 2 D 3 ; D 1 S 2  END                    0.0285   -0.00008  0.02848
  55.    55   D 1 - 3 ; D 1 S 2 - 3 ; D 1 - 3 ; D 1 - 2 S 3 - 4  END                    0.0281   -0.00920 -0.02650
  56.    56   D 1 - 2 S 3 S 5 ; D 1 - 3 ; D 1 - 3 ; D 1 S 2 - 3  END                    0.0270   -0.00351  0.02674
  57.    57   D 1 - 3 ; D 1 - 2 S 3 - 4 ; D 1 S 2 D 3 S 4 ; D 1 - 2  END                0.0270   -0.00351  0.02674
  58.    58   D 1 S 2 D 3 ; D 1 - 3 S 4 ; D 1 - 3 S 5 ; D 1 S 2  END                    0.0266   -0.01004  0.02464
  59.    59   D 1 - 3 S 5 - 6 ; D 1 - 3 ; S 1 - 2 D 3 ; D 1 - 2  END                    0.0266   -0.00046  0.02656
  60.    60   D 1 - 3 S 5 ; D 1 S 2 D 3 ; D 1 S 2 D 3 ; D 1 - 2 S 4  END                0.0263   -0.00699  0.02540
  61.    61   D 1 - 3 S 4 S 6 ; D 1 - 3 ; D 1 S 2 - 3 ; D 1 - 2  END                    0.0262    0.00249  0.02605
  62.    62   D 1 - 3 S 4 - 5 ; D 1 - 3 ; S 1 D 2 S 3 ; D 1 - 2  END                    0.0262   -0.00249 -0.02605
  63.    63   D 1 - 3 S 5 - 6 ; D 1 - 3 ; D 1 S 2 - 3 ; D 1 - 2  END                    0.0261    0.00119  0.02603
  64.    64   D 1 - 3 S 4 - 5 ; D 1 - 3 ; S 1 - 2 D 3 ; D 1 - 2  END                    0.0261   -0.00119 -0.02603
  65.    65   D 1 - 3 S 4 ; D 1 S 2 D 3 ; D 1 - 2 S 3 ; D 1 - 2 S 3  END                0.0253    0.01503  0.02038
  66.    66   D 1 - 3 S 4 ; D 1 - 2 S 3 ; D 1 - 2 S 3 ; D 1 - 2 S 4  END                0.0253    0.01503  0.02038
  67.    67   D 1 - 2 S 3 S 5 ; D 1 - 3 ; D 1 - 3 ; S 1 D 2 S 3  END                    0.0249    0.00225 -0.02482
  68.    68   D 1 - 3 ; D 1 - 2 S 3 S 5 ; D 1 S 2 D 3 S 4 ; D 1 - 2  END                0.0249   -0.00225  0.02482
  69.    69   D 1 - 2 S 3 ; D 1 S 2 D 3 ; D 1 - 3 S 4 ; D 1 - 2 S 4  END                0.0246    0.00718 -0.02358
  70.    70   D 1 - 4 ; D 1 - 4 ; D 1 - 2 ; D 1  END                                    0.0244   -0.02443
  71.    71   D 1 - 3 D 5 ; D 1 - 3 ; D 1 - 2 ; D 1 - 2  END                            0.0244    0.02440
  72.    72   D 1 - 4 ; D 1 - 3 ; D 1 D 3 ; D 1 - 2  END                                0.0244    0.02440
  73.    73   D 1 - 3 S 5 ; D 1 - 3 S 4 ; D 1 S 2 D 3 ; S 1 D 2  END                    0.0241    0.00138  0.02408
  74.    74   D 1 - 3 S 5 ; D 1 - 3 S 5 ; D 1 S 2 D 3 ; D 1 S 2  END                    0.0241   -0.00138 -0.02408
  75.    75   D 1 S 2 D 3 S 5 ; D 1 - 3 ; D 1 S 2 D 3 S 5 ; D 1 - 2  END                0.0238    0.01398  0.01930
  76.    76   D 1 - 3 ; D 1 - 3 ; D 1 - 2 S 3 - 4 ; D 1 - 2  END                        0.0238   -0.02377
  77.    77   D 1 - 2 S 3 - 4 ; D 1 - 3 ; D 1 - 3 ; D 1 - 2  END                        0.0238    0.02377
  78.    78   D 1 - 3 ; D 1 - 3 ; D 1 - 2 S 3 - 4 ; D 1 S 2 - 3  END                    0.0236   -0.00303 -0.02343
  79.    79   D 1 - 2 S 3 - 4 ; D 1 - 2 S 3 - 4 ; D 1 - 3 ; D 1 - 2  END                0.0236   -0.00303 -0.02343
  80.    80   D 1 - 4 ; D 1 - 2 S 3 - 4 ; D 1 - 2 ; D 1 S 2 - 3  END                    0.0236    0.00333 -0.02335
  81.    81   D 1 - 3 ; S 1 D 2 - 3 S 4 ; D 1 - 3 ; D 1 S 2 S 5  END                    0.0234   -0.01056 -0.02083
  82.    82   D 1 - 2 ; D 1 - 3 ; D 1 - 4 ; D 1 - 2  END                                0.0234    0.02335
  83.    83   D 1 - 3 D 5 ; D 1 - 3 ; S 1 D 2 S 3 ; D 1 - 2  END                        0.0232    0.02319
  84.    84   D 1 - 3 S 4 S 6 ; D 1 - 3 ; D 1 D 3 ; D 1 - 2  END                        0.0232    0.02319
  85.    85   D 1 - 3 S 6 ; D 1 - 3 S 5 ; S 1 D 2 - 3 ; S 1 D 2  END                    0.0229   -0.00052 -0.02290
  86.    86   D 1 - 3 S 6 ; D 1 - 3 S 5 ; D 1 - 2 S 3 ; D 1 S 2  END                    0.0225    0.00096  0.02248
  87.    87   D 1 - 3 S 4 ; D 1 - 3 S 4 ; S 1 D 2 - 3 ; S 1 D 2  END                    0.0225    0.00096  0.02248
  88.    88   D 1 - 3 S 6 ; D 1 - 2 S 3 ; D 1 - 3 S 4 ; S 1 D 2  END                    0.0221    0.00145 -0.02207
  89.    89   D 1 - 2 S 3 ; D 1 - 3 S 5 ; S 1 D 2 - 3 ; D 1 - 2 S 3  END                0.0221    0.00145 -0.02207
  90.    90   D 1 - 3 ; D 1 - 3 S 4 - 5 ; D 1 S 2 - 3 ; D 1 - 2  END                    0.0221    0.00293  0.02188
  91.    91   D 1 - 3 S 4 - 5 ; D 1 - 3 ; D 1 - 3 ; S 1 - 2  END                        0.0221   -0.00293 -0.02188
  92.    92   D 1 S 2 D 3 ; D 1 - 2 S 3 ; D 1 - 3 S 5 ; D 1 - 2 S 3  END                0.0220    0.00904 -0.02006
  93.    93   D 1 - 3 D 5 ; D 1 - 3 ; D 1 - 3 ; S 1 - 2  END                            0.0217   -0.02166
  94.    94   D 1 - 3 ; D 1 - 3 S 4 - 5 ; D 1 D 3 ; D 1 - 2  END                        0.0217   -0.02166
  95.    95   D 1 - 2 S 3 ; D 1 - 3 S 5 ; D 1 S 2 D 3 ; D 1 - 2 S 3  END                0.0215   -0.00203  0.02144
  96.    96   D 1 - 3 S 5 ; D 1 - 2 S 3 ; D 1 - 3 S 4 ; S 1 D 2  END                    0.0215    0.00203 -0.02144
  97.    97   D 1 - 2 S 3 S 5 ; D 1 - 3 ; D 1 - 3 ; D 1 S 2 S 4  END                    0.0214   -0.00196 -0.02131
  98.    98   D 1 - 3 ; D 1 S 2 D 3 S 4 ; D 1 S 2 D 3 S 4 ; D 1 - 2  END                0.0214   -0.00196 -0.02131
  99.    99   D 1 - 3 ; D 1 S 2 D 3 S 4 ; D 1 - 2 S 3 - 4 ; D 1 - 2  END                0.0214    0.01564  0.01460
 100.   100   D 1 - 2 S 3 - 4 ; D 1 - 3 ; D 1 - 3 ; D 1 S 2 S 4  END                    0.0214    0.01564  0.01460




 POSITION OF FIRST SPIN COUPLING FOR TEN MOST IMPORTANT CONFIGURATIONS
       1      2      3      5      7      9     11     13     15     17



 ********************************
 RESULTS FOR ROOT   02
 TOTAL CI ENERGY =   -877.5705749
 ********************************

       CONF.                                                                           COEFF.
        NO.        SPACE ORBITAL PRODUCTS                                             CONTRIB.      CI COEFFICIENTS

       -----       ----------------------                                             --------   ---------------------
   1.     2   D 1 - 4 ; D 1 - 3 ; D 1 - 2 ; D 1 - 2  END                                0.6610   -0.66100
   2.     3   D 1 - 3 S 4 ; D 1 - 3 S 4 ; D 1 - 2 S 3 ; D 1 S 2  END                    0.2693   -0.22401  0.14953
   3.     1   D 1 - 3 ; D 1 - 3 ; D 1 - 3 ; D 1 - 2  END                                0.1957   -0.19570
   4.    77   D 1 - 2 S 3 - 4 ; D 1 - 3 ; D 1 - 3 ; D 1 - 2  END                        0.1737   -0.17370
   5.    76   D 1 - 3 ; D 1 - 3 ; D 1 - 2 S 3 - 4 ; D 1 - 2  END                        0.1737    0.17370
   6.    19   D 1 - 3 ; D 1 - 4 ; D 1 - 2 ; D 1 - 2  END                                0.1598    0.15980
   7.    18   D 1 - 4 ; D 1 - 3 ; D 1 - 3 ; D 1  END                                    0.1598    0.15980
   8.     5   D 1 - 3 S 4 - 5 ; D 1 - 3 ; D 1 S 2 - 3 ; D 1 - 2  END                    0.1309    0.09034  0.09474
   9. 26919   D 1 - 3 ; D 1 - 3 ; D 1 - 3 ; D 1 S 2 - 3  END                            0.1219   -0.12191
  10. 27579   D 1 - 3 ; D 1 - 2 S 3 - 4 ; D 1 - 3 ; D 1 - 2  END                        0.1219    0.12191
  11.     9   D 1 - 3 S 4 ; D 1 - 3 S 5 ; D 1 - 2 S 3 ; S 1 D 2  END                    0.0938    0.06634 -0.06636
  12.     6   D 1 - 3 S 4 S 6 ; D 1 - 3 ; S 1 D 2 S 3 ; D 1 - 2  END                    0.0937   -0.07435 -0.05703
  13.    10   D 1 - 3 ; D 1 - 4 ; D 1 - 3 ; D 1  END                                    0.0798   -0.07981
  14.  1651   D 1 - 4 ; D 1 - 3 ; D 1 - 2 ; D 1 S 2 - 3  END                            0.0785    0.07851
  15.  2106   D 1 - 4 ; D 1 - 2 S 3 - 4 ; D 1 - 2 ; D 1 - 2  END                        0.0785   -0.07851
  16.    51   D 1 - 3 S 5 ; D 1 - 3 S 4 ; D 1 - 2 S 3 ; D 1 S 2  END                    0.0675   -0.00172  0.06746
  17.    52   D 1 - 3 S 4 ; D 1 - 3 S 4 ; D 1 S 2 D 3 ; D 1 S 2  END                    0.0675   -0.00172  0.06746
  18.     4   D 1 - 3 S 4 ; D 1 - 2 S 3 ; D 1 - 2 S 3 ; D 1 - 2 S 3  END                0.0675    0.05765  0.03507
  19. 26359   D 1 - 3 ; D 1 - 3 S 4 - 5 ; D 1 - 2 ; D 1 - 2  END                        0.0608    0.06078
  20.  1600   D 1 - 4 ; D 1 - 3 ; D 1 - 3 ; S 1 - 2  END                                0.0608    0.06078
  21. 27001   D 1 - 3 ; D 1 - 3 ; D 1 - 2 S 3 S 5 ; D 1 - 2  END                        0.0584   -0.05839
  22. 52900   D 1 S 2 D 3 S 4 ; D 1 - 3 ; D 1 - 3 ; D 1 - 2  END                        0.0584    0.05839
  23.    80   D 1 - 4 ; D 1 - 2 S 3 - 4 ; D 1 - 2 ; D 1 S 2 - 3  END                    0.0568    0.00145  0.05678
  24.    72   D 1 - 4 ; D 1 - 3 ; D 1 D 3 ; D 1 - 2  END                                0.0471    0.04712
  25.    71   D 1 - 3 D 5 ; D 1 - 3 ; D 1 - 2 ; D 1 - 2  END                            0.0471    0.04712
  26.    29   D 1 - 3 S 4 ; D 1 - 3 S 5 ; D 1 - 2 S 3 ; D 1 S 2  END                    0.0470    0.04681 -0.00430
  27.    30   D 1 - 3 S 4 ; D 1 - 3 S 4 ; D 1 - 2 S 3 ; S 1 D 2  END                    0.0470   -0.04681  0.00430
  28.    70   D 1 - 4 ; D 1 - 4 ; D 1 - 2 ; D 1  END                                    0.0462    0.04620
  29.  1711   D 1 - 4 ; D 1 - 3 ; D 1 S 2 - 3 ; D 1 S 2 - 3  END                        0.0439    0.00203  0.04390
  30.  5445   D 1 - 3 S 4 - 5 ; D 1 - 2 S 3 - 4 ; D 1 - 2 ; D 1 - 2  END                0.0439    0.00203  0.04390
  31.  1735   D 1 - 4 ; D 1 - 3 ; D 1 S 2 S 4 ; D 1 - 2  END                            0.0425    0.04249
  32. 32830   D 1 - 2 S 3 D 4 S 5 ; D 1 - 3 ; D 1 - 2 ; D 1 - 2  END                    0.0425   -0.04249
  33.    12   D 1 - 3 S 4 ; D 1 S 2 D 3 ; D 1 - 2 S 3 ; D 1 - 2 S 4  END                0.0425    0.03261 -0.02719
  34.   296   D 1 - 4 S 5 ; D 1 - 3 S 4 ; D 1 S 2 ; D 1 S 2  END                        0.0423    0.01200 -0.04053
  35.    11   D 1 - 3 S 5 ; D 1 - 3 S 4 ; D 1 S 2 D 3 ; D 1 S 2  END                    0.0412   -0.02627  0.03176
  36.  1535   D 1 - 4 ; D 1 - 3 S 4 - 5 ; D 1 - 2 ; S 1 - 2  END                        0.0375    0.00597  0.03699
  37. 33237   D 1 - 2 S 3 D 4 ; D 1 - 3 S 4 ; D 1 - 2 S 4 ; D 1 S 2  END                0.0360   -0.00169  0.03600
  38. 46726   D 1 - 2 D 4 ; D 1 - 3 ; D 1 - 3 ; D 1 - 2  END                            0.0356    0.03564
  39. 27027   D 1 - 3 ; D 1 - 3 ; D 1 - 2 D 4 ; D 1 - 2  END                            0.0356    0.03564
  40.  9231   D 1 - 3 S 4 ; D 1 - 3 S 4 ; D 1 - 2 S 3 ; D 1 S 3  END                    0.0342   -0.01305  0.03159
  41. 10136   D 1 - 3 S 4 ; D 1 - 2 S 3 D 4 ; D 1 - 2 S 3 ; D 1 S 2  END                0.0342   -0.01305  0.03159
  42.     8   D 1 - 2 S 3 - 4 ; D 1 - 3 ; D 1 - 2 S 3 - 4 ; D 1 - 2  END                0.0339   -0.01278 -0.03140
  43. 33226   D 1 - 2 S 3 D 4 ; D 1 - 3 S 4 ; D 1 - 2 S 3 ; D 1 S 2  END                0.0330    0.03054 -0.01258
  44.  9252   D 1 - 3 S 4 ; D 1 - 3 S 4 ; D 1 - 2 S 4 ; D 1 S 2  END                    0.0330    0.03054 -0.01258
  45.    28   S 1 D 2 - 3 S 4 ; D 1 - 3 ; D 1 - 2 S 3 S 6 ; D 1 - 2  END                0.0330    0.01839  0.02740
  46.   403   D 1 - 4 S 5 ; D 1 - 2 S 3 ; D 1 S 2 ; D 1 - 2 S 3  END                    0.0327    0.00101  0.03270
  47.    79   D 1 - 2 S 3 - 4 ; D 1 - 2 S 3 - 4 ; D 1 - 3 ; D 1 - 2  END                0.0324   -0.00306 -0.03221
  48.    78   D 1 - 3 ; D 1 - 3 ; D 1 - 2 S 3 - 4 ; D 1 S 2 - 3  END                    0.0324   -0.00306 -0.03221
  49.    50   D 1 - 2 S 3 ; D 1 - 3 S 4 ; D 1 - 2 S 3 ; D 1 - 2 S 4  END                0.0321    0.02351  0.02182
  50.    49   D 1 - 3 S 4 ; D 1 S 2 D 3 ; D 1 - 3 S 4 ; D 1 S 2  END                    0.0321    0.02351  0.02182
  51.    23   D 1 S 2 D 3 S 4 ; D 1 - 3 ; D 1 - 2 S 3 S 5 ; D 1 - 2  END                0.0318   -0.01987 -0.02482
  52.    39   D 1 - 3 S 4 ; D 1 - 3 S 5 ; S 1 D 2 - 3 ; D 1 S 2  END                    0.0318   -0.00779 -0.03079
  53.    40   D 1 - 3 S 6 ; D 1 - 3 S 4 ; D 1 - 2 S 3 ; S 1 D 2  END                    0.0318   -0.00779 -0.03079
  54.    33   D 1 - 3 S 6 ; D 1 - 3 S 4 ; S 1 D 2 - 3 ; D 1 S 2  END                    0.0315    0.01732 -0.02633
  55.    65   D 1 - 3 S 4 ; D 1 S 2 D 3 ; D 1 - 2 S 3 ; D 1 - 2 S 3  END                0.0305    0.02672  0.01470
  56.    66   D 1 - 3 S 4 ; D 1 - 2 S 3 ; D 1 - 2 S 3 ; D 1 - 2 S 4  END                0.0305    0.02672  0.01470
  57.  2626   D 1 - 4 ; D 1 S 2 D 3 S 4 ; D 1 - 2 ; D 1 S 2 S 4  END                    0.0298    0.01520  0.02567
  58. 32851   D 1 - 2 S 3 D 4 S 5 ; D 1 - 3 ; D 1 S 2 S 4 ; D 1 - 2  END                0.0296    0.00181  0.02953
  59. 39705   D 1 - 2 S 3 S 5 ; D 1 - 3 ; D 1 - 3 ; D 1 - 2  END                        0.0291    0.02906
  60. 27083   D 1 - 3 ; D 1 - 3 ; D 1 S 2 D 3 S 4 ; D 1 - 2  END                        0.0291   -0.02906
  61.   915   D 1 - 4 S 6 ; D 1 - 3 S 4 ; S 1 D 2 ; D 1 S 2  END                        0.0288   -0.00805  0.02762
  62. 33513   D 1 - 2 S 3 D 4 ; D 1 - 2 S 3 ; D 1 - 2 S 4 ; D 1 - 2 S 3  END            0.0284    0.00563 -0.02779
  63.  4941   D 1 - 3 S 4 - 5 ; D 1 - 3 ; D 1 - 2 ; D 1 S 2 - 3  END                    0.0282   -0.00622  0.02747
  64.  2144   D 1 - 4 ; D 1 - 2 S 3 - 4 ; D 1 S 2 - 3 ; D 1 - 2  END                    0.0282   -0.00622  0.02747
  65.    62   D 1 - 3 S 4 - 5 ; D 1 - 3 ; S 1 D 2 S 3 ; D 1 - 2  END                    0.0281    0.02790  0.00303
  66.    61   D 1 - 3 S 4 S 6 ; D 1 - 3 ; D 1 S 2 - 3 ; D 1 - 2  END                    0.0281   -0.02790 -0.00303
  67. 25923   D 1 - 3 ; D 1 - 4 ; D 1 - 3 ; S 1 - 2  END                                0.0276   -0.02762
  68. 26312   D 1 - 3 ; D 1 - 3 S 4 - 5 ; D 1 - 3 ; D 1  END                            0.0276   -0.02762
  69.  1615   D 1 - 4 ; D 1 - 3 ; D 1 - 2 S 3 - 4 ; S 1 - 2  END                        0.0273    0.02087  0.01765
  70. 35925   D 1 - 2 S 3 - 4 ; D 1 - 3 S 4 - 5 ; D 1 - 2 ; D 1 - 2  END                0.0273   -0.02087 -0.01765
  71.    91   D 1 - 3 S 4 - 5 ; D 1 - 3 ; D 1 - 3 ; S 1 - 2  END                        0.0272   -0.01092 -0.02495
  72.    90   D 1 - 3 ; D 1 - 3 S 4 - 5 ; D 1 S 2 - 3 ; D 1 - 2  END                    0.0272    0.01092  0.02495
  73.    31   D 1 - 3 S 4 S 6 ; D 1 - 3 ; D 1 - 3 ; S 1 - 2  END                        0.0272   -0.00646 -0.02643
  74.    32   D 1 - 3 ; D 1 - 3 S 4 - 5 ; S 1 D 2 S 3 ; D 1 - 2  END                    0.0272   -0.00646 -0.02643
  75.    47   D 1 - 3 S 4 - 5 ; D 1 - 3 ; D 1 - 3 ; D 1  END                            0.0272    0.02718
  76.    48   D 1 - 3 ; D 1 - 4 ; D 1 S 2 - 3 ; D 1 - 2  END                            0.0272   -0.02718
  77.  1604   D 1 - 4 ; D 1 - 3 ; D 1 - 3 ; D 2  END                                    0.0266    0.02664
  78. 26811   D 1 - 3 ; D 1 - 3 D 5 ; D 1 - 2 ; D 1 - 2  END                            0.0266    0.02664
  79.   100   D 1 - 2 S 3 - 4 ; D 1 - 3 ; D 1 - 3 ; D 1 S 2 S 4  END                    0.0264    0.01727  0.01995
  80.    99   D 1 - 3 ; D 1 S 2 D 3 S 4 ; D 1 - 2 S 3 - 4 ; D 1 - 2  END                0.0264    0.01727  0.01995
  81.  2349   D 1 - 4 ; D 1 - 2 S 3 S 5 ; D 1 - 2 ; S 1 D 2 S 3  END                    0.0262    0.00085 -0.02615
  82.    41   D 1 - 3 S 4 ; S 1 D 2 - 3 ; D 1 - 2 S 3 ; D 1 - 2 S 5  END                0.0260   -0.01608  0.02038
  83.    13   D 1 - 3 ; D 1 - 3 S 4 - 5 ; D 1 - 3 ; S 1 - 2  END                        0.0259   -0.01497 -0.02118
  84.  8171   D 1 - 3 S 4 S 6 ; D 1 S 2 D 3 S 4 ; D 1 - 2 ; D 1 - 2  END                0.0257   -0.01099 -0.02325
  85.  1857   D 1 - 4 ; D 1 - 3 ; S 1 D 2 S 3 ; D 1 S 2 S 4  END                        0.0257    0.01099  0.02325
  86. 33270   D 1 - 2 S 3 D 4 ; D 1 - 3 S 4 ; D 1 S 2 ; D 1 - 2 S 3  END                0.0245   -0.00590  0.02380
  87.   376   D 1 - 4 S 5 ; D 1 - 2 S 3 ; D 1 - 2 S 4 ; D 1 S 2  END                    0.0245   -0.00590  0.02380
  88. 37057   D 1 - 2 S 3 - 4 ; D 1 S 2 D 3 S 4 ; D 1 - 3 ; D 1 - 2  END                0.0240    0.02385  0.00296
  89. 26968   D 1 - 3 ; D 1 - 3 ; D 1 - 2 S 3 - 4 ; D 1 S 2 S 4  END                    0.0240    0.02385  0.00296
  90. 22714   D 1 - 3 S 6 ; D 1 - 3 S 4 ; D 1 - 2 S 3 ; D 1 S 2  END                    0.0238   -0.00485 -0.02335
  91.  9442   D 1 - 3 S 4 ; D 1 - 3 S 4 ; S 1 D 2 - 3 ; D 1 S 2  END                    0.0238    0.00485  0.02335
  92.   325   D 1 - 4 S 5 ; D 1 - 3 S 5 ; D 1 S 2 ; S 1 D 2  END                        0.0237   -0.00276  0.02351
  93. 16643   D 1 - 3 S 5 - 6 ; D 1 - 3 ; D 1 - 2 ; D 1 - 2  END                        0.0234    0.02343
  94.  1895   D 1 - 4 ; D 1 - 3 ; S 1 - 2 D 3 ; D 1 - 2  END                            0.0234    0.02343
  95.   115   D 1 - 5 ; D 1 - 3 ; D 1 ; D 1 - 2  END                                    0.0233    0.02330
  96.  1855   D 1 - 4 ; D 1 - 3 ; S 1 D 2 S 3 ; D 1 - 2  END                            0.0232    0.02324
  97.  7388   D 1 - 3 S 4 S 6 ; D 1 - 3 ; D 1 - 2 ; D 1 - 2  END                        0.0232    0.02324
  98.  9840   D 1 - 3 S 4 ; D 1 - 3 S 5 ; D 1 S 2 ; D 1 - 2 S 3  END                    0.0232   -0.00304  0.02304
  99.   370   D 1 - 4 S 5 ; D 1 - 2 S 3 ; D 1 - 2 S 3 ; S 1 D 2  END                    0.0232    0.00304 -0.02304
 100.  1653   D 1 - 4 ; D 1 - 3 ; D 1 - 2 ; D 1 S 2 S 5  END                            0.0231    0.02310




 POSITION OF FIRST SPIN COUPLING FOR TEN MOST IMPORTANT CONFIGURATIONS
       2      3      1    138    137     33     32      7 123145 124861



 ELAPSED TIME =     271.63 CPU SECONDS. (    271.66 WALL CLOCK SECONDS)
