 ************************************************************************
 * RTSIM - DAVIDSON METHOD SPARSE MATRIX EIGENVALUE/EIGENVECTOR PROGRAM *
 * QUANTUM CHEMISTRY GROUP - INDIANA UNIVERSITY - 29Aug 2010  13:12:36  *
 ************************************************************************



                 DIAGONALIZATION RUN TITLE
                 -------------------------
 )* WATER TEST *



 ) DAVIDSON
 ) LAST=2
 ) COEFF
 ) NOVLP
 ) MAXITR=1000 END

 THE CI MATRIX IS TITLED:  H2O  -SINGLET A1-  STO-3G HF SD-CI TEST
 THE MATRIX IS DATED:     29Aug 2010  13:11:56 
 THE SPIN MULTIPLICITY IS 1 AND THE DIMENSION IS 227869.

 ROOTS  1 THROUGH  2 WILL BE OBTAINED.

  
  
  
 AMOUNT OF CORE AVAILABLE                      30000000
 MAXIMUM NUMBER OF VECTORS PER ITERATION              2
 MAXIMUM NUMBER OF VECTORS ON DISK                   16
 NUMBER OF SOLUTIONS SOUGHT                           2
 NUMBER OF SOLUTIONS INVESTIGATED                     2
 SIZE OF MATRIX DIAGONALISED                     227869
  
  
 INITIAL GUESS AT ROOTS (OBTAINED FROM DIAGONAL ELEMENTS OF HAMILTONIAN MATRIX)

                1        -877.18879
                2        -872.77545


 ITERATION       ROOT           EIGENVALUE          NORM OF RESIDUAL
     1             1          -877.32227780              6.29324
     1             2          -872.64196295              7.22052
     2             1          -879.75310685              7.05872
     2             2          -875.75317789              9.88953
     2             1          -879.75310685              3.31030
     2             2          -875.75317789              4.80561
     3             1          -880.23332836              4.55681
     3             2          -876.90387627              7.52440
     3             1          -880.23332836              1.51107
     3             2          -876.90387627              2.77800
     4             1          -880.33172072              2.53569
     4             2          -877.23141622              4.58088
     4             1          -880.33172072              0.71977
     4             2          -877.23141622              1.61912
     5             1          -880.35268212              1.34599
     5             2          -877.35736426              3.78175
     5             1          -880.35268212              0.34919
     5             2          -877.35736426              1.04791
     6             1          -880.35688415              0.62820
     6             2          -877.40982698              3.09095
     6             1          -880.35688415              0.16814
     6             2          -877.40982698              0.68614
     7             1          -880.35784973              0.35323
     7             2          -877.42915107              2.16521
     7             1          -880.35784973              0.08669
     7             2          -877.42915107              0.42661
     8             1          -880.35812243              0.22025
     8             2          -877.43720462              1.57334
  truncating with vlp=false 
 TRUNCATION TO 1 VECTOR PER ROOT HAS BEEN PERFORMED
     8             1          -880.35812243              0.04860
     8             2          -877.43720462              0.29107
     9             1          -880.35818290              0.04704
     9             2          -877.43982128              0.35007
     9             1          -880.35818290              0.02722
     9             2          -877.43982128              0.19079
    10             1          -880.35821338              0.08900
    10             2          -877.44204462              1.01457
    10             1          -880.35821338              0.01750
    10             2          -877.44204462              0.17265
    11             1          -880.35822382              0.05998
    11             2          -877.44318215              0.89674
    11             1          -880.35822382              0.00970
    11             2          -877.44318215              0.12263
    12             1          -880.35822676              0.03088
    12             2          -877.44376741              0.65391
    12             1          -880.35822676              0.00485
    12             2          -877.44376741              0.11798
    13             1          -880.35822747              0.01460
    13             2          -877.44438081              0.72076
    13             1          -880.35822747              0.00249
    13             2          -877.44438081              0.08023
    14             1          -880.35822766              0.00764
    14             2          -877.44467333              0.49980
    14             1          -880.35822766              0.00120
    14             2          -877.44467333              0.05373
    15             1          -880.35822771              0.00398
    15             2          -877.44481446              0.36186
  truncating with vlp=false 
 TRUNCATION TO 1 VECTOR PER ROOT HAS BEEN PERFORMED
    15             1          -880.35822771              0.00051
    15             2          -877.44481446              0.03323
    16             1          -880.35822771              0.00050
    16             2          -877.44485422              0.05143
    16             1          -880.35822771              0.00023
    16             2          -877.44485422              0.02039
    17             1          -880.35822772              0.00056
    17             2          -877.44488615              0.11348
    17             1          -880.35822772              0.00013
    17             2          -877.44488615              0.02070
    18             1          -880.35822772              0.00042
    18             2          -877.44491638              0.19235
    18             1          -880.35822772              0.00007
    18             2          -877.44491638              0.01868
     ROOT    ITERATION     NUMBER OF PRODUCTS       EIGENVALUE
       1        18                34                -880.3582277156


    19             2          -877.44492783              0.10626
    19             2          -877.44492783              0.01242
    20             2          -877.44493289              0.06081
    20             2          -877.44493289              0.01151
    21             2          -877.44493869              0.07034
    21             2          -877.44493869              0.00744
    22             2          -877.44494114              0.04263
    22             2          -877.44494114              0.00586
    23             2          -877.44494287              0.04106
    23             2          -877.44494287              0.00348
    24             2          -877.44494338              0.01797
    24             2          -877.44494338              0.00246
    25             2          -877.44494371              0.01704
    25             2          -877.44494371              0.00172
    26             2          -877.44494382              0.00833
  truncating with vlp=false 
 TRUNCATION TO 1 VECTOR PER ROOT HAS BEEN PERFORMED
    26             2          -877.44494382              0.00107
    27             2          -877.44494386              0.00104
    27             2          -877.44494386              0.00070
    28             2          -877.44494389              0.00329
    28             2          -877.44494389              0.00049
    29             2          -877.44494390              0.00193
    29             2          -877.44494390              0.00034
    30             2          -877.44494390              0.00114
    30             2          -877.44494390              0.00027
    31             2          -877.44494390              0.00141
    31             2          -877.44494390              0.00022
    32             2          -877.44494390              0.00099
    32             2          -877.44494390              0.00017
    33             2          -877.44494391              0.00083
    33             2          -877.44494391              0.00011
    34             2          -877.44494391              0.00050
    34             2          -877.44494391              0.00007
     ROOT    ITERATION     NUMBER OF PRODUCTS       EIGENVALUE
       2        34                50                -877.4449439062


  all roots converged 
  

 ************************************
 COMPLETED CI VECTOR OPTIMISATION
 ************************************





 ********************************
 RESULTS FOR ROOT   01
 TOTAL CI ENERGY =   -880.3582277
 ********************************

       CONF.                                                                           COEFF.
        NO.        SPACE ORBITAL PRODUCTS                                             CONTRIB.      CI COEFFICIENTS

       -----       ----------------------                                             --------   ---------------------
   1.     1   D 1 - 3 ; D 1 - 3 ; D 1 - 3 ; D 1 - 2  END                                0.8520   -0.85197
   2.     2   D 1 - 4 ; D 1 - 3 ; D 1 - 2 ; D 1 - 2  END                                0.2016    0.20164
   3.     3   D 1 - 3 S 4 ; D 1 - 3 S 4 ; D 1 - 2 S 3 ; D 1 S 2  END                    0.1397    0.01978 -0.13828
   4.     4   D 1 - 3 S 4 ; D 1 - 2 S 3 ; D 1 - 2 S 3 ; D 1 - 2 S 3  END                0.0975    0.01173  0.09679
   5.     5   D 1 - 3 S 4 - 5 ; D 1 - 3 ; D 1 S 2 - 3 ; D 1 - 2  END                    0.0879   -0.01240 -0.08697
   6.     6   D 1 - 3 S 4 S 6 ; D 1 - 3 ; S 1 D 2 S 3 ; D 1 - 2  END                    0.0745    0.00715  0.07420
   7.     7   D 1 - 3 ; D 1 - 2 S 3 - 4 ; D 1 - 3 ; D 1 S 2 - 3  END                    0.0717   -0.00738  0.07133
   8.     8   D 1 - 2 S 3 - 4 ; D 1 - 3 ; D 1 - 2 S 3 - 4 ; D 1 - 2  END                0.0708    0.02093  0.06762
   9.     9   D 1 - 3 S 4 ; D 1 - 3 S 5 ; D 1 - 2 S 3 ; S 1 D 2  END                    0.0655   -0.00812  0.06502
  10.    10   D 1 - 3 ; D 1 - 4 ; D 1 - 3 ; D 1  END                                    0.0604    0.06045
  11.    11   D 1 - 3 S 5 ; D 1 - 3 S 4 ; D 1 S 2 D 3 ; D 1 S 2  END                    0.0549    0.00493 -0.05465
  12.    12   D 1 - 3 S 4 ; D 1 S 2 D 3 ; D 1 - 2 S 3 ; D 1 - 2 S 4  END                0.0534   -0.01381  0.05154
  13.    13   D 1 - 2 S 3 ; D 1 - 3 S 4 ; D 1 - 3 S 4 ; D 1 S 2  END                    0.0526   -0.00258  0.05258
  14.    15   D 1 - 3 S 5 ; D 1 - 2 S 3 ; D 1 S 2 D 3 ; D 1 - 2 S 3  END                0.0519    0.00471  0.05171
  15.    14   D 1 - 3 ; D 1 - 3 S 4 - 5 ; D 1 - 3 ; S 1 - 2  END                        0.0519    0.00169  0.05188
  16.    17   D 1 - 3 ; D 1 - 2 S 3 - 4 ; D 1 - 2 S 3 - 4 ; D 1 - 2  END                0.0508    0.00821 -0.05009
  17.    16   D 1 - 2 S 3 - 4 ; D 1 - 3 ; D 1 - 3 ; D 1 S 2 - 3  END                    0.0508    0.00821 -0.05009
  18.    19   D 1 - 3 ; D 1 - 4 ; D 1 - 2 ; D 1 - 2  END                                0.0462    0.04624
  19.    18   D 1 - 4 ; D 1 - 3 ; D 1 - 3 ; D 1  END                                    0.0462    0.04624
  20.    20   D 1 - 4 ; D 1 - 3 ; D 1 S 2 - 3 ; D 1 - 2  END                            0.0422    0.04223
  21.    21   D 1 - 3 S 4 - 5 ; D 1 - 3 ; D 1 - 2 ; D 1 - 2  END                        0.0422   -0.04223
  22.    23   D 1 - 3 ; D 1 - 2 S 3 S 5 ; D 1 - 3 ; S 1 D 2 S 3  END                    0.0407    0.00321 -0.04057
  23.    22   D 1 S 2 D 3 S 4 ; D 1 - 3 ; D 1 - 2 S 3 S 5 ; D 1 - 2  END                0.0406    0.01384  0.03819
  24.    24   D 1 - 3 ; D 1 S 2 D 3 S 4 ; D 1 - 3 ; D 1 S 2 S 4  END                    0.0394    0.01835  0.03487
  25.    25   D 1 - 2 S 3 S 5 ; D 1 - 3 ; D 1 S 2 D 3 S 4 ; D 1 - 2  END                0.0390    0.00266  0.03892
  26.    26   D 1 - 2 S 3 ; D 1 - 2 S 3 ; D 1 - 3 S 4 ; D 1 - 2 S 3  END                0.0386    0.00684 -0.03801
  27.    28   D 1 - 3 S 6 ; D 1 - 2 S 3 ; S 1 D 2 - 3 ; D 1 - 2 S 3  END                0.0377   -0.00256 -0.03762
  28.    27   S 1 D 2 - 3 S 4 ; D 1 - 3 ; D 1 - 2 S 3 S 6 ; D 1 - 2  END                0.0370   -0.01684 -0.03299
  29.    29   D 1 - 3 S 4 ; D 1 - 3 S 4 ; D 1 - 2 S 3 ; S 1 D 2  END                    0.0361    0.00333 -0.03600
  30.    30   D 1 - 3 S 4 ; D 1 - 3 S 5 ; D 1 - 2 S 3 ; D 1 S 2  END                    0.0361   -0.00333  0.03600
  31.    31   D 1 - 3 S 6 ; D 1 - 3 S 4 ; S 1 D 2 - 3 ; D 1 S 2  END                    0.0359   -0.00082  0.03587
  32.    33   D 1 - 3 S 4 S 6 ; D 1 - 3 ; D 1 - 3 ; S 1 - 2  END                        0.0349    0.00030 -0.03490
  33.    32   D 1 - 3 ; D 1 - 3 S 4 - 5 ; S 1 D 2 S 3 ; D 1 - 2  END                    0.0349    0.00030 -0.03490
  34.    34   D 1 - 3 D 5 ; D 1 - 3 ; D 1 D 3 ; D 1 - 2  END                            0.0335    0.03353
  35.    36   D 1 - 3 S 4 ; D 1 - 2 S 3 ; D 1 - 3 S 4 ; D 1 S 2  END                    0.0335    0.00778 -0.03259
  36.    37   D 1 - 2 S 3 ; D 1 - 3 S 4 ; D 1 - 2 S 3 ; D 1 - 2 S 3  END                0.0335    0.00778 -0.03259
  37.    39   D 1 - 2 S 3 ; D 1 - 3 S 4 ; D 1 S 2 D 3 ; D 1 - 2 S 3  END                0.0331   -0.00424  0.03278
  38.    38   D 1 - 3 S 5 ; D 1 - 2 S 3 ; D 1 - 3 S 4 ; D 1 S 2  END                    0.0331   -0.00424  0.03278
  39.    35   D 1 - 3 S 4 ; S 1 D 2 - 3 ; D 1 - 2 S 3 ; D 1 - 2 S 5  END                0.0328    0.01366 -0.02979
  40.    40   D 1 - 2 S 3 ; D 1 - 3 S 5 ; D 1 - 3 S 4 ; S 1 D 2  END                    0.0319    0.00254 -0.03180
  41.   243   D 1 - 3 S 4 ; D 1 - 3 S 5 ; S 1 D 2 - 3 ; D 1 S 2  END                    0.0307   -0.00103 -0.03067
  42.   145   D 1 - 3 S 6 ; D 1 - 3 S 4 ; D 1 - 2 S 3 ; S 1 D 2  END                    0.0307   -0.00103 -0.03067
  43.   191   D 1 - 3 S 5 ; D 1 - 3 S 5 ; D 1 S 2 D 3 ; S 1 D 2  END                    0.0293   -0.00058  0.02930
  44.   414   D 1 - 3 ; D 1 - 2 ; D 1 - 3 ; D 1 - 3  END                                0.0290    0.02897
  45.   463   D 1 - 3 S 4 ; D 1 S 2 D 3 ; D 1 S 2 D 3 ; D 1 - 2 S 3  END                0.0283    0.00509  0.02788
  46.   361   D 1 - 3 S 5 ; D 1 - 2 S 3 ; D 1 - 2 S 3 ; D 1 - 2 S 4  END                0.0283    0.00509  0.02788
  47.   207   D 1 - 3 ; D 1 - 4 ; D 1 S 2 - 3 ; D 1 - 2  END                            0.0277   -0.02771
  48.    71   D 1 - 3 S 4 - 5 ; D 1 - 3 ; D 1 - 3 ; D 1  END                            0.0277    0.02771
  49.   420   D 1 - 3 S 4 ; D 1 S 2 D 3 ; D 1 - 3 S 4 ; D 1 S 2  END                    0.0276    0.01310  0.02427
  50.   707   D 1 - 2 S 3 ; D 1 - 3 S 4 ; D 1 - 2 S 3 ; D 1 - 2 S 4  END                0.0276    0.01310  0.02427
  51.   509   D 1 - 3 ; D 1 S 2 - 3 ; D 1 - 3 ; D 1 - 2 S 3 - 4  END                    0.0266   -0.00889 -0.02509
  52.   174   D 1 - 3 S 4 ; D 1 - 3 S 4 ; D 1 S 2 D 3 ; D 1 S 2  END                    0.0266    0.00585  0.02592
  53.   130   D 1 - 3 S 5 ; D 1 - 3 S 4 ; D 1 - 2 S 3 ; D 1 S 2  END                    0.0266    0.00585  0.02592
  54.   143   D 1 - 3 S 5 ; D 1 - 3 S 4 ; D 1 - 2 S 3 ; S 1 D 2  END                    0.0263    0.00035 -0.02626
  55.   175   D 1 - 3 S 4 ; D 1 - 3 S 5 ; D 1 S 2 D 3 ; D 1 S 2  END                    0.0263   -0.00035  0.02626
  56.   379   D 1 - 3 ; D 1 - 2 S 3 - 4 ; D 1 S 2 D 3 S 4 ; D 1 - 2  END                0.0257   -0.00370  0.02544
  57.   674   D 1 - 2 S 3 S 5 ; D 1 - 3 ; D 1 - 3 ; D 1 S 2 - 3  END                    0.0257   -0.00370  0.02544
  58.   815   D 1 S 2 D 3 ; D 1 - 3 S 4 ; D 1 - 3 S 5 ; D 1 S 2  END                    0.0257   -0.00974  0.02375
  59.   294   D 1 - 3 S 5 - 6 ; D 1 - 3 ; S 1 - 2 D 3 ; D 1 - 2  END                    0.0254   -0.00029  0.02539
  60.   467   D 1 - 3 S 5 ; D 1 S 2 D 3 ; D 1 S 2 D 3 ; D 1 - 2 S 4  END                0.0254   -0.00673  0.02446
  61.   272   D 1 - 3 S 4 - 5 ; D 1 - 3 ; S 1 D 2 S 3 ; D 1 - 2  END                    0.0250   -0.00239 -0.02489
  62.   203   D 1 - 3 S 4 S 6 ; D 1 - 3 ; D 1 S 2 - 3 ; D 1 - 2  END                    0.0250    0.00239  0.02489
  63.   358   D 1 - 3 S 4 ; D 1 - 2 S 3 ; D 1 - 2 S 3 ; D 1 - 2 S 4  END                0.0244    0.01478  0.01945
  64.   449   D 1 - 3 S 4 ; D 1 S 2 D 3 ; D 1 - 2 S 3 ; D 1 - 2 S 3  END                0.0244    0.01478  0.01945
  65.   205   D 1 - 3 S 5 - 6 ; D 1 - 3 ; D 1 S 2 - 3 ; D 1 - 2  END                    0.0240    0.00101  0.02399
  66.   291   D 1 - 3 S 4 - 5 ; D 1 - 3 ; S 1 - 2 D 3 ; D 1 - 2  END                    0.0240   -0.00101 -0.02399
  67.   688   D 1 - 2 S 3 S 5 ; D 1 - 3 ; D 1 - 3 ; S 1 D 2 S 3  END                    0.0235    0.00237 -0.02337
  68.   382   D 1 - 3 ; D 1 - 2 S 3 S 5 ; D 1 S 2 D 3 S 4 ; D 1 - 2  END                0.0235   -0.00237  0.02337
  69.   761   D 1 - 2 S 3 ; D 1 S 2 D 3 ; D 1 - 3 S 4 ; D 1 - 2 S 4  END                0.0234    0.00698 -0.02234
  70.    47   D 1 - 3 ; D 1 - 3 ; D 1 - 2 S 3 - 4 ; D 1 - 2  END                        0.0230   -0.02298
  71.    62   D 1 - 2 S 3 - 4 ; D 1 - 3 ; D 1 - 3 ; D 1 - 2  END                        0.0230    0.02298
  72.   853   D 1 S 2 D 3 S 5 ; D 1 - 3 ; D 1 S 2 D 3 S 5 ; D 1 - 2  END                0.0228    0.01333  0.01846
  73.   546   D 1 - 3 ; S 1 D 2 - 3 S 4 ; D 1 - 3 ; D 1 S 2 S 5  END                    0.0225   -0.01019 -0.02008
  74.   176   D 1 - 3 S 5 ; D 1 - 3 S 5 ; D 1 S 2 D 3 ; D 1 S 2  END                    0.0224   -0.00113 -0.02236
  75.   190   D 1 - 3 S 5 ; D 1 - 3 S 4 ; D 1 S 2 D 3 ; S 1 D 2  END                    0.0224    0.00113  0.02236
  76.   793   D 1 - 2 ; D 1 - 3 ; D 1 - 4 ; D 1 - 2  END                                0.0222    0.02220
  77.   261   D 1 - 3 S 6 ; D 1 - 3 S 5 ; S 1 D 2 - 3 ; S 1 D 2  END                    0.0220   -0.00037 -0.02198
  78.   222   D 1 - 4 ; D 1 - 3 ; D 1 D 3 ; D 1 - 2  END                                0.0219    0.02188
  79.   157   D 1 - 3 D 5 ; D 1 - 3 ; D 1 - 2 ; D 1 - 2  END                            0.0219    0.02188
  80.   740   D 1 - 2 S 3 - 4 ; D 1 - 2 S 3 - 4 ; D 1 - 3 ; D 1 - 2  END                0.0218   -0.00351 -0.02152
  81.   134   D 1 - 3 ; D 1 - 3 ; D 1 - 2 S 3 - 4 ; D 1 S 2 - 3  END                    0.0218   -0.00351 -0.02152
  82. 11107   D 1 - 4 ; D 1 - 4 ; D 1 - 2 ; D 1  END                                    0.0214   -0.02143
  83.   256   D 1 - 3 S 4 ; D 1 - 3 S 4 ; S 1 D 2 - 3 ; S 1 D 2  END                    0.0212    0.00098  0.02118
  84.   133   D 1 - 3 S 6 ; D 1 - 3 S 5 ; D 1 - 2 S 3 ; D 1 S 2  END                    0.0212    0.00098  0.02118
  85.   224   D 1 - 3 S 4 S 6 ; D 1 - 3 ; D 1 D 3 ; D 1 - 2  END                        0.0212    0.02115
  86.   273   D 1 - 3 D 5 ; D 1 - 3 ; S 1 D 2 S 3 ; D 1 - 2  END                        0.0212    0.02115
  87. 14136   D 1 - 4 ; D 1 - 2 S 3 - 4 ; D 1 - 2 ; D 1 S 2 - 3  END                    0.0210    0.00280 -0.02080
  88.   888   D 1 S 2 D 3 ; D 1 - 2 S 3 ; D 1 - 3 S 5 ; D 1 - 2 S 3  END                0.0210    0.00873 -0.01906
  89.   350   D 1 - 3 S 6 ; D 1 - 2 S 3 ; D 1 - 3 S 4 ; S 1 D 2  END                    0.0209    0.00154 -0.02086
  90.   737   D 1 - 2 S 3 ; D 1 - 3 S 5 ; S 1 D 2 - 3 ; D 1 - 2 S 3  END                0.0209    0.00154 -0.02086
  91.   208   D 1 - 3 ; D 1 - 3 S 4 - 5 ; D 1 S 2 - 3 ; D 1 - 2  END                    0.0204    0.00237  0.02024
  92.    91   D 1 - 3 S 4 - 5 ; D 1 - 3 ; D 1 - 3 ; S 1 - 2  END                        0.0204   -0.00237 -0.02024
  93.   347   D 1 - 3 S 5 ; D 1 - 2 S 3 ; D 1 - 3 S 4 ; S 1 D 2  END                    0.0204    0.00219 -0.02025
  94.   722   D 1 - 2 S 3 ; D 1 - 3 S 5 ; D 1 S 2 D 3 ; D 1 - 2 S 3  END                0.0204   -0.00219  0.02025
  95.   672   D 1 - 2 S 3 - 4 ; D 1 - 3 ; D 1 - 3 ; D 1 S 2 S 4  END                    0.0201    0.01476  0.01365
  96.   457   D 1 - 3 ; D 1 S 2 D 3 S 4 ; D 1 - 2 S 3 - 4 ; D 1 - 2  END                0.0201    0.01476  0.01365
  97.   675   D 1 - 2 S 3 S 5 ; D 1 - 3 ; D 1 - 3 ; D 1 S 2 S 4  END                    0.0201   -0.00163 -0.01999
  98.   472   D 1 - 3 ; D 1 S 2 D 3 S 4 ; D 1 S 2 D 3 S 4 ; D 1 - 2  END                0.0201   -0.00163 -0.01999
  99.   443   D 1 - 3 ; D 1 S 2 D 3 S 4 ; D 1 - 3 ; S 1 D 2 S 3  END                    0.0199   -0.00211  0.01975
 100.   342   D 1 - 3 ; D 1 - 2 S 3 S 5 ; D 1 - 3 ; D 1 S 2 S 4  END                    0.0199    0.00211 -0.01975




 POSITION OF FIRST SPIN COUPLING FOR TEN MOST IMPORTANT CONFIGURATIONS
       1      2      3      5      7      9     11     13     15     17



 ********************************
 RESULTS FOR ROOT   02
 TOTAL CI ENERGY =   -877.4449439
 ********************************

       CONF.                                                                           COEFF.
        NO.        SPACE ORBITAL PRODUCTS                                             CONTRIB.      CI COEFFICIENTS

       -----       ----------------------                                             --------   ---------------------
   1.     2   D 1 - 4 ; D 1 - 3 ; D 1 - 2 ; D 1 - 2  END                                0.6757   -0.67567
   2.     3   D 1 - 3 S 4 ; D 1 - 3 S 4 ; D 1 - 2 S 3 ; D 1 S 2  END                    0.2785   -0.23480  0.14970
   3.     1   D 1 - 3 ; D 1 - 3 ; D 1 - 3 ; D 1 - 2  END                                0.2063   -0.20627
   4.    18   D 1 - 4 ; D 1 - 3 ; D 1 - 3 ; D 1  END                                    0.1704    0.17039
   5.    19   D 1 - 3 ; D 1 - 4 ; D 1 - 2 ; D 1 - 2  END                                0.1704    0.17039
   6.    62   D 1 - 2 S 3 - 4 ; D 1 - 3 ; D 1 - 3 ; D 1 - 2  END                        0.1564   -0.15638
   7.    47   D 1 - 3 ; D 1 - 3 ; D 1 - 2 S 3 - 4 ; D 1 - 2  END                        0.1564    0.15638
   8.     5   D 1 - 3 S 4 - 5 ; D 1 - 3 ; D 1 S 2 - 3 ; D 1 - 2  END                    0.1350    0.09239  0.09844
   9.    41   D 1 - 3 ; D 1 - 3 ; D 1 - 3 ; D 1 S 2 - 3  END                            0.1066   -0.10662
  10.    56   D 1 - 3 ; D 1 - 2 S 3 - 4 ; D 1 - 3 ; D 1 - 2  END                        0.1066    0.10662
  11.     9   D 1 - 3 S 4 ; D 1 - 3 S 5 ; D 1 - 2 S 3 ; S 1 D 2  END                    0.0969    0.06938 -0.06760
  12.     6   D 1 - 3 S 4 S 6 ; D 1 - 3 ; S 1 D 2 S 3 ; D 1 - 2  END                    0.0958   -0.07620 -0.05805
  13.    10   D 1 - 3 ; D 1 - 4 ; D 1 - 3 ; D 1  END                                    0.0844   -0.08440
  14.     4   D 1 - 3 S 4 ; D 1 - 2 S 3 ; D 1 - 2 S 3 ; D 1 - 2 S 3  END                0.0725    0.06347  0.03513
  15.  2545   D 1 - 4 ; D 1 - 2 S 3 - 4 ; D 1 - 2 ; D 1 - 2  END                        0.0716   -0.07162
  16.  1349   D 1 - 4 ; D 1 - 3 ; D 1 - 2 ; D 1 S 2 - 3  END                            0.0716    0.07162
  17.   174   D 1 - 3 S 4 ; D 1 - 3 S 4 ; D 1 S 2 D 3 ; D 1 S 2  END                    0.0644   -0.00033  0.06436
  18.   130   D 1 - 3 S 5 ; D 1 - 3 S 4 ; D 1 - 2 S 3 ; D 1 S 2  END                    0.0644   -0.00033  0.06436
  19.   160   D 1 - 3 ; D 1 - 3 S 4 - 5 ; D 1 - 2 ; D 1 - 2  END                        0.0623    0.06230
  20.    90   D 1 - 4 ; D 1 - 3 ; D 1 - 3 ; S 1 - 2  END                                0.0623    0.06230
  21.    48   D 1 - 3 ; D 1 - 3 ; D 1 - 2 S 3 S 5 ; D 1 - 2  END                        0.0543   -0.05433
  22.    65   D 1 S 2 D 3 S 4 ; D 1 - 3 ; D 1 - 3 ; D 1 - 2  END                        0.0543    0.05433
  23. 14136   D 1 - 4 ; D 1 - 2 S 3 - 4 ; D 1 - 2 ; D 1 S 2 - 3  END                    0.0487    0.00152  0.04863
  24.    30   D 1 - 3 S 4 ; D 1 - 3 S 5 ; D 1 - 2 S 3 ; D 1 S 2  END                    0.0480    0.04795 -0.00179
  25.    29   D 1 - 3 S 4 ; D 1 - 3 S 4 ; D 1 - 2 S 3 ; S 1 D 2  END                    0.0480   -0.04795  0.00179
  26.    12   D 1 - 3 S 4 ; D 1 S 2 D 3 ; D 1 - 2 S 3 ; D 1 - 2 S 4  END                0.0442    0.03443 -0.02774
  27.  1543   D 1 - 4 ; D 1 - 3 ; D 1 S 2 - 3 ; D 1 S 2 - 3  END                        0.0438    0.00184  0.04371
  28.  2547   D 1 - 3 S 4 - 5 ; D 1 - 2 S 3 - 4 ; D 1 - 2 ; D 1 - 2  END                0.0438    0.00184  0.04371
  29.   222   D 1 - 4 ; D 1 - 3 ; D 1 D 3 ; D 1 - 2  END                                0.0426    0.04258
  30.   157   D 1 - 3 D 5 ; D 1 - 3 ; D 1 - 2 ; D 1 - 2  END                            0.0426    0.04258
  31.    11   D 1 - 3 S 5 ; D 1 - 3 S 4 ; D 1 S 2 D 3 ; D 1 S 2  END                    0.0420   -0.02660  0.03255
  32. 11692   D 1 - 4 S 5 ; D 1 - 3 S 4 ; D 1 S 2 ; D 1 S 2  END                        0.0411    0.01181 -0.03938
  33.  5698   D 1 - 2 S 3 D 4 S 5 ; D 1 - 3 ; D 1 - 2 ; D 1 - 2  END                    0.0407   -0.04066
  34.  1627   D 1 - 4 ; D 1 - 3 ; D 1 S 2 S 4 ; D 1 - 2  END                            0.0407    0.04066
  35. 11107   D 1 - 4 ; D 1 - 4 ; D 1 - 2 ; D 1  END                                    0.0393    0.03929
  36.     8   D 1 - 2 S 3 - 4 ; D 1 - 3 ; D 1 - 2 S 3 - 4 ; D 1 - 2  END                0.0368   -0.01782 -0.03217
  37. 11180   D 1 - 4 ; D 1 - 3 S 4 - 5 ; D 1 - 2 ; S 1 - 2  END                        0.0367    0.00601  0.03621
  38. 23616   D 1 - 2 S 3 D 4 ; D 1 - 3 S 4 ; D 1 - 2 S 4 ; D 1 S 2  END                0.0353   -0.00202  0.03528
  39.   784   D 1 - 2 D 4 ; D 1 - 3 ; D 1 - 3 ; D 1 - 2  END                            0.0334    0.03342
  40.   162   D 1 - 3 ; D 1 - 3 ; D 1 - 2 D 4 ; D 1 - 2  END                            0.0334    0.03342
  41.    27   S 1 D 2 - 3 S 4 ; D 1 - 3 ; D 1 - 2 S 3 S 6 ; D 1 - 2  END                0.0333    0.01870  0.02751
  42.    22   D 1 S 2 D 3 S 4 ; D 1 - 3 ; D 1 - 2 S 3 S 5 ; D 1 - 2  END                0.0330   -0.02103 -0.02541
  43.  1241   D 1 - 3 S 4 ; D 1 - 3 S 4 ; D 1 - 2 S 3 ; D 1 S 3  END                    0.0328   -0.01291  0.03020
  44.  2430   D 1 - 3 S 4 ; D 1 - 2 S 3 D 4 ; D 1 - 2 S 3 ; D 1 S 2  END                0.0328   -0.01291  0.03020
  45.  1358   D 1 - 3 S 4 ; D 1 - 3 S 4 ; D 1 - 2 S 4 ; D 1 S 2  END                    0.0327    0.03086 -0.01079
  46.  5584   D 1 - 2 S 3 D 4 ; D 1 - 3 S 4 ; D 1 - 2 S 3 ; D 1 S 2  END                0.0327    0.03086 -0.01079
  47. 14732   D 1 - 4 S 5 ; D 1 - 2 S 3 ; D 1 S 2 ; D 1 - 2 S 3  END                    0.0325    0.00109  0.03252
  48.    31   D 1 - 3 S 6 ; D 1 - 3 S 4 ; S 1 D 2 - 3 ; D 1 S 2  END                    0.0312    0.01744 -0.02583
  49.   243   D 1 - 3 S 4 ; D 1 - 3 S 5 ; S 1 D 2 - 3 ; D 1 S 2  END                    0.0310   -0.00773 -0.03001
  50.   145   D 1 - 3 S 6 ; D 1 - 3 S 4 ; D 1 - 2 S 3 ; S 1 D 2  END                    0.0310   -0.00773 -0.03001
  51.   707   D 1 - 2 S 3 ; D 1 - 3 S 4 ; D 1 - 2 S 3 ; D 1 - 2 S 4  END                0.0302    0.02176  0.02091
  52.   420   D 1 - 3 S 4 ; D 1 S 2 D 3 ; D 1 - 3 S 4 ; D 1 S 2  END                    0.0302    0.02176  0.02091
  53.   358   D 1 - 3 S 4 ; D 1 - 2 S 3 ; D 1 - 2 S 3 ; D 1 - 2 S 4  END                0.0296    0.02471  0.01624
  54.   449   D 1 - 3 S 4 ; D 1 S 2 D 3 ; D 1 - 2 S 3 ; D 1 - 2 S 3  END                0.0296    0.02471  0.01624
  55. 24209   D 1 - 2 S 3 D 4 S 5 ; D 1 - 3 ; D 1 S 2 S 4 ; D 1 - 2  END                0.0295    0.00203  0.02945
  56. 17129   D 1 - 4 ; D 1 S 2 D 3 S 4 ; D 1 - 2 ; D 1 S 2 S 4  END                    0.0294    0.01495  0.02526
  57.  2708   D 1 - 4 ; D 1 - 2 S 3 - 4 ; D 1 S 2 - 3 ; D 1 - 2  END                    0.0293   -0.00673  0.02856
  58.  1352   D 1 - 3 S 4 - 5 ; D 1 - 3 ; D 1 - 2 ; D 1 S 2 - 3  END                    0.0293   -0.00673  0.02856
  59.  1270   D 1 - 4 ; D 1 - 3 ; D 1 - 2 S 3 - 4 ; S 1 - 2  END                        0.0283    0.02117  0.01878
  60.  5704   D 1 - 2 S 3 - 4 ; D 1 - 3 S 4 - 5 ; D 1 - 2 ; D 1 - 2  END                0.0283   -0.02117 -0.01878
  61.    32   D 1 - 3 ; D 1 - 3 S 4 - 5 ; S 1 D 2 S 3 ; D 1 - 2  END                    0.0281   -0.00657 -0.02737
  62.    33   D 1 - 3 S 4 S 6 ; D 1 - 3 ; D 1 - 3 ; S 1 - 2  END                        0.0281   -0.00657 -0.02737
  63. 12529   D 1 - 4 S 6 ; D 1 - 3 S 4 ; S 1 D 2 ; D 1 S 2  END                        0.0280   -0.00801  0.02687
  64. 25755   D 1 - 2 S 3 D 4 ; D 1 - 2 S 3 ; D 1 - 2 S 4 ; D 1 - 2 S 3  END            0.0280    0.00607 -0.02735
  65.   740   D 1 - 2 S 3 - 4 ; D 1 - 2 S 3 - 4 ; D 1 - 3 ; D 1 - 2  END                0.0278   -0.00262 -0.02769
  66.   134   D 1 - 3 ; D 1 - 3 ; D 1 - 2 S 3 - 4 ; D 1 S 2 - 3  END                    0.0278   -0.00262 -0.02769
  67.    76   D 1 - 3 ; D 1 - 3 S 4 - 5 ; D 1 - 3 ; D 1  END                            0.0275   -0.02746
  68.    95   D 1 - 3 ; D 1 - 4 ; D 1 - 3 ; S 1 - 2  END                                0.0275   -0.02746
  69.    14   D 1 - 3 ; D 1 - 3 S 4 - 5 ; D 1 - 3 ; S 1 - 2  END                        0.0273   -0.01563 -0.02235
  70.    35   D 1 - 3 S 4 ; S 1 D 2 - 3 ; D 1 - 2 S 3 ; D 1 - 2 S 5  END                0.0272   -0.01706  0.02125
  71.   161   D 1 - 3 ; D 1 - 3 D 5 ; D 1 - 2 ; D 1 - 2  END                            0.0265    0.02655
  72.   109   D 1 - 4 ; D 1 - 3 ; D 1 - 3 ; D 2  END                                    0.0265    0.02655
  73.   203   D 1 - 3 S 4 S 6 ; D 1 - 3 ; D 1 S 2 - 3 ; D 1 - 2  END                    0.0263   -0.02618 -0.00204
  74.   272   D 1 - 3 S 4 - 5 ; D 1 - 3 ; S 1 D 2 S 3 ; D 1 - 2  END                    0.0263    0.02618  0.00204
  75.  1865   D 1 - 4 ; D 1 - 3 ; S 1 D 2 S 3 ; D 1 S 2 S 4  END                        0.0262    0.01117  0.02369
  76.  3502   D 1 - 3 S 4 S 6 ; D 1 S 2 D 3 S 4 ; D 1 - 2 ; D 1 - 2  END                0.0262   -0.01117 -0.02369
  77.   207   D 1 - 3 ; D 1 - 4 ; D 1 S 2 - 3 ; D 1 - 2  END                            0.0261   -0.02611
  78.    71   D 1 - 3 S 4 - 5 ; D 1 - 3 ; D 1 - 3 ; D 1  END                            0.0261    0.02611
  79. 14242   D 1 - 4 ; D 1 - 2 S 3 S 5 ; D 1 - 2 ; S 1 D 2 S 3  END                    0.0261    0.00084 -0.02606
  80.    91   D 1 - 3 S 4 - 5 ; D 1 - 3 ; D 1 - 3 ; S 1 - 2  END                        0.0260   -0.01002 -0.02399
  81.   208   D 1 - 3 ; D 1 - 3 S 4 - 5 ; D 1 S 2 - 3 ; D 1 - 2  END                    0.0260    0.01002  0.02399
  82.   271   D 1 - 4 ; D 1 - 3 ; S 1 D 2 S 3 ; D 1 - 2  END                            0.0247    0.02475
  83.   156   D 1 - 3 S 4 S 6 ; D 1 - 3 ; D 1 - 2 ; D 1 - 2  END                        0.0247    0.02475
  84. 24215   D 1 - 2 S 3 D 4 ; D 1 - 3 S 4 ; D 1 S 2 ; D 1 - 2 S 3  END                0.0246   -0.00594  0.02387
  85. 14130   D 1 - 4 S 5 ; D 1 - 2 S 3 ; D 1 - 2 S 4 ; D 1 S 2  END                    0.0246   -0.00594  0.02387
  86.   457   D 1 - 3 ; D 1 S 2 D 3 S 4 ; D 1 - 2 S 3 - 4 ; D 1 - 2  END                0.0243    0.01515  0.01898
  87.   672   D 1 - 2 S 3 - 4 ; D 1 - 3 ; D 1 - 3 ; D 1 S 2 S 4  END                    0.0243    0.01515  0.01898
  88.    63   D 1 - 2 S 3 S 5 ; D 1 - 3 ; D 1 - 3 ; D 1 - 2  END                        0.0240    0.02404
  89.    50   D 1 - 3 ; D 1 - 3 ; D 1 S 2 D 3 S 4 ; D 1 - 2  END                        0.0240   -0.02404
  90.   132   D 1 - 3 S 6 ; D 1 - 3 S 4 ; D 1 - 2 S 3 ; D 1 S 2  END                    0.0240   -0.00628 -0.02316
  91.   242   D 1 - 3 S 4 ; D 1 - 3 S 4 ; S 1 D 2 - 3 ; D 1 S 2  END                    0.0240    0.00628  0.02316
  92. 12127   D 1 - 5 ; D 1 - 3 ; D 1 ; D 1 - 2  END                                    0.0239    0.02389
  93. 11773   D 1 - 4 S 5 ; D 1 - 3 S 5 ; D 1 S 2 ; S 1 D 2  END                        0.0236   -0.00288  0.02346
  94.  9260   S 1 D 2 - 3 S 4 ; D 1 - 3 S 4 - 5 ; D 1 - 2 ; D 1 - 2  END                0.0232    0.00748  0.02200
  95.  1272   D 1 - 4 ; D 1 - 3 ; D 1 - 2 S 3 S 6 ; S 1 - 2  END                        0.0232    0.00748  0.02200
  96.  4510   D 1 - 3 S 4 S 6 ; S 1 D 2 - 3 S 4 ; D 1 - 2 ; D 1 - 2  END                0.0231   -0.01114 -0.02020
  97.  1866   D 1 - 4 ; D 1 - 3 ; S 1 D 2 S 3 ; D 1 S 2 S 5  END                        0.0231   -0.01114 -0.02020
  98.  2489   D 1 - 4 S 5 ; D 1 - 2 S 3 ; D 1 - 2 S 3 ; S 1 D 2  END                    0.0230    0.00314 -0.02278
  99.  1639   D 1 - 3 S 4 ; D 1 - 3 S 5 ; D 1 S 2 ; D 1 - 2 S 3  END                    0.0230   -0.00314  0.02278
 100.  1351   D 1 - 4 ; D 1 - 3 ; D 1 - 2 ; D 1 S 2 S 5  END                            0.0230    0.02296




 POSITION OF FIRST SPIN COUPLING FOR TEN MOST IMPORTANT CONFIGURATIONS
       2      3      1     32     33     94     79      7     73     88



 ELAPSED TIME =     117.35 CPU SECONDS. (    117.36 WALL CLOCK SECONDS)
