 ************************************************************************
 * RTSIM - DAVIDSON METHOD SPARSE MATRIX EIGENVALUE/EIGENVECTOR PROGRAM *
 * QUANTUM CHEMISTRY GROUP - INDIANA UNIVERSITY - 29Aug 2010  13:09:41  *
 ************************************************************************



                 DIAGONALIZATION RUN TITLE
                 -------------------------
 )* WATER TEST *



 ) DAVIDSON
 ) LAST=2
 ) COEFF
 ) NOVLP
 ) MAXITR=1000 END

 THE CI MATRIX IS TITLED:  H2O  -SINGLET A1-  STO-3G HF SD-CI TEST
 THE MATRIX IS DATED:     29Aug 2010  13:09:27 
 THE SPIN MULTIPLICITY IS 1 AND THE DIMENSION IS 114564.

 ROOTS  1 THROUGH  2 WILL BE OBTAINED.

  
  
  
 AMOUNT OF CORE AVAILABLE                      30000000
 MAXIMUM NUMBER OF VECTORS PER ITERATION              2
 MAXIMUM NUMBER OF VECTORS ON DISK                   16
 NUMBER OF SOLUTIONS SOUGHT                           2
 NUMBER OF SOLUTIONS INVESTIGATED                     2
 SIZE OF MATRIX DIAGONALISED                     114564
  
  
 INITIAL GUESS AT ROOTS (OBTAINED FROM DIAGONAL ELEMENTS OF HAMILTONIAN MATRIX)

                1        -877.18879
                2        -872.77545


 ITERATION       ROOT           EIGENVALUE          NORM OF RESIDUAL
     1             1          -877.32227780              6.29324
     1             2          -872.64196295              7.22052
     2             1          -879.75310685              7.05872
     2             2          -875.75317789              9.88953
     2             1          -879.75310685              3.06697
     2             2          -875.75317789              4.56285
     3             1          -880.16784553              4.11944
     3             2          -876.82502314              7.12818
     3             1          -880.16784553              1.35878
     3             2          -876.82502314              2.55150
     4             1          -880.25289546              2.33505
     4             2          -877.11613488              4.23215
     4             1          -880.25289546              0.63504
     4             2          -877.11613488              1.45247
     5             1          -880.27012226              1.18986
     5             2          -877.22569453              3.49954
     5             1          -880.27012226              0.29928
     5             2          -877.22569453              0.90960
     6             1          -880.27350290              0.54007
     6             2          -877.26829553              2.65183
     6             1          -880.27350290              0.14673
     6             2          -877.26829553              0.56794
     7             1          -880.27431450              0.31149
     7             2          -877.28258474              1.72243
     7             1          -880.27431450              0.07537
     7             2          -877.28258474              0.35276
     8             1          -880.27454194              0.19525
     8             2          -877.28869443              1.33511
  truncating with vlp=false 
 TRUNCATION TO 1 VECTOR PER ROOT HAS BEEN PERFORMED
     8             1          -880.27454194              0.03956
     8             2          -877.28869443              0.23223
     9             1          -880.27458663              0.03847
     9             2          -877.29056565              0.28599
     9             1          -880.27458663              0.02078
     9             2          -877.29056565              0.14420
    10             1          -880.27460581              0.06128
    10             2          -877.29184086              0.65974
    10             1          -880.27460581              0.01258
    10             2          -877.29184086              0.11850
    11             1          -880.27461179              0.03903
    11             2          -877.29219136              0.39172
    11             1          -880.27461179              0.00676
    11             2          -877.29219136              0.10654
    12             1          -880.27461343              0.02017
    12             2          -877.29272330              0.54421
    12             1          -880.27461343              0.00331
    12             2          -877.29272330              0.06984
    13             1          -880.27461380              0.00903
    13             2          -877.29293007              0.31591
    13             1          -880.27461380              0.00163
    13             2          -877.29293007              0.04204
    14             1          -880.27461388              0.00434
    14             2          -877.29300711              0.18645
    14             1          -880.27461388              0.00075
    14             2          -877.29300711              0.02456
    15             1          -880.27461390              0.00222
    15             2          -877.29303311              0.10869
  truncating with vlp=false 
 TRUNCATION TO 1 VECTOR PER ROOT HAS BEEN PERFORMED
    15             1          -880.27461390              0.00030
    15             2          -877.29303311              0.01196
    16             1          -880.27461391              0.00028
    16             2          -877.29303803              0.01507
    16             1          -880.27461391              0.00013
    16             2          -877.29303803              0.00611
    17             1          -880.27461391              0.00028
    17             2          -877.29303998              0.01942
    17             1          -880.27461391              0.00007
    17             2          -877.29303998              0.00427
     ROOT    ITERATION     NUMBER OF PRODUCTS       EIGENVALUE
       1        17                32                -880.2746139061


    18             2          -877.29304026              0.00781
    18             2          -877.29304026              0.00422
    19             2          -877.29304122              0.01634
    19             2          -877.29304122              0.00274
    20             2          -877.29304155              0.01008
    20             2          -877.29304155              0.00162
    21             2          -877.29304167              0.00615
    21             2          -877.29304167              0.00100
    22             2          -877.29304172              0.00446
    22             2          -877.29304172              0.00076
    23             2          -877.29304175              0.00456
    23             2          -877.29304175              0.00040
    24             2          -877.29304176              0.00136
    24             2          -877.29304176              0.00021
    25             2          -877.29304176              0.00093
    25             2          -877.29304176              0.00012
    26             2          -877.29304176              0.00047
    26             2          -877.29304176              0.00007
     ROOT    ITERATION     NUMBER OF PRODUCTS       EIGENVALUE
       2        26                41                -877.2930417623


  all roots converged 
  

 ************************************
 COMPLETED CI VECTOR OPTIMISATION
 ************************************





 ********************************
 RESULTS FOR ROOT   01
 TOTAL CI ENERGY =   -880.2746139
 ********************************

       CONF.                                                                           COEFF.
        NO.        SPACE ORBITAL PRODUCTS                                             CONTRIB.      CI COEFFICIENTS

       -----       ----------------------                                             --------   ---------------------
   1.     1   D 1 - 3 ; D 1 - 3 ; D 1 - 3 ; D 1 - 2  END                                0.8577   -0.85773
   2.     2   D 1 - 4 ; D 1 - 3 ; D 1 - 2 ; D 1 - 2  END                                0.2088    0.20882
   3.     3   D 1 - 3 S 4 ; D 1 - 3 S 4 ; D 1 - 2 S 3 ; D 1 S 2  END                    0.1408    0.02487 -0.13862
   4.     4   D 1 - 3 S 4 ; D 1 - 2 S 3 ; D 1 - 2 S 3 ; D 1 - 2 S 3  END                0.0975    0.01185  0.09680
   5.     5   D 1 - 3 S 4 - 5 ; D 1 - 3 ; D 1 S 2 - 3 ; D 1 - 2  END                    0.0895   -0.01355 -0.08846
   6.     6   D 1 - 3 S 4 S 6 ; D 1 - 3 ; S 1 D 2 S 3 ; D 1 - 2  END                    0.0754    0.00721  0.07502
   7.     7   D 1 - 3 ; D 1 - 2 S 3 - 4 ; D 1 - 3 ; D 1 S 2 - 3  END                    0.0733   -0.00821  0.07285
   8.     8   D 1 - 2 S 3 - 4 ; D 1 - 3 ; D 1 - 2 S 3 - 4 ; D 1 - 2  END                0.0722    0.02107  0.06901
   9.     9   D 1 - 3 S 4 ; D 1 - 3 S 5 ; D 1 - 2 S 3 ; S 1 D 2  END                    0.0666   -0.00884  0.06599
  10.    10   D 1 - 3 ; D 1 - 4 ; D 1 - 3 ; D 1  END                                    0.0634    0.06336
  11.    11   D 1 - 3 S 5 ; D 1 - 3 S 4 ; D 1 S 2 D 3 ; D 1 S 2  END                    0.0552    0.00542 -0.05490
  12.    12   D 1 - 3 S 4 ; D 1 S 2 D 3 ; D 1 - 2 S 3 ; D 1 - 2 S 4  END                0.0540   -0.01403  0.05213
  13.    13   D 1 - 3 ; D 1 - 3 S 4 - 5 ; D 1 - 3 ; S 1 - 2  END                        0.0528    0.00187  0.05276
  14.    14   D 1 - 2 S 3 ; D 1 - 3 S 4 ; D 1 - 3 S 4 ; D 1 S 2  END                    0.0523   -0.00260  0.05221
  15.    15   D 1 - 3 S 5 ; D 1 - 2 S 3 ; D 1 S 2 D 3 ; D 1 - 2 S 3  END                0.0517    0.00510  0.05146
  16.    16   D 1 - 2 S 3 - 4 ; D 1 - 3 ; D 1 - 3 ; D 1 S 2 - 3  END                    0.0503    0.00927 -0.04942
  17.    17   D 1 - 3 ; D 1 - 2 S 3 - 4 ; D 1 - 2 S 3 - 4 ; D 1 - 2  END                0.0503    0.00927 -0.04942
  18. 11536   D 1 S 2 D 3 S 4 ; D 1 - 3 ; D 1 - 2 S 3 S 5 ; D 1 - 2  END                0.0387    0.01331  0.03632
  19.   248   D 1 - 3 ; D 1 S 2 D 3 S 4 ; D 1 - 3 ; D 1 S 2 S 4  END                    0.0377    0.01761  0.03333
  20.   208   D 1 - 3 ; D 1 - 2 S 3 S 5 ; D 1 - 3 ; S 1 D 2 S 3  END                    0.0377    0.00318 -0.03752
  21.    96   D 1 - 3 ; D 1 - 4 ; D 1 - 2 ; D 1 - 2  END                                0.0376    0.03759
  22.    40   D 1 - 4 ; D 1 - 3 ; D 1 - 3 ; D 1  END                                    0.0376    0.03759
  23.   118   D 1 - 4 ; D 1 - 3 ; D 1 S 2 - 3 ; D 1 - 2  END                            0.0371    0.03709
  24.    91   D 1 - 3 S 4 - 5 ; D 1 - 3 ; D 1 - 2 ; D 1 - 2  END                        0.0371   -0.03709
  25.   328   D 1 - 2 S 3 S 5 ; D 1 - 3 ; D 1 S 2 D 3 S 4 ; D 1 - 2  END                0.0367    0.00234  0.03661
  26.   347   D 1 - 2 S 3 ; D 1 - 2 S 3 ; D 1 - 3 S 4 ; D 1 - 2 S 3  END                0.0364    0.00655 -0.03577
  27. 11589   S 1 D 2 - 3 S 4 ; D 1 - 3 ; D 1 - 2 S 3 S 6 ; D 1 - 2  END                0.0351   -0.01597 -0.03127
  28.   227   D 1 - 3 S 6 ; D 1 - 2 S 3 ; S 1 D 2 - 3 ; D 1 - 2 S 3  END                0.0348   -0.00244 -0.03474
  29.   147   D 1 - 3 S 6 ; D 1 - 3 S 4 ; S 1 D 2 - 3 ; D 1 S 2  END                    0.0341   -0.00093  0.03407
  30.    84   D 1 - 3 S 4 ; D 1 - 3 S 4 ; D 1 - 2 S 3 ; S 1 D 2  END                    0.0330    0.00346 -0.03282
  31.    77   D 1 - 3 S 4 ; D 1 - 3 S 5 ; D 1 - 2 S 3 ; D 1 S 2  END                    0.0330   -0.00346  0.03282
  32.   133   D 1 - 3 D 5 ; D 1 - 3 ; D 1 D 3 ; D 1 - 2  END                            0.0318    0.03176
  33.   165   D 1 - 3 ; D 1 - 3 S 4 - 5 ; S 1 D 2 S 3 ; D 1 - 2  END                    0.0314    0.00059 -0.03136
  34.    54   D 1 - 3 S 4 S 6 ; D 1 - 3 ; D 1 - 3 ; S 1 - 2  END                        0.0314    0.00059 -0.03136
  35. 11488   D 1 - 3 S 4 ; S 1 D 2 - 3 ; D 1 - 2 S 3 ; D 1 - 2 S 5  END                0.0313    0.01313 -0.02843
  36.   198   D 1 - 3 S 5 ; D 1 - 2 S 3 ; D 1 - 3 S 4 ; D 1 S 2  END                    0.0305   -0.00417  0.03023
  37.   330   D 1 - 2 S 3 ; D 1 - 3 S 4 ; D 1 S 2 D 3 ; D 1 - 2 S 3  END                0.0305   -0.00417  0.03023
  38.   197   D 1 - 3 S 4 ; D 1 - 2 S 3 ; D 1 - 3 S 4 ; D 1 S 2  END                    0.0302    0.00757 -0.02919
  39.   323   D 1 - 2 S 3 ; D 1 - 3 S 4 ; D 1 - 2 S 3 ; D 1 - 2 S 3  END                0.0302    0.00757 -0.02919
  40.   320   D 1 - 2 S 3 ; D 1 - 3 S 5 ; D 1 - 3 S 4 ; S 1 D 2  END                    0.0295    0.00233 -0.02942
  41.   144   D 1 - 3 S 4 ; D 1 - 3 S 5 ; S 1 D 2 - 3 ; D 1 S 2  END                    0.0290   -0.00056 -0.02899
  42.    87   D 1 - 3 S 6 ; D 1 - 3 S 4 ; D 1 - 2 S 3 ; S 1 D 2  END                    0.0290   -0.00056 -0.02899
  43.   113   D 1 - 3 S 5 ; D 1 - 3 S 5 ; D 1 S 2 D 3 ; S 1 D 2  END                    0.0289   -0.00062  0.02889
  44.   241   D 1 - 3 ; D 1 - 2 ; D 1 - 3 ; D 1 - 3  END                                0.0282    0.02818
  45.   265   D 1 - 3 S 4 ; D 1 S 2 D 3 ; D 1 S 2 D 3 ; D 1 - 2 S 3  END                0.0279    0.00515  0.02739
  46.   212   D 1 - 3 S 5 ; D 1 - 2 S 3 ; D 1 - 2 S 3 ; D 1 - 2 S 4  END                0.0279    0.00515  0.02739
  47.   292   D 1 - 3 ; D 1 S 2 - 3 ; D 1 - 3 ; D 1 - 2 S 3 - 4  END                    0.0260   -0.00875 -0.02452
  48.   244   D 1 - 3 S 4 ; D 1 S 2 D 3 ; D 1 - 3 S 4 ; D 1 S 2  END                    0.0260    0.01222  0.02295
  49.   324   D 1 - 2 S 3 ; D 1 - 3 S 4 ; D 1 - 2 S 3 ; D 1 - 2 S 4  END                0.0260    0.01222  0.02295
  50. 11525   D 1 S 2 D 3 ; D 1 - 3 S 4 ; D 1 - 3 S 5 ; D 1 S 2  END                    0.0256   -0.00965  0.02368
  51.   123   D 1 - 3 ; D 1 - 4 ; D 1 S 2 - 3 ; D 1 - 2  END                            0.0253   -0.02528
  52.    41   D 1 - 3 S 4 - 5 ; D 1 - 3 ; D 1 - 3 ; D 1  END                            0.0253    0.02528
  53.   268   D 1 - 3 S 5 ; D 1 S 2 D 3 ; D 1 S 2 D 3 ; D 1 - 2 S 4  END                0.0250   -0.00659  0.02415
  54.   175   D 1 - 3 S 5 - 6 ; D 1 - 3 ; S 1 - 2 D 3 ; D 1 - 2  END                    0.0249   -0.00031  0.02492
  55.   221   D 1 - 3 ; D 1 - 2 S 3 - 4 ; D 1 S 2 D 3 S 4 ; D 1 - 2  END                0.0249   -0.00400  0.02455
  56.   308   D 1 - 2 S 3 S 5 ; D 1 - 3 ; D 1 - 3 ; D 1 S 2 - 3  END                    0.0249   -0.00400  0.02455
  57.   104   D 1 - 3 S 4 ; D 1 - 3 S 5 ; D 1 S 2 D 3 ; D 1 S 2  END                    0.0248   -0.00057  0.02481
  58.    85   D 1 - 3 S 5 ; D 1 - 3 S 4 ; D 1 - 2 S 3 ; S 1 D 2  END                    0.0248    0.00057 -0.02481
  59.   103   D 1 - 3 S 4 ; D 1 - 3 S 4 ; D 1 S 2 D 3 ; D 1 S 2  END                    0.0247    0.00485  0.02422
  60.    78   D 1 - 3 S 5 ; D 1 - 3 S 4 ; D 1 - 2 S 3 ; D 1 S 2  END                    0.0247    0.00485  0.02422
  61.   210   D 1 - 3 S 4 ; D 1 - 2 S 3 ; D 1 - 2 S 3 ; D 1 - 2 S 4  END                0.0241    0.01500  0.01883
  62.   258   D 1 - 3 S 4 ; D 1 S 2 D 3 ; D 1 - 2 S 3 ; D 1 - 2 S 3  END                0.0241    0.01500  0.01883
  63.   119   D 1 - 3 S 4 S 6 ; D 1 - 3 ; D 1 S 2 - 3 ; D 1 - 2  END                    0.0237    0.00216  0.02361
  64.   160   D 1 - 3 S 4 - 5 ; D 1 - 3 ; S 1 D 2 S 3 ; D 1 - 2  END                    0.0237   -0.00216 -0.02361
  65.   172   D 1 - 3 S 4 - 5 ; D 1 - 3 ; S 1 - 2 D 3 ; D 1 - 2  END                    0.0235   -0.00091 -0.02353
  66.   121   D 1 - 3 S 5 - 6 ; D 1 - 3 ; D 1 S 2 - 3 ; D 1 - 2  END                    0.0235    0.00091  0.02353
  67.   356   D 1 - 2 S 3 ; D 1 S 2 D 3 ; D 1 - 3 S 4 ; D 1 - 2 S 4  END                0.0228    0.00688 -0.02172
  68. 11546   D 1 S 2 D 3 S 5 ; D 1 - 3 ; D 1 S 2 D 3 S 5 ; D 1 - 2  END                0.0225    0.01313  0.01828
  69. 11478   D 1 - 3 ; S 1 D 2 - 3 S 4 ; D 1 - 3 ; D 1 S 2 S 5  END                    0.0224   -0.01010 -0.02004
  70.   315   D 1 - 2 S 3 S 5 ; D 1 - 3 ; D 1 - 3 ; S 1 D 2 S 3  END                    0.0224    0.00242 -0.02229
  71.   222   D 1 - 3 ; D 1 - 2 S 3 S 5 ; D 1 S 2 D 3 S 4 ; D 1 - 2  END                0.0224   -0.00242  0.02229
  72.   105   D 1 - 3 S 5 ; D 1 - 3 S 5 ; D 1 S 2 D 3 ; D 1 S 2  END                    0.0219   -0.00099 -0.02186
  73.   112   D 1 - 3 S 5 ; D 1 - 3 S 4 ; D 1 S 2 D 3 ; S 1 D 2  END                    0.0219    0.00099  0.02186
  74.   341   D 1 - 2 S 3 - 4 ; D 1 - 2 S 3 - 4 ; D 1 - 3 ; D 1 - 2  END                0.0217   -0.00391 -0.02131
  75.    82   D 1 - 3 ; D 1 - 3 ; D 1 - 2 S 3 - 4 ; D 1 S 2 - 3  END                    0.0217   -0.00391 -0.02131
  76.  3825   D 1 - 4 ; D 1 - 4 ; D 1 - 2 ; D 1  END                                    0.0216   -0.02162
  77.    22   D 1 - 3 ; D 1 - 3 ; D 1 - 2 S 3 - 4 ; D 1 - 2  END                        0.0216   -0.02161
  78.    29   D 1 - 2 S 3 - 4 ; D 1 - 3 ; D 1 - 3 ; D 1 - 2  END                        0.0216    0.02161
  79.   366   D 1 - 2 ; D 1 - 3 ; D 1 - 4 ; D 1 - 2  END                                0.0215    0.02152
  80.  4636   D 1 - 4 ; D 1 - 2 S 3 - 4 ; D 1 - 2 ; D 1 S 2 - 3  END                    0.0215    0.00274 -0.02134
  81.   156   D 1 - 3 S 6 ; D 1 - 3 S 5 ; S 1 D 2 - 3 ; S 1 D 2  END                    0.0214   -0.00024 -0.02143
  82.   161   D 1 - 3 D 5 ; D 1 - 3 ; S 1 D 2 S 3 ; D 1 - 2  END                        0.0207    0.02073
  83.   132   D 1 - 3 S 4 S 6 ; D 1 - 3 ; D 1 D 3 ; D 1 - 2  END                        0.0207    0.02073
  84.    93   D 1 - 3 D 5 ; D 1 - 3 ; D 1 - 2 ; D 1 - 2  END                            0.0207    0.02067
  85.   130   D 1 - 4 ; D 1 - 3 ; D 1 D 3 ; D 1 - 2  END                                0.0207    0.02067
  86. 11561   D 1 S 2 D 3 ; D 1 - 2 S 3 ; D 1 - 3 S 5 ; D 1 - 2 S 3  END                0.0205    0.00857 -0.01863
  87.   151   D 1 - 3 S 4 ; D 1 - 3 S 4 ; S 1 D 2 - 3 ; S 1 D 2  END                    0.0205    0.00070  0.02046
  88.    81   D 1 - 3 S 6 ; D 1 - 3 S 5 ; D 1 - 2 S 3 ; D 1 S 2  END                    0.0205    0.00070  0.02046
  89.   205   D 1 - 3 S 6 ; D 1 - 2 S 3 ; D 1 - 3 S 4 ; S 1 D 2  END                    0.0199    0.00158 -0.01987
  90.   339   D 1 - 2 S 3 ; D 1 - 3 S 5 ; S 1 D 2 - 3 ; D 1 - 2 S 3  END                0.0199    0.00158 -0.01987
  91.   332   D 1 - 2 S 3 ; D 1 - 3 S 5 ; D 1 S 2 D 3 ; D 1 - 2 S 3  END                0.0196   -0.00223  0.01945
  92.   204   D 1 - 3 S 5 ; D 1 - 2 S 3 ; D 1 - 3 S 4 ; S 1 D 2  END                    0.0196    0.00223 -0.01945
  93.   309   D 1 - 2 S 3 S 5 ; D 1 - 3 ; D 1 - 3 ; D 1 S 2 S 4  END                    0.0192   -0.00144 -0.01912
  94.   271   D 1 - 3 ; D 1 S 2 D 3 S 4 ; D 1 S 2 D 3 S 4 ; D 1 - 2  END                0.0192   -0.00144 -0.01912
  95.    55   D 1 - 3 D 5 ; D 1 - 3 ; D 1 - 3 ; S 1 - 2  END                            0.0191   -0.01915
  96.   137   D 1 - 3 ; D 1 - 3 S 4 - 5 ; D 1 D 3 ; D 1 - 2  END                        0.0191   -0.01915
  97.   124   D 1 - 3 ; D 1 - 3 S 4 - 5 ; D 1 S 2 - 3 ; D 1 - 2  END                    0.0191    0.00197  0.01904
  98.    53   D 1 - 3 S 4 - 5 ; D 1 - 3 ; D 1 - 3 ; S 1 - 2  END                        0.0191   -0.00197 -0.01904
  99.   254   D 1 - 3 ; D 1 S 2 D 3 S 4 ; D 1 - 3 ; S 1 D 2 S 3  END                    0.0191   -0.00209  0.01898
 100.   202   D 1 - 3 ; D 1 - 2 S 3 S 5 ; D 1 - 3 ; D 1 S 2 S 4  END                    0.0191    0.00209 -0.01898




 POSITION OF FIRST SPIN COUPLING FOR TEN MOST IMPORTANT CONFIGURATIONS
       1      2      3      5      7      9     11     13     15     17



 ********************************
 RESULTS FOR ROOT   02
 TOTAL CI ENERGY =   -877.2930418
 ********************************

       CONF.                                                                           COEFF.
        NO.        SPACE ORBITAL PRODUCTS                                             CONTRIB.      CI COEFFICIENTS

       -----       ----------------------                                             --------   ---------------------
   1.     2   D 1 - 4 ; D 1 - 3 ; D 1 - 2 ; D 1 - 2  END                                0.6875   -0.68746
   2.     3   D 1 - 3 S 4 ; D 1 - 3 S 4 ; D 1 - 2 S 3 ; D 1 S 2  END                    0.2852   -0.21923  0.18248
   3.     1   D 1 - 3 ; D 1 - 3 ; D 1 - 3 ; D 1 - 2  END                                0.2349   -0.23491
   4.    22   D 1 - 3 ; D 1 - 3 ; D 1 - 2 S 3 - 4 ; D 1 - 2  END                        0.1729    0.17292
   5.    29   D 1 - 2 S 3 - 4 ; D 1 - 3 ; D 1 - 3 ; D 1 - 2  END                        0.1729   -0.17292
   6.     5   D 1 - 3 S 4 - 5 ; D 1 - 3 ; D 1 S 2 - 3 ; D 1 - 2  END                    0.1411    0.09635  0.10312
   7.    96   D 1 - 3 ; D 1 - 4 ; D 1 - 2 ; D 1 - 2  END                                0.1247    0.12474
   8.    40   D 1 - 4 ; D 1 - 3 ; D 1 - 3 ; D 1  END                                    0.1247    0.12474
   9.    18   D 1 - 3 ; D 1 - 3 ; D 1 - 3 ; D 1 S 2 - 3  END                            0.1100   -0.10995
  10.    25   D 1 - 3 ; D 1 - 2 S 3 - 4 ; D 1 - 3 ; D 1 - 2  END                        0.1100    0.10995
  11.     9   D 1 - 3 S 4 ; D 1 - 3 S 5 ; D 1 - 2 S 3 ; S 1 D 2  END                    0.0997    0.07101 -0.06995
  12.     6   D 1 - 3 S 4 S 6 ; D 1 - 3 ; S 1 D 2 S 3 ; D 1 - 2  END                    0.0977   -0.07865 -0.05795
  13.     4   D 1 - 3 S 4 ; D 1 - 2 S 3 ; D 1 - 2 S 3 ; D 1 - 2 S 3  END                0.0783    0.06526  0.04335
  14.    10   D 1 - 3 ; D 1 - 4 ; D 1 - 3 ; D 1  END                                    0.0763   -0.07635
  15.  1157   D 1 - 4 ; D 1 - 2 S 3 - 4 ; D 1 - 2 ; D 1 - 2  END                        0.0743   -0.07431
  16.   717   D 1 - 4 ; D 1 - 3 ; D 1 - 2 ; D 1 S 2 - 3  END                            0.0743    0.07431
  17.    78   D 1 - 3 S 5 ; D 1 - 3 S 4 ; D 1 - 2 S 3 ; D 1 S 2  END                    0.0590   -0.00437  0.05888
  18.   103   D 1 - 3 S 4 ; D 1 - 3 S 4 ; D 1 S 2 D 3 ; D 1 S 2  END                    0.0590   -0.00437  0.05888
  19.    34   D 1 S 2 D 3 S 4 ; D 1 - 3 ; D 1 - 3 ; D 1 - 2  END                        0.0521    0.05206
  20. 11262   D 1 - 3 ; D 1 - 3 ; D 1 - 2 S 3 S 5 ; D 1 - 2  END                        0.0521   -0.05206
  21.  4636   D 1 - 4 ; D 1 - 2 S 3 - 4 ; D 1 - 2 ; D 1 S 2 - 3  END                    0.0517    0.00055  0.05167
  22.    97   D 1 - 3 ; D 1 - 3 S 4 - 5 ; D 1 - 2 ; D 1 - 2  END                        0.0499    0.04988
  23.    52   D 1 - 4 ; D 1 - 3 ; D 1 - 3 ; S 1 - 2  END                                0.0499    0.04988
  24.  3825   D 1 - 4 ; D 1 - 4 ; D 1 - 2 ; D 1  END                                    0.0466    0.04664
  25.    93   D 1 - 3 D 5 ; D 1 - 3 ; D 1 - 2 ; D 1 - 2  END                            0.0437    0.04374
  26.   130   D 1 - 4 ; D 1 - 3 ; D 1 D 3 ; D 1 - 2  END                                0.0437    0.04374
  27.    12   D 1 - 3 S 4 ; D 1 S 2 D 3 ; D 1 - 2 S 3 ; D 1 - 2 S 4  END                0.0436    0.03449 -0.02670
  28.  4005   D 1 - 4 S 5 ; D 1 - 3 S 4 ; D 1 S 2 ; D 1 S 2  END                        0.0436    0.01175 -0.04200
  29.   786   D 1 - 4 ; D 1 - 3 ; D 1 S 2 - 3 ; D 1 S 2 - 3  END                        0.0431   -0.00131  0.04305
  30.  1159   D 1 - 3 S 4 - 5 ; D 1 - 2 S 3 - 4 ; D 1 - 2 ; D 1 - 2  END                0.0431   -0.00131  0.04305
  31.    11   D 1 - 3 S 5 ; D 1 - 3 S 4 ; D 1 S 2 D 3 ; D 1 S 2  END                    0.0422   -0.02711  0.03240
  32.   825   D 1 - 4 ; D 1 - 3 ; D 1 S 2 S 4 ; D 1 - 2  END                            0.0406    0.04058
  33.  1891   D 1 - 2 S 3 D 4 S 5 ; D 1 - 3 ; D 1 - 2 ; D 1 - 2  END                    0.0406   -0.04058
  34.    84   D 1 - 3 S 4 ; D 1 - 3 S 4 ; D 1 - 2 S 3 ; S 1 D 2  END                    0.0405   -0.04023  0.00500
  35.    77   D 1 - 3 S 4 ; D 1 - 3 S 5 ; D 1 - 2 S 3 ; D 1 S 2  END                    0.0405    0.04023 -0.00500
  36.  3850   D 1 - 4 ; D 1 - 3 S 4 - 5 ; D 1 - 2 ; S 1 - 2  END                        0.0387    0.00624  0.03822
  37.  6276   D 1 - 2 S 3 D 4 ; D 1 - 3 S 4 ; D 1 - 2 S 4 ; D 1 S 2  END                0.0368   -0.00212  0.03671
  38.   357   D 1 - 2 D 4 ; D 1 - 3 ; D 1 - 3 ; D 1 - 2  END                            0.0360    0.03598
  39.    99   D 1 - 3 ; D 1 - 3 ; D 1 - 2 D 4 ; D 1 - 2  END                            0.0360    0.03598
  40.   723   D 1 - 3 S 4 ; D 1 - 3 S 4 ; D 1 - 2 S 4 ; D 1 S 2  END                    0.0333    0.03082 -0.01258
  41.  1845   D 1 - 2 S 3 D 4 ; D 1 - 3 S 4 ; D 1 - 2 S 3 ; D 1 S 2  END                0.0333    0.03082 -0.01258
  42.  4814   D 1 - 4 S 5 ; D 1 - 2 S 3 ; D 1 S 2 ; D 1 - 2 S 3  END                    0.0333    0.00121  0.03324
  43.   675   D 1 - 3 S 4 ; D 1 - 3 S 4 ; D 1 - 2 S 3 ; D 1 S 3  END                    0.0329   -0.01191  0.03070
  44.  1108   D 1 - 3 S 4 ; D 1 - 2 S 3 D 4 ; D 1 - 2 S 3 ; D 1 S 2  END                0.0329   -0.01191  0.03070
  45. 11589   S 1 D 2 - 3 S 4 ; D 1 - 3 ; D 1 - 2 S 3 S 6 ; D 1 - 2  END                0.0318    0.01818  0.02609
  46.     8   D 1 - 2 S 3 - 4 ; D 1 - 3 ; D 1 - 2 S 3 - 4 ; D 1 - 2  END                0.0313   -0.01578 -0.02708
  47. 11536   D 1 S 2 D 3 S 4 ; D 1 - 3 ; D 1 - 2 S 3 S 5 ; D 1 - 2  END                0.0310   -0.02019 -0.02351
  48.   210   D 1 - 3 S 4 ; D 1 - 2 S 3 ; D 1 - 2 S 3 ; D 1 - 2 S 4  END                0.0303    0.02604  0.01548
  49.   258   D 1 - 3 S 4 ; D 1 S 2 D 3 ; D 1 - 2 S 3 ; D 1 - 2 S 3  END                0.0303    0.02604  0.01548
  50.  5438   D 1 - 4 ; D 1 S 2 D 3 S 4 ; D 1 - 2 ; D 1 S 2 S 4  END                    0.0302    0.01503  0.02619
  51.   341   D 1 - 2 S 3 - 4 ; D 1 - 2 S 3 - 4 ; D 1 - 3 ; D 1 - 2  END                0.0301   -0.00354 -0.02992
  52.    82   D 1 - 3 ; D 1 - 3 ; D 1 - 2 S 3 - 4 ; D 1 S 2 - 3  END                    0.0301   -0.00354 -0.02992
  53.  4233   D 1 - 4 S 6 ; D 1 - 3 S 4 ; S 1 D 2 ; D 1 S 2  END                        0.0298   -0.00786  0.02876
  54.  6419   D 1 - 2 S 3 D 4 S 5 ; D 1 - 3 ; D 1 S 2 S 4 ; D 1 - 2  END                0.0298    0.00204  0.02974
  55.   147   D 1 - 3 S 6 ; D 1 - 3 S 4 ; S 1 D 2 - 3 ; D 1 S 2  END                    0.0293    0.01705 -0.02381
  56.  6770   D 1 - 2 S 3 D 4 ; D 1 - 2 S 3 ; D 1 - 2 S 4 ; D 1 - 2 S 3  END            0.0278    0.00621 -0.02712
  57.  1226   D 1 - 4 ; D 1 - 2 S 3 - 4 ; D 1 S 2 - 3 ; D 1 - 2  END                    0.0275   -0.00579  0.02683
  58.   719   D 1 - 3 S 4 - 5 ; D 1 - 3 ; D 1 - 2 ; D 1 S 2 - 3  END                    0.0275   -0.00579  0.02683
  59.    64   D 1 - 4 ; D 1 - 3 ; D 1 - 3 ; D 2  END                                    0.0272    0.02719
  60.    98   D 1 - 3 ; D 1 - 3 D 5 ; D 1 - 2 ; D 1 - 2  END                            0.0272    0.02719
  61.   244   D 1 - 3 S 4 ; D 1 S 2 D 3 ; D 1 - 3 S 4 ; D 1 S 2  END                    0.0269    0.01965  0.01831
  62.   324   D 1 - 2 S 3 ; D 1 - 3 S 4 ; D 1 - 2 S 3 ; D 1 - 2 S 4  END                0.0269    0.01965  0.01831
  63.    30   D 1 - 2 S 3 S 5 ; D 1 - 3 ; D 1 - 3 ; D 1 - 2  END                        0.0268    0.02681
  64.    23   D 1 - 3 ; D 1 - 3 ; D 1 S 2 D 3 S 4 ; D 1 - 2  END                        0.0268   -0.02681
  65.  4667   D 1 - 4 ; D 1 - 2 S 3 S 5 ; D 1 - 2 ; S 1 D 2 S 3  END                    0.0261    0.00076 -0.02612
  66.    87   D 1 - 3 S 6 ; D 1 - 3 S 4 ; D 1 - 2 S 3 ; S 1 D 2  END                    0.0259   -0.00407 -0.02553
  67.   144   D 1 - 3 S 4 ; D 1 - 3 S 5 ; S 1 D 2 - 3 ; D 1 S 2  END                    0.0259   -0.00407 -0.02553
  68.   160   D 1 - 3 S 4 - 5 ; D 1 - 3 ; S 1 D 2 S 3 ; D 1 - 2  END                    0.0257    0.02556  0.00293
  69.   119   D 1 - 3 S 4 S 6 ; D 1 - 3 ; D 1 S 2 - 3 ; D 1 - 2  END                    0.0257   -0.02556 -0.00293
  70.  1897   D 1 - 2 S 3 - 4 ; D 1 - 3 S 4 - 5 ; D 1 - 2 ; D 1 - 2  END                0.0256   -0.01991 -0.01610
  71.   685   D 1 - 4 ; D 1 - 3 ; D 1 - 2 S 3 - 4 ; S 1 - 2  END                        0.0256    0.01991  0.01610
  72. 11488   D 1 - 3 S 4 ; S 1 D 2 - 3 ; D 1 - 2 S 3 ; D 1 - 2 S 5  END                0.0252   -0.01589  0.01961
  73.    13   D 1 - 3 ; D 1 - 3 S 4 - 5 ; D 1 - 3 ; S 1 - 2  END                        0.0251   -0.01651 -0.01894
  74.    58   D 1 - 3 ; D 1 - 4 ; D 1 - 3 ; S 1 - 2  END                                0.0245   -0.02453
  75.    46   D 1 - 3 ; D 1 - 3 S 4 - 5 ; D 1 - 3 ; D 1  END                            0.0245   -0.02453
  76.    83   D 1 - 3 ; D 1 - 3 ; D 1 - 2 S 3 - 4 ; D 1 S 2 S 4  END                    0.0244    0.02412  0.00383
  77.   349   D 1 - 2 S 3 - 4 ; D 1 S 2 D 3 S 4 ; D 1 - 3 ; D 1 - 2  END                0.0244    0.02412  0.00383
  78.   910   D 1 - 4 ; D 1 - 3 ; S 1 D 2 S 3 ; D 1 S 2 S 4  END                        0.0243    0.00973  0.02231
  79.  1517   D 1 - 3 S 4 S 6 ; D 1 S 2 D 3 S 4 ; D 1 - 2 ; D 1 - 2  END                0.0243   -0.00973 -0.02231
  80.   184   D 1 - 4 ; D 1 - 3 ; D 2 - 3 ; D 1 - 2  END                                0.0243    0.02426
  81.    95   D 1 - 3 D 6 ; D 1 - 3 ; D 1 - 2 ; D 1 - 2  END                            0.0243    0.02426
  82.  4634   D 1 - 4 S 5 ; D 1 - 2 S 3 ; D 1 - 2 S 4 ; D 1 S 2  END                    0.0242   -0.00575  0.02347
  83.  6421   D 1 - 2 S 3 D 4 ; D 1 - 3 S 4 ; D 1 S 2 ; D 1 - 2 S 3  END                0.0242   -0.00575  0.02347
  84.  4123   D 1 - 5 ; D 1 - 3 ; D 1 ; D 1 - 2  END                                    0.0240    0.02401
  85.  4033   D 1 - 4 S 5 ; D 1 - 3 S 5 ; D 1 S 2 ; S 1 D 2  END                        0.0240   -0.00315  0.02380
  86.  4754   D 1 - 3 S 4 - 5 ; D 1 - 2 S 3 - 4 ; D 1 S 2 - 3 ; D 1 S 2 - 3  END        0.0225    0.00176  0.00276  0.00764 -0.00520
                                                                                                 -0.00070  0.00503 -0.00154 -0.00602
                                                                                                  0.00319 -0.00661  0.00967  0.00024
                                                                                                  0.00319 -0.01377
  87.   124   D 1 - 3 ; D 1 - 3 S 4 - 5 ; D 1 S 2 - 3 ; D 1 - 2  END                    0.0224    0.00674  0.02131
  88.    53   D 1 - 3 S 4 - 5 ; D 1 - 3 ; D 1 - 3 ; S 1 - 2  END                        0.0224   -0.00674 -0.02131
  89.  1129   D 1 - 4 S 5 ; D 1 - 2 S 3 ; D 1 - 2 S 3 ; S 1 D 2  END                    0.0219    0.00266 -0.02170
  90.   830   D 1 - 3 S 4 ; D 1 - 3 S 5 ; D 1 S 2 ; D 1 - 2 S 3  END                    0.0219   -0.00266  0.02170
  91.  4994   D 1 - 4 S 6 ; D 1 - 2 S 3 ; S 1 D 2 ; D 1 - 2 S 3  END                    0.0217   -0.00047 -0.02172
  92.    94   D 1 - 3 S 5 - 6 ; D 1 - 3 ; D 1 - 2 ; D 1 - 2  END                        0.0217    0.02171
  93.   171   D 1 - 4 ; D 1 - 3 ; S 1 - 2 D 3 ; D 1 - 2  END                            0.0217    0.02171
  94. 17302   D 1 S 2 D 3 - 4 ; D 1 - 3 S 4 ; D 1 - 2 S 5 ; D 1 S 2  END                0.0216   -0.00862  0.01982
  95.   307   D 1 - 2 S 3 - 4 ; D 1 - 3 ; D 1 - 3 ; D 1 S 2 S 4  END                    0.0216    0.01462  0.01585
  96.   263   D 1 - 3 ; D 1 S 2 D 3 S 4 ; D 1 - 2 S 3 - 4 ; D 1 - 2  END                0.0216    0.01462  0.01585
  97.  2409   D 1 - 3 S 4 S 6 ; S 1 D 2 - 3 S 4 ; D 1 - 2 ; D 1 - 2  END                0.0215   -0.01038 -0.01877
  98. 11901   D 1 - 4 ; D 1 - 3 ; S 1 D 2 S 3 ; D 1 S 2 S 5  END                        0.0215   -0.01038 -0.01877
  99. 11697   D 1 - 4 ; D 1 - 3 ; D 1 - 2 S 3 S 6 ; S 1 - 2  END                        0.0214    0.00691  0.02021
 100.  3186   S 1 D 2 - 3 S 4 ; D 1 - 3 S 4 - 5 ; D 1 - 2 ; D 1 - 2  END                0.0214    0.00691  0.02021




 POSITION OF FIRST SPIN COUPLING FOR TEN MOST IMPORTANT CONFIGURATIONS
       2      3      1     36     43      7    128     54     32     39



 ELAPSED TIME =      38.49 CPU SECONDS. (     38.49 WALL CLOCK SECONDS)
