 ************************************************************************
 * CISTAR - CONFIGURATION INTERACTION/PERTURBATION THEORY PROGRAM       *
 * QUANTUM CHEMISTRY GROUP - INDIANA UNIVERSITY - 29Aug 2010  13:07:09  *
 ************************************************************************



 THE TRANSFORMED INTEGRALS ARE TITLED: dumm                                    
 THE FILE IS DATED:                     29Aug 2010  13:07:09 
 THE NUMBER OF ORBITALS FROM FILE 16 IS  22.


                         CI RUN TITLE
                         -- --- -----
 ) * H2O  -SINGLET A1-  STO-3G HF SD-CI TEST CASE *


 ) $
 ) $ GENERAL OPTIONS LIST INPUT
 ) $
 )MRSDCI=  3      $ REQUEST UP TO SD EXCITATIONS FROM THESE CONFIGURATION
 )ISYMMETRY=1       $ SPECIFY Ag OVERALL SYMMETR
 )MULTIPLICITY=1       $ SPECIFY SPIN MULTIPLICITY
 )END
 TIME TO PROCESS FORMULA FILE = 0.0 CPU SEC. ( 0.0 WALL CLOCK SEC.)

            THE REFERENCE SPACE CONFIGURATIONS
            --- --------- ----- --------------
 ) $
 ) $ SPECIFY THE HARTREE-FOCK CONFIGURATION
 ) $
 )  D 1 - 3 ; D 1 - 3 ; D 1 - 3 ; D 1 - 2  END
 )  D 1 - 4 ; D 1 - 3 ; D 1 - 2 ; D 1 - 2  END
 )  D 1 - 3 S 4 ; D 1 - 3 S 4 ; D 1 - 2 S 3 ; D 1 S 2  END

               INTERNALLY GENERATED ORBITAL SETS (MR SD-CI TYPE 1)
               ---------- --------- ------- ---------------------
 MIN. MAX.
 OCC. OCC.
   0   2   0000110000100011100111
   0   4   0001000001000000000000
   0   4   0000000000000100001000
  16  18   1110001110011000010000
 THE REFERENCE SPACE CONTAINS   4 SPIN-ADAPTED CONFIGURATIONS.


      3802 SPACE ORBITAL PRODUCTS (    13232 SPIN-ADAPTED CONFIGURATIONS)
 WERE GENERATED IN     0.0 CPU SECONDS.
 TIME IN DIAGC    0.0


 THE TOTAL NUMBER OF SPACE ORBITAL PRODUCTS IS           3802
 THE TOTAL NUMBER OF SPIN-ADAPTED CONFIGURATIONS IS     13232
 THE MAX. NUMBER OF SPIN COUPLINGS IN A S.O.P. IS   14
 THERE WILL BE         2 INTEGRAL LOADS UTILIZING  19995967 WORDS OF MEMORY.
 writ50, first, nrec= T       15872
 A TOTAL OF   330693 NONZERO S.O.P. PAIRS WERE FOUND.
 TIME TO FIND (I,J) PAIRS =    0.14 CPU SECONDS.
 THE VALUE OF THE H(1,1) ELEMENT IS  -877.1887893

          HAMILTONIAN MATRIX STORAGE DATA
 I/O   NO. OF    NO. OF     FILE SIZE    PERCENT NONZERO
 FILE  RECORDS   ELEMENTS   (IN BYTES)    IN ALL BLOCKS
  12         4      26464       211732
  13        40      38086       640160
  17       778    3079958     13784000      66.7
  20       140    1116423      8960560
 TOTAL ELAPSED TIME =     0.8 CPU SECONDS AND        0.8 WALL CLOCK SECONDS.
