 ************************************************************************
 * RTSIM - DAVIDSON METHOD SPARSE MATRIX EIGENVALUE/EIGENVECTOR PROGRAM *
 * QUANTUM CHEMISTRY GROUP - INDIANA UNIVERSITY - 29Aug 2010  13:08:13  *
 ************************************************************************



                 DIAGONALIZATION RUN TITLE
                 -------------------------
 )* WATER TEST *



 ) DAVIDSON
 ) LAST=2
 ) COEFF
 ) NOVLP
 ) MAXITR=1000 END

 THE CI MATRIX IS TITLED:  H2O  -SINGLET A1-  STO-3G HF SD-CI TEST
 THE MATRIX IS DATED:     29Aug 2010  13:08:04 
 THE SPIN MULTIPLICITY IS 1 AND THE DIMENSION IS  69357.

 ROOTS  1 THROUGH  2 WILL BE OBTAINED.

  
  
  
 AMOUNT OF CORE AVAILABLE                      30000000
 MAXIMUM NUMBER OF VECTORS PER ITERATION              2
 MAXIMUM NUMBER OF VECTORS ON DISK                   16
 NUMBER OF SOLUTIONS SOUGHT                           2
 NUMBER OF SOLUTIONS INVESTIGATED                     2
 SIZE OF MATRIX DIAGONALISED                      69357
  
  
 INITIAL GUESS AT ROOTS (OBTAINED FROM DIAGONAL ELEMENTS OF HAMILTONIAN MATRIX)

                1        -877.18879
                2        -872.77545


 ITERATION       ROOT           EIGENVALUE          NORM OF RESIDUAL
     1             1          -877.32227780              6.29324
     1             2          -872.64196295              7.22052
     2             1          -879.75310685              7.05872
     2             2          -875.75317789              9.88953
     2             1          -879.75310685              2.84692
     2             2          -875.75317789              4.44269
     3             1          -880.12058705              3.76523
     3             2          -876.78103391              6.73169
     3             1          -880.12058705              1.24278
     3             2          -876.78103391              2.43689
     4             1          -880.19640374              2.22871
     4             2          -877.05264549              4.05328
     4             1          -880.19640374              0.56262
     4             2          -877.05264549              1.34651
     5             1          -880.21084293              1.09066
     5             2          -877.15147952              3.27685
     5             1          -880.21084293              0.25477
     5             2          -877.15147952              0.80384
     6             1          -880.21348121              0.47012
     6             2          -877.18602593              2.27299
     6             1          -880.21348121              0.12222
     6             2          -877.18602593              0.46408
     7             1          -880.21408306              0.25437
     7             2          -877.19654038              1.37354
     7             1          -880.21408306              0.06161
     7             2          -877.19654038              0.28425
     8             1          -880.21424157              0.15314
     8             2          -877.20099725              1.10154
  truncating with vlp=false 
 TRUNCATION TO 1 VECTOR PER ROOT HAS BEEN PERFORMED
     8             1          -880.21424157              0.02990
     8             2          -877.20099725              0.18695
     9             1          -880.21426953              0.02978
     9             2          -877.20233754              0.23693
     9             1          -880.21426953              0.01526
     9             2          -877.20233754              0.11217
    10             1          -880.21428046              0.04200
    10             2          -877.20300796              0.41647
    10             1          -880.21428046              0.00884
    10             2          -877.20300796              0.09268
    11             1          -880.21428365              0.02652
    11             2          -877.20351967              0.45471
    11             1          -880.21428365              0.00444
    11             2          -877.20351967              0.08225
    12             1          -880.21428443              0.01291
    12             2          -877.20386980              0.43068
    12             1          -880.21428443              0.00195
    12             2          -877.20386980              0.05015
    13             1          -880.21428458              0.00535
    13             2          -877.20398819              0.22035
    13             1          -880.21428458              0.00086
    13             2          -877.20398819              0.02797
    14             1          -880.21428461              0.00237
    14             2          -877.20402964              0.12662
    14             1          -880.21428461              0.00038
    14             2          -877.20402964              0.01520
    15             1          -880.21428462              0.00106
    15             2          -877.20404191              0.06686
  truncating with vlp=false 
 TRUNCATION TO 1 VECTOR PER ROOT HAS BEEN PERFORMED
    15             1          -880.21428462              0.00014
    15             2          -877.20404191              0.00677
    16             1          -880.21428462              0.00014
    16             2          -877.20404374              0.00911
    16             1          -880.21428462              0.00006
    16             2          -877.20404374              0.00365
     ROOT    ITERATION     NUMBER OF PRODUCTS       EIGENVALUE
       1        16                30                -880.2142846173


    17             2          -877.20404388              0.00304
    17             2          -877.20404388              0.00333
    18             2          -877.20404467              0.00820
    18             2          -877.20404467              0.00250
    19             2          -877.20404497              0.00586
    19             2          -877.20404497              0.00147
    20             2          -877.20404508              0.00379
    20             2          -877.20404508              0.00079
    21             2          -877.20404511              0.00211
    21             2          -877.20404511              0.00044
    22             2          -877.20404512              0.00137
    22             2          -877.20404512              0.00031
    23             2          -877.20404512              0.00109
    23             2          -877.20404512              0.00019
    24             2          -877.20404513              0.00064
    24             2          -877.20404513              0.00012
    25             2          -877.20404513              0.00043
    25             2          -877.20404513              0.00007
     ROOT    ITERATION     NUMBER OF PRODUCTS       EIGENVALUE
       2        25                39                -877.2040451260


  all roots converged 
  

 ************************************
 COMPLETED CI VECTOR OPTIMISATION
 ************************************





 ********************************
 RESULTS FOR ROOT   01
 TOTAL CI ENERGY =   -880.2142846
 ********************************

       CONF.                                                                           COEFF.
        NO.        SPACE ORBITAL PRODUCTS                                             CONTRIB.      CI COEFFICIENTS

       -----       ----------------------                                             --------   ---------------------
   1.     1   D 1 - 3 ; D 1 - 3 ; D 1 - 3 ; D 1 - 2  END                                0.8620   -0.86201
   2.     2   D 1 - 4 ; D 1 - 3 ; D 1 - 2 ; D 1 - 2  END                                0.2121    0.21214
   3.     3   D 1 - 3 S 4 ; D 1 - 3 S 4 ; D 1 - 2 S 3 ; D 1 S 2  END                    0.1410    0.02572 -0.13868
   4.     4   D 1 - 3 S 4 ; D 1 - 2 S 3 ; D 1 - 2 S 3 ; D 1 - 2 S 3  END                0.0992    0.01229  0.09847
   5.     5   D 1 - 3 S 4 - 5 ; D 1 - 3 ; D 1 S 2 - 3 ; D 1 - 2  END                    0.0898   -0.01329 -0.08880
   6.     6   D 1 - 3 S 4 S 6 ; D 1 - 3 ; S 1 D 2 S 3 ; D 1 - 2  END                    0.0757    0.00740  0.07532
   7.     7   D 1 - 3 ; D 1 - 2 S 3 - 4 ; D 1 - 3 ; D 1 S 2 - 3  END                    0.0725   -0.00865  0.07200
   8.     8   D 1 - 2 S 3 - 4 ; D 1 - 3 ; D 1 - 2 S 3 - 4 ; D 1 - 2  END                0.0721    0.02131  0.06891
   9.     9   D 1 - 3 S 4 ; D 1 - 3 S 5 ; D 1 - 2 S 3 ; S 1 D 2  END                    0.0668   -0.00886  0.06617
  10.    10   D 1 - 3 ; D 1 - 4 ; D 1 - 3 ; D 1  END                                    0.0623    0.06228
  11.    11   D 1 - 3 S 4 ; D 1 S 2 D 3 ; D 1 - 2 S 3 ; D 1 - 2 S 4  END                0.0544   -0.01417  0.05251
  12.   100   D 1 - 3 S 5 ; D 1 - 3 S 4 ; D 1 S 2 D 3 ; D 1 S 2  END                    0.0505    0.00443 -0.05034
  13.    53   D 1 - 3 ; D 1 - 3 S 4 - 5 ; D 1 - 3 ; S 1 - 2  END                        0.0484    0.00149  0.04843
  14.   311   D 1 - 2 S 3 ; D 1 - 3 S 4 ; D 1 - 3 S 4 ; D 1 S 2  END                    0.0483   -0.00203  0.04829
  15.   215   D 1 - 3 S 5 ; D 1 - 2 S 3 ; D 1 S 2 D 3 ; D 1 - 2 S 3  END                0.0467    0.00485  0.04649
  16.   305   D 1 - 2 S 3 - 4 ; D 1 - 3 ; D 1 - 3 ; D 1 S 2 - 3  END                    0.0452    0.00851 -0.04440
  17.   211   D 1 - 3 ; D 1 - 2 S 3 - 4 ; D 1 - 2 S 3 - 4 ; D 1 - 2  END                0.0452    0.00851 -0.04440
  18.  7659   D 1 S 2 D 3 S 4 ; D 1 - 3 ; D 1 - 2 S 3 S 5 ; D 1 - 2  END                0.0388    0.01337  0.03642
  19.   114   D 1 - 4 ; D 1 - 3 ; D 1 S 2 - 3 ; D 1 - 2  END                            0.0373    0.03726
  20.    86   D 1 - 3 S 4 - 5 ; D 1 - 3 ; D 1 - 2 ; D 1 - 2  END                        0.0373   -0.03726
  21.   204   D 1 - 3 ; D 1 - 2 S 3 S 5 ; D 1 - 3 ; S 1 D 2 S 3  END                    0.0370    0.00327 -0.03689
  22.   246   D 1 - 3 ; D 1 S 2 D 3 S 4 ; D 1 - 3 ; D 1 S 2 S 4  END                    0.0367    0.01712  0.03245
  23.    91   D 1 - 3 ; D 1 - 4 ; D 1 - 2 ; D 1 - 2  END                                0.0363    0.03633
  24.    34   D 1 - 4 ; D 1 - 3 ; D 1 - 3 ; D 1  END                                    0.0363    0.03633
  25.   347   D 1 - 2 S 3 ; D 1 - 2 S 3 ; D 1 - 3 S 4 ; D 1 - 2 S 3  END                0.0354    0.00637 -0.03483
  26.   328   D 1 - 2 S 3 S 5 ; D 1 - 3 ; D 1 S 2 D 3 S 4 ; D 1 - 2  END                0.0352    0.00209  0.03518
  27.  7712   S 1 D 2 - 3 S 4 ; D 1 - 3 ; D 1 - 2 S 3 S 6 ; D 1 - 2  END                0.0352   -0.01602 -0.03133
  28.   225   D 1 - 3 S 6 ; D 1 - 2 S 3 ; S 1 D 2 - 3 ; D 1 - 2 S 3  END                0.0344   -0.00254 -0.03434
  29.   143   D 1 - 3 S 6 ; D 1 - 3 S 4 ; S 1 D 2 - 3 ; D 1 S 2  END                    0.0331   -0.00070  0.03310
  30.    72   D 1 - 3 S 4 ; D 1 - 3 S 5 ; D 1 - 2 S 3 ; D 1 S 2  END                    0.0330   -0.00358  0.03277
  31.    79   D 1 - 3 S 4 ; D 1 - 3 S 4 ; D 1 - 2 S 3 ; S 1 D 2  END                    0.0330    0.00358 -0.03277
  32.  7611   D 1 - 3 S 4 ; S 1 D 2 - 3 ; D 1 - 2 S 3 ; D 1 - 2 S 5  END                0.0314    0.01320 -0.02852
  33.   161   D 1 - 3 ; D 1 - 3 S 4 - 5 ; S 1 D 2 S 3 ; D 1 - 2  END                    0.0309    0.00059 -0.03092
  34.    48   D 1 - 3 S 4 S 6 ; D 1 - 3 ; D 1 - 3 ; S 1 - 2  END                        0.0309    0.00059 -0.03092
  35.   129   D 1 - 3 D 5 ; D 1 - 3 ; D 1 D 3 ; D 1 - 2  END                            0.0302    0.03017
  36.   330   D 1 - 2 S 3 ; D 1 - 3 S 4 ; D 1 S 2 D 3 ; D 1 - 2 S 3  END                0.0290   -0.00417  0.02870
  37.   194   D 1 - 3 S 5 ; D 1 - 2 S 3 ; D 1 - 3 S 4 ; D 1 S 2  END                    0.0290   -0.00417  0.02870
  38.   320   D 1 - 2 S 3 ; D 1 - 3 S 5 ; D 1 - 3 S 4 ; S 1 D 2  END                    0.0289    0.00224 -0.02883
  39.   193   D 1 - 3 S 4 ; D 1 - 2 S 3 ; D 1 - 3 S 4 ; D 1 S 2  END                    0.0288    0.00780 -0.02770
  40.   323   D 1 - 2 S 3 ; D 1 - 3 S 4 ; D 1 - 2 S 3 ; D 1 - 2 S 3  END                0.0288    0.00780 -0.02770
  41.   140   D 1 - 3 S 4 ; D 1 - 3 S 5 ; S 1 D 2 - 3 ; D 1 S 2  END                    0.0281   -0.00057 -0.02814
  42.    82   D 1 - 3 S 6 ; D 1 - 3 S 4 ; D 1 - 2 S 3 ; S 1 D 2  END                    0.0281   -0.00057 -0.02814
  43.   109   D 1 - 3 S 5 ; D 1 - 3 S 5 ; D 1 S 2 D 3 ; S 1 D 2  END                    0.0280   -0.00046  0.02795
  44.   239   D 1 - 3 ; D 1 - 2 ; D 1 - 3 ; D 1 - 3  END                                0.0278    0.02777
  45.   263   D 1 - 3 S 4 ; D 1 S 2 D 3 ; D 1 S 2 D 3 ; D 1 - 2 S 3  END                0.0275    0.00516  0.02697
  46.   208   D 1 - 3 S 5 ; D 1 - 2 S 3 ; D 1 - 2 S 3 ; D 1 - 2 S 4  END                0.0275    0.00516  0.02697
  47.   290   D 1 - 3 ; D 1 S 2 - 3 ; D 1 - 3 ; D 1 - 2 S 3 - 4  END                    0.0256   -0.00863 -0.02415
  48.   242   D 1 - 3 S 4 ; D 1 S 2 D 3 ; D 1 - 3 S 4 ; D 1 S 2  END                    0.0251    0.01201  0.02202
  49.   324   D 1 - 2 S 3 ; D 1 - 3 S 4 ; D 1 - 2 S 3 ; D 1 - 2 S 4  END                0.0251    0.01201  0.02202
  50.  7648   D 1 S 2 D 3 ; D 1 - 3 S 4 ; D 1 - 3 S 5 ; D 1 S 2  END                    0.0249   -0.00929  0.02312
  51.    80   D 1 - 3 S 5 ; D 1 - 3 S 4 ; D 1 - 2 S 3 ; S 1 D 2  END                    0.0244    0.00060 -0.02437
  52.    99   D 1 - 3 S 4 ; D 1 - 3 S 5 ; D 1 S 2 D 3 ; D 1 S 2  END                    0.0244   -0.00060  0.02437
  53.   171   D 1 - 3 S 5 - 6 ; D 1 - 3 ; S 1 - 2 D 3 ; D 1 - 2  END                    0.0243   -0.00034  0.02432
  54.   266   D 1 - 3 S 5 ; D 1 S 2 D 3 ; D 1 S 2 D 3 ; D 1 - 2 S 4  END                0.0242   -0.00629  0.02342
  55.    35   D 1 - 3 S 4 - 5 ; D 1 - 3 ; D 1 - 3 ; D 1  END                            0.0242    0.02417
  56.   119   D 1 - 3 ; D 1 - 4 ; D 1 S 2 - 3 ; D 1 - 2  END                            0.0242   -0.02417
  57.   256   D 1 - 3 S 4 ; D 1 S 2 D 3 ; D 1 - 2 S 3 ; D 1 - 2 S 3  END                0.0241    0.01512  0.01876
  58.   206   D 1 - 3 S 4 ; D 1 - 2 S 3 ; D 1 - 2 S 3 ; D 1 - 2 S 4  END                0.0241    0.01512  0.01876
  59.   219   D 1 - 3 ; D 1 - 2 S 3 - 4 ; D 1 S 2 D 3 S 4 ; D 1 - 2  END                0.0240   -0.00392  0.02370
  60.   307   D 1 - 2 S 3 S 5 ; D 1 - 3 ; D 1 - 3 ; D 1 S 2 - 3  END                    0.0240   -0.00392  0.02370
  61.   115   D 1 - 3 S 4 S 6 ; D 1 - 3 ; D 1 S 2 - 3 ; D 1 - 2  END                    0.0237    0.00221  0.02360
  62.   156   D 1 - 3 S 4 - 5 ; D 1 - 3 ; S 1 D 2 S 3 ; D 1 - 2  END                    0.0237   -0.00221 -0.02360
  63.    73   D 1 - 3 S 5 ; D 1 - 3 S 4 ; D 1 - 2 S 3 ; D 1 S 2  END                    0.0236    0.00462  0.02319
  64.    98   D 1 - 3 S 4 ; D 1 - 3 S 4 ; D 1 S 2 D 3 ; D 1 S 2  END                    0.0236    0.00462  0.02319
  65.   168   D 1 - 3 S 4 - 5 ; D 1 - 3 ; S 1 - 2 D 3 ; D 1 - 2  END                    0.0231   -0.00093 -0.02311
  66.   117   D 1 - 3 S 5 - 6 ; D 1 - 3 ; D 1 S 2 - 3 ; D 1 - 2  END                    0.0231    0.00093  0.02311
  67.   356   D 1 - 2 S 3 ; D 1 S 2 D 3 ; D 1 - 3 S 4 ; D 1 - 2 S 4  END                0.0224    0.00681 -0.02131
  68.   341   D 1 - 2 S 3 - 4 ; D 1 - 2 S 3 - 4 ; D 1 - 3 ; D 1 - 2  END                0.0222   -0.00410 -0.02178
  69.    77   D 1 - 3 ; D 1 - 3 ; D 1 - 2 S 3 - 4 ; D 1 S 2 - 3  END                    0.0222   -0.00410 -0.02178
  70.  7669   D 1 S 2 D 3 S 5 ; D 1 - 3 ; D 1 S 2 D 3 S 5 ; D 1 - 2  END                0.0220    0.01278  0.01794
  71.   315   D 1 - 2 S 3 S 5 ; D 1 - 3 ; D 1 - 3 ; S 1 D 2 S 3  END                    0.0220    0.00240 -0.02187
  72.   220   D 1 - 3 ; D 1 - 2 S 3 S 5 ; D 1 S 2 D 3 S 4 ; D 1 - 2  END                0.0220   -0.00240  0.02187
  73.  7601   D 1 - 3 ; S 1 D 2 - 3 S 4 ; D 1 - 3 ; D 1 S 2 S 5  END                    0.0218   -0.00977 -0.01954
  74.  2778   D 1 - 4 ; D 1 - 4 ; D 1 - 2 ; D 1  END                                    0.0217   -0.02171
  75.  3381   D 1 - 4 ; D 1 - 2 S 3 - 4 ; D 1 - 2 ; D 1 S 2 - 3  END                    0.0216    0.00281 -0.02146
  76.   152   D 1 - 3 S 6 ; D 1 - 3 S 5 ; S 1 D 2 - 3 ; S 1 D 2  END                    0.0211   -0.00030 -0.02109
  77.   108   D 1 - 3 S 5 ; D 1 - 3 S 4 ; D 1 S 2 D 3 ; S 1 D 2  END                    0.0210    0.00111  0.02098
  78.   101   D 1 - 3 S 5 ; D 1 - 3 S 5 ; D 1 S 2 D 3 ; D 1 S 2  END                    0.0210   -0.00111 -0.02098
  79.   366   D 1 - 2 ; D 1 - 3 ; D 1 - 4 ; D 1 - 2  END                                0.0210    0.02097
  80.    16   D 1 - 3 ; D 1 - 3 ; D 1 - 2 S 3 - 4 ; D 1 - 2  END                        0.0209   -0.02094
  81.    23   D 1 - 2 S 3 - 4 ; D 1 - 3 ; D 1 - 3 ; D 1 - 2  END                        0.0209    0.02094
  82.    88   D 1 - 3 D 5 ; D 1 - 3 ; D 1 - 2 ; D 1 - 2  END                            0.0206    0.02057
  83.   126   D 1 - 4 ; D 1 - 3 ; D 1 D 3 ; D 1 - 2  END                                0.0206    0.02057
  84.   157   D 1 - 3 D 5 ; D 1 - 3 ; S 1 D 2 S 3 ; D 1 - 2  END                        0.0206    0.02056
  85.   128   D 1 - 3 S 4 S 6 ; D 1 - 3 ; D 1 D 3 ; D 1 - 2  END                        0.0206    0.02056
  86.  7684   D 1 S 2 D 3 ; D 1 - 2 S 3 ; D 1 - 3 S 5 ; D 1 - 2 S 3  END                0.0203    0.00853 -0.01841
  87.   147   D 1 - 3 S 4 ; D 1 - 3 S 4 ; S 1 D 2 - 3 ; S 1 D 2  END                    0.0201    0.00076  0.02009
  88.    76   D 1 - 3 S 6 ; D 1 - 3 S 5 ; D 1 - 2 S 3 ; D 1 S 2  END                    0.0201    0.00076  0.02009
  89.   339   D 1 - 2 S 3 ; D 1 - 3 S 5 ; S 1 D 2 - 3 ; D 1 - 2 S 3  END                0.0196    0.00162 -0.01956
  90.   201   D 1 - 3 S 6 ; D 1 - 2 S 3 ; D 1 - 3 S 4 ; S 1 D 2  END                    0.0196    0.00162 -0.01956
  91.   198   D 1 - 3 ; D 1 - 2 S 3 S 5 ; D 1 - 3 ; D 1 S 2 S 4  END                    0.0189    0.00208 -0.01883
  92.   252   D 1 - 3 ; D 1 S 2 D 3 S 4 ; D 1 - 3 ; S 1 D 2 S 3  END                    0.0189   -0.00208  0.01883
  93.   332   D 1 - 2 S 3 ; D 1 - 3 S 5 ; D 1 S 2 D 3 ; D 1 - 2 S 3  END                0.0189   -0.00218  0.01880
  94.   200   D 1 - 3 S 5 ; D 1 - 2 S 3 ; D 1 - 3 S 4 ; S 1 D 2  END                    0.0189    0.00218 -0.01880
  95.   269   D 1 - 3 ; D 1 S 2 D 3 S 4 ; D 1 S 2 D 3 S 4 ; D 1 - 2  END                0.0188   -0.00142 -0.01876
  96.   308   D 1 - 2 S 3 S 5 ; D 1 - 3 ; D 1 - 3 ; D 1 S 2 S 4  END                    0.0188   -0.00142 -0.01876
  97.   133   D 1 - 3 ; D 1 - 3 S 4 - 5 ; D 1 D 3 ; D 1 - 2  END                        0.0188   -0.01876
  98.    49   D 1 - 3 D 5 ; D 1 - 3 ; D 1 - 3 ; S 1 - 2  END                            0.0188   -0.01876
  99.   120   D 1 - 3 ; D 1 - 3 S 4 - 5 ; D 1 S 2 - 3 ; D 1 - 2  END                    0.0187    0.00190  0.01855
 100.    47   D 1 - 3 S 4 - 5 ; D 1 - 3 ; D 1 - 3 ; S 1 - 2  END                        0.0187   -0.00190 -0.01855




 POSITION OF FIRST SPIN COUPLING FOR TEN MOST IMPORTANT CONFIGURATIONS
       1      2      3      5      7      9     11     13     15     17



 ********************************
 RESULTS FOR ROOT   02
 TOTAL CI ENERGY =   -877.2040451
 ********************************

       CONF.                                                                           COEFF.
        NO.        SPACE ORBITAL PRODUCTS                                             CONTRIB.      CI COEFFICIENTS

       -----       ----------------------                                             --------   ---------------------
   1.     2   D 1 - 4 ; D 1 - 3 ; D 1 - 2 ; D 1 - 2  END                                0.7037    0.70366
   2.     3   D 1 - 3 S 4 ; D 1 - 3 S 4 ; D 1 - 2 S 3 ; D 1 S 2  END                    0.2918    0.22112 -0.19038
   3.     1   D 1 - 3 ; D 1 - 3 ; D 1 - 3 ; D 1 - 2  END                                0.2428    0.24284
   4.    23   D 1 - 2 S 3 - 4 ; D 1 - 3 ; D 1 - 3 ; D 1 - 2  END                        0.1545    0.15445
   5.    16   D 1 - 3 ; D 1 - 3 ; D 1 - 2 S 3 - 4 ; D 1 - 2  END                        0.1545   -0.15445
   6.     5   D 1 - 3 S 4 - 5 ; D 1 - 3 ; D 1 S 2 - 3 ; D 1 - 2  END                    0.1452   -0.09988 -0.10533
   7.    91   D 1 - 3 ; D 1 - 4 ; D 1 - 2 ; D 1 - 2  END                                0.1201   -0.12010
   8.    34   D 1 - 4 ; D 1 - 3 ; D 1 - 3 ; D 1  END                                    0.1201   -0.12010
   9.     9   D 1 - 3 S 4 ; D 1 - 3 S 5 ; D 1 - 2 S 3 ; S 1 D 2  END                    0.1026   -0.07352  0.07156
  10.     6   D 1 - 3 S 4 S 6 ; D 1 - 3 ; S 1 D 2 S 3 ; D 1 - 2  END                    0.0995    0.08087  0.05793
  11.    19   D 1 - 3 ; D 1 - 2 S 3 - 4 ; D 1 - 3 ; D 1 - 2  END                        0.0920   -0.09204
  12.    12   D 1 - 3 ; D 1 - 3 ; D 1 - 3 ; D 1 S 2 - 3  END                            0.0920    0.09204
  13.     4   D 1 - 3 S 4 ; D 1 - 2 S 3 ; D 1 - 2 S 3 ; D 1 - 2 S 3  END                0.0837   -0.07176 -0.04311
  14.    10   D 1 - 3 ; D 1 - 4 ; D 1 - 3 ; D 1  END                                    0.0763    0.07631
  15.   699   D 1 - 4 ; D 1 - 3 ; D 1 - 2 ; D 1 S 2 - 3  END                            0.0732   -0.07315
  16.  1037   D 1 - 4 ; D 1 - 2 S 3 - 4 ; D 1 - 2 ; D 1 - 2  END                        0.0732    0.07315
  17.    98   D 1 - 3 S 4 ; D 1 - 3 S 4 ; D 1 S 2 D 3 ; D 1 S 2  END                    0.0561    0.00449 -0.05596
  18.    73   D 1 - 3 S 5 ; D 1 - 3 S 4 ; D 1 - 2 S 3 ; D 1 S 2  END                    0.0561    0.00449 -0.05596
  19.  3381   D 1 - 4 ; D 1 - 2 S 3 - 4 ; D 1 - 2 ; D 1 S 2 - 3  END                    0.0530   -0.00084 -0.05302
  20.    28   D 1 S 2 D 3 S 4 ; D 1 - 3 ; D 1 - 3 ; D 1 - 2  END                        0.0490   -0.04900
  21.  7385   D 1 - 3 ; D 1 - 3 ; D 1 - 2 S 3 S 5 ; D 1 - 2  END                        0.0490    0.04900
  22.    46   D 1 - 4 ; D 1 - 3 ; D 1 - 3 ; S 1 - 2  END                                0.0489   -0.04886
  23.    92   D 1 - 3 ; D 1 - 3 S 4 - 5 ; D 1 - 2 ; D 1 - 2  END                        0.0489   -0.04886
  24.  2778   D 1 - 4 ; D 1 - 4 ; D 1 - 2 ; D 1  END                                    0.0485   -0.04846
  25.    11   D 1 - 3 S 4 ; D 1 S 2 D 3 ; D 1 - 2 S 3 ; D 1 - 2 S 4  END                0.0458   -0.03639  0.02785
  26.    88   D 1 - 3 D 5 ; D 1 - 3 ; D 1 - 2 ; D 1 - 2  END                            0.0451   -0.04505
  27.   126   D 1 - 4 ; D 1 - 3 ; D 1 D 3 ; D 1 - 2  END                                0.0451   -0.04505
  28.  2903   D 1 - 4 S 5 ; D 1 - 3 S 4 ; D 1 S 2 ; D 1 S 2  END                        0.0441   -0.01213  0.04235
  29.   747   D 1 - 4 ; D 1 - 3 ; D 1 S 2 - 3 ; D 1 S 2 - 3  END                        0.0420    0.00064 -0.04199
  30.  1039   D 1 - 3 S 4 - 5 ; D 1 - 2 S 3 - 4 ; D 1 - 2 ; D 1 - 2  END                0.0420    0.00064 -0.04199
  31.   785   D 1 - 4 ; D 1 - 3 ; D 1 S 2 S 4 ; D 1 - 2  END                            0.0395   -0.03948
  32.  1536   D 1 - 2 S 3 D 4 S 5 ; D 1 - 3 ; D 1 - 2 ; D 1 - 2  END                    0.0395    0.03948
  33.    79   D 1 - 3 S 4 ; D 1 - 3 S 4 ; D 1 - 2 S 3 ; S 1 D 2  END                    0.0392    0.03907 -0.00370
  34.    72   D 1 - 3 S 4 ; D 1 - 3 S 5 ; D 1 - 2 S 3 ; D 1 S 2  END                    0.0392   -0.03907  0.00370
  35.  2803   D 1 - 4 ; D 1 - 3 S 4 - 5 ; D 1 - 2 ; S 1 - 2  END                        0.0392   -0.00645 -0.03868
  36.   100   D 1 - 3 S 5 ; D 1 - 3 S 4 ; D 1 S 2 D 3 ; D 1 S 2  END                    0.0380    0.02421 -0.02933
  37.  4433   D 1 - 2 S 3 D 4 ; D 1 - 3 S 4 ; D 1 - 2 S 4 ; D 1 S 2  END                0.0375    0.00259 -0.03741
  38.     8   D 1 - 2 S 3 - 4 ; D 1 - 3 ; D 1 - 2 S 3 - 4 ; D 1 - 2  END                0.0368    0.02121  0.03002
  39.    94   D 1 - 3 ; D 1 - 3 ; D 1 - 2 D 4 ; D 1 - 2  END                            0.0343   -0.03425
  40.   357   D 1 - 2 D 4 ; D 1 - 3 ; D 1 - 3 ; D 1 - 2  END                            0.0343   -0.03425
  41.   705   D 1 - 3 S 4 ; D 1 - 3 S 4 ; D 1 - 2 S 4 ; D 1 S 2  END                    0.0333   -0.03169  0.01040
  42.  1492   D 1 - 2 S 3 D 4 ; D 1 - 3 S 4 ; D 1 - 2 S 3 ; D 1 S 2  END                0.0333   -0.03169  0.01040
  43.  3481   D 1 - 4 S 5 ; D 1 - 2 S 3 ; D 1 S 2 ; D 1 - 2 S 3  END                    0.0332   -0.00097 -0.03320
  44.   658   D 1 - 3 S 4 ; D 1 - 3 S 4 ; D 1 - 2 S 3 ; D 1 S 3  END                    0.0323    0.01212 -0.02992
  45.   996   D 1 - 3 S 4 ; D 1 - 2 S 3 D 4 ; D 1 - 2 S 3 ; D 1 S 2  END                0.0323    0.01212 -0.02992
  46.  7659   D 1 S 2 D 3 S 4 ; D 1 - 3 ; D 1 - 2 S 3 S 5 ; D 1 - 2  END                0.0322    0.02138  0.02410
  47.  7712   S 1 D 2 - 3 S 4 ; D 1 - 3 ; D 1 - 2 S 3 S 6 ; D 1 - 2  END                0.0319   -0.01848 -0.02601
  48.  3858   D 1 - 4 ; D 1 S 2 D 3 S 4 ; D 1 - 2 ; D 1 S 2 S 4  END                    0.0311   -0.01551 -0.02695
  49.  3073   D 1 - 4 S 6 ; D 1 - 3 S 4 ; S 1 D 2 ; D 1 S 2  END                        0.0304    0.00795 -0.02935
  50.  4502   D 1 - 2 S 3 D 4 S 5 ; D 1 - 3 ; D 1 S 2 S 4 ; D 1 - 2  END                0.0303   -0.00230 -0.03017
  51.   256   D 1 - 3 S 4 ; D 1 S 2 D 3 ; D 1 - 2 S 3 ; D 1 - 2 S 3  END                0.0302   -0.02447 -0.01771
  52.   206   D 1 - 3 S 4 ; D 1 - 2 S 3 ; D 1 - 2 S 3 ; D 1 - 2 S 4  END                0.0302   -0.02447 -0.01771
  53.   341   D 1 - 2 S 3 - 4 ; D 1 - 2 S 3 - 4 ; D 1 - 3 ; D 1 - 2  END                0.0290    0.00254  0.02892
  54.    77   D 1 - 3 ; D 1 - 3 ; D 1 - 2 S 3 - 4 ; D 1 S 2 - 3  END                    0.0290    0.00254  0.02892
  55.  4698   D 1 - 2 S 3 D 4 ; D 1 - 2 S 3 ; D 1 - 2 S 4 ; D 1 - 2 S 3  END            0.0282   -0.00654  0.02744
  56.   701   D 1 - 3 S 4 - 5 ; D 1 - 3 ; D 1 - 2 ; D 1 S 2 - 3  END                    0.0281    0.00585 -0.02752
  57.  1077   D 1 - 4 ; D 1 - 2 S 3 - 4 ; D 1 S 2 - 3 ; D 1 - 2  END                    0.0281    0.00585 -0.02752
  58.   143   D 1 - 3 S 6 ; D 1 - 3 S 4 ; S 1 D 2 - 3 ; D 1 S 2  END                    0.0279   -0.01649  0.02245
  59.    93   D 1 - 3 ; D 1 - 3 D 5 ; D 1 - 2 ; D 1 - 2  END                            0.0278   -0.02783
  60.    59   D 1 - 4 ; D 1 - 3 ; D 1 - 3 ; D 2  END                                    0.0278   -0.02783
  61.  3407   D 1 - 4 ; D 1 - 2 S 3 S 5 ; D 1 - 2 ; S 1 D 2 S 3  END                    0.0267   -0.00068  0.02666
  62.  7611   D 1 - 3 S 4 ; S 1 D 2 - 3 ; D 1 - 2 S 3 ; D 1 - 2 S 5  END                0.0264    0.01679 -0.02037
  63.  1542   D 1 - 2 S 3 - 4 ; D 1 - 3 S 4 - 5 ; D 1 - 2 ; D 1 - 2  END                0.0264    0.02081  0.01624
  64.   668   D 1 - 4 ; D 1 - 3 ; D 1 - 2 S 3 - 4 ; S 1 - 2  END                        0.0264   -0.02081 -0.01624
  65.    82   D 1 - 3 S 6 ; D 1 - 3 S 4 ; D 1 - 2 S 3 ; S 1 D 2  END                    0.0253    0.00375  0.02503
  66.   140   D 1 - 3 S 4 ; D 1 - 3 S 5 ; S 1 D 2 - 3 ; D 1 S 2  END                    0.0253    0.00375  0.02503
  67.   156   D 1 - 3 S 4 - 5 ; D 1 - 3 ; S 1 D 2 S 3 ; D 1 - 2  END                    0.0253   -0.02523 -0.00126
  68.   115   D 1 - 3 S 4 S 6 ; D 1 - 3 ; D 1 S 2 - 3 ; D 1 - 2  END                    0.0253    0.02523  0.00126
  69.    90   D 1 - 3 D 6 ; D 1 - 3 ; D 1 - 2 ; D 1 - 2  END                            0.0250   -0.02501
  70.   180   D 1 - 4 ; D 1 - 3 ; D 2 - 3 ; D 1 - 2  END                                0.0250   -0.02501
  71.   242   D 1 - 3 S 4 ; D 1 S 2 D 3 ; D 1 - 3 S 4 ; D 1 S 2  END                    0.0248   -0.01823 -0.01680
  72.   324   D 1 - 2 S 3 ; D 1 - 3 S 4 ; D 1 - 2 S 3 ; D 1 - 2 S 4  END                0.0248   -0.01823 -0.01680
  73.   841   D 1 - 4 ; D 1 - 3 ; S 1 D 2 S 3 ; D 1 S 2 S 4  END                        0.0246   -0.00969 -0.02264
  74.  1281   D 1 - 3 S 4 S 6 ; D 1 S 2 D 3 S 4 ; D 1 - 2 ; D 1 - 2  END                0.0246    0.00969  0.02264
  75.  2923   D 1 - 4 S 5 ; D 1 - 3 S 5 ; D 1 S 2 ; S 1 D 2  END                        0.0244    0.00326 -0.02421
  76.  2984   D 1 - 5 ; D 1 - 3 ; D 1 ; D 1 - 2  END                                    0.0244   -0.02436
  77.  4504   D 1 - 2 S 3 D 4 ; D 1 - 3 S 4 ; D 1 S 2 ; D 1 - 2 S 3  END                0.0242    0.00569 -0.02357
  78.  3379   D 1 - 4 S 5 ; D 1 - 2 S 3 ; D 1 - 2 S 4 ; D 1 S 2  END                    0.0242    0.00569 -0.02357
  79.    24   D 1 - 2 S 3 S 5 ; D 1 - 3 ; D 1 - 3 ; D 1 - 2  END                        0.0239   -0.02386
  80.    17   D 1 - 3 ; D 1 - 3 ; D 1 S 2 D 3 S 4 ; D 1 - 2  END                        0.0239    0.02386
  81.   349   D 1 - 2 S 3 - 4 ; D 1 S 2 D 3 S 4 ; D 1 - 3 ; D 1 - 2  END                0.0235   -0.02336 -0.00279
  82.    78   D 1 - 3 ; D 1 - 3 ; D 1 - 2 S 3 - 4 ; D 1 S 2 S 4  END                    0.0235   -0.02336 -0.00279
  83.    40   D 1 - 3 ; D 1 - 3 S 4 - 5 ; D 1 - 3 ; D 1  END                            0.0232    0.02319
  84.    52   D 1 - 3 ; D 1 - 4 ; D 1 - 3 ; S 1 - 2  END                                0.0232    0.02319
  85.    53   D 1 - 3 ; D 1 - 3 S 4 - 5 ; D 1 - 3 ; S 1 - 2  END                        0.0231    0.01518  0.01744
  86.  3445   D 1 - 3 S 4 - 5 ; D 1 - 2 S 3 - 4 ; D 1 S 2 - 3 ; D 1 S 2 - 3  END        0.0228   -0.00174 -0.00292 -0.00736  0.00514
                                                                                                  0.00075 -0.00480  0.00160  0.00713
                                                                                                 -0.00352  0.00673 -0.00946 -0.00043
                                                                                                 -0.00352  0.01376
  87.  3591   D 1 - 4 S 6 ; D 1 - 2 S 3 ; S 1 D 2 ; D 1 - 2 S 3  END                    0.0223    0.00029  0.02231
  88.   167   D 1 - 4 ; D 1 - 3 ; S 1 - 2 D 3 ; D 1 - 2  END                            0.0223   -0.02225
  89.    89   D 1 - 3 S 5 - 6 ; D 1 - 3 ; D 1 - 2 ; D 1 - 2  END                        0.0223   -0.02225
  90. 11293   D 1 S 2 D 3 - 4 ; D 1 - 3 S 4 ; D 1 - 2 S 5 ; D 1 S 2  END                0.0222    0.00887 -0.02037
  91.   120   D 1 - 3 ; D 1 - 3 S 4 - 5 ; D 1 S 2 - 3 ; D 1 - 2  END                    0.0219   -0.00639 -0.02095
  92.    47   D 1 - 3 S 4 - 5 ; D 1 - 3 ; D 1 - 3 ; S 1 - 2  END                        0.0219    0.00639  0.02095
  93.  4450   D 1 - 2 S 3 D 4 ; D 1 - 3 S 5 ; D 1 - 2 S 4 ; S 1 D 2  END                0.0217   -0.00215  0.02161
  94.  1014   D 1 - 4 S 5 ; D 1 - 2 S 3 ; D 1 - 2 S 3 ; S 1 D 2  END                    0.0217   -0.00254  0.02155
  95.   790   D 1 - 3 S 4 ; D 1 - 3 S 5 ; D 1 S 2 ; D 1 - 2 S 3  END                    0.0217    0.00254 -0.02155
  96.  1872   D 1 - 3 S 4 S 6 ; S 1 D 2 - 3 S 4 ; D 1 - 2 ; D 1 - 2  END                0.0216    0.01043  0.01892
  97.  7967   D 1 - 4 ; D 1 - 3 ; S 1 D 2 S 3 ; D 1 S 2 S 5  END                        0.0216    0.01043  0.01892
  98.  2385   S 1 D 2 - 3 S 4 ; D 1 - 3 S 4 - 5 ; D 1 - 2 ; D 1 - 2  END                0.0215   -0.00690 -0.02038
  99.  7805   D 1 - 4 ; D 1 - 3 ; D 1 - 2 S 3 S 6 ; S 1 - 2  END                        0.0215   -0.00690 -0.02038
 100.  7836   D 1 - 4 ; D 1 - 3 ; D 1 - 2 ; D 1 S 2 S 5  END                            0.0213   -0.02127




 POSITION OF FIRST SPIN COUPLING FOR TEN MOST IMPORTANT CONFIGURATIONS
       2      3      1     31     24      7    118     42     15      9



 ELAPSED TIME =      20.18 CPU SECONDS. (     20.19 WALL CLOCK SECONDS)
