 ************************************************************************
 * RTSIM - DAVIDSON METHOD SPARSE MATRIX EIGENVALUE/EIGENVECTOR PROGRAM *
 * QUANTUM CHEMISTRY GROUP - INDIANA UNIVERSITY - 14Jun 2016  16:22:04  *
 ************************************************************************



                 DIAGONALIZATION RUN TITLE
                 -------------------------
 )* WATER TEST *



 ) DAVIDSON
 ) LAST=3
 ) COEFF
 ) NOVLP
 ) MAXITR=1000 END

 THE CI MATRIX IS TITLED:  H2O  -SINGLET A1-  STO-3G HF SD-CI TEST
 THE MATRIX IS DATED:     14Jun 2016  15:21:15 
 THE SPIN MULTIPLICITY IS 1 AND THE DIMENSION IS ******.

 ROOTS  1 THROUGH  3 WILL BE OBTAINED.

  
  
  
 AMOUNT OF CORE AVAILABLE                      80000000
 MAXIMUM NUMBER OF VECTORS PER ITERATION              3
 MAXIMUM NUMBER OF VECTORS ON DISK                   19
 NUMBER OF SOLUTIONS SOUGHT                           3
 NUMBER OF SOLUTIONS INVESTIGATED                     3
 SIZE OF MATRIX DIAGONALISED                    3940254
  
  
 INITIAL GUESS AT ROOTS (OBTAINED FROM DIAGONAL ELEMENTS OF HAMILTONIAN MATRIX)

                1        -433.91917
               50        -431.51254
                2        -429.65109


 ITERATION       ROOT           EIGENVALUE          NORM OF RESIDUAL
     1             1          -434.06556256              7.75594
     1             2          -431.42582529              7.77495
     1             3          -429.59141482              7.75812
     2             1          -437.85751321              9.37743
     2             2          -435.09918723             10.60863
     2             3          -431.06051626             14.33461
     2             1          -437.85751321              4.88531
     2             2          -435.09918723              4.51331
     2             3          -431.06051626              6.52763
     3             1          -438.92905719              7.39542
     3             2          -436.09722775              7.53986
     3             3          -433.67679985             14.69775
     3             1          -438.92905719              1.74319
     3             2          -436.09722775              2.06758
     3             3          -433.67679985              3.26576
     4             1          -439.04648074              2.28616
     4             2          -436.34270968              4.12016
     4             3          -434.21904158              5.62326
     4             1          -439.04648074              0.65947
     4             2          -436.34270968              1.22078
     4             3          -434.21904158              1.59510
     5             1          -439.06995325              1.38940
     5             2          -436.47158129              4.79474
     5             3          -434.54155424              9.28981
     5             1          -439.06995325              0.29366
     5             2          -436.47158129              0.86156
     5             3          -434.54155424              1.92972
     6             1          -439.07377673              0.54128
     6             2          -436.52258080              3.05319
     6             3          -435.04101648             17.17703
  truncating with vlp=false 
 TRUNCATION TO 1 VECTOR PER ROOT HAS BEEN PERFORMED
     6             1          -439.07377673              0.11646
     6             2          -436.52258080              0.55158
     6             3          -435.04101648              2.09033
     7             1          -439.07439499              0.11522
     7             2          -436.53796867              0.67885
     7             3          -435.27542873              2.57100
     7             1          -439.07439499              0.06876
     7             2          -436.53796867              0.35265
     7             3          -435.27542873              1.26992
     8             1          -439.07467312              0.17203
     8             2          -436.54850945              1.35085
     8             3          -435.40333705              4.30572
     8             1          -439.07467312              0.03639
     8             2          -436.54850945              0.26038
     8             3          -435.40333705              0.91721
     9             1          -439.07473728              0.08214
     9             2          -436.55361494              1.10470
     9             3          -435.47552731              4.39059
     9             1          -439.07473728              0.02098
     9             2          -436.55361494              0.19714
     9             3          -435.47552731              0.76397
    10             1          -439.07475509              0.04517
    10             2          -436.55652117              1.01093
    10             3          -435.52369701              4.74720
    10             1          -439.07475509              0.00981
    10             2          -436.55652117              0.12868
    10             3          -435.52369701              0.59397
    11             1          -439.07475841              0.02142
    11             2          -436.55745895              0.57681
    11             3          -435.54657122              3.81932
  truncating with vlp=false 
 TRUNCATION TO 1 VECTOR PER ROOT HAS BEEN PERFORMED
    11             1          -439.07475841              0.00455
    11             2          -436.55745895              0.06074
    11             3          -435.54657122              0.36846
    12             1          -439.07475906              0.00440
    12             2          -436.55764971              0.10424
    12             3          -435.55301888              0.61824
    12             1          -439.07475906              0.00244
    12             2          -436.55764971              0.03968
    12             3          -435.55301888              0.23869
    13             1          -439.07475936              0.00765
    13             2          -436.55778047              0.21450
    13             3          -435.55832058              1.48324
    13             1          -439.07475936              0.00149
    13             2          -436.55778047              0.02909
    13             3          -435.55832058              0.22163
    14             1          -439.07475945              0.00496
    14             2          -436.55784377              0.19311
    14             3          -435.56290061              2.07632
    14             1          -439.07475945              0.00068
    14             2          -436.55784377              0.02264
    14             3          -435.56290061              0.22169
    15             1          -439.07475948              0.00241
    15             2          -436.55787798              0.15428
    15             3          -435.56744675              2.75339
    15             1          -439.07475948              0.00030
    15             2          -436.55787798              0.01385
    15             3          -435.56744675              0.19171
    16             1          -439.07475948              0.00099
    16             2          -436.55788832              0.07188
    16             3          -435.57031840              2.18968
  truncating with vlp=false 
 TRUNCATION TO 1 VECTOR PER ROOT HAS BEEN PERFORMED
    16             1          -439.07475948              0.00016
    16             2          -436.55788832              0.00900
    16             3          -435.57031840              0.16645
    17             1          -439.07475948              0.00016
    17             2          -436.55789183              0.00997
    17             3          -435.57164556              0.20759
    17             1          -439.07475948              0.00009
    17             2          -436.55789183              0.00566
    17             3          -435.57164556              0.10795
     ROOT    ITERATION     NUMBER OF PRODUCTS       EIGENVALUE
       1        17                48                -439.0747594808


    18             2          -436.55789401              0.01939
    18             3          -435.57263204              0.47545
    18             2          -436.55789401              0.00394
    18             3          -435.57263204              0.09238
    19             2          -436.55789494              0.01498
    19             3          -435.57324628              0.48313
    19             2          -436.55789494              0.00253
    19             3          -435.57324628              0.07577
    20             2          -436.55789536              0.01267
    20             3          -435.57367771              0.52997
    20             2          -436.55789536              0.00162
    20             3          -435.57367771              0.06149
    21             2          -436.55789551              0.00753
    21             3          -435.57395299              0.46194
    21             2          -436.55789551              0.00110
    21             3          -435.57395299              0.05570
    22             2          -436.55789562              0.00901
    22             3          -435.57436804              0.89829
    22             2          -436.55789562              0.00067
    22             3          -435.57436804              0.05348
    23             2          -436.55789564              0.00335
    23             3          -435.57462625              0.67862
  truncating with vlp=false 
 TRUNCATION TO 1 VECTOR PER ROOT HAS BEEN PERFORMED
    23             2          -436.55789564              0.00045
    23             3          -435.57462625              0.05318
    24             2          -436.55789565              0.00047
    24             3          -435.57474995              0.06151
    24             2          -436.55789565              0.00028
    24             3          -435.57474995              0.03252
    25             2          -436.55789566              0.00129
    25             3          -435.57486348              0.20659
    25             2          -436.55789566              0.00018
    25             3          -435.57486348              0.02827
    26             2          -436.55789566              0.00078
    26             3          -435.57491656              0.16165
    26             2          -436.55789566              0.00011
    26             3          -435.57491656              0.02039
    27             2          -436.55789566              0.00058
    27             3          -435.57495201              0.16292
    27             2          -436.55789566              0.00007
    27             3          -435.57495201              0.01970
     ROOT    ITERATION     NUMBER OF PRODUCTS       EIGENVALUE
       2        27                68                -436.5578956590


    28             3          -435.57497895              0.16511
    28             3          -435.57497895              0.01773
    29             3          -435.57500343              0.16088
    29             3          -435.57500343              0.01517
    30             3          -435.57502364              0.16307
    30             3          -435.57502364              0.01572
    31             3          -435.57505708              0.31002
    31             3          -435.57505708              0.01732
    32             3          -435.57507549              0.18689
    32             3          -435.57507549              0.01094
    33             3          -435.57508278              0.08541
    33             3          -435.57508278              0.00662
    34             3          -435.57508498              0.03492
    34             3          -435.57508498              0.00331
    35             3          -435.57508565              0.01622
  truncating with vlp=false 
 TRUNCATION TO 1 VECTOR PER ROOT HAS BEEN PERFORMED
    35             3          -435.57508565              0.00206
    36             3          -435.57508582              0.00218
    36             3          -435.57508582              0.00127
    37             3          -435.57508597              0.00587
    37             3          -435.57508597              0.00131
    38             3          -435.57508607              0.00639
    38             3          -435.57508607              0.00090
    39             3          -435.57508612              0.00437
    39             3          -435.57508612              0.00061
    40             3          -435.57508614              0.00229
    40             3          -435.57508614              0.00040
    41             3          -435.57508615              0.00204
    41             3          -435.57508615              0.00031
    42             3          -435.57508615              0.00177
    42             3          -435.57508615              0.00025
    43             3          -435.57508616              0.00141
    43             3          -435.57508616              0.00017
    44             3          -435.57508616              0.00097
    44             3          -435.57508616              0.00012
    45             3          -435.57508616              0.00080
    45             3          -435.57508616              0.00010
     ROOT    ITERATION     NUMBER OF PRODUCTS       EIGENVALUE
       3        45                86                -435.5750861601


  all roots converged 
  

 ************************************
 COMPLETED CI VECTOR OPTIMISATION
 ************************************





 ********************************
 RESULTS FOR ROOT   01
 TOTAL CI ENERGY =   -439.0747595
 ********************************

       CONF.                                                                           COEFF.
        NO.        SPACE ORBITAL PRODUCTS                                             CONTRIB.      CI COEFFICIENTS

       -----       ----------------------                                             --------   ---------------------
   1.     1   D 1 - 4 ; D 1 - 3 ; D 1 - 3 ; D 1 - 3  END                                0.7715   -0.77153
   2.    50   D 1 - 4 ; D 1 - 4 ; D 1 - 3 ; D 1 - 2  END                                0.1837    0.18366
   3.   212   D 1 - 4 S 5 ; D 1 - 3 S 4 ; D 1 - 2 S 3 ; D 1 - 2 S 3  END                0.1424   -0.01956  0.14106
   4.    79   D 1 - 4 ; D 1 - 3 S 4 - 5 ; D 1 - 3 ; D 1 S 2 - 3  END                    0.0948    0.01578  0.09348
   5.   428   D 1 - 4 S 7 ; D 1 - 3 S 4 ; S 1 D 2 - 3 ; D 1 - 2 S 3  END                0.0746    0.01427 -0.07319
   6.   306   D 1 - 4 S 6 ; D 1 - 3 S 4 ; D 1 S 2 D 3 ; D 1 - 2 S 3  END                0.0717   -0.01349  0.07039
   7.   234   D 1 - 4 S 5 ; D 1 - 3 S 5 ; D 1 - 2 S 3 ; D 1 S 2 D 3  END                0.0658    0.00729 -0.06537
   8.   275   D 1 - 5 ; D 1 - 3 ; D 1 - 2 ; D 1 - 3  END                                0.0658    0.06577
   9.  1124   D 1 - 3 S 4 ; D 1 - 3 S 4 ; D 1 - 3 S 4 ; D 1 - 2 S 3  END                0.0612    0.01379 -0.05963
  10.   136   D 1 - 4 ; D 1 - 3 S 4 S 6 ; D 1 - 3 ; S 1 D 2 S 3  END                    0.0600    0.01176  0.05882
  11.   256   D 1 - 4 S 5 ; D 1 - 3 S 6 ; D 1 - 2 S 3 ; S 1 D 2 - 3  END                0.0553    0.00542 -0.05502
  12.   581   D 1 - 4 ; D 1 - 2 S 3 - 4 ; D 1 - 3 ; D 1 - 2 S 3 - 4  END                0.0543   -0.02666 -0.04735
  13.  1250   D 1 - 3 S 4 ; D 1 - 2 S 3 ; D 1 - 3 S 4 ; D 1 - 3 S 4  END                0.0522    0.00260 -0.05215
  14.   367   D 1 - 4 S 5 - 6 ; D 1 - 3 ; D 1 S 2 - 3 ; D 1 - 3  END                    0.0517   -0.00568 -0.05141
  15.    44   D 1 - 5 ; D 1 - 3 ; D 1 - 3 ; D 1 - 2  END                                0.0511    0.05113
  16.   281   D 1 - 4 ; D 1 - 4 ; D 1 - 2 ; D 1 - 3  END                                0.0511    0.05113
  17.   328   D 1 - 4 S 6 ; D 1 - 3 S 5 ; D 1 S 2 D 3 ; D 1 S 2 D 3  END                0.0497    0.00318 -0.04963
  18.  1178   D 1 - 3 S 4 - 5 ; D 1 - 3 ; D 1 - 2 S 3 - 4 ; D 1 - 3  END                0.0483    0.01452  0.04604
  19.  1342   D 1 - 2 S 3 D 4 ; D 1 - 3 S 4 ; D 1 - 3 S 5 ; D 1 - 2 S 3  END            0.0468    0.02148 -0.04156
  20.   632   D 1 - 4 S 5 ; D 1 - 2 S 3 ; D 1 - 2 S 3 ; D 1 - 3 S 4  END                0.0432   -0.01801  0.03923
  21.    51   D 1 - 4 ; D 1 - 3 S 4 - 5 ; D 1 - 3 ; D 1 - 2  END                        0.0428    0.04277
  22.    78   D 1 - 4 ; D 1 - 4 ; D 1 - 3 ; D 1 S 2 - 3  END                            0.0428    0.04277
  23.  1396   D 1 - 2 S 3 D 4 S 5 ; D 1 - 3 ; D 1 - 2 S 3 S 5 ; D 1 - 3  END            0.0422    0.02783  0.03167
  24.   487   D 1 - 4 S 5 S 7 ; D 1 - 3 ; S 1 D 2 S 3 ; D 1 - 3  END                    0.0399    0.00499  0.03955
  25.  1534   D 1 - 2 S 3 - 4 ; D 1 - 3 ; D 1 - 3 S 4 - 5 ; D 1 - 3  END                0.0397   -0.00423 -0.03944
  26.   736   D 1 - 4 ; D 1 S 2 D 3 S 4 ; D 1 - 3 ; D 1 - 2 S 3 S 5  END                0.0392   -0.02024 -0.03362
  27.   303   D 1 - 4 S 5 ; D 1 - 3 S 4 ; D 1 S 2 D 3 ; D 1 - 2 S 3  END                0.0384    0.00449 -0.03811
  28.   215   D 1 - 4 S 6 ; D 1 - 3 S 4 ; D 1 - 2 S 3 ; D 1 - 2 S 3  END                0.0384    0.00449 -0.03811
  29.  1862   S 1 D 2 - 4 ; D 1 - 3 S 4 ; D 1 - 3 S 7 ; D 1 - 2 S 3  END                0.0381   -0.02265  0.03061
  30.   424   D 1 - 4 S 5 ; D 1 - 3 S 6 ; S 1 D 2 - 3 ; D 1 - 2 S 3  END                0.0380    0.00333  0.03781
  31.   260   D 1 - 4 S 7 ; D 1 - 3 S 4 ; D 1 - 2 S 3 ; S 1 D 2 - 3  END                0.0380    0.00333  0.03781
  32.  1149   D 1 - 3 S 4 ; D 1 - 3 S 5 ; D 1 - 3 S 4 ; D 1 S 2 D 3  END                0.0377   -0.01415  0.03493
  33.   109   D 1 - 4 ; D 1 - 3 D 5 ; D 1 - 3 ; D 1 D 3  END                            0.0359    0.03593
  34.   130   D 1 - 4 S 5 S 7 ; D 1 - 3 ; D 1 - 3 ; S 1 D 2 S 3  END                    0.0359   -0.00444 -0.03560
  35.   493   D 1 - 4 ; D 1 - 3 S 4 S 6 ; S 1 D 2 S 3 ; D 1 - 3  END                    0.0359   -0.00444 -0.03560
  36.  1316   D 1 - 3 ; D 1 - 3 ; D 1 - 4 ; D 1 - 3  END                                0.0357    0.03572
  37.   236   D 1 - 4 S 6 ; D 1 - 3 S 4 ; D 1 - 2 S 3 ; D 1 S 2 D 3  END                0.0349   -0.00104 -0.03490
  38.   304   D 1 - 4 S 5 ; D 1 - 3 S 5 ; D 1 S 2 D 3 ; D 1 - 2 S 3  END                0.0349    0.00104  0.03490
  39.    72   D 1 - 5 ; D 1 - 3 ; D 1 - 3 ; D 1 S 2 - 3  END                            0.0348   -0.03482
  40.   282   D 1 - 4 ; D 1 - 3 S 4 - 5 ; D 1 - 2 ; D 1 - 3  END                        0.0348   -0.03482
  41.   166   D 1 - 4 ; D 1 - 3 S 5 - 6 ; D 1 - 3 ; S 1 - 2 D 3  END                    0.0347   -0.00254 -0.03462
  42.  1470   D 1 - 2 S 3 D 4 ; D 1 - 2 S 3 ; D 1 - 3 S 5 ; D 1 - 3 S 4  END            0.0344    0.00363 -0.03423
  43.   605   D 1 - 4 ; D 1 - 2 S 3 S 5 ; D 1 - 3 ; D 1 S 2 D 3 S 4  END                0.0344    0.01643  0.03022
  44.   330   D 1 - 4 S 7 ; D 1 - 3 S 4 ; D 1 S 2 D 3 ; D 1 S 2 D 3  END                0.0342   -0.00103  0.03415
  45.   426   D 1 - 4 S 6 ; D 1 - 3 S 5 ; S 1 D 2 - 3 ; D 1 - 2 S 3  END                0.0342   -0.00103  0.03415
  46.  1588   D 1 S 2 D 3 - 4 ; D 1 - 3 S 4 ; D 1 - 3 S 6 ; D 1 - 2 S 3  END            0.0341   -0.01903  0.02832
  47.   213   D 1 - 4 S 5 ; D 1 - 3 S 5 ; D 1 - 2 S 3 ; D 1 - 2 S 3  END                0.0338    0.00836  0.03271
  48.   233   D 1 - 4 S 5 ; D 1 - 3 S 4 ; D 1 - 2 S 3 ; D 1 S 2 D 3  END                0.0338   -0.00836 -0.03271
  49.   450   D 1 - 4 S 7 ; D 1 - 3 S 5 ; S 1 D 2 - 3 ; D 1 S 2 D 3  END                0.0322   -0.00261  0.03209
  50.   326   D 1 - 4 S 5 ; D 1 - 3 S 6 ; D 1 S 2 D 3 ; D 1 S 2 D 3  END                0.0322   -0.00040 -0.03218
  51.   258   D 1 - 4 S 6 ; D 1 - 3 S 5 ; D 1 - 2 S 3 ; S 1 D 2 - 3  END                0.0322   -0.00040 -0.03218
  52.   760   D 1 - 4 ; D 1 S 2 D 3 S 5 ; D 1 - 3 ; D 1 S 2 D 3 S 5  END                0.0321    0.02347  0.02191
  53.   717   D 1 - 4 ; D 1 - 2 ; D 1 - 3 ; D 1 - 4  END                                0.0319    0.03194
  54.   641   D 1 - 4 ; D 1 - 2 S 3 - 4 ; D 1 - 2 S 3 - 4 ; D 1 - 3  END                0.0319   -0.00546 -0.03139
  55.  1115   D 1 - 3 S 4 - 5 ; D 1 - 3 ; D 1 - 3 ; D 1 - 2 S 3 - 4  END                0.0319    0.00546  0.03139
  56.  1272   D 1 - 3 S 4 ; D 1 S 2 D 3 ; D 1 - 3 S 4 ; D 1 - 3 S 5  END                0.0318    0.00441 -0.03153
  57.  1203   D 1 - 3 S 4 S 6 ; D 1 - 3 ; D 1 S 2 D 3 S 4 ; D 1 - 3  END                0.0313    0.01351  0.02825
  58.   919   D 1 - 4 ; S 1 D 2 - 3 S 4 ; D 1 - 3 ; D 1 - 2 S 3 S 6  END                0.0307    0.01795  0.02491
  59.   310   D 1 - 4 S 7 ; D 1 - 3 S 5 ; D 1 S 2 D 3 ; D 1 - 2 S 3  END                0.0300    0.00272 -0.02989
  60.   446   D 1 - 4 S 6 ; D 1 - 3 S 4 ; S 1 D 2 - 3 ; D 1 S 2 D 3  END                0.0300    0.00272 -0.02989
  61.   787   D 1 - 4 S 5 ; D 1 S 2 D 3 ; D 1 - 2 S 3 ; D 1 - 3 S 5  END                0.0299   -0.01805  0.02388
  62.   350   D 1 - 4 S 6 ; D 1 - 3 S 6 ; D 1 S 2 D 3 ; S 1 D 2 - 3  END                0.0299    0.00147 -0.02989
  63.   106   D 1 - 4 ; D 1 - 4 ; D 1 - 3 ; D 1 D 3  END                                0.0294    0.02941
  64.    53   D 1 - 4 ; D 1 - 3 D 5 ; D 1 - 3 ; D 1 - 2  END                            0.0294    0.02941
  65.   656   D 1 - 4 S 6 ; D 1 - 2 S 3 ; D 1 S 2 D 3 ; D 1 - 3 S 4  END                0.0289   -0.01510  0.02466
  66.  1367   D 1 - 2 S 3 D 4 ; D 1 - 3 S 5 ; D 1 - 3 S 5 ; D 1 S 2 D 3  END            0.0287   -0.01676  0.02332
  67.    80   D 1 - 4 ; D 1 - 3 S 4 S 6 ; D 1 - 3 ; D 1 S 2 - 3  END                    0.0283   -0.00446 -0.02797
  68.   135   D 1 - 4 ; D 1 - 3 S 4 - 5 ; D 1 - 3 ; S 1 D 2 S 3  END                    0.0283   -0.00446 -0.02797
  69.   517   D 1 - 4 S 6 - 7 ; D 1 - 3 ; S 1 - 2 D 3 ; D 1 - 3  END                    0.0281    0.00139  0.02810
  70.   872   D 1 - 4 ; D 1 S 2 - 3 ; D 1 - 3 ; D 1 - 3 S 4 - 5  END                    0.0281   -0.00378 -0.02787
  71.  1174   D 1 - 3 S 4 ; D 1 - 3 S 6 ; D 1 - 3 S 4 ; S 1 D 2 - 3  END                0.0278   -0.01312  0.02454
  72.   376   D 1 - 4 ; D 1 - 3 S 5 - 6 ; D 1 S 2 - 3 ; D 1 - 3  END                    0.0276   -0.00245 -0.02746
  73.   157   D 1 - 4 S 5 - 6 ; D 1 - 3 ; D 1 - 3 ; S 1 - 2 D 3  END                    0.0276   -0.00245 -0.02746
  74.  1780   D 1 S 2 D 3 S 4 ; D 1 - 3 ; D 1 - 3 S 4 S 6 ; D 1 - 3  END                0.0273    0.00420  0.02696
  75.  1228   D 1 - 3 S 4 S 7 ; D 1 - 3 ; S 1 D 2 - 3 S 4 ; D 1 - 3  END                0.0272   -0.01352 -0.02362
  76.   129   D 1 - 4 S 5 - 6 ; D 1 - 3 ; D 1 - 3 ; S 1 D 2 S 3  END                    0.0272    0.00185  0.02710
  77.   374   D 1 - 4 ; D 1 - 3 S 4 S 6 ; D 1 S 2 - 3 ; D 1 - 3  END                    0.0272   -0.00185 -0.02710
  78.   970   D 1 - 4 S 5 ; S 1 D 2 - 3 ; D 1 - 2 S 3 ; D 1 - 3 S 6  END                0.0271    0.01782 -0.02038
  79.   373   D 1 - 4 ; D 1 - 3 S 4 - 5 ; D 1 S 2 - 3 ; D 1 - 3  END                    0.0270   -0.00528 -0.02651
  80.    73   D 1 - 4 S 5 - 6 ; D 1 - 3 ; D 1 - 3 ; D 1 S 2 - 3  END                    0.0270    0.00528  0.02651
  81.    76   D 1 - 4 S 6 - 7 ; D 1 - 3 ; D 1 - 3 ; D 1 S 2 - 3  END                    0.0266   -0.00164 -0.02654
  82.   520   D 1 - 4 ; D 1 - 3 S 4 - 5 ; S 1 - 2 D 3 ; D 1 - 3  END                    0.0266   -0.00164 -0.02654
  83.   629   D 1 - 4 ; D 1 - 2 S 3 S 6 ; D 1 - 3 ; S 1 D 2 - 3 S 4  END                0.0264    0.01454  0.02203
  84.  1190   D 1 - 3 S 4 ; D 1 - 3 S 4 ; D 1 - 2 S 3 ; D 1 - 3 S 4  END                0.0261   -0.00818 -0.02482
  85.   569   D 1 - 4 S 5 ; D 1 - 2 S 3 ; D 1 - 3 S 4 ; D 1 - 2 S 3  END                0.0261    0.00818  0.02482
  86.  1642   D 1 S 2 D 3 - 4 S 5 ; D 1 - 3 ; D 1 - 2 S 3 S 6 ; D 1 - 3  END            0.0261   -0.01666 -0.02013
  87.   472   D 1 - 4 S 7 ; D 1 - 3 S 6 ; S 1 D 2 - 3 ; S 1 D 2 - 3  END                0.0261   -0.00073  0.02609
  88.  1667   D 1 S 2 D 3 - 4 S 6 ; D 1 - 3 ; D 1 S 2 D 3 S 6 ; D 1 - 3  END            0.0259   -0.01974 -0.01677
  89.   238   D 1 - 4 S 6 ; D 1 - 3 S 6 ; D 1 - 2 S 3 ; D 1 S 2 D 3  END                0.0256    0.00201 -0.02555
  90.   346   D 1 - 4 S 5 ; D 1 - 3 S 5 ; D 1 S 2 D 3 ; S 1 D 2 - 3  END                0.0256    0.00201 -0.02555
  91.   220   D 1 - 4 S 7 ; D 1 - 3 S 6 ; D 1 - 2 S 3 ; D 1 - 2 S 3  END                0.0251    0.00098 -0.02512
  92.   464   D 1 - 4 S 5 ; D 1 - 3 S 4 ; S 1 D 2 - 3 ; S 1 D 2 - 3  END                0.0251    0.00098 -0.02512
  93.  1421   D 1 - 2 S 3 D 4 S 6 ; D 1 - 3 ; D 1 S 2 D 3 S 5 ; D 1 - 3  END            0.0250    0.01550  0.01963
  94.  1294   D 1 - 3 S 4 ; S 1 D 2 - 3 ; D 1 - 3 S 4 ; D 1 - 3 S 6  END                0.0249   -0.00399  0.02456
  95.   100   D 1 - 5 ; D 1 - 3 ; D 1 - 3 ; D 1 D 3  END                                0.0249    0.02485
  96.   284   D 1 - 4 ; D 1 - 3 D 5 ; D 1 - 2 ; D 1 - 3  END                            0.0249    0.02485
  97.  2054   S 1 D 2 - 3 S 4 ; D 1 - 3 ; D 1 - 3 S 4 S 7 ; D 1 - 3  END                0.0248    0.00396  0.02443
  98.   397   D 1 - 4 D 6 ; D 1 - 3 ; D 1 D 3 ; D 1 - 3  END                            0.0247    0.02466
  99.  1467   D 1 - 2 S 3 D 4 ; D 1 - 2 S 3 ; D 1 - 3 S 4 ; D 1 - 3 S 4  END            0.0247    0.00261  0.02452
 100.  1253   D 1 - 3 S 4 ; D 1 - 2 S 3 ; D 1 - 3 S 5 ; D 1 - 3 S 4  END                0.0247    0.00261  0.02452




 POSITION OF FIRST SPIN COUPLING FOR TEN MOST IMPORTANT CONFIGURATIONS
       1     50    257     82    620    417    301    383   1835    155



 ********************************
 RESULTS FOR ROOT   02
 TOTAL CI ENERGY =   -436.5578957
 ********************************

       CONF.                                                                           COEFF.
        NO.        SPACE ORBITAL PRODUCTS                                             CONTRIB.      CI COEFFICIENTS

       -----       ----------------------                                             --------   ---------------------
   1.    50   D 1 - 4 ; D 1 - 4 ; D 1 - 3 ; D 1 - 2  END                                0.6543   -0.65427
   2.   212   D 1 - 4 S 5 ; D 1 - 3 S 4 ; D 1 - 2 S 3 ; D 1 - 2 S 3  END                0.2941    0.26651 -0.12433
   3.   281   D 1 - 4 ; D 1 - 4 ; D 1 - 2 ; D 1 - 3  END                                0.1842    0.18420
   4.    44   D 1 - 5 ; D 1 - 3 ; D 1 - 3 ; D 1 - 2  END                                0.1842    0.18419
   5.     1   D 1 - 4 ; D 1 - 3 ; D 1 - 3 ; D 1 - 3  END                                0.1532   -0.15315
   6.    79   D 1 - 4 ; D 1 - 3 S 4 - 5 ; D 1 - 3 ; D 1 S 2 - 3  END                    0.1399   -0.10843 -0.08840
   7.   306   D 1 - 4 S 6 ; D 1 - 3 S 4 ; D 1 S 2 D 3 ; D 1 - 2 S 3  END                0.0957    0.07616 -0.05792
   8.   275   D 1 - 5 ; D 1 - 3 ; D 1 - 2 ; D 1 - 3  END                                0.0922   -0.09220
   9.    23   D 1 - 4 ; D 1 - 2 S 3 - 4 ; D 1 - 3 ; D 1 - 3  END                        0.0922   -0.09215
  10.     2   D 1 - 4 ; D 1 - 3 ; D 1 - 3 ; D 1 - 2 S 3 - 4  END                        0.0922   -0.09215
  11.   428   D 1 - 4 S 7 ; D 1 - 3 S 4 ; S 1 D 2 - 3 ; D 1 - 2 S 3  END                0.0827   -0.06739  0.04792
  12.   136   D 1 - 4 ; D 1 - 3 S 4 S 6 ; D 1 - 3 ; S 1 D 2 S 3  END                    0.0802   -0.05928 -0.05399
  13.    45   D 1 - 4 S 5 - 6 ; D 1 - 3 ; D 1 - 3 ; D 1 - 2  END                        0.0740    0.07396
  14.   372   D 1 - 4 ; D 1 - 4 ; D 1 S 2 - 3 ; D 1 - 3  END                            0.0740   -0.07396
  15.    32   D 1 - 3 S 4 - 5 ; D 1 - 3 ; D 1 - 3 ; D 1 - 3  END                        0.0723    0.07226
  16.    11   D 1 - 4 ; D 1 - 3 ; D 1 - 2 S 3 - 4 ; D 1 - 3  END                        0.0723   -0.07226
  17.   213   D 1 - 4 S 5 ; D 1 - 3 S 5 ; D 1 - 2 S 3 ; D 1 - 2 S 3  END                0.0695    0.00099  0.06944
  18.   233   D 1 - 4 S 5 ; D 1 - 3 S 4 ; D 1 - 2 S 3 ; D 1 S 2 D 3  END                0.0695   -0.00099 -0.06944
  19.   106   D 1 - 4 ; D 1 - 4 ; D 1 - 3 ; D 1 D 3  END                                0.0561    0.05611
  20.    53   D 1 - 4 ; D 1 - 3 D 5 ; D 1 - 3 ; D 1 - 2  END                            0.0561    0.05611
  21.   215   D 1 - 4 S 6 ; D 1 - 3 S 4 ; D 1 - 2 S 3 ; D 1 - 2 S 3  END                0.0519   -0.05131 -0.00765
  22.   303   D 1 - 4 S 5 ; D 1 - 3 S 4 ; D 1 S 2 D 3 ; D 1 - 2 S 3  END                0.0519   -0.05131 -0.00765
  23. 53632   D 1 - 4 S 5 ; D 1 - 4 S 5 ; D 1 - 2 S 3 ; D 1 S 2  END                    0.0471    0.01580 -0.04433
  24.  1342   D 1 - 2 S 3 D 4 ; D 1 - 3 S 4 ; D 1 - 3 S 5 ; D 1 - 2 S 3  END            0.0458   -0.02535  0.03820
  25.    72   D 1 - 5 ; D 1 - 3 ; D 1 - 3 ; D 1 S 2 - 3  END                            0.0446   -0.04463
  26.   282   D 1 - 4 ; D 1 - 3 S 4 - 5 ; D 1 - 2 ; D 1 - 3  END                        0.0446   -0.04463
  27.   581   D 1 - 4 ; D 1 - 2 S 3 - 4 ; D 1 - 3 ; D 1 - 2 S 3 - 4  END                0.0443    0.01270  0.04244
  28.   234   D 1 - 4 S 5 ; D 1 - 3 S 5 ; D 1 - 2 S 3 ; D 1 S 2 D 3  END                0.0429   -0.02809  0.03245
  29.  1124   D 1 - 3 S 4 ; D 1 - 3 S 4 ; D 1 - 3 S 4 ; D 1 - 2 S 3  END                0.0419   -0.03661  0.02036
  30. 54445   D 1 - 4 S 5 ; D 1 - 4 S 6 ; D 1 - 2 S 3 ; S 1 D 2  END                    0.0397    0.00896 -0.03872
  31. 56426   D 1 - 5 ; D 1 - 4 ; D 1 - 2 ; D 1 - 2  END                                0.0393    0.03932
  32.    26   D 1 - 4 ; D 1 S 2 D 3 S 4 ; D 1 - 3 ; D 1 - 3  END                        0.0369    0.03686
  33.     3   D 1 - 4 ; D 1 - 3 ; D 1 - 3 ; D 1 - 2 S 3 S 5  END                        0.0369    0.03686
  34. 59157   D 1 - 4 S 6 ; D 1 - 4 S 5 ; D 1 S 2 D 3 ; D 1 S 2  END                    0.0360    0.00514 -0.03563
  35.   400   D 1 - 4 ; D 1 - 4 ; D 1 D 3 ; D 1 - 3  END                                0.0357    0.03575
  36.    47   D 1 - 4 D 6 ; D 1 - 3 ; D 1 - 3 ; D 1 - 2  END                            0.0357    0.03575
  37. 61890   D 1 - 4 S 5 - 6 ; D 1 - 4 ; D 1 S 2 - 3 ; D 1 - 2  END                    0.0355   -0.00975 -0.03414
  38. *****   D 1 - 3 S 4 ; D 1 - 2 S 3 D 4 ; D 1 - 3 S 4 ; D 1 - 2 S 4  END            0.0354    0.00202 -0.03534
  39.   736   D 1 - 4 ; D 1 S 2 D 3 S 4 ; D 1 - 3 ; D 1 - 2 S 3 S 5  END                0.0352    0.01467  0.03199
  40.  1862   S 1 D 2 - 4 ; D 1 - 3 S 4 ; D 1 - 3 S 7 ; D 1 - 2 S 3  END                0.0327    0.01119 -0.03074
  41.   366   D 1 - 5 ; D 1 - 3 ; D 1 S 2 - 3 ; D 1 - 3  END                            0.0320    0.03199
  42.   276   D 1 - 4 S 5 - 6 ; D 1 - 3 ; D 1 - 2 ; D 1 - 3  END                        0.0320   -0.03199
  43. 72819   D 1 - 4 S 5 S 7 ; D 1 - 4 ; S 1 D 2 S 3 ; D 1 - 2  END                    0.0320    0.01061  0.03015
  44.  1588   D 1 S 2 D 3 - 4 ; D 1 - 3 S 4 ; D 1 - 3 S 6 ; D 1 - 2 S 3  END            0.0315    0.01253 -0.02886
  45.   493   D 1 - 4 ; D 1 - 3 S 4 S 6 ; S 1 D 2 S 3 ; D 1 - 3  END                    0.0314   -0.00881 -0.03012
  46.   130   D 1 - 4 S 5 S 7 ; D 1 - 3 ; D 1 - 3 ; S 1 D 2 S 3  END                    0.0314   -0.00881 -0.03012
  47.   367   D 1 - 4 S 5 - 6 ; D 1 - 3 ; D 1 S 2 - 3 ; D 1 - 3  END                    0.0314    0.01499  0.02756
  48.   260   D 1 - 4 S 7 ; D 1 - 3 S 4 ; D 1 - 2 S 3 ; S 1 D 2 - 3  END                0.0309    0.00877  0.02966
  49.   424   D 1 - 4 S 5 ; D 1 - 3 S 6 ; S 1 D 2 - 3 ; D 1 - 2 S 3  END                0.0309    0.00877  0.02966
  50. *****   D 1 - 3 S 4 - 5 ; D 1 - 4 ; D 1 - 2 S 3 - 4 ; D 1 - 2  END                0.0309    0.01151  0.02866
  51. *****   D 1 - 2 S 3 D 4 S 5 ; D 1 - 4 ; D 1 - 2 S 3 S 5 ; D 1 - 2  END            0.0304    0.02016  0.02277
  52.   134   D 1 - 4 ; D 1 - 4 ; D 1 - 3 ; S 1 D 2 S 3  END                            0.0303   -0.03035
  53.    52   D 1 - 4 ; D 1 - 3 S 4 S 6 ; D 1 - 3 ; D 1 - 2  END                        0.0303   -0.03035
  54.   236   D 1 - 4 S 6 ; D 1 - 3 S 4 ; D 1 - 2 S 3 ; D 1 S 2 D 3  END                0.0298   -0.01022 -0.02801
  55.   304   D 1 - 4 S 5 ; D 1 - 3 S 5 ; D 1 S 2 D 3 ; D 1 - 2 S 3  END                0.0298    0.01022  0.02801
  56.   373   D 1 - 4 ; D 1 - 3 S 4 - 5 ; D 1 S 2 - 3 ; D 1 - 3  END                    0.0293   -0.01279 -0.02640
  57.    73   D 1 - 4 S 5 - 6 ; D 1 - 3 ; D 1 - 3 ; D 1 S 2 - 3  END                    0.0293    0.01279  0.02640
  58.    80   D 1 - 4 ; D 1 - 3 S 4 S 6 ; D 1 - 3 ; D 1 S 2 - 3  END                    0.0291    0.02838  0.00657
  59.   135   D 1 - 4 ; D 1 - 3 S 4 - 5 ; D 1 - 3 ; S 1 D 2 S 3  END                    0.0291    0.02838  0.00657
  60.   919   D 1 - 4 ; S 1 D 2 - 3 S 4 ; D 1 - 3 ; D 1 - 2 S 3 S 6  END                0.0289   -0.01024 -0.02705
  61.   162   D 1 - 4 ; D 1 - 4 ; D 1 - 3 ; S 1 - 2 D 3  END                            0.0288   -0.02884
  62.    54   D 1 - 4 ; D 1 - 3 S 5 - 6 ; D 1 - 3 ; D 1 - 2  END                        0.0288    0.02884
  63. 91712   D 1 - 4 S 5 ; D 1 - 2 S 3 D 4 ; D 1 - 2 S 3 ; D 1 - 2 S 4  END            0.0283   -0.01099  0.02605
  64. *****   D 1 - 2 S 3 - 4 ; D 1 - 4 ; D 1 - 3 S 4 - 5 ; D 1 - 2  END                0.0275   -0.00260 -0.02733
  65.   487   D 1 - 4 S 5 S 7 ; D 1 - 3 ; S 1 D 2 S 3 ; D 1 - 3  END                    0.0272   -0.01357 -0.02357
  66. 51663   D 1 - 4 ; D 1 - 4 S 5 - 6 ; D 1 - 3 ; S 1 - 2  END                        0.0265   -0.00342 -0.02629
  67.   254   D 1 - 4 S 5 ; D 1 - 3 S 4 ; D 1 - 2 S 3 ; S 1 D 2 - 3  END                0.0261    0.00909  0.02446
  68.   214   D 1 - 4 S 5 ; D 1 - 3 S 6 ; D 1 - 2 S 3 ; D 1 - 2 S 3  END                0.0261   -0.00909 -0.02446
  69. 19418   D 1 - 3 S 4 - 5 ; D 1 - 4 ; D 1 - 3 ; D 1 - 2  END                        0.0258   -0.02579
  70.  2965   D 1 - 4 ; D 1 - 4 ; D 1 - 2 S 3 - 4 ; D 1 - 2  END                        0.0258    0.02579
  71.    49   D 1 - 4 D 7 ; D 1 - 3 ; D 1 - 3 ; D 1 - 2  END                            0.0257    0.02574
  72.   547   D 1 - 4 ; D 1 - 4 ; D 2 - 3 ; D 1 - 3  END                                0.0257    0.02574
  73.   283   D 1 - 4 ; D 1 - 3 S 4 S 6 ; D 1 - 2 ; D 1 - 3  END                        0.0252    0.02519
  74.   128   D 1 - 5 ; D 1 - 3 ; D 1 - 3 ; S 1 D 2 S 3  END                            0.0252    0.02519
  75.  1407   D 1 - 2 S 3 D 4 ; D 1 - 3 S 4 ; D 1 - 2 S 3 ; D 1 - 3 S 4  END            0.0251    0.01809  0.01745
  76.   570   D 1 - 4 S 5 ; D 1 - 2 S 3 ; D 1 - 3 S 5 ; D 1 - 2 S 3  END                0.0251   -0.01809 -0.01745
  77. 51229   D 1 - 4 ; D 1 - 5 ; D 1 - 3 ; D 1  END                                    0.0251    0.02511
  78. *****   D 1 - 3 S 4 ; D 1 - 4 S 5 ; D 1 - 3 S 4 ; D 1 S 2  END                    0.0249   -0.01031  0.02264
  79. *****   D 1 - 2 S 3 D 4 ; D 1 - 2 S 3 D 4 ; D 1 - 3 S 5 ; D 1 - 2 S 4  END        0.0247    0.00291 -0.02454
  80. 70131   D 1 - 4 S 7 ; D 1 - 4 S 5 ; S 1 D 2 - 3 ; D 1 S 2  END                    0.0247   -0.00458  0.02428
  81.   642   D 1 - 4 ; D 1 - 2 S 3 - 4 ; D 1 - 2 S 3 S 5 ; D 1 - 3  END                0.0246    0.01634  0.01841
  82.  1332   D 1 - 2 S 3 D 4 S 5 ; D 1 - 3 ; D 1 - 3 ; D 1 - 2 S 3 - 4  END            0.0246   -0.01634 -0.01841
  83.   641   D 1 - 4 ; D 1 - 2 S 3 - 4 ; D 1 - 2 S 3 - 4 ; D 1 - 3  END                0.0242   -0.01272 -0.02063
  84.  1115   D 1 - 3 S 4 - 5 ; D 1 - 3 ; D 1 - 3 ; D 1 - 2 S 3 - 4  END                0.0242    0.01272  0.02063
  85.  1190   D 1 - 3 S 4 ; D 1 - 3 S 4 ; D 1 - 2 S 3 ; D 1 - 3 S 4  END                0.0240   -0.01096 -0.02135
  86.   569   D 1 - 4 S 5 ; D 1 - 2 S 3 ; D 1 - 3 S 4 ; D 1 - 2 S 3  END                0.0240    0.01096  0.02135
  87.   374   D 1 - 4 ; D 1 - 3 S 4 S 6 ; D 1 S 2 - 3 ; D 1 - 3  END                    0.0240   -0.00569 -0.02331
  88.   129   D 1 - 4 S 5 - 6 ; D 1 - 3 ; D 1 - 3 ; S 1 D 2 S 3  END                    0.0240    0.00569  0.02331
  89. 89093   D 1 - 4 ; D 1 - 2 S 3 D 4 S 5 ; D 1 - 3 ; D 1 S 2 S 4  END                0.0238    0.01111  0.02102
  90.  3313   D 1 - 4 ; D 1 - 4 ; D 1 - 2 S 3 S 7 ; S 1 D 2 S 3  END                    0.0237    0.01550  0.01790
  91. 41054   S 1 D 2 - 4 S 5 ; D 1 - 3 S 4 S 6 ; D 1 - 3 ; D 1 - 2  END                0.0237    0.01550  0.01790
  92. *****   D 1 - 4 ; D 1 S 2 D 3 - 4 S 5 ; D 1 - 3 ; D 1 S 2 S 5  END                0.0235    0.01705  0.01615
  93.  6251   D 1 - 4 ; D 1 - 4 ; S 1 D 2 S 3 ; D 1 - 2 S 3 S 6  END                    0.0230    0.00895  0.02114
  94. 14569   D 1 - 4 S 5 S 7 ; S 1 D 2 - 3 S 4 ; D 1 - 3 ; D 1 - 2  END                0.0230   -0.00895 -0.02114
  95. *****   D 1 - 3 ; D 1 - 4 ; D 1 - 4 ; D 1 - 2  END                                0.0227    0.02270
  96. 59970   D 1 - 4 S 6 ; D 1 - 4 S 6 ; D 1 S 2 D 3 ; S 1 D 2  END                    0.0226    0.00286 -0.02242
  97. *****   D 1 - 4 S 5 ; D 1 S 2 D 3 - 4 ; D 1 - 2 S 3 ; D 1 - 2 S 5  END            0.0225   -0.01331  0.01815
  98. *****   D 1 - 3 S 4 ; D 1 S 2 D 3 - 4 ; D 1 - 3 S 4 ; D 1 - 2 S 5  END            0.0222    0.00301 -0.02197
  99. *****   D 1 - 4 ; D 1 - 2 D 4 ; D 1 - 3 ; D 1 - 2 D 4  END                        0.0221    0.02208
 100.   257   D 1 - 4 S 6 ; D 1 - 3 S 4 ; D 1 - 2 S 3 ; S 1 D 2 - 3  END                0.0217   -0.00820 -0.02007




 POSITION OF FIRST SPIN COUPLING FOR TEN MOST IMPORTANT CONFIGURATIONS
      50    257    389     44      1     82    417    383     23      2



 ********************************
 RESULTS FOR ROOT   03
 TOTAL CI ENERGY =   -435.5750862
 ********************************

       CONF.                                                                           COEFF.
        NO.        SPACE ORBITAL PRODUCTS                                             CONTRIB.      CI COEFFICIENTS

       -----       ----------------------                                             --------   ---------------------
   1.     2   D 1 - 4 ; D 1 - 3 ; D 1 - 3 ; D 1 - 2 S 3 - 4  END                        0.3125    0.31249
   2.    23   D 1 - 4 ; D 1 - 2 S 3 - 4 ; D 1 - 3 ; D 1 - 3  END                        0.3125    0.31249
   3.    51   D 1 - 4 ; D 1 - 3 S 4 - 5 ; D 1 - 3 ; D 1 - 2  END                        0.2923    0.29230
   4.    78   D 1 - 4 ; D 1 - 4 ; D 1 - 3 ; D 1 S 2 - 3  END                            0.2923    0.29230
   5.   212   D 1 - 4 S 5 ; D 1 - 3 S 4 ; D 1 - 2 S 3 ; D 1 - 2 S 3  END                0.2065    0.20631 -0.00835
   6.    44   D 1 - 5 ; D 1 - 3 ; D 1 - 3 ; D 1 - 2  END                                0.1744    0.17440
   7.   281   D 1 - 4 ; D 1 - 4 ; D 1 - 2 ; D 1 - 3  END                                0.1744    0.17440
   8.    11   D 1 - 4 ; D 1 - 3 ; D 1 - 2 S 3 - 4 ; D 1 - 3  END                        0.1528    0.15278
   9.    32   D 1 - 3 S 4 - 5 ; D 1 - 3 ; D 1 - 3 ; D 1 - 3  END                        0.1528   -0.15278
  10.   275   D 1 - 5 ; D 1 - 3 ; D 1 - 2 ; D 1 - 3  END                                0.1466   -0.14659
  11.    50   D 1 - 4 ; D 1 - 4 ; D 1 - 3 ; D 1 - 2  END                                0.1094    0.10935
  12.   215   D 1 - 4 S 6 ; D 1 - 3 S 4 ; D 1 - 2 S 3 ; D 1 - 2 S 3  END                0.1088    0.04336 -0.09982
  13.   303   D 1 - 4 S 5 ; D 1 - 3 S 4 ; D 1 S 2 D 3 ; D 1 - 2 S 3  END                0.1088    0.04336 -0.09982
  14.   581   D 1 - 4 ; D 1 - 2 S 3 - 4 ; D 1 - 3 ; D 1 - 2 S 3 - 4  END                0.1079    0.08158  0.07060
  15.    26   D 1 - 4 ; D 1 S 2 D 3 S 4 ; D 1 - 3 ; D 1 - 3  END                        0.0985   -0.09847
  16.     3   D 1 - 4 ; D 1 - 3 ; D 1 - 3 ; D 1 - 2 S 3 S 5  END                        0.0985   -0.09847
  17.    72   D 1 - 5 ; D 1 - 3 ; D 1 - 3 ; D 1 S 2 - 3  END                            0.0950   -0.09502
  18.   282   D 1 - 4 ; D 1 - 3 S 4 - 5 ; D 1 - 2 ; D 1 - 3  END                        0.0950   -0.09502
  19.  1124   D 1 - 3 S 4 ; D 1 - 3 S 4 ; D 1 - 3 S 4 ; D 1 - 2 S 3  END                0.0944   -0.05368  0.07762
  20.   213   D 1 - 4 S 5 ; D 1 - 3 S 5 ; D 1 - 2 S 3 ; D 1 - 2 S 3  END                0.0725    0.07188  0.00947
  21.   233   D 1 - 4 S 5 ; D 1 - 3 S 4 ; D 1 - 2 S 3 ; D 1 S 2 D 3  END                0.0725   -0.07188 -0.00947
  22.   309   D 1 - 4 S 7 ; D 1 - 3 S 4 ; D 1 S 2 D 3 ; D 1 - 2 S 3  END                0.0662   -0.04242  0.05089
  23.   425   D 1 - 4 S 6 ; D 1 - 3 S 4 ; S 1 D 2 - 3 ; D 1 - 2 S 3  END                0.0662    0.04242 -0.05089
  24.    79   D 1 - 4 ; D 1 - 3 S 4 - 5 ; D 1 - 3 ; D 1 S 2 - 3  END                    0.0634   -0.04990 -0.03918
  25.   135   D 1 - 4 ; D 1 - 3 S 4 - 5 ; D 1 - 3 ; S 1 D 2 S 3  END                    0.0598   -0.03627 -0.04759
  26.    80   D 1 - 4 ; D 1 - 3 S 4 S 6 ; D 1 - 3 ; D 1 S 2 - 3  END                    0.0598   -0.03627 -0.04759
  27.     1   D 1 - 4 ; D 1 - 3 ; D 1 - 3 ; D 1 - 3  END                                0.0575    0.05751
  28.   632   D 1 - 4 S 5 ; D 1 - 2 S 3 ; D 1 - 2 S 3 ; D 1 - 3 S 4  END                0.0513    0.03809 -0.03434
  29.   234   D 1 - 4 S 5 ; D 1 - 3 S 5 ; D 1 - 2 S 3 ; D 1 S 2 D 3  END                0.0483   -0.03402  0.03428
  30.  1341   D 1 - 2 S 3 D 4 ; D 1 - 3 S 4 ; D 1 - 3 S 4 ; D 1 - 2 S 3  END            0.0472    0.03260 -0.03408
  31.  1125   D 1 - 3 S 4 ; D 1 - 3 S 4 ; D 1 - 3 S 5 ; D 1 - 2 S 3  END                0.0472    0.03260 -0.03408
  32.   136   D 1 - 4 ; D 1 - 3 S 4 S 6 ; D 1 - 3 ; S 1 D 2 S 3  END                    0.0434   -0.01565 -0.04051
  33.  1342   D 1 - 2 S 3 D 4 ; D 1 - 3 S 4 ; D 1 - 3 S 5 ; D 1 - 2 S 3  END            0.0418   -0.02584  0.03282
  34.   236   D 1 - 4 S 6 ; D 1 - 3 S 4 ; D 1 - 2 S 3 ; D 1 S 2 D 3  END                0.0407    0.00025 -0.04070
  35.   304   D 1 - 4 S 5 ; D 1 - 3 S 5 ; D 1 S 2 D 3 ; D 1 - 2 S 3  END                0.0407   -0.00025  0.04070
  36.  1178   D 1 - 3 S 4 - 5 ; D 1 - 3 ; D 1 - 2 S 3 - 4 ; D 1 - 3  END                0.0395   -0.01510 -0.03646
  37.    35   D 1 - 2 S 3 D 4 S 5 ; D 1 - 3 ; D 1 - 3 ; D 1 - 3  END                    0.0392    0.03915
  38.    12   D 1 - 4 ; D 1 - 3 ; D 1 - 2 S 3 S 5 ; D 1 - 3  END                        0.0392   -0.03915
  39.   701   D 1 - 4 ; D 1 - 2 D 4 ; D 1 - 3 ; D 1 - 3  END                            0.0385   -0.03852
  40.    66   D 1 - 4 ; D 1 - 3 ; D 1 - 3 ; D 1 - 2 D 4  END                            0.0385   -0.03852
  41.   306   D 1 - 4 S 6 ; D 1 - 3 S 4 ; D 1 S 2 D 3 ; D 1 - 2 S 3  END                0.0374    0.00916 -0.03625
  42.    52   D 1 - 4 ; D 1 - 3 S 4 S 6 ; D 1 - 3 ; D 1 - 2  END                        0.0369   -0.03688
  43.   134   D 1 - 4 ; D 1 - 4 ; D 1 - 3 ; S 1 D 2 S 3  END                            0.0369   -0.03688
  44.   582   D 1 - 4 ; D 1 - 2 S 3 - 4 ; D 1 - 3 ; D 1 - 2 S 3 S 5  END                0.0349    0.00828  0.03389
  45.   735   D 1 - 4 ; D 1 S 2 D 3 S 4 ; D 1 - 3 ; D 1 - 2 S 3 - 4  END                0.0349    0.00828  0.03389
  46.   367   D 1 - 4 S 5 - 6 ; D 1 - 3 ; D 1 S 2 - 3 ; D 1 - 3  END                    0.0346    0.02253  0.02627
  47.   256   D 1 - 4 S 5 ; D 1 - 3 S 6 ; D 1 - 2 S 3 ; S 1 D 2 - 3  END                0.0340   -0.01663  0.02966
  48. 19418   D 1 - 3 S 4 - 5 ; D 1 - 4 ; D 1 - 3 ; D 1 - 2  END                        0.0325    0.03253
  49.  2965   D 1 - 4 ; D 1 - 4 ; D 1 - 2 S 3 - 4 ; D 1 - 2  END                        0.0325   -0.03253
  50.  1587   D 1 S 2 D 3 - 4 ; D 1 - 3 S 4 ; D 1 - 3 S 5 ; D 1 - 2 S 3  END            0.0320    0.01474 -0.02843
  51.  1343   D 1 - 2 S 3 D 4 ; D 1 - 3 S 4 ; D 1 - 3 S 6 ; D 1 - 2 S 3  END            0.0320   -0.01474  0.02843
  52.   128   D 1 - 5 ; D 1 - 3 ; D 1 - 3 ; S 1 D 2 S 3  END                            0.0319    0.03192
  53.   283   D 1 - 4 ; D 1 - 3 S 4 S 6 ; D 1 - 2 ; D 1 - 3  END                        0.0319    0.03192
  54.  1589   D 1 S 2 D 3 - 4 ; D 1 - 3 S 4 ; D 1 - 3 S 7 ; D 1 - 2 S 3  END            0.0305    0.01431 -0.02689
  55.  1861   S 1 D 2 - 4 ; D 1 - 3 S 4 ; D 1 - 3 S 6 ; D 1 - 2 S 3  END                0.0305    0.01431 -0.02689
  56.  1396   D 1 - 2 S 3 D 4 S 5 ; D 1 - 3 ; D 1 - 2 S 3 S 5 ; D 1 - 3  END            0.0303   -0.01896 -0.02358
  57.  1458   D 1 - 2 S 3 D 4 S 5 ; D 1 - 2 S 3 - 4 ; D 1 - 3 ; D 1 - 3  END            0.0283   -0.02735 -0.00737
  58.   224   D 1 - 4 ; D 1 - 3 ; D 1 - 2 S 3 S 5 ; D 1 - 2 S 3 - 4  END                0.0283    0.02735  0.00737
  59.   424   D 1 - 4 S 5 ; D 1 - 3 S 6 ; S 1 D 2 - 3 ; D 1 - 2 S 3  END                0.0273    0.01501  0.02277
  60.   260   D 1 - 4 S 7 ; D 1 - 3 S 4 ; D 1 - 2 S 3 ; S 1 D 2 - 3  END                0.0273    0.01501  0.02277
  61.    38   D 1 S 2 D 3 - 4 S 5 ; D 1 - 3 ; D 1 - 3 ; D 1 - 3  END                    0.0272    0.02721
  62.    13   D 1 - 4 ; D 1 - 3 ; D 1 - 2 S 3 S 6 ; D 1 - 3  END                        0.0272    0.02721
  63.   130   D 1 - 4 S 5 S 7 ; D 1 - 3 ; D 1 - 3 ; S 1 D 2 S 3  END                    0.0270   -0.01298 -0.02371
  64.   493   D 1 - 4 ; D 1 - 3 S 4 S 6 ; S 1 D 2 S 3 ; D 1 - 3  END                    0.0270   -0.01298 -0.02371
  65.   736   D 1 - 4 ; D 1 S 2 D 3 S 4 ; D 1 - 3 ; D 1 - 2 S 3 S 5  END                0.0270    0.02089  0.01708
  66.  1395   D 1 - 2 S 3 D 4 S 5 ; D 1 - 3 ; D 1 - 2 S 3 - 4 ; D 1 - 3  END            0.0259    0.02094  0.01522
  67.  1179   D 1 - 3 S 4 - 5 ; D 1 - 3 ; D 1 - 2 S 3 S 5 ; D 1 - 3  END                0.0259    0.02094  0.01522
  68.   422   D 1 - 4 S 5 ; D 1 - 3 S 4 ; S 1 D 2 - 3 ; D 1 - 2 S 3  END                0.0257   -0.02153  0.01403
  69.   218   D 1 - 4 S 7 ; D 1 - 3 S 4 ; D 1 - 2 S 3 ; D 1 - 2 S 3  END                0.0257    0.02153 -0.01403
  70.   324   D 1 - 4 S 5 ; D 1 - 3 S 4 ; D 1 S 2 D 3 ; D 1 S 2 D 3  END                0.0252    0.02398 -0.00782
  71.   216   D 1 - 4 S 6 ; D 1 - 3 S 5 ; D 1 - 2 S 3 ; D 1 - 2 S 3  END                0.0252   -0.02398  0.00782
  72.   737   D 1 - 4 ; D 1 S 2 D 3 S 4 ; D 1 - 3 ; D 1 - 2 S 3 S 6  END                0.0251   -0.01088 -0.02259
  73.   918   D 1 - 4 ; S 1 D 2 - 3 S 4 ; D 1 - 3 ; D 1 - 2 S 3 S 5  END                0.0251    0.01088  0.02259
  74.    27   D 1 - 4 ; D 1 S 2 D 3 S 5 ; D 1 - 3 ; D 1 - 3  END                        0.0250    0.02504
  75.     6   D 1 - 4 ; D 1 - 3 ; D 1 - 3 ; D 1 S 2 D 3 S 5  END                        0.0250   -0.02504
  76.   856   D 1 - 4 ; D 1 S 2 - 5 ; D 1 - 3 ; D 1 - 3  END                            0.0248    0.00667  0.02391
  77.    95   D 1 - 4 ; D 1 - 3 ; D 1 - 3 ; D 1 S 2 - 5  END                            0.0248   -0.00667 -0.02391
  78.   214   D 1 - 4 S 5 ; D 1 - 3 S 6 ; D 1 - 2 S 3 ; D 1 - 2 S 3  END                0.0244   -0.02347 -0.00652
  79.   254   D 1 - 4 S 5 ; D 1 - 3 S 4 ; D 1 - 2 S 3 ; S 1 D 2 - 3  END                0.0244    0.02347  0.00652
  80.   428   D 1 - 4 S 7 ; D 1 - 3 S 4 ; S 1 D 2 - 3 ; D 1 - 2 S 3  END                0.0241    0.02151 -0.01086
  81. 53632   D 1 - 4 S 5 ; D 1 - 4 S 5 ; D 1 - 2 S 3 ; D 1 S 2  END                    0.0233    0.01594  0.01696
  82.    56   D 1 - 4 ; D 1 - 3 ; D 1 - 4 ; D 1 - 2  END                                0.0233   -0.02328
  83.  1310   D 1 - 3 ; D 1 - 4 ; D 1 - 3 ; D 1 - 3  END                                0.0233   -0.02328
  84.  1241   D 1 - 3 S 4 - 5 ; D 1 - 2 S 3 - 4 ; D 1 - 3 ; D 1 - 3  END                0.0228    0.01249  0.01910
  85.   221   D 1 - 4 ; D 1 - 3 ; D 1 - 2 S 3 - 4 ; D 1 - 2 S 3 - 4  END                0.0228   -0.01249 -0.01910
  86. 56669   D 1 - 4 ; D 1 - 5 ; D 1 - 2 ; D 1 - 2  END                                0.0217   -0.02175
  87. 50986   D 1 - 5 ; D 1 - 4 ; D 1 - 3 ; D 1  END                                    0.0217   -0.02175
  88.   129   D 1 - 4 S 5 - 6 ; D 1 - 3 ; D 1 - 3 ; S 1 D 2 S 3  END                    0.0216    0.00921  0.01955
  89.   374   D 1 - 4 ; D 1 - 3 S 4 S 6 ; D 1 S 2 - 3 ; D 1 - 3  END                    0.0216   -0.00921 -0.01955
  90.   109   D 1 - 4 ; D 1 - 3 D 5 ; D 1 - 3 ; D 1 D 3  END                            0.0216   -0.02157
  91.   307   D 1 - 4 S 6 ; D 1 - 3 S 5 ; D 1 S 2 D 3 ; D 1 - 2 S 3  END                0.0215    0.01460 -0.01580
  92.   327   D 1 - 4 S 6 ; D 1 - 3 S 4 ; D 1 S 2 D 3 ; D 1 S 2 D 3  END                0.0215   -0.01460  0.01580
  93.   603   D 1 - 4 ; D 1 - 2 S 3 - 4 ; D 1 - 3 ; D 1 S 2 D 3 S 5  END                0.0215   -0.02040 -0.00677
  94.   738   D 1 - 4 ; D 1 S 2 D 3 S 5 ; D 1 - 3 ; D 1 - 2 S 3 - 4  END                0.0215    0.02040  0.00677
  95.   919   D 1 - 4 ; S 1 D 2 - 3 S 4 ; D 1 - 3 ; D 1 - 2 S 3 S 6  END                0.0211   -0.01420 -0.01557
  96.   429   D 1 - 4 S 7 ; D 1 - 3 S 5 ; S 1 D 2 - 3 ; D 1 - 2 S 3  END                0.0207   -0.01769  0.01076
  97.   449   D 1 - 4 S 7 ; D 1 - 3 S 4 ; S 1 D 2 - 3 ; D 1 S 2 D 3  END                0.0207    0.01769 -0.01076
  98.    81   D 1 - 4 ; D 1 - 3 D 5 ; D 1 - 3 ; D 1 S 2 - 3  END                        0.0203    0.02031
  99.   107   D 1 - 4 ; D 1 - 3 S 4 - 5 ; D 1 - 3 ; D 1 D 3  END                        0.0203    0.02031
 100.    15   D 1 - 4 ; D 1 - 3 ; D 1 S 2 D 3 S 4 ; D 1 - 3  END                        0.0201   -0.02012




 POSITION OF FIRST SPIN COUPLING FOR TEN MOST IMPORTANT CONFIGURATIONS
       2     23     51     81    257     44    389     11     32    383



 ELAPSED TIME =    2984.81 CPU SECONDS. (   9542.74 WALL CLOCK SECONDS)
