 ************************************************************************
 * RTSIM - DAVIDSON METHOD SPARSE MATRIX EIGENVALUE/EIGENVECTOR PROGRAM *
 * QUANTUM CHEMISTRY GROUP - INDIANA UNIVERSITY - 11May 2016  11:53:17  *
 ************************************************************************



                 DIAGONALIZATION RUN TITLE
                 -------------------------
 )* WATER TEST *



 ) DAVIDSON
 ) LAST=5
 ) COEFF
 ) NOVLP
 ) MAXITR=1000 END

 THE CI MATRIX IS TITLED:  H2O  -SINGLET A1-  STO-3G HF SD-CI TEST
 THE MATRIX IS DATED:     11May 2016  11:53:15 
 THE SPIN MULTIPLICITY IS 1 AND THE DIMENSION IS  55104.

 ROOTS  1 THROUGH  5 WILL BE OBTAINED.

  
  
  
 AMOUNT OF CORE AVAILABLE                      80000000
 MAXIMUM NUMBER OF VECTORS PER ITERATION              5
 MAXIMUM NUMBER OF VECTORS ON DISK                   25
 NUMBER OF SOLUTIONS SOUGHT                           5
 NUMBER OF SOLUTIONS INVESTIGATED                     5
 SIZE OF MATRIX DIAGONALISED                      55104
  
  
 INITIAL GUESS AT ROOTS (OBTAINED FROM DIAGONAL ELEMENTS OF HAMILTONIAN MATRIX)

               54        -124.76012
                1        -124.76012
               86        -123.27238
               52        -123.27238
               51        -121.43402


 ITERATION       ROOT           EIGENVALUE          NORM OF RESIDUAL
     1             1          -125.32344330              5.76589
     1             2          -124.36170997              5.10807
     1             3          -123.44973196              5.33046
     1             4          -122.95174443              5.16473
     1             5          -121.41237053              5.20753
     2             1          -127.97218200              8.39964
     2             2          -126.24340192              6.63046
     2             3          -125.68495134              8.39932
     2             4          -124.90813082              7.09303
     2             5          -121.48553683              9.20355
     2             1          -127.97218200              3.25745
     2             2          -126.24340192              2.53806
     2             3          -125.68495134              3.03139
     2             4          -124.90813082              2.68285
     2             5          -121.48553683              4.85689
     3             1          -128.53818797              4.76736
     3             2          -126.56209698              3.56456
     3             3          -126.24905612              5.52924
     3             4          -125.27463344              3.99231
     3             5          -123.55866673             18.22487
     3             1          -128.53818797              1.52111
     3             2          -126.56209698              1.09414
     3             3          -126.24905612              1.76990
     3             4          -125.27463344              1.23802
     3             5          -123.55866673              3.44841
     4             1          -128.63296968              2.25351
     4             2          -126.61219843              1.61152
     4             3          -126.48059482              5.65949
     4             4          -125.34313789              2.03862
     4             5          -124.61740589             13.46702
     4             1          -128.63296968              0.65461
     4             2          -126.61219843              0.41793
     4             3          -126.48059482              1.36987
     4             4          -125.34313789              0.52494
     4             5          -124.61740589              2.70684
     5             1          -128.64998361              1.05897
     5             2          -126.63056137            312.10713
     5             3          -126.61930809            317.18130
     5             4          -125.35514149              2.92717
     5             5          -125.29251625             13.16879
  truncating with vlp=false 
 TRUNCATION TO 1 VECTOR PER ROOT HAS BEEN PERFORMED
     5             1          -128.64998361              0.28580
     5             2          -126.63056137              1.06278
     5             3          -126.61930809              0.19619
     5             4          -125.35514149              0.32047
     5             5          -125.29251625              2.28792
     6             1          -128.65250587              0.27659
     6             2          -126.67251850              2.53248
     6             3          -126.62060509              1.96752
     6             4          -125.54178894            201.66105
     6             5          -125.35642709            200.72903
     6             1          -128.65250587              0.12084
     6             2          -126.67251850              0.51694
     6             3          -126.62060509              0.09040
     6             4          -125.54178894              1.33393
     6             5          -125.35642709              0.12483
     7             1          -128.65327667              0.25529
     7             2          -126.69066798              1.64486
     7             3          -126.62123632              0.40492
     7             4          -125.77265757              8.03938
     7             5          -125.35776910              0.76606
     7             1          -128.65327667              0.06349
     7             2          -126.69066798              0.32424
     7             3          -126.62123632              0.05913
     7             4          -125.77265757              1.33512
     7             5          -125.35776910              0.09439
     8             1          -128.65346765              0.15160
     8             2          -126.69760086              1.19782
     8             3          -126.62137808              0.15640
     8             4          -125.89056201              6.11665
     8             5          -125.35822489              0.34384
     8             1          -128.65346765              0.02974
     8             2          -126.69760086              0.19753
     8             3          -126.62137808              0.02376
     8             4          -125.89056201              0.85768
     8             5          -125.35822489              0.05217
     9             1          -128.65350678              0.07240
     9             2          -126.70009198              0.87901
     9             3          -126.62140203              0.05551
     9             4          -125.94066540              4.87455
     9             5          -125.35836980              0.20527
  truncating with vlp=false 
 TRUNCATION TO 1 VECTOR PER ROOT HAS BEEN PERFORMED
     9             1          -128.65350678              0.01251
     9             2          -126.70009198              0.09699
     9             3          -126.62140203              0.00983
     9             4          -125.94066540              0.49744
     9             5          -125.35836980              0.03756
    10             1          -128.65351154              0.01168
    10             2          -126.70041861              0.11381
    10             3          -126.62140563              0.01137
    10             4          -125.95066901              0.68090
    10             5          -125.35842078              0.05271
    10             1          -128.65351154              0.00608
    10             2          -126.70041861              0.04484
    10             3          -126.62140563              0.00576
    10             4          -125.95066901              0.27612
    10             5          -125.35842078              0.02432
    11             1          -128.65351391              0.02078
    11             2          -126.70056121              0.16411
    11             3          -126.62140793              0.02287
    11             4          -125.95729901              1.45503
    11             5          -125.35847141              0.11698
    11             1          -128.65351391              0.00437
    11             2          -126.70056121              0.03465
    11             3          -126.62140793              0.00360
    11             4          -125.95729901              0.27153
    11             5          -125.35847141              0.02133
    12             1          -128.65351459              0.01206
    12             2          -126.70062751              0.15738
    12             3          -126.62140838              0.01036
    12             4          -125.96222264              1.71619
    12             5          -125.35850175              0.12733
    12             1          -128.65351459              0.00199
    12             2          -126.70062751              0.02304
    12             3          -126.62140838              0.00145
    12             4          -125.96222264              0.22623
    12             5          -125.35850175              0.01399
    13             1          -128.65351472              0.00523
    13             2          -126.70065486              0.11230
    13             3          -126.62140848              0.00495
    13             4          -125.96560884              1.77605
    13             5          -125.35851259              0.07580
  truncating with vlp=false 
 TRUNCATION TO 1 VECTOR PER ROOT HAS BEEN PERFORMED
    13             1          -128.65351472              0.00093
    13             2          -126.70065486              0.01523
    13             3          -126.62140848              0.00078
    13             4          -125.96560884              0.18051
    13             5          -125.35851259              0.00956
    14             1          -128.65351475              0.00090
    14             2          -126.70066242              0.01606
    14             3          -126.62140850              0.00095
    14             4          -125.96685236              0.22130
    14             5          -125.35851648              0.01393
    14             1          -128.65351475              0.00046
    14             2          -126.70066242              0.00736
    14             3          -126.62140850              0.00042
    14             4          -125.96685236              0.09801
    14             5          -125.35851648              0.00539
    15             1          -128.65351476              0.00118
    15             2          -126.70066586              0.02598
    15             3          -126.62140851              0.00164
    15             4          -125.96760526              0.47273
    15             5          -125.35851876              0.02468
    15             1          -128.65351476              0.00026
    15             2          -126.70066586              0.00524
    15             3          -126.62140851              0.00027
    15             4          -125.96760526              0.08531
    15             5          -125.35851876              0.00369
    16             1          -128.65351476              0.00065
    16             2          -126.70066724              0.02100
    16             3          -126.62140851              0.00081
    16             4          -125.96807864              0.48566
    16             5          -125.35851945              0.01713
    16             1          -128.65351476              0.00010
    16             2          -126.70066724              0.00289
    16             3          -126.62140851              0.00011
    16             4          -125.96807864              0.05801
    16             5          -125.35851945              0.00249
     ROOT    ITERATION     NUMBER OF PRODUCTS       EIGENVALUE
       1        16                75                -128.6535147648


    17             2          -126.70066784              0.01697
    17             3          -126.62140851              0.00033
    17             4          -125.96834309              0.46816
    17             5          -125.35851984              0.01539
  truncating with vlp=false 
 TRUNCATION TO 1 VECTOR PER ROOT HAS BEEN PERFORMED
    17             2          -126.70066784              0.00244
    17             3          -126.62140851              0.00007
    17             4          -125.96834309              0.05568
    17             5          -125.35851984              0.00216
     ROOT    ITERATION     NUMBER OF PRODUCTS       EIGENVALUE
       3        17                79                -126.6214085128


    18             2          -126.70066805              0.00220
    18             4          -125.96845904              0.05555
    18             5          -125.35852002              0.00246
    18             2          -126.70066805              0.00115
    18             4          -125.96845904              0.02914
    18             5          -125.35852002              0.00130
    19             2          -126.70066816              0.00363
    19             4          -125.96854376              0.11804
    19             5          -125.35852016              0.00391
    19             2          -126.70066816              0.00103
    19             4          -125.96854376              0.02935
    19             5          -125.35852016              0.00110
    20             2          -126.70066821              0.00332
    20             4          -125.96859766              0.13406
    20             5          -125.35852024              0.00551
    20             2          -126.70066821              0.00057
    20             4          -125.96859766              0.02023
    20             5          -125.35852024              0.00090
    21             2          -126.70066823              0.00248
    21             4          -125.96863054              0.14004
    21             5          -125.35852029              0.00428
    21             2          -126.70066823              0.00048
    21             4          -125.96863054              0.02091
    21             5          -125.35852029              0.00065
    22             2          -126.70066824              0.00247
    22             4          -125.96866561              0.18408
    22             5          -125.35852032              0.00449
    22             2          -126.70066824              0.00020
    22             4          -125.96866561              0.01197
    22             5          -125.35852032              0.00035
    23             2          -126.70066824              0.00054
    23             4          -125.96867185              0.04920
    23             5          -125.35852033              0.00148
  truncating with vlp=false 
 TRUNCATION TO 1 VECTOR PER ROOT HAS BEEN PERFORMED
    23             2          -126.70066824              0.00009
    23             4          -125.96867185              0.00585
    23             5          -125.35852033              0.00018
     ROOT    ITERATION     NUMBER OF PRODUCTS       EIGENVALUE
       2        23                97                -126.7006682433


    24             4          -125.96867325              0.00600
    24             5          -125.35852033              0.00018
    24             4          -125.96867325              0.00323
    24             5          -125.35852033              0.00011
    25             4          -125.96867403              0.01108
    25             5          -125.35852033              0.00042
    25             4          -125.96867403              0.00196
    25             5          -125.35852033              0.00009
     ROOT    ITERATION     NUMBER OF PRODUCTS       EIGENVALUE
       5        25               101                -125.3585203296


    26             4          -125.96867420              0.00388
    26             4          -125.96867420              0.00109
    27             4          -125.96867427              0.00341
    27             4          -125.96867427              0.00074
    28             4          -125.96867430              0.00223
    28             4          -125.96867430              0.00053
    29             4          -125.96867432              0.00194
    29             4          -125.96867432              0.00038
    30             4          -125.96867433              0.00231
    30             4          -125.96867433              0.00037
    31             4          -125.96867434              0.00183
    31             4          -125.96867434              0.00023
    32             4          -125.96867434              0.00119
    32             4          -125.96867434              0.00019
    33             4          -125.96867435              0.00098
    33             4          -125.96867435              0.00013
    34             4          -125.96867435              0.00046
    34             4          -125.96867435              0.00008
     ROOT    ITERATION     NUMBER OF PRODUCTS       EIGENVALUE
       4        34               110                -125.9686743461


  all roots converged 
  

 ************************************
 COMPLETED CI VECTOR OPTIMISATION
 ************************************





 ********************************
 RESULTS FOR ROOT   01
 TOTAL CI ENERGY =   -128.6535148
 ********************************

       CONF.                                                                           COEFF.
        NO.        SPACE ORBITAL PRODUCTS                                             CONTRIB.      CI COEFFICIENTS

       -----       ----------------------                                             --------   ---------------------
   1.    41   D 1 - 2 ; D 1 S 2 ; D 1 S 2 ; D 1  END                                    0.5361   -0.53613
   2.     1   D 1 - 2 S 3 ; D 1 - 2 ; D 1 ; S 1  END                                    0.5361    0.53613
   3.    39   D 1 - 2 ; D 1 - 2 S 3 ; S 1 ; D 1  END                                    0.2438    0.24378
   4.    60   D 1 S 2 ; D 1 - 2 ; D 1 ; D 1 S 2  END                                    0.2438    0.24378
   5.    36   D 1 - 2 S 3 ; S 1 - 2 ; D 1 ; D 1 S 2  END                                0.0988   -0.07939  0.05874
   6.    31   D 1 - 2 S 3 - 4 ; D 1 S 2 ; S 1 ; D 1  END                                0.0988    0.01118 -0.09812
   7.     2   D 1 - 3 ; D 1 S 2 ; S 1 ; D 1  END                                        0.0923   -0.09232
   8.    32   D 1 - 2 S 3 ; D 1 ; D 1 ; D 1 S 2  END                                    0.0923   -0.09232
   9.    82   S 1 D 2 S 3 ; D 1 S 2 ; D 1 S 2 ; D 1  END                                0.0849    0.06835  0.05039
  10.    30   D 1 - 2 S 3 ; D 1 S 2 S 4 ; D 1 ; S 1  END                                0.0849    0.07781  0.03400
  11.   251   D 1 - 2 ; S 1 D 2 ; D 1 S 2 ; S 1 - 2  END                                0.0753   -0.06475 -0.03837
  12.   231   D 1 - 2 S 4 ; D 1 - 2 ; S 1 - 2 ; S 1  END                                0.0753   -0.06560 -0.03689
  13.    33   D 1 - 2 S 3 ; S 1 D 2 S 3 ; D 1 ; S 1  END                                0.0722   -0.06020 -0.03981
  14.   369   D 1 S 2 S 4 ; D 1 S 2 ; D 1 S 2 ; D 1  END                                0.0722    0.06458  0.03223
  15.    55   D 1 S 2 - 4 ; D 1 - 2 ; D 1 ; S 1  END                                    0.0691   -0.05521  0.04158
  16.   259   D 1 - 2 ; S 1 - 3 ; D 1 S 2 ; D 1  END                                    0.0691   -0.00841  0.06860
  17.    59   D 1 S 2 - 3 ; S 1 D 2 ; D 1 S 2 ; D 1  END                                0.0635   -0.05308 -0.03492
  18.   237   D 1 - 2 S 4 ; D 1 S 2 - 3 ; D 1 ; S 1  END                                0.0635    0.05678  0.02851
  19.   246   D 1 - 2 S 4 ; D 1 ; D 1 ; D 1 S 2  END                                    0.0624    0.06241
  20.     3   D 1 - 3 ; S 1 D 2 ; S 1 ; D 1  END                                        0.0624   -0.06241
  21.   228   D 1 - 2 S 4 ; D 1 - 2 ; D 1 ; S 2  END                                    0.0568   -0.05685
  22.   256   D 1 - 2 ; S 1 D 2 ; S 1 D 2 ; D 1  END                                    0.0568    0.05685
  23.   977   D 1 - 2 ; D 1 S 2 ; S 1 D 2 ; S 1 - 2  END                                0.0563    0.04983 -0.02611
  24.   170   D 1 - 2 S 3 ; D 1 - 2 ; S 1 - 2 ; S 2  END                                0.0563    0.00231  0.05621
  25.   529   S 1 D 2 ; D 1 - 2 ; D 1 - 2 ; S 1  END                                    0.0529   -0.05294
  26.   230   D 1 - 2 ; D 1 - 2 S 4 ; D 1 S 2  END                                      0.0529    0.05294
  27.   248   D 1 - 2 ; D 1 S 4 ; D 1 S 2 ; D 1  END                                    0.0509   -0.05089
  28.     5   S 1 D 2 - 3 ; D 1 - 2 ; D 1 ; S 1  END                                    0.0509    0.05089
  29.   371   D 1 S 2 ; D 1 S 2 S 4 ; D 1 ; D 1 S 2  END                                0.0503   -0.00925  0.04942
  30.    80   S 1 D 2 S 3 ; D 1 - 2 S 3 ; S 1 ; D 1  END                                0.0503   -0.03817  0.03272
  31.    57   D 1 S 2 - 3 ; D 1 - 2 S 4 ; S 1 ; D 1  END                                0.0498   -0.03930  0.03060
  32.   535   S 1 D 2 ; D 1 S 2 - 3 ; D 1 ; D 1 S 2  END                                0.0498   -0.00685  0.04934
  33.    26   D 1 - 2 S 3 ; D 1 - 2 ; D 1 ; S 2  END                                    0.0490    0.04903
  34.   244   D 1 - 2 ; D 1 S 2 ; S 1 D 2 ; D 1  END                                    0.0490    0.04903
  35.   181   D 1 - 2 S 3 ; D 1 S 2 - 3 ; S 1 - 2 ; S 1  END                            0.0487   -0.04619  0.00131 -0.00661 -0.00750
                                                                                                  0.01149
  36.   335   D 1 S 2 - 3 ; D 1 S 2 ; D 1 S 2 ; S 1 - 2  END                            0.0487   -0.04619  0.00283 -0.00838 -0.00749
                                                                                                  0.00996
  37.   233   D 1 - 2 ; D 1 - 2 S 4 ; S 1 ; S 1 - 2  END                                0.0479   -0.04286  0.02136
  38.   533   S 1 D 2 ; D 1 - 2 ; S 1 - 2 ; D 1 S 2  END                                0.0479   -0.00293 -0.04779
  39.   343   D 1 S 2 - 3 ; D 1 S 3 ; D 1 S 2 ; D 1  END                                0.0474    0.03945 -0.02623
  40.    46   D 1 S 2 D 3 ; D 1 S 2 - 3 ; D 1 ; S 1  END                                0.0474   -0.00299  0.04728
  41.   970   D 1 - 2 ; D 1 S 2 ; D 1 S 2 ; D 2  END                                    0.0449    0.04493
  42.   175   D 1 - 2 S 3 ; D 1 - 2 ; D 2 ; S 1  END                                    0.0449   -0.04493
  43.    27   D 1 - 2 S 3 ; D 1 - 2 ; S 1 - 2 ; S 1  END                                0.0446    0.02193  0.03878
  44.   239   D 1 - 2 ; D 1 S 2 ; D 1 S 2 ; S 1 - 2  END                                0.0446   -0.04455  0.00039
  45.   362   D 1 S 2 ; D 1 - 2 S 3 - 4 ; D 1 ; S 1  END                                0.0418   -0.03560  0.02189
  46.   592   S 1 - 2 ; D 1 - 2 S 3 ; D 1 S 2 ; D 1  END                                0.0418    0.00116 -0.04178
  47.   328   D 1 S 2 - 3 ; D 1 - 2 S 3 ; S 1 ; S 1 - 2  END                            0.0400    0.03789  0.00107 -0.00237 -0.00086
                                                                                                 -0.01254
  48.  1364   D 1 S 2 ; D 1 S 2 - 3 ; S 1 - 2 ; D 1 S 2  END                            0.0400   -0.03789  0.01053 -0.00584 -0.00433
                                                                                                  0.00094
  49.   366   D 1 S 2 S 4 ; D 1 - 2 S 3 ; S 1 ; D 1  END                                0.0391   -0.03214  0.02229
  50.   373   D 1 S 2 ; S 1 D 2 S 3 ; D 1 ; D 1 S 2  END                                0.0391    0.00324 -0.03898
  51.    90   S 1 - 3 ; D 1 - 2 ; D 1 ; D 1 S 2  END                                    0.0381    0.00073  0.03810
  52.   242   D 1 - 2 ; D 1 S 2 - 4 ; S 1 ; D 1  END                                    0.0381   -0.03336  0.01842
  53.   530   S 1 D 2 ; D 1 - 2 ; D 1 ; S 1 D 2  END                                    0.0376   -0.03762
  54.   236   D 1 - 2 ; D 1 - 2 S 4 ; S 2 ; D 1  END                                    0.0376    0.03762
  55.   191   D 1 - 2 S 3 ; D 1 ; D 1 ; S 1 D 2  END                                    0.0370   -0.03705
  56.    11   D 1 - 3 ; D 1 S 2 ; S 2 ; D 1  END                                        0.0370    0.03705
  57.   984   D 1 - 2 ; D 1 S 2 ; S 2 ; D 1 - 2  END                                    0.0365    0.03646
  58.   176   D 1 - 2 S 3 ; D 1 - 2 ; ; S 1 D 2  END                                    0.0365   -0.03646
  59.   973   D 1 - 2 S 4 ; D 1 S 2 S 4 ; S 1 - 2 ; S 1  END                            0.0353    0.00251 -0.02592 -0.01643 -0.01513
                                                                                                 -0.00851
  60.   512   S 1 D 2 S 3 ; S 1 D 2 ; D 1 S 2 ; S 1 - 2  END                            0.0353   -0.00251  0.02653  0.01477  0.01607
                                                                                                  0.00790
  61.   187   D 1 - 2 S 3 ; D 1 D 3 ; D 1 ; S 1  END                                    0.0352   -0.03522
  62.    64   D 1 D 3 ; D 1 S 2 ; D 1 S 2 ; D 1  END                                    0.0352    0.03522
  63.  1031   D 1 - 2 S 4 ; S 1 - 2 ; S 1 - 2 ; D 1 S 2  END                            0.0351    0.02615  0.01178 -0.01150 -0.00760
                                                                                                 -0.01482
  64.   198   D 1 - 2 S 3 - 4 ; S 1 D 2 ; S 1 ; S 1 - 2  END                            0.0351   -0.02615  0.01644 -0.00869 -0.00479
                                                                                                 -0.01340
  65.    49   D 1 S 2 D 3 ; D 1 ; D 1 ; D 1 S 2  END                                    0.0337   -0.03369
  66.    13   D 1 - 3 ; D 1 S 3 ; S 1 ; D 1  END                                        0.0337   -0.03369
  67.   520   S 1 D 2 S 3 ; S 1 - 3 ; D 1 S 2 ; D 1  END                                0.0324    0.00068  0.02362  0.01685  0.01268
                                                                                                  0.00697
  68.   334   D 1 S 2 - 4 ; D 1 S 2 S 4 ; D 1 ; S 1  END                                0.0324    0.02171  0.00905  0.01668 -0.01325
                                                                                                  0.00667
  69.  1028   D 1 - 2 ; S 1 - 2 S 4 ; D 1 S 2 ; S 1 - 2  END                            0.0323   -0.02523 -0.00930  0.00709 -0.01063
                                                                                                 -0.01241
  70.   492   S 1 D 2 S 3 - 4 ; D 1 - 2 ; S 1 - 2 ; S 1  END                            0.0323    0.02523  0.01317  0.00840 -0.00933
                                                                                                  0.00854
  71.    84   S 1 D 2 ; D 1 - 2 ; D 1 ; D 1 S 2  END                                    0.0317   -0.03170
  72.    40   D 1 - 2 ; D 1 - 2 S 4 ; S 1 ; D 1  END                                    0.0317   -0.03170
  73.  1616   D 1 ; D 1 S 2 D 3 ; D 1 S 2 ; D 1  END                                    0.0314    0.03141
  74.   412   D 1 S 3 ; D 1 - 3 ; D 1 ; S 1  END                                        0.0314   -0.03141
  75.  1390   D 1 S 2 S 4 ; S 1 - 3 ; D 1 S 2 ; D 1  END                                0.0314   -0.00565  0.02002  0.01433  0.01712
                                                                                                  0.00740
  76.   345   D 1 S 2 - 4 ; S 1 D 2 S 3 ; D 1 ; S 1  END                                0.0314   -0.02154 -0.00495 -0.01193  0.01857
                                                                                                 -0.00325
  77.   241   D 1 - 2 ; D 1 S 2 D 3 ; S 1 ; D 1  END                                    0.0311    0.03111
  78.    66   D 1 S 3 ; D 1 - 2 ; D 1 ; D 1 S 2  END                                    0.0311    0.03111
  79.   526   S 1 D 2 ; D 1 - 3 ; D 1 ; S 1  END                                        0.0299    0.02993
  80.   428   D 1 ; D 1 - 2 S 4 ; D 1 S 2 ; D 1  END                                    0.0299   -0.02993
  81.  2176   S 1 - 2 ; D 1 S 2 - 4 ; D 1 S 2 ; D 1  END                                0.0291   -0.00307 -0.00082 -0.02609  0.00448
                                                                                                  0.01158
  82.   578   S 1 - 3 ; D 1 - 2 S 3 - 4 ; D 1 ; S 1  END                                0.0291   -0.00225  0.00464  0.02606  0.00200
                                                                                                 -0.01164
  83.     4   D 1 S 2 D 3 ; D 1 - 2 ; D 1 ; S 1  END                                    0.0280    0.02803
  84.   247   D 1 - 2 ; D 1 S 3 ; D 1 S 2 ; D 1  END                                    0.0280   -0.02803
  85.   962   D 1 - 2 ; D 1 - 2 S 3 ; S 2 ; S 1 - 2  END                                0.0276   -0.02359 -0.01437
  86.  1342   D 1 S 2 ; D 1 - 2 ; S 1 - 2 ; S 1 D 2  END                                0.0276    0.02423  0.01324
  87.   257   D 1 - 2 ; S 1 D 2 ; S 1 ; D 1 - 2  END                                    0.0275    0.02752
  88.   234   D 1 - 2 S 4 ; D 1 - 2 ; ; D 1 S 2  END                                    0.0275   -0.02752
  89.    29   D 1 - 2 S 3 ; D 1 S 2 - 3 ; D 1 ; S 1  END                                0.0267    0.01390  0.02281
  90.    58   D 1 S 2 - 3 ; D 1 S 2 ; D 1 S 2 ; D 1  END                                0.0267    0.02670  0.00064
  91.  1911   S 1 D 2 S 4 ; D 1 S 2 ; D 1 S 2 ; S 1 - 2  END                            0.0265   -0.02163  0.00857 -0.00494 -0.00251
                                                                                                 -0.01140
  92.   200   D 1 - 2 S 3 ; S 1 D 2 S 4 ; S 1 - 2 ; S 1  END                            0.0265    0.02163  0.00964 -0.00800 -0.00558
                                                                                                 -0.00680
  93.   585   S 1 - 4 ; D 1 S 2 ; D 1 S 2 ; D 1  END                                    0.0264    0.00097  0.00922  0.00410  0.00045
                                                                                                 -0.02440
  94.   206   D 1 - 2 S 3 ; S 1 - 4 ; D 1 ; S 1  END                                    0.0264    0.00503 -0.01690  0.01752  0.00889
                                                                                                 -0.00115
  95.  1924   S 1 D 2 ; D 1 S 2 S 4 ; S 1 - 2 ; D 1 S 2  END                            0.0259   -0.02258 -0.00245 -0.00912 -0.00826
                                                                                                 -0.00120
  96.   494   S 1 D 2 S 3 ; D 1 - 2 S 4 ; S 1 ; S 1 - 2  END                            0.0259    0.02258  0.00904  0.00446  0.00532
                                                                                                 -0.00539
  97.   356   D 1 S 2 - 3 ; S 1 - 2 S 4 ; D 1 S 2 ; D 1  END                            0.0258    0.00038  0.02114  0.00957  0.00430
                                                                                                  0.01038
  98.   498   S 1 D 2 S 3 - 4 ; D 1 S 2 - 3 ; D 1 ; S 1  END                            0.0258    0.01360  0.00972  0.01077 -0.01070
                                                                                                  0.01245
  99.   509   S 1 D 2 S 3 ; D 1 S 4 ; D 1 S 2 ; D 1  END                                0.0250    0.02147 -0.01283
 100.    71   S 1 D 2 - 3 ; D 1 S 2 S 4 ; D 1 ; S 1  END                                0.0250   -0.00038  0.02501




 POSITION OF FIRST SPIN COUPLING FOR TEN MOST IMPORTANT CONFIGURATIONS
      54      1     52     86     48     39      2     41    119     37



 ********************************
 RESULTS FOR ROOT   02
 TOTAL CI ENERGY =   -126.7006682
 ********************************

       CONF.                                                                           COEFF.
        NO.        SPACE ORBITAL PRODUCTS                                             CONTRIB.      CI COEFFICIENTS

       -----       ----------------------                                             --------   ---------------------
   1.    39   D 1 - 2 ; D 1 - 2 S 3 ; S 1 ; D 1  END                                    0.4295    0.42955
   2.    60   D 1 S 2 ; D 1 - 2 ; D 1 ; D 1 S 2  END                                    0.4295    0.42955
   3.    38   D 1 - 2 S 4 ; D 1 - 2 ; D 1 ; S 1  END                                    0.2131    0.21307
   4.    42   D 1 - 2 ; S 1 D 2 ; D 1 S 2 ; D 1  END                                    0.2131    0.21307
   5.     1   D 1 - 2 S 3 ; D 1 - 2 ; D 1 ; S 1  END                                    0.1669   -0.16690
   6.    41   D 1 - 2 ; D 1 S 2 ; D 1 S 2 ; D 1  END                                    0.1669    0.16690
   7.    32   D 1 - 2 S 3 ; D 1 ; D 1 ; D 1 S 2  END                                    0.1608    0.16080
   8.     2   D 1 - 3 ; D 1 S 2 ; S 1 ; D 1  END                                        0.1608    0.16080
   9.   244   D 1 - 2 ; D 1 S 2 ; S 1 D 2 ; D 1  END                                    0.1491   -0.14908
  10.    26   D 1 - 2 S 3 ; D 1 - 2 ; D 1 ; S 2  END                                    0.1491   -0.14908
  11.    27   D 1 - 2 S 3 ; D 1 - 2 ; S 1 - 2 ; S 1  END                                0.1446   -0.09523 -0.10885
  12.   239   D 1 - 2 ; D 1 S 2 ; D 1 S 2 ; S 1 - 2  END                                0.1446    0.14188  0.02805
  13.   247   D 1 - 2 ; D 1 S 3 ; D 1 S 2 ; D 1  END                                    0.1040    0.10396
  14.     4   D 1 S 2 D 3 ; D 1 - 2 ; D 1 ; S 1  END                                    0.1040   -0.10396
  15.   368   D 1 S 2 ; D 1 - 2 ; S 1 - 2 ; D 1 S 2  END                                0.0929   -0.00609 -0.09267
  16.   232   D 1 - 2 ; D 1 - 2 S 3 ; S 1 ; S 1 - 2  END                                0.0929   -0.08330  0.04106
  17.    40   D 1 - 2 ; D 1 - 2 S 4 ; S 1 ; D 1  END                                    0.0914    0.09141
  18.    84   S 1 D 2 ; D 1 - 2 ; D 1 ; D 1 S 2  END                                    0.0914    0.09141
  19.    29   D 1 - 2 S 3 ; D 1 S 2 - 3 ; D 1 ; S 1  END                                0.0854    0.01014 -0.08480
  20.    58   D 1 S 2 - 3 ; D 1 S 2 ; D 1 S 2 ; D 1  END                                0.0854   -0.06837  0.05118
  21.   235   D 1 - 2 ; D 1 - 2 S 3 ; S 2 ; D 1  END                                    0.0782    0.07820
  22.   365   D 1 S 2 ; D 1 - 2 ; D 1 ; S 1 D 2  END                                    0.0782   -0.07820
  23.    90   S 1 - 3 ; D 1 - 2 ; D 1 ; D 1 S 2  END                                    0.0745   -0.00869  0.07395
  24.   242   D 1 - 2 ; D 1 S 2 - 4 ; S 1 ; D 1  END                                    0.0745   -0.05970  0.04450
  25.   427   D 1 ; D 1 - 2 S 3 ; D 1 S 2 ; D 1  END                                    0.0693   -0.06928
  26.   361   D 1 S 2 ; D 1 - 3 ; D 1 ; S 1  END                                        0.0693    0.06928
  27.   373   D 1 S 2 ; S 1 D 2 S 3 ; D 1 ; D 1 S 2  END                                0.0669    0.00540 -0.06671
  28.   366   D 1 S 2 S 4 ; D 1 - 2 S 3 ; S 1 ; D 1  END                                0.0669   -0.05507  0.03803
  29.   234   D 1 - 2 S 4 ; D 1 - 2 ; ; D 1 S 2  END                                    0.0633   -0.06330
  30.   257   D 1 - 2 ; S 1 D 2 ; S 1 ; D 1 - 2  END                                    0.0633    0.06330
  31.    82   S 1 D 2 S 3 ; D 1 S 2 ; D 1 S 2 ; D 1  END                                0.0600   -0.02136 -0.05604
  32.    30   D 1 - 2 S 3 ; D 1 S 2 S 4 ; D 1 ; S 1  END                                0.0600   -0.05922  0.00952
  33.    36   D 1 - 2 S 3 ; S 1 - 2 ; D 1 ; D 1 S 2  END                                0.0560    0.01282 -0.05452
  34.    31   D 1 - 2 S 3 - 4 ; D 1 S 2 ; S 1 ; D 1  END                                0.0560   -0.04081  0.03836
  35.   371   D 1 S 2 ; D 1 S 2 S 4 ; D 1 ; D 1 S 2  END                                0.0514    0.02088  0.04693
  36.    80   S 1 D 2 S 3 ; D 1 - 2 S 3 ; S 1 ; D 1  END                                0.0514   -0.05109  0.00538
  37.    28   D 1 - 2 S 3 ; D 1 - 2 ; ; D 1 S 2  END                                    0.0512   -0.05118
  38.   245   D 1 - 2 ; D 1 S 2 ; S 1 ; D 1 - 2  END                                    0.0512   -0.05118
  39.    59   D 1 S 2 - 3 ; S 1 D 2 ; D 1 S 2 ; D 1  END                                0.0503   -0.04483 -0.02274
  40.   237   D 1 - 2 S 4 ; D 1 S 2 - 3 ; D 1 ; S 1  END                                0.0503    0.04211  0.02745
  41.   535   S 1 D 2 ; D 1 S 2 - 3 ; D 1 ; D 1 S 2  END                                0.0498    0.01681  0.04685
  42.    57   D 1 S 2 - 3 ; D 1 - 2 S 4 ; S 1 ; D 1  END                                0.0498   -0.04898  0.00887
  43.  1342   D 1 S 2 ; D 1 - 2 ; S 1 - 2 ; S 1 D 2  END                                0.0442    0.03929  0.02029
  44.   962   D 1 - 2 ; D 1 - 2 S 3 ; S 2 ; S 1 - 2  END                                0.0442   -0.03721 -0.02389
  45.   253   D 1 - 2 ; S 1 D 2 - 3 ; S 1 ; D 1  END                                    0.0432   -0.04321
  46.   426   D 1 S 4 ; D 1 - 2 ; D 1 ; D 1 S 2  END                                    0.0432    0.04321
  47.   258   D 1 - 2 S 4 ; S 1 - 2 ; D 1 ; D 1 S 2  END                                0.0423   -0.02747  0.03217
  48.    35   D 1 - 2 S 3 - 4 ; S 1 D 2 ; S 1 ; D 1  END                                0.0423   -0.01412  0.03988
  49.    55   D 1 S 2 - 4 ; D 1 - 2 ; D 1 ; S 1  END                                    0.0405   -0.03090 -0.02622
  50.   259   D 1 - 2 ; S 1 - 3 ; D 1 S 2 ; D 1  END                                    0.0405    0.03815  0.01365
  51.    37   D 1 - 2 S 3 ; D 2 ; D 1 ; D 1 S 2  END                                    0.0396    0.03964
  52.   240   D 1 - 2 D 4 ; D 1 S 2 ; S 1 ; D 1  END                                    0.0396    0.03964
  53.   183   D 1 - 2 S 3 - 4 ; D 1 S 2 ; S 2 ; D 1  END                                0.0395   -0.00234 -0.03943
  54.   209   D 1 - 2 S 3 ; S 1 - 2 ; D 1 ; S 1 D 2  END                                0.0395    0.03532 -0.01769
  55.    83   S 1 D 2 S 3 ; S 1 D 2 ; D 1 S 2 ; D 1  END                                0.0380   -0.03288 -0.01904
  56.   238   D 1 - 2 S 4 ; D 1 S 2 S 4 ; D 1 ; S 1  END                                0.0380    0.03292  0.01896
  57.   180   D 1 - 2 S 3 - 4 ; D 1 S 2 ; S 1 ; S 1 - 2  END                            0.0362   -0.01168 -0.01378  0.02913  0.00032
                                                                                                 -0.01174
  58.   212   D 1 - 2 S 3 ; S 1 - 2 ; S 1 - 2 ; D 1 S 2  END                            0.0362   -0.01168  0.00050 -0.00793  0.02089
                                                                                                 -0.02603
  59.   354   D 1 S 2 - 4 ; S 1 - 2 ; D 1 ; D 1 S 2  END                                0.0360   -0.00522 -0.02161  0.01855  0.01851
                                                                                                 -0.01071
  60.   210   D 1 - 2 S 3 - 4 ; S 1 - 3 ; S 1 ; D 1  END                                0.0360    0.00319 -0.00333  0.00456 -0.00577
                                                                                                 -0.03493
  61.   262   D 1 - 2 ; D 2 S 3 ; D 1 S 2 ; D 1  END                                    0.0345   -0.03454
  62.   360   D 1 S 2 D 4 ; D 1 - 2 ; D 1 ; S 1  END                                    0.0345    0.03454
  63.   335   D 1 S 2 - 3 ; D 1 S 2 ; D 1 S 2 ; S 1 - 2  END                            0.0342   -0.02519 -0.01480  0.00941  0.00418
                                                                                                  0.01454
  64.   181   D 1 - 2 S 3 ; D 1 S 2 - 3 ; S 1 - 2 ; S 1  END                            0.0342   -0.02519  0.01309 -0.01193 -0.00669
                                                                                                 -0.01335
  65.  1009   D 1 - 2 S 4 ; S 1 D 2 S 3 ; S 1 - 2 ; S 1  END                            0.0340    0.03038 -0.00716  0.00173  0.00338
                                                                                                  0.01302
  66.  1375   D 1 S 2 S 4 ; S 1 D 2 ; D 1 S 2 ; S 1 - 2  END                            0.0340    0.03038  0.01019 -0.00664 -0.00829
                                                                                                 -0.00433
  67.   337   D 1 S 2 - 3 ; D 1 S 2 D 3 ; S 1 ; D 1  END                                0.0334   -0.02978 -0.01516
  68.   421   D 1 S 3 ; D 1 S 2 - 3 ; D 1 ; D 1 S 2  END                                0.0334    0.02802  0.01821
  69.   370   D 1 S 2 ; D 1 S 2 - 3 ; D 1 ; D 1 S 2  END                                0.0323   -0.01830  0.02661
  70.    56   D 1 S 2 - 3 ; D 1 - 2 S 3 ; S 1 ; D 1  END                                0.0323   -0.01390  0.02915
  71.   372   D 1 S 2 S 4 ; S 1 D 2 ; D 1 S 2 ; D 1  END                                0.0322   -0.03176 -0.00540
  72.   249   D 1 - 2 S 4 ; S 1 D 2 S 3 ; D 1 ; S 1  END                                0.0322   -0.02056 -0.02480
  73.   505   S 1 D 2 S 3 ; D 1 S 2 ; S 1 D 2 ; D 1  END                                0.0320    0.01356  0.02896
  74.   179   D 1 - 2 S 3 ; D 1 S 2 S 4 ; D 1 ; S 2  END                                0.0320   -0.03186  0.00274
  75.   954   D 1 - 2 ; D 1 - 2 S 3 ; S 1 ; D 2  END                                    0.0318   -0.03183
  76.  1349   D 1 S 2 ; D 1 - 2 ; D 2 ; D 1 S 2  END                                    0.0318   -0.03183
  77.   214   D 1 - 2 S 3 ; S 1 S 3 ; D 1 ; D 1 S 2  END                                0.0312   -0.00321 -0.03099
  78.    48   D 1 S 2 D 3 S 4 ; D 1 S 2 ; S 1 ; D 1  END                                0.0312   -0.02844  0.01271
  79.    62   D 1 D 3 ; D 1 - 2 S 3 ; S 1 ; D 1  END                                    0.0311   -0.03114
  80.  1369   D 1 S 2 ; D 1 D 3 ; D 1 ; D 1 S 2  END                                    0.0311   -0.03114
  81.    53   D 1 S 2 D 3 ; S 1 - 2 ; D 1 ; D 1 S 2  END                                0.0311    0.02114 -0.02282
  82.   192   D 1 - 2 S 3 - 4 ; D 1 S 3 ; S 1 ; D 1  END                                0.0311   -0.00919  0.02972
  83.   182   D 1 - 2 S 3 ; D 1 S 2 S 4 ; S 1 - 2 ; S 1  END                            0.0310    0.00344 -0.01453 -0.01031 -0.02298
                                                                                                 -0.01011
  84.   500   S 1 D 2 S 3 ; D 1 S 2 ; D 1 S 2 ; S 1 - 2  END                            0.0310    0.00344 -0.02563 -0.01657 -0.00390
                                                                                                  0.00099
  85.   503   S 1 D 2 S 3 ; D 1 S 2 - 4 ; S 1 ; D 1  END                                0.0308    0.00175  0.02305  0.00679  0.01172
                                                                                                  0.01520
  86.   587   S 1 - 3 ; D 1 S 2 S 4 ; D 1 ; D 1 S 2  END                                0.0308    0.02102  0.01155  0.00557 -0.01310
                                                                                                  0.01307
  87.   533   S 1 D 2 ; D 1 - 2 ; S 1 - 2 ; D 1 S 2  END                                0.0303    0.01682 -0.02517
  88.   233   D 1 - 2 ; D 1 - 2 S 4 ; S 1 ; S 1 - 2  END                                0.0303   -0.01339  0.02715
  89.   534   S 1 D 2 S 4 ; D 1 S 2 ; D 1 S 2 ; D 1  END                                0.0297   -0.01868  0.02308
  90.    34   D 1 - 2 S 3 ; S 1 D 2 S 4 ; D 1 ; S 1  END                                0.0297   -0.01065  0.02772
  91.   813   D 1 - 2 S 3 ; D 1 - 2 ; D 2 ; S 2  END                                    0.0295    0.02948
  92.  2983   D 1 - 2 ; D 1 S 2 ; S 1 D 2 ; D 2  END                                    0.0295    0.02948
  93.    11   D 1 - 3 ; D 1 S 2 ; S 2 ; D 1  END                                        0.0293   -0.02934
  94.   191   D 1 - 2 S 3 ; D 1 ; D 1 ; S 1 D 2  END                                    0.0293    0.02934
  95.  1387   D 1 S 2 ; S 1 D 2 S 3 ; S 1 - 2 ; D 1 S 2  END                            0.0290    0.01657 -0.00222  0.00242 -0.00294
                                                                                                  0.02341
  96.  1337   D 1 S 2 S 4 ; D 1 - 2 S 3 ; S 1 ; S 1 - 2  END                            0.0290    0.01657  0.01677 -0.01391 -0.00855
                                                                                                  0.00441
  97.   582   S 1 - 4 ; D 1 - 2 S 3 ; S 1 ; D 1  END                                    0.0280    0.00526  0.00120 -0.00862 -0.00088
                                                                                                  0.02604
  98.  1393   D 1 S 2 ; S 1 - 4 ; D 1 ; D 1 S 2  END                                    0.0280   -0.00160 -0.01830  0.01700  0.00478
                                                                                                 -0.01153
  99.   953   D 1 - 2 ; D 1 - 2 S 3 ; S 1 D 2  END                                      0.0278   -0.02778
 100.  1335   D 1 S 2 ; D 1 - 2 ; D 1 - 2 ; S 2  END                                    0.0278   -0.02778




 POSITION OF FIRST SPIN COUPLING FOR TEN MOST IMPORTANT CONFIGURATIONS
      52     86     51     55      1     54     41      2    411     31



 ********************************
 RESULTS FOR ROOT   03
 TOTAL CI ENERGY =   -126.6214085
 ********************************

       CONF.                                                                           COEFF.
        NO.        SPACE ORBITAL PRODUCTS                                             CONTRIB.      CI COEFFICIENTS

       -----       ----------------------                                             --------   ---------------------
   1.     1   D 1 - 2 S 3 ; D 1 - 2 ; D 1 ; S 1  END                                    0.6296   -0.62962
   2.    41   D 1 - 2 ; D 1 S 2 ; D 1 S 2 ; D 1  END                                    0.6296   -0.62962
   3.   259   D 1 - 2 ; S 1 - 3 ; D 1 S 2 ; D 1  END                                    0.0741   -0.01381  0.07284
   4.    55   D 1 S 2 - 4 ; D 1 - 2 ; D 1 ; S 1  END                                    0.0741    0.05618 -0.04838
   5.    58   D 1 S 2 - 3 ; D 1 S 2 ; D 1 S 2 ; D 1  END                                0.0702    0.06564 -0.02494
   6.    29   D 1 - 2 S 3 ; D 1 S 2 - 3 ; D 1 ; S 1  END                                0.0702   -0.01122 -0.06932
   7.   170   D 1 - 2 S 3 ; D 1 - 2 ; S 1 - 2 ; S 2  END                                0.0648    0.00074 -0.06475
   8.   977   D 1 - 2 ; D 1 S 2 ; S 1 D 2 ; S 1 - 2  END                                0.0648    0.05571 -0.03302
   9.    39   D 1 - 2 ; D 1 - 2 S 3 ; S 1 ; D 1  END                                    0.0639    0.06390
  10.    60   D 1 S 2 ; D 1 - 2 ; D 1 ; D 1 S 2  END                                    0.0639   -0.06390
  11.   369   D 1 S 2 S 4 ; D 1 S 2 ; D 1 S 2 ; D 1  END                                0.0612    0.05685  0.02270
  12.    33   D 1 - 2 S 3 ; S 1 D 2 S 3 ; D 1 ; S 1  END                                0.0612    0.04808  0.03788
  13.   248   D 1 - 2 ; D 1 S 4 ; D 1 S 2 ; D 1  END                                    0.0583   -0.05833
  14.     5   S 1 D 2 - 3 ; D 1 - 2 ; D 1 ; S 1  END                                    0.0583   -0.05833
  15.   190   D 1 - 2 S 3 ; D 1 ; D 1 - 2 ; S 1  END                                    0.0578    0.05781
  16.     9   D 1 - 3 ; D 1 S 2 ; D 1 S 2  END                                          0.0578    0.05781
  17.   244   D 1 - 2 ; D 1 S 2 ; S 1 D 2 ; D 1  END                                    0.0567    0.05666
  18.    26   D 1 - 2 S 3 ; D 1 - 2 ; D 1 ; S 2  END                                    0.0567   -0.05666
  19.   256   D 1 - 2 ; S 1 D 2 ; S 1 D 2 ; D 1  END                                    0.0555    0.05551
  20.   228   D 1 - 2 S 4 ; D 1 - 2 ; D 1 ; S 2  END                                    0.0555    0.05550
  21.     3   D 1 - 3 ; S 1 D 2 ; S 1 ; D 1  END                                        0.0543    0.05429
  22.   246   D 1 - 2 S 4 ; D 1 ; D 1 ; D 1 S 2  END                                    0.0543    0.05429
  23.   343   D 1 S 2 - 3 ; D 1 S 3 ; D 1 S 2 ; D 1  END                                0.0527    0.04195 -0.03192
  24.    46   D 1 S 2 D 3 ; D 1 S 2 - 3 ; D 1 ; S 1  END                                0.0527    0.00668 -0.05229
  25.    32   D 1 - 2 S 3 ; D 1 ; D 1 ; D 1 S 2  END                                    0.0499   -0.04990
  26.     2   D 1 - 3 ; D 1 S 2 ; S 1 ; D 1  END                                        0.0499    0.04990
  27.   176   D 1 - 2 S 3 ; D 1 - 2 ; ; S 1 D 2  END                                    0.0440    0.04395
  28.   984   D 1 - 2 ; D 1 S 2 ; S 2 ; D 1 - 2  END                                    0.0440    0.04395
  29.   175   D 1 - 2 S 3 ; D 1 - 2 ; D 2 ; S 1  END                                    0.0437    0.04375
  30.   970   D 1 - 2 ; D 1 S 2 ; D 1 S 2 ; D 2  END                                    0.0437    0.04375
  31.   335   D 1 S 2 - 3 ; D 1 S 2 ; D 1 S 2 ; S 1 - 2  END                            0.0405   -0.02498  0.02872  0.00769  0.00384
                                                                                                  0.01101
  32.   181   D 1 - 2 S 3 ; D 1 S 2 - 3 ; S 1 - 2 ; S 1  END                            0.0405    0.02498 -0.02043 -0.00863 -0.01247
                                                                                                 -0.01930
  33.  1390   D 1 S 2 S 4 ; S 1 - 3 ; D 1 S 2 ; D 1  END                                0.0394   -0.00429  0.02801  0.01915  0.01755
                                                                                                  0.00843
  34.   345   D 1 S 2 - 4 ; S 1 D 2 S 3 ; D 1 ; S 1  END                                0.0394    0.02611  0.00773  0.01845 -0.02037
                                                                                                  0.00722
  35.   247   D 1 - 2 ; D 1 S 3 ; D 1 S 2 ; D 1  END                                    0.0385   -0.03848
  36.     4   D 1 S 2 D 3 ; D 1 - 2 ; D 1 ; S 1  END                                    0.0385   -0.03848
  37.    64   D 1 D 3 ; D 1 S 2 ; D 1 S 2 ; D 1  END                                    0.0380    0.03804
  38.   187   D 1 - 2 S 3 ; D 1 D 3 ; D 1 ; S 1  END                                    0.0380    0.03804
  39.   242   D 1 - 2 ; D 1 S 2 - 4 ; S 1 ; D 1  END                                    0.0368   -0.03464  0.01241
  40.    90   S 1 - 3 ; D 1 - 2 ; D 1 ; D 1 S 2  END                                    0.0368   -0.00657 -0.03621
  41.   198   D 1 - 2 S 3 - 4 ; S 1 D 2 ; S 1 ; S 1 - 2  END                            0.0361    0.02921 -0.01457 -0.00074  0.00348
                                                                                                  0.01494
  42.  1031   D 1 - 2 S 4 ; S 1 - 2 ; S 1 - 2 ; D 1 S 2  END                            0.0361    0.02921  0.00875 -0.00998 -0.01420
                                                                                                 -0.00838
  43.   194   D 1 - 2 S 3 ; D 1 ; S 1 - 2 ; D 1 S 2  END                                0.0357   -0.02143  0.02856
  44.    10   D 1 - 3 ; D 1 S 2 ; S 1 ; S 1 - 2  END                                    0.0357   -0.01402  0.03284
  45.   412   D 1 S 3 ; D 1 - 3 ; D 1 ; S 1  END                                        0.0353    0.03534
  46.  1616   D 1 ; D 1 S 2 D 3 ; D 1 S 2 ; D 1  END                                    0.0353    0.03534
  47.   492   S 1 D 2 S 3 - 4 ; D 1 - 2 ; S 1 - 2 ; S 1  END                            0.0353   -0.02834 -0.00518 -0.01160  0.01391
                                                                                                 -0.00919
  48.  1028   D 1 - 2 ; S 1 - 2 S 4 ; D 1 S 2 ; S 1 - 2  END                            0.0353   -0.02834 -0.00719  0.01507 -0.01044
                                                                                                 -0.00719
  49.    40   D 1 - 2 ; D 1 - 2 S 4 ; S 1 ; D 1  END                                    0.0351   -0.03506
  50.    84   S 1 D 2 ; D 1 - 2 ; D 1 ; D 1 S 2  END                                    0.0351    0.03505
  51.  1911   S 1 D 2 S 4 ; D 1 S 2 ; D 1 S 2 ; S 1 - 2  END                            0.0330   -0.02399  0.01848 -0.00157 -0.00168
                                                                                                 -0.01303
  52.   200   D 1 - 2 S 3 ; S 1 D 2 S 4 ; S 1 - 2 ; S 1  END                            0.0330   -0.02399 -0.00655  0.01278  0.01289
                                                                                                  0.01201
  53.   509   S 1 D 2 S 3 ; D 1 S 4 ; D 1 S 2 ; D 1  END                                0.0323    0.02705 -0.01769
  54.    71   S 1 D 2 - 3 ; D 1 S 2 S 4 ; D 1 ; S 1  END                                0.0323    0.00179 -0.03227
  55.  1924   S 1 D 2 ; D 1 S 2 S 4 ; S 1 - 2 ; D 1 S 2  END                            0.0320   -0.02521 -0.00366 -0.01462 -0.01189
                                                                                                  0.00420
  56.   494   S 1 D 2 S 3 ; D 1 - 2 S 4 ; S 1 ; S 1 - 2  END                            0.0320   -0.02521 -0.00925 -0.00867 -0.01139
                                                                                                  0.00979
  57.   578   S 1 - 3 ; D 1 - 2 S 3 - 4 ; D 1 ; S 1  END                                0.0312   -0.00118 -0.00452 -0.02707 -0.00105
                                                                                                  0.01469
  58.  2176   S 1 - 2 ; D 1 S 2 - 4 ; D 1 S 2 ; D 1  END                                0.0312   -0.00338 -0.00073 -0.02836  0.00036
                                                                                                  0.01246
  59.   973   D 1 - 2 S 4 ; D 1 S 2 S 4 ; S 1 - 2 ; S 1  END                            0.0311   -0.00330 -0.02172 -0.01493 -0.01288
                                                                                                 -0.00971
  60.   512   S 1 D 2 S 3 ; S 1 D 2 ; D 1 S 2 ; S 1 - 2  END                            0.0311   -0.00330 -0.02476 -0.01113 -0.01317
                                                                                                 -0.00667
  61.   498   S 1 D 2 S 3 - 4 ; D 1 S 2 - 3 ; D 1 ; S 1  END                            0.0308   -0.02231 -0.00405 -0.01306  0.01317
                                                                                                 -0.00939
  62.   356   D 1 S 2 - 3 ; S 1 - 2 S 4 ; D 1 S 2 ; D 1  END                            0.0308   -0.00141  0.02478  0.01077  0.01359
                                                                                                  0.00543
  63.  1025   D 1 - 2 S 4 ; S 1 - 2 ; D 1 - 2 ; S 1  END                                0.0307   -0.02715 -0.01430
  64.   195   D 1 - 2 S 3 - 4 ; S 1 D 2 ; D 1 S 2  END                                  0.0307    0.02596  0.01636
  65.   533   S 1 D 2 ; D 1 - 2 ; S 1 - 2 ; D 1 S 2  END                                0.0305   -0.00759 -0.02951
  66.   233   D 1 - 2 ; D 1 - 2 S 4 ; S 1 ; S 1 - 2  END                                0.0305    0.02935 -0.00818
  67.   237   D 1 - 2 S 4 ; D 1 S 2 - 3 ; D 1 ; S 1  END                                0.0305    0.00110  0.03043
  68.    59   D 1 S 2 - 3 ; S 1 D 2 ; D 1 S 2 ; D 1  END                                0.0305    0.02690 -0.01427
  69.   213   D 1 - 2 S 3 - 4 ; S 1 ; D 1 S 2 ; D 1  END                                0.0303   -0.00290 -0.03015
  70.    18   D 1 - 3 S 4 ; S 1 - 2 ; D 1 ; S 1  END                                    0.0303    0.02756 -0.01256
  71.   236   D 1 - 2 ; D 1 - 2 S 4 ; S 2 ; D 1  END                                    0.0298    0.02984
  72.   530   S 1 D 2 ; D 1 - 2 ; D 1 ; S 1 D 2  END                                    0.0298    0.02984
  73.  1364   D 1 S 2 ; D 1 S 2 - 3 ; S 1 - 2 ; D 1 S 2  END                            0.0291   -0.02540  0.00512 -0.00989 -0.00736
                                                                                                  0.00507
  74.   328   D 1 S 2 - 3 ; D 1 - 2 S 3 ; S 1 ; S 1 - 2  END                            0.0291   -0.02540 -0.00239 -0.00302 -0.00556
                                                                                                  0.01258
  75.   206   D 1 - 2 S 3 ; S 1 - 4 ; D 1 ; S 1  END                                    0.0289    0.00276  0.01811 -0.01605 -0.01448
                                                                                                  0.00585
  76.   585   S 1 - 4 ; D 1 S 2 ; D 1 S 2 ; D 1  END                                    0.0289    0.00237  0.00068  0.00311 -0.00474
                                                                                                 -0.02827
  77.   239   D 1 - 2 ; D 1 S 2 ; D 1 S 2 ; S 1 - 2  END                                0.0282   -0.02496  0.01320
  78.    27   D 1 - 2 S 3 ; D 1 - 2 ; S 1 - 2 ; S 1  END                                0.0282   -0.00105 -0.02822
  79.   362   D 1 S 2 ; D 1 - 2 S 3 - 4 ; D 1 ; S 1  END                                0.0272    0.02159 -0.01655
  80.   592   S 1 - 2 ; D 1 - 2 S 3 ; D 1 S 2 ; D 1  END                                0.0272    0.00353 -0.02698
  81.   333   D 1 S 2 - 4 ; D 1 S 2 - 3 ; D 1 ; S 1  END                                0.0265   -0.02291 -0.00217 -0.00640  0.00967
                                                                                                 -0.00638
  82.   355   D 1 S 2 - 3 ; S 1 - 3 ; D 1 S 2 ; D 1  END                                0.0265    0.00077  0.01957  0.00539  0.01645
                                                                                                  0.00464
  83.    43   D 1 S 2 D 3 ; D 1 - 2 ; D 1 ; S 2  END                                    0.0254   -0.02537
  84.   997   D 1 - 2 ; D 1 S 3 ; S 1 D 2 ; D 1  END                                    0.0254    0.02537
  85.   535   S 1 D 2 ; D 1 S 2 - 3 ; D 1 ; D 1 S 2  END                                0.0252   -0.00107  0.02518
  86.    57   D 1 S 2 - 3 ; D 1 - 2 S 4 ; S 1 ; D 1  END                                0.0252    0.02127 -0.01352
  87.   334   D 1 S 2 - 4 ; D 1 S 2 S 4 ; D 1 ; S 1  END                                0.0241   -0.01475 -0.00475 -0.01232  0.01244
                                                                                                 -0.00589
  88.   520   S 1 D 2 S 3 ; S 1 - 3 ; D 1 S 2 ; D 1  END                                0.0241   -0.00300  0.01810  0.01185  0.00883
                                                                                                  0.00508
  89.   325   D 1 S 2 - 3 ; D 1 - 2 S 3 ; D 1 S 2  END                                  0.0234   -0.00922  0.02149
  90.  1355   D 1 S 2 ; D 1 S 2 - 3 ; D 1 - 2 ; S 1  END                                0.0234   -0.01400  0.01873
  91.  1352   D 1 S 2 S 4 ; D 1 S 2 ; D 1 S 2 ; S 1 - 2  END                            0.0234   -0.02059  0.00770  0.00074  0.00128
                                                                                                 -0.00772
  92.   199   D 1 - 2 S 3 ; S 1 D 2 S 3 ; S 1 - 2 ; S 1  END                            0.0234   -0.02059 -0.00299  0.00746  0.00691
                                                                                                  0.00297
  93.   197   D 1 - 2 S 3 ; S 1 D 2 S 4 ; D 1 ; S 2  END                                0.0229    0.00155  0.02289
  94.  1921   S 1 D 2 S 4 ; D 1 S 2 ; S 1 D 2 ; D 1  END                                0.0229   -0.02059  0.01010
  95.   178   D 1 - 2 S 3 ; D 1 S 2 - 3 ; D 1 ; S 2  END                                0.0225   -0.01427 -0.01744
  96.   340   D 1 S 2 - 3 ; D 1 S 2 ; S 1 D 2 ; D 1  END                                0.0225   -0.02224 -0.00364
  97.   182   D 1 - 2 S 3 ; D 1 S 2 S 4 ; S 1 - 2 ; S 1  END                            0.0223   -0.00539  0.00780  0.01554  0.00847
                                                                                                  0.00979
  98.   500   S 1 D 2 S 3 ; D 1 S 2 ; D 1 S 2 ; S 1 - 2  END                            0.0223    0.00539 -0.01969 -0.00161 -0.00867
                                                                                                  0.00210
  99.  1027   D 1 - 2 ; S 1 - 3 ; D 1 S 2 ; S 1 - 2  END                                0.0223   -0.01810 -0.00343  0.01133 -0.00483
                                                                                                 -0.00255
 100.   327   D 1 S 2 - 4 ; D 1 - 2 ; S 1 - 2 ; S 1  END                                0.0223   -0.01810  0.00005 -0.00684  0.00933
                                                                                                 -0.00602




 POSITION OF FIRST SPIN COUPLING FOR TEN MOST IMPORTANT CONFIGURATIONS
       1     54    431     76     82     35    257   2038     52     86



 ********************************
 RESULTS FOR ROOT   04
 TOTAL CI ENERGY =   -125.9686743
 ********************************

       CONF.                                                                           COEFF.
        NO.        SPACE ORBITAL PRODUCTS                                             CONTRIB.      CI COEFFICIENTS

       -----       ----------------------                                             --------   ---------------------
   1.    38   D 1 - 2 S 4 ; D 1 - 2 ; D 1 ; S 1  END                                    0.3112    0.31125
   2.    42   D 1 - 2 ; S 1 D 2 ; D 1 S 2 ; D 1  END                                    0.3112    0.31124
   3.    40   D 1 - 2 ; D 1 - 2 S 4 ; S 1 ; D 1  END                                    0.2471    0.24706
   4.    84   S 1 D 2 ; D 1 - 2 ; D 1 ; D 1 S 2  END                                    0.2471    0.24706
   5.    32   D 1 - 2 S 3 ; D 1 ; D 1 ; D 1 S 2  END                                    0.1874   -0.18740
   6.     2   D 1 - 3 ; D 1 S 2 ; S 1 ; D 1  END                                        0.1874   -0.18740
   7.    27   D 1 - 2 S 3 ; D 1 - 2 ; S 1 - 2 ; S 1  END                                0.1807   -0.17619 -0.03999
   8.   239   D 1 - 2 ; D 1 S 2 ; D 1 S 2 ; S 1 - 2  END                                0.1807    0.12273  0.13259
   9.   247   D 1 - 2 ; D 1 S 3 ; D 1 S 2 ; D 1  END                                    0.1639   -0.16395
  10.     4   D 1 S 2 D 3 ; D 1 - 2 ; D 1 ; S 1  END                                    0.1639    0.16395
  11.    39   D 1 - 2 ; D 1 - 2 S 3 ; S 1 ; D 1  END                                    0.1622   -0.16220
  12.    60   D 1 S 2 ; D 1 - 2 ; D 1 ; D 1 S 2  END                                    0.1622   -0.16220
  13.    28   D 1 - 2 S 3 ; D 1 - 2 ; ; D 1 S 2  END                                    0.1558   -0.15580
  14.   245   D 1 - 2 ; D 1 S 2 ; S 1 ; D 1 - 2  END                                    0.1558   -0.15580
  15.   229   D 1 - 2 ; D 1 - 2 S 3 ; D 1 S 2  END                                      0.1468    0.14675
  16.   364   D 1 S 2 ; D 1 - 2 ; D 1 - 2 ; S 1  END                                    0.1468   -0.14675
  17.    58   D 1 S 2 - 3 ; D 1 S 2 ; D 1 S 2 ; D 1  END                                0.1251    0.09211 -0.08466
  18.    29   D 1 - 2 S 3 ; D 1 S 2 - 3 ; D 1 ; S 1  END                                0.1251   -0.02726  0.12209
  19.   368   D 1 S 2 ; D 1 - 2 ; S 1 - 2 ; D 1 S 2  END                                0.1018    0.02674 -0.09819
  20.   232   D 1 - 2 ; D 1 - 2 S 3 ; S 1 ; S 1 - 2  END                                0.1018   -0.07167  0.07225
  21.    66   D 1 S 3 ; D 1 - 2 ; D 1 ; D 1 S 2  END                                    0.0717    0.07175
  22.   241   D 1 - 2 ; D 1 S 2 D 3 ; S 1 ; D 1  END                                    0.0717    0.07175
  23.   240   D 1 - 2 D 4 ; D 1 S 2 ; S 1 ; D 1  END                                    0.0663    0.06631
  24.    37   D 1 - 2 S 3 ; D 2 ; D 1 ; D 1 S 2  END                                    0.0663    0.06631
  25.   238   D 1 - 2 S 4 ; D 1 S 2 S 4 ; D 1 ; S 1  END                                0.0650    0.05659  0.03196
  26.    83   S 1 D 2 S 3 ; S 1 D 2 ; D 1 S 2 ; D 1  END                                0.0650   -0.05597 -0.03303
  27.   427   D 1 ; D 1 - 2 S 3 ; D 1 S 2 ; D 1  END                                    0.0559    0.05588
  28.   361   D 1 S 2 ; D 1 - 3 ; D 1 ; S 1  END                                        0.0559   -0.05588
  29.   370   D 1 S 2 ; D 1 S 2 - 3 ; D 1 ; D 1 S 2  END                                0.0548    0.05416 -0.00836
  30.    56   D 1 S 2 - 3 ; D 1 - 2 S 3 ; S 1 ; D 1  END                                0.0548   -0.01984 -0.05108
  31.    26   D 1 - 2 S 3 ; D 1 - 2 ; D 1 ; S 2  END                                    0.0540   -0.05399
  32.   244   D 1 - 2 ; D 1 S 2 ; S 1 D 2 ; D 1  END                                    0.0540   -0.05399
  33.   192   D 1 - 2 S 3 - 4 ; D 1 S 3 ; S 1 ; D 1  END                                0.0535    0.03518 -0.04026
  34.    53   D 1 S 2 D 3 ; S 1 - 2 ; D 1 ; D 1 S 2  END                                0.0535   -0.01727  0.05060
  35.    35   D 1 - 2 S 3 - 4 ; S 1 D 2 ; S 1 ; D 1  END                                0.0519   -0.05116  0.00875
  36.   258   D 1 - 2 S 4 ; S 1 - 2 ; D 1 ; D 1 S 2  END                                0.0519    0.01800  0.04867
  37.   367   D 1 S 2 S 4 ; D 1 - 2 S 4 ; S 1 ; D 1  END                                0.0515   -0.04195  0.02984
  38.   538   S 1 D 2 ; S 1 D 2 S 3 ; D 1 ; D 1 S 2  END                                0.0515    0.00487 -0.05124
  39.   243   D 1 - 2 ; D 1 S 2 D 4 ; S 1 ; D 1  END                                    0.0506    0.05059
  40.    97   D 2 S 3 ; D 1 - 2 ; D 1 ; D 1 S 2  END                                    0.0506    0.05059
  41.    57   D 1 S 2 - 3 ; D 1 - 2 S 4 ; S 1 ; D 1  END                                0.0488    0.03783 -0.03080
  42.   535   S 1 D 2 ; D 1 S 2 - 3 ; D 1 ; D 1 S 2  END                                0.0488    0.00776 -0.04817
  43.    41   D 1 - 2 ; D 1 S 2 ; D 1 S 2 ; D 1  END                                    0.0485   -0.04848
  44.     1   D 1 - 2 S 3 ; D 1 - 2 ; D 1 ; S 1  END                                    0.0485    0.04848
  45.    79   S 1 D 2 S 3 - 4 ; D 1 - 2 ; D 1 ; S 1  END                                0.0477   -0.04700  0.00787
  46.   260   D 1 - 2 ; S 1 - 2 S 4 ; D 1 S 2 ; D 1  END                                0.0477    0.01668  0.04464
  47.   534   S 1 D 2 S 4 ; D 1 S 2 ; D 1 S 2 ; D 1  END                                0.0440    0.03042  0.03180
  48.    34   D 1 - 2 S 3 ; S 1 D 2 S 4 ; D 1 ; S 1  END                                0.0440   -0.04275 -0.01044
  49.   180   D 1 - 2 S 3 - 4 ; D 1 S 2 ; S 1 ; S 1 - 2  END                            0.0401   -0.02733  0.01905  0.01408 -0.01648
                                                                                                  0.00552
  50.   212   D 1 - 2 S 3 ; S 1 - 2 ; S 1 - 2 ; D 1 S 2  END                            0.0401   -0.02733  0.00787 -0.01002  0.02054
                                                                                                  0.01671
  51.  1027   D 1 - 2 ; S 1 - 3 ; D 1 S 2 ; S 1 - 2  END                                0.0400    0.00083  0.00746 -0.01853 -0.00675
                                                                                                 -0.03404
  52.   327   D 1 S 2 - 4 ; D 1 - 2 ; S 1 - 2 ; S 1  END                                0.0400   -0.00083  0.03461 -0.01754 -0.00575
                                                                                                 -0.00803
  53.   188   D 1 - 2 S 3 ; D 1 S 3 - 4 ; D 1 ; S 1  END                                0.0385    0.03754 -0.00835
  54.    88   S 1 - 2 D 3 ; D 1 S 2 ; D 1 S 2 ; D 1  END                                0.0385    0.01154  0.03669
  55.   531   S 1 D 2 S 4 ; D 1 - 2 S 3 ; S 1 ; D 1  END                                0.0383   -0.02322  0.03049
  56.   374   D 1 S 2 ; S 1 D 2 S 4 ; D 1 ; D 1 S 2  END                                0.0383    0.01480 -0.03536
  57.   233   D 1 - 2 ; D 1 - 2 S 4 ; S 1 ; S 1 - 2  END                                0.0381    0.02378 -0.02973
  58.   533   S 1 D 2 ; D 1 - 2 ; S 1 - 2 ; D 1 S 2  END                                0.0381   -0.01386  0.03546
  59.    81   S 1 D 2 S 3 ; D 1 - 2 S 4 ; S 1 ; D 1  END                                0.0377   -0.03349 -0.01729
  60.   536   S 1 D 2 ; D 1 S 2 S 4 ; D 1 ; D 1 S 2  END                                0.0377    0.03172  0.02036
  61.   500   S 1 D 2 S 3 ; D 1 S 2 ; D 1 S 2 ; S 1 - 2  END                            0.0367   -0.03388 -0.00540 -0.00221 -0.01269
                                                                                                 -0.00204
  62.   182   D 1 - 2 S 3 ; D 1 S 2 S 4 ; S 1 - 2 ; S 1  END                            0.0367   -0.03388 -0.00933 -0.01042  0.00005
                                                                                                  0.00189
  63.   972   D 1 - 2 S 4 ; D 1 S 2 - 3 ; S 1 - 2 ; S 1  END                            0.0366   -0.00454 -0.01862 -0.02935 -0.00853
                                                                                                 -0.00628
  64.   347   D 1 S 2 - 3 ; S 1 D 2 ; D 1 S 2 ; S 1 - 2  END                            0.0366    0.00454  0.02577  0.00440  0.02522
                                                                                                 -0.00087
  65.   214   D 1 - 2 S 3 ; S 1 S 3 ; D 1 ; D 1 S 2  END                                0.0364   -0.01532  0.03304
  66.    48   D 1 S 2 D 3 S 4 ; D 1 S 2 ; S 1 ; D 1  END                                0.0364    0.02095 -0.02979
  67.   235   D 1 - 2 ; D 1 - 2 S 3 ; S 2 ; D 1  END                                    0.0363    0.03627
  68.   365   D 1 S 2 ; D 1 - 2 ; D 1 ; S 1 D 2  END                                    0.0363   -0.03627
  69.   371   D 1 S 2 ; D 1 S 2 S 4 ; D 1 ; D 1 S 2  END                                0.0362    0.00704 -0.03546
  70.    80   S 1 D 2 S 3 ; D 1 - 2 S 3 ; S 1 ; D 1  END                                0.0362    0.02719 -0.02382
  71.   326   D 1 S 2 - 3 ; D 1 - 2 S 4 ; D 1 S 2  END                                  0.0358   -0.02827  0.02197
  72.  1914   S 1 D 2 ; D 1 S 2 - 3 ; D 1 - 2 ; S 1  END                                0.0358    0.00489 -0.03547
  73.   246   D 1 - 2 S 4 ; D 1 ; D 1 ; D 1 S 2  END                                    0.0349   -0.03486
  74.     3   D 1 - 3 ; S 1 D 2 ; S 1 ; D 1  END                                        0.0349    0.03486
  75.   813   D 1 - 2 S 3 ; D 1 - 2 ; D 2 ; S 2  END                                    0.0347    0.03466
  76.  2983   D 1 - 2 ; D 1 S 2 ; S 1 D 2 ; D 2  END                                    0.0347    0.03466
  77.   360   D 1 S 2 D 4 ; D 1 - 2 ; D 1 ; S 1  END                                    0.0340    0.03397
  78.   262   D 1 - 2 ; D 2 S 3 ; D 1 S 2 ; D 1  END                                    0.0340   -0.03397
  79.   968   D 1 - 2 ; D 1 S 2 - 4 ; D 1 S 2  END                                      0.0339   -0.03377  0.00258
  80.   580   S 1 - 3 ; D 1 - 2 ; D 1 - 2 ; S 1  END                                    0.0339   -0.01465 -0.03054
  81.   508   S 1 D 2 S 3 ; D 1 S 3 ; D 1 S 2 ; D 1  END                                0.0336    0.03098  0.01301
  82.    47   D 1 S 2 D 3 ; D 1 S 2 S 4 ; D 1 ; S 1  END                                0.0336    0.02675  0.02032
  83.   333   D 1 S 2 - 4 ; D 1 S 2 - 3 ; D 1 ; S 1  END                                0.0332   -0.02076 -0.01263 -0.01356 -0.00369
                                                                                                  0.01772
  84.   355   D 1 S 2 - 3 ; S 1 - 3 ; D 1 S 2 ; D 1  END                                0.0332   -0.01589 -0.00079 -0.02239 -0.01849
                                                                                                  0.00243
  85.   329   D 1 S 2 - 3 ; D 1 - 2 S 4 ; S 1 ; S 1 - 2  END                            0.0321    0.01450  0.01831 -0.01252 -0.01698
                                                                                                  0.00652
  86.  1923   S 1 D 2 ; D 1 S 2 - 3 ; S 1 - 2 ; D 1 S 2  END                            0.0321   -0.01450  0.00330  0.00450  0.00004
                                                                                                 -0.02814
  87.   963   D 1 - 2 ; D 1 - 2 S 4 ; S 2 ; S 1 - 2  END                                0.0319   -0.02177 -0.02335
  88.  1901   S 1 D 2 ; D 1 - 2 ; S 1 - 2 ; S 1 D 2  END                                0.0319    0.03111  0.00718
  89.   353   D 1 S 2 - 3 ; S 1 D 2 ; S 1 ; D 1 - 2  END                                0.0319   -0.02897 -0.01338
  90.   979   D 1 - 2 S 4 ; D 1 S 2 - 3 ; ; D 1 S 2  END                                0.0319   -0.02607 -0.01840
  91.   591   S 1 - 2 S 4 ; D 1 - 2 ; D 1 ; D 1 S 2  END                                0.0318    0.01077  0.02987
  92.   254   D 1 - 2 ; S 1 D 2 S 3 - 4 ; S 1 ; D 1  END                                0.0318    0.03125 -0.00561
  93.    36   D 1 - 2 S 3 ; S 1 - 2 ; D 1 ; D 1 S 2  END                                0.0314    0.02482  0.01921
  94.    31   D 1 - 2 S 3 - 4 ; D 1 S 2 ; S 1 ; D 1  END                                0.0314    0.02904  0.01189
  95.   330   D 1 S 2 - 4 ; D 1 - 2 ; ; D 1 S 2  END                                    0.0308    0.03016 -0.00619
  96.  1035   D 1 - 2 ; S 1 - 3 ; S 1 ; D 1 - 2  END                                    0.0308    0.00972  0.02921
  97.   242   D 1 - 2 ; D 1 S 2 - 4 ; S 1 ; D 1  END                                    0.0301    0.02795 -0.01127
  98.    90   S 1 - 3 ; D 1 - 2 ; D 1 ; D 1 S 2  END                                    0.0301   -0.00421 -0.02984
  99.   994   D 1 - 2 S 4 ; D 1 ; S 1 - 2 ; D 1 S 2  END                                0.0299    0.02140 -0.02085
 100.    16   D 1 - 3 ; S 1 D 2 ; S 1 ; S 1 - 2  END                                    0.0299    0.00736 -0.02896




 POSITION OF FIRST SPIN COUPLING FOR TEN MOST IMPORTANT CONFIGURATIONS
      51     55     53    123     41      2     32    404    414      4



 ********************************
 RESULTS FOR ROOT   05
 TOTAL CI ENERGY =   -125.3585203
 ********************************

       CONF.                                                                           COEFF.
        NO.        SPACE ORBITAL PRODUCTS                                             CONTRIB.      CI COEFFICIENTS

       -----       ----------------------                                             --------   ---------------------
   1.    60   D 1 S 2 ; D 1 - 2 ; D 1 ; D 1 S 2  END                                    0.6176    0.61764
   2.    39   D 1 - 2 ; D 1 - 2 S 3 ; S 1 ; D 1  END                                    0.6176   -0.61763
   3.     1   D 1 - 2 S 3 ; D 1 - 2 ; D 1 ; S 1  END                                    0.0774   -0.07742
   4.    41   D 1 - 2 ; D 1 S 2 ; D 1 S 2 ; D 1  END                                    0.0774   -0.07740
   5.    90   S 1 - 3 ; D 1 - 2 ; D 1 ; D 1 S 2  END                                    0.0763   -0.01126  0.07551
   6.   242   D 1 - 2 ; D 1 S 2 - 4 ; S 1 ; D 1  END                                    0.0763    0.05976 -0.04750
   7.   371   D 1 S 2 ; D 1 S 2 S 4 ; D 1 ; D 1 S 2  END                                0.0763    0.01122  0.07547
   8.    80   S 1 D 2 S 3 ; D 1 - 2 S 3 ; S 1 ; D 1  END                                0.0763    0.07096 -0.02802
   9.     2   D 1 - 3 ; D 1 S 2 ; S 1 ; D 1  END                                        0.0690   -0.06902
  10.    32   D 1 - 2 S 3 ; D 1 ; D 1 ; D 1 S 2  END                                    0.0690    0.06900
  11.    29   D 1 - 2 S 3 ; D 1 S 2 - 3 ; D 1 ; S 1  END                                0.0649    0.01855  0.06219
  12.    58   D 1 S 2 - 3 ; D 1 S 2 ; D 1 S 2 ; D 1  END                                0.0649   -0.06313  0.01501
  13.   426   D 1 S 4 ; D 1 - 2 ; D 1 ; D 1 S 2  END                                    0.0619    0.06191
  14.   253   D 1 - 2 ; S 1 D 2 - 3 ; S 1 ; D 1  END                                    0.0619    0.06190
  15.  1342   D 1 S 2 ; D 1 - 2 ; S 1 - 2 ; S 1 D 2  END                                0.0613    0.05446  0.02805
  16.   962   D 1 - 2 ; D 1 - 2 S 3 ; S 2 ; S 1 - 2  END                                0.0613    0.05152  0.03313
  17.   335   D 1 S 2 - 3 ; D 1 S 2 ; D 1 S 2 ; S 1 - 2  END                            0.0562   -0.05081  0.00262  0.00269  0.01137
                                                                                                  0.02084
  18.   181   D 1 - 2 S 3 ; D 1 S 2 - 3 ; S 1 - 2 ; S 1  END                            0.0562    0.05081 -0.02237  0.00003  0.00872
                                                                                                 -0.00108
  19.    49   D 1 S 2 D 3 ; D 1 ; D 1 ; D 1 S 2  END                                    0.0535   -0.05354
  20.    13   D 1 - 3 ; D 1 S 3 ; S 1 ; D 1  END                                        0.0535    0.05354
  21.   421   D 1 S 3 ; D 1 S 2 - 3 ; D 1 ; D 1 S 2  END                                0.0533    0.04839  0.02224
  22.   337   D 1 S 2 - 3 ; D 1 S 2 D 3 ; S 1 ; D 1  END                                0.0532    0.04345  0.03078
  23.    31   D 1 - 2 S 3 - 4 ; D 1 S 2 ; S 1 ; D 1  END                                0.0496    0.03042  0.03918
  24.    36   D 1 - 2 S 3 ; S 1 - 2 ; D 1 ; D 1 S 2  END                                0.0496   -0.04914 -0.00675
  25.    59   D 1 S 2 - 3 ; S 1 D 2 ; D 1 S 2 ; D 1  END                                0.0494   -0.04415 -0.02219
  26.   237   D 1 - 2 S 4 ; D 1 S 2 - 3 ; D 1 ; S 1  END                                0.0494   -0.04129 -0.02714
  27.    55   D 1 S 2 - 4 ; D 1 - 2 ; D 1 ; S 1  END                                    0.0484   -0.04616  0.01464
  28.   259   D 1 - 2 ; S 1 - 3 ; D 1 S 2 ; D 1  END                                    0.0484   -0.01040 -0.04729
  29.   235   D 1 - 2 ; D 1 - 2 S 3 ; S 2 ; D 1  END                                    0.0464   -0.04641
  30.   365   D 1 S 2 ; D 1 - 2 ; D 1 ; S 1 D 2  END                                    0.0464   -0.04641
  31.   587   S 1 - 3 ; D 1 S 2 S 4 ; D 1 ; D 1 S 2  END                                0.0464    0.03035  0.01725  0.01922 -0.01826
                                                                                                  0.01521
  32.   503   S 1 D 2 S 3 ; D 1 S 2 - 4 ; S 1 ; D 1  END                                0.0464   -0.00334 -0.03523 -0.01986 -0.01546
                                                                                                 -0.01632
  33.  1375   D 1 S 2 S 4 ; S 1 D 2 ; D 1 S 2 ; S 1 - 2  END                            0.0446    0.03397  0.01459 -0.01308 -0.01701
                                                                                                 -0.01286
  34.  1009   D 1 - 2 S 4 ; S 1 D 2 S 3 ; S 1 - 2 ; S 1  END                            0.0446   -0.03397  0.01903 -0.00240 -0.00633
                                                                                                 -0.02076
  35.    84   S 1 D 2 ; D 1 - 2 ; D 1 ; D 1 S 2  END                                    0.0442   -0.04422
  36.    40   D 1 - 2 ; D 1 - 2 S 4 ; S 1 ; D 1  END                                    0.0442    0.04421
  37.  1364   D 1 S 2 ; D 1 S 2 - 3 ; S 1 - 2 ; D 1 S 2  END                            0.0439   -0.02924  0.01302  0.00175  0.00416
                                                                                                  0.02976
  38.   328   D 1 S 2 - 3 ; D 1 - 2 S 3 ; S 1 ; S 1 - 2  END                            0.0439   -0.02924  0.02813 -0.00457 -0.00698
                                                                                                  0.01465
  39.  1335   D 1 S 2 ; D 1 - 2 ; D 1 - 2 ; S 2  END                                    0.0438   -0.04376
  40.   953   D 1 - 2 ; D 1 - 2 S 3 ; S 1 D 2  END                                      0.0438    0.04376
  41.   954   D 1 - 2 ; D 1 - 2 S 3 ; S 1 ; D 2  END                                    0.0433    0.04334
  42.  1349   D 1 S 2 ; D 1 - 2 ; D 2 ; D 1 S 2  END                                    0.0433   -0.04334
  43.   231   D 1 - 2 S 4 ; D 1 - 2 ; S 1 - 2 ; S 1  END                                0.0429    0.02994  0.03072
  44.   251   D 1 - 2 ; S 1 D 2 ; D 1 S 2 ; S 1 - 2  END                                0.0429   -0.04157 -0.01057
  45.   210   D 1 - 2 S 3 - 4 ; S 1 - 3 ; S 1 ; D 1  END                                0.0400   -0.00222 -0.00005  0.00457  0.00838
                                                                                                  0.03878
  46.   354   D 1 S 2 - 4 ; S 1 - 2 ; D 1 ; D 1 S 2  END                                0.0400   -0.00607 -0.02881  0.01548  0.02184
                                                                                                 -0.00405
  47.   236   D 1 - 2 ; D 1 - 2 S 4 ; S 2 ; D 1  END                                    0.0367   -0.03671
  48.   530   S 1 D 2 ; D 1 - 2 ; D 1 ; S 1 D 2  END                                    0.0367   -0.03670
  49.    56   D 1 S 2 - 3 ; D 1 - 2 S 3 ; S 1 ; D 1  END                                0.0354    0.01300 -0.03291
  50.   370   D 1 S 2 ; D 1 S 2 - 3 ; D 1 ; D 1 S 2  END                                0.0354   -0.02199  0.02772
  51.   341   D 1 S 2 - 3 ; D 1 S 2 ; S 1 ; D 1 - 2  END                                0.0343   -0.00918 -0.03306
  52.   184   D 1 - 2 S 3 ; D 1 S 2 - 3 ; ; D 1 S 2  END                                0.0343   -0.03322  0.00858
  53.  1610   D 1 ; D 1 - 2 S 3 ; S 1 ; D 1 - 2  END                                    0.0343    0.03426
  54.  1346   D 1 S 2 ; D 1 - 3 ; ; D 1 S 2  END                                        0.0343   -0.03426
  55.   369   D 1 S 2 S 4 ; D 1 S 2 ; D 1 S 2 ; D 1  END                                0.0338    0.02554  0.02219
  56.    33   D 1 - 2 S 3 ; S 1 D 2 S 3 ; D 1 ; S 1  END                                0.0338    0.03198  0.01102
  57.  2165   S 1 - 2 S 4 ; D 1 - 2 ; S 1 - 2 ; D 1 S 2  END                            0.0337    0.02732  0.00506  0.01172 -0.01249
                                                                                                  0.00830
  58.  1012   D 1 - 2 ; S 1 D 2 S 3 - 4 ; S 1 ; S 1 - 2  END                            0.0337   -0.02732 -0.00716  0.01370 -0.01051
                                                                                                 -0.00621
  59.     3   D 1 - 3 ; S 1 D 2 ; S 1 ; D 1  END                                        0.0336    0.03355
  60.   246   D 1 - 2 S 4 ; D 1 ; D 1 ; D 1 S 2  END                                    0.0335    0.03355
  61.  1388   D 1 S 2 ; S 1 D 2 S 4 ; S 1 - 2 ; D 1 S 2  END                            0.0335    0.02530  0.00467 -0.01568 -0.01278
                                                                                                 -0.00733
  62.  1896   S 1 D 2 S 4 ; D 1 - 2 S 3 ; S 1 ; S 1 - 2  END                            0.0335   -0.02530  0.01666  0.00047  0.00337
                                                                                                 -0.01399
  63.  1369   D 1 S 2 ; D 1 D 3 ; D 1 ; D 1 S 2  END                                    0.0335   -0.03350
  64.    62   D 1 D 3 ; D 1 - 2 S 3 ; S 1 ; D 1  END                                    0.0335    0.03350
  65.    42   D 1 - 2 ; S 1 D 2 ; D 1 S 2 ; D 1  END                                    0.0316   -0.03156
  66.    38   D 1 - 2 S 4 ; D 1 - 2 ; D 1 ; S 1  END                                    0.0316    0.03156
  67.   428   D 1 ; D 1 - 2 S 4 ; D 1 S 2 ; D 1  END                                    0.0312   -0.03120
  68.   526   S 1 D 2 ; D 1 - 3 ; D 1 ; S 1  END                                        0.0312   -0.03120
  69.  1387   D 1 S 2 ; S 1 D 2 S 3 ; S 1 - 2 ; D 1 S 2  END                            0.0307    0.01420  0.00250 -0.01105 -0.00879
                                                                                                 -0.02314
  70.  1337   D 1 S 2 S 4 ; D 1 - 2 S 3 ; S 1 ; S 1 - 2  END                            0.0307   -0.01420  0.02532 -0.00727 -0.00501
                                                                                                 -0.00468
  71.  2173   S 1 - 2 S 4 ; D 1 S 2 - 3 ; D 1 ; D 1 S 2  END                            0.0290    0.02139  0.00517  0.01150 -0.01314
                                                                                                  0.00717
  72.   350   D 1 S 2 - 3 ; S 1 D 2 S 3 - 4 ; S 1 ; D 1  END                            0.0290   -0.00116  0.02190  0.01104  0.01403
                                                                                                  0.00638
  73.  1338   D 1 S 2 S 4 ; D 1 - 2 S 4 ; S 1 ; S 1 - 2  END                            0.0289    0.00411  0.02195 -0.01200 -0.01167
                                                                                                  0.00766
  74.  1946   S 1 D 2 ; S 1 D 2 S 3 ; S 1 - 2 ; D 1 S 2  END                            0.0289   -0.00411 -0.00098 -0.00043 -0.00011
                                                                                                 -0.02862
  75.  2162   S 1 - 2 ; D 1 - 2 S 4 ; D 1 S 2 ; S 1 - 2  END                            0.0286   -0.02449  0.00966 -0.00092  0.00274
                                                                                                 -0.01082
  76.  1899   S 1 D 2 ; D 1 - 2 S 3 - 4 ; S 1 - 2 ; S 1  END                            0.0286    0.02449  0.00491 -0.01115 -0.00750
                                                                                                 -0.00375
  77.  1393   D 1 S 2 ; S 1 - 4 ; D 1 ; D 1 S 2  END                                    0.0279   -0.00392 -0.02131  0.01213  0.01110
                                                                                                 -0.00642
  78.   582   S 1 - 4 ; D 1 - 2 S 3 ; S 1 ; D 1  END                                    0.0279   -0.00229 -0.00124 -0.00012 -0.00315
                                                                                                 -0.02764
  79.  1386   D 1 S 2 S 4 ; S 1 D 2 ; S 1 ; D 1 - 2  END                                0.0274    0.00333  0.02718
  80.  1016   D 1 - 2 S 4 ; S 1 D 2 S 3 ; ; D 1 S 2  END                                0.0274    0.02521 -0.01070
  81.   373   D 1 S 2 ; S 1 D 2 S 3 ; D 1 ; D 1 S 2  END                                0.0263   -0.01280 -0.02295
  82.   366   D 1 S 2 S 4 ; D 1 - 2 S 3 ; S 1 ; D 1  END                                0.0263    0.02627 -0.00039
  83.   589   S 1 - 3 ; S 1 D 2 S 3 ; D 1 ; D 1 S 2  END                                0.0260   -0.01706 -0.00867 -0.01175  0.01104
                                                                                                 -0.00717
  84.  1360   D 1 S 2 S 4 ; D 1 S 2 - 4 ; S 1 ; D 1  END                                0.0260   -0.00076 -0.01938 -0.01223 -0.00940
                                                                                                 -0.00799
  85.   256   D 1 - 2 ; S 1 D 2 ; S 1 D 2 ; D 1  END                                    0.0258   -0.02582
  86.   228   D 1 - 2 S 4 ; D 1 - 2 ; D 1 ; S 2  END                                    0.0258   -0.02582
  87.  1621   D 1 S 4 ; S 1 D 2 S 3 ; D 1 ; D 1 S 2  END                                0.0258   -0.02269 -0.01219
  88.  1382   D 1 S 2 S 4 ; S 1 D 2 - 3 ; S 1 ; D 1  END                                0.0258   -0.02190 -0.01355
  89.    43   D 1 S 2 D 3 ; D 1 - 2 ; D 1 ; S 2  END                                    0.0245   -0.02451
  90.   997   D 1 - 2 ; D 1 S 3 ; S 1 D 2 ; D 1  END                                    0.0245    0.02451
  91.    57   D 1 S 2 - 3 ; D 1 - 2 S 4 ; S 1 ; D 1  END                                0.0239   -0.00936 -0.02196
  92.   535   S 1 D 2 ; D 1 S 2 - 3 ; D 1 ; D 1 S 2  END                                0.0239   -0.02370  0.00288
  93.   257   D 1 - 2 ; S 1 D 2 ; S 1 ; D 1 - 2  END                                    0.0236    0.02358
  94.   416   D 1 S 3 ; D 1 - 2 ; D 1 ; S 1 D 2  END                                    0.0236    0.02358
  95.   981   D 1 - 2 ; D 1 S 2 D 3 ; S 2 ; D 1  END                                    0.0236    0.02358
  96.   234   D 1 - 2 S 4 ; D 1 - 2 ; ; D 1 S 2  END                                    0.0236    0.02358
  97.  2294   S 1 ; D 1 - 2 S 3 - 4 ; D 1 ; D 1 S 2  END                                0.0224   -0.01887  0.01213
  98.  2166   S 1 - 2 ; D 1 - 3 S 4 ; S 1 ; D 1  END                                    0.0224    0.00107 -0.02241
  99.  2160   S 1 - 2 S 4 ; D 1 - 2 ; D 1 ; S 1 D 2  END                                0.0218   -0.02020  0.00820
 100.  1019   D 1 - 2 ; S 1 D 2 S 3 - 4 ; S 2 ; D 1  END                                0.0218   -0.00300 -0.02159




 POSITION OF FIRST SPIN COUPLING FOR TEN MOST IMPORTANT CONFIGURATIONS
      86     52      1     54    134    408    704    115      2     41



 ELAPSED TIME =       7.73 CPU SECONDS. (      7.73 WALL CLOCK SECONDS)
