 ************************************************************************
 * RTSIM - DAVIDSON METHOD SPARSE MATRIX EIGENVALUE/EIGENVECTOR PROGRAM *
 * QUANTUM CHEMISTRY GROUP - INDIANA UNIVERSITY - 11May 2016  11:53:25  *
 ************************************************************************



                 DIAGONALIZATION RUN TITLE
                 -------------------------
 )* WATER TEST *



 ) DAVIDSON
 ) LAST=5
 ) COEFF
 ) NOVLP
 ) MAXITR=1000 END

 THE CI MATRIX IS TITLED:  H2O  -SINGLET A1-  STO-3G HF SD-CI TEST
 THE MATRIX IS DATED:     11May 2016  11:53:25 
 THE SPIN MULTIPLICITY IS 1 AND THE DIMENSION IS   7174.

 ROOTS  1 THROUGH  5 WILL BE OBTAINED.

  
  
  
 AMOUNT OF CORE AVAILABLE                      80000000
 MAXIMUM NUMBER OF VECTORS PER ITERATION              5
 MAXIMUM NUMBER OF VECTORS ON DISK                   25
 NUMBER OF SOLUTIONS SOUGHT                           5
 NUMBER OF SOLUTIONS INVESTIGATED                     5
 SIZE OF MATRIX DIAGONALISED                       7174
  
  
 INITIAL GUESS AT ROOTS (OBTAINED FROM DIAGONAL ELEMENTS OF HAMILTONIAN MATRIX)

                1        -129.84249
                8        -123.70753
                4        -123.70753
                3        -123.59805
                2        -123.59805


 ITERATION       ROOT           EIGENVALUE          NORM OF RESIDUAL
     1             1          -129.84249359              5.33949
     1             2          -124.00011693              5.30052
     1             3          -123.78226131              5.07337
     1             4          -123.60446678              4.96881
     1             5          -123.22432199              5.29700
     2             1          -131.85067819              8.10648
     2             2          -126.15071860             10.53617
     2             3          -125.79248799              9.29177
     2             4          -125.42170583              9.09727
     2             5          -125.23903504              9.16908
     2             1          -131.85067819              2.72155
     2             2          -126.15071860              3.13524
     2             3          -125.79248799              2.46113
     2             4          -125.42170583              2.01598
     2             5          -125.23903504              2.15304
     3             1          -132.20279151              3.92220
     3             2          -126.79005572              6.31062
     3             3          -126.15039460              4.45844
     3             4          -125.64185600              4.50475
     3             5          -125.47350347              4.49563
     3             1          -132.20279151              0.98612
     3             2          -126.79005572              1.72711
     3             3          -126.15039460              1.16208
     3             4          -125.64185600              0.77084
     3             5          -125.47350347              0.78649
     4             1          -132.24091377              1.20341
     4             2          -127.04634669              5.29708
     4             3          -126.25941829              3.14090
     4             4          -125.67884905              1.55383
     4             5          -125.50634803              1.34376
     4             1          -132.24091377              0.32648
     4             2          -127.04634669              1.20879
     4             3          -126.25941829              0.81354
     4             4          -125.67884905              0.30409
     4             5          -125.50634803              0.29485
     5             1          -132.24527495              0.47030
     5             2          -127.17475773              5.21015
     5             3          -126.32751584              3.84228
     5             4          -125.68727542              1.15302
     5             5          -125.51213312              0.78715
  truncating with vlp=false 
 TRUNCATION TO 1 VECTOR PER ROOT HAS BEEN PERFORMED
     5             1          -132.24527495              0.10652
     5             2          -127.17475773              0.84615
     5             3          -126.32751584              0.60446
     5             4          -125.68727542              0.15740
     5             5          -125.51213312              0.13358
     6             1          -132.24566691              0.10156
     6             2          -127.20823934              1.14068
     6             3          -126.34522507              0.85396
     6             4          -125.68864977              0.25912
     6             5          -125.51307600              0.20911
     6             1          -132.24566691              0.03919
     6             2          -127.20823934              0.41269
     6             3          -126.34522507              0.28792
     6             4          -125.68864977              0.07395
     6             5          -125.51307600              0.06776
     7             1          -132.24573538              0.06650
     7             2          -127.22479382              1.71905
     7             3          -126.35299523              1.09357
     7             4          -125.68929351              0.39000
     7             5          -125.51355256              0.33815
     7             1          -132.24573538              0.01533
     7             2          -127.22479382              0.33299
     7             3          -126.35299523              0.21872
     7             4          -125.68929351              0.05302
     7             5          -125.51355256              0.04774
     8             1          -132.24574458              0.02642
     8             2          -127.23411137              1.81311
     8             3          -126.35717126              1.08770
     8             4          -125.68949873              0.23487
     8             5          -125.51368726              0.18396
     8             1          -132.24574458              0.00578
     8             2          -127.23411137              0.23144
     8             3          -126.35717126              0.14264
     8             4          -125.68949873              0.02572
     8             5          -125.51368726              0.02093
     9             1          -132.24574583              0.01026
     9             2          -127.23810261              1.20680
     9             3          -126.35882153              0.76513
     9             4          -125.68953940              0.08877
     9             5          -125.51371227              0.06943
  truncating with vlp=false 
 TRUNCATION TO 1 VECTOR PER ROOT HAS BEEN PERFORMED
     9             1          -132.24574583              0.00201
     9             2          -127.23810261              0.16484
     9             3          -126.35882153              0.06710
     9             4          -125.68953940              0.00859
     9             5          -125.51371227              0.00758
    10             1          -132.24574597              0.00195
    10             2          -127.23906214              0.19627
    10             3          -126.35902534              0.09152
    10             4          -125.68954297              0.01220
    10             5          -125.51371478              0.00951
    10             1          -132.24574597              0.00088
    10             2          -127.23906214              0.14635
    10             3          -126.35902534              0.03215
    10             4          -125.68954297              0.00374
    10             5          -125.51371478              0.00369
    11             1          -132.24574601              0.00208
    11             2          -127.24067957              0.73583
    11             3          -126.35909666              0.11153
    11             4          -125.68954392              0.01267
    11             5          -125.51371563              0.01276
    11             1          -132.24574601              0.00040
    11             2          -127.24067957              0.11423
    11             3          -126.35909666              0.01703
    11             4          -125.68954392              0.00165
    11             5          -125.51371563              0.00173
    12             1          -132.24574602              0.00101
    12             2          -127.24179590              0.70646
    12             3          -126.35911497              0.07017
    12             4          -125.68954410              0.00694
    12             5          -125.51371582              0.01077
    12             1          -132.24574602              0.00014
    12             2          -127.24179590              0.07395
    12             3          -126.35911497              0.00993
    12             4          -125.68954410              0.00076
    12             5          -125.51371582              0.00106
    13             1          -132.24574602              0.00034
    13             2          -127.24222909              0.51926
    13             3          -126.35912302              0.06498
    13             4          -125.68954417              0.02444
    13             5          -125.51485741            249.44716
  truncating with vlp=false 
 TRUNCATION TO 1 VECTOR PER ROOT HAS BEEN PERFORMED
    13             1          -132.24574602              0.00005
    13             2          -127.24222909              0.05559
    13             3          -126.35912302              0.00756
    13             4          -125.68954417              0.00140
    13             5          -125.51485741              2.70036
     ROOT    ITERATION     NUMBER OF PRODUCTS       EIGENVALUE
       1        13                60                -132.2457460160


    14             2          -127.24239968              0.11691
    14             3          -126.35912583              0.01457
    14             4          -125.86740405           **********
    14             5          -125.68954410           **********
    14             2          -127.24239968              0.03252
    14             3          -126.35912583              0.00404
    14             4          -125.86740405              1.31977
    14             5          -125.68954410              0.00067
    15             2          -127.24250533              0.15391
    15             3          -126.35912737              0.02262
    15             4          -126.03620033              5.56057
    15             5          -125.68954412              0.00752
    15             2          -127.24250533              0.02472
    15             3          -126.35912737              0.00321
    15             4          -126.03620033              1.07734
    15             5          -125.68954412              0.00030
    16             2          -127.24254617              0.10144
    16             3          -126.35912817              0.02149
    16             4          -126.11958688              4.95879
    16             5          -125.68954413              0.00219
    16             2          -127.24254617              0.01290
    16             3          -126.35912817              0.00205
    16             4          -126.11958688              0.66869
    16             5          -125.68954413              0.00017
    17             2          -127.24255339              0.03212
    17             3          -126.35912846              0.01223
    17             4          -126.14786686              2.72421
    17             5          -125.68954413              0.00096
    17             2          -127.24255339              0.00623
    17             3          -126.35912846              0.00134
    17             4          -126.14786686              0.39407
    17             5          -125.68954413              0.00010
    18             2          -127.24255536              0.02093
    18             3          -126.35912860              0.00844
    18             4          -126.16059652              2.20204
    18             5          -125.68954413              0.00089
  truncating with vlp=false 
 TRUNCATION TO 1 VECTOR PER ROOT HAS BEEN PERFORMED
    18             2          -127.24255536              0.00446
    18             3          -126.35912860              0.00067
    18             4          -126.16059652              0.25318
    18             5          -125.68954413              0.00008
     ROOT    ITERATION     NUMBER OF PRODUCTS       EIGENVALUE
       5        18                80                -125.6895441306


    19             2          -127.24255580              0.00386
    19             3          -126.35912862              0.00126
    19             4          -126.16378178              0.36532
    19             2          -127.24255580              0.00328
    19             3          -126.35912862              0.00034
    19             4          -126.16378178              0.13981
    20             2          -127.24255598              0.00750
    20             3          -126.35912863              0.00212
    20             4          -126.16604477              0.94577
    20             2          -127.24255598              0.00301
    20             3          -126.35912863              0.00029
    20             4          -126.16604477              0.12872
    21             2          -127.24255606              0.00566
    21             3          -126.35912864              0.00177
    21             4          -126.16731834              0.92774
    21             2          -127.24255606              0.00293
    21             3          -126.35912864              0.00018
    21             4          -126.16731834              0.08876
    22             2          -127.24255618              0.00629
    22             3          -126.35912864              0.00090
    22             4          -126.16784502              0.60034
    22             2          -127.24255618              0.00288
    22             3          -126.35912864              0.00009
    22             4          -126.16784502              0.04722
     ROOT    ITERATION     NUMBER OF PRODUCTS       EIGENVALUE
       3        22                92                -126.3591286386


    23             2          -127.24255650              0.00946
    23             4          -126.16799874              0.30008
    23             2          -127.24255650              0.00274
    23             4          -126.16799874              0.02930
    24             2          -127.24255693              0.01031
    24             4          -126.16807642              0.23432
    24             2          -127.24255693              0.00199
    24             4          -126.16807642              0.01898
    25             2          -127.24255724              0.01062
    25             4          -126.16810552              0.13424
    25             2          -127.24255724              0.00130
    25             4          -126.16810552              0.01383
    26             2          -127.24255734              0.00533
    26             4          -126.16812334              0.11306
  truncating with vlp=false 
 TRUNCATION TO 1 VECTOR PER ROOT HAS BEEN PERFORMED
    26             2          -127.24255734              0.00056
    26             4          -126.16812334              0.01042
    27             2          -127.24255735              0.00073
    27             4          -126.16812962              0.01625
    27             2          -127.24255735              0.00030
    27             4          -126.16812962              0.00671
    28             2          -127.24255736              0.00089
    28             4          -126.16813462              0.03232
    28             2          -127.24255736              0.00019
    28             4          -126.16813462              0.00662
    29             2          -127.24255736              0.00057
    29             4          -126.16813908              0.04267
    29             2          -127.24255736              0.00012
    29             4          -126.16813908              0.00570
    30             2          -127.24255736              0.00034
    30             4          -126.16814178              0.03618
    30             2          -127.24255736              0.00009
    30             4          -126.16814178              0.00448
     ROOT    ITERATION     NUMBER OF PRODUCTS       EIGENVALUE
       2        30               108                -127.2425573603


    31             4          -126.16814342              0.02869
    31             4          -126.16814342              0.00313
    32             4          -126.16814405              0.01384
    32             4          -126.16814405              0.00178
    33             4          -126.16814426              0.00698
    33             4          -126.16814426              0.00104
    34             4          -126.16814434              0.00529
    34             4          -126.16814434              0.00088
    35             4          -126.16814442              0.00772
    35             4          -126.16814442              0.00076
    36             4          -126.16814445              0.00417
    36             4          -126.16814445              0.00042
    37             4          -126.16814446              0.00176
    37             4          -126.16814446              0.00027
    38             4          -126.16814447              0.00116
    38             4          -126.16814447              0.00019
    39             4          -126.16814447              0.00082
    39             4          -126.16814447              0.00013
    40             4          -126.16814447              0.00070
    40             4          -126.16814447              0.00010
    41             4          -126.16814447              0.00058
    41             4          -126.16814447              0.00009
     ROOT    ITERATION     NUMBER OF PRODUCTS       EIGENVALUE
       4        41               119                -126.1681444713


  all roots converged 
  

 ************************************
 COMPLETED CI VECTOR OPTIMISATION
 ************************************





 ********************************
 RESULTS FOR ROOT   01
 TOTAL CI ENERGY =   -132.2457460
 ********************************

       CONF.                                                                           COEFF.
        NO.        SPACE ORBITAL PRODUCTS                                             CONTRIB.      CI COEFFICIENTS

       -----       ----------------------                                             --------   ---------------------
   1.     1   D 1 - 2 ; D 1 - 2 ; D 1 ; D 1  END                                        0.8950    0.89504
   2.    24   D 1 - 2 ; D 1 - 2 ; S 1 - 2 ; S 1 - 2  END                                0.1353    0.11469  0.07181
   3.    81   D 1 S 2 - 3 ; D 1 S 2 - 3 ; D 1 ; D 1  END                                0.1212   -0.09444 -0.07594
   4.    41   D 1 - 3 ; D 1 ; D 1 ; D 1  END                                            0.0975   -0.09750
   5.    37   D 1 - 2 S 3 ; D 1 S 2 ; S 1 ; D 1 S 2  END                                0.0963   -0.09625 -0.00181
   6.    33   D 1 - 2 S 3 ; D 1 S 2 ; D 1 S 2 ; S 1  END                                0.0925   -0.09251 -0.00030
   7.   108   S 1 D 2 S 3 ; D 1 S 2 S 4 ; D 1 ; D 1  END                                0.0705   -0.05185 -0.04784
   8.    58   D 1 - 2 S 3 - 4 ; S 1 - 2 ; D 1 ; D 1  END                                0.0684   -0.01563 -0.06657
   9.    32   D 1 - 2 ; D 1 - 2 ; ; D 1 - 2  END                                        0.0682   -0.06815
  10.    18   D 1 - 2 ; D 1 - 2 ; D 1 - 2  END                                          0.0679   -0.06791
  11.    19   D 1 - 2 ; D 1 - 2 ; D 1 ; D 2  END                                        0.0666   -0.06662
  12.    31   D 1 - 2 ; D 1 - 2 ; D 2 ; D 1  END                                        0.0666   -0.06662
  13.    54   D 1 - 2 S 4 ; S 1 D 2 ; S 1 ; D 1 S 2  END                                0.0638    0.06006 -0.02163
  14.    50   D 1 - 2 S 4 ; S 1 D 2 ; D 1 S 2 ; S 1  END                                0.0633    0.05943  0.02186
  15.    75   D 1 S 2 ; D 1 - 2 S 3 ; D 1 S 2 ; S 1  END                                0.0590    0.05897  0.00087
  16.    79   D 1 S 2 ; D 1 - 2 S 3 ; S 1 ; D 1 S 2  END                                0.0582    0.05817 -0.00021
  17.    35   D 1 - 2 ; D 1 S 2 - 3 ; D 1 ; S 1 - 2  END                                0.0580    0.05701 -0.01065
  18.    77   D 1 S 2 - 3 ; D 1 - 2 ; S 1 - 2 ; D 1  END                                0.0580   -0.05701  0.01065
  19.    88   D 1 S 2 S 4 ; S 1 D 2 S 3 ; D 1 ; D 1  END                                0.0578    0.04495  0.03637
  20.    94   D 1 ; D 1 - 3 ; D 1 ; D 1  END                                            0.0565   -0.05645
  21.    39   D 1 - 2 ; D 1 S 2 - 3 ; S 1 - 2 ; D 1  END                                0.0560   -0.05515  0.00947
  22.    73   D 1 S 2 - 3 ; D 1 - 2 ; D 1 ; S 1 - 2  END                                0.0560    0.05515 -0.00947
  23.    91   D 1 D 3 ; D 1 - 2 ; D 1 ; D 1  END                                        0.0525   -0.05252
  24.    44   D 1 - 2 ; D 1 D 3 ; D 1 ; D 1  END                                        0.0525   -0.05252
  25.    52   D 1 - 2 ; S 1 D 2 S 4 ; D 1 ; S 1 - 2  END                                0.0507   -0.04764 -0.01739
  26.   104   S 1 D 2 S 4 ; D 1 - 2 ; S 1 - 2 ; D 1  END                                0.0507   -0.04764 -0.01739
  27.    56   D 1 - 2 ; S 1 D 2 S 4 ; S 1 - 2 ; D 1  END                                0.0503    0.04704  0.01778
  28.   100   S 1 D 2 S 4 ; D 1 - 2 ; D 1 ; S 1 - 2  END                                0.0503    0.04704  0.01778
  29.   121   S 1 - 2 ; D 1 - 2 S 3 - 4 ; D 1 ; D 1  END                                0.0495    0.00726  0.04893
  30.   102   S 1 D 2 ; D 1 - 2 S 4 ; D 1 S 2 ; S 1  END                                0.0481    0.04606 -0.01370
  31.   106   S 1 D 2 ; D 1 - 2 S 4 ; S 1 ; D 1 S 2  END                                0.0474    0.04526  0.01422
  32.   109   S 1 D 2 S 4 ; D 1 S 2 - 3 ; D 1 ; D 1  END                                0.0443   -0.04050 -0.01784
  33.    87   D 1 S 2 - 3 ; S 1 D 2 S 4 ; D 1 ; D 1  END                                0.0443    0.04050  0.01784
  34.    61   D 1 - 2 ; S 1 - 4 ; D 1 ; D 1  END                                        0.0424   -0.00897 -0.04143
  35.   118   S 1 - 4 ; D 1 - 2 ; D 1 ; D 1  END                                        0.0424    0.00897  0.04143
  36.    23   D 1 - 2 S 4 ; D 1 - 2 S 4 ; S 1 ; S 1  END                                0.0371    0.00056  0.03714
  37.   116   S 1 D 2 ; S 1 D 2 ; D 1 S 2 ; D 1 S 2  END                                0.0371    0.00056  0.03714
  38.   115   S 1 D 2 S 4 ; S 1 D 2 S 4 ; D 1 ; D 1  END                                0.0349    0.02907  0.01931
  39.    86   D 1 S 2 - 3 ; S 1 D 2 S 3 ; D 1 ; D 1  END                                0.0312    0.03044  0.00708
  40.    83   D 1 S 2 S 4 ; D 1 S 2 - 3 ; D 1 ; D 1  END                                0.0312   -0.03044 -0.00708
  41.   112   S 1 D 2 S 3 ; S 1 D 2 S 3 ; D 1 ; D 1  END                                0.0310    0.02463  0.01890
  42.    84   D 1 S 2 S 4 ; D 1 S 2 S 4 ; D 1 ; D 1  END                                0.0310   -0.02463 -0.01890
  43.    74   D 1 S 2 S 4 ; D 1 - 2 ; D 1 ; S 1 - 2  END                                0.0282    0.02699  0.00813
  44.    55   D 1 - 2 ; S 1 D 2 S 3 ; S 1 - 2 ; D 1  END                                0.0282    0.02699  0.00813
  45.    78   D 1 S 2 S 4 ; D 1 - 2 ; S 1 - 2 ; D 1  END                                0.0278   -0.02648 -0.00851
  46.    51   D 1 - 2 ; S 1 D 2 S 3 ; D 1 ; S 1 - 2  END                                0.0278   -0.02648 -0.00851
  47.    60   D 1 - 2 ; S 1 - 2 D 3 ; D 1 ; D 1  END                                    0.0269    0.02692
  48.    92   D 1 S 3 - 4 ; D 1 - 2 ; D 1 ; D 1  END                                    0.0269    0.02692
  49.    67   D 1 - 2 D 4 ; D 2 ; D 1 ; D 1  END                                        0.0249   -0.02494
  50.   130   D 2 ; D 1 - 2 D 4 ; D 1 ; D 1  END                                        0.0248   -0.02476
  51.    46   D 1 - 2 ; D 1 D 4 ; D 1 ; D 1  END                                        0.0241   -0.02413
  52.   125   D 2 - 3 ; D 1 - 2 ; D 1 ; D 1  END                                        0.0241   -0.02413
  53.   103   S 1 D 2 S 3 ; D 1 - 2 ; S 1 - 2 ; D 1  END                                0.0234    0.02311  0.00371
  54.    36   D 1 - 2 ; D 1 S 2 S 4 ; D 1 ; S 1 - 2  END                                0.0234   -0.02311 -0.00371
  55.  1290   D 1 S 2 - 3 ; D 1 S 2 - 3 ; S 1 - 2 ; S 1 - 2  END                        0.0233   -0.01288  0.00022 -0.00040  0.00062
                                                                                                 -0.00028  0.00007 -0.00041 -0.01294
                                                                                                 -0.00949  0.00054 -0.00051  0.00049
                                                                                                 -0.00762 -0.00787
  56.    72   D 1 - 2 ; D 2 ; D 1 ; D 1 - 2  END                                        0.0227   -0.02266
  57.    27   D 1 - 2 D 4 ; D 1 - 2 ; ; D 1  END                                        0.0227   -0.02266
  58.    93   D 1 D 4 ; D 1 - 2 ; D 1 ; D 1  END                                        0.0225   -0.02250
  59.    68   D 1 - 2 ; D 2 - 3 ; D 1 ; D 1  END                                        0.0225   -0.02250
  60.    71   D 1 - 2 ; D 2 ; D 1 - 2 ; D 1  END                                        0.0224   -0.02243
  61.    14   D 1 - 2 D 4 ; D 1 - 2 ; D 1  END                                          0.0224   -0.02243
  62.    99   S 1 D 2 S 3 ; D 1 - 2 ; D 1 ; S 1 - 2  END                                0.0219   -0.02141 -0.00461
  63.    40   D 1 - 2 ; D 1 S 2 S 4 ; S 1 - 2 ; D 1  END                                0.0219    0.02141  0.00461
  64.    43   D 1 - 2 D 4 ; D 1 ; D 1 ; D 1  END                                        0.0211   -0.02112
  65.    65   D 1 - 3 ; D 2 ; D 1 ; D 1  END                                            0.0211   -0.02112
  66.   794   D 1 - 2 ; D 1 - 2 ; D 2 ; D 2  END                                        0.0191    0.01908
  67.    90   D 1 S 2 ; S 1 D 2 ; D 1 S 2 ; D 1 S 2  END                                0.0185   -0.00048  0.01848
  68.    22   D 1 - 2 S 4 ; D 1 - 2 S 3 ; S 1 ; S 1  END                                0.0185   -0.00048  0.01848
  69.    96   D 1 ; D 1 - 2 D 4 ; D 1 ; D 1  END                                        0.0184   -0.01843
  70.   128   D 2 ; D 1 - 3 ; D 1 ; D 1  END                                            0.0184   -0.01843
  71.    25   D 1 - 3 ; D 1 - 2 ; ; D 1  END                                            0.0174   -0.01740
  72.    48   D 1 - 2 ; D 1 ; D 1 ; D 1 - 2  END                                        0.0174   -0.01740
  73.   113   S 1 D 2 S 3 ; S 1 D 2 S 4 ; D 1 ; D 1  END                                0.0172   -0.01487 -0.00871
  74.   110   S 1 D 2 S 4 ; D 1 S 2 S 4 ; D 1 ; D 1  END                                0.0172    0.01487  0.00871
  75.    20   D 1 - 2 S 3 ; D 1 - 2 S 3 ; S 1 ; S 1  END                                0.0162    0.00176  0.01607
  76.    85   D 1 S 2 ; D 1 S 2 ; D 1 S 2 ; D 1 S 2  END                                0.0162   -0.00176 -0.01607
  77.    70   D 1 - 2 ; D 2 D 4 ; D 1 ; D 1  END                                        0.0161   -0.01614
  78.   127   D 2 D 4 ; D 1 - 2 ; D 1 ; D 1  END                                        0.0161   -0.01614
  79.  1684   D 1 D 3 ; D 1 D 3 ; D 1 ; D 1  END                                        0.0160    0.01600
  80.   865   D 1 - 3 ; D 1 ; S 1 - 2 ; S 1 - 2  END                                    0.0159   -0.01218 -0.01022
  81.    21   D 1 - 2 S 3 ; D 1 - 2 S 4 ; S 1 ; S 1  END                                0.0157   -0.00160 -0.01566
  82.   111   S 1 D 2 ; D 1 S 2 ; D 1 S 2 ; D 1 S 2  END                                0.0157    0.00160  0.01566
  83.    17   D 1 - 2 ; D 1 - 2 D 4 ; D 1  END                                          0.0157   -0.01568
  84.   131   D 2 ; D 1 - 2 ; D 1 - 2 ; D 1  END                                        0.0157   -0.01568
  85.    82   D 1 S 2 - 3 ; D 1 S 2 S 4 ; D 1 ; D 1  END                                0.0156    0.01274  0.00900
  86.   107   S 1 D 2 S 3 ; D 1 S 2 - 3 ; D 1 ; D 1  END                                0.0156    0.01274  0.00900
  87.    47   D 1 - 2 ; D 1 ; D 1 - 2 ; D 1  END                                        0.0154   -0.01539
  88.    12   D 1 - 3 ; D 1 - 2 ; D 1  END                                              0.0154   -0.01539
  89.   986   D 1 - 2 S 3 - 4 ; S 1 - 2 ; S 1 - 2 ; S 1 - 2  END                        0.0152   -0.00830 -0.00010  0.00139 -0.00095
                                                                                                  0.00000 -0.00108  0.00067 -0.00254
                                                                                                 -0.00916 -0.00015  0.00180 -0.00108
                                                                                                 -0.00253 -0.00747
  90.    30   D 1 - 2 ; D 1 - 2 D 4 ; ; D 1  END                                        0.0152   -0.01517
  91.   132   D 2 ; D 1 - 2 ; D 1 ; D 1 - 2  END                                        0.0152   -0.01517
  92.   129   D 2 ; D 1 - 2 S 3 - 4 ; D 1 ; D 1  END                                    0.0151   -0.01506
  93.   122   S 1 - 2 ; D 1 - 2 D 4 ; D 1 ; D 1  END                                    0.0151    0.01506
  94.  1881   S 1 D 2 S 3 ; D 1 S 2 S 4 ; S 1 - 2 ; S 1 - 2  END                        0.0146   -0.00737 -0.00110 -0.00037 -0.00054
                                                                                                  0.00074  0.00013  0.00042 -0.00732
                                                                                                 -0.00662 -0.00118 -0.00048 -0.00086
                                                                                                 -0.00502 -0.00553
  95.    45   D 1 - 2 ; D 1 S 3 - 4 ; D 1 ; D 1  END                                    0.0141   -0.01409
  96.   117   S 1 - 2 D 3 ; D 1 - 2 ; D 1 ; D 1  END                                    0.0141    0.01409
  97.   126   D 2 S 3 - 4 ; D 1 - 2 ; D 1 ; D 1  END                                    0.0137   -0.01365
  98.    62   D 1 - 2 ; S 1 - 2 D 4 ; D 1 ; D 1  END                                    0.0137   -0.01365
  99.   824   D 1 - 2 S 3 ; D 1 S 2 ; S 2 ; S 1 D 2  END                                0.0132    0.01317 -0.00015
 100.   804   D 1 - 2 S 3 ; D 1 S 2 ; S 1 D 2 ; S 2  END                                0.0131    0.01312  0.00015




 POSITION OF FIRST SPIN COUPLING FOR TEN MOST IMPORTANT CONFIGURATIONS
       1     28    112     54     46     38    158     79     37     18



 ********************************
 RESULTS FOR ROOT   02
 TOTAL CI ENERGY =   -127.2425574
 ********************************

       CONF.                                                                           COEFF.
        NO.        SPACE ORBITAL PRODUCTS                                             CONTRIB.      CI COEFFICIENTS

       -----       ----------------------                                             --------   ---------------------
   1.     8   D 1 S 2 - 3 ; D 1 - 2 ; D 1 ; D 1  END                                    0.4705    0.47048
   2.     4   D 1 - 2 ; D 1 S 2 - 3 ; D 1 ; D 1  END                                    0.4705   -0.47048
   3.    41   D 1 - 3 ; D 1 ; D 1 ; D 1  END                                            0.4074   -0.40744
   4.    81   D 1 S 2 - 3 ; D 1 S 2 - 3 ; D 1 ; D 1  END                                0.2040    0.02748 -0.20217
   5.    77   D 1 S 2 - 3 ; D 1 - 2 ; S 1 - 2 ; D 1  END                                0.1260    0.12327  0.02615
   6.    35   D 1 - 2 ; D 1 S 2 - 3 ; D 1 ; S 1 - 2  END                                0.1260   -0.12327 -0.02615
   7.    73   D 1 S 2 - 3 ; D 1 - 2 ; D 1 ; S 1 - 2  END                                0.1252   -0.12199 -0.02804
   8.    39   D 1 - 2 ; D 1 S 2 - 3 ; S 1 - 2 ; D 1  END                                0.1252    0.12199  0.02804
   9.    91   D 1 D 3 ; D 1 - 2 ; D 1 ; D 1  END                                        0.1090    0.10895
  10.    44   D 1 - 2 ; D 1 D 3 ; D 1 ; D 1  END                                        0.1090    0.10895
  11.     9   D 1 S 2 S 4 ; D 1 - 2 ; D 1 ; D 1  END                                    0.0959   -0.09589
  12.     6   D 1 - 2 ; S 1 D 2 S 3 ; D 1 ; D 1  END                                    0.0959   -0.09589
  13.    33   D 1 - 2 S 3 ; D 1 S 2 ; D 1 S 2 ; S 1  END                                0.0866   -0.07929  0.03493
  14.    37   D 1 - 2 S 3 ; D 1 S 2 ; S 1 ; D 1 S 2  END                                0.0853   -0.07792 -0.03462
  15.    58   D 1 - 2 S 3 - 4 ; S 1 - 2 ; D 1 ; D 1  END                                0.0777   -0.05096 -0.05864
  16.    57   D 1 - 3 ; S 1 - 2 ; D 1 ; D 1  END                                        0.0772    0.07720
  17.    42   D 1 - 2 S 3 - 4 ; D 1 ; D 1 ; D 1  END                                    0.0772    0.07720
  18.   351   D 1 S 2 - 3 ; D 1 - 2 ; S 1 - 2 ; S 1 - 2  END                            0.0578   -0.00390  0.00280  0.05069 -0.00521
                                                                                                  0.02675
  19.   181   D 1 - 2 ; D 1 S 2 - 3 ; S 1 - 2 ; S 1 - 2  END                            0.0578    0.00423 -0.00304 -0.05069  0.00480
                                                                                                 -0.02675
  20.    85   D 1 S 2 ; D 1 S 2 ; D 1 S 2 ; D 1 S 2  END                                0.0572    0.00150  0.05718
  21.    20   D 1 - 2 S 3 ; D 1 - 2 S 3 ; S 1 ; S 1  END                                0.0572   -0.00150 -0.05718
  22.    94   D 1 ; D 1 - 3 ; D 1 ; D 1  END                                            0.0553   -0.05527
  23.    95   D 1 ; D 1 - 2 S 3 - 4 ; D 1 ; D 1  END                                    0.0553   -0.05526
  24.   120   S 1 - 2 ; D 1 - 3 ; D 1 ; D 1  END                                        0.0553    0.05526
  25.    82   D 1 S 2 - 3 ; D 1 S 2 S 4 ; D 1 ; D 1  END                                0.0547   -0.05041 -0.02122
  26.   107   S 1 D 2 S 3 ; D 1 S 2 - 3 ; D 1 ; D 1  END                                0.0547   -0.05041 -0.02122
  27.    45   D 1 - 2 ; D 1 S 3 - 4 ; D 1 ; D 1  END                                    0.0537    0.05365
  28.   117   S 1 - 2 D 3 ; D 1 - 2 ; D 1 ; D 1  END                                    0.0537   -0.05365
  29.   865   D 1 - 3 ; D 1 ; S 1 - 2 ; S 1 - 2  END                                    0.0482   -0.03906 -0.02819
  30.    87   D 1 S 2 - 3 ; S 1 D 2 S 4 ; D 1 ; D 1  END                                0.0471   -0.04574 -0.01119
  31.   109   S 1 D 2 S 4 ; D 1 S 2 - 3 ; D 1 ; D 1  END                                0.0471    0.04574  0.01119
  32.   118   S 1 - 4 ; D 1 - 2 ; D 1 ; D 1  END                                        0.0459   -0.00990 -0.04478
  33.    61   D 1 - 2 ; S 1 - 4 ; D 1 ; D 1  END                                        0.0459    0.00990  0.04478
  34.    19   D 1 - 2 ; D 1 - 2 ; D 1 ; D 2  END                                        0.0423    0.04234
  35.    31   D 1 - 2 ; D 1 - 2 ; D 2 ; D 1  END                                        0.0423    0.04234
  36.    24   D 1 - 2 ; D 1 - 2 ; S 1 - 2 ; S 1 - 2  END                                0.0416   -0.03502  0.02240
  37.   108   S 1 D 2 S 3 ; D 1 S 2 S 4 ; D 1 ; D 1  END                                0.0415    0.01171 -0.03978
  38.   209   D 1 - 2 S 3 - 4 ; D 1 ; S 1 - 2 ; D 1  END                                0.0408   -0.03292 -0.02414
  39.   261   D 1 - 3 ; S 1 - 2 ; D 1 ; S 1 - 2  END                                    0.0408   -0.03292 -0.02414
  40.   121   S 1 - 2 ; D 1 - 2 S 3 - 4 ; D 1 ; D 1  END                                0.0406    0.01218  0.03870
  41.   198   D 1 - 2 S 3 - 4 ; D 1 ; D 1 ; S 1 - 2  END                                0.0400    0.03227  0.02368
  42.   272   D 1 - 3 ; S 1 - 2 ; S 1 - 2 ; D 1  END                                    0.0400    0.03227  0.02368
  43.   287   D 1 - 2 S 3 ; S 1 ; D 1 S 2 ; D 1 S 2  END                                0.0393    0.00025  0.03934
  44.   169   D 1 - 3 S 4 ; D 1 S 2 ; S 1 ; S 1  END                                    0.0393    0.00025  0.03934
  45.    86   D 1 S 2 - 3 ; S 1 D 2 S 3 ; D 1 ; D 1  END                                0.0390   -0.02926 -0.02585
  46.    83   D 1 S 2 S 4 ; D 1 S 2 - 3 ; D 1 ; D 1  END                                0.0390    0.02926  0.02585
  47.   397   D 1 S 2 D 3 S 4 ; D 1 ; D 1 ; D 1  END                                    0.0370    0.03697
  48.   283   D 1 - 3 ; S 1 S 3 ; D 1 ; D 1  END                                        0.0370    0.03697
  49.    48   D 1 - 2 ; D 1 ; D 1 ; D 1 - 2  END                                        0.0350    0.03502
  50.    25   D 1 - 3 ; D 1 - 2 ; ; D 1  END                                            0.0350    0.03502
  51.    47   D 1 - 2 ; D 1 ; D 1 - 2 ; D 1  END                                        0.0346    0.03456
  52.    12   D 1 - 3 ; D 1 - 2 ; D 1  END                                              0.0346    0.03456
  53.     5   D 1 - 2 ; D 1 S 2 S 4 ; D 1 ; D 1  END                                    0.0343   -0.03434
  54.    10   S 1 D 2 S 3 ; D 1 - 2 ; D 1 ; D 1  END                                    0.0343    0.03434
  55.    22   D 1 - 2 S 4 ; D 1 - 2 S 3 ; S 1 ; S 1  END                                0.0342    0.00039  0.03423
  56.    90   D 1 S 2 ; S 1 D 2 ; D 1 S 2 ; D 1 S 2  END                                0.0342    0.00039  0.03423
  57.   125   D 2 - 3 ; D 1 - 2 ; D 1 ; D 1  END                                        0.0341    0.03406
  58.    46   D 1 - 2 ; D 1 D 4 ; D 1 ; D 1  END                                        0.0341    0.03406
  59.   366   D 1 S 2 - 3 ; D 1 - 2 ; D 2 ; D 1  END                                    0.0327   -0.03271
  60.   166   D 1 - 2 ; D 1 S 2 - 3 ; D 1 ; D 2  END                                    0.0327    0.03271
  61.   339   D 1 S 2 - 3 ; D 1 - 2 ; D 1 ; D 2  END                                    0.0324   -0.03239
  62.   193   D 1 - 2 ; D 1 S 2 - 3 ; D 2 ; D 1  END                                    0.0324    0.03239
  63.  1051   D 1 - 3 S 4 ; S 1 ; S 1 ; D 1 S 2  END                                    0.0310   -0.02796  0.01343
  64.  1031   D 1 - 3 S 4 ; S 1 ; D 1 S 2 ; S 1  END                                    0.0307   -0.02762 -0.01352
  65.    60   D 1 - 2 ; S 1 - 2 D 3 ; D 1 ; D 1  END                                    0.0306   -0.03064
  66.    92   D 1 S 3 - 4 ; D 1 - 2 ; D 1 ; D 1  END                                    0.0306   -0.03064
  67.   400   D 1 S 2 - 3 ; D 1 S 3 - 4 ; D 1 ; D 1  END                                0.0291   -0.00466 -0.02873
  68.   661   S 1 - 2 D 3 ; D 1 S 2 - 3 ; D 1 ; D 1  END                                0.0291   -0.00466 -0.02873
  69.   423   D 1 S 2 - 4 ; S 1 D 2 ; S 1 ; D 1 S 2  END                                0.0290   -0.00052 -0.00021  0.02621  0.00377
                                                                                                 -0.01187
  70.   277   D 1 - 2 S 4 ; S 1 - 3 ; S 1 ; D 1 S 2  END                                0.0290   -0.02113  0.01551  0.00031 -0.00377
                                                                                                  0.01187
  71.   412   D 1 S 2 - 4 ; S 1 D 2 ; D 1 S 2 ; S 1  END                                0.0289   -0.00059 -0.00023  0.02603 -0.00383
                                                                                                  0.01193
  72.   266   D 1 - 2 S 4 ; S 1 - 3 ; D 1 S 2 ; S 1  END                                0.0289   -0.02095  0.01546  0.00035  0.00383
                                                                                                 -0.01193
  73.    79   D 1 S 2 ; D 1 - 2 S 3 ; S 1 ; D 1 S 2  END                                0.0288    0.02637  0.01160
  74.   424   D 1 S 2 - 3 ; S 1 D 2 S 3 ; S 1 - 2 ; D 1  END                            0.0282   -0.00383 -0.00875  0.02382  0.00202
                                                                                                  0.01159
  75.   380   D 1 S 2 S 4 ; D 1 S 2 - 3 ; D 1 ; S 1 - 2  END                            0.0282   -0.01405  0.02139 -0.00192 -0.00202
                                                                                                 -0.01159
  76.    75   D 1 S 2 ; D 1 - 2 S 3 ; D 1 S 2 ; S 1  END                                0.0281    0.02547 -0.01190
  77.   413   D 1 S 2 - 3 ; S 1 D 2 S 3 ; D 1 ; S 1 - 2  END                            0.0281    0.00375  0.00867 -0.02365 -0.00197
                                                                                                 -0.01170
  78.   391   D 1 S 2 S 4 ; D 1 S 2 - 3 ; S 1 - 2 ; D 1  END                            0.0281    0.01397 -0.02120  0.00194  0.00197
                                                                                                  0.01170
  79.   433   D 1 S 2 D 3 S 4 ; S 1 - 2 ; D 1 ; D 1  END                                0.0275   -0.00455 -0.02715
  80.   285   D 1 - 2 S 3 - 4 ; S 1 S 3 ; D 1 ; D 1  END                                0.0275   -0.00455 -0.02715
  81.  1290   D 1 S 2 - 3 ; D 1 S 2 - 3 ; S 1 - 2 ; S 1 - 2  END                        0.0271    0.00800 -0.00006 -0.00172  0.00073
                                                                                                  0.00032  0.00156 -0.00049  0.01091
                                                                                                 -0.01776 -0.00045 -0.00215  0.00114
                                                                                                 -0.00056 -0.01488
  82.  1330   D 1 S 2 D 3 ; D 1 S 3 ; D 1 S 2 ; S 1  END                                0.0268   -0.02679 -0.00108
  83.  1350   D 1 S 2 D 3 ; D 1 S 3 ; S 1 ; D 1 S 2  END                                0.0267   -0.02665  0.00062
  84.   414   D 1 S 2 - 3 ; S 1 D 2 S 4 ; D 1 ; S 1 - 2  END                            0.0266    0.00200 -0.00074 -0.02409 -0.00147
                                                                                                 -0.01096
  85.   569   S 1 D 2 S 4 ; D 1 S 2 - 3 ; S 1 - 2 ; D 1  END                            0.0266    0.01935 -0.01436 -0.00206  0.00147
                                                                                                  0.01096
  86.   890   D 1 - 3 ; D 1 ; ; D 1 - 2  END                                            0.0265    0.02653
  87.   839   D 1 - 3 ; D 1 ; D 1 - 2  END                                              0.0265    0.02651
  88.   425   D 1 S 2 - 3 ; S 1 D 2 S 4 ; S 1 - 2 ; D 1  END                            0.0265   -0.00210  0.00076  0.02381  0.00159
                                                                                                  0.01120
  89.   558   S 1 D 2 S 4 ; D 1 S 2 - 3 ; D 1 ; S 1 - 2  END                            0.0265   -0.01910  0.01423  0.00215 -0.00159
                                                                                                 -0.01120
  90.  1481   D 1 S 2 D 3 S 4 ; S 1 S 3 ; D 1 ; D 1  END                                0.0263   -0.01377 -0.02242
  91.  1684   D 1 D 3 ; D 1 D 3 ; D 1 ; D 1  END                                        0.0262    0.02618
  92.   210   D 1 - 2 S 3 ; D 1 S 3 ; S 1 ; D 1 S 2  END                                0.0259   -0.02320  0.01146
  93.   386   D 1 S 2 D 3 ; D 1 S 2 ; S 1 ; D 1 S 2  END                                0.0259   -0.02320  0.01146
  94.    64   D 1 - 2 ; S 1 - 2 ; D 1 ; D 1 - 2  END                                    0.0257   -0.02575
  95.    26   D 1 - 2 S 3 - 4 ; D 1 - 2 ; ; D 1  END                                    0.0257   -0.02575
  96.    63   D 1 - 2 ; S 1 - 2 ; D 1 - 2 ; D 1  END                                    0.0257   -0.02565
  97.    13   D 1 - 2 S 3 - 4 ; D 1 - 2 ; D 1  END                                      0.0257   -0.02565
  98.   199   D 1 - 2 S 3 ; D 1 S 3 ; D 1 S 2 ; S 1  END                                0.0254   -0.02227 -0.01223
  99.   375   D 1 S 2 D 3 ; D 1 S 2 ; D 1 S 2 ; S 1  END                                0.0254   -0.02227 -0.01223
 100.   378   D 1 S 2 - 3 ; D 1 S 2 S 4 ; D 1 ; S 1 - 2  END                            0.0254   -0.00045 -0.00880 -0.02246 -0.00060
                                                                                                 -0.00794




 POSITION OF FIRST SPIN COUPLING FOR TEN MOST IMPORTANT CONFIGURATIONS
       8      4     54    112    104     42     96     50    132     57



 ********************************
 RESULTS FOR ROOT   03
 TOTAL CI ENERGY =   -126.3591286
 ********************************

       CONF.                                                                           COEFF.
        NO.        SPACE ORBITAL PRODUCTS                                             CONTRIB.      CI COEFFICIENTS

       -----       ----------------------                                             --------   ---------------------
   1.     3   D 1 - 2 ; D 1 - 2 ; S 1 - 2 ; D 1  END                                    0.5688   -0.56883
   2.     2   D 1 - 2 ; D 1 - 2 ; D 1 ; S 1 - 2  END                                    0.5688   -0.56882
   3.    33   D 1 - 2 S 3 ; D 1 S 2 ; D 1 S 2 ; S 1  END                                0.1682    0.02282  0.16668
   4.    37   D 1 - 2 S 3 ; D 1 S 2 ; S 1 ; D 1 S 2  END                                0.1659   -0.02440  0.16408
   5.    12   D 1 - 3 ; D 1 - 2 ; D 1  END                                              0.1318    0.13177
   6.    47   D 1 - 2 ; D 1 ; D 1 - 2 ; D 1  END                                        0.1318    0.13177
   7.    25   D 1 - 3 ; D 1 - 2 ; ; D 1  END                                            0.1316   -0.13157
   8.    48   D 1 - 2 ; D 1 ; D 1 ; D 1 - 2  END                                        0.1316   -0.13157
   9.    53   D 1 - 2 S 3 ; S 1 D 2 ; S 1 ; D 1 S 2  END                                0.0989   -0.08098  0.05674
  10.    38   D 1 - 2 S 4 ; D 1 S 2 ; S 1 ; D 1 S 2  END                                0.0989    0.08098 -0.05674
  11.    34   D 1 - 2 S 4 ; D 1 S 2 ; D 1 S 2 ; S 1  END                                0.0966   -0.07685 -0.05854
  12.    49   D 1 - 2 S 3 ; S 1 D 2 ; D 1 S 2 ; S 1  END                                0.0966    0.07685  0.05854
  13.    26   D 1 - 2 S 3 - 4 ; D 1 - 2 ; ; D 1  END                                    0.0831   -0.08309
  14.    64   D 1 - 2 ; S 1 - 2 ; D 1 ; D 1 - 2  END                                    0.0831   -0.08309
  15.    63   D 1 - 2 ; S 1 - 2 ; D 1 - 2 ; D 1  END                                    0.0820    0.08204
  16.    13   D 1 - 2 S 3 - 4 ; D 1 - 2 ; D 1  END                                      0.0820    0.08204
  17.    79   D 1 S 2 ; D 1 - 2 S 3 ; S 1 ; D 1 S 2  END                                0.0629   -0.04642 -0.04250
  18.    75   D 1 S 2 ; D 1 - 2 S 3 ; D 1 S 2 ; S 1  END                                0.0611    0.04447 -0.04189
  19.   388   D 1 S 2 - 3 ; D 1 S 2 - 3 ; S 1 - 2 ; D 1  END                            0.0598   -0.00144  0.01365 -0.00904  0.04936
                                                                                                  0.02957
  20.   377   D 1 S 2 - 3 ; D 1 S 2 - 3 ; D 1 ; S 1 - 2  END                            0.0598   -0.00143  0.01364 -0.00905  0.04936
                                                                                                  0.02957
  21.    32   D 1 - 2 ; D 1 - 2 ; ; D 1 - 2  END                                        0.0507    0.05067
  22.    18   D 1 - 2 ; D 1 - 2 ; D 1 - 2  END                                          0.0456   -0.04559
  23.    76   D 1 S 2 ; D 1 - 2 S 4 ; D 1 S 2 ; S 1  END                                0.0444    0.04422 -0.00376
  24.   101   S 1 D 2 ; D 1 - 2 S 3 ; D 1 S 2 ; S 1  END                                0.0444    0.04422 -0.00376
  25.   105   S 1 D 2 ; D 1 - 2 S 3 ; S 1 ; D 1 S 2  END                                0.0440   -0.04375 -0.00427
  26.    80   D 1 S 2 ; D 1 - 2 S 4 ; S 1 ; D 1 S 2  END                                0.0440   -0.04375 -0.00427
  27.    28   D 1 - 2 ; D 1 - 3 ; ; D 1  END                                            0.0439    0.04393
  28.    98   D 1 ; D 1 - 2 ; D 1 ; D 1 - 2  END                                        0.0439    0.04393
  29.    97   D 1 ; D 1 - 2 ; D 1 - 2 ; D 1  END                                        0.0436   -0.04359
  30.    15   D 1 - 2 ; D 1 - 3 ; D 1  END                                              0.0436   -0.04359
  31.   103   S 1 D 2 S 3 ; D 1 - 2 ; S 1 - 2 ; D 1  END                                0.0401    0.01285  0.03796
  32.    36   D 1 - 2 ; D 1 S 2 S 4 ; D 1 ; S 1 - 2  END                                0.0401   -0.01285 -0.03796
  33.   218   D 1 - 2 ; D 1 ; S 1 - 2 ; D 1 - 2  END                                    0.0397    0.03972
  34.   144   D 1 - 3 ; D 1 - 2 ; ; S 1 - 2  END                                        0.0397    0.03972
  35.    40   D 1 - 2 ; D 1 S 2 S 4 ; S 1 - 2 ; D 1  END                                0.0396   -0.01424 -0.03690
  36.    99   S 1 D 2 S 3 ; D 1 - 2 ; D 1 ; S 1 - 2  END                                0.0396    0.01424  0.03690
  37.    21   D 1 - 2 S 3 ; D 1 - 2 S 4 ; S 1 ; S 1  END                                0.0392    0.03921  0.00042
  38.   111   S 1 D 2 ; D 1 S 2 ; D 1 S 2 ; D 1 S 2  END                                0.0392   -0.03921 -0.00042
  39.   133   D 1 - 3 ; D 1 - 2 ; S 1 - 2  END                                          0.0385    0.03848
  40.   207   D 1 - 2 ; D 1 ; D 1 - 2 ; S 1 - 2  END                                    0.0385    0.03848
  41.   567   S 1 D 2 S 3 ; D 1 S 2 S 4 ; S 1 - 2 ; D 1  END                            0.0360    0.00325  0.00170  0.00200  0.02770
                                                                                                  0.02257
  42.   556   S 1 D 2 S 3 ; D 1 S 2 S 4 ; D 1 ; S 1 - 2  END                            0.0360    0.00351  0.00151  0.00167  0.02770
                                                                                                  0.02257
  43.    73   D 1 S 2 - 3 ; D 1 - 2 ; D 1 ; S 1 - 2  END                                0.0348    0.00418 -0.03450
  44.    39   D 1 - 2 ; D 1 S 2 - 3 ; S 1 - 2 ; D 1  END                                0.0348   -0.00418  0.03450
  45.   273   D 1 - 2 S 3 - 4 ; S 1 - 2 ; S 1 - 2 ; D 1  END                            0.0339    0.01007  0.01340  0.00073 -0.00293
                                                                                                  0.02928
  46.   262   D 1 - 2 S 3 - 4 ; S 1 - 2 ; D 1 ; S 1 - 2  END                            0.0339    0.01027  0.01326  0.00048 -0.00293
                                                                                                  0.02928
  47.    77   D 1 S 2 - 3 ; D 1 - 2 ; S 1 - 2 ; D 1  END                                0.0337    0.00120 -0.03372
  48.    35   D 1 - 2 ; D 1 S 2 - 3 ; D 1 ; S 1 - 2  END                                0.0337   -0.00120  0.03372
  49.   215   D 1 - 2 ; D 1 D 3 ; S 1 - 2 ; D 1  END                                    0.0336    0.03360
  50.   461   D 1 D 3 ; D 1 - 2 ; D 1 ; S 1 - 2  END                                    0.0336    0.03360
  51.   472   D 1 D 3 ; D 1 - 2 ; S 1 - 2 ; D 1  END                                    0.0335    0.03352
  52.   204   D 1 - 2 ; D 1 D 3 ; D 1 ; S 1 - 2  END                                    0.0335    0.03352
  53.   658   S 1 - 2 ; D 1 - 2 S 3 - 4 ; S 1 - 2 ; D 1  END                            0.0334   -0.00092  0.00162 -0.00163 -0.00136
                                                                                                 -0.03327
  54.   647   S 1 - 2 ; D 1 - 2 S 3 - 4 ; D 1 ; S 1 - 2  END                            0.0334   -0.00087  0.00159 -0.00169 -0.00136
                                                                                                 -0.03327
  55.   532   S 1 D 2 S 4 ; D 1 - 2 ; S 1 - 2 ; S 1 - 2  END                            0.0307   -0.01831  0.01130 -0.00014  0.02187
                                                                                                 -0.00032
  56.   246   D 1 - 2 ; S 1 D 2 S 4 ; S 1 - 2 ; S 1 - 2  END                            0.0307    0.01708 -0.01372 -0.00014 -0.02147
                                                                                                 -0.00032
  57.   261   D 1 - 3 ; S 1 - 2 ; D 1 ; S 1 - 2  END                                    0.0301   -0.01778 -0.02425
  58.   209   D 1 - 2 S 3 - 4 ; D 1 ; S 1 - 2 ; D 1  END                                0.0301   -0.01778 -0.02425
  59.   427   D 1 S 2 S 4 ; S 1 D 2 S 3 ; S 1 - 2 ; D 1  END                            0.0300   -0.00133 -0.00120 -0.00041 -0.02350
                                                                                                 -0.01848
  60.   416   D 1 S 2 S 4 ; S 1 D 2 S 3 ; D 1 ; S 1 - 2  END                            0.0300   -0.00134 -0.00120 -0.00040 -0.02350
                                                                                                 -0.01848
  61.   282   D 1 - 2 ; S 1 - 2 ; S 1 - 2 ; D 1 - 2  END                                0.0293    0.00613  0.02868
  62.   145   D 1 - 2 S 3 - 4 ; D 1 - 2 ; ; S 1 - 2  END                                0.0293    0.00613  0.02868
  63.   272   D 1 - 3 ; S 1 - 2 ; S 1 - 2 ; D 1  END                                    0.0292   -0.01742 -0.02348
  64.   198   D 1 - 2 S 3 - 4 ; D 1 ; D 1 ; S 1 - 2  END                                0.0292   -0.01742 -0.02348
  65.   134   D 1 - 2 S 3 - 4 ; D 1 - 2 ; S 1 - 2  END                                  0.0288    0.00591  0.02821
  66.   271   D 1 - 2 ; S 1 - 2 ; D 1 - 2 ; S 1 - 2  END                                0.0288    0.00591  0.02821
  67.   187   D 1 - 2 S 3 ; D 1 S 2 ; S 2 ; D 1 S 2  END                                0.0285   -0.02147  0.01868
  68.   175   D 1 - 2 S 3 ; D 1 S 2 ; S 1 ; S 1 D 2  END                                0.0285    0.02147 -0.01868
  69.   169   D 1 - 3 S 4 ; D 1 S 2 ; S 1 ; S 1  END                                    0.0284   -0.02837  0.00036
  70.   287   D 1 - 2 S 3 ; S 1 ; D 1 S 2 ; D 1 S 2  END                                0.0284   -0.02837  0.00036
  71.   425   D 1 S 2 - 3 ; S 1 D 2 S 4 ; S 1 - 2 ; D 1  END                            0.0283   -0.00042  0.00205 -0.00313 -0.02320
                                                                                                 -0.01567
  72.   558   S 1 D 2 S 4 ; D 1 S 2 - 3 ; D 1 ; S 1 - 2  END                            0.0283    0.00173 -0.00298  0.00153  0.02320
                                                                                                  0.01567
  73.   569   S 1 D 2 S 4 ; D 1 S 2 - 3 ; S 1 - 2 ; D 1  END                            0.0281    0.00155 -0.00271  0.00204  0.02319
                                                                                                  0.01549
  74.   414   D 1 S 2 - 3 ; S 1 D 2 S 4 ; D 1 ; S 1 - 2  END                            0.0281   -0.00091  0.00225 -0.00283 -0.02319
                                                                                                 -0.01549
  75.   159   D 1 - 2 S 3 ; D 1 S 2 ; D 1 S 2 ; S 2  END                                0.0273   -0.02007 -0.01853
  76.   174   D 1 - 2 S 3 ; D 1 S 2 ; S 1 D 2 ; S 1  END                                0.0273    0.02007  0.01853
  77.   479   D 1 ; D 1 - 3 ; S 1 - 2 ; D 1  END                                        0.0268    0.02678
  78.   468   D 1 ; D 1 - 3 ; D 1 ; S 1 - 2  END                                        0.0268    0.02678
  79.   181   D 1 - 2 ; D 1 S 2 - 3 ; S 1 - 2 ; S 1 - 2  END                            0.0252   -0.01588  0.00936 -0.00003  0.01712
                                                                                                  0.00056
  80.   351   D 1 S 2 - 3 ; D 1 - 2 ; S 1 - 2 ; S 1 - 2  END                            0.0252   -0.01310  0.01113  0.00003  0.01837
                                                                                                 -0.00056
  81.   157   D 1 - 2 S 3 - 4 ; D 1 S 2 - 3 ; D 1  END                                  0.0246   -0.01690 -0.01789
  82.   438   D 1 S 2 - 3 ; S 1 - 2 ; D 1 - 2 ; D 1  END                                0.0246    0.01690  0.01789
  83.   439   D 1 S 2 - 3 ; S 1 - 2 ; D 1 ; D 1 - 2  END                                0.0244   -0.01651 -0.01803
  84.   185   D 1 - 2 S 3 - 4 ; D 1 S 2 - 3 ; ; D 1  END                                0.0244    0.01651  0.01803
  85.    85   D 1 S 2 ; D 1 S 2 ; D 1 S 2 ; D 1 S 2  END                                0.0244   -0.02441  0.00032
  86.    20   D 1 - 2 S 3 ; D 1 - 2 S 3 ; S 1 ; S 1  END                                0.0244    0.02441 -0.00032
  87.   254   D 1 - 2 S 4 ; S 1 D 2 ; S 2 ; D 1 S 2  END                                0.0242    0.01972 -0.01398
  88.   244   D 1 - 2 S 4 ; S 1 D 2 ; S 1 ; S 1 D 2  END                                0.0242   -0.01972  0.01398
  89.   602   S 1 D 2 S 3 ; S 1 D 2 S 3 ; S 1 - 2 ; D 1  END                            0.0240   -0.00160  0.00255 -0.00144 -0.01794
                                                                                                 -0.01561
  90.   381   D 1 S 2 S 4 ; D 1 S 2 S 4 ; D 1 ; S 1 - 2  END                            0.0240    0.00051 -0.00177  0.00278  0.01794
                                                                                                  0.01561
  91.   392   D 1 S 2 S 4 ; D 1 S 2 S 4 ; S 1 - 2 ; D 1  END                            0.0240    0.00047 -0.00166  0.00305  0.01789
                                                                                                  0.01560
  92.   591   S 1 D 2 S 3 ; S 1 D 2 S 3 ; D 1 ; S 1 - 2  END                            0.0240   -0.00186  0.00265 -0.00134 -0.01789
                                                                                                 -0.01560
  93.   243   D 1 - 2 S 4 ; S 1 D 2 ; S 1 D 2 ; S 1  END                                0.0239   -0.01933 -0.01404
  94.   226   D 1 - 2 S 4 ; S 1 D 2 ; D 1 S 2 ; S 2  END                                0.0239    0.01933  0.01404
  95.   223   D 1 - 2 S 3 ; S 1 D 2 ; D 1 S 2 ; S 2  END                                0.0236    0.00407 -0.02324
  96.   179   D 1 - 2 S 4 ; D 1 S 2 ; S 1 D 2 ; S 1  END                                0.0236    0.00407 -0.02324
  97.   251   D 1 - 2 S 3 ; S 1 D 2 ; S 2 ; D 1 S 2  END                                0.0236    0.00450  0.02314
  98.   180   D 1 - 2 S 4 ; D 1 S 2 ; S 1 ; S 1 D 2  END                                0.0236    0.00450  0.02314
  99.   280   D 1 - 2 ; S 1 - 4 ; S 1 - 2 ; D 1  END                                    0.0222    0.00000 -0.00057 -0.00055  0.00361
                                                                                                  0.02191
 100.   640   S 1 - 4 ; D 1 - 2 ; D 1 ; S 1 - 2  END                                    0.0222    0.00072  0.00006 -0.00033 -0.00361
                                                                                                 -0.02191




 POSITION OF FIRST SPIN COUPLING FOR TEN MOST IMPORTANT CONFIGURATIONS
       3      2     38     46     12     60     30     61     70     48



 ********************************
 RESULTS FOR ROOT   04
 TOTAL CI ENERGY =   -126.1681445
 ********************************

       CONF.                                                                           COEFF.
        NO.        SPACE ORBITAL PRODUCTS                                             CONTRIB.      CI COEFFICIENTS

       -----       ----------------------                                             --------   ---------------------
   1.    37   D 1 - 2 S 3 ; D 1 S 2 ; S 1 ; D 1 S 2  END                                0.3383    0.33491 -0.04777
   2.    33   D 1 - 2 S 3 ; D 1 S 2 ; D 1 S 2 ; S 1  END                                0.3380    0.33509  0.04457
   3.     5   D 1 - 2 ; D 1 S 2 S 4 ; D 1 ; D 1  END                                    0.2947   -0.29471
   4.    10   S 1 D 2 S 3 ; D 1 - 2 ; D 1 ; D 1  END                                    0.2947    0.29471
   5.    24   D 1 - 2 ; D 1 - 2 ; S 1 - 2 ; S 1 - 2  END                                0.1837    0.05310 -0.17582
   6.    18   D 1 - 2 ; D 1 - 2 ; D 1 - 2  END                                          0.1740    0.17405
   7.    32   D 1 - 2 ; D 1 - 2 ; ; D 1 - 2  END                                        0.1738    0.17379
   8.     8   D 1 S 2 - 3 ; D 1 - 2 ; D 1 ; D 1  END                                    0.1513    0.15129
   9.     4   D 1 - 2 ; D 1 S 2 - 3 ; D 1 ; D 1  END                                    0.1513   -0.15129
  10.    44   D 1 - 2 ; D 1 D 3 ; D 1 ; D 1  END                                        0.1435   -0.14348
  11.    91   D 1 D 3 ; D 1 - 2 ; D 1 ; D 1  END                                        0.1435   -0.14348
  12.    75   D 1 S 2 ; D 1 - 2 S 3 ; D 1 S 2 ; S 1  END                                0.1397   -0.13952  0.00778
  13.    79   D 1 S 2 ; D 1 - 2 S 3 ; S 1 ; D 1 S 2  END                                0.1388   -0.13862 -0.00753
  14.    81   D 1 S 2 - 3 ; D 1 S 2 - 3 ; D 1 ; D 1  END                                0.1357   -0.13513  0.01210
  15.    31   D 1 - 2 ; D 1 - 2 ; D 2 ; D 1  END                                        0.1337   -0.13366
  16.    19   D 1 - 2 ; D 1 - 2 ; D 1 ; D 2  END                                        0.1337   -0.13366
  17.     9   D 1 S 2 S 4 ; D 1 - 2 ; D 1 ; D 1  END                                    0.1243   -0.12432
  18.     6   D 1 - 2 ; S 1 D 2 S 3 ; D 1 ; D 1  END                                    0.1243   -0.12432
  19.    41   D 1 - 3 ; D 1 ; D 1 ; D 1  END                                            0.1050    0.10504
  20.    57   D 1 - 3 ; S 1 - 2 ; D 1 ; D 1  END                                        0.0850    0.08504
  21.    42   D 1 - 2 S 3 - 4 ; D 1 ; D 1 ; D 1  END                                    0.0850    0.08504
  22.    39   D 1 - 2 ; D 1 S 2 - 3 ; S 1 - 2 ; D 1  END                                0.0785   -0.06945  0.03668
  23.    73   D 1 S 2 - 3 ; D 1 - 2 ; D 1 ; S 1 - 2  END                                0.0785    0.06944 -0.03668
  24.    35   D 1 - 2 ; D 1 S 2 - 3 ; D 1 ; S 1 - 2  END                                0.0784    0.06930 -0.03670
  25.    77   D 1 S 2 - 3 ; D 1 - 2 ; S 1 - 2 ; D 1  END                                0.0784   -0.06930  0.03671
  26.    58   D 1 - 2 S 3 - 4 ; S 1 - 2 ; D 1 ; D 1  END                                0.0783    0.02306  0.07486
  27.     1   D 1 - 2 ; D 1 - 2 ; D 1 ; D 1  END                                        0.0667    0.06668
  28.    85   D 1 S 2 ; D 1 S 2 ; D 1 S 2 ; D 1 S 2  END                                0.0619    0.00103  0.06187
  29.    20   D 1 - 2 S 3 ; D 1 - 2 S 3 ; S 1 ; S 1  END                                0.0619   -0.00103 -0.06187
  30.    50   D 1 - 2 S 4 ; S 1 D 2 ; D 1 S 2 ; S 1  END                                0.0618   -0.05787  0.02154
  31.    54   D 1 - 2 S 4 ; S 1 D 2 ; S 1 ; D 1 S 2  END                                0.0615   -0.05743 -0.02201
  32.   117   S 1 - 2 D 3 ; D 1 - 2 ; D 1 ; D 1  END                                    0.0606    0.06058
  33.    45   D 1 - 2 ; D 1 S 3 - 4 ; D 1 ; D 1  END                                    0.0606   -0.06058
  34.   104   S 1 D 2 S 4 ; D 1 - 2 ; S 1 - 2 ; D 1  END                                0.0583   -0.05219 -0.02591
  35.    52   D 1 - 2 ; S 1 D 2 S 4 ; D 1 ; S 1 - 2  END                                0.0583   -0.05219 -0.02591
  36.   100   S 1 D 2 S 4 ; D 1 - 2 ; D 1 ; S 1 - 2  END                                0.0578    0.05178  0.02560
  37.    56   D 1 - 2 ; S 1 D 2 S 4 ; S 1 - 2 ; D 1  END                                0.0578    0.05178  0.02560
  38.   804   D 1 - 2 S 3 ; D 1 S 2 ; S 1 D 2 ; S 2  END                                0.0557   -0.05541  0.00529
  39.   824   D 1 - 2 S 3 ; D 1 S 2 ; S 2 ; S 1 D 2  END                                0.0555   -0.05521 -0.00562
  40.   108   S 1 D 2 S 3 ; D 1 S 2 S 4 ; D 1 ; D 1  END                                0.0539    0.02737  0.04645
  41.    99   S 1 D 2 S 3 ; D 1 - 2 ; D 1 ; S 1 - 2  END                                0.0529   -0.05240 -0.00710
  42.    40   D 1 - 2 ; D 1 S 2 S 4 ; S 1 - 2 ; D 1  END                                0.0529    0.05240  0.00710
  43.    36   D 1 - 2 ; D 1 S 2 S 4 ; D 1 ; S 1 - 2  END                                0.0529   -0.05260 -0.00542
  44.   103   S 1 D 2 S 3 ; D 1 - 2 ; S 1 - 2 ; D 1  END                                0.0529    0.05260  0.00542
  45.   107   S 1 D 2 S 3 ; D 1 S 2 - 3 ; D 1 ; D 1  END                                0.0480    0.04797 -0.00234
  46.    82   D 1 S 2 - 3 ; D 1 S 2 S 4 ; D 1 ; D 1  END                                0.0480    0.04797 -0.00234
  47.   116   S 1 D 2 ; S 1 D 2 ; D 1 S 2 ; D 1 S 2  END                                0.0457    0.00053  0.04573
  48.    23   D 1 - 2 S 4 ; D 1 - 2 S 4 ; S 1 ; S 1  END                                0.0457    0.00053  0.04573
  49.   986   D 1 - 2 S 3 - 4 ; S 1 - 2 ; S 1 - 2 ; S 1 - 2  END                        0.0456    0.03517 -0.00228 -0.00433  0.00070
                                                                                                  0.00158  0.00315 -0.00058  0.00068
                                                                                                  0.00883 -0.00271 -0.00540  0.00082
                                                                                                  0.00915  0.02453
  50.   106   S 1 D 2 ; D 1 - 2 S 4 ; S 1 ; D 1 S 2  END                                0.0452   -0.03810  0.02429
  51.   865   D 1 - 3 ; D 1 ; S 1 - 2 ; S 1 - 2  END                                    0.0446    0.01599  0.04168
  52.   102   S 1 D 2 ; D 1 - 2 S 4 ; D 1 S 2 ; S 1  END                                0.0444   -0.03722 -0.02429
  53.   890   D 1 - 3 ; D 1 ; ; D 1 - 2  END                                            0.0435   -0.04355
  54.  1290   D 1 S 2 - 3 ; D 1 S 2 - 3 ; S 1 - 2 ; S 1 - 2  END                        0.0422    0.02864  0.00237 -0.00230  0.00303
                                                                                                 -0.00147  0.00175 -0.00204 -0.01519
                                                                                                  0.00319  0.00255 -0.00272  0.00394
                                                                                                  0.01326  0.02208
  55.   839   D 1 - 3 ; D 1 ; D 1 - 2  END                                              0.0422   -0.04221
  56.   376   D 1 S 2 - 4 ; D 1 S 2 ; D 1 S 2 ; S 1  END                                0.0411    0.02655 -0.02100  0.02184 -0.00631
                                                                                                  0.00531
  57.   263   D 1 - 2 S 3 ; S 1 - 3 ; D 1 S 2 ; S 1  END                                0.0411    0.01678 -0.01409  0.03381 -0.00631
                                                                                                  0.00531
  58.    84   D 1 S 2 S 4 ; D 1 S 2 S 4 ; D 1 ; D 1  END                                0.0411    0.03617  0.01944
  59.   112   S 1 D 2 S 3 ; S 1 D 2 S 3 ; D 1 ; D 1  END                                0.0411   -0.03617 -0.01944
  60.   529   S 1 D 2 S 3 ; D 1 - 2 ; S 1 - 2 ; S 1 - 2  END                            0.0410    0.00727 -0.00481  0.02841  0.00821
                                                                                                  0.02701
  61.   182   D 1 - 2 ; D 1 S 2 S 4 ; S 1 - 2 ; S 1 - 2  END                            0.0410   -0.00686  0.00452 -0.02841 -0.00872
                                                                                                 -0.02701
  62.   387   D 1 S 2 - 4 ; D 1 S 2 ; S 1 ; D 1 S 2  END                                0.0409    0.02645 -0.02103  0.02154  0.00601
                                                                                                 -0.00525
  63.   274   D 1 - 2 S 3 ; S 1 - 3 ; S 1 ; D 1 S 2  END                                0.0409    0.01649 -0.01399  0.03374  0.00601
                                                                                                 -0.00525
  64.    88   D 1 S 2 S 4 ; S 1 D 2 S 3 ; D 1 ; D 1  END                                0.0392   -0.02721 -0.02825
  65.    25   D 1 - 3 ; D 1 - 2 ; ; D 1  END                                            0.0374    0.03741
  66.    48   D 1 - 2 ; D 1 ; D 1 ; D 1 - 2  END                                        0.0374    0.03741
  67.    74   D 1 S 2 S 4 ; D 1 - 2 ; D 1 ; S 1 - 2  END                                0.0364    0.03416  0.01256
  68.    55   D 1 - 2 ; S 1 D 2 S 3 ; S 1 - 2 ; D 1  END                                0.0364    0.03416  0.01256
  69.    78   D 1 S 2 S 4 ; D 1 - 2 ; S 1 - 2 ; D 1  END                                0.0363   -0.03422 -0.01207
  70.    51   D 1 - 2 ; S 1 D 2 S 3 ; D 1 ; S 1 - 2  END                                0.0363   -0.03422 -0.01207
  71.    47   D 1 - 2 ; D 1 ; D 1 - 2 ; D 1  END                                        0.0359    0.03587
  72.    12   D 1 - 3 ; D 1 - 2 ; D 1  END                                              0.0359    0.03587
  73.    61   D 1 - 2 ; S 1 - 4 ; D 1 ; D 1  END                                        0.0345   -0.03344 -0.00841
  74.   118   S 1 - 4 ; D 1 - 2 ; D 1 ; D 1  END                                        0.0345    0.03344  0.00841
  75.  1881   S 1 D 2 S 3 ; D 1 S 2 S 4 ; S 1 - 2 ; S 1 - 2  END                        0.0338    0.02303  0.00288  0.00074  0.00184
                                                                                                 -0.00195 -0.00058 -0.00119  0.00150
                                                                                                  0.00576  0.00339  0.00100  0.00229
                                                                                                  0.01386  0.01870
  76.   109   S 1 D 2 S 4 ; D 1 S 2 - 3 ; D 1 ; D 1  END                                0.0328   -0.02302  0.02331
  77.    87   D 1 S 2 - 3 ; S 1 D 2 S 4 ; D 1 ; D 1  END                                0.0328    0.02302 -0.02331
  78.  1465   D 1 S 2 - 4 ; S 1 - 3 ; S 1 ; D 1 S 2  END                                0.0325   -0.00208  0.01370  0.00550  0.01370
                                                                                                  0.00721  0.01164 -0.00695 -0.01819
                                                                                                  0.00702  0.00383 -0.00306 -0.00121
                                                                                                 -0.00121  0.00177
  79.  1445   D 1 S 2 - 4 ; S 1 - 3 ; D 1 S 2 ; S 1  END                                0.0325   -0.00201  0.01367  0.00546  0.01369
                                                                                                  0.00721  0.01173 -0.00704 -0.01814
                                                                                                  0.00705 -0.00388  0.00304  0.00115
                                                                                                  0.00115 -0.00171
  80.   121   S 1 - 2 ; D 1 - 2 S 3 - 4 ; D 1 ; D 1  END                                0.0320    0.00012 -0.03204
  81.  1330   D 1 S 2 D 3 ; D 1 S 3 ; D 1 S 2 ; S 1  END                                0.0313    0.03117 -0.00280
  82.  1350   D 1 S 2 D 3 ; D 1 S 3 ; S 1 ; D 1 S 2  END                                0.0312    0.03106  0.00301
  83.   484   D 1 D 3 ; D 1 S 2 S 4 ; D 1 ; D 1  END                                    0.0311    0.03106
  84.   577   S 1 D 2 S 3 ; D 1 D 3 ; D 1 ; D 1  END                                    0.0311   -0.03106
  85.  1013   D 1 - 2 S 3 - 4 ; S 1 - 2 ; ; D 1 - 2  END                                0.0269   -0.00685 -0.02603
  86.   272   D 1 - 3 ; S 1 - 2 ; S 1 - 2 ; D 1  END                                    0.0268    0.02595  0.00674
  87.   198   D 1 - 2 S 3 - 4 ; D 1 ; D 1 ; S 1 - 2  END                                0.0268    0.02595  0.00674
  88.    94   D 1 ; D 1 - 3 ; D 1 ; D 1  END                                            0.0266    0.02664
  89.   209   D 1 - 2 S 3 - 4 ; D 1 ; S 1 - 2 ; D 1  END                                0.0266   -0.02588 -0.00615
  90.   261   D 1 - 3 ; S 1 - 2 ; D 1 ; S 1 - 2  END                                    0.0266   -0.02588 -0.00615
  91.   962   D 1 - 2 S 3 - 4 ; S 1 - 2 ; D 1 - 2  END                                  0.0265   -0.00680 -0.02565
  92.  2260   S 1 - 3 ; D 1 S 2 - 4 ; S 1 ; D 1 S 2  END                                0.0264    0.00117  0.00684  0.00533  0.02064
                                                                                                  0.00077  0.00519 -0.00961 -0.00615
                                                                                                  0.00341 -0.00434 -0.00019  0.00150
                                                                                                  0.00150 -0.00122
  93.  2240   S 1 - 3 ; D 1 S 2 - 4 ; D 1 S 2 ; S 1  END                                0.0264    0.00116  0.00698  0.00535  0.02063
                                                                                                  0.00069  0.00512 -0.00943 -0.00615
                                                                                                  0.00351  0.00439  0.00020 -0.00146
                                                                                                 -0.00146  0.00113
  94.  1255   D 1 S 2 ; D 1 - 2 S 3 ; S 2 ; S 1 D 2  END                                0.0263    0.02632 -0.00106
  95.  1235   D 1 S 2 ; D 1 - 2 S 3 ; S 1 D 2 ; S 2  END                                0.0263    0.02626  0.00121
  96.  1316   D 1 S 2 - 3 ; D 1 S 2 - 3 ; ; D 1 - 2  END                                0.0258   -0.01188 -0.02292
  97.  1265   D 1 S 2 - 3 ; D 1 S 2 - 3 ; D 1 - 2  END                                  0.0257   -0.01188 -0.02282
  98.   661   S 1 - 2 D 3 ; D 1 S 2 - 3 ; D 1 ; D 1  END                                0.0252    0.02519  0.00056
  99.   400   D 1 S 2 - 3 ; D 1 S 3 - 4 ; D 1 ; D 1  END                                0.0252    0.02519  0.00056
 100.   196   D 1 - 2 ; D 1 S 2 S 4 ; ; D 1 - 2  END                                    0.0249    0.02488




 POSITION OF FIRST SPIN COUPLING FOR TEN MOST IMPORTANT CONFIGURATIONS
      46     38      5     10     28     18     37      8      4     57



 ********************************
 RESULTS FOR ROOT   05
 TOTAL CI ENERGY =   -125.6895441
 ********************************

       CONF.                                                                           COEFF.
        NO.        SPACE ORBITAL PRODUCTS                                             CONTRIB.      CI COEFFICIENTS

       -----       ----------------------                                             --------   ---------------------
   1.     4   D 1 - 2 ; D 1 S 2 - 3 ; D 1 ; D 1  END                                    0.5438    0.54379
   2.     8   D 1 S 2 - 3 ; D 1 - 2 ; D 1 ; D 1  END                                    0.5438    0.54378
   3.     2   D 1 - 2 ; D 1 - 2 ; D 1 ; S 1 - 2  END                                    0.3191   -0.31910
   4.     3   D 1 - 2 ; D 1 - 2 ; S 1 - 2 ; D 1  END                                    0.3191    0.31909
   5.     7   D 1 - 2 ; S 1 D 2 S 4 ; D 1 ; D 1  END                                    0.0842    0.08423
   6.    11   S 1 D 2 S 4 ; D 1 - 2 ; D 1 ; D 1  END                                    0.0842   -0.08423
   7.    35   D 1 - 2 ; D 1 S 2 - 3 ; D 1 ; S 1 - 2  END                                0.0817    0.07764  0.02555
   8.    77   D 1 S 2 - 3 ; D 1 - 2 ; S 1 - 2 ; D 1  END                                0.0817    0.07764  0.02555
   9.    73   D 1 S 2 - 3 ; D 1 - 2 ; D 1 ; S 1 - 2  END                                0.0785   -0.07334 -0.02796
  10.    39   D 1 - 2 ; D 1 S 2 - 3 ; S 1 - 2 ; D 1  END                                0.0785   -0.07334 -0.02796
  11.     9   D 1 S 2 S 4 ; D 1 - 2 ; D 1 ; D 1  END                                    0.0742   -0.07422
  12.     6   D 1 - 2 ; S 1 D 2 S 3 ; D 1 ; D 1  END                                    0.0742    0.07422
  13.   181   D 1 - 2 ; D 1 S 2 - 3 ; S 1 - 2 ; S 1 - 2  END                            0.0725    0.01154 -0.00834  0.06388  0.01453
                                                                                                  0.02760
  14.   351   D 1 S 2 - 3 ; D 1 - 2 ; S 1 - 2 ; S 1 - 2  END                            0.0725    0.01178 -0.00851  0.06388  0.01424
                                                                                                  0.02760
  15.   483   D 1 D 3 ; D 1 S 2 - 3 ; D 1 ; D 1  END                                    0.0672   -0.06721
  16.   399   D 1 S 2 - 3 ; D 1 D 3 ; D 1 ; D 1  END                                    0.0672   -0.06721
  17.   377   D 1 S 2 - 3 ; D 1 S 2 - 3 ; D 1 ; S 1 - 2  END                            0.0584    0.02154 -0.02701  0.03541  0.02821
                                                                                                  0.01292
  18.   388   D 1 S 2 - 3 ; D 1 S 2 - 3 ; S 1 - 2 ; D 1  END                            0.0584   -0.02336  0.02830 -0.03318 -0.02821
                                                                                                 -0.01292
  19.    10   S 1 D 2 S 3 ; D 1 - 2 ; D 1 ; D 1  END                                    0.0474    0.04743
  20.     5   D 1 - 2 ; D 1 S 2 S 4 ; D 1 ; D 1  END                                    0.0474    0.04742
  21.   154   D 1 - 2 ; D 1 - 2 ; D 2 ; S 1 - 2  END                                    0.0458    0.04580
  22.   143   D 1 - 2 ; D 1 - 2 ; S 1 - 2 ; D 2  END                                    0.0458   -0.04580
  23.    78   D 1 S 2 S 4 ; D 1 - 2 ; S 1 - 2 ; D 1  END                                0.0389   -0.03182 -0.02240
  24.    51   D 1 - 2 ; S 1 D 2 S 3 ; D 1 ; S 1 - 2  END                                0.0389    0.03182  0.02240
  25.    55   D 1 - 2 ; S 1 D 2 S 3 ; S 1 - 2 ; D 1  END                                0.0386   -0.03041 -0.02377
  26.    74   D 1 S 2 S 4 ; D 1 - 2 ; D 1 ; S 1 - 2  END                                0.0386    0.03041  0.02377
  27.    42   D 1 - 2 S 3 - 4 ; D 1 ; D 1 ; D 1  END                                    0.0386   -0.03857
  28.    57   D 1 - 3 ; S 1 - 2 ; D 1 ; D 1  END                                        0.0386    0.03857
  29.   436   D 1 S 2 - 3 ; S 1 - 4 ; D 1 ; D 1  END                                    0.0385   -0.00443  0.01676 -0.00033 -0.01825
                                                                                                 -0.02910
  30.   663   S 1 - 4 ; D 1 S 2 - 3 ; D 1 ; D 1  END                                    0.0385    0.00443 -0.01676  0.01825  0.00033
                                                                                                  0.02910
  31.   117   S 1 - 2 D 3 ; D 1 - 2 ; D 1 ; D 1  END                                    0.0383   -0.03830
  32.    45   D 1 - 2 ; D 1 S 3 - 4 ; D 1 ; D 1  END                                    0.0383   -0.03830
  33.    25   D 1 - 3 ; D 1 - 2 ; ; D 1  END                                            0.0382    0.03822
  34.    48   D 1 - 2 ; D 1 ; D 1 ; D 1 - 2  END                                        0.0382   -0.03821
  35.    53   D 1 - 2 S 3 ; S 1 D 2 ; S 1 ; D 1 S 2  END                                0.0369   -0.03019  0.02121
  36.    38   D 1 - 2 S 4 ; D 1 S 2 ; S 1 ; D 1 S 2  END                                0.0369   -0.03019  0.02121
  37.    34   D 1 - 2 S 4 ; D 1 S 2 ; D 1 S 2 ; S 1  END                                0.0354   -0.02757 -0.02219
  38.    49   D 1 - 2 S 3 ; S 1 D 2 ; D 1 S 2 ; S 1  END                                0.0354   -0.02757 -0.02219
  39.    86   D 1 S 2 - 3 ; S 1 D 2 S 3 ; D 1 ; D 1  END                                0.0349    0.02197  0.02716
  40.    83   D 1 S 2 S 4 ; D 1 S 2 - 3 ; D 1 ; D 1  END                                0.0349    0.02197  0.02716
  41.   386   D 1 S 2 D 3 ; D 1 S 2 ; S 1 ; D 1 S 2  END                                0.0347   -0.03475 -0.00025
  42.   210   D 1 - 2 S 3 ; D 1 S 3 ; S 1 ; D 1 S 2  END                                0.0347    0.03475  0.00025
  43.    47   D 1 - 2 ; D 1 ; D 1 - 2 ; D 1  END                                        0.0347   -0.03473
  44.    12   D 1 - 3 ; D 1 - 2 ; D 1  END                                              0.0347    0.03473
  45.   166   D 1 - 2 ; D 1 S 2 - 3 ; D 1 ; D 2  END                                    0.0343   -0.03435
  46.   366   D 1 S 2 - 3 ; D 1 - 2 ; D 2 ; D 1  END                                    0.0343   -0.03435
  47.   367   D 1 S 2 - 3 ; D 1 - 2 ; ; D 1 - 2  END                                    0.0340   -0.03402
  48.   194   D 1 - 2 ; D 1 S 2 - 3 ; ; D 1 - 2  END                                    0.0340   -0.03402
  49.   193   D 1 - 2 ; D 1 S 2 - 3 ; D 2 ; D 1  END                                    0.0339   -0.03394
  50.   339   D 1 S 2 - 3 ; D 1 - 2 ; D 1 ; D 2  END                                    0.0339   -0.03394
  51.   165   D 1 - 2 ; D 1 S 2 - 3 ; D 1 - 2  END                                      0.0339   -0.03390
  52.   338   D 1 S 2 - 3 ; D 1 - 2 ; D 1 - 2  END                                      0.0339   -0.03390
  53.   375   D 1 S 2 D 3 ; D 1 S 2 ; D 1 S 2 ; S 1  END                                0.0324   -0.03233 -0.00107
  54.   199   D 1 - 2 S 3 ; D 1 S 3 ; D 1 S 2 ; S 1  END                                0.0323    0.03233  0.00107
  55.    40   D 1 - 2 ; D 1 S 2 S 4 ; S 1 - 2 ; D 1  END                                0.0295   -0.02133 -0.02044
  56.    99   S 1 D 2 S 3 ; D 1 - 2 ; D 1 ; S 1 - 2  END                                0.0295   -0.02133 -0.02045
  57.    36   D 1 - 2 ; D 1 S 2 S 4 ; D 1 ; S 1 - 2  END                                0.0295    0.02244  0.01909
  58.   103   S 1 D 2 S 3 ; D 1 - 2 ; S 1 - 2 ; D 1  END                                0.0295    0.02244  0.01909
  59.   423   D 1 S 2 - 4 ; S 1 D 2 ; S 1 ; D 1 S 2  END                                0.0293   -0.00556  0.00179  0.02673 -0.00317
                                                                                                 -0.01012
  60.   277   D 1 - 2 S 4 ; S 1 - 3 ; S 1 ; D 1 S 2  END                                0.0293    0.02081 -0.01686 -0.00557 -0.00317
                                                                                                 -0.01012
  61.   266   D 1 - 2 S 4 ; S 1 - 3 ; D 1 S 2 ; S 1  END                                0.0293    0.02100 -0.01662 -0.00541  0.00301
                                                                                                  0.01018
  62.   412   D 1 S 2 - 4 ; S 1 D 2 ; D 1 S 2 ; S 1  END                                0.0293   -0.00525  0.00194  0.02674  0.00301
                                                                                                  0.01018
  63.    76   D 1 S 2 ; D 1 - 2 S 4 ; D 1 S 2 ; S 1  END                                0.0291    0.02627 -0.01250
  64.   101   S 1 D 2 ; D 1 - 2 S 3 ; D 1 S 2 ; S 1  END                                0.0291   -0.02627  0.01250
  65.   414   D 1 S 2 - 3 ; S 1 D 2 S 4 ; D 1 ; S 1 - 2  END                            0.0290    0.00080 -0.00056 -0.02326 -0.00895
                                                                                                 -0.01476
  66.   569   S 1 D 2 S 4 ; D 1 S 2 - 3 ; S 1 - 2 ; D 1  END                            0.0290   -0.01899  0.01343  0.00097 -0.00895
                                                                                                 -0.01476
  67.   558   S 1 D 2 S 4 ; D 1 S 2 - 3 ; D 1 ; S 1 - 2  END                            0.0286    0.01850 -0.01337 -0.00090  0.00878
                                                                                                  0.01482
  68.   425   D 1 S 2 - 3 ; S 1 D 2 S 4 ; S 1 - 2 ; D 1  END                            0.0286   -0.00087  0.00033  0.02282  0.00878
                                                                                                  0.01482
  69.   662   S 1 - 2 D 3 ; D 1 S 2 S 4 ; D 1 ; D 1  END                                0.0286   -0.02289 -0.01712
  70.   578   S 1 D 2 S 3 ; D 1 S 3 - 4 ; D 1 ; D 1  END                                0.0286    0.02289  0.01712
  71.   433   D 1 S 2 D 3 S 4 ; S 1 - 2 ; D 1 ; D 1  END                                0.0285   -0.00156 -0.02843
  72.   285   D 1 - 2 S 3 - 4 ; S 1 S 3 ; D 1 ; D 1  END                                0.0285    0.00156  0.02843
  73.   105   S 1 D 2 ; D 1 - 2 S 3 ; S 1 ; D 1 S 2  END                                0.0281   -0.02454 -0.01366
  74.    80   D 1 S 2 ; D 1 - 2 S 4 ; S 1 ; D 1 S 2  END                                0.0281    0.02454  0.01366
  75.   197   D 1 - 3 ; D 1 ; D 1 ; S 1 - 2  END                                        0.0279    0.02787
  76.   208   D 1 - 3 ; D 1 ; S 1 - 2 ; D 1  END                                        0.0279   -0.02786
  77.   640   S 1 - 4 ; D 1 - 2 ; D 1 ; S 1 - 2  END                                    0.0276   -0.00261  0.01853 -0.01121  0.00685
                                                                                                 -0.01552
  78.   280   D 1 - 2 ; S 1 - 4 ; S 1 - 2 ; D 1  END                                    0.0276   -0.00129  0.01759 -0.01283  0.00685
                                                                                                 -0.01552
  79.   269   D 1 - 2 ; S 1 - 4 ; D 1 ; S 1 - 2  END                                    0.0276    0.00131 -0.01758  0.01283 -0.00685
                                                                                                  0.01541
  80.   651   S 1 - 4 ; D 1 - 2 ; S 1 - 2 ; D 1  END                                    0.0276    0.00263 -0.01851  0.01121 -0.00685
                                                                                                  0.01541
  81.   246   D 1 - 2 ; S 1 D 2 S 4 ; S 1 - 2 ; S 1 - 2  END                            0.0251   -0.01319  0.00931  0.00828 -0.01559
                                                                                                 -0.00757
  82.   532   S 1 D 2 S 4 ; D 1 - 2 ; S 1 - 2 ; S 1 - 2  END                            0.0251    0.01274 -0.00899 -0.00828  0.01615
                                                                                                  0.00757
  83.    21   D 1 - 2 S 3 ; D 1 - 2 S 4 ; S 1 ; S 1  END                                0.0241    0.00281  0.02390
  84.   111   S 1 D 2 ; D 1 S 2 ; D 1 S 2 ; D 1 S 2  END                                0.0241    0.00281  0.02390
  85.   440   D 1 S 2 S 4 ; S 1 - 2 D 3 ; D 1 ; D 1  END                                0.0240    0.02127  0.01115
  86.   499   D 1 S 3 - 4 ; S 1 D 2 S 3 ; D 1 ; D 1  END                                0.0240   -0.02127 -0.01115
  87.    82   D 1 S 2 - 3 ; D 1 S 2 S 4 ; D 1 ; D 1  END                                0.0238    0.00543  0.02321
  88.   107   S 1 D 2 S 3 ; D 1 S 2 - 3 ; D 1 ; D 1  END                                0.0238   -0.00543 -0.02321
  89.    60   D 1 - 2 ; S 1 - 2 D 3 ; D 1 ; D 1  END                                    0.0231    0.02312
  90.    92   D 1 S 3 - 4 ; D 1 - 2 ; D 1 ; D 1  END                                    0.0231   -0.02312
  91.   177   D 1 - 2 S 4 ; D 1 S 2 - 4 ; S 1 ; S 1  END                                0.0228    0.00012  0.00056 -0.00017  0.01955
                                                                                                 -0.01181
  92.   679   S 1 - 3 ; S 1 D 2 ; D 1 S 2 ; D 1 S 2  END                                0.0228    0.00017  0.00053 -0.00023  0.01955
                                                                                                 -0.01181
  93.   623   S 1 D 2 ; S 1 - 3 ; D 1 S 2 ; D 1 S 2  END                                0.0225    0.00035 -0.00021  0.00003 -0.00024
                                                                                                  0.02246
  94.   350   D 1 S 2 - 4 ; D 1 - 2 S 4 ; S 1 ; S 1  END                                0.0225    0.00004  0.00000  0.00041 -0.00024
                                                                                                  0.02246
  95.   118   S 1 - 4 ; D 1 - 2 ; D 1 ; D 1  END                                        0.0221   -0.00327 -0.02190
  96.    61   D 1 - 2 ; S 1 - 4 ; D 1 ; D 1  END                                        0.0221   -0.00327 -0.02190
  97.   187   D 1 - 2 S 3 ; D 1 S 2 ; S 2 ; D 1 S 2  END                                0.0216    0.02155  0.00046
  98.   175   D 1 - 2 S 3 ; D 1 S 2 ; S 1 ; S 1 D 2  END                                0.0216    0.02155  0.00046
  99.   485   D 1 S 3 - 4 ; D 1 S 2 - 3 ; D 1 ; D 1  END                                0.0215    0.01535  0.01505
 100.   435   D 1 S 2 - 3 ; S 1 - 2 D 3 ; D 1 ; D 1  END                                0.0215    0.01535  0.01505




 POSITION OF FIRST SPIN COUPLING FOR TEN MOST IMPORTANT CONFIGURATIONS
       4      8      2      3      7     11     42    104     96     50



 ELAPSED TIME =       0.50 CPU SECONDS. (      0.50 WALL CLOCK SECONDS)
