nohup: ignoring input

   CheMPS2: a spin-adapted implementation of DMRG for ab initio quantum chemistry
   Copyright (C) 2013-2016 Sebastian Wouters

   This program is free software; you can redistribute it and/or modify
   it under the terms of the GNU General Public License as published by
   the Free Software Foundation; either version 2 of the License, or
   (at your option) any later version.

   This program is distributed in the hope that it will be useful,
   but WITHOUT ANY WARRANTY; without even the implied warranty of
   MERCHANTABILITY or FITNESS FOR A PARTICULAR PURPOSE.  See the
   GNU General Public License for more details.

   You should have received a copy of the GNU General Public License along
   with this program; if not, write to the Free Software Foundation, Inc.,
   51 Franklin Street, Fifth Floor, Boston, MA 02110-1301 USA.

   Stats: nIt(DAVIDSON) = 18
Energy at sites (11, 12) is 14.4301915400759
   Stats: nIt(DAVIDSON) = 21
Energy at sites (10, 11) is 10.3179124002883
   Stats: nIt(DAVIDSON) = 29
Energy at sites (9, 10) is 6.06441824253967
   Stats: nIt(DAVIDSON) = 40
Energy at sites (8, 9) is -2.66155917810664
   Stats: nIt(DAVIDSON) = 27
Energy at sites (7, 8) is -6.94207280027501
   Stats: nIt(DAVIDSON) = 30
Energy at sites (6, 7) is -15.4399467823233
   Stats: nIt(DAVIDSON) = 53
Energy at sites (5, 6) is -25.7464904814909
   Stats: nIt(DAVIDSON) = 19
Energy at sites (4, 5) is -25.7399760680964
   Stats: nIt(DAVIDSON) = 1
Energy at sites (3, 4) is -25.7399760680986
   Stats: nIt(DAVIDSON) = 1
Energy at sites (2, 3) is -25.7399760680977
   Stats: nIt(DAVIDSON) = 1
Energy at sites (1, 2) is -25.7399760680981
******************************************************************
***  Information on left sweep 0 of instruction 0:
***     Elapsed wall time        = 116.632471 seconds
***       |--> S.join            = 0.005837 seconds
***       |--> S.solve           = 115.1511 seconds
***       |--> S.split           = 0.27132 seconds
***       |--> Tensor update     = 1.203943 seconds
***              |--> create     = 0.029152 seconds
***              |--> destroy    = 0.005362 seconds
***              |--> disk write = 0.056995 seconds
***              |--> disk read  = 0.040109 seconds
***              |--> calc       = 1.072287 seconds
***     Disk write bandwidth     = 2435.02457169694 MB/s
***     Disk read  bandwidth     = 3459.49606049102 MB/s
***     Minimum energy           = -25.7464904814909
***     Maximum discarded weight = 0
******************************************************************
   Stats: nIt(DAVIDSON) = 1
Energy at sites (0, 1) is -25.7399760680978
   Stats: nIt(DAVIDSON) = 1
Energy at sites (1, 2) is -25.7399760680981
   Stats: nIt(DAVIDSON) = 1
Energy at sites (2, 3) is -25.7399760680977
   Stats: nIt(DAVIDSON) = 1
Energy at sites (3, 4) is -25.7399760680981
   Stats: nIt(DAVIDSON) = 1
Energy at sites (4, 5) is -25.7399760681003
   Stats: nIt(DAVIDSON) = 23
Energy at sites (5, 6) is -25.7464904814817
   Stats: nIt(DAVIDSON) = 25
Energy at sites (6, 7) is -25.78204163656
   Stats: nIt(DAVIDSON) = 17
Energy at sites (7, 8) is -25.7797034083727
   Stats: nIt(DAVIDSON) = 1
Energy at sites (8, 9) is -25.7797034083774
   Stats: nIt(DAVIDSON) = 1
Energy at sites (9, 10) is -25.7797034083764
   Stats: nIt(DAVIDSON) = 1
Energy at sites (10, 11) is -25.7797034083764
******************************************************************
***  Information on right sweep 0 of instruction 0:
***     Elapsed wall time        = 67.022254 seconds
***       |--> S.join            = 0.008657 seconds
***       |--> S.solve           = 65.560055 seconds
***       |--> S.split           = 0.251246 seconds
***       |--> Tensor update     = 1.202063 seconds
***              |--> create     = 0.029246 seconds
***              |--> destroy    = 0.003283 seconds
***              |--> disk write = 0.057748 seconds
***              |--> disk read  = 0.034705 seconds
***              |--> calc       = 1.077038 seconds
***     Disk write bandwidth     = 2499.3911281289 MB/s
***     Disk read  bandwidth     = 3998.96918207368 MB/s
***     Minimum energy           = -25.78204163656
***     Maximum discarded weight = 9.22538062081099e-05
***     Energy difference with respect to previous leftright sweep = 25.7797034083764
******************************************************************
   Stats: nIt(DAVIDSON) = 1
Energy at sites (11, 12) is -25.7797034083765
   Stats: nIt(DAVIDSON) = 2
Energy at sites (10, 11) is -25.779703408374
   Stats: nIt(DAVIDSON) = 4
Energy at sites (9, 10) is -25.7797034083785
   Stats: nIt(DAVIDSON) = 5
Energy at sites (8, 9) is -25.7797034083812
   Stats: nIt(DAVIDSON) = 6
Energy at sites (7, 8) is -25.7797034083846
   Stats: nIt(DAVIDSON) = 20
Energy at sites (6, 7) is -25.7820416365595
   Stats: nIt(DAVIDSON) = 21
Energy at sites (5, 6) is -25.7843239810461
   Stats: nIt(DAVIDSON) = 17
Energy at sites (4, 5) is -25.7799978996101
   Stats: nIt(DAVIDSON) = 5
Energy at sites (3, 4) is -25.7799976261462
   Stats: nIt(DAVIDSON) = 4
Energy at sites (2, 3) is -25.7799975354233
   Stats: nIt(DAVIDSON) = 3
Energy at sites (1, 2) is -25.7799975288337
******************************************************************
***  Information on left sweep 1 of instruction 0:
***     Elapsed wall time        = 63.383021 seconds
***       |--> S.join            = 0.006544 seconds
***       |--> S.solve           = 61.742073 seconds
***       |--> S.split           = 0.280878 seconds
***       |--> Tensor update     = 1.353294 seconds
***              |--> create     = 0.028664 seconds
***              |--> destroy    = 0.003041 seconds
***              |--> disk write = 0.058297 seconds
***              |--> disk read  = 0.032204 seconds
***              |--> calc       = 1.231045 seconds
***     Disk write bandwidth     = 2479.63514798648 MB/s
***     Disk read  bandwidth     = 4481.89165529709 MB/s
***     Minimum energy           = -25.7843239810461
***     Maximum discarded weight = 0.000123853332275927
******************************************************************
   Stats: nIt(DAVIDSON) = 2
Energy at sites (0, 1) is -25.7799975282978
   Stats: nIt(DAVIDSON) = 3
Energy at sites (1, 2) is -25.7799975288341
   Stats: nIt(DAVIDSON) = 4
Energy at sites (2, 3) is -25.7799975354245
   Stats: nIt(DAVIDSON) = 5
Energy at sites (3, 4) is -25.7799976261489
   Stats: nIt(DAVIDSON) = 6
Energy at sites (4, 5) is -25.7799978996125
   Stats: nIt(DAVIDSON) = 21
Energy at sites (5, 6) is -25.7843239568808
   Stats: nIt(DAVIDSON) = 21
Energy at sites (6, 7) is -25.7823279228481
   Stats: nIt(DAVIDSON) = 17
Energy at sites (7, 8) is -25.7799738396149
   Stats: nIt(DAVIDSON) = 6
Energy at sites (8, 9) is -25.779973485602
   Stats: nIt(DAVIDSON) = 5
Energy at sites (9, 10) is -25.7799732775183
   Stats: nIt(DAVIDSON) = 3
Energy at sites (10, 11) is -25.7799732493438
******************************************************************
***  Information on right sweep 1 of instruction 0:
***     Elapsed wall time        = 63.78086 seconds
***       |--> S.join            = 0.006763 seconds
***       |--> S.solve           = 62.28982 seconds
***       |--> S.split           = 0.279778 seconds
***       |--> Tensor update     = 1.204257 seconds
***              |--> create     = 0.028907 seconds
***              |--> destroy    = 0.00411 seconds
***              |--> disk write = 0.058455 seconds
***              |--> disk read  = 0.03252 seconds
***              |--> calc       = 1.080212 seconds
***     Disk write bandwidth     = 2475.11380386255 MB/s
***     Disk read  bandwidth     = 4445.11962552792 MB/s
***     Minimum energy           = -25.7843239568808
***     Maximum discarded weight = 0.00012387867680349
***     Energy difference with respect to previous leftright sweep = 0.000269840967320079
******************************************************************
   Stats: nIt(DAVIDSON) = 2
Energy at sites (11, 12) is -25.779973247473
   Stats: nIt(DAVIDSON) = 3
Energy at sites (10, 11) is -25.7799732493421
   Stats: nIt(DAVIDSON) = 5
Energy at sites (9, 10) is -25.7799732775179
   Stats: nIt(DAVIDSON) = 6
Energy at sites (8, 9) is -25.779973485603
   Stats: nIt(DAVIDSON) = 6
Energy at sites (7, 8) is -25.7799738396192
   Stats: nIt(DAVIDSON) = 20
Energy at sites (6, 7) is -25.782327922846
   Stats: nIt(DAVIDSON) = 21
Energy at sites (5, 6) is -25.7842895255996
   Stats: nIt(DAVIDSON) = 17
Energy at sites (4, 5) is -25.7799891169252
   Stats: nIt(DAVIDSON) = 5
Energy at sites (3, 4) is -25.7799886236058
   Stats: nIt(DAVIDSON) = 4
Energy at sites (2, 3) is -25.7799884592907
   Stats: nIt(DAVIDSON) = 3
Energy at sites (1, 2) is -25.779988446907
******************************************************************
***  Information on left sweep 2 of instruction 0:
***     Elapsed wall time        = 63.51027 seconds
***       |--> S.join            = 0.008674 seconds
***       |--> S.solve           = 61.906636 seconds
***       |--> S.split           = 0.28173 seconds
***       |--> Tensor update     = 1.312976 seconds
***              |--> create     = 0.028719 seconds
***              |--> destroy    = 0.003618 seconds
***              |--> disk write = 0.058855 seconds
***              |--> disk read  = 0.03335 seconds
***              |--> calc       = 1.188405 seconds
***     Disk write bandwidth     = 2458.75584705493 MB/s
***     Disk read  bandwidth     = 4338.31416506102 MB/s
***     Minimum energy           = -25.7842895255996
***     Maximum discarded weight = 0.000123127487521073
******************************************************************
   Stats: nIt(DAVIDSON) = 2
Energy at sites (0, 1) is -25.7799884460224
   Stats: nIt(DAVIDSON) = 3
Energy at sites (1, 2) is -25.7799884469065
   Stats: nIt(DAVIDSON) = 4
Energy at sites (2, 3) is -25.7799884592931
   Stats: nIt(DAVIDSON) = 5
Energy at sites (3, 4) is -25.7799886236035
   Stats: nIt(DAVIDSON) = 6
Energy at sites (4, 5) is -25.7799891169252
   Stats: nIt(DAVIDSON) = 21
Energy at sites (5, 6) is -25.7842895255943
   Stats: nIt(DAVIDSON) = 21
Energy at sites (6, 7) is -25.7823310265414
   Stats: nIt(DAVIDSON) = 17
Energy at sites (7, 8) is -25.7799840326749
   Stats: nIt(DAVIDSON) = 6
Energy at sites (8, 9) is -25.779983684394
   Stats: nIt(DAVIDSON) = 5
Energy at sites (9, 10) is -25.7799834791742
   Stats: nIt(DAVIDSON) = 3
Energy at sites (10, 11) is -25.7799834506015
******************************************************************
***  Information on right sweep 2 of instruction 0:
***     Elapsed wall time        = 64.334996 seconds
***       |--> S.join            = 0.006549 seconds
***       |--> S.solve           = 62.809561 seconds
***       |--> S.split           = 0.279595 seconds
***       |--> Tensor update     = 1.239066 seconds
***              |--> create     = 0.028915 seconds
***              |--> destroy    = 0.003058 seconds
***              |--> disk write = 0.058169 seconds
***              |--> disk read  = 0.032723 seconds
***              |--> calc       = 1.116159 seconds
***     Disk write bandwidth     = 2487.28321622832 MB/s
***     Disk read  bandwidth     = 4422.27410012584 MB/s
***     Minimum energy           = -25.7842895255943
***     Maximum discarded weight = 0.000123131900556727
***     Energy difference with respect to previous leftright sweep = 1.02012577372079e-05
******************************************************************
   Stats: nIt(DAVIDSON) = 2
Energy at sites (11, 12) is -25.7799834488811
   Stats: nIt(DAVIDSON) = 3
Energy at sites (10, 11) is -25.7799834506027
   Stats: nIt(DAVIDSON) = 5
Energy at sites (9, 10) is -25.7799834791737
   Stats: nIt(DAVIDSON) = 6
Energy at sites (8, 9) is -25.779983684391
   Stats: nIt(DAVIDSON) = 6
Energy at sites (7, 8) is -25.7799840326837
   Stats: nIt(DAVIDSON) = 20
Energy at sites (6, 7) is -25.7823310265385
   Stats: nIt(DAVIDSON) = 21
Energy at sites (5, 6) is -25.784290627315
   Stats: nIt(DAVIDSON) = 17
Energy at sites (4, 5) is -25.7799908333911
   Stats: nIt(DAVIDSON) = 5
Energy at sites (3, 4) is -25.779990350108
   Stats: nIt(DAVIDSON) = 4
Energy at sites (2, 3) is -25.7799901889062
   Stats: nIt(DAVIDSON) = 3
Energy at sites (1, 2) is -25.7799901762202
******************************************************************
***  Information on left sweep 3 of instruction 0:
***     Elapsed wall time        = 63.688287 seconds
***       |--> S.join            = 0.008076 seconds
***       |--> S.solve           = 62.027171 seconds
***       |--> S.split           = 0.28314 seconds
***       |--> Tensor update     = 1.369662 seconds
***              |--> create     = 0.02828 seconds
***              |--> destroy    = 0.005079 seconds
***              |--> disk write = 0.058822 seconds
***              |--> disk read  = 0.032464 seconds
***              |--> calc       = 1.24498 seconds
***     Disk write bandwidth     = 2460.13524494947 MB/s
***     Disk read  bandwidth     = 4456.71443459787 MB/s
***     Minimum energy           = -25.784290627315
***     Maximum discarded weight = 0.000123086705711031
******************************************************************
   Stats: nIt(DAVIDSON) = 2
Energy at sites (0, 1) is -25.7799901752722
   Stats: nIt(DAVIDSON) = 3
Energy at sites (1, 2) is -25.77999017622
   Stats: nIt(DAVIDSON) = 4
Energy at sites (2, 3) is -25.7799901889063
   Stats: nIt(DAVIDSON) = 5
Energy at sites (3, 4) is -25.7799903501059
   Stats: nIt(DAVIDSON) = 6
Energy at sites (4, 5) is -25.7799908333932
   Stats: nIt(DAVIDSON) = 21
Energy at sites (5, 6) is -25.7842906273092
   Stats: nIt(DAVIDSON) = 20
Energy at sites (6, 7) is -25.7823313585886
   Stats: nIt(DAVIDSON) = 17
Energy at sites (7, 8) is -25.7799848619794
   Stats: nIt(DAVIDSON) = 6
Energy at sites (8, 9) is -25.7799845145377
   Stats: nIt(DAVIDSON) = 5
Energy at sites (9, 10) is -25.779984311577
   Stats: nIt(DAVIDSON) = 3
Energy at sites (10, 11) is -25.779984283966
******************************************************************
***  Information on right sweep 3 of instruction 0:
***     Elapsed wall time        = 62.696713 seconds
***       |--> S.join            = 0.007801 seconds
***       |--> S.solve           = 61.227569 seconds
***       |--> S.split           = 0.279933 seconds
***       |--> Tensor update     = 1.181179 seconds
***              |--> create     = 0.028802 seconds
***              |--> destroy    = 0.003793 seconds
***              |--> disk write = 0.058635 seconds
***              |--> disk read  = 0.03276 seconds
***              |--> calc       = 1.057154 seconds
***     Disk write bandwidth     = 2467.51560339021 MB/s
***     Disk read  bandwidth     = 4417.27946820568 MB/s
***     Minimum energy           = -25.7842906273092
***     Maximum discarded weight = 0.000123093175897501
***     Energy difference with respect to previous leftright sweep = 8.33364509844614e-07
******************************************************************
***  Information on completed instruction 0:
***     The reduced virtual dimension DSU(2)               = 500
***     Minimum energy encountered during all instructions = -25.7843239810461
***     Minimum energy encountered during the last sweep   = -25.7842906273092
***     Maximum discarded weight during the last sweep     = 0.000123093175897501
******************************************************************
   Stats: nIt(DAVIDSON) = 2
********************************************
***  2-RDM and Correlations calculation  ***
********************************************
   N(N-1)                     = 156
   Double trace of DMRG 2-RDM = 156
   Energy obtained by Heff at edge   = -25.7799842822262
   Econst + 0.5 * trace(2DM-A * Ham) = -25.7799842822257
   NOON of irrep A1 = [ 1.95963416327261 , 1.9225981197992 , 1.89702978062029 , 1.47472068816525 , 0.525272295942443 , 0.102952204659487 , 0.0773443123739761 , 0.0403726123883264 ].
   NOON of irrep B2 = [ 1.92372130012787 , 1.89368589864754 , 1.00003603182596 , 0.106359176704926 , 0.0762734154721205 ].
   Single-orbital entropies (Hamiltonian index order is used!) = [ 0.248092121410669 , 0.414951001370595 , 0.402994379868862 , 0.595857141540092 , 1.18653390782369 , 0.53112409043421 , 1.09568672046364 , 1.1290671729125 , 0.596077240338754 , 0.536302634324414 , 0.403332153320169 , 0.418078108187943 , 0.239638624232285 ].
   Idistance(0) = 3.21630696977722
   Idistance(1) = 13.1899601849813
   Idistance(2) = 69.0205357826507
***************************************************
***  Timing information 2-RDM and Correlations  ***
***************************************************
***     Elapsed wall time        = 5.880907 seconds
***       |--> MPS gauge change  = 0.0297 seconds
***       |--> Diagram calc      = 2.778229 seconds
***       |--> Tensor update     = 3.071358 seconds
***              |--> create     = 0.062504 seconds
***              |--> destroy    = 0.00748300000000002 seconds
***              |--> disk write = 0.119155 seconds
***              |--> disk read  = 0.073949 seconds
***              |--> calc       = 2.808111 seconds
***     Disk write bandwidth     = 2429.65369772598 MB/s
***     Disk read  bandwidth     = 3914.93308026531 MB/s
***************************************************
   Stats: nIt(DAVIDSON) = 28
Energy at sites (11, 12) is 13.9543695114906
   Stats: nIt(DAVIDSON) = 19
Energy at sites (10, 11) is 12.0730626951148
   Stats: nIt(DAVIDSON) = 28
Energy at sites (9, 10) is 5.53814045761803
   Stats: nIt(DAVIDSON) = 55
Energy at sites (8, 9) is -1.80061126620197
   Stats: nIt(DAVIDSON) = 24
Energy at sites (7, 8) is -7.17808485100389
   Stats: nIt(DAVIDSON) = 39
Energy at sites (6, 7) is -14.6386670038475
   Stats: nIt(DAVIDSON) = 46
Energy at sites (5, 6) is -25.323417440589
   Stats: nIt(DAVIDSON) = 17
Energy at sites (4, 5) is -25.3160343652197
   Stats: nIt(DAVIDSON) = 1
Energy at sites (3, 4) is -25.3160343652186
   Stats: nIt(DAVIDSON) = 1
Energy at sites (2, 3) is -25.3160343652193
   Stats: nIt(DAVIDSON) = 1
Energy at sites (1, 2) is -25.3160343652208
******************************************************************
***  Information on left sweep 0 of instruction 0:
***     Elapsed wall time        = 119.600242 seconds
***       |--> S.join            = 0.005858 seconds
***       |--> S.solve           = 118.126338 seconds
***       |--> S.split           = 0.250891 seconds
***       |--> Tensor update     = 1.216732 seconds
***              |--> create     = 0.029222 seconds
***              |--> destroy    = 0.003592 seconds
***              |--> disk write = 0.057675 seconds
***              |--> disk read  = 0.031577 seconds
***              |--> calc       = 1.094635 seconds
***     Disk write bandwidth     = 2418.14278088765 MB/s
***     Disk read  bandwidth     = 4415.83953015644 MB/s
***     Minimum energy           = -25.323417440589
***     Maximum discarded weight = 0
******************************************************************
   Stats: nIt(DAVIDSON) = 1
Energy at sites (0, 1) is -25.3160343652204
   Stats: nIt(DAVIDSON) = 1
Energy at sites (1, 2) is -25.3160343652208
   Stats: nIt(DAVIDSON) = 1
Energy at sites (2, 3) is -25.31603436522
   Stats: nIt(DAVIDSON) = 1
Energy at sites (3, 4) is -25.3160343652211
   Stats: nIt(DAVIDSON) = 1
Energy at sites (4, 5) is -25.3160343652233
   Stats: nIt(DAVIDSON) = 21
Energy at sites (5, 6) is -25.323417440602
   Stats: nIt(DAVIDSON) = 21
Energy at sites (6, 7) is -25.363604717795
   Stats: nIt(DAVIDSON) = 15
Energy at sites (7, 8) is -25.3604264460216
   Stats: nIt(DAVIDSON) = 1
Energy at sites (8, 9) is -25.360426446017
   Stats: nIt(DAVIDSON) = 1
Energy at sites (9, 10) is -25.3604264460174
   Stats: nIt(DAVIDSON) = 1
Energy at sites (10, 11) is -25.3604264460177
******************************************************************
***  Information on right sweep 0 of instruction 0:
***     Elapsed wall time        = 58.725144 seconds
***       |--> S.join            = 0.006 seconds
***       |--> S.solve           = 57.265036 seconds
***       |--> S.split           = 0.252412 seconds
***       |--> Tensor update     = 1.201449 seconds
***              |--> create     = 0.029179 seconds
***              |--> destroy    = 0.003245 seconds
***              |--> disk write = 0.058966 seconds
***              |--> disk read  = 0.03218 seconds
***              |--> calc       = 1.077835 seconds
***     Disk write bandwidth     = 2465.4816825884 MB/s
***     Disk read  bandwidth     = 4333.94608103466 MB/s
***     Minimum energy           = -25.363604717795
***     Maximum discarded weight = 0.000115974250027918
***     Energy difference with respect to previous leftright sweep = 25.3604264460177
******************************************************************
The overlap between the current state and state 0 is : -1.8409473725374e-05
   Stats: nIt(DAVIDSON) = 1
Energy at sites (11, 12) is -25.3604264460177
   Stats: nIt(DAVIDSON) = 2
Energy at sites (10, 11) is -25.3604264460126
   Stats: nIt(DAVIDSON) = 4
Energy at sites (9, 10) is -25.3604264460171
   Stats: nIt(DAVIDSON) = 5
Energy at sites (8, 9) is -25.3604264460168
   Stats: nIt(DAVIDSON) = 6
Energy at sites (7, 8) is -25.3604264460211
   Stats: nIt(DAVIDSON) = 17
Energy at sites (6, 7) is -25.3636047177864
   Stats: nIt(DAVIDSON) = 17
Energy at sites (5, 6) is -25.3660359311308
   Stats: nIt(DAVIDSON) = 16
Energy at sites (4, 5) is -25.3608255444919
   Stats: nIt(DAVIDSON) = 5
Energy at sites (3, 4) is -25.3608251192154
   Stats: nIt(DAVIDSON) = 4
Energy at sites (2, 3) is -25.36082498254
   Stats: nIt(DAVIDSON) = 3
Energy at sites (1, 2) is -25.3608249719703
******************************************************************
***  Information on left sweep 1 of instruction 0:
***     Elapsed wall time        = 53.53575 seconds
***       |--> S.join            = 0.006522 seconds
***       |--> S.solve           = 51.91902 seconds
***       |--> S.split           = 0.282453 seconds
***       |--> Tensor update     = 1.32752 seconds
***              |--> create     = 0.028903 seconds
***              |--> destroy    = 0.003814 seconds
***              |--> disk write = 0.059254 seconds
***              |--> disk read  = 0.032415 seconds
***              |--> calc       = 1.203106 seconds
***     Disk write bandwidth     = 2457.27779581435 MB/s
***     Disk read  bandwidth     = 4484.94810721912 MB/s
***     Minimum energy           = -25.3660359311308
***     Maximum discarded weight = 0.000152740002800159
******************************************************************
   Stats: nIt(DAVIDSON) = 2
Energy at sites (0, 1) is -25.3608249711306
   Stats: nIt(DAVIDSON) = 3
Energy at sites (1, 2) is -25.3608249719686
   Stats: nIt(DAVIDSON) = 4
Energy at sites (2, 3) is -25.3608249825394
   Stats: nIt(DAVIDSON) = 5
Energy at sites (3, 4) is -25.360825119215
   Stats: nIt(DAVIDSON) = 6
Energy at sites (4, 5) is -25.3608255444896
   Stats: nIt(DAVIDSON) = 19
Energy at sites (5, 6) is -25.3660356004568
   Stats: nIt(DAVIDSON) = 18
Energy at sites (6, 7) is -25.3639889071604
   Stats: nIt(DAVIDSON) = 14
Energy at sites (7, 8) is -25.3608255456621
   Stats: nIt(DAVIDSON) = 6
Energy at sites (8, 9) is -25.3608250316542
   Stats: nIt(DAVIDSON) = 5
Energy at sites (9, 10) is -25.3608247272153
   Stats: nIt(DAVIDSON) = 3
Energy at sites (10, 11) is -25.3608246851648
******************************************************************
***  Information on right sweep 1 of instruction 0:
***     Elapsed wall time        = 56.482948 seconds
***       |--> S.join            = 0.006614 seconds
***       |--> S.solve           = 54.992558 seconds
***       |--> S.split           = 0.281242 seconds
***       |--> Tensor update     = 1.202279 seconds
***              |--> create     = 0.028896 seconds
***              |--> destroy    = 0.003992 seconds
***              |--> disk write = 0.059392 seconds
***              |--> disk read  = 0.032982 seconds
***              |--> calc       = 1.07697 seconds
***     Disk write bandwidth     = 2451.09213323429 MB/s
***     Disk read  bandwidth     = 4414.63642329706 MB/s
***     Minimum energy           = -25.3660356004568
***     Maximum discarded weight = 0.000152772440597022
***     Energy difference with respect to previous leftright sweep = 0.000398239147102686
******************************************************************
The overlap between the current state and state 0 is : -1.21107299921565e-05
   Stats: nIt(DAVIDSON) = 2
Energy at sites (11, 12) is -25.3608246825305
   Stats: nIt(DAVIDSON) = 3
Energy at sites (10, 11) is -25.3608246851653
   Stats: nIt(DAVIDSON) = 5
Energy at sites (9, 10) is -25.360824727216
   Stats: nIt(DAVIDSON) = 6
Energy at sites (8, 9) is -25.3608250316539
   Stats: nIt(DAVIDSON) = 6
Energy at sites (7, 8) is -25.3608255456693
   Stats: nIt(DAVIDSON) = 17
Energy at sites (6, 7) is -25.3639889071621
   Stats: nIt(DAVIDSON) = 17
Energy at sites (5, 6) is -25.3660592850914
   Stats: nIt(DAVIDSON) = 16
Energy at sites (4, 5) is -25.3608606794581
   Stats: nIt(DAVIDSON) = 5
Energy at sites (3, 4) is -25.3608599381423
   Stats: nIt(DAVIDSON) = 4
Energy at sites (2, 3) is -25.3608596969921
   Stats: nIt(DAVIDSON) = 3
Energy at sites (1, 2) is -25.3608596783206
******************************************************************
***  Information on left sweep 2 of instruction 0:
***     Elapsed wall time        = 53.585589 seconds
***       |--> S.join            = 0.006519 seconds
***       |--> S.solve           = 51.970897 seconds
***       |--> S.split           = 0.27546 seconds
***       |--> Tensor update     = 1.332458 seconds
***              |--> create     = 0.02884 seconds
***              |--> destroy    = 0.003878 seconds
***              |--> disk write = 0.059367 seconds
***              |--> disk read  = 0.033002 seconds
***              |--> calc       = 1.207328 seconds
***     Disk write bandwidth     = 2454.64212567095 MB/s
***     Disk read  bandwidth     = 4411.1042960139 MB/s
***     Minimum energy           = -25.3660592850914
***     Maximum discarded weight = 0.000152461587513364
******************************************************************
   Stats: nIt(DAVIDSON) = 2
Energy at sites (0, 1) is -25.3608596770519
   Stats: nIt(DAVIDSON) = 3
Energy at sites (1, 2) is -25.3608596783203
   Stats: nIt(DAVIDSON) = 4
Energy at sites (2, 3) is -25.3608596969914
   Stats: nIt(DAVIDSON) = 5
Energy at sites (3, 4) is -25.3608599381443
   Stats: nIt(DAVIDSON) = 6
Energy at sites (4, 5) is -25.3608606794583
   Stats: nIt(DAVIDSON) = 19
Energy at sites (5, 6) is -25.3660592860493
   Stats: nIt(DAVIDSON) = 17
Energy at sites (6, 7) is -25.3640015605513
   Stats: nIt(DAVIDSON) = 15
Energy at sites (7, 8) is -25.3608573178463
   Stats: nIt(DAVIDSON) = 6
Energy at sites (8, 9) is -25.3608567901586
   Stats: nIt(DAVIDSON) = 5
Energy at sites (9, 10) is -25.3608564833931
   Stats: nIt(DAVIDSON) = 3
Energy at sites (10, 11) is -25.3608564417011
******************************************************************
***  Information on right sweep 2 of instruction 0:
***     Elapsed wall time        = 55.399932 seconds
***       |--> S.join            = 0.00663 seconds
***       |--> S.solve           = 53.90912 seconds
***       |--> S.split           = 0.279735 seconds
***       |--> Tensor update     = 1.204244 seconds
***              |--> create     = 0.028902 seconds
***              |--> destroy    = 0.003891 seconds
***              |--> disk write = 0.058906 seconds
***              |--> disk read  = 0.032945 seconds
***              |--> calc       = 1.079565 seconds
***     Disk write bandwidth     = 2473.38673532003 MB/s
***     Disk read  bandwidth     = 4423.27330625913 MB/s
***     Minimum energy           = -25.3660592860493
***     Maximum discarded weight = 0.000152399766676915
***     Energy difference with respect to previous leftright sweep = 3.17565363445738e-05
******************************************************************
The overlap between the current state and state 0 is : -1.49972504527278e-05
   Stats: nIt(DAVIDSON) = 3
Energy at sites (11, 12) is -25.3608564389509
   Stats: nIt(DAVIDSON) = 3
Energy at sites (10, 11) is -25.3608564416982
   Stats: nIt(DAVIDSON) = 5
Energy at sites (9, 10) is -25.3608564833938
   Stats: nIt(DAVIDSON) = 6
Energy at sites (8, 9) is -25.3608567901607
   Stats: nIt(DAVIDSON) = 6
Energy at sites (7, 8) is -25.3608573178473
   Stats: nIt(DAVIDSON) = 17
Energy at sites (6, 7) is -25.3640015605546
   Stats: nIt(DAVIDSON) = 17
Energy at sites (5, 6) is -25.3660652966125
   Stats: nIt(DAVIDSON) = 16
Energy at sites (4, 5) is -25.3608642757976
   Stats: nIt(DAVIDSON) = 6
Energy at sites (3, 4) is -25.3608635385478
   Stats: nIt(DAVIDSON) = 4
Energy at sites (2, 3) is -25.3608632978901
   Stats: nIt(DAVIDSON) = 3
Energy at sites (1, 2) is -25.3608632795685
******************************************************************
***  Information on left sweep 3 of instruction 0:
***     Elapsed wall time        = 53.666953 seconds
***       |--> S.join            = 0.006535 seconds
***       |--> S.solve           = 52.053857 seconds
***       |--> S.split           = 0.276852 seconds
***       |--> Tensor update     = 1.32948 seconds
***              |--> create     = 0.028846 seconds
***              |--> destroy    = 0.003902 seconds
***              |--> disk write = 0.059285 seconds
***              |--> disk read  = 0.033097 seconds
***              |--> calc       = 1.204311 seconds
***     Disk write bandwidth     = 2458.03726195002 MB/s
***     Disk read  bandwidth     = 4402.1306774258 MB/s
***     Minimum energy           = -25.3660652966125
***     Maximum discarded weight = 0.000152518387307291
******************************************************************
   Stats: nIt(DAVIDSON) = 2
Energy at sites (0, 1) is -25.3608632780388
   Stats: nIt(DAVIDSON) = 3
Energy at sites (1, 2) is -25.3608632795641
   Stats: nIt(DAVIDSON) = 4
Energy at sites (2, 3) is -25.3608632978914
   Stats: nIt(DAVIDSON) = 5
Energy at sites (3, 4) is -25.3608635385434
   Stats: nIt(DAVIDSON) = 7
Energy at sites (4, 5) is -25.3608642757938
   Stats: nIt(DAVIDSON) = 19
Energy at sites (5, 6) is -25.366065295438
   Stats: nIt(DAVIDSON) = 17
Energy at sites (6, 7) is -25.3640056909662
   Stats: nIt(DAVIDSON) = 15
Energy at sites (7, 8) is -25.36085962796
   Stats: nIt(DAVIDSON) = 6
Energy at sites (8, 9) is -25.3608591027558
   Stats: nIt(DAVIDSON) = 5
Energy at sites (9, 10) is -25.360858792227
   Stats: nIt(DAVIDSON) = 3
Energy at sites (10, 11) is -25.3608587516375
******************************************************************
***  Information on right sweep 3 of instruction 0:
***     Elapsed wall time        = 55.616552 seconds
***       |--> S.join            = 0.006607 seconds
***       |--> S.solve           = 54.121856 seconds
***       |--> S.split           = 0.278636 seconds
***       |--> Tensor update     = 1.209215 seconds
***              |--> create     = 0.029022 seconds
***              |--> destroy    = 0.003955 seconds
***              |--> disk write = 0.059343 seconds
***              |--> disk read  = 0.032777 seconds
***              |--> calc       = 1.084066 seconds
***     Disk write bandwidth     = 2455.17279259157 MB/s
***     Disk read  bandwidth     = 4445.94499419431 MB/s
***     Minimum energy           = -25.366065295438
***     Maximum discarded weight = 0.000152519034519482
***     Energy difference with respect to previous leftright sweep = 2.30993634886545e-06
******************************************************************
The overlap between the current state and state 0 is : 1.56116693165003e-05
***  Information on completed instruction 0:
***     The reduced virtual dimension DSU(2)               = 500
***     Minimum energy encountered during all instructions = -25.3660652966125
***     Minimum energy encountered during the last sweep   = -25.366065295438
***     Maximum discarded weight during the last sweep     = 0.000152519034519482
******************************************************************
   Stats: nIt(DAVIDSON) = 3
********************************************
***  2-RDM and Correlations calculation  ***
********************************************
   N(N-1)                     = 156
   Double trace of DMRG 2-RDM = 155.999999999999
   Energy obtained by Heff at edge   = -25.3608587490819
   Econst + 0.5 * trace(2DM-A * Ham) = -25.3608587539833
   NOON of irrep A1 = [ 1.95635183415693 , 1.92484301428566 , 1.85820234835931 , 1.50733054127071 , 0.492413671503099 , 0.141786613202117 , 0.0751018263643122 , 0.0436387751138036 ].
   NOON of irrep B2 = [ 1.92504688544452 , 1.85818595426203 , 1.00022249216796 , 0.141884626446361 , 0.0749914174231422 ].
   Single-orbital entropies (Hamiltonian index order is used!) = [ 0.267154491572646 , 0.399689665623273 , 0.400056083803144 , 0.662383870007041 , 0.662255104717512 , 1.10895659255027 , 1.11457186693271 , 0.659756285292692 , 0.660133027868975 , 1.12693386208289 , 0.407156559399961 , 0.406974032943033 , 0.248584266158299 ].
   Idistance(0) = 2.97322430117811
   Idistance(1) = 13.1496477834731
   Idistance(2) = 76.0644605470304
***************************************************
***  Timing information 2-RDM and Correlations  ***
***************************************************
***     Elapsed wall time        = 5.726156 seconds
***       |--> MPS gauge change  = 0.030934 seconds
***       |--> Diagram calc      = 2.682574 seconds
***       |--> Tensor update     = 3.010745 seconds
***              |--> create     = 0.062196 seconds
***              |--> destroy    = 0.00841399999999999 seconds
***              |--> disk write = 0.122313 seconds
***              |--> disk read  = 0.079392 seconds
***              |--> calc       = 2.738266 seconds
***     Disk write bandwidth     = 2383.51833672882 MB/s
***     Disk read  bandwidth     = 3672.09893087858 MB/s
***************************************************
   Stats: nIt(DAVIDSON) = 28
Energy at sites (11, 12) is 13.528182070767
   Stats: nIt(DAVIDSON) = 18
Energy at sites (10, 11) is 12.2517174199662
   Stats: nIt(DAVIDSON) = 28
Energy at sites (9, 10) is 5.77212957399475
   Stats: nIt(DAVIDSON) = 44
Energy at sites (8, 9) is -2.66135651041046
   Stats: nIt(DAVIDSON) = 27
Energy at sites (7, 8) is -6.82370844677936
   Stats: nIt(DAVIDSON) = 39
Energy at sites (6, 7) is -14.4376067290333
   Stats: nIt(DAVIDSON) = 71
Energy at sites (5, 6) is -24.3351745611304
   Stats: nIt(DAVIDSON) = 22
Energy at sites (4, 5) is -24.3281750509421
   Stats: nIt(DAVIDSON) = 1
Energy at sites (3, 4) is -24.3281750509459
   Stats: nIt(DAVIDSON) = 1
Energy at sites (2, 3) is -24.328175050945
   Stats: nIt(DAVIDSON) = 1
Energy at sites (1, 2) is -24.3281750509452
******************************************************************
***  Information on left sweep 0 of instruction 0:
***     Elapsed wall time        = 152.94119 seconds
***       |--> S.join            = 0.005821 seconds
***       |--> S.solve           = 151.477227 seconds
***       |--> S.split           = 0.250699 seconds
***       |--> Tensor update     = 1.207185 seconds
***              |--> create     = 0.029276 seconds
***              |--> destroy    = 0.003765 seconds
***              |--> disk write = 0.058171 seconds
***              |--> disk read  = 0.032522 seconds
***              |--> calc       = 1.083414 seconds
***     Disk write bandwidth     = 2409.2497639301 MB/s
***     Disk read  bandwidth     = 4308.49658395303 MB/s
***     Minimum energy           = -24.3351745611304
***     Maximum discarded weight = 0
******************************************************************
   Stats: nIt(DAVIDSON) = 1
Energy at sites (0, 1) is -24.328175050945
   Stats: nIt(DAVIDSON) = 1
Energy at sites (1, 2) is -24.3281750509452
   Stats: nIt(DAVIDSON) = 1
Energy at sites (2, 3) is -24.3281750509443
   Stats: nIt(DAVIDSON) = 1
Energy at sites (3, 4) is -24.328175050945
   Stats: nIt(DAVIDSON) = 1
Energy at sites (4, 5) is -24.3281750509403
   Stats: nIt(DAVIDSON) = 28
Energy at sites (5, 6) is -24.3351745611299
   Stats: nIt(DAVIDSON) = 32
Energy at sites (6, 7) is -24.4023657964618
   Stats: nIt(DAVIDSON) = 17
Energy at sites (7, 8) is -24.3980342936801
   Stats: nIt(DAVIDSON) = 1
Energy at sites (8, 9) is -24.3980342936787
   Stats: nIt(DAVIDSON) = 1
Energy at sites (9, 10) is -24.3980342936792
   Stats: nIt(DAVIDSON) = 1
Energy at sites (10, 11) is -24.3980342936789
******************************************************************
***  Information on right sweep 0 of instruction 0:
***     Elapsed wall time        = 82.965678 seconds
***       |--> S.join            = 0.005985 seconds
***       |--> S.solve           = 81.509451 seconds
***       |--> S.split           = 0.249949 seconds
***       |--> Tensor update     = 1.200051 seconds
***              |--> create     = 0.029354 seconds
***              |--> destroy    = 0.003497 seconds
***              |--> disk write = 0.059199 seconds
***              |--> disk read  = 0.032621 seconds
***              |--> calc       = 1.075344 seconds
***     Disk write bandwidth     = 2469.15516171653 MB/s
***     Disk read  bandwidth     = 4296.26522845952 MB/s
***     Minimum energy           = -24.4023657964618
***     Maximum discarded weight = 0.000130804199009858
***     Energy difference with respect to previous leftright sweep = 24.3980342936789
******************************************************************
The overlap between the current state and state 0 is : -8.52600165650644e-05
The overlap between the current state and state 1 is : -6.12888386953073e-05
   Stats: nIt(DAVIDSON) = 1
Energy at sites (11, 12) is -24.3980342936789
   Stats: nIt(DAVIDSON) = 2
Energy at sites (10, 11) is -24.3980342936757
   Stats: nIt(DAVIDSON) = 4
Energy at sites (9, 10) is -24.3980342936812
   Stats: nIt(DAVIDSON) = 5
Energy at sites (8, 9) is -24.3980342936816
   Stats: nIt(DAVIDSON) = 6
Energy at sites (7, 8) is -24.3980342936848
   Stats: nIt(DAVIDSON) = 22
Energy at sites (6, 7) is -24.4023657964505
   Stats: nIt(DAVIDSON) = 29
Energy at sites (5, 6) is -24.4040380629987
   Stats: nIt(DAVIDSON) = 19
Energy at sites (4, 5) is -24.3987880466243
   Stats: nIt(DAVIDSON) = 5
Energy at sites (3, 4) is -24.3987875149047
   Stats: nIt(DAVIDSON) = 4
Energy at sites (2, 3) is -24.3987873393557
   Stats: nIt(DAVIDSON) = 3
Energy at sites (1, 2) is -24.3987873260569
******************************************************************
***  Information on left sweep 1 of instruction 0:
***     Elapsed wall time        = 78.808125 seconds
***       |--> S.join            = 0.006497 seconds
***       |--> S.solve           = 77.188667 seconds
***       |--> S.split           = 0.282227 seconds
***       |--> Tensor update     = 1.330498 seconds
***              |--> create     = 0.028947 seconds
***              |--> destroy    = 0.004221 seconds
***              |--> disk write = 0.059948 seconds
***              |--> disk read  = 0.033661 seconds
***              |--> calc       = 1.20368 seconds
***     Disk write bandwidth     = 2443.42190274214 MB/s
***     Disk read  bandwidth     = 4342.45911940991 MB/s
***     Minimum energy           = -24.4040380629987
***     Maximum discarded weight = 0.000159745930814659
******************************************************************
   Stats: nIt(DAVIDSON) = 2
Energy at sites (0, 1) is -24.3987873251389
   Stats: nIt(DAVIDSON) = 3
Energy at sites (1, 2) is -24.3987873260556
   Stats: nIt(DAVIDSON) = 4
Energy at sites (2, 3) is -24.3987873393569
   Stats: nIt(DAVIDSON) = 5
Energy at sites (3, 4) is -24.3987875149076
   Stats: nIt(DAVIDSON) = 7
Energy at sites (4, 5) is -24.3987880466283
   Stats: nIt(DAVIDSON) = 25
Energy at sites (5, 6) is -24.4040380346568
   Stats: nIt(DAVIDSON) = 24
Energy at sites (6, 7) is -24.4030597608131
   Stats: nIt(DAVIDSON) = 16
Energy at sites (7, 8) is -24.3987298123832
   Stats: nIt(DAVIDSON) = 6
Energy at sites (8, 9) is -24.3987292563671
   Stats: nIt(DAVIDSON) = 5
Energy at sites (9, 10) is -24.3987289319521
   Stats: nIt(DAVIDSON) = 3
Energy at sites (10, 11) is -24.3987288870634
******************************************************************
***  Information on right sweep 1 of instruction 0:
***     Elapsed wall time        = 74.39665 seconds
***       |--> S.join            = 0.006535 seconds
***       |--> S.solve           = 72.871223 seconds
***       |--> S.split           = 0.282712 seconds
***       |--> Tensor update     = 1.235943 seconds
***              |--> create     = 0.029313 seconds
***              |--> destroy    = 0.00404 seconds
***              |--> disk write = 0.059926 seconds
***              |--> disk read  = 0.03386 seconds
***              |--> calc       = 1.108763 seconds
***     Disk write bandwidth     = 2445.12813565441 MB/s
***     Disk read  bandwidth     = 4325.99693519155 MB/s
***     Minimum energy           = -24.4040380346568
***     Maximum discarded weight = 0.000161332915425882
***     Energy difference with respect to previous leftright sweep = 0.000694593384480413
******************************************************************
The overlap between the current state and state 0 is : 5.61156947171809e-05
The overlap between the current state and state 1 is : 7.55120029515884e-05
   Stats: nIt(DAVIDSON) = 2
Energy at sites (11, 12) is -24.3987288845139
   Stats: nIt(DAVIDSON) = 3
Energy at sites (10, 11) is -24.3987288870645
   Stats: nIt(DAVIDSON) = 5
Energy at sites (9, 10) is -24.3987289319506
   Stats: nIt(DAVIDSON) = 6
Energy at sites (8, 9) is -24.3987292563654
   Stats: nIt(DAVIDSON) = 7
Energy at sites (7, 8) is -24.398729812392
   Stats: nIt(DAVIDSON) = 20
Energy at sites (6, 7) is -24.4030597608215
   Stats: nIt(DAVIDSON) = 24
Energy at sites (5, 6) is -24.4039882993642
   Stats: nIt(DAVIDSON) = 19
Energy at sites (4, 5) is -24.3987330451029
   Stats: nIt(DAVIDSON) = 6
Energy at sites (3, 4) is -24.3987322370679
   Stats: nIt(DAVIDSON) = 4
Energy at sites (2, 3) is -24.3987319733201
   Stats: nIt(DAVIDSON) = 3
Energy at sites (1, 2) is -24.3987319536681
******************************************************************
***  Information on left sweep 2 of instruction 0:
***     Elapsed wall time        = 69.260594 seconds
***       |--> S.join            = 0.006531 seconds
***       |--> S.solve           = 67.565527 seconds
***       |--> S.split           = 0.285273 seconds
***       |--> Tensor update     = 1.403046 seconds
***              |--> create     = 0.029058 seconds
***              |--> destroy    = 0.004063 seconds
***              |--> disk write = 0.060163 seconds
***              |--> disk read  = 0.033694 seconds
***              |--> calc       = 1.276019 seconds
***     Disk write bandwidth     = 2436.29775259633 MB/s
***     Disk read  bandwidth     = 4348.74899558457 MB/s
***     Minimum energy           = -24.4039882993642
***     Maximum discarded weight = 0.000159865928969235
******************************************************************
   Stats: nIt(DAVIDSON) = 2
Energy at sites (0, 1) is -24.3987319520184
   Stats: nIt(DAVIDSON) = 3
Energy at sites (1, 2) is -24.3987319536708
   Stats: nIt(DAVIDSON) = 4
Energy at sites (2, 3) is -24.3987319733207
   Stats: nIt(DAVIDSON) = 6
Energy at sites (3, 4) is -24.398732237065
   Stats: nIt(DAVIDSON) = 7
Energy at sites (4, 5) is -24.3987330450978
   Stats: nIt(DAVIDSON) = 25
Energy at sites (5, 6) is -24.4039882993734
   Stats: nIt(DAVIDSON) = 23
Energy at sites (6, 7) is -24.4030628259798
   Stats: nIt(DAVIDSON) = 16
Energy at sites (7, 8) is -24.3987257448369
   Stats: nIt(DAVIDSON) = 6
Energy at sites (8, 9) is -24.3987251793588
   Stats: nIt(DAVIDSON) = 5
Energy at sites (9, 10) is -24.3987248528856
   Stats: nIt(DAVIDSON) = 4
Energy at sites (10, 11) is -24.3987248090329
******************************************************************
***  Information on right sweep 2 of instruction 0:
***     Elapsed wall time        = 73.02074 seconds
***       |--> S.join            = 0.006548 seconds
***       |--> S.solve           = 71.498145 seconds
***       |--> S.split           = 0.277982 seconds
***       |--> Tensor update     = 1.237833 seconds
***              |--> create     = 0.029433 seconds
***              |--> destroy    = 0.00415 seconds
***              |--> disk write = 0.05999 seconds
***              |--> disk read  = 0.034218 seconds
***              |--> calc       = 1.110005 seconds
***     Disk write bandwidth     = 2442.86447033164 MB/s
***     Disk read  bandwidth     = 4283.563670859 MB/s
***     Minimum energy           = -24.4039882993734
***     Maximum discarded weight = 0.000159868734191746
***     Energy difference with respect to previous leftright sweep = 4.0780304573218e-06
******************************************************************
The overlap between the current state and state 0 is : -5.76927816053344e-05
The overlap between the current state and state 1 is : -7.58196715008848e-05
***  Information on completed instruction 0:
***     The reduced virtual dimension DSU(2)               = 500
***     Minimum energy encountered during all instructions = -24.4040380629987
***     Minimum energy encountered during the last sweep   = -24.4039882993734
***     Maximum discarded weight during the last sweep     = 0.000159868734191746
******************************************************************
   Stats: nIt(DAVIDSON) = 2
********************************************
***  2-RDM and Correlations calculation  ***
********************************************
   N(N-1)                     = 156
   Double trace of DMRG 2-RDM = 156
   Energy obtained by Heff at edge   = -24.3987248059891
   Econst + 0.5 * trace(2DM-A * Ham) = -24.398724987842
   NOON of irrep A1 = [ 1.96023562679342 , 1.89589404376071 , 1.72673985793625 , 1.63445043149372 , 0.364948864076342 , 0.273362376340662 , 0.104147308510273 , 0.0397733162280881 ].
   NOON of irrep B2 = [ 1.93123661373882 , 1.74639996515454 , 1.00035004881728 , 0.253685704831807 , 0.0687758423180894 ].
   Single-orbital entropies (Hamiltonian index order is used!) = [ 0.286403610471442 , 0.385278230507417 , 0.967659888912279 , 0.867142702638466 , 0.773545711005905 , 0.681303660016366 , 1.35843447537333 , 0.775075401972562 , 0.86599324410929 , 0.69382856961118 , 0.955773351761544 , 0.388734168256583 , 0.266991204859053 ].
   Idistance(0) = 3.20423061469512
   Idistance(1) = 13.7675913365552
   Idistance(2) = 81.6369873012301
***************************************************
***  Timing information 2-RDM and Correlations  ***
***************************************************
***     Elapsed wall time        = 6.124757 seconds
***       |--> MPS gauge change  = 0.027876 seconds
***       |--> Diagram calc      = 2.974619 seconds
***       |--> Tensor update     = 3.120618 seconds
***              |--> create     = 0.062662 seconds
***              |--> destroy    = 0.008799 seconds
***              |--> disk write = 0.121973 seconds
***              |--> disk read  = 0.079557 seconds
***              |--> calc       = 2.847458 seconds
***     Disk write bandwidth     = 2404.10851684389 MB/s
***     Disk read  bandwidth     = 3685.86457665573 MB/s
***************************************************
Info on DMRG::operators rm call to system: 0
