 ************************************************************************
 * CISTAR - CONFIGURATION INTERACTION/PERTURBATION THEORY PROGRAM       *
 * QUANTUM CHEMISTRY GROUP - INDIANA UNIVERSITY - 13Aug 2013  12:13:53  *
 ************************************************************************



 THE TRANSFORMED INTEGRALS ARE TITLED: dumm                                    
 THE FILE IS DATED:                     13Aug 2013  12:13:33 
 THE NUMBER OF ORBITALS FROM FILE 16 IS  14.


                         CI RUN TITLE
                         -- --- -----
 )* H2O  -SINGLET A1-  STO-3G HF SD-CI TEST CASE *


 ) $
 ) $ GENERAL OPTIONS LIST INPUT
 ) $
 )HFSCI      $ REQUEST UP TO SD EXCITATIONS FROM THESE CONFIGURATIONs
 )ISYMMETRY=1     $ SPECIFY Ag OVERALL SYMMETRY
 )MULTIPLICITY=3  $ SPECIFY SPIN MULTIPLICITY
 )END
 TIME TO PROCESS FORMULA FILE = 0.0 CPU SEC. ( 0.0 WALL CLOCK SEC.)

            THE HARTREE-FOCK CONFIGURATION
            --- ------------ -------------
 ) $
 ) $ SPECIFY THE HARTREE-FOCK CONFIGURATION
 ) $
 ) D 1 - 6 S 7 S 8 END $1Ag

               INTERNALLY GENERATED ORBITAL SETS (HF SINGLES CI)
               ---------- --------- ------- --------------------
 MIN. MAX.
 OCC. OCC.
   0   1   00000000111111
  13  14   11111111000000
 THE REFERENCE SPACE CONTAINS   1 SPIN-ADAPTED CONFIGURATIONS.


        61 SPACE ORBITAL PRODUCTS (      133 SPIN-ADAPTED CONFIGURATIONS)
 WERE GENERATED IN     0.0 CPU SECONDS.
 TIME IN DIAGC    0.0


 THE TOTAL NUMBER OF SPACE ORBITAL PRODUCTS IS             61
 THE TOTAL NUMBER OF SPIN-ADAPTED CONFIGURATIONS IS       133
 THE MAX. NUMBER OF SPIN COUPLINGS IN A S.O.P. IS    3
 THERE WILL BE         2 INTEGRAL LOADS UTILIZING  79995967 WORDS OF MEMORY.
 writ50, first, nrec= T       15872
 A TOTAL OF     1830 NONZERO S.O.P. PAIRS WERE FOUND.
 TIME TO FIND (I,J) PAIRS =    0.00 CPU SECONDS.
 THE VALUE OF THE H(1,1) ELEMENT IS  -170.7258315

          HAMILTONIAN MATRIX STORAGE DATA
 I/O   NO. OF    NO. OF     FILE SIZE    PERCENT NONZERO
 FILE  RECORDS   ELEMENTS   (IN BYTES)    IN ALL BLOCKS
  12         4        266         2148
  13         1        108        16004
  20         1       2052        64004
 TOTAL ELAPSED TIME =     0.0 CPU SECONDS AND        0.0 WALL CLOCK SECONDS.
