 ************************************************************************
 * RTSIM - DAVIDSON METHOD SPARSE MATRIX EIGENVALUE/EIGENVECTOR PROGRAM *
 * QUANTUM CHEMISTRY GROUP - INDIANA UNIVERSITY - 11May 2016  14:33:47  *
 ************************************************************************



                 DIAGONALIZATION RUN TITLE
                 -------------------------
 )* WATER TEST *



 ) DAVIDSON
 ) LAST=5
 ) COEFF
 ) NOVLP
 ) MAXITR=1000 END

 THE CI MATRIX IS TITLED:  H2O  -SINGLET A1-  STO-3G HF SD-CI TEST
 THE MATRIX IS DATED:     11May 2016  14:33:47 
 THE SPIN MULTIPLICITY IS 1 AND THE DIMENSION IS  11121.

 ROOTS  1 THROUGH  5 WILL BE OBTAINED.

  
  
  
 AMOUNT OF CORE AVAILABLE                      80000000
 MAXIMUM NUMBER OF VECTORS PER ITERATION              5
 MAXIMUM NUMBER OF VECTORS ON DISK                   25
 NUMBER OF SOLUTIONS SOUGHT                           5
 NUMBER OF SOLUTIONS INVESTIGATED                     5
 SIZE OF MATRIX DIAGONALISED                      11121
  
  
 INITIAL GUESS AT ROOTS (OBTAINED FROM DIAGONAL ELEMENTS OF HAMILTONIAN MATRIX)

                1        -318.45280
               54        -318.45280
               51        -316.73748
               86        -316.73748
               55        -314.81605


 ITERATION       ROOT           EIGENVALUE          NORM OF RESIDUAL
     1             1          -320.03563483              5.02750
     1             2          -317.67305124              5.02867
     1             3          -316.70794971              4.93157
     1             4          -316.31852781              5.00930
     1             5          -314.46144446              5.35651
     2             1          -321.93182010              7.15917
     2             2          -319.37944118              6.74911
     2             3          -318.57187791              9.15513
     2             4          -318.02985096              9.53547
     2             5          -316.21551942             15.14746
     2             1          -321.93182010              2.49677
     2             2          -319.37944118              2.56021
     2             3          -318.57187791              3.03820
     2             4          -318.02985096              2.99278
     2             5          -316.21551942              4.40187
     3             1          -322.23905986              3.79454
     3             2          -319.69252582              3.98186
     3             3          -319.25037026              9.90020
     3             4          -318.53328608              8.15629
     3             5          -317.71779721             11.34705
     3             1          -322.23905986              1.07500
     3             2          -319.69252582              1.11882
     3             3          -319.25037026              2.19563
     3             4          -318.53328608              1.46475
     3             5          -317.71779721              2.65735
     4             1          -322.28850113              1.74155
     4             2          -319.74904867              2.24020
     4             3          -319.60126432              7.66480
     4             4          -318.63226028              3.35894
     4             5          -318.24482085              9.11271
     4             1          -322.28850113              0.46519
     4             2          -319.74904867              0.56258
     4             3          -319.60126432              1.79552
     4             4          -318.63226028              0.81546
     4             5          -318.24482085              1.97236
     5             1          -322.29684814              0.80835
     5             2          -319.79105583            190.83508
     5             3          -319.76230078            192.44238
     5             4          -318.69276563             23.07717
     5             5          -318.61106846             26.34753
  truncating with vlp=false 
 TRUNCATION TO 1 VECTOR PER ROOT HAS BEEN PERFORMED
     5             1          -322.29684814              0.20939
     5             2          -319.79105583              1.12917
     5             3          -319.76230078              0.34069
     5             4          -318.69276563              1.38116
     5             5          -318.61106846              1.67309
     6             1          -322.29814277              0.23725
     6             2          -319.83393098              3.59859
     6             3          -319.76575701              3.22248
     6             4          -318.83695657             26.29037
     6             5          -318.65885589             26.08895
     6             1          -322.29814277              0.09729
     6             2          -319.83393098              0.59106
     6             3          -319.76575701              0.16722
     6             4          -318.83695657              1.23441
     6             5          -318.65885589              0.39833
     7             1          -322.29854680              0.23945
     7             2          -319.85373126              2.46098
     7             3          -319.76739598              1.07880
     7             4          -318.99033428             10.19064
     7             5          -318.66800491              5.20509
     7             1          -322.29854680              0.04948
     7             2          -319.85373126              0.38061
     7             3          -319.76739598              0.11692
     7             4          -318.99033428              1.29650
     7             5          -318.66800491              0.27611
     8             1          -322.29864253              0.13271
     8             2          -319.86274405              2.11435
     8             3          -319.76809143              0.69201
     8             4          -319.09880185              8.68768
     8             5          -318.67205082              1.79105
     8             1          -322.29864253              0.02461
     8             2          -319.86274405              0.24658
     8             3          -319.76809143              0.06463
     8             4          -319.09880185              1.03764
     8             5          -318.67205082              0.22988
     9             1          -322.29866186              0.06347
     9             2          -319.86581121              1.34054
     9             3          -319.76826054              0.29918
     9             4          -319.15505447              7.02845
     9             5          -318.67463394              1.54241
  truncating with vlp=false 
 TRUNCATION TO 1 VECTOR PER ROOT HAS BEEN PERFORMED
     9             1          -322.29866186              0.01166
     9             2          -319.86581121              0.12594
     9             3          -319.76826054              0.03022
     9             4          -319.15505447              0.56928
     9             5          -318.67463394              0.13136
    10             1          -322.29866521              0.01142
    10             2          -319.86631164              0.17734
    10             3          -319.76829029              0.04451
    10             4          -319.16553292              0.87761
    10             5          -318.67519590              0.22642
    10             1          -322.29866521              0.00620
    10             2          -319.86631164              0.06675
    10             3          -319.76829029              0.01770
    10             4          -319.16553292              0.28161
    10             5          -318.67519590              0.07586
    11             1          -322.29866686              0.02140
    11             2          -319.86655046              0.32053
    11             3          -319.76830815              0.08719
    11             4          -319.17057905              1.58405
    11             5          -318.67544185              0.36293
    11             1          -322.29866686              0.00410
    11             2          -319.86655046              0.04738
    11             3          -319.76830815              0.01167
    11             4          -319.17057905              0.21067
    11             5          -318.67544185              0.06531
    12             1          -322.29866753              0.01844
    12             2          -319.86666631              0.31964
    12             3          -319.76831331              0.05484
    12             4          -319.17310365              1.63550
    12             5          -318.67571263              0.50483
    12             1          -322.29866753              0.00213
    12             2          -319.86666631              0.03290
    12             3          -319.76831331              0.00593
    12             4          -319.17310365              0.17306
    12             5          -318.67571263              0.05416
    13             1          -322.29866767              0.00739
    13             2          -319.86671384              0.20983
    13             3          -319.76831476              0.03036
    13             4          -319.17478488              1.58297
    13             5          -318.67582840              0.38146
  truncating with vlp=false 
 TRUNCATION TO 1 VECTOR PER ROOT HAS BEEN PERFORMED
    13             1          -322.29866767              0.00106
    13             2          -319.86671384              0.02012
    13             3          -319.76831476              0.00365
    13             4          -319.17478488              0.12164
    13             5          -318.67582840              0.04365
    14             1          -322.29866770              0.00103
    14             2          -319.86672611              0.02566
    14             3          -319.76831522              0.00525
    14             4          -319.17525420              0.16866
    14             5          -318.67588299              0.08220
    14             1          -322.29866770              0.00051
    14             2          -319.86672611              0.01056
    14             3          -319.76831522              0.00218
    14             4          -319.17525420              0.06653
    14             5          -318.67588299              0.03118
    15             1          -322.29866771              0.00116
    15             2          -319.86673159              0.03765
    15             3          -319.76831550              0.01037
    15             4          -319.17551534              0.30050
    15             5          -318.67594607              0.14355
    15             1          -322.29866771              0.00024
    15             2          -319.86673159              0.00654
    15             3          -319.76831550              0.00162
    15             4          -319.17551534              0.05333
    15             5          -318.67594607              0.02561
    16             1          -322.29866771              0.00071
    16             2          -319.86673377              0.03300
    16             3          -319.76831561              0.00778
    16             4          -319.17566582              0.34000
    16             5          -318.67597614              0.17237
    16             1          -322.29866771              0.00012
    16             2          -319.86673377              0.00404
    16             3          -319.76831561              0.00079
    16             4          -319.17566582              0.03632
    16             5          -318.67597614              0.02333
    17             1          -322.29866771              0.00043
    17             2          -319.86673464              0.02607
    17             3          -319.76831564              0.00402
    17             4          -319.17573855              0.27808
    17             5          -318.67600550              0.18957
  truncating with vlp=false 
 TRUNCATION TO 1 VECTOR PER ROOT HAS BEEN PERFORMED
    17             1          -322.29866771              0.00008
    17             2          -319.86673464              0.00332
    17             3          -319.76831564              0.00057
    17             4          -319.17573855              0.03055
    17             5          -318.67600550              0.02170
     ROOT    ITERATION     NUMBER OF PRODUCTS       EIGENVALUE
       1        17                80                -322.2986677088


    18             2          -319.86673499              0.00382
    18             3          -319.76831565              0.00065
    18             4          -319.17576770              0.03591
    18             5          -318.67601857              0.02840
    18             2          -319.86673499              0.00190
    18             3          -319.76831565              0.00034
    18             4          -319.17576770              0.01795
    18             5          -318.67601857              0.01179
    19             2          -319.86673521              0.00850
    19             3          -319.76831566              0.00148
    19             4          -319.17579139              0.09503
    19             5          -318.67602525              0.04854
    19             2          -319.86673521              0.00158
    19             3          -319.76831566              0.00027
    19             4          -319.17579139              0.01722
    19             5          -318.67602525              0.01111
    20             2          -319.86673534              0.00851
    20             3          -319.76831566              0.00116
    20             4          -319.17580731              0.10993
    20             5          -318.67603097              0.06038
    20             2          -319.86673534              0.00111
    20             3          -319.76831566              0.00015
    20             4          -319.17580731              0.01353
    20             5          -318.67603097              0.00883
    21             2          -319.86673539              0.00632
    21             3          -319.76831566              0.00081
    21             4          -319.17581740              0.10683
    21             5          -318.67603464              0.06647
    21             2          -319.86673539              0.00080
    21             3          -319.76831566              0.00011
    21             4          -319.17581740              0.01157
    21             5          -318.67603464              0.00917
    22             2          -319.86673543              0.00485
    22             3          -319.76831566              0.00077
    22             4          -319.17582452              0.09862
    22             5          -318.67604038              0.10956
  truncating with vlp=false 
 TRUNCATION TO 1 VECTOR PER ROOT HAS BEEN PERFORMED
    22             2          -319.86673543              0.00036
    22             3          -319.76831566              0.00006
    22             4          -319.17582452              0.00602
    22             5          -318.67604038              0.00638
     ROOT    ITERATION     NUMBER OF PRODUCTS       EIGENVALUE
       3        22               100                -319.7683156629


    23             2          -319.86673543              0.00047
    23             4          -319.17582569              0.00942
    23             5          -318.67604148              0.00837
    23             2          -319.86673543              0.00018
    23             4          -319.17582569              0.00325
    23             5          -318.67604148              0.00313
    24             2          -319.86673543              0.00075
    24             4          -319.17582627              0.01682
    24             5          -318.67604190              0.01253
    24             2          -319.86673543              0.00011
    24             4          -319.17582627              0.00214
    24             5          -318.67604190              0.00192
    25             2          -319.86673543              0.00046
    25             4          -319.17582650              0.01135
    25             5          -318.67604203              0.00723
    25             2          -319.86673543              0.00006
    25             4          -319.17582650              0.00138
    25             5          -318.67604203              0.00155
     ROOT    ITERATION     NUMBER OF PRODUCTS       EIGENVALUE
       2        25               109                -319.8667354306


    26             4          -319.17582658              0.00674
    26             5          -318.67604214              0.00843
    26             4          -319.17582658              0.00090
    26             5          -318.67604214              0.00132
    27             4          -319.17582663              0.00599
    27             5          -318.67604224              0.01046
    27             4          -319.17582663              0.00073
    27             5          -318.67604224              0.00119
    28             4          -319.17582666              0.00610
    28             5          -318.67604232              0.01093
    28             4          -319.17582666              0.00060
    28             5          -318.67604232              0.00091
    29             4          -319.17582668              0.00537
    29             5          -318.67604236              0.00779
    29             4          -319.17582668              0.00049
    29             5          -318.67604236              0.00061
    30             4          -319.17582669              0.00339
    30             5          -318.67604237              0.00577
  truncating with vlp=false 
 TRUNCATION TO 1 VECTOR PER ROOT HAS BEEN PERFORMED
    30             4          -319.17582669              0.00023
    30             5          -318.67604237              0.00035
    31             4          -319.17582669              0.00025
    31             5          -318.67604238              0.00036
    31             4          -319.17582669              0.00015
    31             5          -318.67604238              0.00022
    32             4          -319.17582669              0.00053
    32             5          -318.67604238              0.00072
    32             4          -319.17582669              0.00010
    32             5          -318.67604238              0.00015
     ROOT    ITERATION     NUMBER OF PRODUCTS       EIGENVALUE
       4        32               123                -319.1758266922


    33             5          -318.67604238              0.00080
    33             5          -318.67604238              0.00016
    34             5          -318.67604238              0.00048
    34             5          -318.67604238              0.00014
    35             5          -318.67604238              0.00060
    35             5          -318.67604238              0.00010
     ROOT    ITERATION     NUMBER OF PRODUCTS       EIGENVALUE
       5        35               126                -318.6760423836


  all roots converged 
  

 ************************************
 COMPLETED CI VECTOR OPTIMISATION
 ************************************





 ********************************
 RESULTS FOR ROOT   01
 TOTAL CI ENERGY =   -322.2986677
 ********************************

       CONF.                                                                           COEFF.
        NO.        SPACE ORBITAL PRODUCTS                                             CONTRIB.      CI COEFFICIENTS

       -----       ----------------------                                             --------   ---------------------
   1.     1   D 1 - 2 S 3 ; D 1 - 2 ; S 1 ; D 1  END                                    0.5578    0.55784
   2.    41   D 1 - 2 ; D 1 S 2 ; D 1 ; D 1 S 2  END                                    0.5508    0.55083
   3.    38   D 1 - 2 ; D 1 - 2 S 3 ; D 1 ; S 1  END                                    0.3060   -0.30603
   4.    60   D 1 S 2 ; D 1 - 2 ; D 1 S 2 ; D 1  END                                    0.3036   -0.30364
   5.    29   D 1 - 2 S 3 - 4 ; D 1 S 2 ; D 1 ; S 1  END                                0.0816   -0.01346  0.08050
   6.    36   D 1 - 2 S 3 ; S 1 - 2 ; D 1 S 2 ; D 1  END                                0.0812   -0.06248  0.05184
   7.     2   D 1 - 3 ; D 1 S 2 ; D 1 ; S 1  END                                        0.0752    0.07521
   8.    32   D 1 - 2 S 3 ; D 1 ; D 1 S 2 ; D 1  END                                    0.0747    0.07468
   9.    31   D 1 - 2 S 3 ; D 1 S 2 S 4 ; S 1 ; D 1  END                                0.0746   -0.07296 -0.01566
  10.    82   S 1 D 2 S 3 ; D 1 S 2 ; D 1 ; D 1 S 2  END                                0.0746   -0.04987 -0.05546
  11.   257   D 1 - 2 ; S 1 D 2 ; S 1 - 2 ; D 1 S 2  END                                0.0633    0.00827 -0.06274
  12.   231   D 1 - 2 S 4 ; D 1 - 2 ; S 1 ; S 1 - 2  END                                0.0632    0.05010 -0.03850
  13.    34   D 1 - 2 S 3 ; S 1 D 2 S 3 ; S 1 ; D 1  END                                0.0615    0.05392  0.02958
  14.    57   D 1 S 2 - 4 ; D 1 - 2 ; S 1 ; D 1  END                                    0.0614   -0.04684  0.03973
  15.   181   D 1 - 2 S 3 ; D 1 S 2 - 3 ; S 1 ; S 1 - 2  END                            0.0605   -0.04413  0.00646 -0.01782  0.02268
                                                                                                 -0.02888
  16.   259   D 1 - 2 ; S 1 - 3 ; D 1 ; D 1 S 2  END                                    0.0600   -0.01058  0.05904
  17.   341   D 1 S 2 - 3 ; D 1 S 2 ; S 1 - 2 ; D 1 S 2  END                            0.0598   -0.04372 -0.01773  0.03636 -0.00368
                                                                                                 -0.00443
  18.   369   D 1 S 2 S 4 ; D 1 S 2 ; D 1 ; D 1 S 2  END                                0.0595   -0.05092 -0.03083
  19.   243   D 1 - 2 S 4 ; D 1 S 2 - 3 ; S 1 ; D 1  END                                0.0580    0.05403  0.02099
  20.    59   D 1 S 2 - 3 ; S 1 D 2 ; D 1 ; D 1 S 2  END                                0.0577   -0.04514 -0.03594
  21.     3   D 1 - 3 ; S 1 D 2 ; D 1 ; S 1  END                                        0.0542   -0.05423
  22.   246   D 1 - 2 S 4 ; D 1 ; D 1 S 2 ; D 1  END                                    0.0525   -0.05251
  23.   234   D 1 - 2 S 4 ; D 1 - 2 ; S 2 ; D 1  END                                    0.0500    0.04995
  24.   328   D 1 S 2 - 3 ; D 1 - 2 S 3 ; S 1 - 2 ; S 1  END                            0.0490    0.03662 -0.00133 -0.01773  0.01570
                                                                                                  0.02223
  25.   254   D 1 - 2 ; S 1 D 2 ; D 1 ; S 1 D 2  END                                    0.0487    0.04872
  26.    79   S 1 D 2 S 3 ; D 1 - 2 S 3 ; D 1 ; S 1  END                                0.0480    0.03343 -0.03449
  27.    56   D 1 S 2 - 3 ; D 1 - 2 S 4 ; D 1 ; S 1  END                                0.0466   -0.03404  0.03185
  28.   371   D 1 S 2 ; D 1 S 2 S 4 ; D 1 S 2 ; D 1  END                                0.0465   -0.01261  0.04476
  29.   233   D 1 - 2 ; D 1 - 2 S 4 ; S 1 - 2 ; S 1  END                                0.0459   -0.04017 -0.02218
  30.   535   S 1 D 2 ; D 1 S 2 - 3 ; D 1 S 2 ; D 1  END                                0.0454    0.01000 -0.04432
  31.  1290   D 1 S 2 ; D 1 S 2 - 3 ; D 1 S 2 ; S 1 - 2  END                            0.0454    0.03392  0.01430  0.00594 -0.02534
                                                                                                  0.00523
  32.     5   S 1 D 2 - 3 ; D 1 - 2 ; S 1 ; D 1  END                                    0.0454    0.04539
  33.   527   S 1 D 2 ; D 1 - 2 ; D 1 S 2 ; S 1 - 2  END                                0.0449   -0.03847 -0.02317
  34.   248   D 1 - 2 ; D 1 S 4 ; D 1 ; D 1 S 2  END                                    0.0438   -0.04385
  35.    90   S 1 - 3 ; D 1 - 2 ; D 1 S 2 ; D 1  END                                    0.0412   -0.00356 -0.04109
  36.   236   D 1 - 2 ; D 1 - 2 S 4 ; ; D 1 S 2  END                                    0.0410    0.04102
  37.   533   S 1 D 2 ; D 1 - 2 ; S 1 ; D 1 - 2  END                                    0.0408   -0.04084
  38.   239   D 1 - 2 ; D 1 S 2 - 4 ; D 1 ; S 1  END                                    0.0405   -0.03658  0.01746
  39.   176   D 1 - 2 S 3 ; D 1 - 2 ; S 2 ; S 1 - 2  END                                0.0392    0.03331  0.02067
  40.   360   D 1 S 2 S 4 ; D 1 - 2 S 3 ; D 1 ; S 1  END                                0.0387    0.03066 -0.02367
  41.   373   D 1 S 2 ; S 1 D 2 S 3 ; D 1 S 2 ; D 1  END                                0.0386    0.00538 -0.03820
  42.   954   D 1 - 2 ; D 1 S 2 ; S 1 - 2 ; S 1 D 2  END                                0.0377   -0.03318 -0.01785
  43.   365   D 1 S 2 ; D 1 - 2 S 3 - 4 ; S 1 ; D 1  END                                0.0366    0.03025 -0.02065
  44.   532   S 1 D 2 ; D 1 - 2 ; S 1 D 2 ; D 1  END                                    0.0362   -0.03619
  45.    47   D 1 S 2 D 3 ; D 1 S 2 - 3 ; S 1 ; D 1  END                                0.0360   -0.01090  0.03431
  46.   592   S 1 - 2 ; D 1 - 2 S 3 ; D 1 ; D 1 S 2  END                                0.0358   -0.00245  0.03576
  47.   230   D 1 - 2 ; D 1 - 2 S 4 ; D 1 ; S 2  END                                    0.0357    0.03569
  48.    39   D 1 - 2 ; D 1 - 2 S 4 ; D 1 ; S 1  END                                    0.0347   -0.03475
  49.    84   S 1 D 2 ; D 1 - 2 ; D 1 S 2 ; D 1  END                                    0.0347    0.03474
  50.   343   D 1 S 2 - 3 ; D 1 S 3 ; D 1 ; D 1 S 2  END                                0.0347   -0.02337  0.02565
  51.    27   D 1 - 2 S 3 ; D 1 - 2 ; S 1 ; S 1 - 2  END                                0.0339   -0.03380  0.00256
  52.    28   D 1 - 2 S 3 ; D 1 - 2 ; S 2 ; D 1  END                                    0.0334   -0.03336
  53.   245   D 1 - 2 ; D 1 S 2 ; S 1 - 2 ; D 1 S 2  END                                0.0333    0.01435  0.03007
  54.   242   D 1 - 2 ; D 1 S 2 ; D 1 ; S 1 D 2  END                                    0.0320   -0.03200
  55.   173   D 1 - 2 S 3 ; D 1 - 2 ; S 1 ; D 2  END                                    0.0317   -0.03173
  56.   961   D 1 - 2 ; D 1 S 2 ; D 2 ; D 1 S 2  END                                    0.0311   -0.03115
  57.    45   D 1 S 2 D 3 ; D 1 - 2 ; S 2 ; D 1  END                                    0.0304   -0.03038
  58.   193   D 1 - 2 S 3 ; D 1 ; S 1 D 2 ; D 1  END                                    0.0298   -0.02983
  59.     9   D 1 - 3 ; D 1 S 2 ; D 1 ; S 2  END                                        0.0298   -0.02978
  60.    11   D 1 - 3 ; D 1 S 2 ; ; D 1 S 2  END                                        0.0298    0.02977
  61.    12   D 1 - 3 ; D 1 S 3 ; D 1 ; S 1  END                                        0.0293    0.02925
  62.   194   D 1 - 2 S 3 ; D 1 ; S 1 ; D 1 - 2  END                                    0.0292    0.02919
  63.    49   D 1 S 2 D 3 ; D 1 ; D 1 S 2 ; D 1  END                                    0.0290    0.02904
  64.   228   D 1 - 2 S 4 ; D 1 - 2 ; D 1 S 2  END                                      0.0286    0.02860
  65.   968   D 1 - 2 ; D 1 S 3 ; D 1 ; S 1 D 2  END                                    0.0284   -0.02840
  66.   253   D 1 - 2 ; S 1 D 2 ; D 1 - 2 ; S 1  END                                    0.0284    0.02839
  67.    30   D 1 - 2 S 3 ; D 1 S 2 - 3 ; S 1 ; D 1  END                                0.0278   -0.00245  0.02770
  68.    58   D 1 S 2 - 3 ; D 1 S 2 ; D 1 ; D 1 S 2  END                                0.0271   -0.02211  0.01571
  69.   190   D 1 - 2 S 3 ; D 1 D 3 ; S 1 ; D 1  END                                    0.0264   -0.02637
  70.   250   D 1 - 2 ; S 1 D 2 - 3 ; D 1 ; S 1  END                                    0.0261   -0.02608
  71.    64   D 1 D 3 ; D 1 S 2 ; D 1 ; D 1 S 2  END                                    0.0258   -0.02581
  72.   426   D 1 S 4 ; D 1 - 2 ; D 1 S 2 ; D 1  END                                    0.0256   -0.02557
  73.   518   S 1 D 2 S 3 ; S 1 D 2 ; S 1 - 2 ; D 1 S 2  END                            0.0254    0.00257 -0.00012 -0.00208  0.02146
                                                                                                  0.01319
  74.   529   S 1 D 2 ; D 1 - 3 ; S 1 ; D 1  END                                        0.0254    0.02537
  75.   172   D 1 - 2 S 3 ; D 1 - 2 ; S 1 D 2  END                                      0.0249   -0.02492
  76.   428   D 1 ; D 1 - 2 S 4 ; D 1 ; D 1 S 2  END                                    0.0245   -0.02452
  77.   950   D 1 - 2 S 4 ; D 1 S 2 S 4 ; S 1 ; S 1 - 2  END                            0.0245   -0.00252 -0.01756 -0.01043  0.01230
                                                                                                  0.00500
  78.    66   D 1 S 3 ; D 1 - 2 ; D 1 S 2 ; D 1  END                                    0.0240   -0.02404
  79.   238   D 1 - 2 ; D 1 S 2 D 3 ; D 1 ; S 1  END                                    0.0239   -0.02390
  80.   340   D 1 S 2 - 4 ; D 1 S 2 S 4 ; S 1 ; D 1  END                                0.0237   -0.01317 -0.00854 -0.01445  0.00965
                                                                                                 -0.00346
  81.   947   D 1 - 2 ; D 1 S 2 ; D 1 - 2 ; S 2  END                                    0.0232   -0.02320
  82.   520   S 1 D 2 S 3 ; S 1 - 3 ; D 1 ; D 1 S 2  END                                0.0230    0.00053  0.01527  0.01502  0.00666
                                                                                                  0.00498
  83.    55   D 1 S 2 - 3 ; D 1 - 2 S 3 ; D 1 ; S 1  END                                0.0225    0.02220  0.00339
  84.   930   D 1 - 2 ; D 1 - 2 S 3 ; S 1 - 2 ; S 2  END                                0.0224   -0.00084  0.02242
  85.  1277   D 1 S 2 ; D 1 - 2 ; S 1 D 2 ; S 1 - 2  END                                0.0219   -0.01846  0.01187
  86.   370   D 1 S 2 ; D 1 S 2 - 3 ; D 1 S 2 ; D 1  END                                0.0217   -0.01350 -0.01693
  87.   364   D 1 S 2 ; D 1 - 3 ; S 1 ; D 1  END                                        0.0214    0.02139
  88.     4   D 1 S 2 D 3 ; D 1 - 2 ; S 1 ; D 1  END                                    0.0208    0.02083
  89.   427   D 1 ; D 1 - 2 S 3 ; D 1 ; D 1 S 2  END                                    0.0208    0.02079
  90.   232   D 1 - 2 ; D 1 - 2 S 3 ; S 1 - 2 ; S 1  END                                0.0203    0.00995  0.01773
  91.   198   D 1 - 2 S 3 - 4 ; S 1 D 2 ; S 1 - 2 ; S 1  END                            0.0203    0.01662  0.00706  0.00571  0.00464
                                                                                                 -0.00564
  92.   415   D 1 S 3 ; D 1 - 3 ; S 1 ; D 1  END                                        0.0202   -0.02020
  93.    80   S 1 D 2 S 3 ; D 1 - 2 S 4 ; D 1 ; S 1  END                                0.0202    0.00974 -0.01767
  94.   362   D 1 S 2 ; D 1 - 2 ; D 1 S 2 ; S 1 - 2  END                                0.0200   -0.02002  0.00023
  95.   247   D 1 - 2 ; D 1 S 3 ; D 1 ; D 1 S 2  END                                    0.0200    0.01996
  96.   536   S 1 D 2 ; D 1 S 2 S 4 ; D 1 S 2 ; D 1  END                                0.0196    0.01006 -0.01677
  97.  1001   D 1 - 2 S 4 ; S 1 - 2 ; D 1 S 2 ; S 1 - 2  END                            0.0193    0.01575  0.00211  0.00727  0.00811
                                                                                                 -0.00026
  98.    44   D 1 S 2 D 3 ; D 1 - 2 ; S 1 ; S 1 - 2  END                                0.0189   -0.01243  0.01427
  99.  1496   D 1 ; D 1 S 2 D 3 ; D 1 ; D 1 S 2  END                                    0.0189   -0.01888
 100.   334   D 1 S 2 - 3 ; D 1 S 2 D 3 ; D 1 ; S 1  END                                0.0188    0.01333  0.01326




 POSITION OF FIRST SPIN COUPLING FOR TEN MOST IMPORTANT CONFIGURATIONS
       1     54     51     86     35     48      2     41     39    119



 ********************************
 RESULTS FOR ROOT   02
 TOTAL CI ENERGY =   -319.8667354
 ********************************

       CONF.                                                                           COEFF.
        NO.        SPACE ORBITAL PRODUCTS                                             CONTRIB.      CI COEFFICIENTS

       -----       ----------------------                                             --------   ---------------------
   1.    60   D 1 S 2 ; D 1 - 2 ; D 1 S 2 ; D 1  END                                    0.3658   -0.36577
   2.    38   D 1 - 2 ; D 1 - 2 S 3 ; D 1 ; S 1  END                                    0.3619   -0.36193
   3.    40   D 1 - 2 S 4 ; D 1 - 2 ; S 1 ; D 1  END                                    0.3003    0.30034
   4.    42   D 1 - 2 ; S 1 D 2 ; D 1 ; D 1 S 2  END                                    0.2928    0.29279
   5.     1   D 1 - 2 S 3 ; D 1 - 2 ; S 1 ; D 1  END                                    0.1918   -0.19185
   6.    27   D 1 - 2 S 3 ; D 1 - 2 ; S 1 ; S 1 - 2  END                                0.1835    0.17312 -0.06074
   7.     2   D 1 - 3 ; D 1 S 2 ; D 1 ; S 1  END                                        0.1792   -0.17915
   8.   245   D 1 - 2 ; D 1 S 2 ; S 1 - 2 ; D 1 S 2  END                                0.1788   -0.02952 -0.17638
   9.    28   D 1 - 2 S 3 ; D 1 - 2 ; S 2 ; D 1  END                                    0.1724    0.17238
  10.    32   D 1 - 2 S 3 ; D 1 ; D 1 S 2 ; D 1  END                                    0.1689   -0.16893
  11.   242   D 1 - 2 ; D 1 S 2 ; D 1 ; S 1 D 2  END                                    0.1600    0.16000
  12.    39   D 1 - 2 ; D 1 - 2 S 4 ; D 1 ; S 1  END                                    0.1557    0.15566
  13.    84   S 1 D 2 ; D 1 - 2 ; D 1 S 2 ; D 1  END                                    0.1544   -0.15436
  14.    41   D 1 - 2 ; D 1 S 2 ; D 1 ; D 1 S 2  END                                    0.1288   -0.12877
  15.   232   D 1 - 2 ; D 1 - 2 S 3 ; S 1 - 2 ; S 1  END                                0.1128    0.09900  0.05407
  16.   362   D 1 S 2 ; D 1 - 2 ; D 1 S 2 ; S 1 - 2  END                                0.1104   -0.09501 -0.05614
  17.     4   D 1 S 2 D 3 ; D 1 - 2 ; S 1 ; D 1  END                                    0.1011   -0.10107
  18.    30   D 1 - 2 S 3 ; D 1 S 2 - 3 ; S 1 ; D 1  END                                0.1005    0.03118 -0.09553
  19.   367   D 1 S 2 ; D 1 - 2 ; S 1 D 2 ; D 1  END                                    0.0937   -0.09367
  20.   229   D 1 - 2 ; D 1 - 2 S 3 ; D 1 ; S 2  END                                    0.0927   -0.09271
  21.   247   D 1 - 2 ; D 1 S 3 ; D 1 ; D 1 S 2  END                                    0.0925   -0.09253
  22.    58   D 1 S 2 - 3 ; D 1 S 2 ; D 1 ; D 1 S 2  END                                0.0875    0.05803 -0.06551
  23.    26   D 1 - 2 S 3 ; D 1 - 2 ; D 1 S 2  END                                      0.0821    0.08212
  24.   241   D 1 - 2 ; D 1 S 2 ; D 1 - 2 ; S 1  END                                    0.0816    0.08163
  25.    82   S 1 D 2 S 3 ; D 1 S 2 ; D 1 ; D 1 S 2  END                                0.0640    0.01061  0.06308
  26.    31   D 1 - 2 S 3 ; D 1 S 2 S 4 ; S 1 ; D 1  END                                0.0633    0.05953 -0.02166
  27.    36   D 1 - 2 S 3 ; S 1 - 2 ; D 1 S 2 ; D 1  END                                0.0620    0.01613 -0.05992
  28.   239   D 1 - 2 ; D 1 S 2 - 4 ; D 1 ; S 1  END                                    0.0610   -0.04373  0.04250
  29.    29   D 1 - 2 S 3 - 4 ; D 1 S 2 ; D 1 ; S 1  END                                0.0603    0.04135 -0.04384
  30.    90   S 1 - 3 ; D 1 - 2 ; D 1 S 2 ; D 1  END                                    0.0600    0.01716 -0.05754
  31.   364   D 1 S 2 ; D 1 - 3 ; S 1 ; D 1  END                                        0.0587    0.05869
  32.   427   D 1 ; D 1 - 2 S 3 ; D 1 ; D 1 S 2  END                                    0.0567    0.05665
  33.   368   D 1 S 2 ; D 1 - 2 ; S 1 ; D 1 - 2  END                                    0.0551   -0.05511
  34.   235   D 1 - 2 ; D 1 - 2 S 3 ; ; D 1 S 2  END                                    0.0543   -0.05433
  35.    57   D 1 S 2 - 4 ; D 1 - 2 ; S 1 ; D 1  END                                    0.0492   -0.03435 -0.03524
  36.    33   D 1 - 2 S 3 - 4 ; S 1 D 2 ; D 1 ; S 1  END                                0.0481   -0.02700  0.03976
  37.    35   D 1 - 2 S 3 ; S 1 D 2 S 4 ; S 1 ; D 1  END                                0.0479   -0.02243  0.04234
  38.   258   D 1 - 2 S 4 ; S 1 - 2 ; D 1 S 2 ; D 1  END                                0.0467   -0.01968  0.04232
  39.    83   S 1 D 2 S 3 ; S 1 D 2 ; D 1 ; D 1 S 2  END                                0.0464   -0.03852 -0.02582
  40.   259   D 1 - 2 ; S 1 - 3 ; D 1 ; D 1 S 2  END                                    0.0460    0.04289  0.01657
  41.   244   D 1 - 2 S 4 ; D 1 S 2 S 4 ; S 1 ; D 1  END                                0.0455   -0.04128 -0.01907
  42.   534   S 1 D 2 S 4 ; D 1 S 2 ; D 1 ; D 1 S 2  END                                0.0445    0.02188 -0.03874
  43.   373   D 1 S 2 ; S 1 D 2 S 3 ; D 1 S 2 ; D 1  END                                0.0444    0.00735 -0.04383
  44.   360   D 1 S 2 S 4 ; D 1 - 2 S 3 ; D 1 ; S 1  END                                0.0444    0.03422 -0.02830
  45.    37   D 1 - 2 S 3 ; D 2 ; D 1 S 2 ; D 1  END                                    0.0429   -0.04294
  46.   243   D 1 - 2 S 4 ; D 1 S 2 - 3 ; S 1 ; D 1  END                                0.0422    0.03235  0.02704
  47.   237   D 1 - 2 D 4 ; D 1 S 2 ; D 1 ; S 1  END                                    0.0422   -0.04215
  48.   253   D 1 - 2 ; S 1 D 2 ; D 1 - 2 ; S 1  END                                    0.0414    0.04138
  49.   228   D 1 - 2 S 4 ; D 1 - 2 ; D 1 S 2  END                                      0.0414    0.04136
  50.   211   D 1 - 2 S 3 ; S 1 - 2 ; S 1 D 2 ; D 1  END                                0.0408   -0.03746  0.01624
  51.    59   D 1 S 2 - 3 ; S 1 D 2 ; D 1 ; D 1 S 2  END                                0.0408   -0.03638 -0.01844
  52.   180   D 1 - 2 S 3 - 4 ; D 1 S 2 ; S 1 - 2 ; S 1  END                            0.0398   -0.01493 -0.00093 -0.02826  0.02066
                                                                                                 -0.01158
  53.    79   S 1 D 2 S 3 ; D 1 - 2 S 3 ; D 1 ; S 1  END                                0.0398    0.03703  0.01446
  54.   177   D 1 - 2 S 3 - 4 ; D 1 S 2 ; D 1 ; S 2  END                                0.0397    0.00416  0.03946
  55.   371   D 1 S 2 ; D 1 S 2 S 4 ; D 1 S 2 ; D 1  END                                0.0380    0.02748  0.02632
  56.   206   D 1 - 2 S 3 ; S 1 - 2 ; D 1 S 2 ; S 1 - 2  END                            0.0378   -0.01420 -0.01254  0.02517 -0.02086
                                                                                                  0.00018
  57.   363   D 1 S 2 D 4 ; D 1 - 2 ; S 1 ; D 1  END                                    0.0358    0.03580
  58.   262   D 1 - 2 ; D 2 S 3 ; D 1 ; D 1 S 2  END                                    0.0349    0.03488
  59.    56   D 1 S 2 - 3 ; D 1 - 2 S 4 ; D 1 ; S 1  END                                0.0345   -0.03448  0.00125
  60.   535   S 1 D 2 ; D 1 S 2 - 3 ; D 1 S 2 ; D 1  END                                0.0344   -0.01447 -0.03124
  61.    55   D 1 S 2 - 3 ; D 1 - 2 S 3 ; D 1 ; S 1  END                                0.0344    0.01229 -0.03213
  62.    81   S 1 D 2 S 3 - 4 ; D 1 - 2 ; S 1 ; D 1  END                                0.0343   -0.00986 -0.03286
  63.    53   D 1 S 2 D 3 ; S 1 - 2 ; D 1 S 2 ; D 1  END                                0.0341    0.02484 -0.02341
  64.   186   D 1 - 2 S 3 - 4 ; D 1 S 3 ; D 1 ; S 1  END                                0.0336    0.00760 -0.03275
  65.   193   D 1 - 2 S 3 ; D 1 ; S 1 D 2 ; D 1  END                                    0.0326    0.03258
  66.   506   S 1 D 2 S 3 ; D 1 S 2 ; S 1 - 2 ; D 1 S 2  END                            0.0324   -0.00007  0.00608  0.01088  0.02614
                                                                                                  0.01452
  67.   255   D 1 - 2 S 4 ; S 1 D 2 S 3 ; S 1 ; D 1  END                                0.0321    0.01472  0.02849
  68.   260   D 1 - 2 ; S 1 - 2 S 4 ; D 1 ; D 1 S 2  END                                0.0318   -0.03119  0.00642
  69.   370   D 1 S 2 ; D 1 S 2 - 3 ; D 1 S 2 ; D 1  END                                0.0317    0.01799 -0.02614
  70.     9   D 1 - 3 ; D 1 S 2 ; D 1 ; S 2  END                                        0.0317    0.03173
  71.   372   D 1 S 2 S 4 ; S 1 D 2 ; D 1 ; D 1 S 2  END                                0.0314   -0.03139  0.00182
  72.   426   D 1 S 4 ; D 1 - 2 ; D 1 S 2 ; D 1  END                                    0.0306   -0.03063
  73.   182   D 1 - 2 S 3 ; D 1 S 2 S 4 ; S 1 ; S 1 - 2  END                            0.0306    0.00165 -0.02740 -0.01140  0.00111
                                                                                                  0.00732
  74.   250   D 1 - 2 ; S 1 D 2 - 3 ; D 1 ; S 1  END                                    0.0305   -0.03048
  75.   327   D 1 S 2 - 4 ; D 1 - 2 ; S 1 ; S 1 - 2  END                                0.0300   -0.02258 -0.00677  0.01491 -0.00039
                                                                                                  0.01111
  76.   361   D 1 S 2 S 4 ; D 1 - 2 S 4 ; D 1 ; S 1  END                                0.0296   -0.02749  0.01109
  77.   538   S 1 D 2 ; S 1 D 2 S 3 ; D 1 S 2 ; D 1  END                                0.0296   -0.00367 -0.02934
  78.   185   D 1 - 2 S 3 ; D 1 S 2 S 4 ; S 2 ; D 1  END                                0.0286   -0.02857 -0.00158
  79.   503   S 1 D 2 S 3 ; D 1 S 2 ; D 1 ; S 1 D 2  END                                0.0282   -0.01653 -0.02287
  80.   341   D 1 S 2 - 3 ; D 1 S 2 ; S 1 - 2 ; D 1 S 2  END                            0.0280   -0.02256 -0.00208  0.01022  0.00168
                                                                                                 -0.01278
  81.   353   D 1 S 2 - 3 ; S 1 D 2 ; S 1 - 2 ; D 1 S 2  END                            0.0274   -0.01587 -0.00877  0.01304 -0.00185
                                                                                                  0.01570
  82.    45   D 1 S 2 D 3 ; D 1 - 2 ; S 2 ; D 1  END                                    0.0272    0.02720
  83.  1013   D 1 - 2 ; S 1 - 3 ; S 1 - 2 ; D 1 S 2  END                                0.0272   -0.02026  0.01197 -0.01067  0.00301
                                                                                                 -0.00794
  84.   949   D 1 - 2 S 4 ; D 1 S 2 - 3 ; S 1 ; S 1 - 2  END                            0.0268   -0.01528  0.01504 -0.01421 -0.00024
                                                                                                 -0.00758
  85.   238   D 1 - 2 ; D 1 S 2 D 3 ; D 1 ; S 1  END                                    0.0263    0.02628
  86.   251   D 1 - 2 ; S 1 D 2 S 3 - 4 ; D 1 ; S 1  END                                0.0260   -0.01635 -0.02022
  87.   591   S 1 - 2 S 4 ; D 1 - 2 ; D 1 S 2 ; D 1  END                                0.0257   -0.02532 -0.00464
  88.   805   D 1 - 2 S 3 ; D 1 S 2 - 3 ; S 2 ; S 1 - 2  END                            0.0257   -0.02102 -0.00391 -0.00366  0.00551
                                                                                                 -0.01253
  89.    66   D 1 S 3 ; D 1 - 2 ; D 1 S 2 ; D 1  END                                    0.0252    0.02523
  90.   199   D 1 - 2 S 3 ; S 1 D 2 S 3 ; S 1 ; S 1 - 2  END                            0.0252    0.00801  0.01782  0.00753 -0.01002
                                                                                                 -0.00972
  91.   339   D 1 S 2 - 4 ; D 1 S 2 - 3 ; S 1 ; D 1  END                                0.0250   -0.01677  0.00205 -0.01327 -0.01281
                                                                                                  0.00059
  92.   790   D 1 - 2 S 3 ; D 1 - 2 ; S 2 ; D 2  END                                    0.0248   -0.02476
  93.  1272   D 1 S 2 S 4 ; D 1 - 2 S 3 ; S 1 - 2 ; S 1  END                            0.0246    0.01506 -0.01385  0.00293 -0.00224
                                                                                                  0.01311
  94.  1173   D 1 S 2 - 3 ; D 1 S 2 ; S 1 - 2 ; S 1 D 2  END                            0.0244   -0.02046 -0.00839  0.00747  0.00054
                                                                                                 -0.00723
  95.    46   D 1 S 2 D 3 S 4 ; D 1 S 2 ; D 1 ; S 1  END                                0.0242    0.02373 -0.00479
  96.  1277   D 1 S 2 ; D 1 - 2 ; S 1 D 2 ; S 1 - 2  END                                0.0242   -0.01875  0.01524
  97.   188   D 1 - 2 S 3 ; D 1 ; D 1 S 2 ; S 1 - 2  END                                0.0241    0.02268  0.00829
  98.  2474   D 1 - 2 ; D 1 S 2 ; D 2 ; S 1 D 2  END                                    0.0241   -0.02413
  99.   930   D 1 - 2 ; D 1 - 2 S 3 ; S 1 - 2 ; S 2  END                                0.0238   -0.00398  0.02350
 100.  1313   D 1 S 2 ; S 1 D 2 S 3 ; D 1 S 2 ; S 1 - 2  END                            0.0238    0.01428  0.00640 -0.01399 -0.00851
                                                                                                 -0.00737




 POSITION OF FIRST SPIN COUPLING FOR TEN MOST IMPORTANT CONFIGURATIONS
      86     51     53     55      1     32      2    411     34     41



 ********************************
 RESULTS FOR ROOT   03
 TOTAL CI ENERGY =   -319.7683157
 ********************************

       CONF.                                                                           COEFF.
        NO.        SPACE ORBITAL PRODUCTS                                             CONTRIB.      CI COEFFICIENTS

       -----       ----------------------                                             --------   ---------------------
   1.    41   D 1 - 2 ; D 1 S 2 ; D 1 ; D 1 S 2  END                                    0.6453    0.64526
   2.     1   D 1 - 2 S 3 ; D 1 - 2 ; S 1 ; D 1  END                                    0.6191   -0.61906
   3.    58   D 1 S 2 - 3 ; D 1 S 2 ; D 1 ; D 1 S 2  END                                0.1239   -0.08494  0.09017
   4.    30   D 1 - 2 S 3 ; D 1 S 2 - 3 ; S 1 ; D 1  END                                0.1149    0.03236 -0.11027
   5.    32   D 1 - 2 S 3 ; D 1 ; D 1 S 2 ; D 1  END                                    0.0996    0.09957
   6.     2   D 1 - 3 ; D 1 S 2 ; D 1 ; S 1  END                                        0.0813   -0.08132
   7.    11   D 1 - 3 ; D 1 S 2 ; ; D 1 S 2  END                                        0.0813   -0.08126
   8.   194   D 1 - 2 S 3 ; D 1 ; S 1 ; D 1 - 2  END                                    0.0805    0.08051
   9.   181   D 1 - 2 S 3 ; D 1 S 2 - 3 ; S 1 ; S 1 - 2  END                            0.0730    0.03479  0.03023  0.03035 -0.04445
                                                                                                  0.01747
  10.   341   D 1 S 2 - 3 ; D 1 S 2 ; S 1 - 2 ; D 1 S 2  END                            0.0711   -0.03225 -0.01451  0.03512 -0.03930
                                                                                                 -0.03196
  11.    38   D 1 - 2 ; D 1 - 2 S 3 ; D 1 ; S 1  END                                    0.0665    0.06648
  12.   259   D 1 - 2 ; S 1 - 3 ; D 1 ; D 1 S 2  END                                    0.0602   -0.03555  0.04863
  13.    57   D 1 S 2 - 4 ; D 1 - 2 ; S 1 ; D 1  END                                    0.0590    0.02756 -0.05220
  14.   242   D 1 - 2 ; D 1 S 2 ; D 1 ; S 1 D 2  END                                    0.0585   -0.05854
  15.   245   D 1 - 2 ; D 1 S 2 ; S 1 - 2 ; D 1 S 2  END                                0.0538    0.04718  0.02583
  16.    42   D 1 - 2 ; S 1 D 2 ; D 1 ; D 1 S 2  END                                    0.0535   -0.05353
  17.    59   D 1 S 2 - 3 ; S 1 D 2 ; D 1 ; D 1 S 2  END                                0.0517    0.03290 -0.03983
  18.   243   D 1 - 2 S 4 ; D 1 S 2 - 3 ; S 1 ; D 1  END                                0.0507   -0.02042  0.04641
  19.   246   D 1 - 2 S 4 ; D 1 ; D 1 S 2 ; D 1  END                                    0.0492   -0.04916
  20.     3   D 1 - 3 ; S 1 D 2 ; D 1 ; S 1  END                                        0.0488    0.04881
  21.    34   D 1 - 2 S 3 ; S 1 D 2 S 3 ; S 1 ; D 1  END                                0.0484   -0.04052 -0.02648
  22.   369   D 1 S 2 S 4 ; D 1 S 2 ; D 1 ; D 1 S 2  END                                0.0476   -0.04327 -0.01993
  23.    27   D 1 - 2 S 3 ; D 1 - 2 ; S 1 ; S 1 - 2  END                                0.0453    0.02781  0.03582
  24.   176   D 1 - 2 S 3 ; D 1 - 2 ; S 2 ; S 1 - 2  END                                0.0449   -0.03590 -0.02694
  25.     5   S 1 D 2 - 3 ; D 1 - 2 ; S 1 ; D 1  END                                    0.0447   -0.04466
  26.   954   D 1 - 2 ; D 1 S 2 ; S 1 - 2 ; S 1 D 2  END                                0.0446   -0.04081 -0.01787
  27.   247   D 1 - 2 ; D 1 S 3 ; D 1 ; D 1 S 2  END                                    0.0437    0.04375
  28.    28   D 1 - 2 S 3 ; D 1 - 2 ; S 2 ; D 1  END                                    0.0430    0.04304
  29.   968   D 1 - 2 ; D 1 S 3 ; D 1 ; S 1 D 2  END                                    0.0430   -0.04300
  30.   248   D 1 - 2 ; D 1 S 4 ; D 1 ; D 1 S 2  END                                    0.0429   -0.04294
  31.    45   D 1 S 2 D 3 ; D 1 - 2 ; S 2 ; D 1  END                                    0.0424    0.04236
  32.   234   D 1 - 2 S 4 ; D 1 - 2 ; S 2 ; D 1  END                                    0.0417   -0.04169
  33.   254   D 1 - 2 ; S 1 D 2 ; D 1 ; S 1 D 2  END                                    0.0409    0.04087
  34.   343   D 1 S 2 - 3 ; D 1 S 3 ; D 1 ; D 1 S 2  END                                0.0403   -0.01862  0.03570
  35.    47   D 1 S 2 D 3 ; D 1 S 2 - 3 ; S 1 ; D 1  END                                0.0402    0.02120 -0.03416
  36.   328   D 1 S 2 - 3 ; D 1 - 2 S 3 ; S 1 - 2 ; S 1  END                            0.0399   -0.02767 -0.01018  0.01506 -0.01870
                                                                                                 -0.01212
  37.    10   D 1 - 3 ; D 1 S 2 ; S 1 - 2 ; S 1  END                                    0.0384    0.03588  0.01359
  38.   371   D 1 S 2 ; D 1 S 2 S 4 ; D 1 S 2 ; D 1  END                                0.0377   -0.02905  0.02408
  39.    79   S 1 D 2 S 3 ; D 1 - 2 S 3 ; D 1 ; S 1  END                                0.0375   -0.00991  0.03620
  40.  1290   D 1 S 2 ; D 1 S 2 - 3 ; D 1 S 2 ; S 1 - 2  END                            0.0366    0.02397  0.01265  0.01737 -0.01469
                                                                                                  0.00923
  41.    90   S 1 - 3 ; D 1 - 2 ; D 1 S 2 ; D 1  END                                    0.0363    0.02254  0.02847
  42.     4   D 1 S 2 D 3 ; D 1 - 2 ; S 1 ; D 1  END                                    0.0357   -0.03567
  43.   188   D 1 - 2 S 3 ; D 1 ; D 1 S 2 ; S 1 - 2  END                                0.0356    0.02744  0.02269
  44.    60   D 1 S 2 ; D 1 - 2 ; D 1 S 2 ; D 1  END                                    0.0351   -0.03515
  45.   239   D 1 - 2 ; D 1 S 2 - 4 ; D 1 ; S 1  END                                    0.0331   -0.03180 -0.00932
  46.   961   D 1 - 2 ; D 1 S 2 ; D 2 ; D 1 S 2  END                                    0.0326   -0.03259
  47.   173   D 1 - 2 S 3 ; D 1 - 2 ; S 1 ; D 2  END                                    0.0311    0.03111
  48.    64   D 1 D 3 ; D 1 S 2 ; D 1 ; D 1 S 2  END                                    0.0299   -0.02988
  49.   190   D 1 - 2 S 3 ; D 1 D 3 ; S 1 ; D 1  END                                    0.0295    0.02954
  50.   172   D 1 - 2 S 3 ; D 1 - 2 ; S 1 D 2  END                                      0.0292    0.02922
  51.   370   D 1 S 2 ; D 1 S 2 - 3 ; D 1 S 2 ; D 1  END                                0.0288   -0.02876  0.00148
  52.   338   D 1 S 2 - 3 ; D 1 S 2 ; D 1 ; S 1 D 2  END                                0.0288    0.02273  0.01762
  53.   184   D 1 - 2 S 3 ; D 1 S 2 - 3 ; S 2 ; D 1  END                                0.0281    0.02612  0.01039
  54.    55   D 1 S 2 - 3 ; D 1 - 2 S 3 ; D 1 ; S 1  END                                0.0278   -0.01444 -0.02375
  55.   947   D 1 - 2 ; D 1 S 2 ; D 1 - 2 ; S 2  END                                    0.0273   -0.02734
  56.    29   D 1 - 2 S 3 - 4 ; D 1 S 2 ; D 1 ; S 1  END                                0.0261   -0.02605  0.00072
  57.   534   S 1 D 2 S 4 ; D 1 S 2 ; D 1 ; D 1 S 2  END                                0.0259   -0.02373  0.01047
  58.  1298   D 1 S 2 ; D 1 S 2 - 3 ; S 1 ; D 1 - 2  END                                0.0254    0.00063  0.02543
  59.   182   D 1 - 2 S 3 ; D 1 S 2 S 4 ; S 1 ; S 1 - 2  END                            0.0249    0.01362  0.00728  0.01517 -0.01017
                                                                                                 -0.00695
  60.   233   D 1 - 2 ; D 1 - 2 S 4 ; S 1 - 2 ; S 1  END                                0.0249    0.01625  0.01887
  61.   331   D 1 S 2 - 3 ; D 1 - 2 S 3 ; ; D 1 S 2  END                                0.0245    0.02124 -0.01226
  62.   527   S 1 D 2 ; D 1 - 2 ; D 1 S 2 ; S 1 - 2  END                                0.0244   -0.02421 -0.00304
  63.   355   D 1 S 2 - 3 ; S 1 - 3 ; D 1 ; D 1 S 2  END                                0.0234    0.00153  0.01564 -0.00214  0.01716
                                                                                                  0.00080
  64.   506   S 1 D 2 S 3 ; D 1 S 2 ; S 1 - 2 ; D 1 S 2  END                            0.0232    0.01391 -0.00164 -0.00635  0.01732
                                                                                                 -0.00008
  65.    35   D 1 - 2 S 3 ; S 1 D 2 S 4 ; S 1 ; D 1  END                                0.0228    0.00562  0.02210
  66.   339   D 1 S 2 - 4 ; D 1 S 2 - 3 ; S 1 ; D 1  END                                0.0228   -0.02083  0.00329  0.00085  0.00637
                                                                                                 -0.00563
  67.   365   D 1 S 2 ; D 1 - 2 S 3 - 4 ; S 1 ; D 1  END                                0.0228   -0.00913  0.02084
  68.   200   D 1 - 2 S 3 ; S 1 D 2 S 4 ; S 1 ; S 1 - 2  END                            0.0226   -0.01720 -0.00729 -0.01250 -0.00211
                                                                                                  0.00135
  69.  1756   S 1 D 2 S 4 ; D 1 S 2 ; S 1 - 2 ; D 1 S 2  END                            0.0224   -0.01721 -0.00672 -0.00186 -0.01248
                                                                                                  0.00128
  70.   592   S 1 - 2 ; D 1 - 2 S 3 ; D 1 ; D 1 S 2  END                                0.0224   -0.01395  0.01750
  71.    56   D 1 S 2 - 3 ; D 1 - 2 S 4 ; D 1 ; S 1  END                                0.0223    0.01063 -0.01961
  72.    20   D 1 - 3 S 4 ; S 1 - 2 ; S 1 ; D 1  END                                    0.0222   -0.02211 -0.00219
  73.    40   D 1 - 2 S 4 ; D 1 - 2 ; S 1 ; D 1  END                                    0.0220    0.02200
  74.   213   D 1 - 2 S 3 - 4 ; S 1 ; D 1 ; D 1 S 2  END                                0.0218   -0.01292 -0.01759
  75.   976   D 1 - 2 ; D 1 S 3 ; S 1 - 2 ; D 1 S 2  END                                0.0218   -0.00852  0.02004
  76.    36   D 1 - 2 S 3 ; S 1 - 2 ; D 1 S 2 ; D 1  END                                0.0217   -0.01548 -0.01526
  77.   201   D 1 - 2 S 3 - 4 ; S 1 D 2 ; ; D 1 S 2  END                                0.0216    0.01245  0.01767
  78.  1012   D 1 - 2 S 4 ; S 1 - 2 ; S 1 ; D 1 - 2  END                                0.0215    0.02144  0.00176
  79.   494   S 1 D 2 S 3 ; D 1 - 2 S 4 ; S 1 - 2 ; S 1  END                            0.0214    0.01813  0.00685 -0.00879 -0.00188
                                                                                                 -0.00006
  80.   415   D 1 S 3 ; D 1 - 3 ; S 1 ; D 1  END                                        0.0211    0.02109
  81.   535   S 1 D 2 ; D 1 S 2 - 3 ; D 1 S 2 ; D 1  END                                0.0209    0.01287 -0.01645
  82.   209   D 1 - 2 S 3 ; S 1 - 4 ; S 1 ; D 1  END                                    0.0208    0.01054  0.01018 -0.01066 -0.01022
                                                                                                 -0.00058
  83.   351   D 1 S 2 - 4 ; S 1 D 2 S 3 ; S 1 ; D 1  END                                0.0208   -0.00933 -0.01042 -0.01084  0.00990
                                                                                                 -0.00463
  84.   198   D 1 - 2 S 3 - 4 ; S 1 D 2 ; S 1 - 2 ; S 1  END                            0.0208   -0.01715 -0.00656 -0.00903 -0.00352
                                                                                                  0.00003
  85.   585   S 1 - 4 ; D 1 S 2 ; D 1 ; D 1 S 2  END                                    0.0207   -0.00018 -0.00025 -0.00071  0.01221
                                                                                                  0.01674
  86.    80   S 1 D 2 S 3 ; D 1 - 2 S 4 ; D 1 ; S 1  END                                0.0207   -0.00281  0.02054
  87.  1001   D 1 - 2 S 4 ; S 1 - 2 ; D 1 S 2 ; S 1 - 2  END                            0.0207    0.01682  0.00715  0.00328  0.00902
                                                                                                 -0.00085
  88.  1753   S 1 D 2 ; D 1 S 2 S 4 ; D 1 S 2 ; S 1 - 2  END                            0.0207   -0.01778  0.00232 -0.00366  0.00289
                                                                                                 -0.00912
  89.  1325   D 1 S 2 S 4 ; S 1 - 3 ; D 1 ; D 1 S 2  END                                0.0206    0.00085  0.01304  0.01314  0.00376
                                                                                                  0.00826
  90.   536   S 1 D 2 ; D 1 S 2 S 4 ; D 1 S 2 ; D 1  END                                0.0203    0.01515 -0.01357
  91.    44   D 1 S 2 D 3 ; D 1 - 2 ; S 1 ; S 1 - 2  END                                0.0203    0.01277 -0.01577
  92.  1496   D 1 ; D 1 S 2 D 3 ; D 1 ; D 1 S 2  END                                    0.0203   -0.02026
  93.   257   D 1 - 2 ; S 1 D 2 ; S 1 - 2 ; D 1 S 2  END                                0.0201    0.01759 -0.00978
  94.    72   S 1 D 2 - 3 ; D 1 S 2 S 4 ; S 1 ; D 1  END                                0.0201   -0.01037  0.01717
  95.  1014   D 1 - 2 ; S 1 - 2 S 4 ; S 1 - 2 ; D 1 S 2  END                            0.0196   -0.01602 -0.00192 -0.00611  0.00570
                                                                                                 -0.00747
  96.   509   S 1 D 2 S 3 ; D 1 S 4 ; D 1 ; D 1 S 2  END                                0.0196    0.00928 -0.01727
  97.   492   S 1 D 2 S 3 - 4 ; D 1 - 2 ; S 1 ; S 1 - 2  END                            0.0195   -0.01614 -0.00577  0.00805 -0.00345
                                                                                                 -0.00280
  98.   231   D 1 - 2 S 4 ; D 1 - 2 ; S 1 ; S 1 - 2  END                                0.0190   -0.00104  0.01897
  99.  1013   D 1 - 2 ; S 1 - 3 ; S 1 - 2 ; D 1 S 2  END                                0.0185    0.01321 -0.00615  0.00694 -0.00366
                                                                                                  0.00827
 100.   232   D 1 - 2 ; D 1 - 2 S 3 ; S 1 - 2 ; S 1  END                                0.0183   -0.00893 -0.01594




 POSITION OF FIRST SPIN COUPLING FOR TEN MOST IMPORTANT CONFIGURATIONS
      54      1     82     37     41      2     12    305    277    625



 ********************************
 RESULTS FOR ROOT   04
 TOTAL CI ENERGY =   -319.1758267
 ********************************

       CONF.                                                                           COEFF.
        NO.        SPACE ORBITAL PRODUCTS                                             CONTRIB.      CI COEFFICIENTS

       -----       ----------------------                                             --------   ---------------------
   1.     2   D 1 - 3 ; D 1 S 2 ; D 1 ; S 1  END                                        0.2740    0.27402
   2.    32   D 1 - 2 S 3 ; D 1 ; D 1 S 2 ; D 1  END                                    0.2649    0.26489
   3.    39   D 1 - 2 ; D 1 - 2 S 4 ; D 1 ; S 1  END                                    0.2543    0.25427
   4.    40   D 1 - 2 S 4 ; D 1 - 2 ; S 1 ; D 1  END                                    0.2536    0.25356
   5.    84   S 1 D 2 ; D 1 - 2 ; D 1 S 2 ; D 1  END                                    0.2518   -0.25182
   6.    42   D 1 - 2 ; S 1 D 2 ; D 1 ; D 1 S 2  END                                    0.2496    0.24962
   7.    38   D 1 - 2 ; D 1 - 2 S 3 ; D 1 ; S 1  END                                    0.2034    0.20337
   8.     4   D 1 S 2 D 3 ; D 1 - 2 ; S 1 ; D 1  END                                    0.1988    0.19878
   9.    60   D 1 S 2 ; D 1 - 2 ; D 1 S 2 ; D 1  END                                    0.1988    0.19878
  10.   247   D 1 - 2 ; D 1 S 3 ; D 1 ; D 1 S 2  END                                    0.1876    0.18762
  11.    27   D 1 - 2 S 3 ; D 1 - 2 ; S 1 ; S 1 - 2  END                                0.1680    0.10373 -0.13212
  12.    30   D 1 - 2 S 3 ; D 1 S 2 - 3 ; S 1 ; D 1  END                                0.1652   -0.06182  0.15321
  13.   245   D 1 - 2 ; D 1 S 2 ; S 1 - 2 ; D 1 S 2  END                                0.1642    0.05952 -0.15306
  14.    58   D 1 S 2 - 3 ; D 1 S 2 ; D 1 ; D 1 S 2  END                                0.1630   -0.10097  0.12797
  15.    26   D 1 - 2 S 3 ; D 1 - 2 ; D 1 S 2  END                                      0.1591    0.15910
  16.   241   D 1 - 2 ; D 1 S 2 ; D 1 - 2 ; S 1  END                                    0.1501    0.15009
  17.   235   D 1 - 2 ; D 1 - 2 S 3 ; ; D 1 S 2  END                                    0.1403   -0.14033
  18.   368   D 1 S 2 ; D 1 - 2 ; S 1 ; D 1 - 2  END                                    0.1368   -0.13680
  19.   232   D 1 - 2 ; D 1 - 2 S 3 ; S 1 - 2 ; S 1  END                                0.1086    0.10605  0.02356
  20.   362   D 1 S 2 ; D 1 - 2 ; D 1 S 2 ; S 1 - 2  END                                0.1034   -0.07115 -0.07504
  21.   238   D 1 - 2 ; D 1 S 2 D 3 ; D 1 ; S 1  END                                    0.0933   -0.09328
  22.    66   D 1 S 3 ; D 1 - 2 ; D 1 S 2 ; D 1  END                                    0.0923   -0.09227
  23.   364   D 1 S 2 ; D 1 - 3 ; S 1 ; D 1  END                                        0.0753   -0.07528
  24.    41   D 1 - 2 ; D 1 S 2 ; D 1 ; D 1 S 2  END                                    0.0745    0.07453
  25.   427   D 1 ; D 1 - 2 S 3 ; D 1 ; D 1 S 2  END                                    0.0709   -0.07089
  26.     1   D 1 - 2 S 3 ; D 1 - 2 ; S 1 ; D 1  END                                    0.0682    0.06816
  27.    53   D 1 S 2 D 3 ; S 1 - 2 ; D 1 S 2 ; D 1  END                                0.0622   -0.03021  0.05439
  28.    55   D 1 S 2 - 3 ; D 1 - 2 S 3 ; D 1 ; S 1  END                                0.0620    0.01223  0.06076
  29.   186   D 1 - 2 S 3 - 4 ; D 1 S 3 ; D 1 ; S 1  END                                0.0617   -0.03103  0.05329
  30.   370   D 1 S 2 ; D 1 S 2 - 3 ; D 1 S 2 ; D 1  END                                0.0594   -0.05665  0.01790
  31.    81   S 1 D 2 S 3 - 4 ; D 1 - 2 ; S 1 ; D 1  END                                0.0517   -0.05156  0.00365
  32.    33   D 1 - 2 S 3 - 4 ; S 1 D 2 ; D 1 ; S 1  END                                0.0498   -0.04514 -0.02105
  33.    83   S 1 D 2 S 3 ; S 1 D 2 ; D 1 ; D 1 S 2  END                                0.0495   -0.04084 -0.02802
  34.   260   D 1 - 2 ; S 1 - 2 S 4 ; D 1 ; D 1 S 2  END                                0.0493   -0.02204 -0.04415
  35.   244   D 1 - 2 S 4 ; D 1 S 2 S 4 ; S 1 ; D 1  END                                0.0491   -0.04435 -0.02115
  36.   258   D 1 - 2 S 4 ; S 1 - 2 ; D 1 S 2 ; D 1  END                                0.0473    0.03800  0.02825
  37.    37   D 1 - 2 S 3 ; D 2 ; D 1 S 2 ; D 1  END                                    0.0463   -0.04630
  38.    56   D 1 S 2 - 3 ; D 1 - 2 S 4 ; D 1 ; S 1  END                                0.0463    0.03648 -0.02846
  39.   237   D 1 - 2 D 4 ; D 1 S 2 ; D 1 ; S 1  END                                    0.0453   -0.04526
  40.   535   S 1 D 2 ; D 1 S 2 - 3 ; D 1 S 2 ; D 1  END                                0.0445   -0.00564  0.04410
  41.    97   D 2 S 3 ; D 1 - 2 ; D 1 S 2 ; D 1  END                                    0.0441   -0.04412
  42.   191   D 1 - 2 S 3 ; D 1 S 3 - 4 ; S 1 ; D 1  END                                0.0437   -0.04308  0.00737
  43.    88   S 1 - 2 D 3 ; D 1 S 2 ; D 1 ; D 1 S 2  END                                0.0435   -0.01527 -0.04077
  44.   240   D 1 - 2 ; D 1 S 2 D 4 ; D 1 ; S 1  END                                    0.0434   -0.04343
  45.   233   D 1 - 2 ; D 1 - 2 S 4 ; S 1 - 2 ; S 1  END                                0.0417    0.04162 -0.00278
  46.   367   D 1 S 2 ; D 1 - 2 ; S 1 D 2 ; D 1  END                                    0.0416   -0.04163
  47.    90   S 1 - 3 ; D 1 - 2 ; D 1 S 2 ; D 1  END                                    0.0412   -0.00361  0.04105
  48.   239   D 1 - 2 ; D 1 S 2 - 4 ; D 1 ; S 1  END                                    0.0412    0.03334 -0.02421
  49.    29   D 1 - 2 S 3 - 4 ; D 1 S 2 ; D 1 ; S 1  END                                0.0405   -0.03791  0.01412
  50.   527   S 1 D 2 ; D 1 - 2 ; D 1 S 2 ; S 1 - 2  END                                0.0401    0.01814  0.03581
  51.   229   D 1 - 2 ; D 1 - 2 S 3 ; D 1 ; S 2  END                                    0.0401   -0.04013
  52.    36   D 1 - 2 S 3 ; S 1 - 2 ; D 1 S 2 ; D 1  END                                0.0396    0.00628  0.03914
  53.    12   D 1 - 3 ; D 1 S 3 ; D 1 ; S 1  END                                        0.0393    0.03931
  54.    49   D 1 S 2 D 3 ; D 1 ; D 1 S 2 ; D 1  END                                    0.0389    0.03886
  55.   538   S 1 D 2 ; S 1 D 2 S 3 ; D 1 S 2 ; D 1  END                                0.0388    0.00665 -0.03819
  56.   361   D 1 S 2 S 4 ; D 1 - 2 S 4 ; D 1 ; S 1  END                                0.0385   -0.02970  0.02443
  57.   182   D 1 - 2 S 3 ; D 1 S 2 S 4 ; S 1 ; S 1 - 2  END                            0.0380    0.03056  0.00258  0.00893  0.00480
                                                                                                  0.02002
  58.   506   S 1 D 2 S 3 ; D 1 S 2 ; S 1 - 2 ; D 1 S 2  END                            0.0373   -0.02997 -0.02117  0.00601  0.00231
                                                                                                 -0.00076
  59.    31   D 1 - 2 S 3 ; D 1 S 2 S 4 ; S 1 ; D 1  END                                0.0372   -0.03405  0.01498
  60.    35   D 1 - 2 S 3 ; S 1 D 2 S 4 ; S 1 ; D 1  END                                0.0368   -0.03567 -0.00926
  61.   242   D 1 - 2 ; D 1 S 2 ; D 1 ; S 1 D 2  END                                    0.0368    0.03684
  62.    82   S 1 D 2 S 3 ; D 1 S 2 ; D 1 ; D 1 S 2  END                                0.0366   -0.00387 -0.03636
  63.    28   D 1 - 2 S 3 ; D 1 - 2 ; S 2 ; D 1  END                                    0.0359    0.03588
  64.     5   S 1 D 2 - 3 ; D 1 - 2 ; S 1 ; D 1  END                                    0.0353   -0.03531
  65.   534   S 1 D 2 S 4 ; D 1 S 2 ; D 1 ; D 1 S 2  END                                0.0353   -0.02454 -0.02533
  66.   180   D 1 - 2 S 3 - 4 ; D 1 S 2 ; S 1 - 2 ; S 1  END                            0.0345   -0.02235 -0.02371  0.00681 -0.00497
                                                                                                 -0.00742
  67.    57   D 1 S 2 - 4 ; D 1 - 2 ; S 1 ; D 1  END                                    0.0343    0.02499  0.02353
  68.   259   D 1 - 2 ; S 1 - 3 ; D 1 ; D 1 S 2  END                                    0.0333   -0.03199 -0.00927
  69.   206   D 1 - 2 S 3 ; S 1 - 2 ; D 1 S 2 ; S 1 - 2  END                            0.0333   -0.02124 -0.01027 -0.01283 -0.00163
                                                                                                 -0.01955
  70.    80   S 1 D 2 S 3 ; D 1 - 2 S 4 ; D 1 ; S 1  END                                0.0330   -0.01877 -0.02720
  71.   255   D 1 - 2 S 4 ; S 1 D 2 S 3 ; S 1 ; D 1  END                                0.0330   -0.01966  0.02649
  72.   248   D 1 - 2 ; D 1 S 4 ; D 1 ; D 1 S 2  END                                    0.0327    0.03271
  73.   327   D 1 S 2 - 4 ; D 1 - 2 ; S 1 ; S 1 - 2  END                                0.0325    0.00072 -0.00843  0.01526  0.02666
                                                                                                 -0.00658
  74.   525   S 1 D 2 S 4 ; D 1 - 2 S 3 ; D 1 ; S 1  END                                0.0321    0.01358 -0.02904
  75.    48   D 1 S 2 D 3 ; D 1 S 2 S 4 ; S 1 ; D 1  END                                0.0320   -0.02666 -0.01768
  76.   536   S 1 D 2 ; D 1 S 2 S 4 ; D 1 S 2 ; D 1  END                                0.0320    0.03176  0.00357
  77.   374   D 1 S 2 ; S 1 D 2 S 4 ; D 1 S 2 ; D 1  END                                0.0317   -0.01833  0.02590
  78.   353   D 1 S 2 - 3 ; S 1 D 2 ; S 1 - 2 ; D 1 S 2  END                            0.0316   -0.00258 -0.00506  0.01195  0.02871
                                                                                                  0.00011
  79.   372   D 1 S 2 S 4 ; S 1 D 2 ; D 1 ; D 1 S 2  END                                0.0313   -0.01360  0.02818
  80.   332   D 1 S 2 - 3 ; D 1 - 2 S 4 ; ; D 1 S 2  END                                0.0312   -0.02022  0.02376
  81.   339   D 1 S 2 - 4 ; D 1 S 2 - 3 ; S 1 ; D 1  END                                0.0311   -0.00725 -0.01379 -0.01079  0.00872
                                                                                                  0.02305
  82.  1013   D 1 - 2 ; S 1 - 3 ; S 1 - 2 ; D 1 S 2  END                                0.0311    0.00043  0.01062  0.01386  0.00400
                                                                                                 -0.02539
  83.    79   S 1 D 2 S 3 ; D 1 - 2 S 3 ; D 1 ; S 1  END                                0.0310   -0.02683  0.01558
  84.   508   S 1 D 2 S 3 ; D 1 S 3 ; D 1 ; D 1 S 2  END                                0.0307   -0.02728 -0.01409
  85.   949   D 1 - 2 S 4 ; D 1 S 2 - 3 ; S 1 ; S 1 - 2  END                            0.0305   -0.00244  0.01607  0.01533 -0.00059
                                                                                                 -0.02074
  86.   251   D 1 - 2 ; S 1 D 2 S 3 - 4 ; D 1 ; S 1  END                                0.0301   -0.03000  0.00231
  87.    46   D 1 S 2 D 3 S 4 ; D 1 S 2 ; D 1 ; S 1  END                                0.0300   -0.02474  0.01701
  88.  1760   S 1 D 2 ; D 1 S 2 - 3 ; S 1 ; D 1 - 2  END                                0.0300    0.00998 -0.02824
  89.   591   S 1 - 2 S 4 ; D 1 - 2 ; D 1 S 2 ; D 1  END                                0.0299   -0.01276 -0.02704
  90.   355   D 1 S 2 - 3 ; S 1 - 3 ; D 1 ; D 1 S 2  END                                0.0298   -0.00170  0.00910 -0.02504 -0.01275
                                                                                                 -0.00362
  91.   214   D 1 - 2 S 3 ; S 1 S 3 ; D 1 S 2 ; D 1  END                                0.0292   -0.00262  0.02908
  92.   371   D 1 S 2 ; D 1 S 2 S 4 ; D 1 S 2 ; D 1  END                                0.0290   -0.00032 -0.02901
  93.   584   S 1 - 3 ; D 1 - 2 ; S 1 ; D 1 - 2  END                                    0.0282   -0.01045 -0.02616
  94.   416   D 1 S 3 ; D 1 - 2 S 3 - 4 ; S 1 ; D 1  END                                0.0279    0.02784  0.00242
  95.   959   D 1 - 2 ; D 1 S 2 - 4 ; ; D 1 S 2  END                                    0.0275   -0.02721  0.00422
  96.   349   D 1 S 2 - 3 ; S 1 D 2 ; D 1 - 2 ; S 1  END                                0.0274   -0.02125 -0.01724
  97.   335   D 1 S 2 - 3 ; D 1 S 2 - 4 ; D 1 ; S 1  END                                0.0272   -0.00881  0.00272 -0.01946 -0.01135
                                                                                                 -0.01203
  98.   942   D 1 - 2 S 4 ; D 1 S 2 - 3 ; D 1 S 2  END                                  0.0268    0.02494  0.00974
  99.   586   S 1 - 3 ; D 1 S 2 - 3 ; D 1 S 2 ; D 1  END                                0.0266    0.01061  0.01993  0.00500 -0.00519
                                                                                                 -0.01214
 100.   329   D 1 S 2 - 3 ; D 1 - 2 S 4 ; S 1 - 2 ; S 1  END                            0.0266   -0.01070  0.01774 -0.00300  0.00868
                                                                                                 -0.01386




 POSITION OF FIRST SPIN COUPLING FOR TEN MOST IMPORTANT CONFIGURATIONS
       2     41     52     53    123     55     51      4     86    414



 ********************************
 RESULTS FOR ROOT   05
 TOTAL CI ENERGY =   -318.6760424
 ********************************

       CONF.                                                                           COEFF.
        NO.        SPACE ORBITAL PRODUCTS                                             CONTRIB.      CI COEFFICIENTS

       -----       ----------------------                                             --------   ---------------------
   1.    60   D 1 S 2 ; D 1 - 2 ; D 1 S 2 ; D 1  END                                    0.5714   -0.57145
   2.    38   D 1 - 2 ; D 1 - 2 S 3 ; D 1 ; S 1  END                                    0.5607    0.56068
   3.    40   D 1 - 2 S 4 ; D 1 - 2 ; S 1 ; D 1  END                                    0.2462   -0.24618
   4.    42   D 1 - 2 ; S 1 D 2 ; D 1 ; D 1 S 2  END                                    0.2436    0.24355
   5.    32   D 1 - 2 S 3 ; D 1 ; D 1 S 2 ; D 1  END                                    0.1559   -0.15594
   6.     2   D 1 - 3 ; D 1 S 2 ; D 1 ; S 1  END                                        0.1547    0.15470
   7.    58   D 1 S 2 - 3 ; D 1 S 2 ; D 1 ; D 1 S 2  END                                0.0977    0.05558 -0.08035
   8.    30   D 1 - 2 S 3 ; D 1 S 2 - 3 ; S 1 ; D 1  END                                0.0963   -0.04283  0.08621
   9.    39   D 1 - 2 ; D 1 - 2 S 4 ; D 1 ; S 1  END                                    0.0952   -0.09518
  10.    84   S 1 D 2 ; D 1 - 2 ; D 1 S 2 ; D 1  END                                    0.0915   -0.09152
  11.    55   D 1 S 2 - 3 ; D 1 - 2 S 3 ; D 1 ; S 1  END                                0.0836   -0.02119  0.08092
  12.   370   D 1 S 2 ; D 1 S 2 - 3 ; D 1 S 2 ; D 1  END                                0.0807    0.05727 -0.05689
  13.    90   S 1 - 3 ; D 1 - 2 ; D 1 S 2 ; D 1  END                                    0.0601    0.02153 -0.05614
  14.   328   D 1 S 2 - 3 ; D 1 - 2 S 3 ; S 1 - 2 ; S 1  END                            0.0591   -0.03032 -0.02140  0.03698 -0.02422
                                                                                                 -0.01251
  15.   239   D 1 - 2 ; D 1 S 2 - 4 ; D 1 ; S 1  END                                    0.0580    0.03584 -0.04562
  16.   341   D 1 S 2 - 3 ; D 1 S 2 ; S 1 - 2 ; D 1 S 2  END                            0.0566   -0.04712 -0.01006  0.02323 -0.01791
                                                                                                 -0.00424
  17.   181   D 1 - 2 S 3 ; D 1 S 2 - 3 ; S 1 ; S 1 - 2  END                            0.0564    0.04703  0.00304  0.02181 -0.01924
                                                                                                  0.01087
  18.  1290   D 1 S 2 ; D 1 S 2 - 3 ; D 1 S 2 ; S 1 - 2  END                            0.0553    0.02716  0.00869  0.02972 -0.02830
                                                                                                  0.02357
  19.    27   D 1 - 2 S 3 ; D 1 - 2 ; S 1 ; S 1 - 2  END                                0.0534   -0.04956 -0.01997
  20.   245   D 1 - 2 ; D 1 S 2 ; S 1 - 2 ; D 1 S 2  END                                0.0515   -0.03980 -0.03275
  21.    28   D 1 - 2 S 3 ; D 1 - 2 ; S 2 ; D 1  END                                    0.0489   -0.04894
  22.   364   D 1 S 2 ; D 1 - 3 ; S 1 ; D 1  END                                        0.0455   -0.04554
  23.    36   D 1 - 2 S 3 ; S 1 - 2 ; D 1 S 2 ; D 1  END                                0.0447   -0.04010 -0.01980
  24.    29   D 1 - 2 S 3 - 4 ; D 1 S 2 ; D 1 ; S 1  END                                0.0446   -0.03634 -0.02592
  25.   427   D 1 ; D 1 - 2 S 3 ; D 1 ; D 1 S 2  END                                    0.0444    0.04437
  26.   242   D 1 - 2 ; D 1 S 2 ; D 1 ; S 1 D 2  END                                    0.0440    0.04402
  27.    79   S 1 D 2 S 3 ; D 1 - 2 S 3 ; D 1 ; S 1  END                                0.0434   -0.04329  0.00290
  28.   371   D 1 S 2 ; D 1 S 2 S 4 ; D 1 S 2 ; D 1  END                                0.0431    0.01897  0.03867
  29.   426   D 1 S 4 ; D 1 - 2 ; D 1 S 2 ; D 1  END                                    0.0420   -0.04198
  30.   250   D 1 - 2 ; S 1 D 2 - 3 ; D 1 ; S 1  END                                    0.0409    0.04087
  31.    57   D 1 S 2 - 4 ; D 1 - 2 ; S 1 ; D 1  END                                    0.0390   -0.03901 -0.00085
  32.  1277   D 1 S 2 ; D 1 - 2 ; S 1 D 2 ; S 1 - 2  END                                0.0373   -0.03059  0.02127
  33.   229   D 1 - 2 ; D 1 - 2 S 3 ; D 1 ; S 2  END                                    0.0372    0.03720
  34.   930   D 1 - 2 ; D 1 - 2 S 3 ; S 1 - 2 ; S 2  END                                0.0369    0.00263 -0.03682
  35.   259   D 1 - 2 ; S 1 - 3 ; D 1 ; D 1 S 2  END                                    0.0365   -0.01873 -0.03133
  36.   418   D 1 S 3 ; D 1 - 2 ; S 1 D 2 ; D 1  END                                    0.0365    0.03645
  37.  1267   D 1 S 2 ; D 1 - 3 ; D 1 S 2  END                                          0.0362    0.03620
  38.  1482   D 1 ; D 1 - 2 S 3 ; D 1 - 2 ; S 1  END                                    0.0361   -0.03609
  39.   421   D 1 S 3 ; D 1 S 2 - 3 ; D 1 S 2 ; D 1  END                                0.0359   -0.03583 -0.00207
  40.    56   D 1 S 2 - 3 ; D 1 - 2 S 4 ; D 1 ; S 1  END                                0.0356   -0.01966 -0.02966
  41.   367   D 1 S 2 ; D 1 - 2 ; S 1 D 2 ; D 1  END                                    0.0352   -0.03521
  42.   334   D 1 S 2 - 3 ; D 1 S 2 D 3 ; D 1 ; S 1  END                                0.0352   -0.01911 -0.02950
  43.    59   D 1 S 2 - 3 ; S 1 D 2 ; D 1 ; D 1 S 2  END                                0.0346   -0.03081 -0.01573
  44.   535   S 1 D 2 ; D 1 S 2 - 3 ; D 1 S 2 ; D 1  END                                0.0344    0.03437  0.00033
  45.   944   D 1 - 2 ; D 1 S 2 D 3 ; D 1 ; S 2  END                                    0.0342   -0.03423
  46.   257   D 1 - 2 ; S 1 D 2 ; S 1 - 2 ; D 1 S 2  END                                0.0337   -0.01478 -0.03023
  47.   243   D 1 - 2 S 4 ; D 1 S 2 - 3 ; S 1 ; D 1  END                                0.0334   -0.02861 -0.01730
  48.   532   S 1 D 2 ; D 1 - 2 ; S 1 D 2 ; D 1  END                                    0.0327   -0.03270
  49.   231   D 1 - 2 S 4 ; D 1 - 2 ; S 1 ; S 1 - 2  END                                0.0326   -0.03256  0.00234
  50.   230   D 1 - 2 ; D 1 - 2 S 4 ; D 1 ; S 2  END                                    0.0306   -0.03055
  51.    34   D 1 - 2 S 3 ; S 1 D 2 S 3 ; S 1 ; D 1  END                                0.0301   -0.02965 -0.00539
  52.   369   D 1 S 2 S 4 ; D 1 S 2 ; D 1 ; D 1 S 2  END                                0.0297   -0.01952 -0.02245
  53.    12   D 1 - 3 ; D 1 S 3 ; D 1 ; S 1  END                                        0.0293   -0.02933
  54.    49   D 1 S 2 D 3 ; D 1 ; D 1 S 2 ; D 1  END                                    0.0293    0.02929
  55.   373   D 1 S 2 ; S 1 D 2 S 3 ; D 1 S 2 ; D 1  END                                0.0291   -0.02749 -0.00968
  56.   360   D 1 S 2 S 4 ; D 1 - 2 S 3 ; D 1 ; S 1  END                                0.0291   -0.02138 -0.01978
  57.    33   D 1 - 2 S 3 - 4 ; S 1 D 2 ; D 1 ; S 1  END                                0.0290   -0.01020 -0.02718
  58.   937   D 1 - 2 ; D 1 - 2 S 3 ; D 2 ; S 1  END                                    0.0289   -0.02886
  59.  1272   D 1 S 2 S 4 ; D 1 - 2 S 3 ; S 1 - 2 ; S 1  END                            0.0285   -0.01888 -0.01359  0.00497 -0.01572
                                                                                                 -0.00014
  60.    82   S 1 D 2 S 3 ; D 1 S 2 ; D 1 ; D 1 S 2  END                                0.0284   -0.01771  0.02222
  61.  1313   D 1 S 2 ; S 1 D 2 S 3 ; D 1 S 2 ; S 1 - 2  END                            0.0281    0.01846  0.00818  0.01872 -0.00140
                                                                                                  0.00526
  62.  1297   D 1 S 2 ; D 1 S 2 - 3 ; S 1 D 2 ; D 1  END                                0.0280   -0.00674  0.02716
  63.    31   D 1 - 2 S 3 ; D 1 S 2 S 4 ; S 1 ; D 1  END                                0.0279   -0.00966  0.02622
  64.  1270   D 1 S 2 ; D 1 - 2 ; D 1 S 2 ; D 2  END                                    0.0279    0.02793
  65.  1317   D 1 S 2 S 4 ; S 1 D 2 ; S 1 - 2 ; D 1 S 2  END                            0.0279   -0.02313  0.00832  0.00375 -0.00660
                                                                                                 -0.01082
  66.   325   D 1 S 2 - 3 ; D 1 - 2 S 3 ; D 1 ; S 2  END                                0.0279    0.02002 -0.01944
  67.   986   D 1 - 2 S 4 ; S 1 D 2 S 3 ; S 1 ; S 1 - 2  END                            0.0277    0.02298  0.00707 -0.00229 -0.01261
                                                                                                 -0.00479
  68.   258   D 1 - 2 S 4 ; S 1 - 2 ; D 1 S 2 ; D 1  END                                0.0276   -0.02720  0.00469
  69.   180   D 1 - 2 S 3 - 4 ; D 1 S 2 ; S 1 - 2 ; S 1  END                            0.0273    0.02090  0.00986 -0.00261 -0.01013
                                                                                                 -0.01014
  70.   206   D 1 - 2 S 3 ; S 1 - 2 ; D 1 S 2 ; S 1 - 2  END                            0.0270   -0.02093  0.01030 -0.00150 -0.00929
                                                                                                 -0.00973
  71.    66   D 1 S 3 ; D 1 - 2 ; D 1 S 2 ; D 1  END                                    0.0269    0.02694
  72.   413   D 1 S 3 ; D 1 - 2 ; D 1 S 2 ; S 1 - 2  END                                0.0268    0.01810  0.01977
  73.   238   D 1 - 2 ; D 1 S 2 D 3 ; D 1 ; S 1  END                                    0.0261   -0.02610
  74.   951   D 1 - 2 ; D 1 S 2 D 3 ; S 1 - 2 ; S 1  END                                0.0259    0.02523  0.00591
  75.    14   D 1 - 3 S 4 ; D 1 ; S 1 ; D 1  END                                        0.0252    0.02525
  76.   354   D 1 S 2 - 4 ; S 1 - 2 ; D 1 S 2 ; D 1  END                                0.0249   -0.01420 -0.01392  0.00783  0.01285
                                                                                                 -0.00024
  77.   204   D 1 - 2 S 3 - 4 ; S 1 - 3 ; D 1 ; S 1  END                                0.0247    0.00098  0.00406  0.00323  0.01451
                                                                                                  0.01923
  78.    21   D 1 - 3 ; S 1 ; D 1 ; D 1 S 2  END                                        0.0246   -0.02457
  79.  1284   D 1 S 2 ; D 1 - 2 ; S 2 ; D 1 - 2  END                                    0.0245    0.02453
  80.   587   S 1 - 3 ; D 1 S 2 S 4 ; D 1 S 2 ; D 1  END                                0.0242    0.00959  0.01293  0.01277 -0.01278
                                                                                                  0.00139
  81.   339   D 1 S 2 - 4 ; D 1 S 2 - 3 ; S 1 ; D 1  END                                0.0241    0.01713  0.00806  0.01064  0.00065
                                                                                                 -0.01050
  82.   500   S 1 D 2 S 3 ; D 1 S 2 - 4 ; D 1 ; S 1  END                                0.0240    0.00136 -0.01170 -0.01765 -0.00548
                                                                                                 -0.00979
  83.   938   D 1 - 2 ; D 1 - 2 S 3 ; ; S 1 D 2  END                                    0.0240   -0.02397
  84.    61   D 1 D 3 ; D 1 - 2 S 3 ; D 1 ; S 1  END                                    0.0236   -0.02360
  85.   355   D 1 S 2 - 3 ; S 1 - 3 ; D 1 ; D 1 S 2  END                                0.0235   -0.00971 -0.00416 -0.01540 -0.01421
                                                                                                  0.00120
  86.  1304   D 1 S 2 ; D 1 D 3 ; D 1 S 2 ; D 1  END                                    0.0233    0.02330
  87.   337   D 1 S 2 - 3 ; D 1 S 2 ; D 1 - 2 ; S 1  END                                0.0225    0.01969  0.01086
  88.   178   D 1 - 2 S 3 ; D 1 S 2 - 3 ; D 1 S 2  END                                  0.0225    0.01904  0.01192
  89.   365   D 1 S 2 ; D 1 - 2 S 3 - 4 ; S 1 ; D 1  END                                0.0222    0.01834  0.01253
  90.   233   D 1 - 2 ; D 1 - 2 S 4 ; S 1 - 2 ; S 1  END                                0.0221    0.01684 -0.01427
  91.   527   S 1 D 2 ; D 1 - 2 ; D 1 S 2 ; S 1 - 2  END                                0.0217    0.00319 -0.02151
  92.    45   D 1 S 2 D 3 ; D 1 - 2 ; S 2 ; D 1  END                                    0.0216    0.02165
  93.   592   S 1 - 2 ; D 1 - 2 S 3 ; D 1 ; D 1 S 2  END                                0.0210   -0.01896 -0.00905
  94.   212   D 1 - 2 S 3 ; S 1 - 2 ; S 1 ; D 1 - 2  END                                0.0206    0.02058  0.00083
  95.   183   D 1 - 2 S 3 - 4 ; D 1 S 2 ; ; D 1 S 2  END                                0.0204    0.01063  0.01744
  96.   934   D 1 - 2 S 4 ; D 1 - 2 ; S 2 ; S 1 - 2  END                                0.0203   -0.01725 -0.01076
  97.  1314   D 1 S 2 ; S 1 D 2 S 4 ; D 1 S 2 ; S 1 - 2  END                            0.0203   -0.01588 -0.00335 -0.01187 -0.00284
                                                                                                  0.00028
  98.  1734   S 1 D 2 S 4 ; D 1 - 2 S 3 ; S 1 - 2 ; S 1  END                            0.0202   -0.01588 -0.00678 -0.00078 -0.00956
                                                                                                  0.00406
  99.   253   D 1 - 2 ; S 1 D 2 ; D 1 - 2 ; S 1  END                                    0.0199    0.01993
 100.   991   D 1 - 2 ; S 1 D 2 ; S 1 - 2 ; S 1 D 2  END                                0.0199   -0.01769 -0.00910




 POSITION OF FIRST SPIN COUPLING FOR TEN MOST IMPORTANT CONFIGURATIONS
      86     51     53     55     41      2     82     37     52    123



 ELAPSED TIME =       0.98 CPU SECONDS. (      0.98 WALL CLOCK SECONDS)
