 ************************************************************************
 * CISTAR - CONFIGURATION INTERACTION/PERTURBATION THEORY PROGRAM       *
 * QUANTUM CHEMISTRY GROUP - INDIANA UNIVERSITY - 11May 2016  14:33:23  *
 ************************************************************************



 THE TRANSFORMED INTEGRALS ARE TITLED: dumm                                    
 THE FILE IS DATED:                     11May 2016  14:30:41 
 THE NUMBER OF ORBITALS FROM FILE 16 IS  12.


                         CI RUN TITLE
                         -- --- -----
 )* H2O  -SINGLET A1-  STO-3G HF SD-CI TEST CASE *


 ) $
 ) $ GENERAL OPTIONS LIST INPUT
 ) $
 )FULLCI      $ REQUEST UP TO SD EXCITATIONS FROM THESE CONFIGURATIONs
 )ISYMMETRY=3     $ SPECIFY Ag OVERALL SYMMETRY
 )MULTIPLICITY=1  $ SPECIFY SPIN MULTIPLICITY
 )END
 TIME TO PROCESS FORMULA FILE = 0.0 CPU SEC. ( 0.0 WALL CLOCK SEC.)

            THE HARTREE-FOCK CONFIGURATION
            --- ------------ -------------
 ) $
 ) $ SPECIFY THE HARTREE-FOCK CONFIGURATION
 ) $
 ) D 1 - 2 S 3 ; D 1 - 2 ; S 1 ; D 1 END $1Ag

               INTERNALLY GENERATED ORBITAL SETS (FULL-CI)
               ---------- --------- ------- --------------
 MIN. MAX.
 OCC. OCC.
   0  10   000100110101
   0  12   111011001010

     18240 SPACE ORBITAL PRODUCTS (    55104 SPIN-ADAPTED CONFIGURATIONS)
 WERE GENERATED IN     0.0 CPU SECONDS.
 TIME IN DIAGC    0.0


 THE TOTAL NUMBER OF SPACE ORBITAL PRODUCTS IS          18240
 THE TOTAL NUMBER OF SPIN-ADAPTED CONFIGURATIONS IS     55104
 THE MAX. NUMBER OF SPIN COUPLINGS IN A S.O.P. IS   14
 THERE WILL BE         2 INTEGRAL LOADS UTILIZING  79995967 WORDS OF MEMORY.
 writ50, first, nrec= T       15872
 A TOTAL OF  2214496 NONZERO S.O.P. PAIRS WERE FOUND.
 TIME TO FIND (I,J) PAIRS =    0.70 CPU SECONDS.
 THE VALUE OF THE H(1,1) ELEMENT IS  -318.4527979

          HAMILTONIAN MATRIX STORAGE DATA
 I/O   NO. OF    NO. OF     FILE SIZE    PERCENT NONZERO
 FILE  RECORDS   ELEMENTS   (IN BYTES)    IN ALL BLOCKS
  12         4     110208       881684
  13       124     119040      1984496
  17      3156   12536020     57117360      63.1
  20      1037    8265916     66372148
 TOTAL ELAPSED TIME =     2.0 CPU SECONDS AND        2.0 WALL CLOCK SECONDS.
