 ************************************************************************
 * RTSIM - DAVIDSON METHOD SPARSE MATRIX EIGENVALUE/EIGENVECTOR PROGRAM *
 * QUANTUM CHEMISTRY GROUP - INDIANA UNIVERSITY - 11May 2016  14:33:00  *
 ************************************************************************



                 DIAGONALIZATION RUN TITLE
                 -------------------------
 )* WATER TEST *



 ) DAVIDSON
 ) LAST=5
 ) COEFF
 ) NOVLP
 ) MAXITR=1000 END

 THE CI MATRIX IS TITLED:  H2O  -SINGLET A1-  STO-3G HF SD-CI TEST
 THE MATRIX IS DATED:     11May 2016  14:32:58 
 THE SPIN MULTIPLICITY IS 1 AND THE DIMENSION IS  55700.

 ROOTS  1 THROUGH  5 WILL BE OBTAINED.

  
  
  
 AMOUNT OF CORE AVAILABLE                      80000000
 MAXIMUM NUMBER OF VECTORS PER ITERATION              5
 MAXIMUM NUMBER OF VECTORS ON DISK                   25
 NUMBER OF SOLUTIONS SOUGHT                           5
 NUMBER OF SOLUTIONS INVESTIGATED                     5
 SIZE OF MATRIX DIAGONALISED                      55700
  
  
 INITIAL GUESS AT ROOTS (OBTAINED FROM DIAGONAL ELEMENTS OF HAMILTONIAN MATRIX)

                1        -324.83349
                8        -317.56280
                4        -317.56280
                2        -317.41099
                3        -317.41099


 ITERATION       ROOT           EIGENVALUE          NORM OF RESIDUAL
     1             1          -324.83348948              4.55281
     1             2          -319.39925260              4.34375
     1             3          -317.16205455              5.13348
     1             4          -316.85387442              5.42102
     1             5          -316.53240987              4.79317
     2             1          -326.14936229              6.85164
     2             2          -320.54001005              6.63795
     2             3          -319.12511445             12.56309
     2             4          -318.71881964              8.50292
     2             5          -318.30006024              9.75040
     2             1          -326.14936229              2.18517
     2             2          -320.54001005              2.15878
     2             3          -319.12511445              3.64693
     2             4          -318.71881964              2.82710
     2             5          -318.30006024              2.90660
     3             1          -326.36325991              3.71588
     3             2          -320.76318647              3.92523
     3             3          -320.06984941             10.41795
     3             4          -319.06084223              4.66565
     3             5          -318.83299959              7.39232
     3             1          -326.36325991              1.03984
     3             2          -320.76318647              0.98368
     3             3          -320.06984941              2.59929
     3             4          -319.06084223              1.28976
     3             5          -318.83299959              1.90158
     4             1          -326.40248395              1.79702
     4             2          -320.80317199              1.88807
     4             3          -320.46298664              8.05919
     4             4          -319.11908585              2.12945
     4             5          -319.07376998              6.83603
     4             1          -326.40248395              0.45060
     4             2          -320.80317199              0.44434
     4             3          -320.46298664              1.87046
     4             4          -319.11908585              0.58525
     4             5          -319.07376998              1.63719
     5             1          -326.40824222              0.65836
     5             2          -320.80997359              0.78221
     5             3          -320.64648989              6.18620
     5             4          -319.25033259           **********
     5             5          -319.13063173           **********
  truncating with vlp=false 
 TRUNCATION TO 1 VECTOR PER ROOT HAS BEEN PERFORMED
     5             1          -326.40824222              0.18618
     5             2          -320.80997359              0.17465
     5             3          -320.64648989              1.19179
     5             4          -319.25033259              1.47532
     5             5          -319.13063173              0.27796
     6             1          -326.40897844              0.17876
     6             2          -320.81071771              0.19716
     6             3          -320.69141306              1.76406
     6             4          -319.31434030              2.01874
     6             5          -319.13276771              0.38261
     6             1          -326.40897844              0.08855
     6             2          -320.81071771              0.07826
     6             3          -320.69141306              0.66014
     6             4          -319.31434030              0.86451
     6             5          -319.13276771              0.13607
     7             1          -326.40919020              0.15163
     7             2          -320.81092471              0.17227
     7             3          -320.71432571              2.56235
     7             4          -319.35693495              3.77897
     7             5          -319.13368310              0.52009
     7             1          -326.40919020              0.04325
     7             2          -320.81092471              0.03639
     7             3          -320.71432571              0.45888
     7             4          -319.35693495              0.69983
     7             5          -319.13368310              0.08867
     8             1          -326.40922970              0.07784
     8             2          -320.81096549              0.09636
     8             3          -320.72577510              2.83338
     8             4          -319.38648250              5.05200
     8             5          -319.13400584              0.42085
     8             1          -326.40922970              0.02010
     8             2          -320.81096549              0.01678
     8             3          -320.72577510              0.30072
     8             4          -319.38648250              0.53484
     8             5          -319.13400584              0.05763
     9             1          -326.40923861              0.04697
     9             2          -320.81097334              0.05029
     9             3          -320.72973349              1.97214
     9             4          -319.39824469              3.81372
     9             5          -319.13412780              0.35027
  truncating with vlp=false 
 TRUNCATION TO 1 VECTOR PER ROOT HAS BEEN PERFORMED
     9             1          -326.40923861              0.00874
     9             2          -320.81097334              0.00777
     9             3          -320.72973349              0.20062
     9             4          -319.39824469              0.31067
     9             5          -319.13412780              0.03999
    10             1          -326.40924000              0.00801
    10             2          -320.81097466              0.00843
    10             3          -320.73063524              0.25174
    10             4          -319.40046754              0.43960
    10             5          -319.13416930              0.05805
    10             1          -326.40924000              0.00457
    10             2          -320.81097466              0.00386
    10             3          -320.73063524              0.14175
    10             4          -319.40046754              0.15952
    10             5          -319.13416930              0.02517
    11             1          -326.40924045              0.01406
    11             2          -320.81097512              0.01604
    11             3          -320.73157007              1.04440
    11             4          -319.40161004              1.07697
    11             5          -319.13420873              0.27510
    11             1          -326.40924045              0.00204
    11             2          -320.81097512              0.00176
    11             3          -320.73157007              0.12833
    11             4          -319.40161004              0.11648
    11             5          -319.13420873              0.02225
    12             1          -326.40924055              0.00892
    12             2          -320.81097522              0.01052
    12             3          -320.73216853              1.33635
    12             4          -319.40231740              1.36939
    12             5          -319.13422650              0.25006
    12             1          -326.40924055              0.00094
    12             2          -320.81097522              0.00082
    12             3          -320.73216853              0.08384
    12             4          -319.40231740              0.09872
    12             5          -319.13422650              0.01188
    13             1          -326.40924057              0.00434
    13             2          -320.81097524              0.00528
    13             3          -320.73244508              0.94186
    13             4          -319.40281877              1.54300
    13             5          -319.13423271              0.15375
  truncating with vlp=false 
 TRUNCATION TO 1 VECTOR PER ROOT HAS BEEN PERFORMED
    13             1          -326.40924057              0.00050
    13             2          -320.81097524              0.00046
    13             3          -320.73244508              0.05938
    13             4          -319.40281877              0.08699
    13             5          -319.13423271              0.00949
    14             1          -326.40924057              0.00048
    14             2          -320.81097525              0.00053
    14             3          -320.73254210              0.08228
    14             4          -319.40301088              0.10541
    14             5          -319.13423503              0.01223
    14             1          -326.40924057              0.00026
    14             2          -320.81097525              0.00023
    14             3          -320.73254210              0.03992
    14             4          -319.40301088              0.04341
    14             5          -319.13423503              0.00524
    15             1          -326.40924058              0.00060
    15             2          -320.81097525              0.00069
    15             3          -320.73261167              0.18990
    15             4          -319.40310557              0.21364
    15             5          -319.13423632              0.02547
    15             1          -326.40924058              0.00014
    15             2          -320.81097525              0.00013
    15             3          -320.73261167              0.03319
    15             4          -319.40310557              0.03618
    15             5          -319.13423632              0.00413
    16             1          -326.40924058              0.00038
    16             2          -320.81097525              0.00053
    16             3          -320.73265272              0.19515
    16             4          -319.40318539              0.35438
    16             5          -319.13423680              0.01831
    16             1          -326.40924058              0.00007
    16             2          -320.81097525              0.00008
    16             3          -320.73265272              0.02119
    16             4          -319.40318539              0.03678
    16             5          -319.13423680              0.00190
     ROOT    ITERATION     NUMBER OF PRODUCTS       EIGENVALUE
       1        16                75                -326.4092405770


     ROOT    ITERATION     NUMBER OF PRODUCTS       EIGENVALUE
       2        16                75                -320.8109752505


    17             3          -320.73266989              0.15394
    17             4          -319.40328834              0.71491
    17             5          -319.13423694              0.01475
  truncating with vlp=false 
 TRUNCATION TO 1 VECTOR PER ROOT HAS BEEN PERFORMED
    17             3          -320.73266989              0.02090
    17             4          -319.40328834              0.05915
    17             5          -319.13423694              0.00167
    18             3          -320.73267878              0.02110
    18             4          -319.40336690              0.07532
    18             5          -319.13423703              0.00282
    18             3          -320.73267878              0.01307
    18             4          -319.40336690              0.03303
    18             5          -319.13423703              0.00112
    19             3          -320.73268754              0.07702
    19             4          -319.40344046              0.26421
    19             5          -319.13423711              0.00964
    19             3          -320.73268754              0.01160
    19             4          -319.40344046              0.03796
    19             5          -319.13423711              0.00113
    20             3          -320.73269288              0.10087
    20             4          -319.40353544              0.67331
    20             5          -319.13423716              0.01438
    20             3          -320.73269288              0.00826
    20             4          -319.40353544              0.04968
    20             5          -319.13423716              0.00098
    21             3          -320.73269548              0.08412
    21             4          -319.40374347              2.03756
    21             5          -319.13423729              0.07616
    21             3          -320.73269548              0.00741
    21             4          -319.40374347              0.10062
    21             5          -319.13423729              0.00322
    22             3          -320.73269805              0.10723
    22             4          -319.43255876            291.09290
    22             5          -319.39853395           **********
    22             3          -320.73269805              0.00506
    22             4          -319.43255876              1.84377
    22             5          -319.39853395              0.75896
    23             3          -320.73269869              0.03591
    23             4          -319.51740072             41.72947
    23             5          -319.40221673             40.04126
  truncating with vlp=false 
 TRUNCATION TO 1 VECTOR PER ROOT HAS BEEN PERFORMED
    23             3          -320.73269869              0.00260
    23             4          -319.51740072              0.98678
    23             5          -319.40221673              0.10394
    24             3          -320.73269887              0.00353
    24             4          -319.54617936              1.54379
    24             5          -319.40247639              0.74484
    24             3          -320.73269887              0.00176
    24             4          -319.54617936              0.74751
    24             5          -319.40247639              0.06348
    25             3          -320.73269898              0.00631
    25             4          -319.56766554              3.33797
    25             5          -319.40261582              0.76142
    25             3          -320.73269898              0.00094
    25             4          -319.56766554              0.45518
    25             5          -319.40261582              0.03449
    26             3          -320.73269900              0.00360
    26             4          -319.57355204              1.91960
    26             5          -319.40264993              0.26839
    26             3          -320.73269900              0.00057
    26             4          -319.57355204              0.27003
    26             5          -319.40264993              0.02021
    27             3          -320.73269901              0.00383
    27             4          -319.57611668              1.97998
    27             5          -319.40266479              0.19384
    27             3          -320.73269901              0.00037
    27             4          -319.57611668              0.17316
    27             5          -319.40266479              0.01305
    28             3          -320.73269902              0.00250
    28             4          -319.57727484              1.46842
    28             5          -319.40267172              0.13485
    28             3          -320.73269902              0.00020
    28             4          -319.57727484              0.10264
    28             5          -319.40267172              0.00819
    29             3          -320.73269902              0.00124
    29             4          -319.57769686              1.06045
    29             5          -319.40267466              0.10407
  truncating with vlp=false 
 TRUNCATION TO 1 VECTOR PER ROOT HAS BEEN PERFORMED
    29             3          -320.73269902              0.00015
    29             4          -319.57769686              0.09282
    29             5          -319.40267466              0.00789
    30             3          -320.73269902              0.00017
    30             4          -319.57788859              0.12096
    30             5          -319.40267607              0.01171
    30             3          -320.73269902              0.00009
    30             4          -319.57788859              0.06013
    30             5          -319.40267607              0.00513
     ROOT    ITERATION     NUMBER OF PRODUCTS       EIGENVALUE
       3        30               117                -320.7326990180


    31             4          -319.57806964              0.33543
    31             5          -319.40267740              0.02985
    31             4          -319.57806964              0.05395
    31             5          -319.40267740              0.00470
    32             4          -319.57818996              0.46593
    32             5          -319.40267835              0.04415
    32             4          -319.57818996              0.04117
    32             5          -319.40267835              0.00382
    33             4          -319.57825880              0.41573
    33             5          -319.40267900              0.04517
    33             4          -319.57825880              0.03319
    33             5          -319.40267900              0.00335
    34             4          -319.57831211              0.41387
    34             5          -319.40267958              0.04910
    34             4          -319.57831211              0.02355
    34             5          -319.40267958              0.00257
    35             4          -319.57833766              0.25029
    35             5          -319.40267990              0.03205
    35             4          -319.57833766              0.02016
    35             5          -319.40267990              0.00229
    36             4          -319.57836033              0.28938
    36             5          -319.40268022              0.03924
    36             4          -319.57836033              0.01680
    36             5          -319.40268022              0.00208
    37             4          -319.57836887              0.13868
    37             5          -319.40268036              0.02070
    37             4          -319.57836887              0.01034
    37             5          -319.40268036              0.00134
    38             4          -319.57837222              0.07915
    38             5          -319.40268042              0.01270
  truncating with vlp=false 
 TRUNCATION TO 1 VECTOR PER ROOT HAS BEEN PERFORMED
    38             4          -319.57837222              0.00727
    38             5          -319.40268042              0.00098
    39             4          -319.57837332              0.00827
    39             5          -319.40268044              0.00122
    39             4          -319.57837332              0.00443
    39             5          -319.40268044              0.00059
    40             4          -319.57837408              0.01924
    40             5          -319.40268045              0.00274
    40             4          -319.57837408              0.00336
    40             5          -319.40268045              0.00046
    41             4          -319.57837448              0.02400
    41             5          -319.40268046              0.00350
    41             4          -319.57837448              0.00224
    41             5          -319.40268046              0.00032
    42             4          -319.57837467              0.01995
    42             5          -319.40268046              0.00317
    42             4          -319.57837467              0.00163
    42             5          -319.40268046              0.00024
    43             4          -319.57837479              0.01646
    43             5          -319.40268047              0.00269
    43             4          -319.57837479              0.00122
    43             5          -319.40268047              0.00019
    44             4          -319.57837484              0.01078
    44             5          -319.40268047              0.00188
    44             4          -319.57837484              0.00082
    44             5          -319.40268047              0.00013
    45             4          -319.57837486              0.00695
    45             5          -319.40268047              0.00121
    45             4          -319.57837486              0.00058
    45             5          -319.40268047              0.00010
     ROOT    ITERATION     NUMBER OF PRODUCTS       EIGENVALUE
       5        45               147                -319.4026804684


    46             4          -319.57837487              0.00554
    46             4          -319.57837487              0.00037
    47             4          -319.57837488              0.00445
    47             4          -319.57837488              0.00034
    48             4          -319.57837489              0.00790
    48             4          -319.57837489              0.00034
    49             4          -319.57837489              0.00449
    49             4          -319.57837489              0.00020
    50             4          -319.57837489              0.00240
    50             4          -319.57837489              0.00015
    51             4          -319.57837489              0.00183
  truncating with vlp=false 
 TRUNCATION TO 1 VECTOR PER ROOT HAS BEEN PERFORMED
    51             4          -319.57837489              0.00011
    52             4          -319.57837490              0.00011
    52             4          -319.57837490              0.00007
     ROOT    ITERATION     NUMBER OF PRODUCTS       EIGENVALUE
       4        52               154                -319.5783748950


  all roots converged 
  

 ************************************
 COMPLETED CI VECTOR OPTIMISATION
 ************************************





 ********************************
 RESULTS FOR ROOT   01
 TOTAL CI ENERGY =   -326.4092406
 ********************************

       CONF.                                                                           COEFF.
        NO.        SPACE ORBITAL PRODUCTS                                             CONTRIB.      CI COEFFICIENTS

       -----       ----------------------                                             --------   ---------------------
   1.     1   D 1 - 2 ; D 1 - 2 ; D 1 ; D 1  END                                        0.9361   -0.93614
   2.    37   D 1 - 2 S 3 ; D 1 S 2 ; S 1 ; D 1 S 2  END                                0.0979    0.08722  0.04457
   3.    24   D 1 - 2 ; D 1 - 2 ; S 1 - 2 ; S 1 - 2  END                                0.0976    0.08005  0.05579
   4.    81   D 1 S 2 - 3 ; D 1 S 2 - 3 ; D 1 ; D 1  END                                0.0922    0.05935  0.07060
   5.    33   D 1 - 2 S 3 ; D 1 S 2 ; D 1 S 2 ; S 1  END                                0.0869   -0.07783  0.03865
   6.    35   D 1 - 2 ; D 1 S 2 - 3 ; D 1 ; S 1 - 2  END                                0.0745    0.05711 -0.04778
   7.    77   D 1 S 2 - 3 ; D 1 - 2 ; S 1 - 2 ; D 1  END                                0.0745    0.05711 -0.04778
   8.    41   D 1 - 3 ; D 1 ; D 1 ; D 1  END                                            0.0712    0.07115
   9.    73   D 1 S 2 - 3 ; D 1 - 2 ; D 1 ; S 1 - 2  END                                0.0685    0.05202 -0.04458
  10.    39   D 1 - 2 ; D 1 S 2 - 3 ; S 1 - 2 ; D 1  END                                0.0685    0.05202 -0.04458
  11.    75   D 1 S 2 ; D 1 - 2 S 3 ; D 1 S 2 ; S 1  END                                0.0608    0.05257  0.03051
  12.    79   D 1 S 2 ; D 1 - 2 S 3 ; S 1 ; D 1 S 2  END                                0.0578   -0.05005  0.02886
  13.    19   D 1 - 2 ; D 1 - 2 ; D 1 ; D 2  END                                        0.0497    0.04972
  14.    31   D 1 - 2 ; D 1 - 2 ; D 2 ; D 1  END                                        0.0497    0.04972
  15.    32   D 1 - 2 ; D 1 - 2 ; ; D 1 - 2  END                                        0.0474    0.04741
  16.   108   S 1 D 2 S 3 ; D 1 S 2 S 4 ; D 1 ; D 1  END                                0.0470   -0.02274 -0.04114
  17.    18   D 1 - 2 ; D 1 - 2 ; D 1 - 2  END                                          0.0470    0.04696
  18.    58   D 1 - 2 S 3 - 4 ; S 1 - 2 ; D 1 ; D 1  END                                0.0456   -0.02089 -0.04058
  19.    91   D 1 D 3 ; D 1 - 2 ; D 1 ; D 1  END                                        0.0425    0.04250
  20.    44   D 1 - 2 ; D 1 D 3 ; D 1 ; D 1  END                                        0.0425    0.04250
  21.    54   D 1 - 2 S 4 ; S 1 D 2 ; S 1 ; D 1 S 2  END                                0.0409    0.04060 -0.00526
  22.    50   D 1 - 2 S 4 ; S 1 D 2 ; D 1 S 2 ; S 1  END                                0.0390   -0.03849 -0.00633
  23.    94   D 1 ; D 1 - 3 ; D 1 ; D 1  END                                            0.0367    0.03666
  24.    88   D 1 S 2 S 4 ; S 1 D 2 S 3 ; D 1 ; D 1  END                                0.0353    0.02080  0.02858
  25.   104   S 1 D 2 S 4 ; D 1 - 2 ; S 1 - 2 ; D 1  END                                0.0334    0.03317  0.00358
  26.    52   D 1 - 2 ; S 1 D 2 S 4 ; D 1 ; S 1 - 2  END                                0.0334   -0.03317 -0.00358
  27.   102   S 1 D 2 ; D 1 - 2 S 4 ; D 1 S 2 ; S 1  END                                0.0327   -0.03273 -0.00003
  28.   100   S 1 D 2 S 4 ; D 1 - 2 ; D 1 ; S 1 - 2  END                                0.0313    0.03094  0.00494
  29.    56   D 1 - 2 ; S 1 D 2 S 4 ; S 1 - 2 ; D 1  END                                0.0313   -0.03094 -0.00494
  30.   118   S 1 - 4 ; D 1 - 2 ; D 1 ; D 1  END                                        0.0302   -0.01347 -0.02700
  31.    61   D 1 - 2 ; S 1 - 4 ; D 1 ; D 1  END                                        0.0302    0.01347  0.02700
  32.   106   S 1 D 2 ; D 1 - 2 S 4 ; S 1 ; D 1 S 2  END                                0.0300    0.02998  0.00165
  33.    85   D 1 S 2 ; D 1 S 2 ; D 1 S 2 ; D 1 S 2  END                                0.0282    0.00429  0.02790
  34.    20   D 1 - 2 S 3 ; D 1 - 2 S 3 ; S 1 ; S 1  END                                0.0282    0.00429  0.02790
  35.   121   S 1 - 2 ; D 1 - 2 S 3 - 4 ; D 1 ; D 1  END                                0.0279    0.00982  0.02616
  36.    87   D 1 S 2 - 3 ; S 1 D 2 S 4 ; D 1 ; D 1  END                                0.0264   -0.02509 -0.00822
  37.   109   S 1 D 2 S 4 ; D 1 S 2 - 3 ; D 1 ; D 1  END                                0.0264    0.02509  0.00822
  38.    83   D 1 S 2 S 4 ; D 1 S 2 - 3 ; D 1 ; D 1  END                                0.0243    0.02383 -0.00471
  39.    86   D 1 S 2 - 3 ; S 1 D 2 S 3 ; D 1 ; D 1  END                                0.0243    0.02383 -0.00471
  40.    48   D 1 - 2 ; D 1 ; D 1 ; D 1 - 2  END                                        0.0229    0.02294
  41.    25   D 1 - 3 ; D 1 - 2 ; ; D 1  END                                            0.0229    0.02294
  42.  1290   D 1 S 2 - 3 ; D 1 S 2 - 3 ; S 1 - 2 ; S 1 - 2  END                        0.0226   -0.01113  0.00287 -0.00257  0.00460
                                                                                                 -0.00268  0.00095 -0.00328 -0.00998
                                                                                                 -0.00582  0.00466 -0.00320  0.00470
                                                                                                 -0.00358 -0.01146
  43.   116   S 1 D 2 ; S 1 D 2 ; D 1 S 2 ; D 1 S 2  END                                0.0218    0.00194  0.02169
  44.    23   D 1 - 2 S 4 ; D 1 - 2 S 4 ; S 1 ; S 1  END                                0.0218   -0.00194 -0.02169
  45.    84   D 1 S 2 S 4 ; D 1 S 2 S 4 ; D 1 ; D 1  END                                0.0195   -0.01169 -0.01558
  46.   112   S 1 D 2 S 3 ; S 1 D 2 S 3 ; D 1 ; D 1  END                                0.0195    0.01169  0.01558
  47.   103   S 1 D 2 S 3 ; D 1 - 2 ; S 1 - 2 ; D 1  END                                0.0191   -0.01803  0.00643
  48.    36   D 1 - 2 ; D 1 S 2 S 4 ; D 1 ; S 1 - 2  END                                0.0191    0.01803 -0.00643
  49.   115   S 1 D 2 S 4 ; S 1 D 2 S 4 ; D 1 ; D 1  END                                0.0185   -0.01415 -0.01185
  50.    55   D 1 - 2 ; S 1 D 2 S 3 ; S 1 - 2 ; D 1  END                                0.0183    0.01825 -0.00035
  51.    74   D 1 S 2 S 4 ; D 1 - 2 ; D 1 ; S 1 - 2  END                                0.0183    0.01825 -0.00035
  52.    47   D 1 - 2 ; D 1 ; D 1 - 2 ; D 1  END                                        0.0177    0.01769
  53.    12   D 1 - 3 ; D 1 - 2 ; D 1  END                                              0.0177    0.01769
  54.    51   D 1 - 2 ; S 1 D 2 S 3 ; D 1 ; S 1 - 2  END                                0.0165    0.01644  0.00093
  55.    78   D 1 S 2 S 4 ; D 1 - 2 ; S 1 - 2 ; D 1  END                                0.0165    0.01644  0.00093
  56.   125   D 2 - 3 ; D 1 - 2 ; D 1 ; D 1  END                                        0.0147    0.01470
  57.    46   D 1 - 2 ; D 1 D 4 ; D 1 ; D 1  END                                        0.0147    0.01470
  58.    92   D 1 S 3 - 4 ; D 1 - 2 ; D 1 ; D 1  END                                    0.0139   -0.01387
  59.    60   D 1 - 2 ; S 1 - 2 D 3 ; D 1 ; D 1  END                                    0.0139    0.01387
  60.    99   S 1 D 2 S 3 ; D 1 - 2 ; D 1 ; S 1 - 2  END                                0.0136   -0.01303  0.00379
  61.    40   D 1 - 2 ; D 1 S 2 S 4 ; S 1 - 2 ; D 1  END                                0.0136    0.01303 -0.00379
  62.    27   D 1 - 2 D 4 ; D 1 - 2 ; ; D 1  END                                        0.0135    0.01353
  63.    72   D 1 - 2 ; D 2 ; D 1 ; D 1 - 2  END                                        0.0135    0.01353
  64.    97   D 1 ; D 1 - 2 ; D 1 - 2 ; D 1  END                                        0.0135    0.01347
  65.    15   D 1 - 2 ; D 1 - 3 ; D 1  END                                              0.0135    0.01347
  66.    67   D 1 - 2 D 4 ; D 2 ; D 1 ; D 1  END                                        0.0131    0.01307
  67.    68   D 1 - 2 ; D 2 - 3 ; D 1 ; D 1  END                                        0.0131    0.01306
  68.    93   D 1 D 4 ; D 1 - 2 ; D 1 ; D 1  END                                        0.0131    0.01306
  69.    14   D 1 - 2 D 4 ; D 1 - 2 ; D 1  END                                          0.0126    0.01264
  70.    71   D 1 - 2 ; D 2 ; D 1 - 2 ; D 1  END                                        0.0126    0.01264
  71.    43   D 1 - 2 D 4 ; D 1 ; D 1 ; D 1  END                                        0.0125    0.01251
  72.    65   D 1 - 3 ; D 2 ; D 1 ; D 1  END                                            0.0125    0.01251
  73.   111   S 1 D 2 ; D 1 S 2 ; D 1 S 2 ; D 1 S 2  END                                0.0123   -0.00460 -0.01138
  74.    21   D 1 - 2 S 3 ; D 1 - 2 S 4 ; S 1 ; S 1  END                                0.0123    0.00460  0.01138
  75.    98   D 1 ; D 1 - 2 ; D 1 ; D 1 - 2  END                                        0.0122    0.01219
  76.    28   D 1 - 2 ; D 1 - 3 ; ; D 1  END                                            0.0122    0.01219
  77.   107   S 1 D 2 S 3 ; D 1 S 2 - 3 ; D 1 ; D 1  END                                0.0117   -0.00499 -0.01059
  78.    82   D 1 S 2 - 3 ; D 1 S 2 S 4 ; D 1 ; D 1  END                                0.0117    0.00499  0.01059
  79.   117   S 1 - 2 D 3 ; D 1 - 2 ; D 1 ; D 1  END                                    0.0114   -0.01139
  80.    45   D 1 - 2 ; D 1 S 3 - 4 ; D 1 ; D 1  END                                    0.0114   -0.01139
  81.    22   D 1 - 2 S 4 ; D 1 - 2 S 3 ; S 1 ; S 1  END                                0.0113   -0.00142  0.01123
  82.    90   D 1 S 2 ; S 1 D 2 ; D 1 S 2 ; D 1 S 2  END                                0.0113   -0.00142  0.01123
  83.    34   D 1 - 2 S 4 ; D 1 S 2 ; D 1 S 2 ; S 1  END                                0.0113    0.00102  0.01123
  84.    49   D 1 - 2 S 3 ; S 1 D 2 ; D 1 S 2 ; S 1  END                                0.0113    0.00102  0.01123
  85.   130   D 2 ; D 1 - 2 D 4 ; D 1 ; D 1  END                                        0.0109    0.01094
  86.   865   D 1 - 3 ; D 1 ; S 1 - 2 ; S 1 - 2  END                                    0.0108   -0.00876 -0.00630
  87.   131   D 2 ; D 1 - 2 ; D 1 - 2 ; D 1  END                                        0.0103    0.01028
  88.    17   D 1 - 2 ; D 1 - 2 D 4 ; D 1  END                                          0.0103    0.01028
  89.   794   D 1 - 2 ; D 1 - 2 ; D 2 ; D 2  END                                        0.0101   -0.01014
  90.    38   D 1 - 2 S 4 ; D 1 S 2 ; S 1 ; D 1 S 2  END                                0.0101   -0.00436  0.00911
  91.    53   D 1 - 2 S 3 ; S 1 D 2 ; S 1 ; D 1 S 2  END                                0.0101   -0.00436  0.00911
  92.   824   D 1 - 2 S 3 ; D 1 S 2 ; S 2 ; S 1 D 2  END                                0.0095    0.00864 -0.00393
  93.   804   D 1 - 2 S 3 ; D 1 S 2 ; S 1 D 2 ; S 2  END                                0.0094   -0.00849 -0.00395
  94.   128   D 2 ; D 1 - 3 ; D 1 ; D 1  END                                            0.0093    0.00933
  95.    96   D 1 ; D 1 - 2 D 4 ; D 1 ; D 1  END                                        0.0093    0.00933
  96.  1684   D 1 D 3 ; D 1 D 3 ; D 1 ; D 1  END                                        0.0093   -0.00926
  97.  1350   D 1 S 2 D 3 ; D 1 S 3 ; S 1 ; D 1 S 2  END                                0.0091    0.00868 -0.00277
  98.   986   D 1 - 2 S 3 - 4 ; S 1 - 2 ; S 1 - 2 ; S 1 - 2  END                        0.0090    0.00489  0.00114  0.00014  0.00096
                                                                                                 -0.00072  0.00002 -0.00067  0.00279
                                                                                                  0.00450  0.00146  0.00003  0.00103
                                                                                                  0.00176  0.00444
  99.   127   D 2 D 4 ; D 1 - 2 ; D 1 ; D 1  END                                        0.0088    0.00884
 100.    70   D 1 - 2 ; D 2 D 4 ; D 1 ; D 1  END                                        0.0088    0.00884




 POSITION OF FIRST SPIN COUPLING FOR TEN MOST IMPORTANT CONFIGURATIONS
       1     46     28    112     38     42    104     54     96     50



 ********************************
 RESULTS FOR ROOT   02
 TOTAL CI ENERGY =   -320.8109753
 ********************************

       CONF.                                                                           COEFF.
        NO.        SPACE ORBITAL PRODUCTS                                             CONTRIB.      CI COEFFICIENTS

       -----       ----------------------                                             --------   ---------------------
   1.     2   D 1 - 2 ; D 1 - 2 ; D 1 ; S 1 - 2  END                                    0.4964    0.49641
   2.     3   D 1 - 2 ; D 1 - 2 ; S 1 - 2 ; D 1  END                                    0.4964    0.49641
   3.     4   D 1 - 2 ; D 1 S 2 - 3 ; D 1 ; D 1  END                                    0.4440    0.44405
   4.     8   D 1 S 2 - 3 ; D 1 - 2 ; D 1 ; D 1  END                                    0.4440    0.44405
   5.    11   S 1 D 2 S 4 ; D 1 - 2 ; D 1 ; D 1  END                                    0.0666    0.06657
   6.     7   D 1 - 2 ; S 1 D 2 S 4 ; D 1 ; D 1  END                                    0.0666   -0.06657
   7.     6   D 1 - 2 ; S 1 D 2 S 3 ; D 1 ; D 1  END                                    0.0633    0.06326
   8.     9   D 1 S 2 S 4 ; D 1 - 2 ; D 1 ; D 1  END                                    0.0633    0.06326
   9.   181   D 1 - 2 ; D 1 S 2 - 3 ; S 1 - 2 ; S 1 - 2  END                            0.0584   -0.02402  0.01715 -0.03121 -0.02774
                                                                                                  0.02816
  10.   351   D 1 S 2 - 3 ; D 1 - 2 ; S 1 - 2 ; S 1 - 2  END                            0.0584   -0.02257  0.01613 -0.03121 -0.02951
                                                                                                  0.02816
  11.   143   D 1 - 2 ; D 1 - 2 ; S 1 - 2 ; D 2  END                                    0.0579   -0.05785
  12.   154   D 1 - 2 ; D 1 - 2 ; D 2 ; S 1 - 2  END                                    0.0579   -0.05785
  13.   399   D 1 S 2 - 3 ; D 1 D 3 ; D 1 ; D 1  END                                    0.0537   -0.05373
  14.   483   D 1 D 3 ; D 1 S 2 - 3 ; D 1 ; D 1  END                                    0.0537   -0.05373
  15.   388   D 1 S 2 - 3 ; D 1 S 2 - 3 ; S 1 - 2 ; D 1  END                            0.0502   -0.02424  0.02151 -0.02802 -0.02353
                                                                                                  0.01124
  16.   377   D 1 S 2 - 3 ; D 1 S 2 - 3 ; D 1 ; S 1 - 2  END                            0.0502   -0.02082  0.01909 -0.03221 -0.02353
                                                                                                  0.01124
  17.     5   D 1 - 2 ; D 1 S 2 S 4 ; D 1 ; D 1  END                                    0.0392    0.03915
  18.    10   S 1 D 2 S 3 ; D 1 - 2 ; D 1 ; D 1  END                                    0.0392   -0.03915
  19.   187   D 1 - 2 S 3 ; D 1 S 2 ; S 2 ; D 1 S 2  END                                0.0384    0.03148  0.02204
  20.   175   D 1 - 2 S 3 ; D 1 S 2 ; S 1 ; S 1 D 2  END                                0.0384   -0.03148 -0.02204
  21.   210   D 1 - 2 S 3 ; D 1 S 3 ; S 1 ; D 1 S 2  END                                0.0373    0.02938  0.02297
  22.   386   D 1 S 2 D 3 ; D 1 S 2 ; S 1 ; D 1 S 2  END                                0.0373   -0.02938 -0.02297
  23.   174   D 1 - 2 S 3 ; D 1 S 2 ; S 1 D 2 ; S 1  END                                0.0352    0.02876 -0.02035
  24.   159   D 1 - 2 S 3 ; D 1 S 2 ; D 1 S 2 ; S 2  END                                0.0352   -0.02876  0.02035
  25.    77   D 1 S 2 - 3 ; D 1 - 2 ; S 1 - 2 ; D 1  END                                0.0329    0.03279 -0.00231
  26.    35   D 1 - 2 ; D 1 S 2 - 3 ; D 1 ; S 1 - 2  END                                0.0329   -0.03279  0.00231
  27.   199   D 1 - 2 S 3 ; D 1 S 3 ; D 1 S 2 ; S 1  END                                0.0320   -0.02477  0.02024
  28.   375   D 1 S 2 D 3 ; D 1 S 2 ; D 1 S 2 ; S 1  END                                0.0320    0.02476 -0.02024
  29.   111   S 1 D 2 ; D 1 S 2 ; D 1 S 2 ; D 1 S 2  END                                0.0293    0.00562  0.02880
  30.    21   D 1 - 2 S 3 ; D 1 - 2 S 4 ; S 1 ; S 1  END                                0.0293    0.00562  0.02880
  31.    73   D 1 S 2 - 3 ; D 1 - 2 ; D 1 ; S 1 - 2  END                                0.0277    0.02768  0.00092
  32.    39   D 1 - 2 ; D 1 S 2 - 3 ; S 1 - 2 ; D 1  END                                0.0277   -0.02768 -0.00092
  33.   246   D 1 - 2 ; S 1 D 2 S 4 ; S 1 - 2 ; S 1 - 2  END                            0.0270    0.01529 -0.01080  0.00490  0.01676
                                                                                                  0.00859
  34.   532   S 1 D 2 S 4 ; D 1 - 2 ; S 1 - 2 ; S 1 - 2  END                            0.0270   -0.01369  0.00967 -0.00490 -0.01872
                                                                                                 -0.00859
  35.   208   D 1 - 3 ; D 1 ; S 1 - 2 ; D 1  END                                        0.0269   -0.02690
  36.   197   D 1 - 3 ; D 1 ; D 1 ; S 1 - 2  END                                        0.0269   -0.02690
  37.   436   D 1 S 2 - 3 ; S 1 - 4 ; D 1 ; D 1  END                                    0.0249    0.00374  0.01300  0.00138 -0.00572
                                                                                                 -0.02010
  38.   663   S 1 - 4 ; D 1 S 2 - 3 ; D 1 ; D 1  END                                    0.0249   -0.00374 -0.01300  0.00572 -0.00138
                                                                                                  0.02010
  39.    45   D 1 - 2 ; D 1 S 3 - 4 ; D 1 ; D 1  END                                    0.0244    0.02435
  40.   117   S 1 - 2 D 3 ; D 1 - 2 ; D 1 ; D 1  END                                    0.0244   -0.02435
  41.    38   D 1 - 2 S 4 ; D 1 S 2 ; S 1 ; D 1 S 2  END                                0.0239   -0.02311  0.00611
  42.    53   D 1 - 2 S 3 ; S 1 D 2 ; S 1 ; D 1 S 2  END                                0.0239    0.02311 -0.00611
  43.   357   D 1 S 2 ; D 1 - 2 S 3 ; S 1 D 2 ; S 1  END                                0.0238   -0.01807 -0.01552
  44.   345   D 1 S 2 ; D 1 - 2 S 3 ; D 1 S 2 ; S 2  END                                0.0238    0.01807  0.01552
  45.    64   D 1 - 2 ; S 1 - 2 ; D 1 ; D 1 - 2  END                                    0.0235    0.02353
  46.    26   D 1 - 2 S 3 - 4 ; D 1 - 2 ; ; D 1  END                                    0.0235    0.02353
  47.    25   D 1 - 3 ; D 1 - 2 ; ; D 1  END                                            0.0235    0.02345
  48.    48   D 1 - 2 ; D 1 ; D 1 ; D 1 - 2  END                                        0.0235   -0.02345
  49.   358   D 1 S 2 ; D 1 - 2 S 3 ; S 1 ; S 1 D 2  END                                0.0233    0.01754 -0.01528
  50.   373   D 1 S 2 ; D 1 - 2 S 3 ; S 2 ; D 1 S 2  END                                0.0233   -0.01754  0.01528
  51.    51   D 1 - 2 ; S 1 D 2 S 3 ; D 1 ; S 1 - 2  END                                0.0230    0.02056  0.01027
  52.    78   D 1 S 2 S 4 ; D 1 - 2 ; S 1 - 2 ; D 1  END                                0.0230   -0.02056 -0.01027
  53.   382   D 1 S 2 ; D 1 S 2 D 3 ; D 1 S 2 ; S 1  END                                0.0228   -0.01750 -0.01462
  54.   463   D 1 S 3 ; D 1 - 2 S 3 ; D 1 S 2 ; S 1  END                                0.0228    0.01750  0.01462
  55.    22   D 1 - 2 S 4 ; D 1 - 2 S 3 ; S 1 ; S 1  END                                0.0221   -0.00154 -0.02201
  56.    90   D 1 S 2 ; S 1 D 2 ; D 1 S 2 ; D 1 S 2  END                                0.0221    0.00154  0.02201
  57.    55   D 1 - 2 ; S 1 D 2 S 3 ; S 1 - 2 ; D 1  END                                0.0213    0.01758  0.01195
  58.    74   D 1 S 2 S 4 ; D 1 - 2 ; D 1 ; S 1 - 2  END                                0.0213   -0.01758 -0.01195
  59.   474   D 1 S 3 ; D 1 - 2 S 3 ; S 1 ; D 1 S 2  END                                0.0209   -0.01566  0.01383
  60.   393   D 1 S 2 ; D 1 S 2 D 3 ; S 1 ; D 1 S 2  END                                0.0209    0.01566 -0.01383
  61.    34   D 1 - 2 S 4 ; D 1 S 2 ; D 1 S 2 ; S 1  END                                0.0208    0.01915  0.00802
  62.    49   D 1 - 2 S 3 ; S 1 D 2 ; D 1 S 2 ; S 1  END                                0.0208   -0.01915 -0.00802
  63.   107   S 1 D 2 S 3 ; D 1 S 2 - 3 ; D 1 ; D 1  END                                0.0207   -0.00718 -0.01937
  64.    82   D 1 S 2 - 3 ; D 1 S 2 S 4 ; D 1 ; D 1  END                                0.0207   -0.00718 -0.01937
  65.    86   D 1 S 2 - 3 ; S 1 D 2 S 3 ; D 1 ; D 1  END                                0.0204   -0.00958 -0.01796
  66.    83   D 1 S 2 S 4 ; D 1 S 2 - 3 ; D 1 ; D 1  END                                0.0204    0.00958  0.01796
  67.    36   D 1 - 2 ; D 1 S 2 S 4 ; D 1 ; S 1 - 2  END                                0.0190    0.01489  0.01175
  68.   103   S 1 D 2 S 3 ; D 1 - 2 ; S 1 - 2 ; D 1  END                                0.0190    0.01489  0.01175
  69.    40   D 1 - 2 ; D 1 S 2 S 4 ; S 1 - 2 ; D 1  END                                0.0189    0.01316  0.01355
  70.    99   S 1 D 2 S 3 ; D 1 - 2 ; D 1 ; S 1 - 2  END                                0.0189    0.01316  0.01355
  71.    76   D 1 S 2 ; D 1 - 2 S 4 ; D 1 S 2 ; S 1  END                                0.0186    0.01793 -0.00475
  72.   101   S 1 D 2 ; D 1 - 2 S 3 ; D 1 S 2 ; S 1  END                                0.0186    0.01793 -0.00475
  73.    57   D 1 - 3 ; S 1 - 2 ; D 1 ; D 1  END                                        0.0185   -0.01853
  74.    42   D 1 - 2 S 3 - 4 ; D 1 ; D 1 ; D 1  END                                    0.0185   -0.01853
  75.    63   D 1 - 2 ; S 1 - 2 ; D 1 - 2 ; D 1  END                                    0.0185    0.01849
  76.    13   D 1 - 2 S 3 - 4 ; D 1 - 2 ; D 1  END                                      0.0185    0.01849
  77.   556   S 1 D 2 S 3 ; D 1 S 2 S 4 ; D 1 ; S 1 - 2  END                            0.0180   -0.00056 -0.00443  0.00330  0.00831
                                                                                                  0.01499
  78.   567   S 1 D 2 S 3 ; D 1 S 2 S 4 ; S 1 - 2 ; D 1  END                            0.0180    0.00042 -0.00512  0.00210  0.00831
                                                                                                  0.01499
  79.   662   S 1 - 2 D 3 ; D 1 S 2 S 4 ; D 1 ; D 1  END                                0.0179    0.00681  0.01652
  80.   578   S 1 D 2 S 3 ; D 1 S 3 - 4 ; D 1 ; D 1  END                                0.0179   -0.00681 -0.01652
  81.   194   D 1 - 2 ; D 1 S 2 - 3 ; ; D 1 - 2  END                                    0.0176   -0.01764
  82.   367   D 1 S 2 - 3 ; D 1 - 2 ; ; D 1 - 2  END                                    0.0176   -0.01764
  83.   165   D 1 - 2 ; D 1 S 2 - 3 ; D 1 - 2  END                                      0.0174   -0.01738
  84.   338   D 1 S 2 - 3 ; D 1 - 2 ; D 1 - 2  END                                      0.0174   -0.01738
  85.   273   D 1 - 2 S 3 - 4 ; S 1 - 2 ; S 1 - 2 ; D 1  END                            0.0173   -0.00625  0.00017 -0.00468  0.00823
                                                                                                  0.01305
  86.   262   D 1 - 2 S 3 - 4 ; S 1 - 2 ; D 1 ; S 1 - 2  END                            0.0173   -0.00582 -0.00013 -0.00520  0.00823
                                                                                                  0.01305
  87.    47   D 1 - 2 ; D 1 ; D 1 - 2 ; D 1  END                                        0.0171   -0.01715
  88.    12   D 1 - 3 ; D 1 - 2 ; D 1  END                                              0.0171    0.01715
  89.   651   S 1 - 4 ; D 1 - 2 ; S 1 - 2 ; D 1  END                                    0.0170   -0.00570 -0.01127  0.00241  0.00691
                                                                                                  0.00879
  90.   269   D 1 - 2 ; S 1 - 4 ; D 1 ; S 1 - 2  END                                    0.0170    0.00525  0.01159 -0.00186 -0.00691
                                                                                                 -0.00879
  91.   640   S 1 - 4 ; D 1 - 2 ; D 1 ; S 1 - 2  END                                    0.0166   -0.00472 -0.01090  0.00231  0.00633
                                                                                                  0.00951
  92.   280   D 1 - 2 ; S 1 - 4 ; S 1 - 2 ; D 1  END                                    0.0166    0.00482  0.01083 -0.00245 -0.00633
                                                                                                 -0.00951
  93.    80   D 1 S 2 ; D 1 - 2 S 4 ; S 1 ; D 1 S 2  END                                0.0165   -0.01509 -0.00656
  94.   105   S 1 D 2 ; D 1 - 2 S 3 ; S 1 ; D 1 S 2  END                                0.0165   -0.01509 -0.00656
  95.   244   D 1 - 2 S 4 ; S 1 D 2 ; S 1 ; S 1 D 2  END                                0.0160   -0.01597  0.00139
  96.   254   D 1 - 2 S 4 ; S 1 D 2 ; S 2 ; D 1 S 2  END                                0.0160    0.01597 -0.00139
  97.   468   D 1 ; D 1 - 3 ; D 1 ; S 1 - 2  END                                        0.0159   -0.01589
  98.   479   D 1 ; D 1 - 3 ; S 1 - 2 ; D 1  END                                        0.0159   -0.01589
  99.   285   D 1 - 2 S 3 - 4 ; S 1 S 3 ; D 1 ; D 1  END                                0.0156   -0.00706 -0.01395
 100.   433   D 1 S 2 D 3 S 4 ; S 1 - 2 ; D 1 ; D 1  END                                0.0156    0.00706  0.01395




 POSITION OF FIRST SPIN COUPLING FOR TEN MOST IMPORTANT CONFIGURATIONS
       2      3      4      8     11      7      6      9    276    596



 ********************************
 RESULTS FOR ROOT   03
 TOTAL CI ENERGY =   -320.7326990
 ********************************

       CONF.                                                                           COEFF.
        NO.        SPACE ORBITAL PRODUCTS                                             CONTRIB.      CI COEFFICIENTS

       -----       ----------------------                                             --------   ---------------------
   1.    41   D 1 - 3 ; D 1 ; D 1 ; D 1  END                                            0.4972   -0.49717
   2.     4   D 1 - 2 ; D 1 S 2 - 3 ; D 1 ; D 1  END                                    0.4379   -0.43790
   3.     8   D 1 S 2 - 3 ; D 1 - 2 ; D 1 ; D 1  END                                    0.4379    0.43790
   4.    81   D 1 S 2 - 3 ; D 1 S 2 - 3 ; D 1 ; D 1  END                                0.2612    0.00464 -0.26111
   5.     6   D 1 - 2 ; S 1 D 2 S 3 ; D 1 ; D 1  END                                    0.1404    0.14040
   6.     9   D 1 S 2 S 4 ; D 1 - 2 ; D 1 ; D 1  END                                    0.1404   -0.14040
   7.    44   D 1 - 2 ; D 1 D 3 ; D 1 ; D 1  END                                        0.1041    0.10414
   8.    91   D 1 D 3 ; D 1 - 2 ; D 1 ; D 1  END                                        0.1041    0.10414
   9.    35   D 1 - 2 ; D 1 S 2 - 3 ; D 1 ; S 1 - 2  END                                0.1038    0.10225  0.01788
  10.    77   D 1 S 2 - 3 ; D 1 - 2 ; S 1 - 2 ; D 1  END                                0.1038    0.10225  0.01788
  11.    39   D 1 - 2 ; D 1 S 2 - 3 ; S 1 - 2 ; D 1  END                                0.1001    0.09795  0.02063
  12.    73   D 1 S 2 - 3 ; D 1 - 2 ; D 1 ; S 1 - 2  END                                0.1001    0.09795  0.02063
  13.    58   D 1 - 2 S 3 - 4 ; S 1 - 2 ; D 1 ; D 1  END                                0.0870    0.05558  0.06696
  14.    94   D 1 ; D 1 - 3 ; D 1 ; D 1  END                                            0.0724   -0.07235
  15.    33   D 1 - 2 S 3 ; D 1 S 2 ; D 1 S 2 ; S 1  END                                0.0664    0.06042 -0.02765
  16.    37   D 1 - 2 S 3 ; D 1 S 2 ; S 1 ; D 1 S 2  END                                0.0629   -0.05558 -0.02953
  17.    20   D 1 - 2 S 3 ; D 1 - 2 S 3 ; S 1 ; S 1  END                                0.0596    0.00441  0.05944
  18.    85   D 1 S 2 ; D 1 S 2 ; D 1 S 2 ; D 1 S 2  END                                0.0596    0.00441  0.05944
  19.   283   D 1 - 3 ; S 1 S 3 ; D 1 ; D 1  END                                        0.0563   -0.05630
  20.   397   D 1 S 2 D 3 S 4 ; D 1 ; D 1 ; D 1  END                                    0.0563    0.05630
  21.    45   D 1 - 2 ; D 1 S 3 - 4 ; D 1 ; D 1  END                                    0.0503   -0.05025
  22.   117   S 1 - 2 D 3 ; D 1 - 2 ; D 1 ; D 1  END                                    0.0503   -0.05025
  23.    10   S 1 D 2 S 3 ; D 1 - 2 ; D 1 ; D 1  END                                    0.0479    0.04786
  24.     5   D 1 - 2 ; D 1 S 2 S 4 ; D 1 ; D 1  END                                    0.0479    0.04786
  25.   865   D 1 - 3 ; D 1 ; S 1 - 2 ; S 1 - 2  END                                    0.0470    0.03910  0.02614
  26.   261   D 1 - 3 ; S 1 - 2 ; D 1 ; S 1 - 2  END                                    0.0470   -0.03111 -0.03526
  27.   209   D 1 - 2 S 3 - 4 ; D 1 ; S 1 - 2 ; D 1  END                                0.0470   -0.03111 -0.03526
  28.   198   D 1 - 2 S 3 - 4 ; D 1 ; D 1 ; S 1 - 2  END                                0.0455   -0.02870 -0.03525
  29.   272   D 1 - 3 ; S 1 - 2 ; S 1 - 2 ; D 1  END                                    0.0455   -0.02870 -0.03525
  30.   108   S 1 D 2 S 3 ; D 1 S 2 S 4 ; D 1 ; D 1  END                                0.0453    0.00733  0.04466
  31.   120   S 1 - 2 ; D 1 - 3 ; D 1 ; D 1  END                                        0.0427    0.04267
  32.    95   D 1 ; D 1 - 2 S 3 - 4 ; D 1 ; D 1  END                                    0.0427    0.04267
  33.    83   D 1 S 2 S 4 ; D 1 S 2 - 3 ; D 1 ; D 1  END                                0.0416    0.01222  0.03978
  34.    86   D 1 S 2 - 3 ; S 1 D 2 S 3 ; D 1 ; D 1  END                                0.0416    0.01222  0.03978
  35.    61   D 1 - 2 ; S 1 - 4 ; D 1 ; D 1  END                                        0.0414    0.00239  0.04137
  36.   118   S 1 - 4 ; D 1 - 2 ; D 1 ; D 1  END                                        0.0414   -0.00239 -0.04137
  37.   181   D 1 - 2 ; D 1 S 2 - 3 ; S 1 - 2 ; S 1 - 2  END                            0.0403   -0.00325  0.00249  0.03339 -0.00342
                                                                                                  0.02194
  38.   351   D 1 S 2 - 3 ; D 1 - 2 ; S 1 - 2 ; S 1 - 2  END                            0.0403    0.00270 -0.00210 -0.03339  0.00409
                                                                                                 -0.02194
  39.   109   S 1 D 2 S 4 ; D 1 S 2 - 3 ; D 1 ; D 1  END                                0.0398    0.03883  0.00883
  40.    87   D 1 S 2 - 3 ; S 1 D 2 S 4 ; D 1 ; D 1  END                                0.0398   -0.03883 -0.00883
  41.    42   D 1 - 2 S 3 - 4 ; D 1 ; D 1 ; D 1  END                                    0.0392    0.03923
  42.    57   D 1 - 3 ; S 1 - 2 ; D 1 ; D 1  END                                        0.0392   -0.03923
  43.    12   D 1 - 3 ; D 1 - 2 ; D 1  END                                              0.0388    0.03877
  44.    47   D 1 - 2 ; D 1 ; D 1 - 2 ; D 1  END                                        0.0388    0.03876
  45.     1   D 1 - 2 ; D 1 - 2 ; D 1 ; D 1  END                                        0.0382   -0.03819
  46.    25   D 1 - 3 ; D 1 - 2 ; ; D 1  END                                            0.0373    0.03726
  47.    48   D 1 - 2 ; D 1 ; D 1 ; D 1 - 2  END                                        0.0373    0.03726
  48.    82   D 1 S 2 - 3 ; D 1 S 2 S 4 ; D 1 ; D 1  END                                0.0371    0.03294  0.01713
  49.   107   S 1 D 2 S 3 ; D 1 S 2 - 3 ; D 1 ; D 1  END                                0.0371   -0.03294 -0.01713
  50.   399   D 1 S 2 - 3 ; D 1 D 3 ; D 1 ; D 1  END                                    0.0358    0.03579
  51.   483   D 1 D 3 ; D 1 S 2 - 3 ; D 1 ; D 1  END                                    0.0358   -0.03579
  52.     7   D 1 - 2 ; S 1 D 2 S 4 ; D 1 ; D 1  END                                    0.0349    0.03489
  53.    11   S 1 D 2 S 4 ; D 1 - 2 ; D 1 ; D 1  END                                    0.0349    0.03489
  54.  1330   D 1 S 2 D 3 ; D 1 S 3 ; D 1 S 2 ; S 1  END                                0.0341    0.03198  0.01188
  55.   287   D 1 - 2 S 3 ; S 1 ; D 1 S 2 ; D 1 S 2  END                                0.0340   -0.00159 -0.03394
  56.   169   D 1 - 3 S 4 ; D 1 S 2 ; S 1 ; S 1  END                                    0.0340   -0.00159 -0.03394
  57.  1350   D 1 S 2 D 3 ; D 1 S 3 ; S 1 ; D 1 S 2  END                                0.0334   -0.03181  0.01020
  58.  1684   D 1 D 3 ; D 1 D 3 ; D 1 ; D 1  END                                        0.0333    0.03330
  59.   121   S 1 - 2 ; D 1 - 2 S 3 - 4 ; D 1 ; D 1  END                                0.0331   -0.01445 -0.02981
  60.   386   D 1 S 2 D 3 ; D 1 S 2 ; S 1 ; D 1 S 2  END                                0.0310   -0.03069  0.00442
  61.   210   D 1 - 2 S 3 ; D 1 S 3 ; S 1 ; D 1 S 2  END                                0.0310   -0.03069  0.00442
  62.   125   D 2 - 3 ; D 1 - 2 ; D 1 ; D 1  END                                        0.0302    0.03019
  63.    46   D 1 - 2 ; D 1 D 4 ; D 1 ; D 1  END                                        0.0302    0.03019
  64.   375   D 1 S 2 D 3 ; D 1 S 2 ; D 1 S 2 ; S 1  END                                0.0299    0.02902  0.00716
  65.   199   D 1 - 2 S 3 ; D 1 S 3 ; D 1 S 2 ; S 1  END                                0.0299    0.02902  0.00716
  66.  1481   D 1 S 2 D 3 S 4 ; S 1 S 3 ; D 1 ; D 1  END                                0.0287    0.01013  0.02681
  67.   661   S 1 - 2 D 3 ; D 1 S 2 - 3 ; D 1 ; D 1  END                                0.0279   -0.01275 -0.02485
  68.   400   D 1 S 2 - 3 ; D 1 S 3 - 4 ; D 1 ; D 1  END                                0.0279    0.01275  0.02485
  69.   211   D 1 - 2 S 3 ; D 1 S 4 ; S 1 ; D 1 S 2  END                                0.0275   -0.01493 -0.02309
  70.   564   S 1 D 2 - 3 ; D 1 S 2 ; S 1 ; D 1 S 2  END                                0.0275    0.01493  0.02309
  71.   200   D 1 - 2 S 3 ; D 1 S 4 ; D 1 S 2 ; S 1  END                                0.0273    0.01629 -0.02196
  72.   553   S 1 D 2 - 3 ; D 1 S 2 ; D 1 S 2 ; S 1  END                                0.0273   -0.01629  0.02196
  73.    24   D 1 - 2 ; D 1 - 2 ; S 1 - 2 ; S 1 - 2  END                                0.0272    0.02627 -0.00715
  74.  1290   D 1 S 2 - 3 ; D 1 S 2 - 3 ; S 1 - 2 ; S 1 - 2  END                        0.0272   -0.01046  0.00092 -0.00037  0.00163
                                                                                                 -0.00161 -0.00089 -0.00127 -0.00721
                                                                                                  0.01660  0.00234 -0.00026  0.00125
                                                                                                 -0.00118  0.01694
  75.    31   D 1 - 2 ; D 1 - 2 ; D 2 ; D 1  END                                        0.0269    0.02688
  76.    19   D 1 - 2 ; D 1 - 2 ; D 1 ; D 2  END                                        0.0269    0.02688
  77.  1051   D 1 - 3 S 4 ; S 1 ; S 1 ; D 1 S 2  END                                    0.0266    0.02428 -0.01076
  78.    53   D 1 - 2 S 3 ; S 1 D 2 ; S 1 ; D 1 S 2  END                                0.0258    0.01078 -0.02343
  79.    38   D 1 - 2 S 4 ; D 1 S 2 ; S 1 ; D 1 S 2  END                                0.0258    0.01078 -0.02343
  80.  1031   D 1 - 3 S 4 ; S 1 ; D 1 S 2 ; S 1  END                                    0.0256   -0.02301 -0.01112
  81.    49   D 1 - 2 S 3 ; S 1 D 2 ; D 1 S 2 ; S 1  END                                0.0252   -0.01040 -0.02299
  82.    34   D 1 - 2 S 4 ; D 1 S 2 ; D 1 S 2 ; S 1  END                                0.0252   -0.01040 -0.02299
  83.   484   D 1 D 3 ; D 1 S 2 S 4 ; D 1 ; D 1  END                                    0.0251    0.02511
  84.   577   S 1 D 2 S 3 ; D 1 D 3 ; D 1 ; D 1  END                                    0.0251    0.02511
  85.    65   D 1 - 3 ; D 2 ; D 1 ; D 1  END                                            0.0249    0.02493
  86.    43   D 1 - 2 D 4 ; D 1 ; D 1 ; D 1  END                                        0.0249    0.02493
  87.   112   S 1 D 2 S 3 ; S 1 D 2 S 3 ; D 1 ; D 1  END                                0.0249    0.02233  0.01107
  88.    84   D 1 S 2 S 4 ; D 1 S 2 S 4 ; D 1 ; D 1  END                                0.0249   -0.02233 -0.01107
  89.   285   D 1 - 2 S 3 - 4 ; S 1 S 3 ; D 1 ; D 1  END                                0.0238    0.01083  0.02124
  90.   433   D 1 S 2 D 3 S 4 ; S 1 - 2 ; D 1 ; D 1  END                                0.0238    0.01083  0.02124
  91.    36   D 1 - 2 ; D 1 S 2 S 4 ; D 1 ; S 1 - 2  END                                0.0237    0.00816 -0.02221
  92.   103   S 1 D 2 S 3 ; D 1 - 2 ; S 1 - 2 ; D 1  END                                0.0237   -0.00816  0.02221
  93.   166   D 1 - 2 ; D 1 S 2 - 3 ; D 1 ; D 2  END                                    0.0236    0.02355
  94.   366   D 1 S 2 - 3 ; D 1 - 2 ; D 2 ; D 1  END                                    0.0236   -0.02355
  95.    40   D 1 - 2 ; D 1 S 2 S 4 ; S 1 - 2 ; D 1  END                                0.0235    0.00699 -0.02246
  96.    99   S 1 D 2 S 3 ; D 1 - 2 ; D 1 ; S 1 - 2  END                                0.0235   -0.00699  0.02246
  97.   890   D 1 - 3 ; D 1 ; ; D 1 - 2  END                                            0.0234    0.02342
  98.   839   D 1 - 3 ; D 1 ; D 1 - 2  END                                              0.0233    0.02330
  99.    55   D 1 - 2 ; S 1 D 2 S 3 ; S 1 - 2 ; D 1  END                                0.0229   -0.00183 -0.02285
 100.    74   D 1 S 2 S 4 ; D 1 - 2 ; D 1 ; S 1 - 2  END                                0.0229   -0.00183 -0.02285




 POSITION OF FIRST SPIN COUPLING FOR TEN MOST IMPORTANT CONFIGURATIONS
      54      4      8    112      6      9     57    132     42    104



 ********************************
 RESULTS FOR ROOT   04
 TOTAL CI ENERGY =   -319.5783749
 ********************************

       CONF.                                                                           COEFF.
        NO.        SPACE ORBITAL PRODUCTS                                             CONTRIB.      CI COEFFICIENTS

       -----       ----------------------                                             --------   ---------------------
   1.     5   D 1 - 2 ; D 1 S 2 S 4 ; D 1 ; D 1  END                                    0.3743    0.37431
   2.    10   S 1 D 2 S 3 ; D 1 - 2 ; D 1 ; D 1  END                                    0.3743    0.37431
   3.    33   D 1 - 2 S 3 ; D 1 S 2 ; D 1 S 2 ; S 1  END                                0.3271   -0.31668 -0.08176
   4.    37   D 1 - 2 S 3 ; D 1 S 2 ; S 1 ; D 1 S 2  END                                0.3267    0.31826 -0.07373
   5.    44   D 1 - 2 ; D 1 D 3 ; D 1 ; D 1  END                                        0.1761   -0.17612
   6.    91   D 1 D 3 ; D 1 - 2 ; D 1 ; D 1  END                                        0.1761   -0.17612
   7.     9   D 1 S 2 S 4 ; D 1 - 2 ; D 1 ; D 1  END                                    0.1748   -0.17480
   8.     6   D 1 - 2 ; S 1 D 2 S 3 ; D 1 ; D 1  END                                    0.1748    0.17480
   9.    81   D 1 S 2 - 3 ; D 1 S 2 - 3 ; D 1 ; D 1  END                                0.1662   -0.16478 -0.02191
  10.    79   D 1 S 2 ; D 1 - 2 S 3 ; S 1 ; D 1 S 2  END                                0.1349   -0.13194 -0.02815
  11.    75   D 1 S 2 ; D 1 - 2 S 3 ; D 1 S 2 ; S 1  END                                0.1332    0.13082 -0.02522
  12.    32   D 1 - 2 ; D 1 - 2 ; ; D 1 - 2  END                                        0.1299    0.12987
  13.    24   D 1 - 2 ; D 1 - 2 ; S 1 - 2 ; S 1 - 2  END                                0.1296    0.00764  0.12935
  14.    18   D 1 - 2 ; D 1 - 2 ; D 1 - 2  END                                          0.1281    0.12814
  15.    41   D 1 - 3 ; D 1 ; D 1 ; D 1  END                                            0.1094    0.10941
  16.    57   D 1 - 3 ; S 1 - 2 ; D 1 ; D 1  END                                        0.0944   -0.09437
  17.    42   D 1 - 2 S 3 - 4 ; D 1 ; D 1 ; D 1  END                                    0.0944    0.09437
  18.    58   D 1 - 2 S 3 - 4 ; S 1 - 2 ; D 1 ; D 1  END                                0.0904   -0.00228 -0.09037
  19.    45   D 1 - 2 ; D 1 S 3 - 4 ; D 1 ; D 1  END                                    0.0733    0.07332
  20.   117   S 1 - 2 D 3 ; D 1 - 2 ; D 1 ; D 1  END                                    0.0733    0.07332
  21.    85   D 1 S 2 ; D 1 S 2 ; D 1 S 2 ; D 1 S 2  END                                0.0714    0.00161  0.07143
  22.    20   D 1 - 2 S 3 ; D 1 - 2 S 3 ; S 1 ; S 1  END                                0.0714    0.00161  0.07143
  23.    39   D 1 - 2 ; D 1 S 2 - 3 ; S 1 - 2 ; D 1  END                                0.0610   -0.02762  0.05443
  24.    73   D 1 S 2 - 3 ; D 1 - 2 ; D 1 ; S 1 - 2  END                                0.0610   -0.02762  0.05443
  25.    19   D 1 - 2 ; D 1 - 2 ; D 1 ; D 2  END                                        0.0590   -0.05898
  26.    31   D 1 - 2 ; D 1 - 2 ; D 2 ; D 1  END                                        0.0590   -0.05898
  27.    35   D 1 - 2 ; D 1 S 2 - 3 ; D 1 ; S 1 - 2  END                                0.0569   -0.02674  0.05020
  28.    77   D 1 S 2 - 3 ; D 1 - 2 ; S 1 - 2 ; D 1  END                                0.0569   -0.02674  0.05020
  29.    82   D 1 S 2 - 3 ; D 1 S 2 S 4 ; D 1 ; D 1  END                                0.0559   -0.05551  0.00660
  30.   107   S 1 D 2 S 3 ; D 1 S 2 - 3 ; D 1 ; D 1  END                                0.0559    0.05551 -0.00660
  31.    54   D 1 - 2 S 4 ; S 1 D 2 ; S 1 ; D 1 S 2  END                                0.0549    0.04916  0.02437
  32.    50   D 1 - 2 S 4 ; S 1 D 2 ; D 1 S 2 ; S 1  END                                0.0546   -0.04926  0.02359
  33.     1   D 1 - 2 ; D 1 - 2 ; D 1 ; D 1  END                                        0.0539    0.05392
  34.   108   S 1 D 2 S 3 ; D 1 S 2 S 4 ; D 1 ; D 1  END                                0.0522   -0.03491 -0.03888
  35.     8   D 1 S 2 - 3 ; D 1 - 2 ; D 1 ; D 1  END                                    0.0515    0.05149
  36.     4   D 1 - 2 ; D 1 S 2 - 3 ; D 1 ; D 1  END                                    0.0515   -0.05149
  37.    47   D 1 - 2 ; D 1 ; D 1 - 2 ; D 1  END                                        0.0486    0.04857
  38.    12   D 1 - 3 ; D 1 - 2 ; D 1  END                                              0.0486    0.04857
  39.   116   S 1 D 2 ; S 1 D 2 ; D 1 S 2 ; D 1 S 2  END                                0.0473   -0.00189 -0.04726
  40.    23   D 1 - 2 S 4 ; D 1 - 2 S 4 ; S 1 ; S 1  END                                0.0473    0.00189  0.04726
  41.   109   S 1 D 2 S 4 ; D 1 S 2 - 3 ; D 1 ; D 1  END                                0.0465   -0.02426  0.03965
  42.    87   D 1 S 2 - 3 ; S 1 D 2 S 4 ; D 1 ; D 1  END                                0.0465    0.02426 -0.03965
  43.    52   D 1 - 2 ; S 1 D 2 S 4 ; D 1 ; S 1 - 2  END                                0.0463    0.03141  0.03403
  44.   104   S 1 D 2 S 4 ; D 1 - 2 ; S 1 - 2 ; D 1  END                                0.0463   -0.03141 -0.03403
  45.   112   S 1 D 2 S 3 ; S 1 D 2 S 3 ; D 1 ; D 1  END                                0.0456    0.03825  0.02485
  46.    84   D 1 S 2 S 4 ; D 1 S 2 S 4 ; D 1 ; D 1  END                                0.0456   -0.03825 -0.02485
  47.   804   D 1 - 2 S 3 ; D 1 S 2 ; S 1 D 2 ; S 2  END                                0.0454   -0.04530  0.00275
  48.    61   D 1 - 2 ; S 1 - 4 ; D 1 ; D 1  END                                        0.0453   -0.04469 -0.00765
  49.   118   S 1 - 4 ; D 1 - 2 ; D 1 ; D 1  END                                        0.0453    0.04469  0.00765
  50.   824   D 1 - 2 S 3 ; D 1 S 2 ; S 2 ; S 1 D 2  END                                0.0450    0.04484  0.00386
  51.    56   D 1 - 2 ; S 1 D 2 S 4 ; S 1 - 2 ; D 1  END                                0.0449    0.02959  0.03375
  52.   100   S 1 D 2 S 4 ; D 1 - 2 ; D 1 ; S 1 - 2  END                                0.0449   -0.02959 -0.03375
  53.   106   S 1 D 2 ; D 1 - 2 S 4 ; S 1 ; D 1 S 2  END                                0.0428    0.03322 -0.02699
  54.    48   D 1 - 2 ; D 1 ; D 1 ; D 1 - 2  END                                        0.0425    0.04245
  55.    25   D 1 - 3 ; D 1 - 2 ; ; D 1  END                                            0.0425    0.04245
  56.   865   D 1 - 3 ; D 1 ; S 1 - 2 ; S 1 - 2  END                                    0.0421   -0.01300 -0.04000
  57.   102   S 1 D 2 ; D 1 - 2 S 4 ; D 1 S 2 ; S 1  END                                0.0405   -0.03047 -0.02671
  58.   387   D 1 S 2 - 4 ; D 1 S 2 ; S 1 ; D 1 S 2  END                                0.0394    0.02747 -0.01572  0.01891  0.00388
                                                                                                 -0.01331
  59.   274   D 1 - 2 S 3 ; S 1 - 3 ; S 1 ; D 1 S 2  END                                0.0394   -0.01719  0.00845 -0.03151 -0.00388
                                                                                                  0.01331
  60.   376   D 1 S 2 - 4 ; D 1 S 2 ; D 1 S 2 ; S 1  END                                0.0391   -0.02716  0.01530 -0.01907  0.00468
                                                                                                 -0.01323
  61.   263   D 1 - 2 S 3 ; S 1 - 3 ; D 1 S 2 ; S 1  END                                0.0391    0.01741 -0.00841  0.03100 -0.00468
                                                                                                  0.01323
  62.   121   S 1 - 2 ; D 1 - 2 S 3 - 4 ; D 1 ; D 1  END                                0.0391   -0.01097  0.03753
  63.  1290   D 1 S 2 - 3 ; D 1 S 2 - 3 ; S 1 - 2 ; S 1 - 2  END                        0.0373   -0.03109  0.00136  0.00192  0.00084
                                                                                                 -0.00164 -0.00235 -0.00058  0.01234
                                                                                                 -0.00809  0.00290  0.00234 -0.00001
                                                                                                 -0.01030 -0.00840
  64.   182   D 1 - 2 ; D 1 S 2 S 4 ; S 1 - 2 ; S 1 - 2  END                            0.0372   -0.00599  0.00399 -0.02448 -0.00913
                                                                                                 -0.02552
  65.   529   S 1 D 2 S 3 ; D 1 - 2 ; S 1 - 2 ; S 1 - 2  END                            0.0372   -0.00757  0.00511 -0.02448 -0.00719
                                                                                                 -0.02552
  66.   890   D 1 - 3 ; D 1 ; ; D 1 - 2  END                                            0.0363   -0.03629
  67.    88   D 1 S 2 S 4 ; S 1 D 2 S 3 ; D 1 ; D 1  END                                0.0353    0.02932  0.01967
  68.    36   D 1 - 2 ; D 1 S 2 S 4 ; D 1 ; S 1 - 2  END                                0.0352   -0.03490  0.00446
  69.   103   S 1 D 2 S 3 ; D 1 - 2 ; S 1 - 2 ; D 1  END                                0.0352    0.03490 -0.00446
  70.    40   D 1 - 2 ; D 1 S 2 S 4 ; S 1 - 2 ; D 1  END                                0.0338   -0.03360  0.00337
  71.    99   S 1 D 2 S 3 ; D 1 - 2 ; D 1 ; S 1 - 2  END                                0.0338    0.03360 -0.00337
  72.   839   D 1 - 3 ; D 1 ; D 1 - 2  END                                              0.0328   -0.03284
  73.   986   D 1 - 2 S 3 - 4 ; S 1 - 2 ; S 1 - 2 ; S 1 - 2  END                        0.0318    0.02392 -0.00100 -0.00021 -0.00087
                                                                                                  0.00126  0.00070  0.00075 -0.00208
                                                                                                  0.01049 -0.00172 -0.00045 -0.00093
                                                                                                  0.00721  0.01624
  74.   484   D 1 D 3 ; D 1 S 2 S 4 ; D 1 ; D 1  END                                    0.0308   -0.03079
  75.   577   S 1 D 2 S 3 ; D 1 D 3 ; D 1 ; D 1  END                                    0.0308   -0.03079
  76.    65   D 1 - 3 ; D 2 ; D 1 ; D 1  END                                            0.0297    0.02971
  77.    43   D 1 - 2 D 4 ; D 1 ; D 1 ; D 1  END                                        0.0297    0.02971
  78.   202   D 1 - 2 S 4 ; D 1 S 3 ; D 1 S 2 ; S 1  END                                0.0287    0.02308  0.01700
  79.   411   D 1 S 2 D 3 ; S 1 D 2 ; D 1 S 2 ; S 1  END                                0.0287    0.02308  0.01700
  80.   199   D 1 - 2 S 3 ; D 1 S 3 ; D 1 S 2 ; S 1  END                                0.0286   -0.02818  0.00470
  81.   375   D 1 S 2 D 3 ; D 1 S 2 ; D 1 S 2 ; S 1  END                                0.0286   -0.02818  0.00470
  82.   210   D 1 - 2 S 3 ; D 1 S 3 ; S 1 ; D 1 S 2  END                                0.0285    0.02811  0.00451
  83.   386   D 1 S 2 D 3 ; D 1 S 2 ; S 1 ; D 1 S 2  END                                0.0285    0.02811  0.00451
  84.   209   D 1 - 2 S 3 - 4 ; D 1 ; S 1 - 2 ; D 1  END                                0.0273   -0.02555 -0.00969
  85.   261   D 1 - 3 ; S 1 - 2 ; D 1 ; S 1 - 2  END                                    0.0273   -0.02555 -0.00969
  86.   213   D 1 - 2 S 4 ; D 1 S 3 ; S 1 ; D 1 S 2  END                                0.0270   -0.02176  0.01593
  87.   422   D 1 S 2 D 3 ; S 1 D 2 ; S 1 ; D 1 S 2  END                                0.0270   -0.02176  0.01593
  88.   113   S 1 D 2 S 3 ; S 1 D 2 S 4 ; D 1 ; D 1  END                                0.0261   -0.01416  0.02194
  89.   110   S 1 D 2 S 4 ; D 1 S 2 S 4 ; D 1 ; D 1  END                                0.0261   -0.01416  0.02194
  90.   400   D 1 S 2 - 3 ; D 1 S 3 - 4 ; D 1 ; D 1  END                                0.0258   -0.02581 -0.00022
  91.   661   S 1 - 2 D 3 ; D 1 S 2 - 3 ; D 1 ; D 1  END                                0.0258    0.02581  0.00022
  92.  1684   D 1 D 3 ; D 1 D 3 ; D 1 ; D 1  END                                        0.0256    0.02555
  93.  1330   D 1 S 2 D 3 ; D 1 S 3 ; D 1 S 2 ; S 1  END                                0.0255   -0.02476  0.00596
  94.   198   D 1 - 2 S 3 - 4 ; D 1 ; D 1 ; S 1 - 2  END                                0.0251   -0.02347 -0.00884
  95.   272   D 1 - 3 ; S 1 - 2 ; S 1 - 2 ; D 1  END                                    0.0251   -0.02347 -0.00884
  96.  1350   D 1 S 2 D 3 ; D 1 S 3 ; S 1 ; D 1 S 2  END                                0.0249    0.02395  0.00663
  97.    17   D 1 - 2 ; D 1 - 2 D 4 ; D 1  END                                          0.0245   -0.02449
  98.   131   D 2 ; D 1 - 2 ; D 1 - 2 ; D 1  END                                        0.0245   -0.02449
  99.  1881   S 1 D 2 S 3 ; D 1 S 2 S 4 ; S 1 - 2 ; S 1 - 2  END                        0.0244    0.01684  0.00021 -0.00060  0.00009
                                                                                                  0.00025  0.00065  0.00013  0.00466
                                                                                                  0.00594 -0.00040 -0.00056  0.00052
                                                                                                  0.00653  0.01448
 100.   383   D 1 S 2 ; D 1 S 2 - 4 ; D 1 S 2 ; S 1  END                                0.0242    0.01613  0.00954  0.01014  0.00979
                                                                                                 -0.00604




 POSITION OF FIRST SPIN COUPLING FOR TEN MOST IMPORTANT CONFIGURATIONS
       5     10     38     46     57    132      9      6    112    108



 ********************************
 RESULTS FOR ROOT   05
 TOTAL CI ENERGY =   -319.4026805
 ********************************

       CONF.                                                                           COEFF.
        NO.        SPACE ORBITAL PRODUCTS                                             CONTRIB.      CI COEFFICIENTS

       -----       ----------------------                                             --------   ---------------------
   1.     3   D 1 - 2 ; D 1 - 2 ; S 1 - 2 ; D 1  END                                    0.4746   -0.47461
   2.     2   D 1 - 2 ; D 1 - 2 ; D 1 ; S 1 - 2  END                                    0.4746    0.47461
   3.    37   D 1 - 2 S 3 ; D 1 S 2 ; S 1 ; D 1 S 2  END                                0.2613   -0.01600  0.26083
   4.    33   D 1 - 2 S 3 ; D 1 S 2 ; D 1 S 2 ; S 1  END                                0.2608    0.01342 -0.26041
   5.    48   D 1 - 2 ; D 1 ; D 1 ; D 1 - 2  END                                        0.1859   -0.18592
   6.    25   D 1 - 3 ; D 1 - 2 ; ; D 1  END                                            0.1859   -0.18592
   7.    12   D 1 - 3 ; D 1 - 2 ; D 1  END                                              0.1836    0.18359
   8.    47   D 1 - 2 ; D 1 ; D 1 - 2 ; D 1  END                                        0.1836    0.18359
   9.    35   D 1 - 2 ; D 1 S 2 - 3 ; D 1 ; S 1 - 2  END                                0.0995    0.00475 -0.09942
  10.    77   D 1 S 2 - 3 ; D 1 - 2 ; S 1 - 2 ; D 1  END                                0.0995    0.00475 -0.09942
  11.    73   D 1 S 2 - 3 ; D 1 - 2 ; D 1 ; S 1 - 2  END                                0.0975   -0.00538  0.09732
  12.    39   D 1 - 2 ; D 1 S 2 - 3 ; S 1 - 2 ; D 1  END                                0.0975   -0.00538  0.09732
  13.    53   D 1 - 2 S 3 ; S 1 D 2 ; S 1 ; D 1 S 2  END                                0.0806    0.06481 -0.04794
  14.    38   D 1 - 2 S 4 ; D 1 S 2 ; S 1 ; D 1 S 2  END                                0.0806    0.06481 -0.04794
  15.    34   D 1 - 2 S 4 ; D 1 S 2 ; D 1 S 2 ; S 1  END                                0.0772    0.05472  0.05444
  16.    49   D 1 - 2 S 3 ; S 1 D 2 ; D 1 S 2 ; S 1  END                                0.0772    0.05472  0.05444
  17.    26   D 1 - 2 S 3 - 4 ; D 1 - 2 ; ; D 1  END                                    0.0736   -0.07359
  18.    64   D 1 - 2 ; S 1 - 2 ; D 1 ; D 1 - 2  END                                    0.0736    0.07359
  19.    63   D 1 - 2 ; S 1 - 2 ; D 1 - 2 ; D 1  END                                    0.0716   -0.07160
  20.    13   D 1 - 2 S 3 - 4 ; D 1 - 2 ; D 1  END                                      0.0716    0.07160
  21.    75   D 1 S 2 ; D 1 - 2 S 3 ; D 1 S 2 ; S 1  END                                0.0630   -0.03198  0.05426
  22.    32   D 1 - 2 ; D 1 - 2 ; ; D 1 - 2  END                                        0.0593    0.05929
  23.    79   D 1 S 2 ; D 1 - 2 S 3 ; S 1 ; D 1 S 2  END                                0.0592   -0.02538 -0.05346
  24.   103   S 1 D 2 S 3 ; D 1 - 2 ; S 1 - 2 ; D 1  END                                0.0589    0.00823  0.05832
  25.    36   D 1 - 2 ; D 1 S 2 S 4 ; D 1 ; S 1 - 2  END                                0.0589   -0.00823 -0.05832
  26.    97   D 1 ; D 1 - 2 ; D 1 - 2 ; D 1  END                                        0.0574   -0.05740
  27.    15   D 1 - 2 ; D 1 - 3 ; D 1  END                                              0.0574   -0.05740
  28.    40   D 1 - 2 ; D 1 S 2 S 4 ; S 1 - 2 ; D 1  END                                0.0573    0.01289  0.05582
  29.    99   S 1 D 2 S 3 ; D 1 - 2 ; D 1 ; S 1 - 2  END                                0.0573   -0.01289 -0.05582
  30.    18   D 1 - 2 ; D 1 - 2 ; D 1 - 2  END                                          0.0571   -0.05712
  31.    28   D 1 - 2 ; D 1 - 3 ; ; D 1  END                                            0.0571    0.05707
  32.    98   D 1 ; D 1 - 2 ; D 1 ; D 1 - 2  END                                        0.0571    0.05707
  33.    20   D 1 - 2 S 3 ; D 1 - 2 S 3 ; S 1 ; S 1  END                                0.0559   -0.05586 -0.00113
  34.    85   D 1 S 2 ; D 1 S 2 ; D 1 S 2 ; D 1 S 2  END                                0.0559   -0.05586 -0.00113
  35.   111   S 1 D 2 ; D 1 S 2 ; D 1 S 2 ; D 1 S 2  END                                0.0538   -0.05385 -0.00025
  36.    21   D 1 - 2 S 3 ; D 1 - 2 S 4 ; S 1 ; S 1  END                                0.0538    0.05385  0.00025
  37.   261   D 1 - 3 ; S 1 - 2 ; D 1 ; S 1 - 2  END                                    0.0496   -0.03142 -0.03834
  38.   209   D 1 - 2 S 3 - 4 ; D 1 ; S 1 - 2 ; D 1  END                                0.0496   -0.03142 -0.03834
  39.   198   D 1 - 2 S 3 - 4 ; D 1 ; D 1 ; S 1 - 2  END                                0.0482    0.03212  0.03599
  40.   272   D 1 - 3 ; S 1 - 2 ; S 1 - 2 ; D 1  END                                    0.0482    0.03212  0.03599
  41.   287   D 1 - 2 S 3 ; S 1 ; D 1 S 2 ; D 1 S 2  END                                0.0476    0.04760 -0.00129
  42.   169   D 1 - 3 S 4 ; D 1 S 2 ; S 1 ; S 1  END                                    0.0476    0.04760 -0.00129
  43.   218   D 1 - 2 ; D 1 ; S 1 - 2 ; D 1 - 2  END                                    0.0456    0.04561
  44.   144   D 1 - 3 ; D 1 - 2 ; ; S 1 - 2  END                                        0.0456   -0.04561
  45.   439   D 1 S 2 - 3 ; S 1 - 2 ; D 1 ; D 1 - 2  END                                0.0426    0.02224  0.03635
  46.   185   D 1 - 2 S 3 - 4 ; D 1 S 2 - 3 ; ; D 1  END                                0.0426    0.02224  0.03635
  47.   133   D 1 - 3 ; D 1 - 2 ; S 1 - 2  END                                          0.0422    0.04223
  48.   207   D 1 - 2 ; D 1 ; D 1 - 2 ; S 1 - 2  END                                    0.0422   -0.04223
  49.   157   D 1 - 2 S 3 - 4 ; D 1 S 2 - 3 ; D 1  END                                  0.0420   -0.02286 -0.03528
  50.   438   D 1 S 2 - 3 ; S 1 - 2 ; D 1 - 2 ; D 1  END                                0.0420   -0.02286 -0.03528
  51.   388   D 1 S 2 - 3 ; D 1 S 2 - 3 ; S 1 - 2 ; D 1  END                            0.0398    0.00003  0.01756 -0.01054  0.02200
                                                                                                  0.02610
  52.   377   D 1 S 2 - 3 ; D 1 S 2 - 3 ; D 1 ; S 1 - 2  END                            0.0398    0.00032 -0.01781  0.01011 -0.02200
                                                                                                 -0.02610
  53.   282   D 1 - 2 ; S 1 - 2 ; S 1 - 2 ; D 1 - 2  END                                0.0374   -0.00994 -0.03609
  54.   145   D 1 - 2 S 3 - 4 ; D 1 - 2 ; ; S 1 - 2  END                                0.0374   -0.00994 -0.03609
  55.   134   D 1 - 2 S 3 - 4 ; D 1 - 2 ; S 1 - 2  END                                  0.0362    0.00959  0.03495
  56.   271   D 1 - 2 ; S 1 - 2 ; D 1 - 2 ; S 1 - 2  END                                0.0362    0.00959  0.03495
  57.   180   D 1 - 2 S 4 ; D 1 S 2 ; S 1 ; S 1 D 2  END                                0.0346   -0.00566 -0.03412
  58.   251   D 1 - 2 S 3 ; S 1 D 2 ; S 2 ; D 1 S 2  END                                0.0346   -0.00566 -0.03412
  59.   179   D 1 - 2 S 4 ; D 1 S 2 ; S 1 D 2 ; S 1  END                                0.0344   -0.00563  0.03391
  60.   223   D 1 - 2 S 3 ; S 1 D 2 ; D 1 S 2 ; S 2  END                                0.0344   -0.00563  0.03391
  61.    80   D 1 S 2 ; D 1 - 2 S 4 ; S 1 ; D 1 S 2  END                                0.0340    0.03069 -0.01464
  62.   105   S 1 D 2 ; D 1 - 2 S 3 ; S 1 ; D 1 S 2  END                                0.0340   -0.03069  0.01464
  63.   101   S 1 D 2 ; D 1 - 2 S 3 ; D 1 S 2 ; S 1  END                                0.0335   -0.02938 -0.01609
  64.    76   D 1 S 2 ; D 1 - 2 S 4 ; D 1 S 2 ; S 1  END                                0.0335    0.02938  0.01609
  65.   213   D 1 - 2 S 4 ; D 1 S 3 ; S 1 ; D 1 S 2  END                                0.0331    0.01747 -0.02811
  66.   422   D 1 S 2 D 3 ; S 1 D 2 ; S 1 ; D 1 S 2  END                                0.0331    0.01747 -0.02811
  67.   202   D 1 - 2 S 4 ; D 1 S 3 ; D 1 S 2 ; S 1  END                                0.0329    0.01616  0.02866
  68.   411   D 1 S 2 D 3 ; S 1 D 2 ; D 1 S 2 ; S 1  END                                0.0329    0.01616  0.02866
  69.   580   S 1 D 2 S 3 ; D 1 ; D 1 - 2 ; D 1  END                                    0.0317   -0.03172
  70.   156   D 1 - 3 ; D 1 S 2 S 4 ; D 1  END                                          0.0317   -0.03172
  71.   184   D 1 - 3 ; D 1 S 2 S 4 ; ; D 1  END                                        0.0316    0.03160
  72.   581   S 1 D 2 S 3 ; D 1 ; D 1 ; D 1 - 2  END                                    0.0316    0.03160
  73.   564   S 1 D 2 - 3 ; D 1 S 2 ; S 1 ; D 1 S 2  END                                0.0287   -0.01029 -0.02684
  74.   211   D 1 - 2 S 3 ; D 1 S 4 ; S 1 ; D 1 S 2  END                                0.0287    0.01029  0.02684
  75.   193   D 1 - 2 ; D 1 S 2 - 3 ; D 2 ; D 1  END                                    0.0280   -0.02799
  76.   339   D 1 S 2 - 3 ; D 1 - 2 ; D 1 ; D 2  END                                    0.0280    0.02799
  77.   215   D 1 - 2 ; D 1 D 3 ; S 1 - 2 ; D 1  END                                    0.0279    0.02787
  78.   461   D 1 D 3 ; D 1 - 2 ; D 1 ; S 1 - 2  END                                    0.0279   -0.02787
  79.   347   D 1 S 2 D 3 ; D 1 - 2 S 3 ; S 1 ; S 1  END                                0.0278   -0.02780  0.00036
  80.   409   D 1 S 2 ; D 1 S 3 ; D 1 S 2 ; D 1 S 2  END                                0.0278   -0.02780  0.00036
  81.   472   D 1 D 3 ; D 1 - 2 ; S 1 - 2 ; D 1  END                                    0.0276    0.02759
  82.   204   D 1 - 2 ; D 1 D 3 ; D 1 ; S 1 - 2  END                                    0.0276   -0.02759
  83.   366   D 1 S 2 - 3 ; D 1 - 2 ; D 2 ; D 1  END                                    0.0272   -0.02722
  84.   166   D 1 - 2 ; D 1 S 2 - 3 ; D 1 ; D 2  END                                    0.0272    0.02722
  85.   587   S 1 D 2 ; D 1 S 3 ; D 1 S 2 ; D 1 S 2  END                                0.0269   -0.02686 -0.00004
  86.   348   D 1 S 2 D 3 ; D 1 - 2 S 4 ; S 1 ; S 1  END                                0.0269    0.02686  0.00004
  87.   200   D 1 - 2 S 3 ; D 1 S 4 ; D 1 S 2 ; S 1  END                                0.0261    0.00843 -0.02473
  88.   553   S 1 D 2 - 3 ; D 1 S 2 ; D 1 S 2 ; S 1  END                                0.0261   -0.00843  0.02473
  89.   672   S 1 - 2 ; D 1 S 2 - 3 ; D 1 ; D 1 - 2  END                                0.0251   -0.00792 -0.02383
  90.   364   D 1 S 2 - 3 ; D 1 - 2 S 3 - 4 ; ; D 1  END                                0.0251    0.00792  0.02383
  91.   671   S 1 - 2 ; D 1 S 2 - 3 ; D 1 - 2 ; D 1  END                                0.0250    0.00790  0.02367
  92.   336   D 1 S 2 - 3 ; D 1 - 2 S 3 - 4 ; D 1  END                                  0.0250   -0.00790 -0.02367
  93.    22   D 1 - 2 S 4 ; D 1 - 2 S 3 ; S 1 ; S 1  END                                0.0237    0.02365  0.00115
  94.    90   D 1 S 2 ; S 1 D 2 ; D 1 S 2 ; D 1 S 2  END                                0.0237    0.02365  0.00115
  95.   545   S 1 D 2 S 3 ; D 1 - 2 ; ; D 1 - 2  END                                    0.0235   -0.02350
  96.   196   D 1 - 2 ; D 1 S 2 S 4 ; ; D 1 - 2  END                                    0.0235   -0.02350
  97.    50   D 1 - 2 S 4 ; S 1 D 2 ; D 1 S 2 ; S 1  END                                0.0230    0.01817 -0.01404
  98.   410   D 1 S 2 ; D 1 S 4 ; D 1 S 2 ; D 1 S 2  END                                0.0229    0.02288  0.00067
  99.   525   S 1 D 2 - 3 ; D 1 - 2 S 3 ; S 1 ; S 1  END                                0.0229   -0.02288 -0.00067
 100.   167   D 1 - 2 ; D 1 S 2 S 4 ; D 1 - 2  END                                      0.0228    0.02279




 POSITION OF FIRST SPIN COUPLING FOR TEN MOST IMPORTANT CONFIGURATIONS
       3      2     46     38     61     30     12     60     42    104



 ELAPSED TIME =      11.02 CPU SECONDS. (     11.01 WALL CLOCK SECONDS)
