 ************************************************************************
 * RTSIM - DAVIDSON METHOD SPARSE MATRIX EIGENVALUE/EIGENVECTOR PROGRAM *
 * QUANTUM CHEMISTRY GROUP - INDIANA UNIVERSITY - 11May 2016  14:33:36  *
 ************************************************************************



                 DIAGONALIZATION RUN TITLE
                 -------------------------
 )* WATER TEST *



 ) DAVIDSON
 ) LAST=5
 ) COEFF
 ) NOVLP
 ) MAXITR=1000 END

 THE CI MATRIX IS TITLED:  H2O  -SINGLET A1-  STO-3G HF SD-CI TEST
 THE MATRIX IS DATED:     11May 2016  14:33:34 
 THE SPIN MULTIPLICITY IS 1 AND THE DIMENSION IS  55104.

 ROOTS  1 THROUGH  5 WILL BE OBTAINED.

  
  
  
 AMOUNT OF CORE AVAILABLE                      80000000
 MAXIMUM NUMBER OF VECTORS PER ITERATION              5
 MAXIMUM NUMBER OF VECTORS ON DISK                   25
 NUMBER OF SOLUTIONS SOUGHT                           5
 NUMBER OF SOLUTIONS INVESTIGATED                     5
 SIZE OF MATRIX DIAGONALISED                      55104
  
  
 INITIAL GUESS AT ROOTS (OBTAINED FROM DIAGONAL ELEMENTS OF HAMILTONIAN MATRIX)

                1        -318.61353
               54        -318.61353
               86        -316.86925
               52        -316.86925
               51        -314.80416


 ITERATION       ROOT           EIGENVALUE          NORM OF RESIDUAL
     1             1          -319.97318497              5.03285
     1             2          -318.18544294              4.85250
     1             3          -316.72970331              4.87819
     1             4          -316.41202457              4.93185
     1             5          -314.46936514              5.36461
     2             1          -321.89733924              7.03746
     2             2          -319.80565492              6.27005
     2             3          -318.58914239             10.00192
     2             4          -318.09438777             10.04733
     2             5          -316.09737972             15.86392
     2             1          -321.89733924              2.60846
     2             2          -319.80565492              2.42423
     2             3          -318.58914239              3.11151
     2             4          -318.09438777              3.00519
     2             5          -316.09737972              4.62098
     3             1          -322.22775181              4.01789
     3             2          -320.08185823              3.75287
     3             3          -319.27230744             10.21769
     3             4          -318.60504076              8.76548
     3             5          -317.73637946             12.44657
     3             1          -322.22775181              1.28952
     3             2          -320.08185823              1.11028
     3             3          -319.27230744              2.30253
     3             4          -318.60504076              1.60416
     3             5          -317.73637946              2.82312
     4             1          -322.29630374              2.15081
     4             2          -320.13292556              1.96172
     4             3          -319.63221461              7.79254
     4             4          -318.72255061              3.67473
     4             5          -318.29484545              9.19170
     4             1          -322.29630374              0.62535
     4             2          -320.13292556              0.54000
     4             3          -319.63221461              1.88768
     4             4          -318.72255061              0.92611
     4             5          -318.29484545              1.96854
     5             1          -322.31022854              1.08493
     5             2          -320.14415936              1.14441
     5             3          -319.83831037              6.72766
     5             4          -318.76568223              5.53305
     5             5          -318.63775168             11.76927
  truncating with vlp=false 
 TRUNCATION TO 1 VECTOR PER ROOT HAS BEEN PERFORMED
     5             1          -322.31022854              0.30187
     5             2          -320.14415936              0.27964
     5             3          -319.83831037              1.32266
     5             4          -318.76568223              0.65613
     5             5          -318.63775168              1.96514
     6             1          -322.31251434              0.32190
     6             2          -320.14638006              0.38687
     6             3          -319.89206683              1.86714
     6             4          -318.82778378             50.96300
     6             5          -318.75864620             51.09039
     6             1          -322.31251434              0.14901
     6             2          -320.14638006              0.14844
     6             3          -319.89206683              0.73047
     6             4          -318.82778378              1.17257
     6             5          -318.75864620              0.60478
     7             1          -322.31331616              0.31719
     7             2          -320.14735952              0.47415
     7             3          -319.92088539              2.93241
     7             4          -318.98240724             17.83156
     7             5          -318.77049138             14.39795
     7             1          -322.31331616              0.07807
     7             2          -320.14735952              0.09456
     7             3          -319.92088539              0.51437
     7             4          -318.98240724              1.45571
     7             5          -318.77049138              0.34632
     8             1          -322.31351561              0.18344
     8             2          -320.14770850              0.32997
     8             3          -319.93573829              3.05856
     8             4          -319.11309018             11.26531
     8             5          -318.77699259              3.61920
     8             1          -322.31351561              0.03979
     8             2          -320.14770850              0.05338
     8             3          -319.93573829              0.33977
     8             4          -319.11309018              1.43223
     8             5          -318.77699259              0.28224
     9             1          -322.31356144              0.09755
     9             2          -320.14780180              0.17824
     9             3          -319.94069988              1.83094
     9             4          -319.22067459             11.13490
     9             5          -318.78054154              2.17871
  truncating with vlp=false 
 TRUNCATION TO 1 VECTOR PER ROOT HAS BEEN PERFORMED
     9             1          -322.31356144              0.01951
     9             2          -320.14780180              0.02614
     9             3          -319.94069988              0.17529
     9             4          -319.22067459              0.75334
     9             5          -318.78054154              0.16846
    10             1          -322.31356975              0.01827
    10             2          -320.14781834              0.02847
    10             3          -319.94143959              0.21393
    10             4          -319.23828312              1.18662
    10             5          -318.78138528              0.24645
    10             1          -322.31356975              0.01012
    10             2          -320.14781834              0.01569
    10             3          -319.94143959              0.09574
    10             4          -319.23828312              0.38341
    10             5          -318.78138528              0.09736
    11             1          -322.31357348              0.03422
    11             2          -320.14782869              0.06782
    11             3          -319.94179465              0.41702
    11             4          -319.24501951              1.98626
    11             5          -318.78194044              0.64918
    11             1          -322.31357348              0.00661
    11             2          -320.14782869              0.01122
    11             3          -319.94179465              0.06653
    11             4          -319.24501951              0.24918
    11             5          -318.78194044              0.07920
    12             1          -322.31357505              0.03103
    12             2          -320.14783306              0.05754
    12             3          -319.94199235              0.46583
    12             4          -319.24868673              2.20441
    12             5          -318.78208612              0.38221
    12             1          -322.31357505              0.00372
    12             2          -320.14783306              0.00597
    12             3          -319.94199235              0.05202
    12             4          -319.24868673              0.23274
    12             5          -318.78208612              0.06939
    13             1          -322.31357547              0.01526
    13             2          -320.14783410              0.02615
    13             3          -319.94208740              0.35282
    13             4          -319.25151627              2.30965
    13             5          -318.78234747              0.71154
  truncating with vlp=false 
 TRUNCATION TO 1 VECTOR PER ROOT HAS BEEN PERFORMED
    13             1          -322.31357547              0.00226
    13             2          -320.14783410              0.00347
    13             3          -319.94208740              0.03518
    13             4          -319.25151627              0.19971
    13             5          -318.78234747              0.06597
    14             1          -322.31357557              0.00205
    14             2          -320.14783440              0.00381
    14             3          -319.94211566              0.03697
    14             4          -319.25259622              0.27988
    14             5          -318.78245145              0.10383
    14             1          -322.31357557              0.00114
    14             2          -320.14783440              0.00194
    14             3          -319.94211566              0.02013
    14             4          -319.25259622              0.10923
    14             5          -318.78245145              0.03783
    15             1          -322.31357561              0.00273
    15             2          -320.14783455              0.00729
    15             3          -319.94212775              0.05676
    15             4          -319.25317224              0.52240
    15             5          -318.78250163              0.17326
    15             1          -322.31357561              0.00059
    15             2          -320.14783455              0.00125
    15             3          -319.94212775              0.01180
    15             4          -319.25317224              0.07812
    15             5          -318.78250163              0.03412
    16             1          -322.31357562              0.00222
    16             2          -320.14783460              0.00620
    16             3          -319.94213330              0.06804
    16             4          -319.25355973              0.77765
    16             5          -318.78254284              0.19221
    16             1          -322.31357562              0.00033
    16             2          -320.14783460              0.00070
    16             3          -319.94213330              0.00766
    16             4          -319.25355973              0.06681
    16             5          -318.78254284              0.03015
    17             1          -322.31357563              0.00161
    17             2          -320.14783461              0.00372
    17             3          -319.94213597              0.06474
    17             4          -319.25380783              0.79599
    17             5          -318.78258758              0.29767
  truncating with vlp=false 
 TRUNCATION TO 1 VECTOR PER ROOT HAS BEEN PERFORMED
    17             1          -322.31357563              0.00023
    17             2          -320.14783461              0.00048
    17             3          -319.94213597              0.00697
    17             4          -319.25380783              0.06281
    17             5          -318.78258758              0.02631
    18             1          -322.31357563              0.00023
    18             2          -320.14783462              0.00052
    18             3          -319.94213716              0.00873
    18             4          -319.25390727              0.08155
    18             5          -318.78260921              0.04634
    18             1          -322.31357563              0.00012
    18             2          -320.14783462              0.00028
    18             3          -319.94213716              0.00394
    18             4          -319.25390727              0.03304
    18             5          -318.78260921              0.01772
    19             1          -322.31357563              0.00041
    19             2          -320.14783462              0.00120
    19             3          -319.94213790              0.02104
    19             4          -319.25396874              0.20329
    19             5          -318.78261755              0.08031
    19             1          -322.31357563              0.00008
    19             2          -320.14783462              0.00020
    19             3          -319.94213790              0.00317
    19             4          -319.25396874              0.02931
    19             5          -318.78261755              0.01806
     ROOT    ITERATION     NUMBER OF PRODUCTS       EIGENVALUE
       1        19                90                -322.3135756278


    20             2          -320.14783462              0.00102
    20             3          -319.94213836              0.02188
    20             4          -319.25401310              0.23840
    20             5          -318.78263386              0.14839
    20             2          -320.14783462              0.00012
    20             3          -319.94213836              0.00263
    20             4          -319.25401310              0.02609
    20             5          -318.78263386              0.01557
    21             2          -320.14783463              0.00063
    21             3          -319.94213861              0.01819
    21             4          -319.25404574              0.26560
    21             5          -318.78264060              0.11865
  truncating with vlp=false 
 TRUNCATION TO 1 VECTOR PER ROOT HAS BEEN PERFORMED
    21             2          -320.14783463              0.00009
    21             3          -319.94213861              0.00200
    21             4          -319.25404574              0.02380
    21             5          -318.78264060              0.01467
     ROOT    ITERATION     NUMBER OF PRODUCTS       EIGENVALUE
       2        21                98                -320.1478346253


    22             3          -319.94213870              0.00193
    22             4          -319.25405923              0.02367
    22             5          -318.78264428              0.02148
    22             3          -319.94213870              0.00114
    22             4          -319.25405923              0.01279
    22             5          -318.78264428              0.01131
    23             3          -319.94213874              0.00333
    23             4          -319.25406611              0.05108
    23             5          -318.78264963              0.04202
    23             3          -319.94213874              0.00069
    23             4          -319.25406611              0.00928
    23             5          -318.78264963              0.00882
    24             3          -319.94213876              0.00380
    24             4          -319.25406997              0.06358
    24             5          -318.78265183              0.04585
    24             3          -319.94213876              0.00044
    24             4          -319.25406997              0.00637
    24             5          -318.78265183              0.00669
    25             3          -319.94213877              0.00345
    25             4          -319.25407219              0.06508
    25             5          -318.78265416              0.06671
    25             3          -319.94213877              0.00043
    25             4          -319.25407219              0.00704
    25             5          -318.78265416              0.00763
    26             3          -319.94213878              0.00528
    26             4          -319.25407527              0.12140
    26             5          -318.78265819              0.14346
    26             3          -319.94213878              0.00021
    26             4          -319.25407527              0.00455
    26             5          -318.78265819              0.00541
    27             3          -319.94213878              0.00099
    27             4          -319.25407590              0.03044
    27             5          -318.78265896              0.03530
  truncating with vlp=false 
 TRUNCATION TO 1 VECTOR PER ROOT HAS BEEN PERFORMED
    27             3          -319.94213878              0.00012
    27             4          -319.25407590              0.00272
    27             5          -318.78265896              0.00245
    28             3          -319.94213878              0.00015
    28             4          -319.25407608              0.00370
    28             5          -318.78265909              0.00287
    28             3          -319.94213878              0.00007
    28             4          -319.25407608              0.00169
    28             5          -318.78265909              0.00136
     ROOT    ITERATION     NUMBER OF PRODUCTS       EIGENVALUE
       3        28               119                -319.9421387822


    29             4          -319.25407619              0.00735
    29             5          -318.78265916              0.00502
    29             4          -319.25407619              0.00101
    29             5          -318.78265916              0.00070
    30             4          -319.25407622              0.00315
    30             5          -318.78265917              0.00249
    30             4          -319.25407622              0.00054
    30             5          -318.78265917              0.00057
    31             4          -319.25407623              0.00287
    31             5          -318.78265918              0.00295
    31             4          -319.25407623              0.00039
    31             5          -318.78265918              0.00047
    32             4          -319.25407624              0.00238
    32             5          -318.78265918              0.00196
    32             4          -319.25407624              0.00025
    32             5          -318.78265918              0.00043
    33             4          -319.25407624              0.00204
    33             5          -318.78265919              0.00279
    33             4          -319.25407624              0.00025
    33             5          -318.78265919              0.00034
    34             4          -319.25407625              0.00361
    34             5          -318.78265919              0.00333
    34             4          -319.25407625              0.00019
    34             5          -318.78265919              0.00023
    35             4          -319.25407625              0.00132
    35             5          -318.78265920              0.00205
    35             4          -319.25407625              0.00012
    35             5          -318.78265920              0.00021
    36             4          -319.25407625              0.00069
    36             5          -318.78265920              0.00131
  truncating with vlp=false 
 TRUNCATION TO 1 VECTOR PER ROOT HAS BEEN PERFORMED
    36             4          -319.25407625              0.00007
    36             5          -318.78265920              0.00012
     ROOT    ITERATION     NUMBER OF PRODUCTS       EIGENVALUE
       4        36               135                -319.2540762489


    37             5          -318.78265920              0.00011
    37             5          -318.78265920              0.00008
     ROOT    ITERATION     NUMBER OF PRODUCTS       EIGENVALUE
       5        37               136                -318.7826591977


  all roots converged 
  

 ************************************
 COMPLETED CI VECTOR OPTIMISATION
 ************************************





 ********************************
 RESULTS FOR ROOT   01
 TOTAL CI ENERGY =   -322.3135756
 ********************************

       CONF.                                                                           COEFF.
        NO.        SPACE ORBITAL PRODUCTS                                             CONTRIB.      CI COEFFICIENTS

       -----       ----------------------                                             --------   ---------------------
   1.     1   D 1 - 2 S 3 ; D 1 - 2 ; D 1 ; S 1  END                                    0.5465    0.54646
   2.    41   D 1 - 2 ; D 1 S 2 ; D 1 S 2 ; D 1  END                                    0.5465    0.54646
   3.    60   D 1 S 2 ; D 1 - 2 ; D 1 ; D 1 S 2  END                                    0.3081   -0.30813
   4.    39   D 1 - 2 ; D 1 - 2 S 3 ; S 1 ; D 1  END                                    0.3081   -0.30812
   5.    36   D 1 - 2 S 3 ; S 1 - 2 ; D 1 ; D 1 S 2  END                                0.0862   -0.06583  0.05567
   6.    31   D 1 - 2 S 3 - 4 ; D 1 S 2 ; S 1 ; D 1  END                                0.0862   -0.01530  0.08485
   7.    32   D 1 - 2 S 3 ; D 1 ; D 1 ; D 1 S 2  END                                    0.0826    0.08258
   8.     2   D 1 - 3 ; D 1 S 2 ; S 1 ; D 1  END                                        0.0826    0.08258
   9.    30   D 1 - 2 S 3 ; D 1 S 2 S 4 ; D 1 ; S 1  END                                0.0727   -0.06907 -0.02277
  10.    82   S 1 D 2 S 3 ; D 1 S 2 ; D 1 S 2 ; D 1  END                                0.0727   -0.05426 -0.04843
  11.   251   D 1 - 2 ; S 1 D 2 ; D 1 S 2 ; S 1 - 2  END                                0.0633    0.05250  0.03529
  12.   231   D 1 - 2 S 4 ; D 1 - 2 ; S 1 - 2 ; S 1  END                                0.0633   -0.05681 -0.02782
  13.   369   D 1 S 2 S 4 ; D 1 S 2 ; D 1 S 2 ; D 1  END                                0.0615   -0.05481 -0.02798
  14.    33   D 1 - 2 S 3 ; S 1 D 2 S 3 ; D 1 ; S 1  END                                0.0615    0.05164  0.03348
  15.   335   D 1 S 2 - 3 ; D 1 S 2 ; D 1 S 2 ; S 1 - 2  END                            0.0610   -0.04456  0.01026 -0.01565 -0.01530
                                                                                                  0.03391
  16.   181   D 1 - 2 S 3 ; D 1 S 2 - 3 ; S 1 - 2 ; S 1  END                            0.0610   -0.04456  0.01460 -0.01780 -0.01816
                                                                                                  0.02957
  17.    55   D 1 S 2 - 4 ; D 1 - 2 ; D 1 ; S 1  END                                    0.0600   -0.04479  0.03996
  18.   259   D 1 - 2 ; S 1 - 3 ; D 1 S 2 ; D 1  END                                    0.0600   -0.01221  0.05877
  19.    59   D 1 S 2 - 3 ; S 1 D 2 ; D 1 S 2 ; D 1  END                                0.0587   -0.04768 -0.03432
  20.   237   D 1 - 2 S 4 ; D 1 S 2 - 3 ; D 1 ; S 1  END                                0.0587    0.05356  0.02413
  21.   246   D 1 - 2 S 4 ; D 1 ; D 1 ; D 1 S 2  END                                    0.0585   -0.05848
  22.     3   D 1 - 3 ; S 1 D 2 ; S 1 ; D 1  END                                        0.0585   -0.05848
  23.   228   D 1 - 2 S 4 ; D 1 - 2 ; D 1 ; S 2  END                                    0.0494    0.04940
  24.   256   D 1 - 2 ; S 1 D 2 ; S 1 D 2 ; D 1  END                                    0.0494    0.04940
  25.  1364   D 1 S 2 ; D 1 S 2 - 3 ; S 1 - 2 ; D 1 S 2  END                            0.0488    0.03678 -0.03149  0.00190  0.00044
                                                                                                 -0.00600
  26.   328   D 1 S 2 - 3 ; D 1 - 2 S 3 ; S 1 ; S 1 - 2  END                            0.0488    0.03678 -0.01136 -0.01118 -0.00973
                                                                                                 -0.02613
  27.   371   D 1 S 2 ; D 1 S 2 S 4 ; D 1 ; D 1 S 2  END                                0.0476   -0.00860  0.04679
  28.    80   S 1 D 2 S 3 ; D 1 - 2 S 3 ; S 1 ; D 1  END                                0.0476    0.03622 -0.03084
  29.    57   D 1 S 2 - 3 ; D 1 - 2 S 4 ; S 1 ; D 1  END                                0.0473   -0.03698  0.02956
  30.   535   S 1 D 2 ; D 1 S 2 - 3 ; D 1 ; D 1 S 2  END                                0.0473    0.00711 -0.04680
  31.   533   S 1 D 2 ; D 1 - 2 ; S 1 - 2 ; D 1 S 2  END                                0.0461    0.00054  0.04607
  32.   233   D 1 - 2 ; D 1 - 2 S 4 ; S 1 ; S 1 - 2  END                                0.0461    0.04017 -0.02256
  33.   230   D 1 - 2 ; D 1 - 2 S 4 ; D 1 S 2  END                                      0.0429    0.04288
  34.   529   S 1 D 2 ; D 1 - 2 ; D 1 - 2 ; S 1  END                                    0.0429   -0.04288
  35.     5   S 1 D 2 - 3 ; D 1 - 2 ; D 1 ; S 1  END                                    0.0409    0.04093
  36.   248   D 1 - 2 ; D 1 S 4 ; D 1 S 2 ; D 1  END                                    0.0409   -0.04093
  37.    90   S 1 - 3 ; D 1 - 2 ; D 1 ; D 1 S 2  END                                    0.0402   -0.00124 -0.04017
  38.   242   D 1 - 2 ; D 1 S 2 - 4 ; S 1 ; D 1  END                                    0.0402   -0.03541  0.01901
  39.   373   D 1 S 2 ; S 1 D 2 S 3 ; D 1 ; D 1 S 2  END                                0.0398    0.00424 -0.03953
  40.   366   D 1 S 2 S 4 ; D 1 - 2 S 3 ; S 1 ; D 1  END                                0.0398    0.03211 -0.02343
  41.   170   D 1 - 2 S 3 ; D 1 - 2 ; S 1 - 2 ; S 2  END                                0.0393    0.00164 -0.03927
  42.   977   D 1 - 2 ; D 1 S 2 ; S 1 D 2 ; S 1 - 2  END                                0.0393    0.03319 -0.02106
  43.   239   D 1 - 2 ; D 1 S 2 ; D 1 S 2 ; S 1 - 2  END                                0.0376   -0.03689  0.00738
  44.    27   D 1 - 2 S 3 ; D 1 - 2 ; S 1 - 2 ; S 1  END                                0.0376    0.01206  0.03563
  45.   362   D 1 S 2 ; D 1 - 2 S 3 - 4 ; D 1 ; S 1  END                                0.0374    0.03167 -0.01995
  46.   592   S 1 - 2 ; D 1 - 2 S 3 ; D 1 S 2 ; D 1  END                                0.0374   -0.00144  0.03740
  47.    40   D 1 - 2 ; D 1 - 2 S 4 ; S 1 ; D 1  END                                    0.0366   -0.03657
  48.    84   S 1 D 2 ; D 1 - 2 ; D 1 ; D 1 S 2  END                                    0.0366    0.03657
  49.    46   D 1 S 2 D 3 ; D 1 S 2 - 3 ; D 1 ; S 1  END                                0.0360   -0.01066  0.03436
  50.   343   D 1 S 2 - 3 ; D 1 S 3 ; D 1 S 2 ; D 1  END                                0.0360   -0.02443  0.02641
  51.   530   S 1 D 2 ; D 1 - 2 ; D 1 ; S 1 D 2  END                                    0.0347   -0.03472
  52.   236   D 1 - 2 ; D 1 - 2 S 4 ; S 2 ; D 1  END                                    0.0347    0.03472
  53.    11   D 1 - 3 ; D 1 S 2 ; S 2 ; D 1  END                                        0.0322   -0.03218
  54.   191   D 1 - 2 S 3 ; D 1 ; D 1 ; S 1 D 2  END                                    0.0322   -0.03218
  55.   244   D 1 - 2 ; D 1 S 2 ; S 1 D 2 ; D 1  END                                    0.0321   -0.03214
  56.    26   D 1 - 2 S 3 ; D 1 - 2 ; D 1 ; S 2  END                                    0.0321   -0.03214
  57.   970   D 1 - 2 ; D 1 S 2 ; D 1 S 2 ; D 2  END                                    0.0320   -0.03198
  58.   175   D 1 - 2 S 3 ; D 1 - 2 ; D 2 ; S 1  END                                    0.0320   -0.03198
  59.    13   D 1 - 3 ; D 1 S 3 ; S 1 ; D 1  END                                        0.0308    0.03077
  60.    49   D 1 S 2 D 3 ; D 1 ; D 1 ; D 1 S 2  END                                    0.0308    0.03077
  61.   257   D 1 - 2 ; S 1 D 2 ; S 1 ; D 1 - 2  END                                    0.0298    0.02978
  62.   234   D 1 - 2 S 4 ; D 1 - 2 ; ; D 1 S 2  END                                    0.0298    0.02977
  63.   997   D 1 - 2 ; D 1 S 3 ; S 1 D 2 ; D 1  END                                    0.0284   -0.02838
  64.    43   D 1 S 2 D 3 ; D 1 - 2 ; D 1 ; S 2  END                                    0.0284   -0.02838
  65.   428   D 1 ; D 1 - 2 S 4 ; D 1 S 2 ; D 1  END                                    0.0267   -0.02667
  66.   526   S 1 D 2 ; D 1 - 3 ; D 1 ; S 1  END                                        0.0267    0.02667
  67.   187   D 1 - 2 S 3 ; D 1 D 3 ; D 1 ; S 1  END                                    0.0266   -0.02660
  68.    64   D 1 D 3 ; D 1 S 2 ; D 1 S 2 ; D 1  END                                    0.0266   -0.02660
  69.     9   D 1 - 3 ; D 1 S 2 ; D 1 S 2  END                                          0.0264    0.02635
  70.   190   D 1 - 2 S 3 ; D 1 ; D 1 - 2 ; S 1  END                                    0.0263    0.02635
  71.   426   D 1 S 4 ; D 1 - 2 ; D 1 ; D 1 S 2  END                                    0.0257   -0.02574
  72.   253   D 1 - 2 ; S 1 D 2 - 3 ; S 1 ; D 1  END                                    0.0257   -0.02574
  73.   176   D 1 - 2 S 3 ; D 1 - 2 ; ; S 1 D 2  END                                    0.0250   -0.02504
  74.   984   D 1 - 2 ; D 1 S 2 ; S 2 ; D 1 - 2  END                                    0.0250   -0.02504
  75.    66   D 1 S 3 ; D 1 - 2 ; D 1 ; D 1 S 2  END                                    0.0248   -0.02475
  76.   241   D 1 - 2 ; D 1 S 2 D 3 ; S 1 ; D 1  END                                    0.0248   -0.02475
  77.   512   S 1 D 2 S 3 ; S 1 D 2 ; D 1 S 2 ; S 1 - 2  END                            0.0246    0.00079 -0.01778 -0.01053 -0.01144
                                                                                                 -0.00674
  78.   973   D 1 - 2 S 4 ; D 1 S 2 S 4 ; S 1 - 2 ; S 1  END                            0.0246   -0.00079  0.01902  0.01073  0.00982
                                                                                                  0.00551
  79.  1342   D 1 S 2 ; D 1 - 2 ; S 1 - 2 ; S 1 D 2  END                                0.0237    0.02106  0.01083
  80.   962   D 1 - 2 ; D 1 - 2 S 3 ; S 2 ; S 1 - 2  END                                0.0237   -0.01991 -0.01282
  81.   520   S 1 D 2 S 3 ; S 1 - 3 ; D 1 S 2 ; D 1  END                                0.0231    0.00058  0.01572  0.01461  0.00668
                                                                                                  0.00527
  82.   334   D 1 S 2 - 4 ; D 1 S 2 S 4 ; D 1 ; S 1  END                                0.0231   -0.01306 -0.00828 -0.01382  0.00940
                                                                                                 -0.00389
  83.    29   D 1 - 2 S 3 ; D 1 S 2 - 3 ; D 1 ; S 1  END                                0.0221   -0.00179  0.02205
  84.    58   D 1 S 2 - 3 ; D 1 S 2 ; D 1 S 2 ; D 1  END                                0.0221   -0.01820  0.01257
  85.    56   D 1 S 2 - 3 ; D 1 - 2 S 3 ; S 1 ; D 1  END                                0.0221    0.02176  0.00374
  86.   370   D 1 S 2 ; D 1 S 2 - 3 ; D 1 ; D 1 S 2  END                                0.0221   -0.01412 -0.01697
  87.   361   D 1 S 2 ; D 1 - 3 ; D 1 ; S 1  END                                        0.0216    0.02159
  88.   427   D 1 ; D 1 - 2 S 3 ; D 1 S 2 ; D 1  END                                    0.0216    0.02159
  89.   247   D 1 - 2 ; D 1 S 3 ; D 1 S 2 ; D 1  END                                    0.0213    0.02126
  90.     4   D 1 S 2 D 3 ; D 1 - 2 ; D 1 ; S 1  END                                    0.0213    0.02126
  91.   198   D 1 - 2 S 3 - 4 ; S 1 D 2 ; S 1 ; S 1 - 2  END                            0.0208    0.01729 -0.00716  0.00227  0.00456
                                                                                                  0.00760
  92.  1031   D 1 - 2 S 4 ; S 1 - 2 ; S 1 - 2 ; D 1 S 2  END                            0.0208    0.01729  0.00687 -0.00354 -0.00583
                                                                                                 -0.00643
  93.   232   D 1 - 2 ; D 1 - 2 S 3 ; S 1 ; S 1 - 2  END                                0.0203   -0.02033  0.00043
  94.   368   D 1 S 2 ; D 1 - 2 ; S 1 - 2 ; D 1 S 2  END                                0.0203    0.00980  0.01782
  95.  1616   D 1 ; D 1 S 2 D 3 ; D 1 S 2 ; D 1  END                                    0.0202   -0.02024
  96.   412   D 1 S 3 ; D 1 - 3 ; D 1 ; S 1  END                                        0.0202   -0.02024
  97.   492   S 1 D 2 S 3 - 4 ; D 1 - 2 ; S 1 - 2 ; S 1  END                            0.0196    0.01679  0.00437  0.00443 -0.00442
                                                                                                  0.00676
  98.  1028   D 1 - 2 ; S 1 - 2 S 4 ; D 1 S 2 ; S 1 - 2  END                            0.0196   -0.01679 -0.00617  0.00546 -0.00339
                                                                                                 -0.00497
  99.    38   D 1 - 2 S 4 ; D 1 - 2 ; D 1 ; S 1  END                                    0.0196    0.01963
 100.    42   D 1 - 2 ; S 1 D 2 ; D 1 S 2 ; D 1  END                                    0.0196    0.01963




 POSITION OF FIRST SPIN COUPLING FOR TEN MOST IMPORTANT CONFIGURATIONS
       1     54     86     52     48     39     41      2     37    119



 ********************************
 RESULTS FOR ROOT   02
 TOTAL CI ENERGY =   -320.1478346
 ********************************

       CONF.                                                                           COEFF.
        NO.        SPACE ORBITAL PRODUCTS                                             CONTRIB.      CI COEFFICIENTS

       -----       ----------------------                                             --------   ---------------------
   1.     1   D 1 - 2 S 3 ; D 1 - 2 ; D 1 ; S 1  END                                    0.6292    0.62919
   2.    41   D 1 - 2 ; D 1 S 2 ; D 1 S 2 ; D 1  END                                    0.6292   -0.62919
   3.    60   D 1 S 2 ; D 1 - 2 ; D 1 ; D 1 S 2  END                                    0.1114    0.11138
   4.    39   D 1 - 2 ; D 1 - 2 S 3 ; S 1 ; D 1  END                                    0.1114   -0.11138
   5.    58   D 1 S 2 - 3 ; D 1 S 2 ; D 1 S 2 ; D 1  END                                0.1006    0.06432 -0.07739
   6.    29   D 1 - 2 S 3 ; D 1 S 2 - 3 ; D 1 ; S 1  END                                0.1006   -0.03486  0.09440
   7.    38   D 1 - 2 S 4 ; D 1 - 2 ; D 1 ; S 1  END                                    0.0758   -0.07579
   8.    42   D 1 - 2 ; S 1 D 2 ; D 1 S 2 ; D 1  END                                    0.0758    0.07579
   9.     2   D 1 - 3 ; D 1 S 2 ; S 1 ; D 1  END                                        0.0735    0.07352
  10.    32   D 1 - 2 S 3 ; D 1 ; D 1 ; D 1 S 2  END                                    0.0735   -0.07352
  11.     9   D 1 - 3 ; D 1 S 2 ; D 1 S 2  END                                          0.0692    0.06916
  12.   190   D 1 - 2 S 3 ; D 1 ; D 1 - 2 ; S 1  END                                    0.0692   -0.06916
  13.   335   D 1 S 2 - 3 ; D 1 S 2 ; D 1 S 2 ; S 1 - 2  END                            0.0679    0.02827 -0.04080 -0.01084 -0.00828
                                                                                                 -0.04424
  14.   181   D 1 - 2 S 3 ; D 1 S 2 - 3 ; S 1 - 2 ; S 1  END                            0.0679   -0.02827  0.05166  0.00201  0.00457
                                                                                                  0.03338
  15.     3   D 1 - 3 ; S 1 D 2 ; S 1 ; D 1  END                                        0.0534   -0.05339
  16.   246   D 1 - 2 S 4 ; D 1 ; D 1 ; D 1 S 2  END                                    0.0534    0.05339
  17.   237   D 1 - 2 S 4 ; D 1 S 2 - 3 ; D 1 ; S 1  END                                0.0531    0.02169 -0.04850
  18.    59   D 1 S 2 - 3 ; S 1 D 2 ; D 1 S 2 ; D 1  END                                0.0531   -0.03116  0.04303
  19.   259   D 1 - 2 ; S 1 - 3 ; D 1 S 2 ; D 1  END                                    0.0529    0.03210 -0.04201
  20.    55   D 1 S 2 - 4 ; D 1 - 2 ; D 1 ; S 1  END                                    0.0529   -0.02033  0.04880
  21.   369   D 1 S 2 S 4 ; D 1 S 2 ; D 1 S 2 ; D 1  END                                0.0496    0.04451  0.02183
  22.    33   D 1 - 2 S 3 ; S 1 D 2 S 3 ; D 1 ; S 1  END                                0.0496    0.04116  0.02763
  23.    26   D 1 - 2 S 3 ; D 1 - 2 ; D 1 ; S 2  END                                    0.0455   -0.04555
  24.   244   D 1 - 2 ; D 1 S 2 ; S 1 D 2 ; D 1  END                                    0.0455    0.04555
  25.   170   D 1 - 2 S 3 ; D 1 - 2 ; S 1 - 2 ; S 2  END                                0.0455    0.00403 -0.04537
  26.   977   D 1 - 2 ; D 1 S 2 ; S 1 D 2 ; S 1 - 2  END                                0.0455   -0.03727  0.02617
  27.    84   S 1 D 2 ; D 1 - 2 ; D 1 ; D 1 S 2  END                                    0.0438   -0.04378
  28.    40   D 1 - 2 ; D 1 - 2 S 4 ; S 1 ; D 1  END                                    0.0438   -0.04378
  29.    43   D 1 S 2 D 3 ; D 1 - 2 ; D 1 ; S 2  END                                    0.0424   -0.04238
  30.   997   D 1 - 2 ; D 1 S 3 ; S 1 D 2 ; D 1  END                                    0.0424    0.04238
  31.  1364   D 1 S 2 ; D 1 S 2 - 3 ; S 1 - 2 ; D 1 S 2  END                            0.0420   -0.02708  0.02192  0.00002  0.00259
                                                                                                  0.02322
  32.   328   D 1 S 2 - 3 ; D 1 - 2 S 3 ; S 1 ; S 1 - 2  END                            0.0420    0.02708 -0.02402 -0.00137  0.00119
                                                                                                 -0.02112
  33.   194   D 1 - 2 S 3 ; D 1 ; S 1 - 2 ; D 1 S 2  END                                0.0408   -0.00243  0.04068
  34.    10   D 1 - 3 ; D 1 S 2 ; S 1 ; S 1 - 2  END                                    0.0408    0.03402 -0.02245
  35.   343   D 1 S 2 - 3 ; D 1 S 3 ; D 1 S 2 ; D 1  END                                0.0396    0.01873 -0.03487
  36.    46   D 1 S 2 D 3 ; D 1 S 2 - 3 ; D 1 ; S 1  END                                0.0396   -0.02083  0.03365
  37.   248   D 1 - 2 ; D 1 S 4 ; D 1 S 2 ; D 1  END                                    0.0384    0.03837
  38.     5   S 1 D 2 - 3 ; D 1 - 2 ; D 1 ; S 1  END                                    0.0384    0.03837
  39.   228   D 1 - 2 S 4 ; D 1 - 2 ; D 1 ; S 2  END                                    0.0373    0.03731
  40.   256   D 1 - 2 ; S 1 D 2 ; S 1 D 2 ; D 1  END                                    0.0373   -0.03731
  41.    80   S 1 D 2 S 3 ; D 1 - 2 S 3 ; S 1 ; D 1  END                                0.0367    0.01426 -0.03382
  42.   371   D 1 S 2 ; D 1 S 2 S 4 ; D 1 ; D 1 S 2  END                                0.0367    0.02216 -0.02926
  43.   239   D 1 - 2 ; D 1 S 2 ; D 1 S 2 ; S 1 - 2  END                                0.0357    0.03069 -0.01830
  44.    27   D 1 - 2 S 3 ; D 1 - 2 ; S 1 - 2 ; S 1  END                                0.0357   -0.00050  0.03573
  45.    31   D 1 - 2 S 3 - 4 ; D 1 S 2 ; S 1 ; D 1  END                                0.0351    0.03509  0.00096
  46.    36   D 1 - 2 S 3 ; S 1 - 2 ; D 1 ; D 1 S 2  END                                0.0351    0.01837  0.02991
  47.   340   D 1 S 2 - 3 ; D 1 S 2 ; S 1 D 2 ; D 1  END                                0.0330   -0.02574 -0.02059
  48.   178   D 1 - 2 S 3 ; D 1 S 2 - 3 ; D 1 ; S 2  END                                0.0330   -0.03070 -0.01200
  49.   175   D 1 - 2 S 3 ; D 1 - 2 ; D 2 ; S 1  END                                    0.0326   -0.03259
  50.   970   D 1 - 2 ; D 1 S 2 ; D 1 S 2 ; D 2  END                                    0.0326    0.03259
  51.   247   D 1 - 2 ; D 1 S 3 ; D 1 S 2 ; D 1  END                                    0.0305   -0.03053
  52.     4   D 1 S 2 D 3 ; D 1 - 2 ; D 1 ; S 1  END                                    0.0305    0.03053
  53.   984   D 1 - 2 ; D 1 S 2 ; S 2 ; D 1 - 2  END                                    0.0289    0.02889
  54.   176   D 1 - 2 S 3 ; D 1 - 2 ; ; S 1 D 2  END                                    0.0289   -0.02889
  55.    64   D 1 D 3 ; D 1 S 2 ; D 1 S 2 ; D 1  END                                    0.0283    0.02828
  56.   187   D 1 - 2 S 3 ; D 1 D 3 ; D 1 ; S 1  END                                    0.0283   -0.02828
  57.   242   D 1 - 2 ; D 1 S 2 - 4 ; S 1 ; D 1  END                                    0.0275    0.02498  0.01154
  58.    90   S 1 - 3 ; D 1 - 2 ; D 1 ; D 1 S 2  END                                    0.0275   -0.02249 -0.01587
  59.    57   D 1 S 2 - 3 ; D 1 - 2 S 4 ; S 1 ; D 1  END                                0.0262   -0.00486  0.02576
  60.   535   S 1 D 2 ; D 1 S 2 - 3 ; D 1 ; D 1 S 2  END                                0.0262   -0.01988  0.01709
  61.   325   D 1 S 2 - 3 ; D 1 - 2 S 3 ; D 1 S 2  END                                  0.0256   -0.02281  0.01165
  62.  1355   D 1 S 2 ; D 1 S 2 - 3 ; D 1 - 2 ; S 1  END                                0.0256   -0.00132 -0.02558
  63.   533   S 1 D 2 ; D 1 - 2 ; S 1 - 2 ; D 1 S 2  END                                0.0251   -0.00693 -0.02416
  64.   233   D 1 - 2 ; D 1 - 2 S 4 ; S 1 ; S 1 - 2  END                                0.0251    0.02439 -0.00608
  65.    44   D 1 S 2 D 3 ; D 1 - 2 ; S 1 - 2 ; S 1  END                                0.0248    0.02441  0.00455
  66.   990   D 1 - 2 ; D 1 S 3 ; D 1 S 2 ; S 1 - 2  END                                0.0248    0.01614  0.01886
  67.   362   D 1 S 2 ; D 1 - 2 S 3 - 4 ; D 1 ; S 1  END                                0.0236    0.00572 -0.02290
  68.   592   S 1 - 2 ; D 1 - 2 S 3 ; D 1 S 2 ; D 1  END                                0.0236    0.01698 -0.01640
  69.   333   D 1 S 2 - 4 ; D 1 S 2 - 3 ; D 1 ; S 1  END                                0.0231    0.02194 -0.00332  0.00265 -0.00445
                                                                                                  0.00355
  70.   355   D 1 S 2 - 3 ; S 1 - 3 ; D 1 S 2 ; D 1  END                                0.0231   -0.00211 -0.01507 -0.00013 -0.01731
                                                                                                  0.00082
  71.  1031   D 1 - 2 S 4 ; S 1 - 2 ; S 1 - 2 ; D 1 S 2  END                            0.0228   -0.01856 -0.00512  0.00101  0.01196
                                                                                                  0.00204
  72.   198   D 1 - 2 S 3 - 4 ; S 1 D 2 ; S 1 ; S 1 - 2  END                            0.0228    0.01856 -0.00586 -0.00562  0.00533
                                                                                                  0.00895
  73.    18   D 1 - 3 S 4 ; S 1 - 2 ; D 1 ; S 1  END                                    0.0222    0.02207  0.00271
  74.   213   D 1 - 2 S 3 - 4 ; S 1 ; D 1 S 2 ; D 1  END                                0.0222    0.01338  0.01776
  75.  1390   D 1 S 2 S 4 ; S 1 - 3 ; D 1 S 2 ; D 1  END                                0.0218   -0.00160 -0.01406 -0.01306 -0.00426
                                                                                                 -0.00920
  76.   345   D 1 S 2 - 4 ; S 1 D 2 S 3 ; D 1 ; S 1  END                                0.0218    0.01064  0.01153  0.01083 -0.00904
                                                                                                  0.00534
  77.   251   D 1 - 2 ; S 1 D 2 ; D 1 S 2 ; S 1 - 2  END                                0.0216   -0.00440 -0.02115
  78.   231   D 1 - 2 S 4 ; D 1 - 2 ; S 1 - 2 ; S 1  END                                0.0216   -0.02051  0.00676
  79.   370   D 1 S 2 ; D 1 S 2 - 3 ; D 1 ; D 1 S 2  END                                0.0214    0.02129  0.00191
  80.    56   D 1 S 2 - 3 ; D 1 - 2 S 3 ; S 1 ; D 1  END                                0.0214    0.01230  0.01748
  81.   412   D 1 S 3 ; D 1 - 3 ; D 1 ; S 1  END                                        0.0211   -0.02111
  82.  1616   D 1 ; D 1 S 2 D 3 ; D 1 S 2 ; D 1  END                                    0.0211    0.02111
  83.   492   S 1 D 2 S 3 - 4 ; D 1 - 2 ; S 1 - 2 ; S 1  END                            0.0207    0.01657 -0.00135  0.00740 -0.00707
                                                                                                  0.00678
  84.  1028   D 1 - 2 ; S 1 - 2 S 4 ; D 1 S 2 ; S 1 - 2  END                            0.0207    0.01657  0.00489 -0.01067  0.00380
                                                                                                  0.00054
  85.  1911   S 1 D 2 S 4 ; D 1 S 2 ; D 1 S 2 ; S 1 - 2  END                            0.0201    0.01442 -0.01356 -0.00071 -0.00097
                                                                                                  0.00326
  86.   200   D 1 - 2 S 3 ; S 1 D 2 S 4 ; S 1 - 2 ; S 1  END                            0.0201    0.01442 -0.00167 -0.00783 -0.00757
                                                                                                 -0.00863
  87.   509   S 1 D 2 S 3 ; D 1 S 4 ; D 1 S 2 ; D 1  END                                0.0201   -0.00966  0.01762
  88.    71   S 1 D 2 - 3 ; D 1 S 2 S 4 ; D 1 ; S 1  END                                0.0201    0.01043 -0.01718
  89.   585   S 1 - 4 ; D 1 S 2 ; D 1 S 2 ; D 1  END                                    0.0200   -0.00033 -0.00133  0.00075 -0.01072
                                                                                                 -0.01680
  90.   206   D 1 - 2 S 3 ; S 1 - 4 ; D 1 ; S 1  END                                    0.0200   -0.00949 -0.01077  0.00994  0.00969
                                                                                                 -0.00088
  91.   195   D 1 - 2 S 3 - 4 ; S 1 D 2 ; D 1 S 2  END                                  0.0198   -0.01185 -0.01587
  92.  1025   D 1 - 2 S 4 ; S 1 - 2 ; D 1 - 2 ; S 1  END                                0.0198   -0.01967 -0.00232
  93.   238   D 1 - 2 S 4 ; D 1 S 2 S 4 ; D 1 ; S 1  END                                0.0195    0.00201 -0.01941
  94.    83   S 1 D 2 S 3 ; S 1 D 2 ; D 1 S 2 ; D 1  END                                0.0195    0.01580 -0.01145
  95.  1924   S 1 D 2 ; D 1 S 2 S 4 ; S 1 - 2 ; D 1 S 2  END                            0.0190    0.01545 -0.00097  0.00591  0.00423
                                                                                                 -0.00834
  96.   494   S 1 D 2 S 3 ; D 1 - 2 S 4 ; S 1 ; S 1 - 2  END                            0.0190   -0.01545  0.00211 -0.00489 -0.00657
                                                                                                  0.00720
  97.   526   S 1 D 2 ; D 1 - 3 ; D 1 ; S 1  END                                        0.0190    0.01902
  98.   428   D 1 ; D 1 - 2 S 4 ; D 1 S 2 ; D 1  END                                    0.0190    0.01902
  99.    34   D 1 - 2 S 3 ; S 1 D 2 S 4 ; D 1 ; S 1  END                                0.0189   -0.00313 -0.01861
 100.   534   S 1 D 2 S 4 ; D 1 S 2 ; D 1 S 2 ; D 1  END                                0.0189    0.01768 -0.00659




 POSITION OF FIRST SPIN COUPLING FOR TEN MOST IMPORTANT CONFIGURATIONS
       1     54     86     52     82     35     51     55      2     41



 ********************************
 RESULTS FOR ROOT   03
 TOTAL CI ENERGY =   -319.9421388
 ********************************

       CONF.                                                                           COEFF.
        NO.        SPACE ORBITAL PRODUCTS                                             CONTRIB.      CI COEFFICIENTS

       -----       ----------------------                                             --------   ---------------------
   1.    39   D 1 - 2 ; D 1 - 2 S 3 ; S 1 ; D 1  END                                    0.3595   -0.35953
   2.    60   D 1 S 2 ; D 1 - 2 ; D 1 ; D 1 S 2  END                                    0.3595   -0.35953
   3.    42   D 1 - 2 ; S 1 D 2 ; D 1 S 2 ; D 1  END                                    0.2852    0.28524
   4.    38   D 1 - 2 S 4 ; D 1 - 2 ; D 1 ; S 1  END                                    0.2852    0.28524
   5.   239   D 1 - 2 ; D 1 S 2 ; D 1 S 2 ; S 1 - 2  END                                0.1801    0.17399  0.04661
   6.    27   D 1 - 2 S 3 ; D 1 - 2 ; S 1 - 2 ; S 1  END                                0.1801   -0.12736 -0.12738
   7.    32   D 1 - 2 S 3 ; D 1 ; D 1 ; D 1 S 2  END                                    0.1795   -0.17953
   8.     2   D 1 - 3 ; D 1 S 2 ; S 1 ; D 1  END                                        0.1795   -0.17953
   9.   244   D 1 - 2 ; D 1 S 2 ; S 1 D 2 ; D 1  END                                    0.1657    0.16572
  10.    26   D 1 - 2 S 3 ; D 1 - 2 ; D 1 ; S 2  END                                    0.1657    0.16572
  11.     1   D 1 - 2 S 3 ; D 1 - 2 ; D 1 ; S 1  END                                    0.1608   -0.16080
  12.    41   D 1 - 2 ; D 1 S 2 ; D 1 S 2 ; D 1  END                                    0.1608   -0.16080
  13.    84   S 1 D 2 ; D 1 - 2 ; D 1 ; D 1 S 2  END                                    0.1569   -0.15685
  14.    40   D 1 - 2 ; D 1 - 2 S 4 ; S 1 ; D 1  END                                    0.1569    0.15685
  15.   368   D 1 S 2 ; D 1 - 2 ; S 1 - 2 ; D 1 S 2  END                                0.1112    0.00258  0.11119
  16.   232   D 1 - 2 ; D 1 - 2 S 3 ; S 1 ; S 1 - 2  END                                0.1112   -0.09759  0.05337
  17.    29   D 1 - 2 S 3 ; D 1 S 2 - 3 ; D 1 ; S 1  END                                0.1001    0.03457 -0.09398
  18.    58   D 1 S 2 - 3 ; D 1 S 2 ; D 1 S 2 ; D 1  END                                0.1001    0.06410 -0.07693
  19.     4   D 1 S 2 D 3 ; D 1 - 2 ; D 1 ; S 1  END                                    0.0977   -0.09768
  20.   247   D 1 - 2 ; D 1 S 3 ; D 1 S 2 ; D 1  END                                    0.0977   -0.09768
  21.   365   D 1 S 2 ; D 1 - 2 ; D 1 ; S 1 D 2  END                                    0.0917   -0.09170
  22.   235   D 1 - 2 ; D 1 - 2 S 3 ; S 2 ; D 1  END                                    0.0917   -0.09170
  23.    28   D 1 - 2 S 3 ; D 1 - 2 ; ; D 1 S 2  END                                    0.0847    0.08475
  24.   245   D 1 - 2 ; D 1 S 2 ; S 1 ; D 1 - 2  END                                    0.0847    0.08475
  25.    36   D 1 - 2 S 3 ; S 1 - 2 ; D 1 ; D 1 S 2  END                                0.0661    0.01685 -0.06390
  26.    31   D 1 - 2 S 3 - 4 ; D 1 S 2 ; S 1 ; D 1  END                                0.0661    0.04691 -0.04654
  27.    82   S 1 D 2 S 3 ; D 1 S 2 ; D 1 S 2 ; D 1  END                                0.0617    0.01279  0.06033
  28.    30   D 1 - 2 S 3 ; D 1 S 2 S 4 ; D 1 ; S 1  END                                0.0617    0.05864 -0.01909
  29.    90   S 1 - 3 ; D 1 - 2 ; D 1 ; D 1 S 2  END                                    0.0600    0.01254 -0.05868
  30.   242   D 1 - 2 ; D 1 S 2 - 4 ; S 1 ; D 1  END                                    0.0600   -0.04454  0.04020
  31.   361   D 1 S 2 ; D 1 - 3 ; D 1 ; S 1  END                                        0.0588    0.05881
  32.   427   D 1 ; D 1 - 2 S 3 ; D 1 S 2 ; D 1  END                                    0.0588    0.05881
  33.   229   D 1 - 2 ; D 1 - 2 S 3 ; D 1 S 2  END                                      0.0539   -0.05386
  34.   364   D 1 S 2 ; D 1 - 2 ; D 1 - 2 ; S 1  END                                    0.0539   -0.05386
  35.    35   D 1 - 2 S 3 - 4 ; S 1 D 2 ; S 1 ; D 1  END                                0.0520   -0.02940  0.04295
  36.   258   D 1 - 2 S 4 ; S 1 - 2 ; D 1 ; D 1 S 2  END                                0.0520   -0.02249  0.04693
  37.    55   D 1 S 2 - 4 ; D 1 - 2 ; D 1 ; S 1  END                                    0.0470   -0.03283 -0.03358
  38.   259   D 1 - 2 ; S 1 - 3 ; D 1 S 2 ; D 1  END                                    0.0470    0.04550  0.01164
  39.    83   S 1 D 2 S 3 ; S 1 D 2 ; D 1 S 2 ; D 1  END                                0.0457   -0.03908 -0.02372
  40.   238   D 1 - 2 S 4 ; D 1 S 2 S 4 ; D 1 ; S 1  END                                0.0457   -0.04008 -0.02199
  41.    37   D 1 - 2 S 3 ; D 2 ; D 1 ; D 1 S 2  END                                    0.0440   -0.04398
  42.   240   D 1 - 2 D 4 ; D 1 S 2 ; S 1 ; D 1  END                                    0.0440   -0.04398
  43.   366   D 1 S 2 S 4 ; D 1 - 2 S 3 ; S 1 ; D 1  END                                0.0437    0.03465 -0.02656
  44.   373   D 1 S 2 ; S 1 D 2 S 3 ; D 1 ; D 1 S 2  END                                0.0437    0.00568 -0.04329
  45.    80   S 1 D 2 S 3 ; D 1 - 2 S 3 ; S 1 ; D 1  END                                0.0431    0.04078  0.01403
  46.   371   D 1 S 2 ; D 1 S 2 S 4 ; D 1 ; D 1 S 2  END                                0.0431    0.03255  0.02830
  47.   257   D 1 - 2 ; S 1 D 2 ; S 1 ; D 1 - 2  END                                    0.0430    0.04297
  48.   234   D 1 - 2 S 4 ; D 1 - 2 ; ; D 1 S 2  END                                    0.0430    0.04297
  49.   183   D 1 - 2 S 3 - 4 ; D 1 S 2 ; S 2 ; D 1  END                                0.0425    0.00544  0.04216
  50.   209   D 1 - 2 S 3 ; S 1 - 2 ; D 1 ; S 1 D 2  END                                0.0425   -0.03923  0.01637
  51.    34   D 1 - 2 S 3 ; S 1 D 2 S 4 ; D 1 ; S 1  END                                0.0413   -0.01857  0.03692
  52.   534   S 1 D 2 S 4 ; D 1 S 2 ; D 1 S 2 ; D 1  END                                0.0413    0.02269 -0.03454
  53.   212   D 1 - 2 S 3 ; S 1 - 2 ; S 1 - 2 ; D 1 S 2  END                            0.0406   -0.01286 -0.01146 -0.01380  0.02311
                                                                                                 -0.02497
  54.   180   D 1 - 2 S 3 - 4 ; D 1 S 2 ; S 1 ; S 1 - 2  END                            0.0406   -0.01286 -0.01756  0.02663 -0.01028
                                                                                                 -0.01887
  55.   237   D 1 - 2 S 4 ; D 1 S 2 - 3 ; D 1 ; S 1  END                                0.0389    0.03156  0.02275
  56.    59   D 1 S 2 - 3 ; S 1 D 2 ; D 1 S 2 ; D 1  END                                0.0389   -0.03548 -0.01596
  57.    57   D 1 S 2 - 3 ; D 1 - 2 S 4 ; S 1 ; D 1  END                                0.0371   -0.03706 -0.00110
  58.   535   S 1 D 2 ; D 1 S 2 - 3 ; D 1 ; D 1 S 2  END                                0.0371   -0.01948 -0.03155
  59.    56   D 1 S 2 - 3 ; D 1 - 2 S 3 ; S 1 ; D 1  END                                0.0367    0.01255 -0.03445
  60.   370   D 1 S 2 ; D 1 S 2 - 3 ; D 1 ; D 1 S 2  END                                0.0367    0.02356 -0.02809
  61.   262   D 1 - 2 ; D 2 S 3 ; D 1 S 2 ; D 1  END                                    0.0359    0.03590
  62.   360   D 1 S 2 D 4 ; D 1 - 2 ; D 1 ; S 1  END                                    0.0359    0.03590
  63.   192   D 1 - 2 S 3 - 4 ; D 1 S 3 ; S 1 ; D 1  END                                0.0359    0.00867 -0.03479
  64.    53   D 1 S 2 D 3 ; S 1 - 2 ; D 1 ; D 1 S 2  END                                0.0359    0.02579 -0.02491
  65.   372   D 1 S 2 S 4 ; S 1 D 2 ; D 1 S 2 ; D 1  END                                0.0345   -0.03449  0.00138
  66.   249   D 1 - 2 S 4 ; S 1 D 2 S 3 ; D 1 ; S 1  END                                0.0345    0.01605  0.03056
  67.   260   D 1 - 2 ; S 1 - 2 S 4 ; D 1 S 2 ; D 1  END                                0.0318   -0.03012  0.01004
  68.    79   S 1 D 2 S 3 - 4 ; D 1 - 2 ; D 1 ; S 1  END                                0.0318   -0.00637 -0.03111
  69.   505   S 1 D 2 S 3 ; D 1 S 2 ; S 1 D 2 ; D 1  END                                0.0308   -0.01617 -0.02623
  70.   179   D 1 - 2 S 3 ; D 1 S 2 S 4 ; D 1 ; S 2  END                                0.0308   -0.03080 -0.00089
  71.   538   S 1 D 2 ; S 1 D 2 S 3 ; D 1 ; D 1 S 2  END                                0.0307   -0.00200 -0.03064
  72.   367   D 1 S 2 S 4 ; D 1 - 2 S 4 ; S 1 ; D 1  END                                0.0307   -0.02754  0.01359
  73.   500   S 1 D 2 S 3 ; D 1 S 2 ; D 1 S 2 ; S 1 - 2  END                            0.0306   -0.00167 -0.02386 -0.01761 -0.00689
                                                                                                  0.00204
  74.   182   D 1 - 2 S 3 ; D 1 S 2 S 4 ; S 1 - 2 ; S 1  END                            0.0306    0.00167  0.01504  0.01198  0.02270
                                                                                                  0.00678
  75.   191   D 1 - 2 S 3 ; D 1 ; D 1 ; S 1 D 2  END                                    0.0302    0.03021
  76.    11   D 1 - 3 ; D 1 S 2 ; S 2 ; D 1  END                                        0.0302    0.03021
  77.   253   D 1 - 2 ; S 1 D 2 - 3 ; S 1 ; D 1  END                                    0.0298   -0.02982
  78.   426   D 1 S 4 ; D 1 - 2 ; D 1 ; D 1 S 2  END                                    0.0298   -0.02982
  79.   347   D 1 S 2 - 3 ; S 1 D 2 ; D 1 S 2 ; S 1 - 2  END                            0.0289   -0.01737  0.00614 -0.02106 -0.00563
                                                                                                  0.00428
  80.   972   D 1 - 2 S 4 ; D 1 S 2 - 3 ; S 1 - 2 ; S 1  END                            0.0289   -0.01737 -0.00681  0.00185 -0.01359
                                                                                                  0.01723
  81.  1027   D 1 - 2 ; S 1 - 3 ; D 1 S 2 ; S 1 - 2  END                                0.0288   -0.02156 -0.00923  0.01238  0.00981
                                                                                                 -0.00560
  82.   327   D 1 S 2 - 4 ; D 1 - 2 ; S 1 - 2 ; S 1  END                                0.0288   -0.02156  0.00310  0.00269  0.00526
                                                                                                 -0.01793
  83.   194   D 1 - 2 S 3 ; D 1 ; S 1 - 2 ; D 1 S 2  END                                0.0279   -0.00522 -0.02740
  84.    10   D 1 - 3 ; D 1 S 2 ; S 1 ; S 1 - 2  END                                    0.0279    0.02634 -0.00918
  85.    48   D 1 S 2 D 3 S 4 ; D 1 S 2 ; S 1 ; D 1  END                                0.0264    0.02556 -0.00673
  86.   214   D 1 - 2 S 3 ; S 1 S 3 ; D 1 ; D 1 S 2  END                                0.0264   -0.00696 -0.02550
  87.    66   D 1 S 3 ; D 1 - 2 ; D 1 ; D 1 S 2  END                                    0.0257    0.02573
  88.   241   D 1 - 2 ; D 1 S 2 D 3 ; S 1 ; D 1  END                                    0.0257    0.02573
  89.  2983   D 1 - 2 ; D 1 S 2 ; S 1 D 2 ; D 2  END                                    0.0254   -0.02544
  90.   813   D 1 - 2 S 3 ; D 1 - 2 ; D 2 ; S 2  END                                    0.0254   -0.02544
  91.  1238   D 1 S 2 - 3 ; D 1 S 2 ; S 1 D 2 ; S 1 - 2  END                            0.0254   -0.02162  0.00346  0.00252 -0.00833
                                                                                                  0.00942
  92.   819   D 1 - 2 S 3 ; D 1 S 2 - 3 ; S 1 - 2 ; S 2  END                            0.0254   -0.02162  0.00541 -0.00946  0.00140
                                                                                                  0.00746
  93.  1364   D 1 S 2 ; D 1 S 2 - 3 ; S 1 - 2 ; D 1 S 2  END                            0.0252    0.01771 -0.01273  0.00041  0.00661
                                                                                                  0.01083
  94.   328   D 1 S 2 - 3 ; D 1 - 2 S 3 ; S 1 ; S 1 - 2  END                            0.0252    0.01771  0.00798 -0.00535 -0.01155
                                                                                                 -0.00988
  95.  1342   D 1 S 2 ; D 1 - 2 ; S 1 - 2 ; S 1 D 2  END                                0.0250    0.02337  0.00895
  96.   962   D 1 - 2 ; D 1 - 2 S 3 ; S 2 ; S 1 - 2  END                                0.0250   -0.01943 -0.01576
  97.    88   S 1 - 2 D 3 ; D 1 S 2 ; D 1 S 2 ; D 1  END                                0.0247    0.01659  0.01837
  98.   188   D 1 - 2 S 3 ; D 1 S 3 - 4 ; D 1 ; S 1  END                                0.0247    0.02420  0.00518
  99.   584   S 1 - 3 ; D 1 - 2 ; S 1 - 2 ; D 1 S 2  END                                0.0245    0.01555 -0.01414  0.00182 -0.00434
                                                                                                  0.01172
 100.   975   D 1 - 2 ; D 1 S 2 - 4 ; S 1 ; S 1 - 2  END                                0.0245   -0.01555 -0.00416  0.01491  0.00874
                                                                                                  0.00659




 POSITION OF FIRST SPIN COUPLING FOR TEN MOST IMPORTANT CONFIGURATIONS
      52     86     55     51    404     32     41      2    411     31



 ********************************
 RESULTS FOR ROOT   04
 TOTAL CI ENERGY =   -319.2540762
 ********************************

       CONF.                                                                           COEFF.
        NO.        SPACE ORBITAL PRODUCTS                                             CONTRIB.      CI COEFFICIENTS

       -----       ----------------------                                             --------   ---------------------
   1.    32   D 1 - 2 S 3 ; D 1 ; D 1 ; D 1 S 2  END                                    0.2614    0.26140
   2.     2   D 1 - 3 ; D 1 S 2 ; S 1 ; D 1  END                                        0.2614    0.26140
   3.    40   D 1 - 2 ; D 1 - 2 S 4 ; S 1 ; D 1  END                                    0.2551    0.25508
   4.    84   S 1 D 2 ; D 1 - 2 ; D 1 ; D 1 S 2  END                                    0.2551   -0.25508
   5.    42   D 1 - 2 ; S 1 D 2 ; D 1 S 2 ; D 1  END                                    0.2478    0.24780
   6.    38   D 1 - 2 S 4 ; D 1 - 2 ; D 1 ; S 1  END                                    0.2478    0.24780
   7.   247   D 1 - 2 ; D 1 S 3 ; D 1 S 2 ; D 1  END                                    0.1921    0.19205
   8.     4   D 1 S 2 D 3 ; D 1 - 2 ; D 1 ; S 1  END                                    0.1921    0.19205
   9.    39   D 1 - 2 ; D 1 - 2 S 3 ; S 1 ; D 1  END                                    0.1919    0.19189
  10.    60   D 1 S 2 ; D 1 - 2 ; D 1 ; D 1 S 2  END                                    0.1919    0.19189
  11.    58   D 1 S 2 - 3 ; D 1 S 2 ; D 1 S 2 ; D 1  END                                0.1646   -0.10166  0.12950
  12.    29   D 1 - 2 S 3 ; D 1 S 2 - 3 ; D 1 ; S 1  END                                0.1646   -0.06132  0.15279
  13.   239   D 1 - 2 ; D 1 S 2 ; D 1 S 2 ; S 1 - 2  END                                0.1640    0.10774  0.12370
  14.    27   D 1 - 2 S 3 ; D 1 - 2 ; S 1 - 2 ; S 1  END                                0.1640   -0.16100 -0.03146
  15.   245   D 1 - 2 ; D 1 S 2 ; S 1 ; D 1 - 2  END                                    0.1612    0.16121
  16.    28   D 1 - 2 S 3 ; D 1 - 2 ; ; D 1 S 2  END                                    0.1612    0.16121
  17.   364   D 1 S 2 ; D 1 - 2 ; D 1 - 2 ; S 1  END                                    0.1388   -0.13879
  18.   229   D 1 - 2 ; D 1 - 2 S 3 ; D 1 S 2  END                                      0.1388   -0.13879
  19.   368   D 1 S 2 ; D 1 - 2 ; S 1 - 2 ; D 1 S 2  END                                0.1089   -0.02846  0.10517
  20.   232   D 1 - 2 ; D 1 - 2 S 3 ; S 1 ; S 1 - 2  END                                0.1089   -0.07684  0.07723
  21.    66   D 1 S 3 ; D 1 - 2 ; D 1 ; D 1 S 2  END                                    0.0934   -0.09343
  22.   241   D 1 - 2 ; D 1 S 2 D 3 ; S 1 ; D 1  END                                    0.0934   -0.09343
  23.   427   D 1 ; D 1 - 2 S 3 ; D 1 S 2 ; D 1  END                                    0.0737   -0.07371
  24.   361   D 1 S 2 ; D 1 - 3 ; D 1 ; S 1  END                                        0.0737   -0.07371
  25.     1   D 1 - 2 S 3 ; D 1 - 2 ; D 1 ; S 1  END                                    0.0647    0.06474
  26.    41   D 1 - 2 ; D 1 S 2 ; D 1 S 2 ; D 1  END                                    0.0647    0.06474
  27.   192   D 1 - 2 S 3 - 4 ; D 1 S 3 ; S 1 ; D 1  END                                0.0638   -0.03436  0.05376
  28.    53   D 1 S 2 D 3 ; S 1 - 2 ; D 1 ; D 1 S 2  END                                0.0638   -0.02938  0.05663
  29.   370   D 1 S 2 ; D 1 S 2 - 3 ; D 1 ; D 1 S 2  END                                0.0600   -0.05725  0.01792
  30.    56   D 1 S 2 - 3 ; D 1 - 2 S 3 ; S 1 ; D 1  END                                0.0600    0.01311  0.05854
  31.   258   D 1 - 2 S 4 ; S 1 - 2 ; D 1 ; D 1 S 2  END                                0.0520    0.03907  0.03432
  32.    35   D 1 - 2 S 3 - 4 ; S 1 D 2 ; S 1 ; D 1  END                                0.0520   -0.04926 -0.01668
  33.    83   S 1 D 2 S 3 ; S 1 D 2 ; D 1 S 2 ; D 1  END                                0.0503   -0.04241 -0.02709
  34.   238   D 1 - 2 S 4 ; D 1 S 2 S 4 ; D 1 ; S 1  END                                0.0503   -0.04467 -0.02318
  35.    37   D 1 - 2 S 3 ; D 2 ; D 1 ; D 1 S 2  END                                    0.0474   -0.04741
  36.   240   D 1 - 2 D 4 ; D 1 S 2 ; S 1 ; D 1  END                                    0.0474   -0.04741
  37.   535   S 1 D 2 ; D 1 S 2 - 3 ; D 1 ; D 1 S 2  END                                0.0465   -0.00443  0.04626
  38.    57   D 1 S 2 - 3 ; D 1 - 2 S 4 ; S 1 ; D 1  END                                0.0465    0.03785 -0.02697
  39.   260   D 1 - 2 ; S 1 - 2 S 4 ; D 1 S 2 ; D 1  END                                0.0463   -0.01822 -0.04255
  40.    79   S 1 D 2 S 3 - 4 ; D 1 - 2 ; D 1 ; S 1  END                                0.0463   -0.04596  0.00550
  41.   243   D 1 - 2 ; D 1 S 2 D 4 ; S 1 ; D 1  END                                    0.0443   -0.04434
  42.    97   D 2 S 3 ; D 1 - 2 ; D 1 ; D 1 S 2  END                                    0.0443   -0.04434
  43.   188   D 1 - 2 S 3 ; D 1 S 3 - 4 ; D 1 ; S 1  END                                0.0441   -0.04369  0.00576
  44.    88   S 1 - 2 D 3 ; D 1 S 2 ; D 1 S 2 ; D 1  END                                0.0441   -0.01686 -0.04072
  45.   533   S 1 D 2 ; D 1 - 2 ; S 1 - 2 ; D 1 S 2  END                                0.0419    0.02070 -0.03647
  46.   233   D 1 - 2 ; D 1 - 2 S 4 ; S 1 ; S 1 - 2  END                                0.0419   -0.02124  0.03616
  47.    13   D 1 - 3 ; D 1 S 3 ; S 1 ; D 1  END                                        0.0410    0.04097
  48.    49   D 1 S 2 D 3 ; D 1 ; D 1 ; D 1 S 2  END                                    0.0410    0.04097
  49.   235   D 1 - 2 ; D 1 - 2 S 3 ; S 2 ; D 1  END                                    0.0398   -0.03985
  50.   365   D 1 S 2 ; D 1 - 2 ; D 1 ; S 1 D 2  END                                    0.0398   -0.03984
  51.   538   S 1 D 2 ; S 1 D 2 S 3 ; D 1 ; D 1 S 2  END                                0.0396    0.00442 -0.03937
  52.   367   D 1 S 2 S 4 ; D 1 - 2 S 4 ; S 1 ; D 1  END                                0.0396   -0.03188  0.02351
  53.   242   D 1 - 2 ; D 1 S 2 - 4 ; S 1 ; D 1  END                                    0.0392    0.03167 -0.02308
  54.    90   S 1 - 3 ; D 1 - 2 ; D 1 ; D 1 S 2  END                                    0.0392   -0.00415  0.03896
  55.    30   D 1 - 2 S 3 ; D 1 S 2 S 4 ; D 1 ; S 1  END                                0.0382   -0.03401  0.01743
  56.    82   S 1 D 2 S 3 ; D 1 S 2 ; D 1 S 2 ; D 1  END                                0.0382   -0.00191 -0.03817
  57.   500   S 1 D 2 S 3 ; D 1 S 2 ; D 1 S 2 ; S 1 - 2  END                            0.0379   -0.03148  0.00821 -0.00113 -0.01890
                                                                                                  0.00443
  58.   182   D 1 - 2 S 3 ; D 1 S 2 S 4 ; S 1 - 2 ; S 1  END                            0.0379    0.03148  0.00330  0.01226 -0.00551
                                                                                                 -0.01594
  59.   536   S 1 D 2 ; D 1 S 2 S 4 ; D 1 ; D 1 S 2  END                                0.0377    0.03731  0.00558
  60.    81   S 1 D 2 S 3 ; D 1 - 2 S 4 ; S 1 ; D 1  END                                0.0377   -0.02348 -0.02953
  61.   248   D 1 - 2 ; D 1 S 4 ; D 1 S 2 ; D 1  END                                    0.0354    0.03537
  62.     5   S 1 D 2 - 3 ; D 1 - 2 ; D 1 ; S 1  END                                    0.0354   -0.03537
  63.   212   D 1 - 2 S 3 ; S 1 - 2 ; S 1 - 2 ; D 1 S 2  END                            0.0354   -0.02257  0.00360 -0.01339  0.01085
                                                                                                  0.02075
  64.   180   D 1 - 2 S 3 - 4 ; D 1 S 2 ; S 1 ; S 1 - 2  END                            0.0354   -0.02257  0.01536  0.00406 -0.02018
                                                                                                  0.00899
  65.   372   D 1 S 2 S 4 ; S 1 D 2 ; D 1 S 2 ; D 1  END                                0.0353   -0.01471  0.03214
  66.   249   D 1 - 2 S 4 ; S 1 D 2 S 3 ; D 1 ; S 1  END                                0.0353   -0.02047  0.02881
  67.    31   D 1 - 2 S 3 - 4 ; D 1 S 2 ; S 1 ; D 1  END                                0.0353   -0.03405  0.00929
  68.    36   D 1 - 2 S 3 ; S 1 - 2 ; D 1 ; D 1 S 2  END                                0.0353    0.00898  0.03414
  69.    34   D 1 - 2 S 3 ; S 1 D 2 S 4 ; D 1 ; S 1  END                                0.0350   -0.03276 -0.01237
  70.   534   S 1 D 2 S 4 ; D 1 S 2 ; D 1 S 2 ; D 1  END                                0.0350   -0.02709 -0.02219
  71.    26   D 1 - 2 S 3 ; D 1 - 2 ; D 1 ; S 2  END                                    0.0349    0.03486
  72.   244   D 1 - 2 ; D 1 S 2 ; S 1 D 2 ; D 1  END                                    0.0349    0.03486
  73.  1027   D 1 - 2 ; S 1 - 3 ; D 1 S 2 ; S 1 - 2  END                                0.0344    0.00105 -0.01018  0.01641  0.00918
                                                                                                  0.02690
  74.   327   D 1 S 2 - 4 ; D 1 - 2 ; S 1 - 2 ; S 1  END                                0.0344    0.00105  0.02871 -0.01328 -0.00604
                                                                                                 -0.01199
  75.   259   D 1 - 2 ; S 1 - 3 ; D 1 S 2 ; D 1  END                                    0.0322   -0.03093 -0.00893
  76.    55   D 1 S 2 - 4 ; D 1 - 2 ; D 1 ; S 1  END                                    0.0322    0.02320  0.02232
  77.   508   S 1 D 2 S 3 ; D 1 S 3 ; D 1 S 2 ; D 1  END                                0.0321   -0.02922 -0.01325
  78.    47   D 1 S 2 D 3 ; D 1 S 2 S 4 ; D 1 ; S 1  END                                0.0321   -0.02609 -0.01868
  79.  1914   S 1 D 2 ; D 1 S 2 - 3 ; D 1 - 2 ; S 1  END                                0.0319    0.00968 -0.03044
  80.   326   D 1 S 2 - 3 ; D 1 - 2 S 4 ; D 1 S 2  END                                  0.0319   -0.02152  0.02361
  81.   347   D 1 S 2 - 3 ; S 1 D 2 ; D 1 S 2 ; S 1 - 2  END                            0.0315   -0.00169 -0.02277 -0.00557 -0.01889
                                                                                                  0.00913
  82.   972   D 1 - 2 S 4 ; D 1 S 2 - 3 ; S 1 - 2 ; S 1  END                            0.0315   -0.00169 -0.00944 -0.02658 -0.01327
                                                                                                 -0.00420
  83.   371   D 1 S 2 ; D 1 S 2 S 4 ; D 1 ; D 1 S 2  END                                0.0314   -0.00217 -0.03134
  84.    80   S 1 D 2 S 3 ; D 1 - 2 S 3 ; S 1 ; D 1  END                                0.0314   -0.02823  0.01380
  85.   214   D 1 - 2 S 3 ; S 1 S 3 ; D 1 ; D 1 S 2  END                                0.0313   -0.00420  0.03099
  86.    48   D 1 S 2 D 3 S 4 ; D 1 S 2 ; S 1 ; D 1  END                                0.0313   -0.02474  0.01913
  87.   355   D 1 S 2 - 3 ; S 1 - 3 ; D 1 S 2 ; D 1  END                                0.0310   -0.00121  0.00912 -0.02601 -0.01376
                                                                                                 -0.00339
  88.   333   D 1 S 2 - 4 ; D 1 S 2 - 3 ; D 1 ; S 1  END                                0.0310   -0.00734 -0.01315 -0.01065  0.00911
                                                                                                  0.02321
  89.   374   D 1 S 2 ; S 1 D 2 S 4 ; D 1 ; D 1 S 2  END                                0.0307   -0.01621  0.02607
  90.   531   S 1 D 2 S 4 ; D 1 - 2 S 3 ; S 1 ; D 1  END                                0.0307    0.01447 -0.02708
  91.   979   D 1 - 2 S 4 ; D 1 S 2 - 3 ; ; D 1 S 2  END                                0.0290    0.02689  0.01094
  92.   353   D 1 S 2 - 3 ; S 1 D 2 ; S 1 ; D 1 - 2  END                                0.0290   -0.02292 -0.01782
  93.   591   S 1 - 2 S 4 ; D 1 - 2 ; D 1 ; D 1 S 2  END                                0.0288   -0.01219 -0.02608
  94.   254   D 1 - 2 ; S 1 D 2 S 3 - 4 ; S 1 ; D 1  END                                0.0288   -0.02868  0.00248
  95.  2175   S 1 - 2 ; D 1 S 2 D 3 ; D 1 S 2 ; D 1  END                                0.0285    0.01730  0.02260
  96.   413   D 1 S 3 ; D 1 - 2 S 3 - 4 ; D 1 ; S 1  END                                0.0285    0.02822  0.00368
  97.  1923   S 1 D 2 ; D 1 S 2 - 3 ; S 1 - 2 ; D 1 S 2  END                            0.0283    0.01278 -0.01082  0.00410  0.00214
                                                                                                  0.02235
  98.   329   D 1 S 2 - 3 ; D 1 - 2 S 4 ; S 1 ; S 1 - 2  END                            0.0283   -0.01278 -0.01676  0.01378  0.01182
                                                                                                  0.00523
  99.   338   D 1 S 2 - 3 ; D 1 S 2 - 4 ; S 1 ; D 1  END                                0.0278   -0.00914  0.00279 -0.01940 -0.01193
                                                                                                 -0.01269
 100.   586   S 1 - 3 ; D 1 S 2 - 3 ; D 1 ; D 1 S 2  END                                0.0278    0.01147  0.02074  0.00487 -0.00546
                                                                                                 -0.01248




 POSITION OF FIRST SPIN COUPLING FOR TEN MOST IMPORTANT CONFIGURATIONS
      41      2     53    123     55     51    414      4     52     86



 ********************************
 RESULTS FOR ROOT   05
 TOTAL CI ENERGY =   -318.7826592
 ********************************

       CONF.                                                                           COEFF.
        NO.        SPACE ORBITAL PRODUCTS                                             CONTRIB.      CI COEFFICIENTS

       -----       ----------------------                                             --------   ---------------------
   1.    39   D 1 - 2 ; D 1 - 2 S 3 ; S 1 ; D 1  END                                    0.5696    0.56956
   2.    60   D 1 S 2 ; D 1 - 2 ; D 1 ; D 1 S 2  END                                    0.5696   -0.56955
   3.    42   D 1 - 2 ; S 1 D 2 ; D 1 S 2 ; D 1  END                                    0.2157    0.21568
   4.    38   D 1 - 2 S 4 ; D 1 - 2 ; D 1 ; S 1  END                                    0.2157   -0.21568
   5.    32   D 1 - 2 S 3 ; D 1 ; D 1 ; D 1 S 2  END                                    0.1741   -0.17410
   6.     2   D 1 - 3 ; D 1 S 2 ; S 1 ; D 1  END                                        0.1741    0.17409
   7.    58   D 1 S 2 - 3 ; D 1 S 2 ; D 1 S 2 ; D 1  END                                0.1184    0.06681 -0.09777
   8.    29   D 1 - 2 S 3 ; D 1 S 2 - 3 ; D 1 ; S 1  END                                0.1184   -0.05126  0.10675
   9.   370   D 1 S 2 ; D 1 S 2 - 3 ; D 1 ; D 1 S 2  END                                0.0819    0.06093 -0.05477
  10.    56   D 1 S 2 - 3 ; D 1 - 2 S 3 ; S 1 ; D 1  END                                0.0819   -0.01697  0.08015
  11.    84   S 1 D 2 ; D 1 - 2 ; D 1 ; D 1 S 2  END                                    0.0637   -0.06373
  12.    40   D 1 - 2 ; D 1 - 2 S 4 ; S 1 ; D 1  END                                    0.0637   -0.06372
  13.   242   D 1 - 2 ; D 1 S 2 - 4 ; S 1 ; D 1  END                                    0.0599    0.04142 -0.04327
  14.    90   S 1 - 3 ; D 1 - 2 ; D 1 ; D 1 S 2  END                                    0.0599    0.01676 -0.05750
  15.   328   D 1 S 2 - 3 ; D 1 - 2 S 3 ; S 1 ; S 1 - 2  END                            0.0516   -0.02161  0.02924 -0.00910 -0.00863
                                                                                                  0.03443
  16.  1364   D 1 S 2 ; D 1 S 2 - 3 ; S 1 - 2 ; D 1 S 2  END                            0.0516    0.02161 -0.02545  0.00644  0.00691
                                                                                                 -0.03821
  17.   371   D 1 S 2 ; D 1 S 2 S 4 ; D 1 ; D 1 S 2  END                                0.0510    0.02821  0.04245
  18.    80   S 1 D 2 S 3 ; D 1 - 2 S 3 ; S 1 ; D 1  END                                0.0510   -0.05087 -0.00320
  19.    27   D 1 - 2 S 3 ; D 1 - 2 ; S 1 - 2 ; S 1  END                                0.0479    0.00418  0.04776
  20.   239   D 1 - 2 ; D 1 S 2 ; D 1 S 2 ; S 1 - 2  END                                0.0479    0.04345 -0.02026
  21.   335   D 1 S 2 - 3 ; D 1 S 2 ; D 1 S 2 ; S 1 - 2  END                            0.0474   -0.04110  0.01563 -0.00845  0.00233
                                                                                                  0.01537
  22.   181   D 1 - 2 S 3 ; D 1 S 2 - 3 ; S 1 - 2 ; S 1  END                            0.0474    0.04109 -0.01279 -0.00397  0.00680
                                                                                                 -0.01821
  23.   427   D 1 ; D 1 - 2 S 3 ; D 1 S 2 ; D 1  END                                    0.0463    0.04634
  24.   361   D 1 S 2 ; D 1 - 3 ; D 1 ; S 1  END                                        0.0463   -0.04633
  25.    36   D 1 - 2 S 3 ; S 1 - 2 ; D 1 ; D 1 S 2  END                                0.0436   -0.03862 -0.02016
  26.    31   D 1 - 2 S 3 - 4 ; D 1 S 2 ; S 1 ; D 1  END                                0.0436   -0.03677 -0.02337
  27.   535   S 1 D 2 ; D 1 S 2 - 3 ; D 1 ; D 1 S 2  END                                0.0431    0.04297  0.00352
  28.    57   D 1 S 2 - 3 ; D 1 - 2 S 4 ; S 1 ; D 1  END                                0.0431   -0.02453 -0.03546
  29.   253   D 1 - 2 ; S 1 D 2 - 3 ; S 1 ; D 1  END                                    0.0418    0.04182
  30.   426   D 1 S 4 ; D 1 - 2 ; D 1 ; D 1 S 2  END                                    0.0418   -0.04182
  31.    26   D 1 - 2 S 3 ; D 1 - 2 ; D 1 ; S 2  END                                    0.0404   -0.04037
  32.   244   D 1 - 2 ; D 1 S 2 ; S 1 D 2 ; D 1  END                                    0.0404    0.04036
  33.   962   D 1 - 2 ; D 1 - 2 S 3 ; S 2 ; S 1 - 2  END                                0.0389    0.03176  0.02238
  34.  1342   D 1 S 2 ; D 1 - 2 ; S 1 - 2 ; S 1 D 2  END                                0.0389    0.03526  0.01632
  35.  1610   D 1 ; D 1 - 2 S 3 ; S 1 ; D 1 - 2  END                                    0.0369   -0.03693
  36.  1346   D 1 S 2 ; D 1 - 3 ; ; D 1 S 2  END                                        0.0369    0.03693
  37.     1   D 1 - 2 S 3 ; D 1 - 2 ; D 1 ; S 1  END                                    0.0364    0.03637
  38.    41   D 1 - 2 ; D 1 S 2 ; D 1 S 2 ; D 1  END                                    0.0364   -0.03637
  39.   259   D 1 - 2 ; S 1 - 3 ; D 1 S 2 ; D 1  END                                    0.0352   -0.01451 -0.03206
  40.    55   D 1 S 2 - 4 ; D 1 - 2 ; D 1 ; S 1  END                                    0.0352   -0.03502  0.00346
  41.   337   D 1 S 2 - 3 ; D 1 S 2 D 3 ; S 1 ; D 1  END                                0.0340   -0.01869 -0.02836
  42.   421   D 1 S 3 ; D 1 S 2 - 3 ; D 1 ; D 1 S 2  END                                0.0340   -0.03390 -0.00201
  43.   235   D 1 - 2 ; D 1 - 2 S 3 ; S 2 ; D 1  END                                    0.0340    0.03395
  44.   365   D 1 S 2 ; D 1 - 2 ; D 1 ; S 1 D 2  END                                    0.0340   -0.03395
  45.   251   D 1 - 2 ; S 1 D 2 ; D 1 S 2 ; S 1 - 2  END                                0.0338    0.03380  0.00114
  46.   231   D 1 - 2 S 4 ; D 1 - 2 ; S 1 - 2 ; S 1  END                                0.0338    0.01789  0.02870
  47.   530   S 1 D 2 ; D 1 - 2 ; D 1 ; S 1 D 2  END                                    0.0333   -0.03330
  48.   236   D 1 - 2 ; D 1 - 2 S 4 ; S 2 ; D 1  END                                    0.0333   -0.03330
  49.   416   D 1 S 3 ; D 1 - 2 ; D 1 ; S 1 D 2  END                                    0.0332    0.03323
  50.   981   D 1 - 2 ; D 1 S 2 D 3 ; S 2 ; D 1  END                                    0.0332   -0.03323
  51.   237   D 1 - 2 S 4 ; D 1 S 2 - 3 ; D 1 ; S 1  END                                0.0329   -0.02410 -0.02246
  52.    59   D 1 S 2 - 3 ; S 1 D 2 ; D 1 S 2 ; D 1  END                                0.0329   -0.03150 -0.00965
  53.    66   D 1 S 3 ; D 1 - 2 ; D 1 ; D 1 S 2  END                                    0.0309    0.03087
  54.   241   D 1 - 2 ; D 1 S 2 D 3 ; S 1 ; D 1  END                                    0.0309   -0.03087
  55.   331   D 1 S 2 - 3 ; D 1 - 2 S 3 ; S 2 ; D 1  END                                0.0299    0.02211 -0.02013
  56.  1356   D 1 S 2 ; D 1 S 2 - 3 ; D 1 ; S 1 D 2  END                                0.0299   -0.00638  0.02921
  57.  1349   D 1 S 2 ; D 1 - 2 ; D 2 ; D 1 S 2  END                                    0.0298    0.02976
  58.   954   D 1 - 2 ; D 1 - 2 S 3 ; S 1 ; D 2  END                                    0.0298   -0.02976
  59.     4   D 1 S 2 D 3 ; D 1 - 2 ; D 1 ; S 1  END                                    0.0296    0.02962
  60.   247   D 1 - 2 ; D 1 S 3 ; D 1 S 2 ; D 1  END                                    0.0296   -0.02962
  61.   419   D 1 S 3 ; D 1 - 2 ; S 1 - 2 ; D 1 S 2  END                                0.0294    0.00886 -0.02798
  62.   974   D 1 - 2 ; D 1 S 2 D 3 ; S 1 ; S 1 - 2  END                                0.0293   -0.01980  0.02166
  63.   258   D 1 - 2 S 4 ; S 1 - 2 ; D 1 ; D 1 S 2  END                                0.0292   -0.02886  0.00461
  64.    35   D 1 - 2 S 3 - 4 ; S 1 D 2 ; S 1 ; D 1  END                                0.0292   -0.01043 -0.02730
  65.  1387   D 1 S 2 ; S 1 D 2 S 3 ; S 1 - 2 ; D 1 S 2  END                            0.0290    0.01909 -0.00588 -0.00476 -0.00616
                                                                                                 -0.01958
  66.  1337   D 1 S 2 S 4 ; D 1 - 2 S 3 ; S 1 ; S 1 - 2  END                            0.0290   -0.01909  0.02088 -0.00250 -0.00390
                                                                                                  0.00457
  67.   341   D 1 S 2 - 3 ; D 1 S 2 ; S 1 ; D 1 - 2  END                                0.0289    0.02543  0.01366
  68.   184   D 1 - 2 S 3 ; D 1 S 2 - 3 ; ; D 1 S 2  END                                0.0289    0.02455  0.01520
  69.   366   D 1 S 2 S 4 ; D 1 - 2 S 3 ; S 1 ; D 1  END                                0.0284   -0.02251 -0.01730
  70.   373   D 1 S 2 ; S 1 D 2 S 3 ; D 1 ; D 1 S 2  END                                0.0284   -0.02624 -0.01084
  71.  1009   D 1 - 2 S 4 ; S 1 D 2 S 3 ; S 1 - 2 ; S 1  END                            0.0283    0.02354 -0.01451 -0.00286  0.00054
                                                                                                  0.00515
  72.  1375   D 1 S 2 S 4 ; S 1 D 2 ; D 1 S 2 ; S 1 - 2  END                            0.0283   -0.02354  0.00077  0.00739  0.01080
                                                                                                  0.00859
  73.   212   D 1 - 2 S 3 ; S 1 - 2 ; S 1 - 2 ; D 1 S 2  END                            0.0269   -0.01936 -0.01484 -0.00745 -0.00547
                                                                                                  0.00654
  74.   180   D 1 - 2 S 3 - 4 ; D 1 S 2 ; S 1 ; S 1 - 2  END                            0.0269    0.01936  0.00440  0.01150  0.01348
                                                                                                  0.00390
  75.    30   D 1 - 2 S 3 ; D 1 S 2 S 4 ; D 1 ; S 1  END                                0.0266   -0.00816  0.02528
  76.    82   S 1 D 2 S 3 ; D 1 S 2 ; D 1 S 2 ; D 1  END                                0.0266   -0.01781  0.01970
  77.    21   D 1 - 3 ; S 1 ; D 1 S 2 ; D 1  END                                        0.0265   -0.02654
  78.    12   D 1 - 3 S 4 ; D 1 ; D 1 ; S 1  END                                        0.0265    0.02654
  79.   362   D 1 S 2 ; D 1 - 2 S 3 - 4 ; D 1 ; S 1  END                                0.0254    0.02226  0.01216
  80.   592   S 1 - 2 ; D 1 - 2 S 3 ; D 1 S 2 ; D 1  END                                0.0254   -0.02166 -0.01320
  81.   354   D 1 S 2 - 4 ; S 1 - 2 ; D 1 ; D 1 S 2  END                                0.0253   -0.01427 -0.01471  0.00748  0.01284
                                                                                                 -0.00055
  82.   210   D 1 - 2 S 3 - 4 ; S 1 - 3 ; S 1 ; D 1  END                                0.0253    0.00120  0.00452  0.00373  0.01437
                                                                                                  0.01997
  83.    49   D 1 S 2 D 3 ; D 1 ; D 1 ; D 1 S 2  END                                    0.0252    0.02525
  84.    13   D 1 - 3 ; D 1 S 3 ; S 1 ; D 1  END                                        0.0252   -0.02525
  85.   953   D 1 - 2 ; D 1 - 2 S 3 ; S 1 D 2  END                                      0.0252   -0.02521
  86.  1335   D 1 S 2 ; D 1 - 2 ; D 1 - 2 ; S 2  END                                    0.0252    0.02521
  87.   233   D 1 - 2 ; D 1 - 2 S 4 ; S 1 ; S 1 - 2  END                                0.0241    0.00534  0.02355
  88.   533   S 1 D 2 ; D 1 - 2 ; S 1 - 2 ; D 1 S 2  END                                0.0241   -0.02306  0.00714
  89.   503   S 1 D 2 S 3 ; D 1 S 2 - 4 ; S 1 ; D 1  END                                0.0241    0.00193 -0.01288 -0.01709 -0.00558
                                                                                                 -0.00941
  90.   587   S 1 - 3 ; D 1 S 2 S 4 ; D 1 ; D 1 S 2  END                                0.0241    0.00998  0.01167  0.01292 -0.01318
                                                                                                  0.00219
  91.    62   D 1 D 3 ; D 1 - 2 S 3 ; S 1 ; D 1  END                                    0.0234   -0.02343
  92.  1369   D 1 S 2 ; D 1 D 3 ; D 1 ; D 1 S 2  END                                    0.0234    0.02343
  93.   333   D 1 S 2 - 4 ; D 1 S 2 - 3 ; D 1 ; S 1  END                                0.0232    0.01813  0.00570  0.00882  0.00018
                                                                                                 -0.00996
  94.   355   D 1 S 2 - 3 ; S 1 - 3 ; D 1 S 2 ; D 1  END                                0.0232   -0.00888 -0.00440 -0.01335 -0.01604
                                                                                                  0.00211
  95.   998   D 1 - 2 ; D 1 S 3 ; S 1 ; D 1 - 2  END                                    0.0219   -0.02185
  96.    45   D 1 S 2 D 3 ; D 1 - 2 ; ; D 1 S 2  END                                    0.0219    0.02185
  97.   369   D 1 S 2 S 4 ; D 1 S 2 ; D 1 S 2 ; D 1  END                                0.0211   -0.01708 -0.01246
  98.    33   D 1 - 2 S 3 ; S 1 D 2 S 3 ; D 1 ; S 1  END                                0.0211   -0.01934 -0.00856
  99.   234   D 1 - 2 S 4 ; D 1 - 2 ; ; D 1 S 2  END                                    0.0204   -0.02038
 100.   257   D 1 - 2 ; S 1 D 2 ; S 1 ; D 1 - 2  END                                    0.0204    0.02038




 POSITION OF FIRST SPIN COUPLING FOR TEN MOST IMPORTANT CONFIGURATIONS
      52     86     55     51     41      2     82     35    702     78



 ELAPSED TIME =       9.00 CPU SECONDS. (      9.00 WALL CLOCK SECONDS)
