 ************************************************************************
 * RTSIM - DAVIDSON METHOD SPARSE MATRIX EIGENVALUE/EIGENVECTOR PROGRAM *
 * QUANTUM CHEMISTRY GROUP - INDIANA UNIVERSITY - 11May 2016  14:33:25  *
 ************************************************************************



                 DIAGONALIZATION RUN TITLE
                 -------------------------
 )* WATER TEST *



 ) DAVIDSON
 ) LAST=5
 ) COEFF
 ) NOVLP
 ) MAXITR=1000 END

 THE CI MATRIX IS TITLED:  H2O  -SINGLET A1-  STO-3G HF SD-CI TEST
 THE MATRIX IS DATED:     11May 2016  14:33:23 
 THE SPIN MULTIPLICITY IS 1 AND THE DIMENSION IS  55104.

 ROOTS  1 THROUGH  5 WILL BE OBTAINED.

  
  
  
 AMOUNT OF CORE AVAILABLE                      80000000
 MAXIMUM NUMBER OF VECTORS PER ITERATION              5
 MAXIMUM NUMBER OF VECTORS ON DISK                   25
 NUMBER OF SOLUTIONS SOUGHT                           5
 NUMBER OF SOLUTIONS INVESTIGATED                     5
 SIZE OF MATRIX DIAGONALISED                      55104
  
  
 INITIAL GUESS AT ROOTS (OBTAINED FROM DIAGONAL ELEMENTS OF HAMILTONIAN MATRIX)

                1        -318.45280
               54        -318.45280
               51        -316.73748
               86        -316.73748
               55        -314.81605


 ITERATION       ROOT           EIGENVALUE          NORM OF RESIDUAL
     1             1          -320.03563483              5.02750
     1             2          -317.67305124              5.02867
     1             3          -316.70794971              4.93157
     1             4          -316.31852781              5.00930
     1             5          -314.46144446              5.35651
     2             1          -321.93182010              7.15917
     2             2          -319.37944118              6.74911
     2             3          -318.57187791              9.15513
     2             4          -318.02985096              9.53547
     2             5          -316.21551942             15.14746
     2             1          -321.93182010              2.59813
     2             2          -319.37944118              2.63177
     2             3          -318.57187791              3.11395
     2             4          -318.02985096              3.05553
     2             5          -316.21551942              4.40837
     3             1          -322.26182856              4.03281
     3             2          -319.70595894              4.09159
     3             3          -319.27297442             10.18229
     3             4          -318.55608040              8.34009
     3             5          -317.72618639             11.70102
     3             1          -322.26182856              1.25754
     3             2          -319.70595894              1.26654
     3             3          -319.27297442              2.30145
     3             4          -318.55608040              1.60242
     3             5          -317.72618639              2.77867
     4             1          -322.32710711              2.16430
     4             2          -319.77331931              2.40243
     4             3          -319.64429541              8.49307
     4             4          -318.67029718              3.85946
     4             5          -318.27819851             10.07994
     4             1          -322.32710711              0.59532
     4             2          -319.77331931              0.64618
     4             3          -319.64429541              1.90249
     4             4          -318.67029718              0.92014
     4             5          -318.27819851              2.10747
     5             1          -322.33945921              1.04865
     5             2          -319.84717485           2083.33751
     5             3          -319.79022066           2133.50222
     5             4          -318.74208345             27.98293
     5             5          -318.65295092             31.27612
  truncating with vlp=false 
 TRUNCATION TO 1 VECTOR PER ROOT HAS BEEN PERFORMED
     5             1          -322.33945921              0.27930
     5             2          -319.84717485              1.29305
     5             3          -319.79022066              0.34835
     5             4          -318.74208345              1.52017
     5             5          -318.65295092              1.69295
     6             1          -322.34145766              0.31403
     6             2          -319.89841622              1.92173
     6             3          -319.79383381              0.51292
     6             4          -318.89342619             26.61990
     6             5          -318.70095425             26.38068
     6             1          -322.34145766              0.13562
     6             2          -319.89841622              0.70164
     6             3          -319.79383381              0.19021
     6             4          -318.89342619              1.31558
     6             5          -318.70095425              0.44106
     7             1          -322.34214936              0.30870
     7             2          -319.92408610              2.61273
     7             3          -319.79567834              0.69810
     7             4          -319.06279668             11.24662
     7             5          -318.71138323              5.76849
     7             1          -322.34214936              0.06923
     7             2          -319.92408610              0.46959
     7             3          -319.79567834              0.13152
     7             4          -319.06279668              1.42742
     7             5          -318.71138323              0.30506
     8             1          -322.34230781              0.16569
     8             2          -319.93586037              2.30331
     8             3          -319.79643665              0.54609
     8             4          -319.18544036              9.70423
     8             5          -318.71571635              2.04503
     8             1          -322.34230781              0.03704
     8             2          -319.93586037              0.30654
     8             3          -319.79643665              0.07586
     8             4          -319.18544036              1.03882
     8             5          -318.71571635              0.25504
     9             1          -322.34234441              0.08990
     9             2          -319.93984457              1.59917
     9             3          -319.79663595              0.30442
     9             4          -319.24053519              7.55261
     9             5          -318.71845998              1.66112
  truncating with vlp=false 
 TRUNCATION TO 1 VECTOR PER ROOT HAS BEEN PERFORMED
     9             1          -322.34234441              0.01852
     9             2          -319.93984457              0.16702
     9             3          -319.79663595              0.03878
     9             4          -319.24053519              0.60385
     9             5          -318.71845998              0.16026
    10             1          -322.34235138              0.01869
    10             2          -319.94051491              0.22638
    10             3          -319.79667285              0.05038
    10             4          -319.25140694              1.10355
    10             5          -318.71912666              0.30360
    10             1          -322.34235138              0.00958
    10             2          -319.94051491              0.09026
    10             3          -319.79667285              0.02359
    10             4          -319.25140694              0.30629
    10             5          -318.71912666              0.09334
    11             1          -322.34235439              0.03092
    11             2          -319.94085661              0.44637
    11             3          -319.79669748              0.11427
    11             4          -319.25681644              1.92524
    11             5          -318.71950201              0.49295
    11             1          -322.34235439              0.00574
    11             2          -319.94085661              0.06199
    11             3          -319.79669748              0.01717
    11             4          -319.25681644              0.23949
    11             5          -318.71950201              0.08250
    12             1          -322.34235568              0.02907
    12             2          -319.94104522              0.48280
    12             3          -319.79670674              0.08565
    12             4          -319.25983391              2.08670
    12             5          -318.71984533              0.67933
    12             1          -322.34235568              0.00343
    12             2          -319.94104522              0.04776
    12             3          -319.79670674              0.00904
    12             4          -319.25983391              0.20391
    12             5          -318.71984533              0.06578
    13             1          -322.34235604              0.01487
    13             2          -319.94112911              0.33211
    13             3          -319.79670941              0.04736
    13             4          -319.26177863              1.96832
    13             5          -318.72003103              0.60092
  truncating with vlp=false 
 TRUNCATION TO 1 VECTOR PER ROOT HAS BEEN PERFORMED
    13             1          -322.34235604              0.00204
    13             2          -319.94112911              0.03265
    13             3          -319.79670941              0.00536
    13             4          -319.26177863              0.16096
    13             5          -318.72003103              0.05623
    14             1          -322.34235613              0.00207
    14             2          -319.94115489              0.03987
    14             3          -319.79671021              0.00747
    14             4          -319.26253030              0.25670
    14             5          -318.72009855              0.08131
    14             1          -322.34235613              0.00105
    14             2          -319.94115489              0.01856
    14             3          -319.79671021              0.00325
    14             4          -319.26253030              0.09130
    14             5          -318.72009855              0.03535
    15             1          -322.34235616              0.00247
    15             2          -319.94116687              0.05699
    15             3          -319.79671069              0.01418
    15             4          -319.26293468              0.39499
    15             5          -318.72015521              0.15342
    15             1          -322.34235616              0.00053
    15             2          -319.94116687              0.01123
    15             3          -319.79671069              0.00247
    15             4          -319.26293468              0.07425
    15             5          -318.72015521              0.02842
    16             1          -322.34235617              0.00203
    16             2          -319.94117226              0.06353
    16             3          -319.79671089              0.01287
    16             4          -319.26320596              0.55849
    16             5          -318.72018688              0.18605
    16             1          -322.34235617              0.00031
    16             2          -319.94117226              0.00758
    16             3          -319.79671089              0.00130
    16             4          -319.26320596              0.05438
    16             5          -318.72018688              0.02115
    17             1          -322.34235617              0.00142
    17             2          -319.94117485              0.06087
    17             3          -319.79671095              0.00743
    17             4          -319.26337137              0.60139
    17             5          -318.72021056              0.22055
  truncating with vlp=false 
 TRUNCATION TO 1 VECTOR PER ROOT HAS BEEN PERFORMED
    17             1          -322.34235617              0.00022
    17             2          -319.94117485              0.00658
    17             3          -319.79671095              0.00094
    17             4          -319.26337137              0.05171
    17             5          -318.72021056              0.02200
    18             1          -322.34235617              0.00021
    18             2          -319.94117596              0.00858
    18             3          -319.79671097              0.00110
    18             4          -319.26344332              0.06945
    18             5          -318.72022380              0.03725
    18             1          -322.34235617              0.00012
    18             2          -319.94117596              0.00367
    18             3          -319.79671097              0.00056
    18             4          -319.26344332              0.02917
    18             5          -318.72022380              0.01280
    19             1          -322.34235618              0.00040
    19             2          -319.94117663              0.02057
    19             3          -319.79671099              0.00288
    19             4          -319.26349261              0.18373
    19             5          -318.72023126              0.08122
    19             1          -322.34235618              0.00007
    19             2          -319.94117663              0.00301
    19             3          -319.79671099              0.00042
    19             4          -319.26349261              0.02733
    19             5          -318.72023126              0.01237
     ROOT    ITERATION     NUMBER OF PRODUCTS       EIGENVALUE
       1        19                90                -322.3423561753


    20             2          -319.94117703              0.02081
    20             3          -319.79671099              0.00216
    20             4          -319.26352861              0.21754
    20             5          -318.72023937              0.10079
    20             2          -319.94117703              0.00234
    20             3          -319.79671099              0.00025
    20             4          -319.26352861              0.02300
    20             5          -318.72023937              0.01021
    21             2          -319.94117723              0.01662
    21             3          -319.79671099              0.00168
    21             4          -319.26355272              0.22757
    21             5          -318.72024357              0.09539
  truncating with vlp=false 
 TRUNCATION TO 1 VECTOR PER ROOT HAS BEEN PERFORMED
    21             2          -319.94117723              0.00177
    21             3          -319.79671099              0.00019
    21             4          -319.26355272              0.02083
    21             5          -318.72024357              0.01174
    22             2          -319.94117731              0.00182
    22             3          -319.79671100              0.00020
    22             4          -319.26356404              0.02290
    22             5          -318.72024641              0.01395
    22             2          -319.94117731              0.00104
    22             3          -319.79671100              0.00010
    22             4          -319.26356404              0.01182
    22             5          -318.72024641              0.00710
    23             2          -319.94117735              0.00338
    23             3          -319.79671100              0.00043
    23             4          -319.26357046              0.04709
    23             5          -318.72024900              0.03064
    23             2          -319.94117735              0.00070
    23             3          -319.79671100              0.00008
    23             4          -319.26357046              0.00926
    23             5          -318.72024900              0.00600
     ROOT    ITERATION     NUMBER OF PRODUCTS       EIGENVALUE
       3        23               106                -319.7967109961


    24             2          -319.94117737              0.00371
    24             4          -319.26357441              0.06173
    24             5          -318.72025064              0.04011
    24             2          -319.94117737              0.00044
    24             4          -319.26357441              0.00641
    24             5          -318.72025064              0.00528
    25             2          -319.94117738              0.00306
    25             4          -319.26357660              0.05640
    25             5          -318.72025215              0.06036
    25             2          -319.94117738              0.00041
    25             4          -319.26357660              0.00676
    25             5          -318.72025215              0.00600
    26             2          -319.94117739              0.00454
    26             4          -319.26357965              0.11048
    26             5          -318.72025350              0.06712
    26             2          -319.94117739              0.00020
    26             4          -319.26357965              0.00427
    26             5          -318.72025350              0.00280
    27             2          -319.94117739              0.00098
    27             4          -319.26358028              0.02852
    27             5          -318.72025372              0.01747
  truncating with vlp=false 
 TRUNCATION TO 1 VECTOR PER ROOT HAS BEEN PERFORMED
    27             2          -319.94117739              0.00012
    27             4          -319.26358028              0.00281
    27             5          -318.72025372              0.00168
    28             2          -319.94117739              0.00012
    28             4          -319.26358047              0.00302
    28             5          -318.72025378              0.00162
    28             2          -319.94117739              0.00007
    28             4          -319.26358047              0.00179
    28             5          -318.72025378              0.00095
     ROOT    ITERATION     NUMBER OF PRODUCTS       EIGENVALUE
       2        28               121                -319.9411773895


    29             4          -319.26358060              0.00802
    29             5          -318.72025382              0.00357
    29             4          -319.26358060              0.00107
    29             5          -318.72025382              0.00054
    30             4          -319.26358063              0.00360
    30             5          -318.72025383              0.00272
    30             4          -319.26358063              0.00061
    30             5          -318.72025383              0.00039
    31             4          -319.26358065              0.00347
    31             5          -318.72025383              0.00199
    31             4          -319.26358065              0.00047
    31             5          -318.72025383              0.00029
    32             4          -319.26358065              0.00302
    32             5          -318.72025383              0.00188
    32             4          -319.26358065              0.00030
    32             5          -318.72025383              0.00027
    33             4          -319.26358066              0.00221
    33             5          -318.72025384              0.00204
    33             4          -319.26358066              0.00028
    33             5          -318.72025384              0.00021
    34             4          -319.26358066              0.00400
    34             5          -318.72025384              0.00296
    34             4          -319.26358066              0.00023
    34             5          -318.72025384              0.00022
    35             4          -319.26358067              0.00161
    35             5          -318.72025384              0.00292
    35             4          -319.26358067              0.00013
    35             5          -318.72025384              0.00017
    36             4          -319.26358067              0.00084
    36             5          -318.72025384              0.00152
  truncating with vlp=false 
 TRUNCATION TO 1 VECTOR PER ROOT HAS BEEN PERFORMED
    36             4          -319.26358067              0.00008
    36             5          -318.72025384              0.00010
     ROOT    ITERATION     NUMBER OF PRODUCTS       EIGENVALUE
       4        36               137                -319.2635806662


    37             5          -318.72025384              0.00009
  all roots converged 
  

 ************************************
 COMPLETED CI VECTOR OPTIMISATION
 ************************************





 ********************************
 RESULTS FOR ROOT   01
 TOTAL CI ENERGY =   -322.3423562
 ********************************

       CONF.                                                                           COEFF.
        NO.        SPACE ORBITAL PRODUCTS                                             CONTRIB.      CI COEFFICIENTS

       -----       ----------------------                                             --------   ---------------------
   1.    41   D 1 - 2 ; D 1 S 2 ; D 1 ; D 1 S 2  END                                    0.5506   -0.55063
   2.     1   D 1 - 2 S 3 ; D 1 - 2 ; S 1 ; D 1  END                                    0.5506   -0.55063
   3.    38   D 1 - 2 ; D 1 - 2 S 3 ; D 1 ; S 1  END                                    0.3047    0.30467
   4.    60   D 1 S 2 ; D 1 - 2 ; D 1 S 2 ; D 1  END                                    0.3047    0.30466
   5.    29   D 1 - 2 S 3 - 4 ; D 1 S 2 ; D 1 ; S 1  END                                0.0815    0.01334 -0.08042
   6.    36   D 1 - 2 S 3 ; S 1 - 2 ; D 1 S 2 ; D 1  END                                0.0815    0.06298 -0.05177
   7.     2   D 1 - 3 ; D 1 S 2 ; D 1 ; S 1  END                                        0.0749   -0.07494
   8.    32   D 1 - 2 S 3 ; D 1 ; D 1 S 2 ; D 1  END                                    0.0749   -0.07494
   9.    82   S 1 D 2 S 3 ; D 1 S 2 ; D 1 ; D 1 S 2  END                                0.0745    0.05001  0.05515
  10.    31   D 1 - 2 S 3 ; D 1 S 2 S 4 ; S 1 ; D 1  END                                0.0745    0.07277  0.01573
  11.   257   D 1 - 2 ; S 1 D 2 ; S 1 - 2 ; D 1 S 2  END                                0.0634   -0.00811  0.06286
  12.   231   D 1 - 2 S 4 ; D 1 - 2 ; S 1 ; S 1 - 2  END                                0.0634   -0.05038  0.03846
  13.    34   D 1 - 2 S 3 ; S 1 D 2 S 3 ; S 1 ; D 1  END                                0.0613   -0.05373 -0.02949
  14.   369   D 1 S 2 S 4 ; D 1 S 2 ; D 1 ; D 1 S 2  END                                0.0613    0.05240  0.03178
  15.   259   D 1 - 2 ; S 1 - 3 ; D 1 ; D 1 S 2  END                                    0.0612    0.01070 -0.06027
  16.    57   D 1 S 2 - 4 ; D 1 - 2 ; S 1 ; D 1  END                                    0.0612    0.04685 -0.03940
  17.   181   D 1 - 2 S 3 ; D 1 S 2 - 3 ; S 1 ; S 1 - 2  END                            0.0607    0.04456 -0.00635  0.01786 -0.02269
                                                                                                  0.02878
  18.   341   D 1 S 2 - 3 ; D 1 S 2 ; S 1 - 2 ; D 1 S 2  END                            0.0607    0.04456  0.01791 -0.03670  0.00385
                                                                                                  0.00453
  19.   243   D 1 - 2 S 4 ; D 1 S 2 - 3 ; S 1 ; D 1  END                                0.0580   -0.05402 -0.02109
  20.    59   D 1 S 2 - 3 ; S 1 D 2 ; D 1 ; D 1 S 2  END                                0.0580    0.04527  0.03624
  21.     3   D 1 - 3 ; S 1 D 2 ; D 1 ; S 1  END                                        0.0540    0.05401
  22.   246   D 1 - 2 S 4 ; D 1 ; D 1 S 2 ; D 1  END                                    0.0540    0.05401
  23.   254   D 1 - 2 ; S 1 D 2 ; D 1 ; S 1 D 2  END                                    0.0498   -0.04980
  24.   234   D 1 - 2 S 4 ; D 1 - 2 ; S 2 ; D 1  END                                    0.0498   -0.04980
  25.   328   D 1 S 2 - 3 ; D 1 - 2 S 3 ; S 1 - 2 ; S 1  END                            0.0492   -0.03696  0.00135  0.01771 -0.01564
                                                                                                 -0.02217
  26.  1355   D 1 S 2 ; D 1 S 2 - 3 ; D 1 S 2 ; S 1 - 2  END                            0.0492   -0.03696 -0.01539 -0.00597  0.02738
                                                                                                 -0.00542
  27.   371   D 1 S 2 ; D 1 S 2 S 4 ; D 1 S 2 ; D 1  END                                0.0481    0.01308 -0.04628
  28.    79   S 1 D 2 S 3 ; D 1 - 2 S 3 ; D 1 ; S 1  END                                0.0481   -0.03354  0.03446
  29.    56   D 1 S 2 - 3 ; D 1 - 2 S 4 ; D 1 ; S 1  END                                0.0466    0.03408 -0.03180
  30.   535   S 1 D 2 ; D 1 S 2 - 3 ; D 1 S 2 ; D 1  END                                0.0466   -0.01050  0.04542
  31.   527   S 1 D 2 ; D 1 - 2 ; D 1 S 2 ; S 1 - 2  END                                0.0461    0.03943  0.02382
  32.   233   D 1 - 2 ; D 1 - 2 S 4 ; S 1 - 2 ; S 1  END                                0.0461    0.04034  0.02224
  33.   248   D 1 - 2 ; D 1 S 4 ; D 1 ; D 1 S 2  END                                    0.0450    0.04498
  34.     5   S 1 D 2 - 3 ; D 1 - 2 ; S 1 ; D 1  END                                    0.0450   -0.04498
  35.   239   D 1 - 2 ; D 1 S 2 - 4 ; D 1 ; S 1  END                                    0.0413    0.03730 -0.01769
  36.    90   S 1 - 3 ; D 1 - 2 ; D 1 S 2 ; D 1  END                                    0.0413    0.00333  0.04115
  37.   533   S 1 D 2 ; D 1 - 2 ; S 1 ; D 1 - 2  END                                    0.0409    0.04086
  38.   236   D 1 - 2 ; D 1 - 2 S 4 ; ; D 1 S 2  END                                    0.0409   -0.04086
  39.   360   D 1 S 2 S 4 ; D 1 - 2 S 3 ; D 1 ; S 1  END                                0.0396   -0.03123  0.02439
  40.   373   D 1 S 2 ; S 1 D 2 S 3 ; D 1 S 2 ; D 1  END                                0.0396   -0.00550  0.03924
  41.   977   D 1 - 2 ; D 1 S 2 ; S 1 - 2 ; S 1 D 2  END                                0.0393    0.03465  0.01862
  42.   176   D 1 - 2 S 3 ; D 1 - 2 ; S 2 ; S 1 - 2  END                                0.0393   -0.03345 -0.02070
  43.   592   S 1 - 2 ; D 1 - 2 S 3 ; D 1 ; D 1 S 2  END                                0.0366    0.00269 -0.03654
  44.   365   D 1 S 2 ; D 1 - 2 S 3 - 4 ; S 1 ; D 1  END                                0.0366   -0.03030  0.02060
  45.   230   D 1 - 2 ; D 1 - 2 S 4 ; D 1 ; S 2  END                                    0.0363   -0.03627
  46.   532   S 1 D 2 ; D 1 - 2 ; S 1 D 2 ; D 1  END                                    0.0363    0.03627
  47.   343   D 1 S 2 - 3 ; D 1 S 3 ; D 1 ; D 1 S 2  END                                0.0360    0.02440 -0.02651
  48.    47   D 1 S 2 D 3 ; D 1 S 2 - 3 ; S 1 ; D 1  END                                0.0360    0.01075 -0.03439
  49.    84   S 1 D 2 ; D 1 - 2 ; D 1 S 2 ; D 1  END                                    0.0348   -0.03479
  50.    39   D 1 - 2 ; D 1 - 2 S 4 ; D 1 ; S 1  END                                    0.0348    0.03479
  51.    27   D 1 - 2 S 3 ; D 1 - 2 ; S 1 ; S 1 - 2  END                                0.0336    0.03350 -0.00248
  52.   245   D 1 - 2 ; D 1 S 2 ; S 1 - 2 ; D 1 S 2  END                                0.0336   -0.01460 -0.03025
  53.    28   D 1 - 2 S 3 ; D 1 - 2 ; S 2 ; D 1  END                                    0.0331    0.03310
  54.   242   D 1 - 2 ; D 1 S 2 ; D 1 ; S 1 D 2  END                                    0.0331    0.03310
  55.   984   D 1 - 2 ; D 1 S 2 ; D 2 ; D 1 S 2  END                                    0.0320    0.03200
  56.   173   D 1 - 2 S 3 ; D 1 - 2 ; S 1 ; D 2  END                                    0.0320    0.03200
  57.   193   D 1 - 2 S 3 ; D 1 ; S 1 D 2 ; D 1  END                                    0.0304    0.03040
  58.     9   D 1 - 3 ; D 1 S 2 ; D 1 ; S 2  END                                        0.0304    0.03040
  59.   991   D 1 - 2 ; D 1 S 3 ; D 1 ; S 1 D 2  END                                    0.0303    0.03028
  60.    45   D 1 S 2 D 3 ; D 1 - 2 ; S 2 ; D 1  END                                    0.0303    0.03028
  61.    49   D 1 S 2 D 3 ; D 1 ; D 1 S 2 ; D 1  END                                    0.0299   -0.02994
  62.    12   D 1 - 3 ; D 1 S 3 ; D 1 ; S 1  END                                        0.0299   -0.02994
  63.   194   D 1 - 2 S 3 ; D 1 ; S 1 ; D 1 - 2  END                                    0.0297   -0.02966
  64.    11   D 1 - 3 ; D 1 S 2 ; ; D 1 S 2  END                                        0.0297   -0.02966
  65.   228   D 1 - 2 S 4 ; D 1 - 2 ; D 1 S 2  END                                      0.0291   -0.02911
  66.   253   D 1 - 2 ; S 1 D 2 ; D 1 - 2 ; S 1  END                                    0.0291   -0.02911
  67.    58   D 1 S 2 - 3 ; D 1 S 2 ; D 1 ; D 1 S 2  END                                0.0273    0.02244 -0.01551
  68.    30   D 1 - 2 S 3 ; D 1 S 2 - 3 ; S 1 ; D 1  END                                0.0273    0.00221 -0.02719
  69.   250   D 1 - 2 ; S 1 D 2 - 3 ; D 1 ; S 1  END                                    0.0265    0.02646
  70.   426   D 1 S 4 ; D 1 - 2 ; D 1 S 2 ; D 1  END                                    0.0265    0.02646
  71.    64   D 1 D 3 ; D 1 S 2 ; D 1 ; D 1 S 2  END                                    0.0264    0.02644
  72.   190   D 1 - 2 S 3 ; D 1 D 3 ; S 1 ; D 1  END                                    0.0264    0.02644
  73.   973   D 1 - 2 S 4 ; D 1 S 2 S 4 ; S 1 ; S 1 - 2  END                            0.0255    0.00259  0.01835  0.01083 -0.01271
                                                                                                 -0.00522
  74.   518   S 1 D 2 S 3 ; S 1 D 2 ; S 1 - 2 ; D 1 S 2  END                            0.0255   -0.00259  0.00014  0.00203 -0.02151
                                                                                                 -0.01327
  75.   529   S 1 D 2 ; D 1 - 3 ; S 1 ; D 1  END                                        0.0254   -0.02537
  76.   428   D 1 ; D 1 - 2 S 4 ; D 1 ; D 1 S 2  END                                    0.0254    0.02537
  77.   970   D 1 - 2 ; D 1 S 2 ; D 1 - 2 ; S 2  END                                    0.0251    0.02512
  78.   172   D 1 - 2 S 3 ; D 1 - 2 ; S 1 D 2  END                                      0.0251    0.02512
  79.   238   D 1 - 2 ; D 1 S 2 D 3 ; D 1 ; S 1  END                                    0.0243    0.02435
  80.    66   D 1 S 3 ; D 1 - 2 ; D 1 S 2 ; D 1  END                                    0.0243    0.02435
  81.   520   S 1 D 2 S 3 ; S 1 - 3 ; D 1 ; D 1 S 2  END                                0.0239   -0.00055 -0.01591 -0.01553 -0.00695
                                                                                                 -0.00526
  82.   340   D 1 S 2 - 4 ; D 1 S 2 S 4 ; S 1 ; D 1  END                                0.0239    0.01336  0.00860  0.01452 -0.00975
                                                                                                  0.00351
  83.   953   D 1 - 2 ; D 1 - 2 S 3 ; S 1 - 2 ; S 2  END                                0.0232    0.00093 -0.02318
  84.  1342   D 1 S 2 ; D 1 - 2 ; S 1 D 2 ; S 1 - 2  END                                0.0232    0.01961 -0.01239
  85.    55   D 1 S 2 - 3 ; D 1 - 2 S 3 ; D 1 ; S 1  END                                0.0223   -0.02204 -0.00344
  86.   370   D 1 S 2 ; D 1 S 2 - 3 ; D 1 S 2 ; D 1  END                                0.0223    0.01399  0.01737
  87.   427   D 1 ; D 1 - 2 S 3 ; D 1 ; D 1 S 2  END                                    0.0215   -0.02148
  88.   364   D 1 S 2 ; D 1 - 3 ; S 1 ; D 1  END                                        0.0215   -0.02148
  89.     4   D 1 S 2 D 3 ; D 1 - 2 ; S 1 ; D 1  END                                    0.0206   -0.02063
  90.   247   D 1 - 2 ; D 1 S 3 ; D 1 ; D 1 S 2  END                                    0.0206   -0.02063
  91.  1616   D 1 ; D 1 S 2 D 3 ; D 1 ; D 1 S 2  END                                    0.0203    0.02034
  92.   415   D 1 S 3 ; D 1 - 3 ; S 1 ; D 1  END                                        0.0203    0.02034
  93.   198   D 1 - 2 S 3 - 4 ; S 1 D 2 ; S 1 - 2 ; S 1  END                            0.0203   -0.01663 -0.00717 -0.00555 -0.00467
                                                                                                  0.00576
  94.  1024   D 1 - 2 S 4 ; S 1 - 2 ; D 1 S 2 ; S 1 - 2  END                            0.0203   -0.01663 -0.00190 -0.00771 -0.00859
                                                                                                  0.00049
  95.   362   D 1 S 2 ; D 1 - 2 ; D 1 S 2 ; S 1 - 2  END                                0.0203    0.02030 -0.00017
  96.   232   D 1 - 2 ; D 1 - 2 S 3 ; S 1 - 2 ; S 1  END                                0.0203   -0.01001 -0.01767
  97.    80   S 1 D 2 S 3 ; D 1 - 2 S 4 ; D 1 ; S 1  END                                0.0202   -0.00979  0.01763
  98.   536   S 1 D 2 ; D 1 S 2 S 4 ; D 1 S 2 ; D 1  END                                0.0202   -0.01037  0.01730
  99.   334   D 1 S 2 - 3 ; D 1 S 2 D 3 ; D 1 ; S 1  END                                0.0194   -0.01386 -0.01355
 100.   421   D 1 S 3 ; D 1 S 2 - 3 ; D 1 S 2 ; D 1  END                                0.0194    0.01866  0.00522




 POSITION OF FIRST SPIN COUPLING FOR TEN MOST IMPORTANT CONFIGURATIONS
      54      1     51     86     35     48      2     41    119     39



 ********************************
 RESULTS FOR ROOT   02
 TOTAL CI ENERGY =   -319.9411774
 ********************************

       CONF.                                                                           COEFF.
        NO.        SPACE ORBITAL PRODUCTS                                             CONTRIB.      CI COEFFICIENTS

       -----       ----------------------                                             --------   ---------------------
   1.    60   D 1 S 2 ; D 1 - 2 ; D 1 S 2 ; D 1  END                                    0.3572    0.35721
   2.    38   D 1 - 2 ; D 1 - 2 S 3 ; D 1 ; S 1  END                                    0.3572    0.35721
   3.    40   D 1 - 2 S 4 ; D 1 - 2 ; S 1 ; D 1  END                                    0.2932   -0.29319
   4.    42   D 1 - 2 ; S 1 D 2 ; D 1 ; D 1 S 2  END                                    0.2932   -0.29319
   5.    27   D 1 - 2 S 3 ; D 1 - 2 ; S 1 ; S 1 - 2  END                                0.1808   -0.17064  0.05989
   6.   245   D 1 - 2 ; D 1 S 2 ; S 1 - 2 ; D 1 S 2  END                                0.1808    0.03346  0.17772
   7.     2   D 1 - 3 ; D 1 S 2 ; D 1 ; S 1  END                                        0.1742    0.17424
   8.    32   D 1 - 2 S 3 ; D 1 ; D 1 S 2 ; D 1  END                                    0.1742    0.17424
   9.    28   D 1 - 2 S 3 ; D 1 - 2 ; S 2 ; D 1  END                                    0.1695   -0.16948
  10.   242   D 1 - 2 ; D 1 S 2 ; D 1 ; S 1 D 2  END                                    0.1695   -0.16948
  11.     1   D 1 - 2 S 3 ; D 1 - 2 ; S 1 ; D 1  END                                    0.1580    0.15803
  12.    41   D 1 - 2 ; D 1 S 2 ; D 1 ; D 1 S 2  END                                    0.1580    0.15803
  13.    39   D 1 - 2 ; D 1 - 2 S 4 ; D 1 ; S 1  END                                    0.1545   -0.15454
  14.    84   S 1 D 2 ; D 1 - 2 ; D 1 S 2 ; D 1  END                                    0.1545    0.15453
  15.   232   D 1 - 2 ; D 1 - 2 S 3 ; S 1 - 2 ; S 1  END                                0.1128   -0.09834 -0.05532
  16.   362   D 1 S 2 ; D 1 - 2 ; D 1 S 2 ; S 1 - 2  END                                0.1128    0.09708  0.05750
  17.   247   D 1 - 2 ; D 1 S 3 ; D 1 ; D 1 S 2  END                                    0.0997    0.09968
  18.     4   D 1 S 2 D 3 ; D 1 - 2 ; S 1 ; D 1  END                                    0.0997    0.09968
  19.    58   D 1 S 2 - 3 ; D 1 S 2 ; D 1 ; D 1 S 2  END                                0.0948   -0.06336  0.07049
  20.    30   D 1 - 2 S 3 ; D 1 S 2 - 3 ; S 1 ; D 1  END                                0.0948   -0.02936  0.09012
  21.   367   D 1 S 2 ; D 1 - 2 ; S 1 D 2 ; D 1  END                                    0.0944    0.09441
  22.   229   D 1 - 2 ; D 1 - 2 S 3 ; D 1 ; S 2  END                                    0.0944    0.09441
  23.   241   D 1 - 2 ; D 1 S 2 ; D 1 - 2 ; S 1  END                                    0.0805   -0.08053
  24.    26   D 1 - 2 S 3 ; D 1 - 2 ; D 1 S 2  END                                      0.0805   -0.08053
  25.    82   S 1 D 2 S 3 ; D 1 S 2 ; D 1 ; D 1 S 2  END                                0.0636   -0.01082 -0.06269
  26.    31   D 1 - 2 S 3 ; D 1 S 2 S 4 ; S 1 ; D 1  END                                0.0636   -0.05970  0.02198
  27.    36   D 1 - 2 S 3 ; S 1 - 2 ; D 1 S 2 ; D 1  END                                0.0615   -0.01727  0.05901
  28.    29   D 1 - 2 S 3 - 4 ; D 1 S 2 ; D 1 ; S 1  END                                0.0615   -0.04247  0.04446
  29.    90   S 1 - 3 ; D 1 - 2 ; D 1 S 2 ; D 1  END                                    0.0611   -0.01585  0.05902
  30.   239   D 1 - 2 ; D 1 S 2 - 4 ; D 1 ; S 1  END                                    0.0611    0.04319 -0.04323
  31.   427   D 1 ; D 1 - 2 S 3 ; D 1 ; D 1 S 2  END                                    0.0586   -0.05862
  32.   364   D 1 S 2 ; D 1 - 3 ; S 1 ; D 1  END                                        0.0586   -0.05862
  33.   235   D 1 - 2 ; D 1 - 2 S 3 ; ; D 1 S 2  END                                    0.0532    0.05315
  34.   368   D 1 S 2 ; D 1 - 2 ; S 1 ; D 1 - 2  END                                    0.0532    0.05315
  35.   259   D 1 - 2 ; S 1 - 3 ; D 1 ; D 1 S 2  END                                    0.0480   -0.04585 -0.01421
  36.    57   D 1 S 2 - 4 ; D 1 - 2 ; S 1 ; D 1  END                                    0.0480    0.03523  0.03260
  37.   258   D 1 - 2 S 4 ; S 1 - 2 ; D 1 S 2 ; D 1  END                                0.0480    0.02090 -0.04321
  38.    33   D 1 - 2 S 3 - 4 ; S 1 D 2 ; D 1 ; S 1  END                                0.0480    0.02697 -0.03970
  39.   534   S 1 D 2 S 4 ; D 1 S 2 ; D 1 ; D 1 S 2  END                                0.0469   -0.02422  0.04019
  40.    35   D 1 - 2 S 3 ; S 1 D 2 S 4 ; S 1 ; D 1  END                                0.0469    0.02270 -0.04107
  41.    83   S 1 D 2 S 3 ; S 1 D 2 ; D 1 ; D 1 S 2  END                                0.0462    0.03809  0.02624
  42.   244   D 1 - 2 S 4 ; D 1 S 2 S 4 ; S 1 ; D 1  END                                0.0462    0.04176  0.01987
  43.   360   D 1 S 2 S 4 ; D 1 - 2 S 3 ; D 1 ; S 1  END                                0.0450   -0.03446  0.02887
  44.   373   D 1 S 2 ; S 1 D 2 S 3 ; D 1 S 2 ; D 1  END                                0.0450   -0.00777  0.04428
  45.   237   D 1 - 2 D 4 ; D 1 S 2 ; D 1 ; S 1  END                                    0.0434    0.04339
  46.    37   D 1 - 2 S 3 ; D 2 ; D 1 S 2 ; D 1  END                                    0.0434    0.04339
  47.   253   D 1 - 2 ; S 1 D 2 ; D 1 - 2 ; S 1  END                                    0.0424   -0.04240
  48.   228   D 1 - 2 S 4 ; D 1 - 2 ; D 1 S 2  END                                      0.0424   -0.04240
  49.   177   D 1 - 2 S 3 - 4 ; D 1 S 2 ; D 1 ; S 2  END                                0.0420   -0.00430 -0.04175
  50.   211   D 1 - 2 S 3 ; S 1 - 2 ; S 1 D 2 ; D 1  END                                0.0420    0.03831 -0.01715
  51.    59   D 1 S 2 - 3 ; S 1 D 2 ; D 1 ; D 1 S 2  END                                0.0417    0.03809  0.01687
  52.   243   D 1 - 2 S 4 ; D 1 S 2 - 3 ; S 1 ; D 1  END                                0.0417   -0.03365 -0.02456
  53.   180   D 1 - 2 S 3 - 4 ; D 1 S 2 ; S 1 - 2 ; S 1  END                            0.0399    0.01414  0.00052  0.02883 -0.02014
                                                                                                  0.01242
  54.   206   D 1 - 2 S 3 ; S 1 - 2 ; D 1 S 2 ; S 1 - 2  END                            0.0399    0.01414  0.01320 -0.02746  0.02151
                                                                                                 -0.00027
  55.   371   D 1 S 2 ; D 1 S 2 S 4 ; D 1 S 2 ; D 1  END                                0.0390   -0.02918 -0.02589
  56.    79   S 1 D 2 S 3 ; D 1 - 2 S 3 ; D 1 ; S 1  END                                0.0390   -0.03701 -0.01232
  57.   363   D 1 S 2 D 4 ; D 1 - 2 ; S 1 ; D 1  END                                    0.0359   -0.03585
  58.   262   D 1 - 2 ; D 2 S 3 ; D 1 ; D 1 S 2  END                                    0.0359   -0.03585
  59.    53   D 1 S 2 D 3 ; S 1 - 2 ; D 1 S 2 ; D 1  END                                0.0356   -0.02582  0.02447
  60.   186   D 1 - 2 S 3 - 4 ; D 1 S 3 ; D 1 ; S 1  END                                0.0356   -0.00828  0.03459
  61.   535   S 1 D 2 ; D 1 S 2 - 3 ; D 1 S 2 ; D 1  END                                0.0346    0.01579  0.03077
  62.    56   D 1 S 2 - 3 ; D 1 - 2 S 4 ; D 1 ; S 1  END                                0.0346    0.03455 -0.00171
  63.   260   D 1 - 2 ; S 1 - 2 S 4 ; D 1 ; D 1 S 2  END                                0.0337    0.03276 -0.00786
  64.    81   S 1 D 2 S 3 - 4 ; D 1 - 2 ; S 1 ; D 1  END                                0.0337    0.00957  0.03230
  65.   370   D 1 S 2 ; D 1 S 2 - 3 ; D 1 S 2 ; D 1  END                                0.0332   -0.02079  0.02592
  66.    55   D 1 S 2 - 3 ; D 1 - 2 S 3 ; D 1 ; S 1  END                                0.0332   -0.01205  0.03097
  67.     9   D 1 - 3 ; D 1 S 2 ; D 1 ; S 2  END                                        0.0329   -0.03295
  68.   193   D 1 - 2 S 3 ; D 1 ; S 1 D 2 ; D 1  END                                    0.0329   -0.03295
  69.   506   S 1 D 2 S 3 ; D 1 S 2 ; S 1 - 2 ; D 1 S 2  END                            0.0321    0.00052 -0.00640 -0.01152 -0.02535
                                                                                                 -0.01471
  70.   182   D 1 - 2 S 3 ; D 1 S 2 S 4 ; S 1 ; S 1 - 2  END                            0.0321   -0.00052  0.02860  0.01253 -0.00130
                                                                                                 -0.00749
  71.   255   D 1 - 2 S 4 ; S 1 D 2 S 3 ; S 1 ; D 1  END                                0.0321   -0.01466 -0.02859
  72.   372   D 1 S 2 S 4 ; S 1 D 2 ; D 1 ; D 1 S 2  END                                0.0321    0.03209 -0.00160
  73.   538   S 1 D 2 ; S 1 D 2 S 3 ; D 1 S 2 ; D 1  END                                0.0308    0.00386  0.03055
  74.   361   D 1 S 2 S 4 ; D 1 - 2 S 4 ; D 1 ; S 1  END                                0.0308    0.02839 -0.01193
  75.   426   D 1 S 4 ; D 1 - 2 ; D 1 S 2 ; D 1  END                                    0.0305    0.03045
  76.   250   D 1 - 2 ; S 1 D 2 - 3 ; D 1 ; S 1  END                                    0.0305    0.03045
  77.   185   D 1 - 2 S 3 ; D 1 S 2 S 4 ; S 2 ; D 1  END                                0.0297    0.02958  0.00209
  78.   503   S 1 D 2 S 3 ; D 1 S 2 ; D 1 ; S 1 D 2  END                                0.0297    0.01661  0.02457
  79.   327   D 1 S 2 - 4 ; D 1 - 2 ; S 1 ; S 1 - 2  END                                0.0294    0.02232  0.00659 -0.01425  0.00071
                                                                                                 -0.01090
  80.  1036   D 1 - 2 ; S 1 - 3 ; S 1 - 2 ; D 1 S 2  END                                0.0294    0.02232 -0.01239  0.01167 -0.00329
                                                                                                  0.00808
  81.   972   D 1 - 2 S 4 ; D 1 S 2 - 3 ; S 1 ; S 1 - 2  END                            0.0281    0.01652 -0.01502  0.01538  0.00056
                                                                                                  0.00727
  82.   353   D 1 S 2 - 3 ; S 1 D 2 ; S 1 - 2 ; D 1 S 2  END                            0.0281    0.01652  0.00860 -0.01308  0.00174
                                                                                                 -0.01634
  83.   591   S 1 - 2 S 4 ; D 1 - 2 ; D 1 S 2 ; D 1  END                                0.0267    0.02636  0.00444
  84.   251   D 1 - 2 ; S 1 D 2 S 3 - 4 ; D 1 ; S 1  END                                0.0267    0.01703  0.02061
  85.    66   D 1 S 3 ; D 1 - 2 ; D 1 S 2 ; D 1  END                                    0.0267   -0.02672
  86.   238   D 1 - 2 ; D 1 S 2 D 3 ; D 1 ; S 1  END                                    0.0267   -0.02672
  87.   828   D 1 - 2 S 3 ; D 1 S 2 - 3 ; S 2 ; S 1 - 2  END                            0.0261    0.02168  0.00372  0.00349 -0.00526
                                                                                                  0.01250
  88.  1238   D 1 S 2 - 3 ; D 1 S 2 ; S 1 - 2 ; S 1 D 2  END                            0.0261    0.02168  0.00954 -0.00861  0.00013
                                                                                                  0.00668
  89.   813   D 1 - 2 S 3 ; D 1 - 2 ; S 2 ; D 2  END                                    0.0258    0.02583
  90.  2993   D 1 - 2 ; D 1 S 2 ; D 2 ; S 1 D 2  END                                    0.0258    0.02583
  91.  1337   D 1 S 2 S 4 ; D 1 - 2 S 3 ; S 1 - 2 ; S 1  END                            0.0254   -0.01535  0.01429 -0.00316  0.00274
                                                                                                 -0.01371
  92.  1378   D 1 S 2 ; S 1 D 2 S 3 ; D 1 S 2 ; S 1 - 2  END                            0.0254   -0.01535 -0.00689  0.01497  0.00907
                                                                                                  0.00747
  93.    46   D 1 S 2 D 3 S 4 ; D 1 S 2 ; D 1 ; S 1  END                                0.0253   -0.02462  0.00584
  94.   214   D 1 - 2 S 3 ; S 1 S 3 ; D 1 S 2 ; D 1  END                                0.0253    0.00725  0.02424
  95.   181   D 1 - 2 S 3 ; D 1 S 2 - 3 ; S 1 ; S 1 - 2  END                            0.0253    0.02052  0.00308 -0.00555 -0.00963
                                                                                                  0.00928
  96.   341   D 1 S 2 - 3 ; D 1 S 2 ; S 1 - 2 ; D 1 S 2  END                            0.0253    0.02052  0.00116 -0.00852 -0.00444
                                                                                                  0.01120
  97.  1359   D 1 S 2 S 4 ; D 1 S 2 ; S 1 - 2 ; D 1 S 2  END                            0.0249   -0.00708  0.00385 -0.00229 -0.01999
                                                                                                 -0.01236
  98.   199   D 1 - 2 S 3 ; S 1 D 2 S 3 ; S 1 ; S 1 - 2  END                            0.0249   -0.00708 -0.01795 -0.00740  0.01030
                                                                                                  0.00945
  99.   188   D 1 - 2 S 3 ; D 1 ; D 1 S 2 ; S 1 - 2  END                                0.0247   -0.02330 -0.00827
 100.    10   D 1 - 3 ; D 1 S 2 ; S 1 - 2 ; S 1  END                                    0.0247    0.01881  0.01605




 POSITION OF FIRST SPIN COUPLING FOR TEN MOST IMPORTANT CONFIGURATIONS
      86     51     53     55     32    411      2     41     34    406



 ********************************
 RESULTS FOR ROOT   03
 TOTAL CI ENERGY =   -319.7967110
 ********************************

       CONF.                                                                           COEFF.
        NO.        SPACE ORBITAL PRODUCTS                                             CONTRIB.      CI COEFFICIENTS

       -----       ----------------------                                             --------   ---------------------
   1.    41   D 1 - 2 ; D 1 S 2 ; D 1 ; D 1 S 2  END                                    0.6306    0.63064
   2.     1   D 1 - 2 S 3 ; D 1 - 2 ; S 1 ; D 1  END                                    0.6306   -0.63064
   3.    30   D 1 - 2 S 3 ; D 1 S 2 - 3 ; S 1 ; D 1  END                                0.1188    0.03366 -0.11394
   4.    58   D 1 S 2 - 3 ; D 1 S 2 ; D 1 ; D 1 S 2  END                                0.1188   -0.08184  0.08612
   5.    32   D 1 - 2 S 3 ; D 1 ; D 1 S 2 ; D 1  END                                    0.0904    0.09036
   6.     2   D 1 - 3 ; D 1 S 2 ; D 1 ; S 1  END                                        0.0904   -0.09036
   7.   194   D 1 - 2 S 3 ; D 1 ; S 1 ; D 1 - 2  END                                    0.0811    0.08109
   8.    11   D 1 - 3 ; D 1 S 2 ; ; D 1 S 2  END                                        0.0811   -0.08109
   9.   181   D 1 - 2 S 3 ; D 1 S 2 - 3 ; S 1 ; S 1 - 2  END                            0.0726    0.03407  0.02991  0.03070 -0.04430
                                                                                                  0.01743
  10.   341   D 1 S 2 - 3 ; D 1 S 2 ; S 1 - 2 ; D 1 S 2  END                            0.0726   -0.03407 -0.01466  0.03550 -0.03951
                                                                                                 -0.03267
  11.    57   D 1 S 2 - 4 ; D 1 - 2 ; S 1 ; D 1  END                                    0.0598    0.02567 -0.05403
  12.   259   D 1 - 2 ; S 1 - 3 ; D 1 ; D 1 S 2  END                                    0.0598   -0.03395  0.04925
  13.    38   D 1 - 2 ; D 1 - 2 S 3 ; D 1 ; S 1  END                                    0.0554    0.05537
  14.    60   D 1 S 2 ; D 1 - 2 ; D 1 S 2 ; D 1  END                                    0.0554   -0.05537
  15.    28   D 1 - 2 S 3 ; D 1 - 2 ; S 2 ; D 1  END                                    0.0520    0.05200
  16.   242   D 1 - 2 ; D 1 S 2 ; D 1 ; S 1 D 2  END                                    0.0520   -0.05200
  17.    59   D 1 S 2 - 3 ; S 1 D 2 ; D 1 ; D 1 S 2  END                                0.0510    0.03110 -0.04038
  18.   243   D 1 - 2 S 4 ; D 1 S 2 - 3 ; S 1 ; D 1  END                                0.0510   -0.01942  0.04713
  19.   246   D 1 - 2 S 4 ; D 1 ; D 1 S 2 ; D 1  END                                    0.0495   -0.04953
  20.     3   D 1 - 3 ; S 1 D 2 ; D 1 ; S 1  END                                        0.0495    0.04953
  21.    34   D 1 - 2 S 3 ; S 1 D 2 S 3 ; S 1 ; D 1  END                                0.0488   -0.04037 -0.02740
  22.   369   D 1 S 2 S 4 ; D 1 S 2 ; D 1 ; D 1 S 2  END                                0.0488   -0.04391 -0.02126
  23.   245   D 1 - 2 ; D 1 S 2 ; S 1 - 2 ; D 1 S 2  END                                0.0487    0.04598  0.01618
  24.    27   D 1 - 2 S 3 ; D 1 - 2 ; S 1 ; S 1 - 2  END                                0.0487    0.03701  0.03173
  25.   977   D 1 - 2 ; D 1 S 2 ; S 1 - 2 ; S 1 D 2  END                                0.0456   -0.04182 -0.01820
  26.   176   D 1 - 2 S 3 ; D 1 - 2 ; S 2 ; S 1 - 2  END                                0.0456   -0.03668 -0.02712
  27.   991   D 1 - 2 ; D 1 S 3 ; D 1 ; S 1 D 2  END                                    0.0442   -0.04417
  28.    45   D 1 S 2 D 3 ; D 1 - 2 ; S 2 ; D 1  END                                    0.0442    0.04417
  29.     5   S 1 D 2 - 3 ; D 1 - 2 ; S 1 ; D 1  END                                    0.0440   -0.04402
  30.   248   D 1 - 2 ; D 1 S 4 ; D 1 ; D 1 S 2  END                                    0.0440   -0.04402
  31.   254   D 1 - 2 ; S 1 D 2 ; D 1 ; S 1 D 2  END                                    0.0416    0.04163
  32.   234   D 1 - 2 S 4 ; D 1 - 2 ; S 2 ; D 1  END                                    0.0416   -0.04163
  33.    47   D 1 S 2 D 3 ; D 1 S 2 - 3 ; S 1 ; D 1  END                                0.0411    0.02160 -0.03491
  34.   343   D 1 S 2 - 3 ; D 1 S 3 ; D 1 ; D 1 S 2  END                                0.0411   -0.01943  0.03616
  35.     4   D 1 S 2 D 3 ; D 1 - 2 ; S 1 ; D 1  END                                    0.0408   -0.04078
  36.   247   D 1 - 2 ; D 1 S 3 ; D 1 ; D 1 S 2  END                                    0.0408    0.04078
  37.   328   D 1 S 2 - 3 ; D 1 - 2 S 3 ; S 1 - 2 ; S 1  END                            0.0401   -0.02726 -0.01101  0.01519 -0.01912
                                                                                                 -0.01201
  38.  1355   D 1 S 2 ; D 1 S 2 - 3 ; D 1 S 2 ; S 1 - 2  END                            0.0401    0.02726  0.01346  0.01771 -0.01661
                                                                                                  0.00956
  39.   371   D 1 S 2 ; D 1 S 2 S 4 ; D 1 S 2 ; D 1  END                                0.0382   -0.02805  0.02599
  40.    79   S 1 D 2 S 3 ; D 1 - 2 S 3 ; D 1 ; S 1  END                                0.0382   -0.00848  0.03729
  41.   188   D 1 - 2 S 3 ; D 1 ; D 1 S 2 ; S 1 - 2  END                                0.0373    0.02867  0.02390
  42.    10   D 1 - 3 ; D 1 S 2 ; S 1 - 2 ; S 1  END                                    0.0373    0.03504  0.01288
  43.    42   D 1 - 2 ; S 1 D 2 ; D 1 ; D 1 S 2  END                                    0.0369   -0.03686
  44.    40   D 1 - 2 S 4 ; D 1 - 2 ; S 1 ; D 1  END                                    0.0369    0.03686
  45.   239   D 1 - 2 ; D 1 S 2 - 4 ; D 1 ; S 1  END                                    0.0349   -0.03410 -0.00757
  46.    90   S 1 - 3 ; D 1 - 2 ; D 1 S 2 ; D 1  END                                    0.0349    0.02361  0.02574
  47.   984   D 1 - 2 ; D 1 S 2 ; D 2 ; D 1 S 2  END                                    0.0323   -0.03229
  48.   173   D 1 - 2 S 3 ; D 1 - 2 ; S 1 ; D 2  END                                    0.0323    0.03229
  49.   190   D 1 - 2 S 3 ; D 1 D 3 ; S 1 ; D 1  END                                    0.0301    0.03014
  50.    64   D 1 D 3 ; D 1 S 2 ; D 1 ; D 1 S 2  END                                    0.0301   -0.03014
  51.   970   D 1 - 2 ; D 1 S 2 ; D 1 - 2 ; S 2  END                                    0.0293   -0.02933
  52.   172   D 1 - 2 S 3 ; D 1 - 2 ; S 1 D 2  END                                      0.0293    0.02933
  53.   338   D 1 S 2 - 3 ; D 1 S 2 ; D 1 ; S 1 D 2  END                                0.0290    0.02302  0.01756
  54.   184   D 1 - 2 S 3 ; D 1 S 2 - 3 ; S 2 ; D 1  END                                0.0290    0.02672  0.01115
  55.    55   D 1 S 2 - 3 ; D 1 - 2 S 3 ; D 1 ; S 1  END                                0.0286   -0.01411 -0.02488
  56.   370   D 1 S 2 ; D 1 S 2 - 3 ; D 1 S 2 ; D 1  END                                0.0286   -0.02860  0.00021
  57.  1363   D 1 S 2 ; D 1 S 2 - 3 ; S 1 ; D 1 - 2  END                                0.0253    0.00006  0.02526
  58.   331   D 1 S 2 - 3 ; D 1 - 2 S 3 ; ; D 1 S 2  END                                0.0253    0.02191 -0.01258
  59.   233   D 1 - 2 ; D 1 - 2 S 4 ; S 1 - 2 ; S 1  END                                0.0250    0.01596  0.01930
  60.   527   S 1 D 2 ; D 1 - 2 ; D 1 S 2 ; S 1 - 2  END                                0.0250   -0.02469 -0.00418
  61.    35   D 1 - 2 S 3 ; S 1 D 2 S 4 ; S 1 ; D 1  END                                0.0247    0.00432  0.02429
  62.   534   S 1 D 2 S 4 ; D 1 S 2 ; D 1 ; D 1 S 2  END                                0.0247   -0.02319  0.00841
  63.   182   D 1 - 2 S 3 ; D 1 S 2 S 4 ; S 1 ; S 1 - 2  END                            0.0240    0.01379  0.00590  0.01460 -0.00994
                                                                                                 -0.00637
  64.   506   S 1 D 2 S 3 ; D 1 S 2 ; S 1 - 2 ; D 1 S 2  END                            0.0240    0.01379 -0.00128 -0.00579  0.01875
                                                                                                  0.00081
  65.    36   D 1 - 2 S 3 ; S 1 - 2 ; D 1 S 2 ; D 1  END                                0.0238   -0.01431 -0.01907
  66.    29   D 1 - 2 S 3 - 4 ; D 1 S 2 ; D 1 ; S 1  END                                0.0238   -0.02367 -0.00285
  67.   355   D 1 S 2 - 3 ; S 1 - 3 ; D 1 ; D 1 S 2  END                                0.0233    0.00089  0.01547 -0.00255  0.01716
                                                                                                  0.00146
  68.   339   D 1 S 2 - 4 ; D 1 S 2 - 3 ; S 1 ; D 1  END                                0.0233   -0.02161  0.00335  0.00013  0.00579
                                                                                                 -0.00564
  69.   200   D 1 - 2 S 3 ; S 1 D 2 S 4 ; S 1 ; S 1 - 2  END                            0.0229   -0.01746 -0.00721 -0.01261 -0.00205
                                                                                                  0.00143
  70.  1918   S 1 D 2 S 4 ; D 1 S 2 ; S 1 - 2 ; D 1 S 2  END                            0.0229   -0.01746 -0.00708 -0.00213 -0.01269
                                                                                                  0.00130
  71.   592   S 1 - 2 ; D 1 - 2 S 3 ; D 1 ; D 1 S 2  END                                0.0228   -0.01398  0.01802
  72.   365   D 1 S 2 ; D 1 - 2 S 3 - 4 ; S 1 ; D 1  END                                0.0228   -0.00862  0.02111
  73.   213   D 1 - 2 S 3 - 4 ; S 1 ; D 1 ; D 1 S 2  END                                0.0223   -0.01308 -0.01812
  74.    20   D 1 - 3 S 4 ; S 1 - 2 ; S 1 ; D 1  END                                    0.0223   -0.02223 -0.00227
  75.   535   S 1 D 2 ; D 1 S 2 - 3 ; D 1 S 2 ; D 1  END                                0.0219    0.01283 -0.01780
  76.    56   D 1 S 2 - 3 ; D 1 - 2 S 4 ; D 1 ; S 1  END                                0.0219    0.00900 -0.02001
  77.  1035   D 1 - 2 S 4 ; S 1 - 2 ; S 1 ; D 1 - 2  END                                0.0219    0.02177  0.00192
  78.   201   D 1 - 2 S 3 - 4 ; S 1 D 2 ; ; D 1 S 2  END                                0.0219    0.01255  0.01789
  79.   494   S 1 D 2 S 3 ; D 1 - 2 S 4 ; S 1 - 2 ; S 1  END                            0.0215    0.01842  0.00686 -0.00862 -0.00179
                                                                                                  0.00014
  80.  1915   S 1 D 2 ; D 1 S 2 S 4 ; D 1 S 2 ; S 1 - 2  END                            0.0215   -0.01842  0.00269 -0.00372  0.00311
                                                                                                 -0.00969
  81.    44   D 1 S 2 D 3 ; D 1 - 2 ; S 1 ; S 1 - 2  END                                0.0215    0.01347 -0.01673
  82.   999   D 1 - 2 ; D 1 S 3 ; S 1 - 2 ; D 1 S 2  END                                0.0215   -0.00775  0.02003
  83.   415   D 1 S 3 ; D 1 - 3 ; S 1 ; D 1  END                                        0.0214    0.02136
  84.  1616   D 1 ; D 1 S 2 D 3 ; D 1 ; D 1 S 2  END                                    0.0214   -0.02136
  85.   351   D 1 S 2 - 4 ; S 1 D 2 S 3 ; S 1 ; D 1  END                                0.0213   -0.00977 -0.01079 -0.01119  0.00973
                                                                                                 -0.00476
  86.  1390   D 1 S 2 S 4 ; S 1 - 3 ; D 1 ; D 1 S 2  END                                0.0213    0.00040  0.01353  0.01343  0.00399
                                                                                                  0.00865
  87.   198   D 1 - 2 S 3 - 4 ; S 1 D 2 ; S 1 - 2 ; S 1  END                            0.0213   -0.01743 -0.00661 -0.00955 -0.00366
                                                                                                  0.00035
  88.  1024   D 1 - 2 S 4 ; S 1 - 2 ; D 1 S 2 ; S 1 - 2  END                            0.0213    0.01743  0.00711  0.00337  0.00926
                                                                                                 -0.00085
  89.   209   D 1 - 2 S 3 ; S 1 - 4 ; S 1 ; D 1  END                                    0.0211    0.01035  0.01049 -0.01094 -0.01039
                                                                                                 -0.00077
  90.   585   S 1 - 4 ; D 1 S 2 ; D 1 ; D 1 S 2  END                                    0.0211   -0.00009  0.00019 -0.00073  0.01260
                                                                                                  0.01691
  91.   536   S 1 D 2 ; D 1 S 2 S 4 ; D 1 S 2 ; D 1  END                                0.0209    0.01604 -0.01344
  92.    80   S 1 D 2 S 3 ; D 1 - 2 S 4 ; D 1 ; S 1  END                                0.0209   -0.00362  0.02061
  93.   509   S 1 D 2 S 3 ; D 1 S 4 ; D 1 ; D 1 S 2  END                                0.0202    0.00966 -0.01769
  94.    72   S 1 D 2 - 3 ; D 1 S 2 S 4 ; S 1 ; D 1  END                                0.0202   -0.01049  0.01721
  95.   492   S 1 D 2 S 3 - 4 ; D 1 - 2 ; S 1 ; S 1 - 2  END                            0.0199   -0.01637 -0.00616  0.00830 -0.00371
                                                                                                 -0.00299
  96.  1037   D 1 - 2 ; S 1 - 2 S 4 ; S 1 - 2 ; D 1 S 2  END                            0.0199   -0.01637 -0.00179 -0.00623  0.00578
                                                                                                 -0.00736
  97.   231   D 1 - 2 S 4 ; D 1 - 2 ; S 1 ; S 1 - 2  END                                0.0195   -0.00062  0.01950
  98.   257   D 1 - 2 ; S 1 D 2 ; S 1 - 2 ; D 1 S 2  END                                0.0195    0.01658 -0.01028
  99.  1036   D 1 - 2 ; S 1 - 3 ; S 1 - 2 ; D 1 S 2  END                                0.0176    0.01257 -0.00550  0.00670 -0.00360
                                                                                                  0.00794
 100.   327   D 1 S 2 - 4 ; D 1 - 2 ; S 1 ; S 1 - 2  END                                0.0176   -0.01257 -0.00592  0.01019 -0.00010
                                                                                                  0.00348




 POSITION OF FIRST SPIN COUPLING FOR TEN MOST IMPORTANT CONFIGURATIONS
      54      1     37     82     41      2    305     12    277    625



 ********************************
 RESULTS FOR ROOT   04
 TOTAL CI ENERGY =   -319.2635807
 ********************************

       CONF.                                                                           COEFF.
        NO.        SPACE ORBITAL PRODUCTS                                             CONTRIB.      CI COEFFICIENTS

       -----       ----------------------                                             --------   ---------------------
   1.     2   D 1 - 3 ; D 1 S 2 ; D 1 ; S 1  END                                        0.2670   -0.26702
   2.    32   D 1 - 2 S 3 ; D 1 ; D 1 S 2 ; D 1  END                                    0.2670   -0.26702
   3.    84   S 1 D 2 ; D 1 - 2 ; D 1 S 2 ; D 1  END                                    0.2494    0.24943
   4.    39   D 1 - 2 ; D 1 - 2 S 4 ; D 1 ; S 1  END                                    0.2494   -0.24943
   5.    42   D 1 - 2 ; S 1 D 2 ; D 1 ; D 1 S 2  END                                    0.2470   -0.24704
   6.    40   D 1 - 2 S 4 ; D 1 - 2 ; S 1 ; D 1  END                                    0.2470   -0.24703
   7.   247   D 1 - 2 ; D 1 S 3 ; D 1 ; D 1 S 2  END                                    0.1951   -0.19513
   8.     4   D 1 S 2 D 3 ; D 1 - 2 ; S 1 ; D 1  END                                    0.1951   -0.19513
   9.    60   D 1 S 2 ; D 1 - 2 ; D 1 S 2 ; D 1  END                                    0.1925   -0.19251
  10.    38   D 1 - 2 ; D 1 - 2 S 3 ; D 1 ; S 1  END                                    0.1925   -0.19251
  11.    27   D 1 - 2 S 3 ; D 1 - 2 ; S 1 ; S 1 - 2  END                                0.1648   -0.10069  0.13052
  12.   245   D 1 - 2 ; D 1 S 2 ; S 1 - 2 ; D 1 S 2  END                                0.1648   -0.06269  0.15246
  13.    58   D 1 S 2 - 3 ; D 1 S 2 ; D 1 ; D 1 S 2  END                                0.1632    0.10016 -0.12885
  14.    30   D 1 - 2 S 3 ; D 1 S 2 - 3 ; S 1 ; D 1  END                                0.1632    0.06151 -0.15116
  15.    26   D 1 - 2 S 3 ; D 1 - 2 ; D 1 S 2  END                                      0.1584   -0.15836
  16.   241   D 1 - 2 ; D 1 S 2 ; D 1 - 2 ; S 1  END                                    0.1584   -0.15836
  17.   368   D 1 S 2 ; D 1 - 2 ; S 1 ; D 1 - 2  END                                    0.1395    0.13946
  18.   235   D 1 - 2 ; D 1 - 2 S 3 ; ; D 1 S 2  END                                    0.1395    0.13946
  19.   232   D 1 - 2 ; D 1 - 2 S 3 ; S 1 - 2 ; S 1  END                                0.1077   -0.10542 -0.02198
  20.   362   D 1 S 2 ; D 1 - 2 ; D 1 S 2 ; S 1 - 2  END                                0.1077    0.07175  0.08031
  21.    66   D 1 S 3 ; D 1 - 2 ; D 1 S 2 ; D 1  END                                    0.0932    0.09321
  22.   238   D 1 - 2 ; D 1 S 2 D 3 ; D 1 ; S 1  END                                    0.0932    0.09321
  23.   364   D 1 S 2 ; D 1 - 3 ; S 1 ; D 1  END                                        0.0747    0.07468
  24.   427   D 1 ; D 1 - 2 S 3 ; D 1 ; D 1 S 2  END                                    0.0747    0.07468
  25.    41   D 1 - 2 ; D 1 S 2 ; D 1 ; D 1 S 2  END                                    0.0664   -0.06640
  26.     1   D 1 - 2 S 3 ; D 1 - 2 ; S 1 ; D 1  END                                    0.0664   -0.06640
  27.    53   D 1 S 2 D 3 ; S 1 - 2 ; D 1 S 2 ; D 1  END                                0.0641    0.03107 -0.05603
  28.   186   D 1 - 2 S 3 - 4 ; D 1 S 3 ; D 1 ; S 1  END                                0.0641    0.03299 -0.05492
  29.    55   D 1 S 2 - 3 ; D 1 - 2 S 3 ; D 1 ; S 1  END                                0.0612   -0.01354 -0.05966
  30.   370   D 1 S 2 ; D 1 S 2 - 3 ; D 1 S 2 ; D 1  END                                0.0612    0.05843 -0.01810
  31.   260   D 1 - 2 ; S 1 - 2 S 4 ; D 1 ; D 1 S 2  END                                0.0512    0.02198  0.04622
  32.    81   S 1 D 2 S 3 - 4 ; D 1 - 2 ; S 1 ; D 1  END                                0.0512    0.05102 -0.00408
  33.   244   D 1 - 2 S 4 ; D 1 S 2 S 4 ; S 1 ; D 1  END                                0.0494    0.04457  0.02128
  34.    83   S 1 D 2 S 3 ; S 1 D 2 ; D 1 ; D 1 S 2  END                                0.0494    0.04071  0.02796
  35.    33   D 1 - 2 S 3 - 4 ; S 1 D 2 ; D 1 ; S 1  END                                0.0493    0.04488  0.02045
  36.   258   D 1 - 2 S 4 ; S 1 - 2 ; D 1 S 2 ; D 1  END                                0.0493   -0.04015 -0.02864
  37.   237   D 1 - 2 D 4 ; D 1 S 2 ; D 1 ; S 1  END                                    0.0461    0.04614
  38.    37   D 1 - 2 S 3 ; D 2 ; D 1 S 2 ; D 1  END                                    0.0461    0.04614
  39.   535   S 1 D 2 ; D 1 S 2 - 3 ; D 1 S 2 ; D 1  END                                0.0453    0.00603 -0.04491
  40.    56   D 1 S 2 - 3 ; D 1 - 2 S 4 ; D 1 ; S 1  END                                0.0453   -0.03588  0.02768
  41.    88   S 1 - 2 D 3 ; D 1 S 2 ; D 1 ; D 1 S 2  END                                0.0449    0.01568  0.04209
  42.   191   D 1 - 2 S 3 ; D 1 S 3 - 4 ; S 1 ; D 1  END                                0.0449    0.04429 -0.00747
  43.   240   D 1 - 2 ; D 1 S 2 D 4 ; D 1 ; S 1  END                                    0.0440    0.04396
  44.    97   D 2 S 3 ; D 1 - 2 ; D 1 S 2 ; D 1  END                                    0.0440    0.04396
  45.   527   S 1 D 2 ; D 1 - 2 ; D 1 S 2 ; S 1 - 2  END                                0.0411   -0.01809 -0.03685
  46.   233   D 1 - 2 ; D 1 - 2 S 4 ; S 1 - 2 ; S 1  END                                0.0411   -0.04096  0.00276
  47.    90   S 1 - 3 ; D 1 - 2 ; D 1 S 2 ; D 1  END                                    0.0409    0.00349 -0.04070
  48.    49   D 1 S 2 D 3 ; D 1 ; D 1 S 2 ; D 1  END                                    0.0408   -0.04085
  49.    12   D 1 - 3 ; D 1 S 3 ; D 1 ; S 1  END                                        0.0408   -0.04085
  50.   239   D 1 - 2 ; D 1 S 2 - 4 ; D 1 ; S 1  END                                    0.0408   -0.03350  0.02337
  51.   361   D 1 S 2 S 4 ; D 1 - 2 S 4 ; D 1 ; S 1  END                                0.0392    0.03021 -0.02504
  52.   538   S 1 D 2 ; S 1 D 2 S 3 ; D 1 S 2 ; D 1  END                                0.0392   -0.00658  0.03868
  53.    36   D 1 - 2 S 3 ; S 1 - 2 ; D 1 S 2 ; D 1  END                                0.0391   -0.00616 -0.03862
  54.    29   D 1 - 2 S 3 - 4 ; D 1 S 2 ; D 1 ; S 1  END                                0.0391    0.03653 -0.01397
  55.   229   D 1 - 2 ; D 1 - 2 S 3 ; D 1 ; S 2  END                                    0.0386    0.03863
  56.   367   D 1 S 2 ; D 1 - 2 ; S 1 D 2 ; D 1  END                                    0.0386    0.03863
  57.   506   S 1 D 2 S 3 ; D 1 S 2 ; S 1 - 2 ; D 1 S 2  END                            0.0381    0.03089  0.02145 -0.00597 -0.00186
                                                                                                  0.00120
  58.   182   D 1 - 2 S 3 ; D 1 S 2 S 4 ; S 1 ; S 1 - 2  END                            0.0381   -0.03089 -0.00287 -0.00886 -0.00476
                                                                                                 -0.01977
  59.   534   S 1 D 2 S 4 ; D 1 S 2 ; D 1 ; D 1 S 2  END                                0.0369    0.02615  0.02598
  60.    35   D 1 - 2 S 3 ; S 1 D 2 S 4 ; S 1 ; D 1  END                                0.0369    0.03557  0.00965
  61.    31   D 1 - 2 S 3 ; D 1 S 2 S 4 ; S 1 ; D 1  END                                0.0365    0.03321 -0.01526
  62.    82   S 1 D 2 S 3 ; D 1 S 2 ; D 1 ; D 1 S 2  END                                0.0365    0.00338  0.03639
  63.   206   D 1 - 2 S 3 ; S 1 - 2 ; D 1 S 2 ; S 1 - 2  END                            0.0352    0.02326  0.01071  0.01328  0.00149
                                                                                                  0.02006
  64.   180   D 1 - 2 S 3 - 4 ; D 1 S 2 ; S 1 - 2 ; S 1  END                            0.0352    0.02326  0.02412 -0.00626  0.00554
                                                                                                  0.00665
  65.   248   D 1 - 2 ; D 1 S 4 ; D 1 ; D 1 S 2  END                                    0.0349   -0.03489
  66.     5   S 1 D 2 - 3 ; D 1 - 2 ; S 1 ; D 1  END                                    0.0349    0.03489
  67.    57   D 1 S 2 - 4 ; D 1 - 2 ; S 1 ; D 1  END                                    0.0336   -0.02425 -0.02324
  68.   259   D 1 - 2 ; S 1 - 3 ; D 1 ; D 1 S 2  END                                    0.0336    0.03225  0.00938
  69.   327   D 1 S 2 - 4 ; D 1 - 2 ; S 1 ; S 1 - 2  END                                0.0329   -0.00132  0.00902 -0.01526 -0.02682
                                                                                                  0.00690
  70.  1036   D 1 - 2 ; S 1 - 3 ; S 1 - 2 ; D 1 S 2  END                                0.0329   -0.00132 -0.01079 -0.01538 -0.00382
                                                                                                  0.02671
  71.   374   D 1 S 2 ; S 1 D 2 S 4 ; D 1 S 2 ; D 1  END                                0.0327    0.01853 -0.02698
  72.   525   S 1 D 2 S 4 ; D 1 - 2 S 3 ; D 1 ; S 1  END                                0.0327   -0.01410  0.02954
  73.    80   S 1 D 2 S 3 ; D 1 - 2 S 4 ; D 1 ; S 1  END                                0.0327    0.01860  0.02691
  74.   536   S 1 D 2 ; D 1 S 2 S 4 ; D 1 S 2 ; D 1  END                                0.0327   -0.03260 -0.00265
  75.   255   D 1 - 2 S 4 ; S 1 D 2 S 3 ; S 1 ; D 1  END                                0.0327    0.01966 -0.02609
  76.   372   D 1 S 2 S 4 ; S 1 D 2 ; D 1 ; D 1 S 2  END                                0.0327    0.01277 -0.03007
  77.    48   D 1 S 2 D 3 ; D 1 S 2 S 4 ; S 1 ; D 1  END                                0.0325    0.02710  0.01787
  78.   508   S 1 D 2 S 3 ; D 1 S 3 ; D 1 ; D 1 S 2  END                                0.0325    0.02902  0.01453
  79.    28   D 1 - 2 S 3 ; D 1 - 2 ; S 2 ; D 1  END                                    0.0324   -0.03237
  80.   242   D 1 - 2 ; D 1 S 2 ; D 1 ; S 1 D 2  END                                    0.0324   -0.03236
  81.   972   D 1 - 2 S 4 ; D 1 S 2 - 3 ; S 1 ; S 1 - 2  END                            0.0321    0.00177 -0.01659 -0.01652  0.00113
                                                                                                  0.02189
  82.   353   D 1 S 2 - 3 ; S 1 D 2 ; S 1 - 2 ; D 1 S 2  END                            0.0321    0.00177  0.00561 -0.01168 -0.02934
                                                                                                 -0.00031
  83.   332   D 1 S 2 - 3 ; D 1 - 2 S 4 ; ; D 1 S 2  END                                0.0317    0.02085 -0.02393
  84.  1922   S 1 D 2 ; D 1 S 2 - 3 ; S 1 ; D 1 - 2  END                                0.0317   -0.01029  0.03002
  85.    46   D 1 S 2 D 3 S 4 ; D 1 S 2 ; D 1 ; S 1  END                                0.0312    0.02531 -0.01826
  86.   214   D 1 - 2 S 3 ; S 1 S 3 ; D 1 S 2 ; D 1  END                                0.0312    0.00316 -0.03105
  87.   355   D 1 S 2 - 3 ; S 1 - 3 ; D 1 ; D 1 S 2  END                                0.0309    0.00178 -0.00906  0.02609  0.01336
                                                                                                  0.00361
  88.   339   D 1 S 2 - 4 ; D 1 S 2 - 3 ; S 1 ; D 1  END                                0.0309    0.00723  0.01367  0.01074 -0.00867
                                                                                                 -0.02298
  89.   591   S 1 - 2 S 4 ; D 1 - 2 ; D 1 S 2 ; D 1  END                                0.0305    0.01302  0.02756
  90.   251   D 1 - 2 ; S 1 D 2 S 3 - 4 ; D 1 ; S 1  END                                0.0305    0.03038 -0.00250
  91.   371   D 1 S 2 ; D 1 S 2 S 4 ; D 1 S 2 ; D 1  END                                0.0304   -0.00045  0.03037
  92.    79   S 1 D 2 S 3 ; D 1 - 2 S 3 ; D 1 ; S 1  END                                0.0304    0.02607 -0.01557
  93.   349   D 1 S 2 - 3 ; S 1 D 2 ; D 1 - 2 ; S 1  END                                0.0292    0.02295  0.01814
  94.   965   D 1 - 2 S 4 ; D 1 S 2 - 3 ; D 1 S 2  END                                  0.0292   -0.02718 -0.01080
  95.   584   S 1 - 3 ; D 1 - 2 ; S 1 ; D 1 - 2  END                                    0.0289    0.01071  0.02684
  96.   982   D 1 - 2 ; D 1 S 2 - 4 ; ; D 1 S 2  END                                    0.0289    0.02860 -0.00414
  97.  2175   S 1 - 2 ; D 1 S 2 D 3 ; D 1 ; D 1 S 2  END                                0.0286   -0.01655 -0.02333
  98.   416   D 1 S 3 ; D 1 - 2 S 3 - 4 ; S 1 ; D 1  END                                0.0286   -0.02848 -0.00266
  99.   586   S 1 - 3 ; D 1 S 2 - 3 ; D 1 S 2 ; D 1  END                                0.0276   -0.01102 -0.02065 -0.00532  0.00547
                                                                                                  0.01257
 100.   335   D 1 S 2 - 3 ; D 1 S 2 - 4 ; D 1 ; S 1  END                                0.0276    0.00894 -0.00286  0.01974  0.01150
                                                                                                  0.01241




 POSITION OF FIRST SPIN COUPLING FOR TEN MOST IMPORTANT CONFIGURATIONS
       2     41    123     52     55     53    414      4     86     51



 ********************************
 RESULTS FOR ROOT   05
 TOTAL CI ENERGY =   -318.7202538
 ********************************

       CONF.                                                                           COEFF.
        NO.        SPACE ORBITAL PRODUCTS                                             CONTRIB.      CI COEFFICIENTS

       -----       ----------------------                                             --------   ---------------------
   1.    38   D 1 - 2 ; D 1 - 2 S 3 ; D 1 ; S 1  END                                    0.5633   -0.56332
   2.    60   D 1 S 2 ; D 1 - 2 ; D 1 S 2 ; D 1  END                                    0.5633    0.56331
   3.    42   D 1 - 2 ; S 1 D 2 ; D 1 ; D 1 S 2  END                                    0.2430   -0.24297
   4.    40   D 1 - 2 S 4 ; D 1 - 2 ; S 1 ; D 1  END                                    0.2430    0.24296
   5.     2   D 1 - 3 ; D 1 S 2 ; D 1 ; S 1  END                                        0.1559   -0.15594
   6.    32   D 1 - 2 S 3 ; D 1 ; D 1 S 2 ; D 1  END                                    0.1559    0.15594
   7.    30   D 1 - 2 S 3 ; D 1 S 2 - 3 ; S 1 ; D 1  END                                0.0983    0.04239 -0.08869
   8.    58   D 1 S 2 - 3 ; D 1 S 2 ; D 1 ; D 1 S 2  END                                0.0983   -0.05561  0.08105
   9.    39   D 1 - 2 ; D 1 - 2 S 4 ; D 1 ; S 1  END                                    0.0915    0.09146
  10.    84   S 1 D 2 ; D 1 - 2 ; D 1 S 2 ; D 1  END                                    0.0915    0.09145
  11.    55   D 1 S 2 - 3 ; D 1 - 2 S 3 ; D 1 ; S 1  END                                0.0831    0.02052 -0.08052
  12.   370   D 1 S 2 ; D 1 S 2 - 3 ; D 1 S 2 ; D 1  END                                0.0831   -0.05947  0.05803
  13.    90   S 1 - 3 ; D 1 - 2 ; D 1 S 2 ; D 1  END                                    0.0594   -0.02147  0.05535
  14.   239   D 1 - 2 ; D 1 S 2 - 4 ; D 1 ; S 1  END                                    0.0594   -0.03721  0.04627
  15.  1355   D 1 S 2 ; D 1 S 2 - 3 ; D 1 S 2 ; S 1 - 2  END                            0.0586   -0.03006 -0.00906 -0.03099  0.02978
                                                                                                 -0.02448
  16.   328   D 1 S 2 - 3 ; D 1 - 2 S 3 ; S 1 - 2 ; S 1  END                            0.0586    0.03006  0.02115 -0.03676  0.02401
                                                                                                  0.01239
  17.   181   D 1 - 2 S 3 ; D 1 S 2 - 3 ; S 1 ; S 1 - 2  END                            0.0563   -0.04714 -0.00306 -0.02149  0.01918
                                                                                                 -0.01056
  18.   341   D 1 S 2 - 3 ; D 1 S 2 ; S 1 - 2 ; D 1 S 2  END                            0.0563    0.04714  0.00968 -0.02301  0.01767
                                                                                                  0.00393
  19.   245   D 1 - 2 ; D 1 S 2 ; S 1 - 2 ; D 1 S 2  END                                0.0527    0.04154  0.03236
  20.    27   D 1 - 2 S 3 ; D 1 - 2 ; S 1 ; S 1 - 2  END                                0.0527    0.04879  0.01979
  21.   242   D 1 - 2 ; D 1 S 2 ; D 1 ; S 1 D 2  END                                    0.0479   -0.04793
  22.    28   D 1 - 2 S 3 ; D 1 - 2 ; S 2 ; D 1  END                                    0.0479    0.04792
  23.   364   D 1 S 2 ; D 1 - 3 ; S 1 ; D 1  END                                        0.0456    0.04559
  24.   427   D 1 ; D 1 - 2 S 3 ; D 1 ; D 1 S 2  END                                    0.0456   -0.04559
  25.    29   D 1 - 2 S 3 - 4 ; D 1 S 2 ; D 1 ; S 1  END                                0.0442    0.03638  0.02510
  26.    36   D 1 - 2 S 3 ; S 1 - 2 ; D 1 S 2 ; D 1  END                                0.0442    0.03992  0.01895
  27.    79   S 1 D 2 S 3 ; D 1 - 2 S 3 ; D 1 ; S 1  END                                0.0434    0.04335 -0.00283
  28.   371   D 1 S 2 ; D 1 S 2 S 4 ; D 1 S 2 ; D 1  END                                0.0434   -0.01922 -0.03896
  29.   426   D 1 S 4 ; D 1 - 2 ; D 1 S 2 ; D 1  END                                    0.0420    0.04200
  30.   250   D 1 - 2 ; S 1 D 2 - 3 ; D 1 ; S 1  END                                    0.0420   -0.04200
  31.   953   D 1 - 2 ; D 1 - 2 S 3 ; S 1 - 2 ; S 2  END                                0.0385   -0.00292  0.03835
  32.  1342   D 1 S 2 ; D 1 - 2 ; S 1 D 2 ; S 1 - 2  END                                0.0385    0.03175 -0.02171
  33.    57   D 1 S 2 - 4 ; D 1 - 2 ; S 1 ; D 1  END                                    0.0384    0.03841  0.00008
  34.   259   D 1 - 2 ; S 1 - 3 ; D 1 ; D 1 S 2  END                                    0.0384    0.01928  0.03322
  35.  1332   D 1 S 2 ; D 1 - 3 ; D 1 S 2  END                                          0.0381   -0.03815
  36.  1602   D 1 ; D 1 - 2 S 3 ; D 1 - 2 ; S 1  END                                    0.0381    0.03815
  37.   334   D 1 S 2 - 3 ; D 1 S 2 D 3 ; D 1 ; S 1  END                                0.0366    0.02044  0.03035
  38.   421   D 1 S 3 ; D 1 S 2 - 3 ; D 1 S 2 ; D 1  END                                0.0366    0.03650  0.00253
  39.   367   D 1 S 2 ; D 1 - 2 ; S 1 D 2 ; D 1  END                                    0.0364    0.03645
  40.   229   D 1 - 2 ; D 1 - 2 S 3 ; D 1 ; S 2  END                                    0.0364   -0.03644
  41.   967   D 1 - 2 ; D 1 S 2 D 3 ; D 1 ; S 2  END                                    0.0361    0.03613
  42.   418   D 1 S 3 ; D 1 - 2 ; S 1 D 2 ; D 1  END                                    0.0361   -0.03613
  43.    56   D 1 S 2 - 3 ; D 1 - 2 S 4 ; D 1 ; S 1  END                                0.0350    0.01872  0.02954
  44.   535   S 1 D 2 ; D 1 S 2 - 3 ; D 1 S 2 ; D 1  END                                0.0350   -0.03494 -0.00144
  45.   243   D 1 - 2 S 4 ; D 1 S 2 - 3 ; S 1 ; D 1  END                                0.0341    0.02865  0.01850
  46.    59   D 1 S 2 - 3 ; S 1 D 2 ; D 1 ; D 1 S 2  END                                0.0341    0.03035  0.01556
  47.   231   D 1 - 2 S 4 ; D 1 - 2 ; S 1 ; S 1 - 2  END                                0.0331    0.03299 -0.00224
  48.   257   D 1 - 2 ; S 1 D 2 ; S 1 - 2 ; D 1 S 2  END                                0.0331    0.01455  0.02969
  49.   230   D 1 - 2 ; D 1 - 2 S 4 ; D 1 ; S 2  END                                    0.0318    0.03180
  50.   532   S 1 D 2 ; D 1 - 2 ; S 1 D 2 ; D 1  END                                    0.0318    0.03180
  51.    12   D 1 - 3 ; D 1 S 3 ; D 1 ; S 1  END                                        0.0304    0.03042
  52.    49   D 1 S 2 D 3 ; D 1 ; D 1 S 2 ; D 1  END                                    0.0304   -0.03042
  53.   960   D 1 - 2 ; D 1 - 2 S 3 ; D 2 ; S 1  END                                    0.0299    0.02989
  54.  1335   D 1 S 2 ; D 1 - 2 ; D 1 S 2 ; D 2  END                                    0.0299   -0.02989
  55.    34   D 1 - 2 S 3 ; S 1 D 2 S 3 ; S 1 ; D 1  END                                0.0296    0.02913  0.00521
  56.   369   D 1 S 2 S 4 ; D 1 S 2 ; D 1 ; D 1 S 2  END                                0.0296    0.01908  0.02262
  57.  1337   D 1 S 2 S 4 ; D 1 - 2 S 3 ; S 1 - 2 ; S 1  END                            0.0295    0.01951  0.01413 -0.00502  0.01634
                                                                                                  0.00000
  58.  1378   D 1 S 2 ; S 1 D 2 S 3 ; D 1 S 2 ; S 1 - 2  END                            0.0295   -0.01951 -0.00843 -0.01963  0.00173
                                                                                                 -0.00570
  59.   373   D 1 S 2 ; S 1 D 2 S 3 ; D 1 S 2 ; D 1  END                                0.0294    0.02794  0.00902
  60.   360   D 1 S 2 S 4 ; D 1 - 2 S 3 ; D 1 ; S 1  END                                0.0294    0.02178  0.01968
  61.   258   D 1 - 2 S 4 ; S 1 - 2 ; D 1 S 2 ; D 1  END                                0.0288    0.02846 -0.00471
  62.    33   D 1 - 2 S 3 - 4 ; S 1 D 2 ; D 1 ; S 1  END                                0.0288    0.01014  0.02700
  63.  1009   D 1 - 2 S 4 ; S 1 D 2 S 3 ; S 1 ; S 1 - 2  END                            0.0287   -0.02382 -0.00730  0.00252  0.01310
                                                                                                  0.00500
  64.  1382   D 1 S 2 S 4 ; S 1 D 2 ; S 1 - 2 ; D 1 S 2  END                            0.0287    0.02382 -0.00869 -0.00387  0.00671
                                                                                                  0.01098
  65.  1362   D 1 S 2 ; D 1 S 2 - 3 ; S 1 D 2 ; D 1  END                                0.0285    0.00661 -0.02770
  66.   325   D 1 S 2 - 3 ; D 1 - 2 S 3 ; D 1 ; S 2  END                                0.0285   -0.02069  0.01958
  67.    82   S 1 D 2 S 3 ; D 1 S 2 ; D 1 ; D 1 S 2  END                                0.0281    0.01759 -0.02193
  68.    31   D 1 - 2 S 3 ; D 1 S 2 S 4 ; S 1 ; D 1  END                                0.0281    0.01020 -0.02620
  69.   180   D 1 - 2 S 3 - 4 ; D 1 S 2 ; S 1 - 2 ; S 1  END                            0.0277   -0.02130 -0.00993  0.00244  0.01009
                                                                                                  0.01035
  70.   206   D 1 - 2 S 3 ; S 1 - 2 ; D 1 S 2 ; S 1 - 2  END                            0.0277    0.02129 -0.01070  0.00183  0.00947
                                                                                                  0.01029
  71.    66   D 1 S 3 ; D 1 - 2 ; D 1 S 2 ; D 1  END                                    0.0273   -0.02727
  72.   238   D 1 - 2 ; D 1 S 2 D 3 ; D 1 ; S 1  END                                    0.0273    0.02727
  73.   974   D 1 - 2 ; D 1 S 2 D 3 ; S 1 - 2 ; S 1  END                                0.0270   -0.02624 -0.00620
  74.   413   D 1 S 3 ; D 1 - 2 ; D 1 S 2 ; S 1 - 2  END                                0.0270   -0.01849 -0.01962
  75.   204   D 1 - 2 S 3 - 4 ; S 1 - 3 ; D 1 ; S 1  END                                0.0256   -0.00087 -0.00413 -0.00324 -0.01496
                                                                                                 -0.02009
  76.   354   D 1 S 2 - 4 ; S 1 - 2 ; D 1 S 2 ; D 1  END                                0.0256    0.01445  0.01438 -0.00822 -0.01313
                                                                                                  0.00024
  77.    14   D 1 - 3 S 4 ; D 1 ; S 1 ; D 1  END                                        0.0255   -0.02546
  78.    21   D 1 - 3 ; S 1 ; D 1 ; D 1 S 2  END                                        0.0255    0.02546
  79.   961   D 1 - 2 ; D 1 - 2 S 3 ; ; S 1 D 2  END                                    0.0249    0.02493
  80.  1349   D 1 S 2 ; D 1 - 2 ; S 2 ; D 1 - 2  END                                    0.0249   -0.02493
  81.   500   S 1 D 2 S 3 ; D 1 S 2 - 4 ; D 1 ; S 1  END                                0.0248   -0.00131  0.01220  0.01812  0.00566
                                                                                                  0.01021
  82.   587   S 1 - 3 ; D 1 S 2 S 4 ; D 1 S 2 ; D 1  END                                0.0248   -0.00994 -0.01305 -0.01304  0.01319
                                                                                                 -0.00141
  83.  1369   D 1 S 2 ; D 1 D 3 ; D 1 S 2 ; D 1  END                                    0.0245   -0.02453
  84.    61   D 1 D 3 ; D 1 - 2 S 3 ; D 1 ; S 1  END                                    0.0245    0.02453
  85.   355   D 1 S 2 - 3 ; S 1 - 3 ; D 1 ; D 1 S 2  END                                0.0244    0.01015  0.00425  0.01584  0.01484
                                                                                                 -0.00143
  86.   339   D 1 S 2 - 4 ; D 1 S 2 - 3 ; S 1 ; D 1  END                                0.0244   -0.01751 -0.00808 -0.01063 -0.00062
                                                                                                  0.01046
  87.   178   D 1 - 2 S 3 ; D 1 S 2 - 3 ; D 1 S 2  END                                  0.0233   -0.02016 -0.01168
  88.   337   D 1 S 2 - 3 ; D 1 S 2 ; D 1 - 2 ; S 1  END                                0.0233   -0.02020 -0.01162
  89.   527   S 1 D 2 ; D 1 - 2 ; D 1 S 2 ; S 1 - 2  END                                0.0221   -0.00344  0.02179
  90.   233   D 1 - 2 ; D 1 - 2 S 4 ; S 1 - 2 ; S 1  END                                0.0221   -0.01715  0.01388
  91.   592   S 1 - 2 ; D 1 - 2 S 3 ; D 1 ; D 1 S 2  END                                0.0218    0.01953  0.00966
  92.   365   D 1 S 2 ; D 1 - 2 S 3 - 4 ; S 1 ; D 1  END                                0.0218   -0.01813 -0.01209
  93.  1379   D 1 S 2 ; S 1 D 2 S 4 ; D 1 S 2 ; S 1 - 2  END                            0.0209    0.01648  0.00325  0.01208  0.00301
                                                                                                 -0.00053
  94.  1896   S 1 D 2 S 4 ; D 1 - 2 S 3 ; S 1 - 2 ; S 1  END                            0.0209    0.01648  0.00694  0.00088  0.00994
                                                                                                 -0.00423
  95.  1014   D 1 - 2 ; S 1 D 2 ; S 1 - 2 ; S 1 D 2  END                                0.0209    0.01844  0.00981
  96.   957   D 1 - 2 S 4 ; D 1 - 2 ; S 2 ; S 1 - 2  END                                0.0209    0.01772  0.01106
  97.   991   D 1 - 2 ; D 1 S 3 ; D 1 ; S 1 D 2  END                                    0.0208    0.02080
  98.    45   D 1 S 2 D 3 ; D 1 - 2 ; S 2 ; D 1  END                                    0.0208   -0.02080
  99.   183   D 1 - 2 S 3 - 4 ; D 1 S 2 ; ; D 1 S 2  END                                0.0205   -0.01071 -0.01747
 100.   212   D 1 - 2 S 3 ; S 1 - 2 ; S 1 ; D 1 - 2  END                                0.0205   -0.02049 -0.00054




 POSITION OF FIRST SPIN COUPLING FOR TEN MOST IMPORTANT CONFIGURATIONS
      51     86     55     53      2     41     37     82     52    123



 ELAPSED TIME =       9.11 CPU SECONDS. (      9.11 WALL CLOCK SECONDS)
